,number,values_0,values_1,datetime_start,datetime_complete,duration,params_core_inner_diameter,params_material,params_n_p_bot,params_n_p_top,params_primary_litz_wire,params_secondary_litz_wire,params_window_h_bot,user_attrs_air_gap_bot,user_attrs_air_gap_top,user_attrs_flux_bot_max,user_attrs_flux_density_bot_max,user_attrs_flux_density_mid_max,user_attrs_flux_density_top_max,user_attrs_flux_mid_max,user_attrs_flux_top_max,user_attrs_n_s_bot,user_attrs_p_hyst,user_attrs_primary_litz_wire_loss,user_attrs_secondary_litz_wire_loss,user_attrs_window_h_top,user_attrs_window_w,system_attrs_nsga2:generation,state
3731,3731,,,2024-08-29 06:11:55.151402,2024-08-29 06:11:55.162486,0 days 00:00:00.011084,0.01435,N95,11,23,1.1x60x0.1,1.1x60x0.1,0.017154316396086017,,,,,,,,,,,,,,,16,FAIL
3732,3732,,,2024-08-29 06:11:55.164482,2024-08-29 06:11:55.174579,0 days 00:00:00.010097,0.01435,N95,23,16,1.1x60x0.1,1.1x60x0.1,0.01139650613205572,,,,,,,,,,,,,,,16,FAIL
3733,3733,,,2024-08-29 06:11:55.175576,2024-08-29 06:11:55.184660,0 days 00:00:00.009084,0.01435,N95,34,14,1.1x60x0.1,1.1x60x0.1,0.0069533985698883635,,,,,,,,,,,,,,,16,FAIL
3734,3734,,,2024-08-29 06:11:55.185657,2024-08-29 06:11:55.197733,0 days 00:00:00.012076,0.01435,N95,22,1,1.1x60x0.1,1.1x60x0.1,0.021313162398496358,,,,,,,,,,,,,,,16,FAIL
3735,3735,,,2024-08-29 06:11:55.198731,2024-08-29 06:11:55.207823,0 days 00:00:00.009092,0.01435,N95,31,20,1.1x60x0.1,1.1x60x0.1,0.006500140767435316,,,,,,,,,,,,,,,16,FAIL
3736,3736,3.198188814720076e-05,119.6924804053731,2024-08-29 06:11:55.208821,2024-08-29 06:11:55.407307,0 days 00:00:00.198486,0.01435,N95,23,14,1.1x60x0.1,1.1x60x0.1,0.014145768776539003,0.00018988780585594547,0.0004732077210331388,3.7605450211454966e-05,0.2325182838533611,0.2655401100855161,0.3472811583066086,4.29461082521266e-05,5.616618225305554e-05,5.0,115.84747515155156,1.2009615849403619,2.644043668881184,0.0082,0.008825,16,COMPLETE
3737,3737,,,2024-08-29 06:11:55.410299,2024-08-29 06:11:55.419330,0 days 00:00:00.009031,0.01435,N95,34,21,1.1x60x0.1,1.4x200x0.071,0.01591536434920212,,,,,,,,,,,,,,,16,FAIL
3738,3738,,,2024-08-29 06:11:55.421324,2024-08-29 06:11:55.430300,0 days 00:00:00.008976,0.01435,N95,23,16,1.1x60x0.1,1.1x60x0.1,0.010463517272520373,,,,,,,,,,,,,,,16,FAIL
3739,3739,,,2024-08-29 06:11:55.431298,2024-08-29 06:11:55.440274,0 days 00:00:00.008976,0.01435,N95,27,16,1.1x60x0.1,1.1x60x0.1,0.006489070981423203,,,,,,,,,,,,,,,16,FAIL
3740,3740,,,2024-08-29 06:11:55.442268,2024-08-29 06:11:55.454237,0 days 00:00:00.011969,0.01435,N95,26,12,1.1x60x0.1,1.1x60x0.1,0.011035953197963883,,,,,,,,,,,,,,,16,FAIL
3741,3741,,,2024-08-29 06:11:55.455236,2024-08-29 06:11:55.462215,0 days 00:00:00.006979,0.01435,N95,31,16,1.4x200x0.071,1.1x60x0.1,0.013487610221832804,,,,,,,,,,,,,,,16,FAIL
3742,3742,3.58125099492001e-05,92.02229509308533,2024-08-29 06:11:55.464214,2024-08-29 06:11:55.660684,0 days 00:00:00.196470,0.01435,N95,34,14,1.1x60x0.1,1.1x60x0.1,0.01811130250669698,0.0003948654920780107,0.0004147251241267217,2.412419716454984e-05,0.14916233930188658,0.20960006667169415,0.3472811583066086,3.389886051503342e-05,5.616618225305554e-05,8.0,86.23382100457442,1.5580042183010103,4.2304698702098955,0.0082,0.008825,16,COMPLETE
3743,3743,3.749062007338946e-05,68.28292517843298,2024-08-29 06:11:55.661681,2024-08-29 06:11:55.880097,0 days 00:00:00.218416,0.01435,N95,39,16,1.1x60x0.1,1.1x60x0.1,0.019848514542852372,0.0005541012793713626,0.000615742861463619,2.144811601917549e-05,0.13261586021771274,0.1956243320200095,0.30387101351828255,3.163854883157079e-05,4.91454094714236e-05,9.0,61.7384334076436,1.7852131668032407,4.759278603986133,0.0082,0.008825,16,COMPLETE
3744,3744,3.992989135738921e-05,79.43122508504469,2024-08-29 06:11:55.882092,2024-08-29 06:11:56.091531,0 days 00:00:00.209439,0.01435,N95,34,17,1.1x60x0.1,1.1x60x0.1,0.021073695323857188,0.00039704430988305735,0.0006881721063256466,2.412419716454984e-05,0.14916233930188658,0.17329138204744968,0.2859962480172071,2.8026615075868105e-05,4.625450303192809e-05,8.0,73.54537573288997,1.655379481944823,4.2304698702098955,0.009500000000000001,0.008825,16,COMPLETE
3745,3745,,,2024-08-29 06:11:56.092529,2024-08-29 06:11:56.099560,0 days 00:00:00.007031,0.01435,N95,10,16,1.1x60x0.1,1.1x60x0.1,0.009585078550478437,,,,,,,,,,,,,,,16,FAIL
3746,3746,,,2024-08-29 06:11:56.099560,2024-08-29 06:11:56.105599,0 days 00:00:00.006039,0.01435,N95,34,21,1.1x60x0.1,1.1x60x0.1,0.016155671793944292,,,,,,,,,,,,,,,16,FAIL
3747,3747,,,2024-08-29 06:11:56.105599,2024-08-29 06:11:56.110650,0 days 00:00:00.005051,0.01435,N95,39,16,1.1x60x0.1,1.1x60x0.1,0.008104995200425623,,,,,,,,,,,,,,,16,FAIL
3748,3748,,,2024-08-29 06:11:56.111648,2024-08-29 06:11:56.116697,0 days 00:00:00.005049,0.01435,N95,31,15,1.1x60x0.1,1.1x60x0.1,0.008819509358338525,,,,,,,,,,,,,,,16,FAIL
3749,3749,,,2024-08-29 06:11:56.117695,2024-08-29 06:11:56.125784,0 days 00:00:00.008089,0.01435,N95,34,23,1.1x60x0.1,1.1x60x0.1,0.007848081101195033,,,,,,,,,,,,,,,16,FAIL
3750,3750,,,2024-08-29 06:11:56.127780,2024-08-29 06:11:56.134816,0 days 00:00:00.007036,0.012,N95,14,15,1.1x60x0.1,1.1x60x0.1,0.005113186212522314,,,,,,,,,,,,,,,16,FAIL
3751,3751,,,2024-08-29 06:11:56.135813,2024-08-29 06:11:56.144900,0 days 00:00:00.009087,0.01435,N95,26,16,1.1x60x0.1,1.1x60x0.1,0.007869709574032284,,,,,,,,,,,,,,,16,FAIL
3752,3752,3.7456969762850516e-05,161.67287865171951,2024-08-29 06:11:56.146895,2024-08-29 06:11:56.335278,0 days 00:00:00.188383,0.01435,N95,23,12,1.1x60x0.1,1.1x60x0.1,0.021113679090967563,0.00017811540546971543,0.00032911264543173427,3.7605450211454966e-05,0.2325182838533611,0.2934226347842534,0.40516135135771003,4.745558112863077e-05,6.552721262856479e-05,5.0,157.89279024032717,1.1360447425111533,2.644043668881184,0.006900000000000001,0.008825,16,COMPLETE
3753,3753,3.683902312730988e-05,174.470607593091,2024-08-29 06:11:56.337342,2024-08-29 06:11:56.560745,0 days 00:00:00.223403,0.01435,N95,18,21,1.1x60x0.1,1.1x60x0.1,0.016573968789784857,0.00012339243565447249,0.0013418720270640101,4.7697476639721074e-05,0.2949182990774419,0.31398315818524236,0.23152077220440578,5.078085829076981e-05,3.744412150203703e-05,4.0,171.08949423061648,1.2658784273695707,2.1152349351049478,0.0108,0.008825,16,COMPLETE
3754,3754,,,2024-08-29 06:11:56.562740,2024-08-29 06:11:56.575706,0 days 00:00:00.012966,0.01435,N95,8,5,1.1x60x0.1,1.1x60x0.1,0.01634321745990852,,,,,,,,,,,,,,,16,FAIL
3755,3755,,,2024-08-29 06:11:56.577700,2024-08-29 06:11:56.582687,0 days 00:00:00.004987,0.01435,N95,22,16,1.1x60x0.1,1.4x200x0.071,0.011391937472403454,,,,,,,,,,,,,,,16,FAIL
3756,3756,,,2024-08-29 06:11:56.584682,2024-08-29 06:11:56.594655,0 days 00:00:00.009973,0.01435,N95,23,23,1.1x60x0.1,1.1x60x0.1,0.009822336426066095,,,,,,,,,,,,,,,16,FAIL
3757,3757,,,2024-08-29 06:11:56.595653,2024-08-29 06:11:56.605626,0 days 00:00:00.009973,0.01435,N95,10,15,1.1x60x0.1,1.1x60x0.1,0.017615623339267396,,,,,,,,,,,,,,,16,FAIL
3758,3758,3.7812878332138185e-05,63.7510253913258,2024-08-29 06:11:56.608617,2024-08-29 06:11:56.813070,0 days 00:00:00.204453,0.01435,N95,34,23,1.1x60x0.1,1.1x60x0.1,0.017582122521124482,0.00040263081995867616,0.0016709731681355863,2.412419716454984e-05,0.14916233930188658,0.16576477254089456,0.2113885311431531,2.680932783991756e-05,3.418811093664251e-05,8.0,57.67042551188345,1.8501300092324493,4.2304698702098955,0.0108,0.008825,16,COMPLETE
3759,3759,,,2024-08-29 06:11:56.814068,2024-08-29 06:11:56.825854,0 days 00:00:00.011786,0.01435,N95,18,15,1.4x200x0.071,1.1x60x0.1,0.01456554604406344,,,,,,,,,,,,,,,16,FAIL
3760,3760,4.321659210506906e-05,117.6576160970018,2024-08-29 06:11:56.827849,2024-08-29 06:11:57.036199,0 days 00:00:00.208350,0.01435,N95,23,23,1.1x60x0.1,1.1x60x0.1,0.023176151465326755,0.000219316560791703,0.0018519608078286175,3.7605450211454966e-05,0.2325182838533611,0.25183092848429073,0.2113885311431531,4.072890650093097e-05,3.418811093664251e-05,5.0,113.52048505224883,1.4930873758718013,2.644043668881184,0.0108,0.008825,16,COMPLETE
3761,3761,,,2024-08-29 06:11:57.037197,2024-08-29 06:11:57.044268,0 days 00:00:00.007071,0.01435,N95,34,23,1.1x60x0.1,1.1x60x0.1,0.0167834761589351,,,,,,,,,,,,,,,16,FAIL
3762,3762,3.9788871513107855e-05,69.06588694832855,2024-08-29 06:11:57.045265,2024-08-29 06:11:57.263680,0 days 00:00:00.218415,0.01435,N95,34,21,1.1x60x0.1,1.1x60x0.1,0.01962770885533465,0.00040074582274293675,0.0012699694300996826,2.412419716454984e-05,0.14916233930188658,0.16779576240774277,0.23152077220440578,2.7137802173428026e-05,3.744412150203703e-05,8.0,63.050203911315414,1.7852131668032407,4.2304698702098955,0.0108,0.008825,16,COMPLETE
3763,3763,,,2024-08-29 06:11:57.265676,2024-08-29 06:11:57.274651,0 days 00:00:00.008975,0.01435,N95,23,16,1.4x200x0.071,1.1x60x0.1,0.01803929666675633,,,,,,,,,,,,,,,16,FAIL
3764,3764,,,2024-08-29 06:11:57.276646,2024-08-29 06:11:57.289612,0 days 00:00:00.012966,0.01435,N95,7,16,1.1x60x0.1,1.1x60x0.1,0.01673373331315573,,,,,,,,,,,,,,,16,FAIL
3765,3765,,,2024-08-29 06:11:57.291607,2024-08-29 06:11:57.301580,0 days 00:00:00.009973,0.01435,N95,31,20,1.1x60x0.1,1.1x60x0.1,0.007632446543047873,,,,,,,,,,,,,,,16,FAIL
3766,3766,4.034522145996629e-05,234.86384306201782,2024-08-29 06:11:57.303575,2024-08-29 06:11:57.518001,0 days 00:00:00.214426,0.01435,N95,23,10,1.4x200x0.071,1.1x60x0.1,0.021603653073813026,0.00017020909122560403,0.000221499513581512,3.7605450211454966e-05,0.2325182838533611,0.3743518533782035,0.48619362162925206,6.054435698767706e-05,7.863265515427775e-05,5.0,231.614851205937,0.6049481871996533,2.644043668881184,0.0094,0.008825,16,COMPLETE
3767,3767,,,2024-08-29 06:11:57.519995,2024-08-29 06:11:57.532063,0 days 00:00:00.012068,0.01435,N95,23,1,1.1x60x0.1,1.1x60x0.1,0.018958250314809633,,,,,,,,,,,,,,,16,FAIL
3768,3768,,,2024-08-29 06:11:57.533060,2024-08-29 06:11:57.541098,0 days 00:00:00.008038,0.0149,N95,4,23,1.1x60x0.1,1.1x60x0.1,0.006558426236915628,,,,,,,,,,,,,,,16,FAIL
3769,3769,3.188859203680052e-05,106.45144860937718,2024-08-29 06:11:57.542094,2024-08-29 06:11:57.749597,0 days 00:00:00.207503,0.01435,N95,23,16,1.1x60x0.1,1.1x60x0.1,0.014049186839765294,0.00019752482241027852,0.0006533138571469244,3.7605450211454966e-05,0.2325182838533611,0.26116078818512467,0.30387101351828255,4.223783547049466e-05,4.91454094714236e-05,5.0,102.54152651312643,1.2658784273695707,2.644043668881184,0.0082,0.008825,16,COMPLETE
3770,3770,4.082158166744891e-05,157.19368622907845,2024-08-29 06:11:57.752589,2024-08-29 06:11:57.966091,0 days 00:00:00.213502,0.01435,N95,22,16,1.1x60x0.1,1.1x60x0.1,0.023296790367996284,0.000155889051682232,0.0006064714471951399,3.850162050919795e-05,0.23805939500878825,0.2635712763586992,0.30387101351828255,4.2627686502828214e-05,4.91454094714236e-05,5.0,153.3162225540423,1.2334200061549663,2.644043668881184,0.0082,0.008825,16,COMPLETE
3771,3771,,,2024-08-29 06:11:57.968082,2024-08-29 06:11:57.981046,0 days 00:00:00.012964,0.01435,N95,34,3,1.1x60x0.1,1.1x60x0.1,0.0181702744172075,,,,,,,,,,,,,,,16,FAIL
3772,3772,,,2024-08-29 06:11:57.983040,2024-08-29 06:11:57.989025,0 days 00:00:00.005985,0.01435,N95,22,8,1.1x60x0.1,1.1x60x0.1,0.0074773240960542536,,,,,,,,,,,,,,,16,FAIL
3773,3773,,,2024-08-29 06:11:57.990022,2024-08-29 06:11:57.996006,0 days 00:00:00.005984,0.01435,N95,34,17,1.4x200x0.071,1.1x60x0.1,0.017210917828931672,,,,,,,,,,,,,,,16,FAIL
3774,3774,,,2024-08-29 06:11:57.996006,2024-08-29 06:11:58.003984,0 days 00:00:00.007978,0.012,N95,27,18,1.1x60x0.1,1.4x200x0.071,0.008767204926317947,,,,,,,,,,,,,,,16,FAIL
3775,3775,2.7649921567776615e-05,284.1335959795717,2024-08-29 06:11:58.005978,2024-08-29 06:11:58.225391,0 days 00:00:00.219413,0.01435,N95,18,9,1.1x60x0.1,1.1x60x0.1,0.010961233242475728,0.00010118772523133193,0.0001618301905096399,4.7697476639721074e-05,0.2949182990774419,0.3617724959216375,0.5402151351436133,5.8509882998425874e-05,8.736961683808638e-05,4.0,281.14198367167245,0.8763773727943182,2.1152349351049478,0.006900000000000001,0.008825,16,COMPLETE
3776,3776,,,2024-08-29 06:11:58.228384,2024-08-29 06:11:58.235431,0 days 00:00:00.007047,0.01435,N95,18,16,1.1x60x0.1,1.1x60x0.1,0.008940940579609835,,,,,,,,,,,,,,,16,FAIL
3777,3777,,,2024-08-29 06:11:58.237427,2024-08-29 06:11:58.242471,0 days 00:00:00.005044,0.01435,N95,23,16,1.4x200x0.071,1.1x60x0.1,0.013544117678620234,,,,,,,,,,,,,,,16,FAIL
3778,3778,,,2024-08-29 06:11:58.243471,2024-08-29 06:11:58.256475,0 days 00:00:00.013004,0.01435,N95,28,12,1.1x60x0.1,1.1x60x0.1,0.022577687632133303,,,,,,,,,,,,,,,16,FAIL
3779,3779,,,2024-08-29 06:11:58.257526,2024-08-29 06:11:58.269561,0 days 00:00:00.012035,0.0149,N95,13,16,1.1x60x0.1,1.1x60x0.1,0.009517487600043971,,,,,,,,,,,,,,,16,FAIL
3780,3780,,,2024-08-29 06:11:58.270559,2024-08-29 06:11:58.282572,0 days 00:00:00.012013,0.01435,N95,24,20,1.1x60x0.1,1.1x60x0.1,0.019927894264318007,,,,,,,,,,,,,,,16,FAIL
3781,3781,,,2024-08-29 06:11:58.284567,2024-08-29 06:11:58.295584,0 days 00:00:00.011017,0.01435,N95,23,16,1.1x60x0.1,1.4x200x0.071,0.011878547634677942,,,,,,,,,,,,,,,16,FAIL
3782,3782,,,2024-08-29 06:11:58.296581,2024-08-29 06:11:58.305687,0 days 00:00:00.009106,0.012,N95,18,15,1.1x60x0.1,1.1x60x0.1,0.011597866549286037,,,,,,,,,,,,,,,16,FAIL
3783,3783,4.457185115967012e-05,210.30340724278082,2024-08-29 06:11:58.307634,2024-08-29 06:11:58.499481,0 days 00:00:00.191847,0.01435,N95,18,23,1.1x60x0.1,1.1x60x0.1,0.02457914183397069,0.00012232113690339815,0.0017604151359143986,4.7697476639721074e-05,0.2949182990774419,0.31204497883548,0.2113885311431531,5.046739430922621e-05,3.418811093664251e-05,4.0,206.8573770378771,1.3307952697987795,2.1152349351049478,0.0108,0.008825,16,COMPLETE
3784,3784,,,2024-08-29 06:11:58.502475,2024-08-29 06:11:58.515495,0 days 00:00:00.013020,0.01435,N95,6,4,1.4x200x0.071,1.1x60x0.1,0.011179425286317091,,,,,,,,,,,,,,,16,FAIL
3785,3785,,,2024-08-29 06:11:58.516493,2024-08-29 06:11:58.524470,0 days 00:00:00.007977,0.012,N95,14,16,1.4x200x0.071,1.4x200x0.071,0.007234740818879999,,,,,,,,,,,,,,,16,FAIL
3786,3786,,,2024-08-29 06:11:58.526467,2024-08-29 06:11:58.536438,0 days 00:00:00.009971,0.01435,N95,34,16,1.1x60x0.1,1.1x60x0.1,0.015342988246811453,,,,,,,,,,,,,,,16,FAIL
3787,3787,4.0925476132017146e-05,71.92771266742494,2024-08-29 06:11:58.538433,2024-08-29 06:11:58.743884,0 days 00:00:00.205451,0.01435,N95,39,16,1.1x60x0.1,1.1x60x0.1,0.02340434392585653,0.00055545077214398,0.000615742861463619,2.144811601917549e-05,0.13261586021771274,0.1956243320200095,0.30387101351828255,3.163854883157079e-05,4.91454094714236e-05,9.0,65.38322089663556,1.7852131668032407,4.759278603986133,0.0082,0.008825,16,COMPLETE
3788,3788,3.0355584586092e-05,163.46643776149318,2024-08-29 06:11:58.744881,2024-08-29 06:11:58.977259,0 days 00:00:00.232378,0.01435,N95,18,16,1.1x60x0.1,1.1x60x0.1,0.012462187895835308,0.00011522795147961814,0.0006157428614636193,4.7697476639721074e-05,0.2949182990774419,0.32112243970180376,0.30387101351828255,5.193550252419244e-05,4.91454094714236e-05,4.0,160.24761650509168,1.1035863212965487,2.1152349351049478,0.0082,0.008825,16,COMPLETE
3789,3789,,,2024-08-29 06:11:58.979254,2024-08-29 06:11:58.989226,0 days 00:00:00.009972,0.0149,N95,34,15,1.4x200x0.071,1.1x60x0.1,0.00585144043924099,,,,,,,,,,,,,,,16,FAIL
3790,3790,4.1125438346270886e-05,136.4862216068384,2024-08-29 06:11:58.991223,2024-08-29 06:11:59.198384,0 days 00:00:00.207161,0.01435,N95,23,15,1.1x60x0.1,1.1x60x0.1,0.023611348675050617,0.0001879697786835035,0.000558029934821185,3.7605450211454966e-05,0.2325182838533611,0.26320447173864064,0.3241290810861681,4.2568362768589565e-05,5.242177010285185e-05,5.0,132.60875793180224,1.2334200061549663,2.644043668881184,0.0082,0.008825,16,COMPLETE
3791,3791,,,2024-08-29 06:11:59.200448,2024-08-29 06:11:59.209484,0 days 00:00:00.009036,0.01345,N95,27,16,1.4x200x0.071,1.1x60x0.1,0.008385566888933948,,,,,,,,,,,,,,,16,FAIL
3792,3792,,,2024-08-29 06:11:59.210480,2024-08-29 06:11:59.218527,0 days 00:00:00.008047,0.01435,N95,30,4,1.1x60x0.1,1.1x60x0.1,0.007896443206684176,,,,,,,,,,,,,,,16,FAIL
3793,3793,,,2024-08-29 06:11:59.220519,2024-08-29 06:11:59.231490,0 days 00:00:00.010971,0.01435,N95,34,23,1.1x60x0.1,1.1x60x0.1,0.010419799313250551,,,,,,,,,,,,,,,16,FAIL
3794,3794,4.261033289385964e-05,145.81665782004663,2024-08-29 06:11:59.232487,2024-08-29 06:11:59.449907,0 days 00:00:00.217420,0.01435,N95,22,21,1.1x60x0.1,1.1x60x0.1,0.022548540211713805,0.0001658051729506789,0.0013237214281748805,3.850162050919795e-05,0.23805939500878825,0.25633570067416306,0.23152077220440578,4.145746850256275e-05,3.744412150203703e-05,5.0,141.77690203893746,1.395712112227988,2.644043668881184,0.0108,0.008825,16,COMPLETE
3795,3795,,,2024-08-29 06:11:59.452900,2024-08-29 06:11:59.465866,0 days 00:00:00.012966,0.01435,N95,23,16,1.1x60x0.1,1.1x60x0.1,0.009580740943311182,,,,,,,,,,,,,,,16,FAIL
3796,3796,,,2024-08-29 06:11:59.466863,2024-08-29 06:11:59.471848,0 days 00:00:00.004985,0.012,N95,23,16,1.1x60x0.1,1.1x60x0.1,0.007618494492030453,,,,,,,,,,,,,,,16,FAIL
3797,3797,,,2024-08-29 06:11:59.472846,2024-08-29 06:11:59.477833,0 days 00:00:00.004987,0.01435,N95,27,10,1.1x60x0.1,1.1x60x0.1,0.01106047283877918,,,,,,,,,,,,,,,16,FAIL
3798,3798,,,2024-08-29 06:11:59.479827,2024-08-29 06:11:59.487805,0 days 00:00:00.007978,0.01435,N95,22,16,1.1x60x0.1,1.1x60x0.1,0.011887819618490492,,,,,,,,,,,,,,,16,FAIL
3799,3799,4.00632571055916e-05,120.19101497967657,2024-08-29 06:11:59.488803,2024-08-29 06:11:59.674307,0 days 00:00:00.185504,0.01435,N95,26,16,1.1x60x0.1,1.1x60x0.1,0.022511758124175482,0.00021912559081689497,0.0005972485394463697,3.217217402876327e-05,0.19892379032656934,0.2244089543769162,0.30387101351828255,3.629391900272192e-05,4.91454094714236e-05,6.0,115.65490888600576,1.363253691013384,3.172852402657422,0.0082,0.008825,16,COMPLETE
3800,3800,,,2024-08-29 06:11:59.675304,2024-08-29 06:11:59.680290,0 days 00:00:00.004986,0.01435,N95,22,8,1.1x60x0.1,1.1x60x0.1,0.009763640765736934,,,,,,,,,,,,,,,16,FAIL
3801,3801,,,2024-08-29 06:11:59.681288,2024-08-29 06:11:59.691262,0 days 00:00:00.009974,0.01435,N95,26,18,1.1x60x0.1,1.4x200x0.071,0.017150326476864368,,,,,,,,,,,,,,,16,FAIL
3802,3802,3.274711763285193e-05,335.2012962542148,2024-08-29 06:11:59.692259,2024-08-29 06:11:59.890728,0 days 00:00:00.198469,0.01435,N95,22,8,1.1x60x0.1,1.1x60x0.1,0.017537949130934025,0.00014480259930529967,0.00012280677585696146,3.850162050919795e-05,0.23805939500878825,0.4335217088896713,0.6077420270365651,7.011396596027193e-05,9.82908189428472e-05,5.0,331.5834999488955,0.9737526364381314,2.644043668881184,0.005600000000000001,0.008825,16,COMPLETE
3803,3803,,,2024-08-29 06:11:59.892722,2024-08-29 06:11:59.896711,0 days 00:00:00.003989,0.012,N95,23,20,1.4x200x0.071,1.1x60x0.1,0.007710955368207047,,,,,,,,,,,,,,,16,FAIL
3804,3804,,,2024-08-29 06:11:59.897709,2024-08-29 06:11:59.903693,0 days 00:00:00.005984,0.012,N95,22,16,1.1x60x0.1,1.1x60x0.1,0.007870029101333414,,,,,,,,,,,,,,,16,FAIL
3805,3805,,,2024-08-29 06:11:59.904690,2024-08-29 06:11:59.909677,0 days 00:00:00.004987,0.01435,N95,23,23,1.1x60x0.1,1.1x60x0.1,0.011222394856002231,,,,,,,,,,,,,,,16,FAIL
3806,3806,,,2024-08-29 06:11:59.910675,2024-08-29 06:11:59.919651,0 days 00:00:00.008976,0.01435,N95,32,20,1.1x60x0.1,1.1x60x0.1,0.01473664813904439,,,,,,,,,,,,,,,16,FAIL
3807,3807,3.977848003844535e-05,83.89976479180872,2024-08-29 06:11:59.920648,2024-08-29 06:12:00.128093,0 days 00:00:00.207445,0.01435,N95,34,16,1.1x60x0.1,1.1x60x0.1,0.0222169513999109,0.00039592941751756246,0.0005789481717213678,2.412419716454984e-05,0.14916233930188658,0.1750946322417285,0.30387101351828255,2.8318256809481255e-05,4.91454094714236e-05,8.0,78.0463738608686,1.622921060730219,4.2304698702098955,0.0082,0.008825,16,COMPLETE
3808,3808,3.914799489427411e-05,117.04759011169358,2024-08-29 06:12:00.129090,2024-08-29 06:12:00.364460,0 days 00:00:00.235370,0.01435,N95,23,18,1.1x60x0.1,1.1x60x0.1,0.020264260992241413,0.00020163693226063118,0.0008998346701759908,3.7605450211454966e-05,0.2325182838533611,0.25775464892926464,0.27010756757180665,4.168695664033649e-05,4.368480841904319e-05,5.0,113.07275117301361,1.3307952697987795,2.644043668881184,0.009500000000000001,0.008825,16,COMPLETE
3809,3809,,,2024-08-29 06:12:00.367454,2024-08-29 06:12:00.376428,0 days 00:00:00.008974,0.01435,N95,23,24,1.1x60x0.1,1.1x60x0.1,0.008604900388896556,,,,,,,,,,,,,,,16,FAIL
3810,3810,,,2024-08-29 06:12:00.377428,2024-08-29 06:12:00.386402,0 days 00:00:00.008974,0.0149,N95,34,14,1.1x60x0.1,1.1x60x0.1,0.007793050665709259,,,,,,,,,,,,,,,16,FAIL
3811,3811,,,2024-08-29 06:12:00.388396,2024-08-29 06:12:00.398370,0 days 00:00:00.009974,0.01435,N95,39,21,1.1x60x0.1,1.1x60x0.1,0.01854827768692814,,,,,,,,,,,,,,,16,FAIL
3812,3812,,,2024-08-29 06:12:00.400366,2024-08-29 06:12:00.411336,0 days 00:00:00.010970,0.01435,N95,23,22,1.1x60x0.1,1.1x60x0.1,0.00941072942299839,,,,,,,,,,,,,,,16,FAIL
3813,3813,,,2024-08-29 06:12:00.413330,2024-08-29 06:12:00.421308,0 days 00:00:00.007978,0.01435,N95,18,23,1.4x200x0.071,1.1x60x0.1,0.01147555258209328,,,,,,,,,,,,,,,16,FAIL
3814,3814,4.094869497359068e-05,160.36802920110355,2024-08-29 06:12:00.422306,2024-08-29 06:12:00.621771,0 days 00:00:00.199465,0.01435,N95,26,12,1.4x200x0.071,1.4x200x0.071,0.022228380519442197,0.00021304158354094934,0.00029837903382599424,3.217217402876327e-05,0.19892379032656934,0.24285573640879518,0.40516135135771003,3.927733833545221e-05,6.552721262856479e-05,6.0,157.87946877259174,0.6966070034420251,1.7919534250698081,0.0094,0.008825,16,COMPLETE
3815,3815,,,2024-08-29 06:12:00.623766,2024-08-29 06:12:00.636732,0 days 00:00:00.012966,0.012,N95,26,15,1.1x60x0.1,1.1x60x0.1,0.00869058802739546,,,,,,,,,,,,,,,17,FAIL
