,number,values_0,values_1,datetime_start,datetime_complete,duration,params_core_inner_diameter,params_material,params_n_p_bot,params_n_p_top,params_primary_litz_wire,params_secondary_litz_wire,params_window_h_bot,user_attrs_air_gap_bot,user_attrs_air_gap_top,user_attrs_flux_bot_max,user_attrs_flux_density_bot_max,user_attrs_flux_density_mid_max,user_attrs_flux_density_top_max,user_attrs_flux_mid_max,user_attrs_flux_top_max,user_attrs_n_s_bot,user_attrs_p_hyst,user_attrs_primary_litz_wire_loss,user_attrs_secondary_litz_wire_loss,user_attrs_window_h_top,user_attrs_window_w,system_attrs_nsga2:generation,state
2029,2029,,,2024-08-29 06:09:18.048886,2024-08-29 06:09:18.052876,0 days 00:00:00.003990,0.01435,N95,34,23,1.1x60x0.1,1.1x60x0.1,0.006775693382847514,,,,,,,,,,,,,,,4,FAIL
2030,2030,,,2024-08-29 06:09:18.053873,2024-08-29 06:09:18.058860,0 days 00:00:00.004987,0.0149,N95,34,23,1.1x60x0.1,1.4x200x0.071,0.015255603862715572,,,,,,,,,,,,,,,4,FAIL
2031,2031,,,2024-08-29 06:09:18.059857,2024-08-29 06:09:18.064845,0 days 00:00:00.004988,0.01435,N95,26,15,1.1x60x0.1,1.4x200x0.071,0.015441301389897312,,,,,,,,,,,,,,,4,FAIL
2032,2032,,,2024-08-29 06:09:18.064845,2024-08-29 06:09:18.069831,0 days 00:00:00.004986,0.0149,N95,37,15,1.1x60x0.1,1.1x60x0.1,0.00842474757951299,,,,,,,,,,,,,,,4,FAIL
2033,2033,,,2024-08-29 06:09:18.070828,2024-08-29 06:09:18.075815,0 days 00:00:00.004987,0.01435,N95,26,22,1.1x60x0.1,1.1x60x0.1,0.010278517970019774,,,,,,,,,,,,,,,4,FAIL
2034,2034,,,2024-08-29 06:09:18.076815,2024-08-29 06:09:18.081799,0 days 00:00:00.004984,0.01435,N95,26,7,1.4x200x0.071,1.1x60x0.1,0.00860902152308634,,,,,,,,,,,,,,,4,FAIL
2035,2035,,,2024-08-29 06:09:18.082797,2024-08-29 06:09:18.086786,0 days 00:00:00.003989,0.0149,N95,26,15,1.1x60x0.1,1.1x60x0.1,0.009842485921612734,,,,,,,,,,,,,,,4,FAIL
2036,2036,3.577762808067734e-05,151.76487692590288,2024-08-29 06:09:18.087783,2024-08-29 06:09:18.312183,0 days 00:00:00.224400,0.01435,N95,22,14,1.1x60x0.1,1.1x60x0.1,0.01807519212218297,0.0001555925719812496,0.00043638113828580903,3.850162050919795e-05,0.23805939500878825,0.2679505982590907,0.3472811583066086,4.333595928446015e-05,5.616618225305554e-05,5.0,147.95233009329596,1.168503163725758,2.644043668881184,0.0082,0.008825,4,COMPLETE
2037,2037,3.750367574520206e-05,109.37961419997264,2024-08-29 06:09:18.313181,2024-08-29 06:09:18.542823,0 days 00:00:00.229642,0.0149,N95,22,23,1.1x60x0.1,1.1x60x0.1,0.010638113073906653,0.00019125969204349995,0.0017287472478347405,3.850162050919795e-05,0.2208089084667231,0.23596312591740876,0.19607069413236314,4.114400452101916e-05,3.418811093664251e-05,5.0,104.67516278501778,1.67405749073787,3.030393924216993,0.0082,0.01105,4,COMPLETE
2038,2038,,,2024-08-29 06:09:18.544818,2024-08-29 06:09:18.552863,0 days 00:00:00.008045,0.0149,N95,34,23,1.1x60x0.1,1.1x60x0.1,0.007799095754518826,,,,,,,,,,,,,,,4,FAIL
2039,2039,3.941176750279758e-05,67.65287820726444,2024-08-29 06:09:18.553860,2024-08-29 06:09:18.805814,0 days 00:00:00.251954,0.0149,N95,34,17,1.1x60x0.1,1.1x60x0.1,0.013465104029811294,0.0004302094517420731,0.0007191699400878398,2.412419716454984e-05,0.13835359585105508,0.16073417692746253,0.26527211559084424,2.8026615075868105e-05,4.625450303192809e-05,8.0,60.906982772347654,1.8972651561695857,4.848630278747189,0.006900000000000001,0.01105,4,COMPLETE
2040,2040,,,2024-08-29 06:09:18.807808,2024-08-29 06:09:18.814868,0 days 00:00:00.007060,0.01435,N95,23,16,1.1x60x0.1,1.1x60x0.1,0.011708090521645361,,,,,,,,,,,,,,,4,FAIL
2041,2041,,,2024-08-29 06:09:18.815865,2024-08-29 06:09:18.826836,0 days 00:00:00.010971,0.0149,N95,15,15,1.1x60x0.1,1.1x60x0.1,0.010586972728663963,,,,,,,,,,,,,,,4,FAIL
2042,2042,4.336884986269139e-05,117.0979012572882,2024-08-29 06:09:18.827834,2024-08-29 06:09:19.080158,0 days 00:00:00.252324,0.0149,N95,27,13,1.1x60x0.1,1.1x60x0.1,0.016631843234713044,0.0002692095027412692,0.000420190016049629,3.179831775981402e-05,0.1823650989948635,0.23653652661558253,0.34689430500341173,4.124398624836022e-05,6.0486657810982893e-05,6.0,111.97337744534971,1.4880511028781065,3.6364727090603917,0.006900000000000001,0.01105,4,COMPLETE
2043,2043,3.081108637613029e-05,108.88839830581463,2024-08-29 06:09:19.081156,2024-08-29 06:09:19.323508,0 days 00:00:00.242352,0.01435,N95,23,15,1.1x60x0.1,1.1x60x0.1,0.01293373215311526,0.00019431070807785492,0.000558029934821185,3.7605450211454966e-05,0.2325182838533611,0.26320447173864064,0.3241290810861681,4.2568362768589565e-05,5.242177010285185e-05,5.0,105.01093463077848,1.2334200061549663,2.644043668881184,0.0082,0.008825,4,COMPLETE
2044,2044,,,2024-08-29 06:09:19.325503,2024-08-29 06:09:19.333481,0 days 00:00:00.007978,0.0149,N95,34,23,1.1x60x0.1,1.1x60x0.1,0.009326591128818654,,,,,,,,,,,,,,,4,FAIL
2045,2045,3.9058583527315604e-05,184.30909480343968,2024-08-29 06:09:19.335477,2024-08-29 06:09:19.568240,0 days 00:00:00.232763,0.01435,N95,18,22,1.1x60x0.1,1.1x60x0.1,0.018871700616965414,0.00012404202352457898,0.0015399158838902958,4.7697476639721074e-05,0.2949182990774419,0.31297001897968474,0.22099710074056916,5.061700211859929e-05,3.574211597921717e-05,4.0,180.89552301975056,1.2983368485841749,2.1152349351049478,0.0108,0.008825,4,COMPLETE
2046,2046,,,2024-08-29 06:09:19.569238,2024-08-29 06:09:19.578271,0 days 00:00:00.009033,0.01435,N95,3,20,1.1x60x0.1,1.1x60x0.1,0.010954099625143793,,,,,,,,,,,,,,,4,FAIL
2047,2047,,,2024-08-29 06:09:19.579270,2024-08-29 06:09:19.587249,0 days 00:00:00.007979,0.01435,N95,23,0,1.1x60x0.1,1.1x60x0.1,0.018096499907563596,,,,,,,,,,,,,,,4,FAIL
2048,2048,,,2024-08-29 06:09:19.588246,2024-08-29 06:09:19.597221,0 days 00:00:00.008975,0.01435,N95,7,18,1.1x60x0.1,1.1x60x0.1,0.013450607686126902,,,,,,,,,,,,,,,4,FAIL
2049,2049,,,2024-08-29 06:09:19.598219,2024-08-29 06:09:19.605200,0 days 00:00:00.006981,0.0149,N95,2,15,1.1x60x0.1,1.1x60x0.1,0.010277086783957591,,,,,,,,,,,,,,,4,FAIL
2050,2050,,,2024-08-29 06:09:19.606198,2024-08-29 06:09:19.613179,0 days 00:00:00.006981,0.0149,N95,30,10,1.1x60x0.1,1.1x60x0.1,0.009663342230010622,,,,,,,,,,,,,,,4,FAIL
2051,2051,,,2024-08-29 06:09:19.614176,2024-08-29 06:09:19.621157,0 days 00:00:00.006981,0.01435,N95,22,23,1.1x60x0.1,1.1x60x0.1,0.008028573868163058,,,,,,,,,,,,,,,4,FAIL
2052,2052,,,2024-08-29 06:09:19.622154,2024-08-29 06:09:19.631131,0 days 00:00:00.008977,0.01435,N95,5,17,1.1x60x0.1,1.1x60x0.1,0.018122207272482132,,,,,,,,,,,,,,,4,FAIL
2053,2053,4.204315142602374e-05,166.286518069878,2024-08-29 06:09:19.632128,2024-08-29 06:09:19.850543,0 days 00:00:00.218415,0.01435,N95,22,15,1.1x60x0.1,1.1x60x0.1,0.024561382993360942,0.00015315444494595372,0.0005164216285503456,3.850162050919795e-05,0.23805939500878825,0.2656149599122152,0.3241290810861681,4.295821380092312e-05,5.242177010285185e-05,5.0,162.44151281605647,1.2009615849403619,2.644043668881184,0.0082,0.008825,4,COMPLETE
2054,2054,2.8198303289476666e-05,189.70929741820132,2024-08-29 06:09:19.851540,2024-08-29 06:09:20.107855,0 days 00:00:00.256315,0.01435,N95,18,12,1.1x60x0.1,1.1x60x0.1,0.011528928600255145,0.00010723075032928284,0.000306709972857329,4.7697476639721074e-05,0.2949182990774419,0.33134085746938374,0.40516135135771003,5.358813901466696e-05,6.552721262856479e-05,4.0,186.62030984665824,0.9737526364381314,2.1152349351049478,0.006900000000000001,0.008825,4,COMPLETE
2055,2055,,,2024-08-29 06:09:20.108853,2024-08-29 06:09:20.113839,0 days 00:00:00.004986,0.0149,N95,34,16,1.4x200x0.071,1.1x60x0.1,0.01393692383936929,,,,,,,,,,,,,,,4,FAIL
2056,2056,,,2024-08-29 06:09:20.114836,2024-08-29 06:09:20.119823,0 days 00:00:00.004987,0.0149,N95,34,16,1.1x60x0.1,1.4x200x0.071,0.013752945842811719,,,,,,,,,,,,,,,4,FAIL
2057,2057,4.0924267661193566e-05,157.54451313401015,2024-08-29 06:09:20.119823,2024-08-29 06:09:20.347531,0 days 00:00:00.227708,0.01435,N95,22,16,1.1x60x0.1,1.1x60x0.1,0.023403092893501856,0.00015581730456886,0.0006064714471951399,3.850162050919795e-05,0.23805939500878825,0.2635712763586992,0.30387101351828255,4.2627686502828214e-05,4.91454094714236e-05,5.0,153.667049458974,1.2334200061549663,2.644043668881184,0.0082,0.008825,4,COMPLETE
2058,2058,3.7007290467735876e-05,239.95258135285474,2024-08-29 06:09:20.349526,2024-08-29 06:09:20.588884,0 days 00:00:00.239358,0.01435,N95,30,9,1.1x60x0.1,1.1x60x0.1,0.020648162392973506,0.0002905168869648583,0.00015089636403397644,2.758481266046025e-05,0.1705596732431335,0.39041300988005695,0.5402151351436133,6.314194635208912e-05,8.736961683808638e-05,7.0,234.9850417890515,1.2658784273695707,3.7016611364336582,0.006900000000000001,0.008825,4,COMPLETE
2059,2059,,,2024-08-29 06:09:20.590879,2024-08-29 06:09:20.597861,0 days 00:00:00.006982,0.01435,N95,34,23,1.1x60x0.1,1.4x200x0.071,0.022963744490845525,,,,,,,,,,,,,,,4,FAIL
2060,2060,,,2024-08-29 06:09:20.598859,2024-08-29 06:09:20.603846,0 days 00:00:00.004987,0.01435,N95,35,23,1.4x200x0.071,1.1x60x0.1,0.020642882646530455,,,,,,,,,,,,,,,4,FAIL
2061,2061,,,2024-08-29 06:09:20.605841,2024-08-29 06:09:20.612822,0 days 00:00:00.006981,0.0149,N95,35,23,1.1x60x0.1,1.1x60x0.1,0.006640128245471432,,,,,,,,,,,,,,,4,FAIL
2062,2062,,,2024-08-29 06:09:20.613819,2024-08-29 06:09:20.621798,0 days 00:00:00.007979,0.0149,N95,34,17,1.1x60x0.1,1.1x60x0.1,0.006287571770339535,,,,,,,,,,,,,,,4,FAIL
2063,2063,2.9051730145156145e-05,304.5108176331041,2024-08-29 06:09:20.622796,2024-08-29 06:09:20.881104,0 days 00:00:00.258308,0.01435,N95,26,8,1.1x60x0.1,1.1x60x0.1,0.013712412576839118,0.00021161382764077076,0.00011971428030050279,3.217217402876327e-05,0.19892379032656934,0.44517878289367047,0.6077420270365651,7.199927798306795e-05,9.82908189428472e-05,6.0,300.2343789091501,1.1035863212965487,3.172852402657422,0.005600000000000001,0.008825,4,COMPLETE
2064,2064,,,2024-08-29 06:09:20.882101,2024-08-29 06:09:20.889142,0 days 00:00:00.007041,0.01435,N95,27,25,1.1x60x0.1,1.1x60x0.1,0.006924203659580486,,,,,,,,,,,,,,,4,FAIL
2065,2065,,,2024-08-29 06:09:20.890198,2024-08-29 06:09:20.898178,0 days 00:00:00.007980,0.01435,N95,28,17,1.1x60x0.1,1.1x60x0.1,0.020209312172830632,,,,,,,,,,,,,,,4,FAIL
2066,2066,,,2024-08-29 06:09:20.900174,2024-08-29 06:09:20.907154,0 days 00:00:00.006980,0.0149,N95,34,15,1.4x200x0.071,1.1x60x0.1,0.009313945821896758,,,,,,,,,,,,,,,4,FAIL
2067,2067,,,2024-08-29 06:09:20.908237,2024-08-29 06:09:20.916276,0 days 00:00:00.008039,0.01435,N95,23,25,1.1x60x0.1,1.1x60x0.1,0.012170474625849819,,,,,,,,,,,,,,,4,FAIL
2068,2068,,,2024-08-29 06:09:20.917277,2024-08-29 06:09:20.925252,0 days 00:00:00.007975,0.0149,N95,34,17,1.1x60x0.1,1.4x200x0.071,0.009270097019933017,,,,,,,,,,,,,,,4,FAIL
2069,2069,4.363133718754026e-05,322.401855317687,2024-08-29 06:09:20.926310,2024-08-29 06:09:21.140020,0 days 00:00:00.213710,0.0149,N95,26,8,1.4x200x0.071,1.1x60x0.1,0.0175419042915193,0.0002273525050789933,0.00012928707769071298,3.217217402876327e-05,0.18450918523275067,0.4129198140643298,0.563703245630544,7.199927798306795e-05,9.82908189428472e-05,6.0,318.02032850472557,0.7450541039010588,3.6364727090603917,0.006200000000000001,0.01105,4,COMPLETE
2070,2070,3.730356179493169e-05,169.6139359429092,2024-08-29 06:09:21.141016,2024-08-29 06:09:21.372397,0 days 00:00:00.231381,0.0149,N95,18,15,1.1x60x0.1,1.1x60x0.1,0.01177796763488528,0.00012300780794602788,0.0005606339820260741,4.7697476639721074e-05,0.27354764849229546,0.2997485519392981,0.3006417310029569,5.2266029822287344e-05,5.242177010285185e-05,4.0,165.96197864366115,1.227642159874438,2.4243151393735944,0.006900000000000001,0.01105,4,COMPLETE
2071,2071,,,2024-08-29 06:09:21.373396,2024-08-29 06:09:21.380378,0 days 00:00:00.006982,0.01435,N95,27,15,1.1x60x0.1,1.4x200x0.071,0.008429188779988602,,,,,,,,,,,,,,,4,FAIL
2072,2072,,,2024-08-29 06:09:21.382372,2024-08-29 06:09:21.390350,0 days 00:00:00.007978,0.0149,N95,34,17,1.4x200x0.071,1.1x60x0.1,0.005793581718677739,,,,,,,,,,,,,,,4,FAIL
2073,2073,,,2024-08-29 06:09:21.392345,2024-08-29 06:09:21.399326,0 days 00:00:00.006981,0.01435,N95,23,16,1.1x60x0.1,1.1x60x0.1,0.00928928726618716,,,,,,,,,,,,,,,4,FAIL
2074,2074,,,2024-08-29 06:09:21.401321,2024-08-29 06:09:21.409300,0 days 00:00:00.007979,0.0149,N95,34,0,1.4x200x0.071,1.1x60x0.1,0.012429857232833085,,,,,,,,,,,,,,,4,FAIL
2075,2075,,,2024-08-29 06:09:21.410298,2024-08-29 06:09:21.419273,0 days 00:00:00.008975,0.0149,N95,35,23,1.1x60x0.1,1.1x60x0.1,0.012820292843038886,,,,,,,,,,,,,,,4,FAIL
2076,2076,,,2024-08-29 06:09:21.420270,2024-08-29 06:09:21.428249,0 days 00:00:00.007979,0.01435,N95,22,11,1.1x60x0.1,1.1x60x0.1,0.006438897052312292,,,,,,,,,,,,,,,4,FAIL
2077,2077,4.6571918295634797e-05,79.17280582699611,2024-08-29 06:09:21.430243,2024-08-29 06:09:21.656637,0 days 00:00:00.226394,0.0149,N95,34,16,1.1x60x0.1,1.1x60x0.1,0.019195166779704235,0.00043010814999720005,0.0006174778751082754,2.412419716454984e-05,0.13835359585105508,0.16240675828925424,0.281851622815272,2.8318256809481255e-05,4.91454094714236e-05,8.0,72.46411166965129,1.8600638785976336,4.848630278747189,0.006900000000000001,0.01105,4,COMPLETE
2078,2078,4.441113829586787e-05,76.8738492874789,2024-08-29 06:09:21.658633,2024-08-29 06:09:21.889220,0 days 00:00:00.230587,0.0149,N95,34,16,1.1x60x0.1,1.1x60x0.1,0.017465956691033457,0.0004300783303373247,0.0006174778751082754,2.412419716454984e-05,0.13835359585105508,0.16240675828925424,0.281851622815272,2.8318256809481255e-05,4.91454094714236e-05,8.0,70.16515513013408,1.8600638785976336,4.848630278747189,0.006900000000000001,0.01105,4,COMPLETE
2079,2079,,,2024-08-29 06:09:21.891214,2024-08-29 06:09:21.897198,0 days 00:00:00.005984,0.0149,N95,35,23,1.1x60x0.1,1.1x60x0.1,0.00574930658619735,,,,,,,,,,,,,,,4,FAIL
2080,2080,4.2936096478340606e-05,81.04071014961302,2024-08-29 06:09:21.898256,2024-08-29 06:09:22.134624,0 days 00:00:00.236368,0.0149,N95,34,15,1.1x60x0.1,1.1x60x0.1,0.01628552314742673,0.0004290369931466974,0.0005263000815389215,2.412419716454984e-05,0.13835359585105508,0.17296472750428762,0.3006417310029569,3.0159210269591635e-05,5.242177010285185e-05,8.0,74.36921726984015,1.8228626010256805,4.848630278747189,0.006900000000000001,0.01105,4,COMPLETE
2081,2081,4.9774884628211065e-05,65.17918459496103,2024-08-29 06:09:22.135622,2024-08-29 06:09:22.363013,0 days 00:00:00.227391,0.0149,N95,34,23,1.4x200x0.071,1.1x60x0.1,0.017658408616708064,0.00043661664279045896,0.0018267815745749223,2.412419716454984e-05,0.13835359585105508,0.15375296776520136,0.19607069413236314,2.680932783991756e-05,3.418811093664251e-05,8.0,59.08149302437971,1.2490612918341277,4.848630278747189,0.011,0.01105,4,COMPLETE
2082,2082,3.125028773648899e-05,172.55517664766998,2024-08-29 06:09:22.365008,2024-08-29 06:09:22.571457,0 days 00:00:00.206449,0.01435,N95,18,15,1.1x60x0.1,1.1x60x0.1,0.01338840189052568,0.00011247366530167218,0.0005246583744754121,4.7697476639721074e-05,0.2949182990774419,0.32316612325531974,0.3241290810861681,5.2266029822287344e-05,5.242177010285185e-05,4.0,169.3688138124831,1.0711279000819447,2.1152349351049478,0.0082,0.008825,4,COMPLETE
2083,2083,,,2024-08-29 06:09:22.572455,2024-08-29 06:09:22.582426,0 days 00:00:00.009971,0.01435,N95,25,8,1.1x60x0.1,1.1x60x0.1,0.022106366024807443,,,,,,,,,,,,,,,4,FAIL
2084,2084,,,2024-08-29 06:09:22.583425,2024-08-29 06:09:22.591403,0 days 00:00:00.007978,0.01435,N95,18,17,1.4x200x0.071,1.1x60x0.1,0.009794195299994236,,,,,,,,,,,,,,,4,FAIL
2085,2085,,,2024-08-29 06:09:22.591403,2024-08-29 06:09:22.598384,0 days 00:00:00.006981,0.0149,N95,34,21,1.1x60x0.1,1.1x60x0.1,0.009535940470533705,,,,,,,,,,,,,,,4,FAIL
2086,2086,,,2024-08-29 06:09:22.599382,2024-08-29 06:09:22.605366,0 days 00:00:00.005984,0.01435,N95,34,22,1.4x200x0.071,1.1x60x0.1,0.010256285863924307,,,,,,,,,,,,,,,4,FAIL
2087,2087,4.4671764647686585e-05,77.15113647097542,2024-08-29 06:09:22.605366,2024-08-29 06:09:22.855696,0 days 00:00:00.250330,0.0149,N95,34,16,1.1x60x0.1,1.1x60x0.1,0.01767452846464623,0.000430090320167512,0.0006174778751082754,2.412419716454984e-05,0.13835359585105508,0.16240675828925424,0.281851622815272,2.8318256809481255e-05,4.91454094714236e-05,8.0,70.4424423136306,1.8600638785976336,4.848630278747189,0.006900000000000001,0.01105,4,COMPLETE
2088,2088,,,2024-08-29 06:09:22.856693,2024-08-29 06:09:22.864673,0 days 00:00:00.007980,0.01435,N95,27,11,1.4x200x0.071,1.1x60x0.1,0.010947154729860083,,,,,,,,,,,,,,,4,FAIL
2089,2089,4.498610429220391e-05,320.42094393601,2024-08-29 06:09:22.866668,2024-08-29 06:09:23.134949,0 days 00:00:00.268281,0.0149,N95,26,8,1.1x60x0.1,1.1x60x0.1,0.019226085441583798,0.00022642797296026977,0.00012946482642149355,3.217217402876327e-05,0.18450918523275067,0.4129198140643298,0.563703245630544,7.199927798306795e-05,9.82908189428472e-05,6.0,315.5196277895032,1.2648434374463906,3.6364727090603917,0.005600000000000001,0.01105,4,COMPLETE
2090,2090,,,2024-08-29 06:09:23.135947,2024-08-29 06:09:23.143925,0 days 00:00:00.007978,0.0149,N95,34,23,1.4x200x0.071,1.1x60x0.1,0.006373629542824411,,,,,,,,,,,,,,,4,FAIL
2091,2091,,,2024-08-29 06:09:23.144923,2024-08-29 06:09:23.149909,0 days 00:00:00.004986,0.01345,N95,22,16,1.1x60x0.1,1.1x60x0.1,0.008844375279062847,,,,,,,,,,,,,,,4,FAIL
2092,2092,3.761427977948648e-05,146.23598864084687,2024-08-29 06:09:23.150907,2024-08-29 06:09:23.400239,0 days 00:00:00.249332,0.01435,N95,22,16,1.1x60x0.1,1.1x60x0.1,0.019976529460778544,0.000158096187399093,0.0006064714471951399,3.850162050919795e-05,0.23805939500878825,0.2635712763586992,0.30387101351828255,4.2627686502828214e-05,4.91454094714236e-05,5.0,142.35852496581072,1.2334200061549663,2.644043668881184,0.0082,0.008825,4,COMPLETE
2093,2093,4.00012850070995e-05,69.3839662577221,2024-08-29 06:09:23.402234,2024-08-29 06:09:23.651567,0 days 00:00:00.249333,0.01435,N95,34,21,1.1x60x0.1,1.1x60x0.1,0.01984760340997978,0.00040071711791269044,0.0012699694300996826,2.412419716454984e-05,0.14916233930188658,0.16779576240774277,0.23152077220440578,2.7137802173428026e-05,3.744412150203703e-05,8.0,63.368283220708946,1.7852131668032407,4.2304698702098955,0.0108,0.008825,4,COMPLETE
2094,2094,,,2024-08-29 06:09:23.653561,2024-08-29 06:09:23.661540,0 days 00:00:00.007979,0.01435,N95,23,15,1.1x60x0.1,1.1x60x0.1,0.008852795382935194,,,,,,,,,,,,,,,4,FAIL
2095,2095,,,2024-08-29 06:09:23.662538,2024-08-29 06:09:23.670515,0 days 00:00:00.007977,0.01345,N95,23,17,1.1x60x0.1,1.1x60x0.1,0.005988576655124212,,,,,,,,,,,,,,,4,FAIL
2096,2096,,,2024-08-29 06:09:23.671513,2024-08-29 06:09:23.682484,0 days 00:00:00.010971,0.01435,N95,9,18,1.1x60x0.1,1.4x200x0.071,0.015715882534524092,,,,,,,,,,,,,,,4,FAIL
2097,2097,,,2024-08-29 06:09:23.683483,2024-08-29 06:09:23.690462,0 days 00:00:00.006979,0.012,N95,34,18,1.1x60x0.1,1.1x60x0.1,0.010919612184795965,,,,,,,,,,,,,,,4,FAIL
2098,2098,,,2024-08-29 06:09:23.691459,2024-08-29 06:09:23.700436,0 days 00:00:00.008977,0.0149,N95,16,14,1.1x60x0.1,1.1x60x0.1,0.015183222031687808,,,,,,,,,,,,,,,4,FAIL
2099,2099,3.770568623781329e-05,203.78583651350706,2024-08-29 06:09:23.701433,2024-08-29 06:09:23.950767,0 days 00:00:00.249334,0.01435,N95,18,15,1.1x60x0.1,1.1x60x0.1,0.020071155193201427,0.00010798546912984064,0.0005246583744754121,4.7697476639721074e-05,0.2949182990774419,0.32316612325531974,0.3241290810861681,5.2266029822287344e-05,5.242177010285185e-05,4.0,200.59947367832018,1.0711279000819447,2.1152349351049478,0.0082,0.008825,4,COMPLETE
2100,2100,,,2024-08-29 06:09:23.952761,2024-08-29 06:09:23.958746,0 days 00:00:00.005985,0.01435,N95,34,20,1.1x60x0.1,1.4x200x0.071,0.01590498177119399,,,,,,,,,,,,,,,4,FAIL
2101,2101,4.083286829166743e-05,131.01136865957017,2024-08-29 06:09:23.959743,2024-08-29 06:09:24.205088,0 days 00:00:00.245345,0.0149,N95,34,11,1.1x60x0.1,1.1x60x0.1,0.015902370119555184,0.0004252905475248907,0.00025069572964789906,2.412419716454984e-05,0.13835359585105508,0.282149961688908,0.40996599682221385,4.919742970093171e-05,7.148423195843433e-05,8.0,124.4886808900851,1.67405749073787,4.848630278747189,0.005600000000000001,0.01105,4,COMPLETE
2102,2102,4.8797791889353564e-05,103.06179298236093,2024-08-29 06:09:24.207087,2024-08-29 06:09:24.438817,0 days 00:00:00.231730,0.0149,N95,26,23,1.1x60x0.1,1.1x60x0.1,0.019676469399489464,0.00025153629535922326,0.0017083464691289541,3.217217402876327e-05,0.18450918523275067,0.19953940893840041,0.19607069413236314,3.4792937716703374e-05,3.418811093664251e-05,6.0,97.60245767227487,1.8228626010256805,3.6364727090603917,0.0082,0.01105,4,COMPLETE
2103,2103,4.6694114663606074e-05,58.904616674126714,2024-08-29 06:09:24.439815,2024-08-29 06:09:24.697586,0 days 00:00:00.257771,0.0149,N95,35,23,1.1x60x0.1,1.1x60x0.1,0.017992957018561337,0.0004954234580091201,0.0017697858501201714,2.409555951986295e-05,0.1381893573857453,0.1547571445806274,0.19607069413236314,2.6984422381800567e-05,3.418811093664251e-05,8.0,51.89831229620627,2.1576740991732546,4.848630278747189,0.0082,0.01105,4,COMPLETE
2104,2104,,,2024-08-29 06:09:24.698584,2024-08-29 06:09:24.702640,0 days 00:00:00.004056,0.01435,N95,18,15,1.1x60x0.1,1.1x60x0.1,0.006322995650978938,,,,,,,,,,,,,,,4,FAIL
2105,2105,,,2024-08-29 06:09:24.703638,2024-08-29 06:09:24.711616,0 days 00:00:00.007978,0.0149,N95,32,23,1.1x60x0.1,1.1x60x0.1,0.01043576770096266,,,,,,,,,,,,,,,4,FAIL
2106,2106,4.356880643735518e-05,217.51600514821294,2024-08-29 06:09:24.712613,2024-08-29 06:09:24.999851,0 days 00:00:00.287238,0.0149,N95,34,9,1.1x60x0.1,1.1x60x0.1,0.018091862730562677,0.00042358920865174165,0.00015954762568243008,2.412419716454984e-05,0.13835359585105508,0.3731376568427581,0.5010695516715946,6.506261256038174e-05,8.736961683808638e-05,8.0,211.06771993387179,1.5996549355939647,4.848630278747189,0.005600000000000001,0.01105,4,COMPLETE
2107,2107,,,2024-08-29 06:09:25.000844,2024-08-29 06:09:25.007825,0 days 00:00:00.006981,0.01435,N95,26,13,1.1x60x0.1,1.1x60x0.1,0.008433422950729517,,,,,,,,,,,,,,,4,FAIL
2108,2108,,,2024-08-29 06:09:25.008824,2024-08-29 06:09:25.015804,0 days 00:00:00.006980,0.0149,N95,18,15,1.1x60x0.1,1.1x60x0.1,0.006686625990881943,,,,,,,,,,,,,,,4,FAIL
