,number,values_0,values_1,datetime_start,datetime_complete,duration,params_core_inner_diameter,params_material,params_n_p_bot,params_n_p_top,params_primary_litz_wire,params_secondary_litz_wire,params_window_h_bot,user_attrs_air_gap_bot,user_attrs_air_gap_top,user_attrs_flux_bot_max,user_attrs_flux_density_bot_max,user_attrs_flux_density_mid_max,user_attrs_flux_density_top_max,user_attrs_flux_mid_max,user_attrs_flux_top_max,user_attrs_n_s_bot,user_attrs_p_hyst,user_attrs_primary_litz_wire_loss,user_attrs_secondary_litz_wire_loss,user_attrs_window_h_top,user_attrs_window_w,system_attrs_nsga2:generation,state
2188,2188,4.6544290462456726e-05,104.60981253996727,2024-08-29 06:09:32.025763,2024-08-29 06:09:32.232409,0 days 00:00:00.206646,0.0149,N95,23,23,1.1x60x0.1,1.4x200x0.071,0.017873057019402495,0.00024125238943568052,0.0018319223496539921,3.7605450211454966e-05,0.21566932258363924,0.23358251597138127,0.19607069413236314,4.072890650093097e-05,3.418811093664251e-05,5.0,101.11350483766999,1.7112587683098224,1.7850489339874525,0.0082,0.01105,5,COMPLETE
2189,2189,,,2024-08-29 06:09:32.233407,2024-08-29 06:09:32.243459,0 days 00:00:00.010052,0.0149,N95,19,15,1.1x60x0.1,1.1x60x0.1,0.008779749639153553,,,,,,,,,,,,,,,5,FAIL
2190,2190,,,2024-08-29 06:09:32.244457,2024-08-29 06:09:32.251438,0 days 00:00:00.006981,0.0149,N95,35,23,1.1x60x0.1,1.1x60x0.1,0.006443548741920895,,,,,,,,,,,,,,,5,FAIL
2191,2191,,,2024-08-29 06:09:32.252435,2024-08-29 06:09:32.261411,0 days 00:00:00.008976,0.01435,N95,14,23,1.1x60x0.1,1.1x60x0.1,0.020262514625758562,,,,,,,,,,,,,,,5,FAIL
2192,2192,,,2024-08-29 06:09:32.263408,2024-08-29 06:09:32.273379,0 days 00:00:00.009971,0.01435,N95,10,23,1.1x60x0.1,1.1x60x0.1,0.020956050351459754,,,,,,,,,,,,,,,5,FAIL
2193,2193,,,2024-08-29 06:09:32.274377,2024-08-29 06:09:32.282356,0 days 00:00:00.007979,0.01435,N95,34,12,1.1x60x0.1,1.1x60x0.1,0.015863472382265605,,,,,,,,,,,,,,,5,FAIL
2194,2194,,,2024-08-29 06:09:32.283353,2024-08-29 06:09:32.291331,0 days 00:00:00.007978,0.012,N95,21,22,1.1x60x0.1,1.1x60x0.1,0.008750514943376139,,,,,,,,,,,,,,,5,FAIL
2195,2195,,,2024-08-29 06:09:32.292329,2024-08-29 06:09:32.298312,0 days 00:00:00.005983,0.0149,N95,28,16,1.1x60x0.1,1.1x60x0.1,0.008186539018587478,,,,,,,,,,,,,,,5,FAIL
2196,2196,3.823913115755593e-05,201.60629392192806,2024-08-29 06:09:32.299311,2024-08-29 06:09:32.522713,0 days 00:00:00.223402,0.01435,N95,18,16,1.1x60x0.1,1.1x60x0.1,0.020623387684886398,0.00010977276165647437,0.0006157428614636193,4.7697476639721074e-05,0.2949182990774419,0.32112243970180376,0.30387101351828255,5.193550252419244e-05,4.91454094714236e-05,4.0,198.38747266552656,1.1035863212965487,2.1152349351049478,0.0082,0.008825,5,COMPLETE
2197,2197,3.759664966201051e-05,190.54139772242203,2024-08-29 06:09:32.523710,2024-08-29 06:09:32.754093,0 days 00:00:00.230383,0.01435,N95,18,17,1.1x60x0.1,1.1x60x0.1,0.018658278422401142,0.00011328714517104814,0.000731106849708742,4.7697476639721074e-05,0.2949182990774419,0.3193191895075249,0.2859962480172071,5.164386079057929e-05,4.625450303192809e-05,4.0,187.29011804480592,1.1360447425111533,2.1152349351049478,0.009500000000000001,0.008825,5,COMPLETE
2198,2198,,,2024-08-29 06:09:32.755091,2024-08-29 06:09:32.761074,0 days 00:00:00.005983,0.0149,N95,23,14,1.1x60x0.1,1.1x60x0.1,0.008802323323315025,,,,,,,,,,,,,,,5,FAIL
2199,2199,,,2024-08-29 06:09:32.762072,2024-08-29 06:09:32.768096,0 days 00:00:00.006024,0.0149,N95,34,16,1.1x60x0.1,1.1x60x0.1,0.009710927212368855,,,,,,,,,,,,,,,5,FAIL
2200,2200,,,2024-08-29 06:09:32.768096,2024-08-29 06:09:32.776075,0 days 00:00:00.007979,0.0149,N95,7,6,1.1x60x0.1,1.1x60x0.1,0.014166081106482303,,,,,,,,,,,,,,,5,FAIL
2201,2201,,,2024-08-29 06:09:32.777073,2024-08-29 06:09:32.782134,0 days 00:00:00.005061,0.01435,N95,34,14,1.1x60x0.1,1.1x60x0.1,0.00789759331635972,,,,,,,,,,,,,,,5,FAIL
2202,2202,,,2024-08-29 06:09:32.783131,2024-08-29 06:09:32.788118,0 days 00:00:00.004987,0.012,N95,23,15,1.1x60x0.1,1.1x60x0.1,0.008855706310276393,,,,,,,,,,,,,,,5,FAIL
2203,2203,3.85970421585693e-05,96.19202616704763,2024-08-29 06:09:32.789115,2024-08-29 06:09:33.006373,0 days 00:00:00.217258,0.01435,N95,34,14,1.1x60x0.1,1.1x60x0.1,0.02099390407107005,0.0003944562334072764,0.0004147251241267217,2.412419716454984e-05,0.14916233930188658,0.20960006667169415,0.3472811583066086,3.389886051503342e-05,5.616618225305554e-05,8.0,90.40355207853672,1.5580042183010103,4.2304698702098955,0.0082,0.008825,5,COMPLETE
2204,2204,4.0456450561812164e-05,115.8360505510903,2024-08-29 06:09:33.007370,2024-08-29 06:09:33.266766,0 days 00:00:00.259396,0.01435,N95,26,17,1.1x60x0.1,1.1x60x0.1,0.021618799589951675,0.00022123073236216738,0.0007095124322158477,3.217217402876327e-05,0.19892379032656934,0.22260570418263737,0.2859962480172071,3.600227726910877e-05,4.625450303192809e-05,6.0,111.26748603620489,1.395712112227988,3.172852402657422,0.009500000000000001,0.008825,5,COMPLETE
2205,2205,,,2024-08-29 06:09:33.266766,2024-08-29 06:09:33.273748,0 days 00:00:00.006982,0.0149,N95,34,16,1.4x200x0.071,1.1x60x0.1,0.007425641216603265,,,,,,,,,,,,,,,5,FAIL
2206,2206,,,2024-08-29 06:09:33.274745,2024-08-29 06:09:33.279732,0 days 00:00:00.004987,0.01435,N95,29,16,1.1x60x0.1,1.1x60x0.1,0.008613543316153927,,,,,,,,,,,,,,,5,FAIL
2207,2207,,,2024-08-29 06:09:33.280730,2024-08-29 06:09:33.285716,0 days 00:00:00.004986,0.012,N95,23,16,1.1x60x0.1,1.1x60x0.1,0.006406590152747821,,,,,,,,,,,,,,,5,FAIL
2208,2208,3.16998945304407e-05,169.97001258153392,2024-08-29 06:09:33.286713,2024-08-29 06:09:33.488174,0 days 00:00:00.201461,0.01435,N95,18,16,1.1x60x0.1,1.1x60x0.1,0.013853843533914521,0.00011432775375947003,0.0006157428614636193,4.7697476639721074e-05,0.2949182990774419,0.32112243970180376,0.30387101351828255,5.193550252419244e-05,4.91454094714236e-05,4.0,166.75119132513242,1.1035863212965487,2.1152349351049478,0.0082,0.008825,5,COMPLETE
2209,2209,,,2024-08-29 06:09:33.489172,2024-08-29 06:09:33.495155,0 days 00:00:00.005983,0.0149,N95,34,17,1.1x60x0.1,1.1x60x0.1,0.011111179171799369,,,,,,,,,,,,,,,5,FAIL
2210,2210,4.245661428387974e-05,214.05369114149622,2024-08-29 06:09:33.496153,2024-08-29 06:09:33.700605,0 days 00:00:00.204452,0.01435,N95,18,17,1.1x60x0.1,1.1x60x0.1,0.0236894077354902,0.00010982054699079848,0.000731106849708742,4.7697476639721074e-05,0.2949182990774419,0.3193191895075249,0.2859962480172071,5.164386079057929e-05,4.625450303192809e-05,4.0,210.8024114638801,1.1360447425111533,2.1152349351049478,0.009500000000000001,0.008825,5,COMPLETE
2211,2211,,,2024-08-29 06:09:33.702600,2024-08-29 06:09:33.707587,0 days 00:00:00.004987,0.01435,N95,34,16,1.1x60x0.1,1.1x60x0.1,0.011553459803679536,,,,,,,,,,,,,,,5,FAIL
2212,2212,,,2024-08-29 06:09:33.708585,2024-08-29 06:09:33.713572,0 days 00:00:00.004987,0.0149,N95,23,23,1.1x60x0.1,1.4x200x0.071,0.005983325595580395,,,,,,,,,,,,,,,5,FAIL
2213,2213,,,2024-08-29 06:09:33.714569,2024-08-29 06:09:33.718558,0 days 00:00:00.003989,0.0149,N95,4,15,1.1x60x0.1,1.1x60x0.1,0.015606707931053454,,,,,,,,,,,,,,,5,FAIL
2214,2214,,,2024-08-29 06:09:33.719555,2024-08-29 06:09:33.725540,0 days 00:00:00.005985,0.01435,N95,26,16,1.1x60x0.1,1.1x60x0.1,0.0067200352088483935,,,,,,,,,,,,,,,5,FAIL
2215,2215,,,2024-08-29 06:09:33.726537,2024-08-29 06:09:33.732520,0 days 00:00:00.005983,0.01435,N95,27,8,1.1x60x0.1,1.1x60x0.1,0.01437746499007754,,,,,,,,,,,,,,,5,FAIL
2216,2216,,,2024-08-29 06:09:33.733518,2024-08-29 06:09:33.742494,0 days 00:00:00.008976,0.0149,N95,23,2,1.1x60x0.1,1.1x60x0.1,0.01490366582600769,,,,,,,,,,,,,,,5,FAIL
2217,2217,4.239447406287204e-05,108.82730150249192,2024-08-29 06:09:33.744489,2024-08-29 06:09:34.004792,0 days 00:00:00.260303,0.0149,N95,23,17,1.1x60x0.1,1.1x60x0.1,0.015852078305666116,0.0002172353981089564,0.0008054986166768366,3.7605450211454966e-05,0.21566932258363924,0.2405637251336424,0.26527211559084424,4.194619373688151e-05,4.625450303192809e-05,5.0,104.30885647539682,1.4880511028781065,3.030393924216993,0.006900000000000001,0.01105,5,COMPLETE
2218,2218,,,2024-08-29 06:09:34.006788,2024-08-29 06:09:34.013768,0 days 00:00:00.006980,0.01345,N95,5,15,1.1x60x0.1,1.1x60x0.1,0.008947989518273431,,,,,,,,,,,,,,,5,FAIL
2219,2219,3.880612162220807e-05,96.50512412892344,2024-08-29 06:09:34.014765,2024-08-29 06:09:34.290028,0 days 00:00:00.275263,0.01435,N95,34,14,1.1x60x0.1,1.1x60x0.1,0.0212103471730516,0.00039441248206976623,0.0004147251241267217,2.412419716454984e-05,0.14916233930188658,0.20960006667169415,0.3472811583066086,3.389886051503342e-05,5.616618225305554e-05,8.0,90.71665004041253,1.5580042183010103,4.2304698702098955,0.0082,0.008825,5,COMPLETE
2220,2220,,,2024-08-29 06:09:34.292023,2024-08-29 06:09:34.297011,0 days 00:00:00.004988,0.01435,N95,18,12,1.4x200x0.071,1.4x200x0.071,0.009517630957119043,,,,,,,,,,,,,,,5,FAIL
2221,2221,3.9764384140527826e-05,118.69685987185547,2024-08-29 06:09:34.297011,2024-08-29 06:09:34.562300,0 days 00:00:00.265289,0.01435,N95,23,18,1.1x60x0.1,1.1x60x0.1,0.020902359053932073,0.00020124694233568117,0.0008998346701759908,3.7605450211454966e-05,0.2325182838533611,0.25775464892926464,0.27010756757180665,4.168695664033649e-05,4.368480841904319e-05,5.0,114.7220209331755,1.3307952697987795,2.644043668881184,0.009500000000000001,0.008825,5,COMPLETE
2222,2222,,,2024-08-29 06:09:34.563298,2024-08-29 06:09:34.569282,0 days 00:00:00.005984,0.0149,N95,35,23,1.1x60x0.1,1.1x60x0.1,0.005184905591228336,,,,,,,,,,,,,,,5,FAIL
2223,2223,4.7311899457092745e-05,67.66458497991817,2024-08-29 06:09:34.570280,2024-08-29 06:09:34.766755,0 days 00:00:00.196475,0.0149,N95,34,21,1.1x60x0.1,1.1x60x0.1,0.018487352420980725,0.0004347899257008023,0.0012941356890876715,2.412419716454984e-05,0.13835359585105508,0.15563678611057344,0.2147440935735406,2.7137802173428026e-05,3.744412150203703e-05,8.0,60.76988443471359,2.0460702664573964,4.848630278747189,0.0082,0.01105,5,COMPLETE
2224,2224,,,2024-08-29 06:09:34.767752,2024-08-29 06:09:34.772739,0 days 00:00:00.004987,0.01345,N95,34,16,1.1x60x0.1,1.1x60x0.1,0.006893410711932428,,,,,,,,,,,,,,,5,FAIL
2225,2225,3.817319717449293e-05,193.3306975803365,2024-08-29 06:09:34.772739,2024-08-29 06:09:35.045010,0 days 00:00:00.272271,0.01435,N95,18,17,1.1x60x0.1,1.1x60x0.1,0.019255131551205035,0.00011288079803683304,0.000731106849708742,4.7697476639721074e-05,0.2949182990774419,0.3193191895075249,0.2859962480172071,5.164386079057929e-05,4.625450303192809e-05,4.0,190.0794179027204,1.1360447425111533,2.1152349351049478,0.009500000000000001,0.008825,5,COMPLETE
2226,2226,,,2024-08-29 06:09:35.046007,2024-08-29 06:09:35.050994,0 days 00:00:00.004987,0.01435,N95,22,15,1.1x60x0.1,1.1x60x0.1,0.009144435009520368,,,,,,,,,,,,,,,5,FAIL
2227,2227,4.1783567162054954e-05,210.79750745712732,2024-08-29 06:09:35.051991,2024-08-29 06:09:35.246470,0 days 00:00:00.194479,0.01435,N95,18,17,1.1x60x0.1,1.1x60x0.1,0.022992656345888415,0.00011030557079359016,0.000731106849708742,4.7697476639721074e-05,0.2949182990774419,0.3193191895075249,0.2859962480172071,5.164386079057929e-05,4.625450303192809e-05,4.0,207.5462277795112,1.1360447425111533,2.1152349351049478,0.009500000000000001,0.008825,5,COMPLETE
2228,2228,3.028540869976127e-05,326.79101682969485,2024-08-29 06:09:35.247468,2024-08-29 06:09:35.516001,0 days 00:00:00.268533,0.01435,N95,22,8,1.1x60x0.1,1.1x60x0.1,0.014989540461900949,0.00014642917815552227,0.00012280677585696146,3.850162050919795e-05,0.23805939500878825,0.4335217088896713,0.6077420270365651,7.011396596027193e-05,9.82908189428472e-05,5.0,323.17322052437555,0.9737526364381314,2.644043668881184,0.005600000000000001,0.008825,5,COMPLETE
2229,2229,3.941173651347823e-05,59.26014774102782,2024-08-29 06:09:35.516999,2024-08-29 06:09:35.718516,0 days 00:00:00.201517,0.0149,N95,34,21,1.1x60x0.1,1.1x60x0.1,0.01216507922995028,0.0004332945144178113,0.0012941356890876715,2.412419716454984e-05,0.13835359585105508,0.15563678611057344,0.2147440935735406,2.7137802173428026e-05,3.744412150203703e-05,8.0,52.365447195823236,2.0460702664573964,4.848630278747189,0.0082,0.01105,5,COMPLETE
2230,2230,3.91352678985272e-05,68.08715524893111,2024-08-29 06:09:35.719513,2024-08-29 06:09:35.986798,0 days 00:00:00.267285,0.01435,N95,34,21,1.1x60x0.1,1.1x60x0.1,0.018951085760248634,0.0004008213480265551,0.0012699694300996826,2.412419716454984e-05,0.14916233930188658,0.16779576240774277,0.23152077220440578,2.7137802173428026e-05,3.744412150203703e-05,8.0,62.07147221191797,1.7852131668032407,4.2304698702098955,0.0108,0.008825,5,COMPLETE
2231,2231,,,2024-08-29 06:09:35.987796,2024-08-29 06:09:35.996771,0 days 00:00:00.008975,0.01345,N95,34,14,1.4x200x0.071,1.4x200x0.071,0.003957942077968744,,,,,,,,,,,,,,,5,FAIL
2232,2232,,,2024-08-29 06:09:35.997829,2024-08-29 06:09:36.008800,0 days 00:00:00.010971,0.01435,N95,24,18,1.1x60x0.1,1.1x60x0.1,0.015172436216778197,,,,,,,,,,,,,,,5,FAIL
2233,2233,3.2727446653409056e-05,108.69588230023994,2024-08-29 06:09:36.009857,2024-08-29 06:09:36.219627,0 days 00:00:00.209770,0.01435,N95,23,16,1.1x60x0.1,1.1x60x0.1,0.014917585352801388,0.00019706033359788704,0.0006533138571469244,3.7605450211454966e-05,0.2325182838533611,0.26116078818512467,0.30387101351828255,4.223783547049466e-05,4.91454094714236e-05,5.0,104.78596020398919,1.2658784273695707,2.644043668881184,0.0082,0.008825,5,COMPLETE
2234,2234,,,2024-08-29 06:09:36.220624,2024-08-29 06:09:36.224683,0 days 00:00:00.004059,0.0149,N95,35,17,1.1x60x0.1,1.1x60x0.1,0.010203087867566959,,,,,,,,,,,,,,,5,FAIL
2235,2235,,,2024-08-29 06:09:36.225680,2024-08-29 06:09:36.229670,0 days 00:00:00.003990,0.01345,N95,22,16,1.1x60x0.1,1.1x60x0.1,0.003179063547923232,,,,,,,,,,,,,,,5,FAIL
2236,2236,,,2024-08-29 06:09:36.230667,2024-08-29 06:09:36.237648,0 days 00:00:00.006981,0.0149,N95,32,23,1.1x60x0.1,1.1x60x0.1,0.012251552505007493,,,,,,,,,,,,,,,5,FAIL
2237,2237,,,2024-08-29 06:09:36.238646,2024-08-29 06:09:36.244630,0 days 00:00:00.005984,0.01435,N95,34,21,1.1x60x0.1,1.1x60x0.1,0.013935143395222924,,,,,,,,,,,,,,,5,FAIL
2238,2238,,,2024-08-29 06:09:36.245628,2024-08-29 06:09:36.250614,0 days 00:00:00.004986,0.01435,N95,34,16,1.1x60x0.1,1.1x60x0.1,0.014967324821864993,,,,,,,,,,,,,,,5,FAIL
2239,2239,4.1549895403557606e-05,85.22558561421629,2024-08-29 06:09:36.251611,2024-08-29 06:09:36.465043,0 days 00:00:00.213432,0.0149,N95,30,16,1.1x60x0.1,1.1x60x0.1,0.015176186295132846,0.0003263172087937371,0.0006270120479607962,2.758481266046025e-05,0.15820041580743732,0.18202374857454903,0.281851622815272,3.173879776836593e-05,4.91454094714236e-05,7.0,79.27177535200268,1.7112587683098224,4.2425514939037905,0.006900000000000001,0.01105,5,COMPLETE
2240,2240,,,2024-08-29 06:09:36.466039,2024-08-29 06:09:36.472023,0 days 00:00:00.005984,0.01435,N95,34,14,1.1x60x0.1,1.1x60x0.1,0.006981999671966478,,,,,,,,,,,,,,,5,FAIL
2241,2241,,,2024-08-29 06:09:36.472023,2024-08-29 06:09:36.480000,0 days 00:00:00.007977,0.01435,N95,18,15,1.1x60x0.1,1.1x60x0.1,0.009434590050167405,,,,,,,,,,,,,,,5,FAIL
2242,2242,,,2024-08-29 06:09:36.480997,2024-08-29 06:09:36.486981,0 days 00:00:00.005984,0.0149,N95,18,18,1.1x60x0.1,1.1x60x0.1,0.005452813634441582,,,,,,,,,,,,,,,5,FAIL
2243,2243,,,2024-08-29 06:09:36.487979,2024-08-29 06:09:36.492966,0 days 00:00:00.004987,0.0149,N95,35,23,1.1x60x0.1,1.4x200x0.071,0.01407630037708054,,,,,,,,,,,,,,,5,FAIL
2244,2244,,,2024-08-29 06:09:36.493963,2024-08-29 06:09:36.498950,0 days 00:00:00.004987,0.01435,N95,30,17,1.1x60x0.1,1.1x60x0.1,0.006791755009583496,,,,,,,,,,,,,,,5,FAIL
2245,2245,,,2024-08-29 06:09:36.499947,2024-08-29 06:09:36.504933,0 days 00:00:00.004986,0.01435,N95,31,16,1.1x60x0.1,1.1x60x0.1,0.008325856037614396,,,,,,,,,,,,,,,5,FAIL
2246,2246,3.7492053981149154e-05,80.47584031605136,2024-08-29 06:09:36.505931,2024-08-29 06:09:36.776208,0 days 00:00:00.270277,0.01435,N95,34,16,1.1x60x0.1,1.1x60x0.1,0.0198499989518807,0.00039638772638379735,0.0005789481717213678,2.412419716454984e-05,0.14916233930188658,0.1750946322417285,0.30387101351828255,2.8318256809481255e-05,4.91454094714236e-05,8.0,74.62244938511124,1.622921060730219,4.2304698702098955,0.0082,0.008825,5,COMPLETE
2247,2247,,,2024-08-29 06:09:36.777207,2024-08-29 06:09:36.783189,0 days 00:00:00.005982,0.0149,N95,34,16,1.1x60x0.1,1.1x60x0.1,0.006392399744845041,,,,,,,,,,,,,,,5,FAIL
2248,2248,,,2024-08-29 06:09:36.784229,2024-08-29 06:09:36.792268,0 days 00:00:00.008039,0.01435,N95,18,8,1.1x60x0.1,1.4x200x0.071,0.02168803210306484,,,,,,,,,,,,,,,5,FAIL
2249,2249,,,2024-08-29 06:09:36.793266,2024-08-29 06:09:36.801298,0 days 00:00:00.008032,0.01435,N95,23,1,1.4x200x0.071,1.1x60x0.1,0.00742492574760233,,,,,,,,,,,,,,,5,FAIL
2250,2250,4.028134888291675e-05,83.50592477167525,2024-08-29 06:09:36.803337,2024-08-29 06:09:37.034810,0 days 00:00:00.231473,0.0149,N95,30,16,1.1x60x0.1,1.1x60x0.1,0.014161004998713499,0.0003265080695482861,0.0006270120479607962,2.758481266046025e-05,0.15820041580743732,0.18202374857454903,0.281851622815272,3.173879776836593e-05,4.91454094714236e-05,7.0,77.55211450946165,1.7112587683098224,4.2425514939037905,0.006900000000000001,0.01105,5,COMPLETE
2251,2251,,,2024-08-29 06:09:37.035809,2024-08-29 06:09:37.043849,0 days 00:00:00.008040,0.01345,N95,34,16,1.1x60x0.1,1.1x60x0.1,0.006135523676784525,,,,,,,,,,,,,,,5,FAIL
2252,2252,,,2024-08-29 06:09:37.044846,2024-08-29 06:09:37.051828,0 days 00:00:00.006982,0.012,N95,34,17,1.1x60x0.1,1.1x60x0.1,0.007566321026460959,,,,,,,,,,,,,,,5,FAIL
2253,2253,4.097158541436526e-05,121.92697825740798,2024-08-29 06:09:37.052825,2024-08-29 06:09:37.294179,0 days 00:00:00.241354,0.01435,N95,23,18,1.1x60x0.1,1.1x60x0.1,0.02215207714617324,0.00020047098752135618,0.0008998346701759908,3.7605450211454966e-05,0.2325182838533611,0.25775464892926464,0.27010756757180665,4.168695664033649e-05,4.368480841904319e-05,5.0,117.95213931872802,1.3307952697987795,2.644043668881184,0.009500000000000001,0.008825,5,COMPLETE
2254,2254,3.7545535362209066e-05,121.58742953575484,2024-08-29 06:09:37.296175,2024-08-29 06:09:37.553485,0 days 00:00:00.257310,0.01435,N95,23,16,1.1x60x0.1,1.1x60x0.1,0.019905363911276543,0.00019415875481926416,0.0006533138571469244,3.7605450211454966e-05,0.2325182838533611,0.26116078818512467,0.30387101351828255,4.223783547049466e-05,4.91454094714236e-05,5.0,117.67750743950408,1.2658784273695707,2.644043668881184,0.0082,0.008825,5,COMPLETE
2255,2255,3.87133250750308e-05,66.90990760229347,2024-08-29 06:09:37.554482,2024-08-29 06:09:37.773896,0 days 00:00:00.219414,0.0149,N95,34,17,1.1x60x0.1,1.1x60x0.1,0.012906160642432517,0.0004299959918580969,0.0007191699400878398,2.412419716454984e-05,0.13835359585105508,0.16073417692746253,0.26527211559084424,2.8026615075868105e-05,4.625450303192809e-05,8.0,60.16401216737669,1.8972651561695857,4.848630278747189,0.006900000000000001,0.01105,5,COMPLETE
2256,2256,4.144705409055282e-05,69.8180253999435,2024-08-29 06:09:37.774893,2024-08-29 06:09:38.016441,0 days 00:00:00.241548,0.0149,N95,34,17,1.1x60x0.1,1.1x60x0.1,0.0150938853501041,0.0004306752114552167,0.0007191699400878398,2.412419716454984e-05,0.13835359585105508,0.16073417692746253,0.26527211559084424,2.8026615075868105e-05,4.625450303192809e-05,8.0,63.07212996502672,1.8972651561695857,4.848630278747189,0.006900000000000001,0.01105,5,COMPLETE
2257,2257,4.179978147837036e-05,110.59491725721033,2024-08-29 06:09:38.017438,2024-08-29 06:09:38.298420,0 days 00:00:00.280982,0.0149,N95,34,12,1.1x60x0.1,1.1x60x0.1,0.016676162933953624,0.0004263044511497016,0.0003060384969138193,2.412419716454984e-05,0.13835359585105508,0.24802957600621406,0.37580216375369596,4.324798612863792e-05,6.552721262856479e-05,8.0,104.03502821015331,1.7112587683098224,4.848630278747189,0.005600000000000001,0.01105,5,COMPLETE
2258,2258,4.635420948300106e-05,62.758552975397144,2024-08-29 06:09:38.300488,2024-08-29 06:09:38.528877,0 days 00:00:00.228389,0.0149,N95,34,23,1.1x60x0.1,1.4x200x0.071,0.017720940678370732,0.00043662146606198766,0.0016677865198760882,2.412419716454984e-05,0.13835359585105508,0.15375296776520136,0.19607069413236314,2.680932783991756e-05,3.418811093664251e-05,8.0,57.782001859415914,2.120472821601302,2.8560782943799237,0.0082,0.01105,5,COMPLETE
2259,2259,,,2024-08-29 06:09:38.530873,2024-08-29 06:09:38.539849,0 days 00:00:00.008976,0.01435,N95,23,25,1.4x200x0.071,1.1x60x0.1,0.013773784733247554,,,,,,,,,,,,,,,5,FAIL
2260,2260,4.077948823915728e-05,264.5011770887311,2024-08-29 06:09:38.540846,2024-08-29 06:09:38.768236,0 days 00:00:00.227390,0.01435,N95,26,9,1.1x60x0.1,1.1x60x0.1,0.02455321443741986,0.00020690368113216077,0.0001545272890015145,3.217217402876327e-05,0.19892379032656934,0.377737767398712,0.5402151351436133,6.109196476719602e-05,8.736961683808638e-05,6.0,260.1922799435625,1.1360447425111533,3.172852402657422,0.006900000000000001,0.008825,5,COMPLETE
2261,2261,,,2024-08-29 06:09:38.769234,2024-08-29 06:09:38.775260,0 days 00:00:00.006026,0.0149,N95,34,13,1.1x60x0.1,1.1x60x0.1,0.009619967725170563,,,,,,,,,,,,,,,5,FAIL
2262,2262,,,2024-08-29 06:09:38.776258,2024-08-29 06:09:38.783293,0 days 00:00:00.007035,0.01435,N95,33,19,1.1x60x0.1,1.1x60x0.1,0.017536797409931113,,,,,,,,,,,,,,,5,FAIL
2263,2263,,,2024-08-29 06:09:38.784355,2024-08-29 06:09:38.791391,0 days 00:00:00.007036,0.01435,N95,38,11,1.1x60x0.1,1.1x60x0.1,0.010964603683914654,,,,,,,,,,,,,,,5,FAIL
2264,2264,,,2024-08-29 06:09:38.792389,2024-08-29 06:09:38.800433,0 days 00:00:00.008044,0.01435,N95,34,17,1.1x60x0.1,1.1x60x0.1,0.014471377847031319,,,,,,,,,,,,,,,5,FAIL
2265,2265,,,2024-08-29 06:09:38.801431,2024-08-29 06:09:38.806481,0 days 00:00:00.005050,0.0149,N95,34,16,1.1x60x0.1,1.1x60x0.1,0.005429637279839148,,,,,,,,,,,,,,,5,FAIL
2266,2266,,,2024-08-29 06:09:38.807478,2024-08-29 06:09:38.812519,0 days 00:00:00.005041,0.0149,N95,34,16,1.1x60x0.1,1.4x200x0.071,0.012134856917677989,,,,,,,,,,,,,,,5,FAIL
2267,2267,,,2024-08-29 06:09:38.814580,2024-08-29 06:09:38.819566,0 days 00:00:00.004986,0.01435,N95,18,15,1.1x60x0.1,1.1x60x0.1,0.009374880851393796,,,,,,,,,,,,,,,5,FAIL
