,number,values_0,values_1,datetime_start,datetime_complete,duration,params_core_inner_diameter,params_material,params_n_p_bot,params_n_p_top,params_primary_litz_wire,params_secondary_litz_wire,params_window_h_bot,user_attrs_air_gap_bot,user_attrs_air_gap_top,user_attrs_flux_bot_max,user_attrs_flux_density_bot_max,user_attrs_flux_density_mid_max,user_attrs_flux_density_top_max,user_attrs_flux_mid_max,user_attrs_flux_top_max,user_attrs_n_s_bot,user_attrs_p_hyst,user_attrs_primary_litz_wire_loss,user_attrs_secondary_litz_wire_loss,user_attrs_window_h_top,user_attrs_window_w,system_attrs_nsga2:generation,state
593,593,,,2024-08-29 06:08:26.442752,2024-08-29 06:08:26.446741,0 days 00:00:00.003989,0.012,N95,9,19,1.1x60x0.1,1.4x200x0.071,0.015767666820695102,,,,,,,,,,,,,,,0,FAIL
594,594,,,2024-08-29 06:08:26.446741,2024-08-29 06:08:26.449734,0 days 00:00:00.002993,0.012,N95,40,17,1.4x200x0.071,1.4x200x0.071,0.00860595826737855,,,,,,,,,,,,,,,0,FAIL
595,595,,,2024-08-29 06:08:26.449734,2024-08-29 06:08:26.452725,0 days 00:00:00.002991,0.0149,N95,34,1,1.1x60x0.1,1.1x60x0.1,0.007013028722544421,,,,,,,,,,,,,,,0,FAIL
596,596,,,2024-08-29 06:08:26.452725,2024-08-29 06:08:26.454721,0 days 00:00:00.001996,0.0149,N95,39,20,1.4x200x0.071,1.4x200x0.071,0.005219972154965281,,,,,,,,,,,,,,,0,FAIL
597,597,,,2024-08-29 06:08:26.454721,2024-08-29 06:08:26.458708,0 days 00:00:00.003987,0.0149,N95,14,11,1.4x200x0.071,1.4x200x0.071,0.009815763646962638,,,,,,,,,,,,,,,0,FAIL
598,598,,,2024-08-29 06:08:26.458708,2024-08-29 06:08:26.460703,0 days 00:00:00.001995,0.0149,N95,40,14,1.4x200x0.071,1.1x60x0.1,0.010974955321242463,,,,,,,,,,,,,,,0,FAIL
599,599,,,2024-08-29 06:08:26.461700,2024-08-29 06:08:26.463695,0 days 00:00:00.001995,0.01345,N95,9,8,1.1x60x0.1,1.4x200x0.071,0.00962875221665227,,,,,,,,,,,,,,,0,FAIL
600,600,,,2024-08-29 06:08:26.463695,2024-08-29 06:08:26.465689,0 days 00:00:00.001994,0.012,N95,1,9,1.1x60x0.1,1.1x60x0.1,0.00994740085733886,,,,,,,,,,,,,,,0,FAIL
601,601,,,2024-08-29 06:08:26.466687,2024-08-29 06:08:26.468683,0 days 00:00:00.001996,0.012,N95,18,0,1.4x200x0.071,1.4x200x0.071,0.007262200207414499,,,,,,,,,,,,,,,0,FAIL
602,602,,,2024-08-29 06:08:26.468683,2024-08-29 06:08:26.472672,0 days 00:00:00.003989,0.01435,N95,40,6,1.1x60x0.1,1.1x60x0.1,0.020780487843498688,,,,,,,,,,,,,,,0,FAIL
603,603,,,2024-08-29 06:08:26.473668,2024-08-29 06:08:26.475662,0 days 00:00:00.001994,0.01435,N95,14,24,1.4x200x0.071,1.1x60x0.1,0.017055036952329922,,,,,,,,,,,,,,,0,FAIL
604,604,,,2024-08-29 06:08:26.476660,2024-08-29 06:08:26.478655,0 days 00:00:00.001995,0.0149,N95,9,15,1.4x200x0.071,1.1x60x0.1,0.01384741822446666,,,,,,,,,,,,,,,0,FAIL
605,605,,,2024-08-29 06:08:26.479651,2024-08-29 06:08:26.481646,0 days 00:00:00.001995,0.01435,N95,23,4,1.4x200x0.071,1.4x200x0.071,0.013740881860818482,,,,,,,,,,,,,,,0,FAIL
606,606,,,2024-08-29 06:08:26.481646,2024-08-29 06:08:26.484638,0 days 00:00:00.002992,0.01435,N95,29,15,1.1x60x0.1,1.4x200x0.071,0.010225730459922994,,,,,,,,,,,,,,,0,FAIL
607,607,,,2024-08-29 06:08:26.484638,2024-08-29 06:08:26.487630,0 days 00:00:00.002992,0.0149,N95,17,2,1.4x200x0.071,1.4x200x0.071,0.00978953439425692,,,,,,,,,,,,,,,0,FAIL
608,608,,,2024-08-29 06:08:26.487630,2024-08-29 06:08:26.490622,0 days 00:00:00.002992,0.012,N95,25,0,1.1x60x0.1,1.4x200x0.071,0.009094033388490554,,,,,,,,,,,,,,,0,FAIL
609,609,5.087678123541833e-05,80.54803769290426,2024-08-29 06:08:26.490622,2024-08-29 06:08:26.737963,0 days 00:00:00.247341,0.0149,N95,30,21,1.4x200x0.071,1.4x200x0.071,0.018540224780343614,0.0003320406773453291,0.0014073142882488107,2.758481266046025e-05,0.15820041580743732,0.17525377639586823,0.2147440935735406,3.05583431323127e-05,3.744412150203703e-05,7.0,76.93138802947024,1.1175811558515882,2.4990685075824333,0.011,0.01105,0,COMPLETE
610,610,,,2024-08-29 06:08:26.737963,2024-08-29 06:08:26.741951,0 days 00:00:00.003988,0.0149,N95,15,7,1.1x60x0.1,1.4x200x0.071,0.01638583379143871,,,,,,,,,,,,,,,0,FAIL
611,611,,,2024-08-29 06:08:26.741951,2024-08-29 06:08:26.745991,0 days 00:00:00.004040,0.012,N95,4,15,1.1x60x0.1,1.4x200x0.071,0.011243296032968165,,,,,,,,,,,,,,,0,FAIL
612,612,,,2024-08-29 06:08:26.745991,2024-08-29 06:08:26.749981,0 days 00:00:00.003990,0.0149,N95,16,11,1.1x60x0.1,1.4x200x0.071,0.018853127563555092,,,,,,,,,,,,,,,0,FAIL
613,613,,,2024-08-29 06:08:26.750978,2024-08-29 06:08:26.753971,0 days 00:00:00.002993,0.0149,N95,22,4,1.1x60x0.1,1.4x200x0.071,0.0067389118028313,,,,,,,,,,,,,,,0,FAIL
614,614,,,2024-08-29 06:08:26.755024,2024-08-29 06:08:26.756022,0 days 00:00:00.000998,0.012,N95,2,5,1.4x200x0.071,1.4x200x0.071,0.00957449842662655,,,,,,,,,,,,,,,0,FAIL
615,615,,,2024-08-29 06:08:26.756022,2024-08-29 06:08:26.758017,0 days 00:00:00.001995,0.0149,N95,35,0,1.1x60x0.1,1.1x60x0.1,0.0192037754140406,,,,,,,,,,,,,,,0,FAIL
616,616,,,2024-08-29 06:08:26.758017,2024-08-29 06:08:26.760012,0 days 00:00:00.001995,0.012,N95,2,7,1.1x60x0.1,1.4x200x0.071,0.012897930112254374,,,,,,,,,,,,,,,0,FAIL
617,617,,,2024-08-29 06:08:26.760012,2024-08-29 06:08:26.762059,0 days 00:00:00.002047,0.01345,N95,25,4,1.1x60x0.1,1.4x200x0.071,0.01025676542618478,,,,,,,,,,,,,,,0,FAIL
618,618,4.418807192851338e-05,130.0045839220945,2024-08-29 06:08:26.762059,2024-08-29 06:08:26.977645,0 days 00:00:00.215586,0.0149,N95,27,12,1.1x60x0.1,1.4x200x0.071,0.018587443092742965,0.00026447002663328997,0.00034711596307919387,3.179831775981402e-05,0.1823650989948635,0.26540762219324654,0.37580216375369596,4.627813080953187e-05,6.552721262856479e-05,6.0,126.4116753760034,1.4508498253061541,2.1420587207849424,0.005600000000000001,0.01105,0,COMPLETE
619,619,,,2024-08-29 06:08:26.978706,2024-08-29 06:08:26.979704,0 days 00:00:00.000998,0.01435,N95,10,4,1.4x200x0.071,1.4x200x0.071,0.008766536798637125,,,,,,,,,,,,,,,0,FAIL
620,620,,,2024-08-29 06:08:26.980701,2024-08-29 06:08:26.981700,0 days 00:00:00.000999,0.01345,N95,36,11,1.4x200x0.071,1.4x200x0.071,0.009453798279282579,,,,,,,,,,,,,,,0,FAIL
621,621,,,2024-08-29 06:08:26.981700,2024-08-29 06:08:26.983693,0 days 00:00:00.001993,0.01345,N95,15,21,1.4x200x0.071,1.1x60x0.1,0.00877121893561338,,,,,,,,,,,,,,,0,FAIL
622,622,,,2024-08-29 06:08:26.983693,2024-08-29 06:08:26.985784,0 days 00:00:00.002091,0.0149,N95,13,15,1.1x60x0.1,1.4x200x0.071,0.00840540501220697,,,,,,,,,,,,,,,0,FAIL
623,623,,,2024-08-29 06:08:26.985784,2024-08-29 06:08:26.988776,0 days 00:00:00.002992,0.012,N95,7,15,1.4x200x0.071,1.1x60x0.1,0.010693645006242924,,,,,,,,,,,,,,,0,FAIL
624,624,,,2024-08-29 06:08:26.988776,2024-08-29 06:08:26.992765,0 days 00:00:00.003989,0.0149,N95,17,16,1.1x60x0.1,1.4x200x0.071,0.01732310969895286,,,,,,,,,,,,,,,0,FAIL
625,625,,,2024-08-29 06:08:26.992765,2024-08-29 06:08:26.994760,0 days 00:00:00.001995,0.01435,N95,32,8,1.4x200x0.071,1.1x60x0.1,0.006366698068967776,,,,,,,,,,,,,,,0,FAIL
626,626,,,2024-08-29 06:08:26.995757,2024-08-29 06:08:26.999748,0 days 00:00:00.003991,0.01435,N95,36,17,1.1x60x0.1,1.1x60x0.1,0.02102513623526792,,,,,,,,,,,,,,,0,FAIL
627,627,,,2024-08-29 06:08:27.000745,2024-08-29 06:08:27.003736,0 days 00:00:00.002991,0.012,N95,7,14,1.4x200x0.071,1.1x60x0.1,0.005211214333969817,,,,,,,,,,,,,,,0,FAIL
628,628,,,2024-08-29 06:08:27.004736,2024-08-29 06:08:27.007726,0 days 00:00:00.002990,0.01435,N95,22,25,1.4x200x0.071,1.1x60x0.1,0.007588185928899535,,,,,,,,,,,,,,,0,FAIL
629,629,,,2024-08-29 06:08:27.008724,2024-08-29 06:08:27.011715,0 days 00:00:00.002991,0.012,N95,8,25,1.4x200x0.071,1.4x200x0.071,0.011910941667382616,,,,,,,,,,,,,,,0,FAIL
630,630,,,2024-08-29 06:08:27.011715,2024-08-29 06:08:27.014708,0 days 00:00:00.002993,0.012,N95,9,13,1.1x60x0.1,1.4x200x0.071,0.010831913099347517,,,,,,,,,,,,,,,0,FAIL
631,631,,,2024-08-29 06:08:27.015705,2024-08-29 06:08:27.017699,0 days 00:00:00.001994,0.01435,N95,37,13,1.1x60x0.1,1.1x60x0.1,0.015391420746776418,,,,,,,,,,,,,,,0,FAIL
632,632,4.6286024447041075e-05,78.12927278733125,2024-08-29 06:08:27.018697,2024-08-29 06:08:27.261051,0 days 00:00:00.242354,0.0149,N95,30,21,1.1x60x0.1,1.4x200x0.071,0.017666374155128617,0.0003323044700489597,0.0013110362845557117,2.758481266046025e-05,0.15820041580743732,0.17525377639586823,0.2147440935735406,3.05583431323127e-05,3.744412150203703e-05,7.0,73.73293912357923,1.8972651561695857,2.4990685075824333,0.0082,0.01105,0,COMPLETE
633,633,,,2024-08-29 06:08:27.262046,2024-08-29 06:08:27.267032,0 days 00:00:00.004986,0.01345,N95,10,9,1.1x60x0.1,1.1x60x0.1,0.0071230541689020835,,,,,,,,,,,,,,,0,FAIL
634,634,,,2024-08-29 06:08:27.267032,2024-08-29 06:08:27.274016,0 days 00:00:00.006984,0.0149,N95,20,9,1.1x60x0.1,1.4x200x0.071,0.01756446527499108,,,,,,,,,,,,,,,0,FAIL
635,635,,,2024-08-29 06:08:27.275011,2024-08-29 06:08:27.278010,0 days 00:00:00.002999,0.012,N95,24,13,1.1x60x0.1,1.1x60x0.1,0.014265487126949444,,,,,,,,,,,,,,,0,FAIL
636,636,,,2024-08-29 06:08:27.279000,2024-08-29 06:08:27.284985,0 days 00:00:00.005985,0.0149,N95,12,13,1.1x60x0.1,1.4x200x0.071,0.009386921383330287,,,,,,,,,,,,,,,0,FAIL
637,637,,,2024-08-29 06:08:27.284985,2024-08-29 06:08:27.288974,0 days 00:00:00.003989,0.01345,N95,32,13,1.1x60x0.1,1.4x200x0.071,0.00795368839000542,,,,,,,,,,,,,,,0,FAIL
638,638,,,2024-08-29 06:08:27.289971,2024-08-29 06:08:27.293961,0 days 00:00:00.003990,0.01435,N95,26,3,1.1x60x0.1,1.4x200x0.071,0.013125895805814173,,,,,,,,,,,,,,,0,FAIL
639,639,,,2024-08-29 06:08:27.294961,2024-08-29 06:08:27.298946,0 days 00:00:00.003985,0.01435,N95,32,24,1.4x200x0.071,1.1x60x0.1,0.013984215858439997,,,,,,,,,,,,,,,0,FAIL
640,640,5.0389354570548305e-05,79.88723449415643,2024-08-29 06:08:27.298946,2024-08-29 06:08:27.564237,0 days 00:00:00.265291,0.0149,N95,30,21,1.4x200x0.071,1.4x200x0.071,0.018150151239089383,0.0003321615314959204,0.0014073142882488107,2.758481266046025e-05,0.15820041580743732,0.17525377639586823,0.2147440935735406,3.05583431323127e-05,3.744412150203703e-05,7.0,76.27058483072241,1.1175811558515882,2.4990685075824333,0.011,0.01105,0,COMPLETE
641,641,,,2024-08-29 06:08:27.565234,2024-08-29 06:08:27.569224,0 days 00:00:00.003990,0.0149,N95,17,19,1.4x200x0.071,1.4x200x0.071,0.019566107155004342,,,,,,,,,,,,,,,0,FAIL
642,642,,,2024-08-29 06:08:27.570221,2024-08-29 06:08:27.574268,0 days 00:00:00.004047,0.0149,N95,0,6,1.4x200x0.071,1.4x200x0.071,0.013358211120172978,,,,,,,,,,,,,,,0,FAIL
643,643,,,2024-08-29 06:08:27.574268,2024-08-29 06:08:27.577319,0 days 00:00:00.003051,0.01435,N95,38,1,1.4x200x0.071,1.4x200x0.071,0.012352913581269602,,,,,,,,,,,,,,,0,FAIL
644,644,,,2024-08-29 06:08:27.578316,2024-08-29 06:08:27.583358,0 days 00:00:00.005042,0.0149,N95,21,16,1.1x60x0.1,1.1x60x0.1,0.01233769499429219,,,,,,,,,,,,,,,0,FAIL
645,645,,,2024-08-29 06:08:27.583358,2024-08-29 06:08:27.585353,0 days 00:00:00.001995,0.01435,N95,33,1,1.4x200x0.071,1.4x200x0.071,0.01040223976235428,,,,,,,,,,,,,,,0,FAIL
646,646,,,2024-08-29 06:08:27.586350,2024-08-29 06:08:27.589428,0 days 00:00:00.003078,0.012,N95,20,19,1.4x200x0.071,1.4x200x0.071,0.014285386944646594,,,,,,,,,,,,,,,0,FAIL
647,647,,,2024-08-29 06:08:27.589428,2024-08-29 06:08:27.592419,0 days 00:00:00.002991,0.01345,N95,32,20,1.4x200x0.071,1.1x60x0.1,0.01133571209596259,,,,,,,,,,,,,,,0,FAIL
648,648,,,2024-08-29 06:08:27.593418,2024-08-29 06:08:27.596464,0 days 00:00:00.003046,0.01345,N95,39,24,1.4x200x0.071,1.4x200x0.071,0.00852477002195465,,,,,,,,,,,,,,,0,FAIL
649,649,,,2024-08-29 06:08:27.596464,2024-08-29 06:08:27.601502,0 days 00:00:00.005038,0.0149,N95,5,21,1.1x60x0.1,1.4x200x0.071,0.007947389809369078,,,,,,,,,,,,,,,0,FAIL
650,650,,,2024-08-29 06:08:27.601502,2024-08-29 06:08:27.604494,0 days 00:00:00.002992,0.012,N95,22,22,1.1x60x0.1,1.1x60x0.1,0.011850378977593168,,,,,,,,,,,,,,,0,FAIL
651,651,,,2024-08-29 06:08:27.604494,2024-08-29 06:08:27.608547,0 days 00:00:00.004053,0.01435,N95,3,1,1.1x60x0.1,1.1x60x0.1,0.013225825964642557,,,,,,,,,,,,,,,0,FAIL
652,652,,,2024-08-29 06:08:27.608547,2024-08-29 06:08:27.611539,0 days 00:00:00.002992,0.01345,N95,16,22,1.1x60x0.1,1.1x60x0.1,0.008155665835662042,,,,,,,,,,,,,,,0,FAIL
653,653,,,2024-08-29 06:08:27.611539,2024-08-29 06:08:27.615607,0 days 00:00:00.004068,0.0149,N95,11,25,1.4x200x0.071,1.1x60x0.1,0.011689927962802698,,,,,,,,,,,,,,,0,FAIL
654,654,,,2024-08-29 06:08:27.615607,2024-08-29 06:08:27.618598,0 days 00:00:00.002991,0.012,N95,35,10,1.4x200x0.071,1.1x60x0.1,0.01152920222834792,,,,,,,,,,,,,,,0,FAIL
655,655,,,2024-08-29 06:08:27.618598,2024-08-29 06:08:27.622654,0 days 00:00:00.004056,0.012,N95,37,4,1.4x200x0.071,1.1x60x0.1,0.013668836230250093,,,,,,,,,,,,,,,0,FAIL
656,656,,,2024-08-29 06:08:27.622654,2024-08-29 06:08:27.625701,0 days 00:00:00.003047,0.012,N95,17,23,1.4x200x0.071,1.1x60x0.1,0.011020402400374316,,,,,,,,,,,,,,,0,FAIL
657,657,,,2024-08-29 06:08:27.626698,2024-08-29 06:08:27.629690,0 days 00:00:00.002992,0.012,N95,35,11,1.1x60x0.1,1.1x60x0.1,0.010159353123762555,,,,,,,,,,,,,,,0,FAIL
658,658,,,2024-08-29 06:08:27.630688,2024-08-29 06:08:27.633733,0 days 00:00:00.003045,0.01345,N95,28,23,1.4x200x0.071,1.1x60x0.1,0.007251024322741918,,,,,,,,,,,,,,,0,FAIL
659,659,,,2024-08-29 06:08:27.634731,2024-08-29 06:08:27.637782,0 days 00:00:00.003051,0.01345,N95,32,1,1.1x60x0.1,1.4x200x0.071,0.010921234944348962,,,,,,,,,,,,,,,0,FAIL
660,660,,,2024-08-29 06:08:27.637782,2024-08-29 06:08:27.642769,0 days 00:00:00.004987,0.0149,N95,19,4,1.4x200x0.071,1.1x60x0.1,0.01912147985838014,,,,,,,,,,,,,,,0,FAIL
661,661,,,2024-08-29 06:08:27.642769,2024-08-29 06:08:27.647826,0 days 00:00:00.005057,0.012,N95,3,15,1.4x200x0.071,1.1x60x0.1,0.015366677040318143,,,,,,,,,,,,,,,0,FAIL
662,662,,,2024-08-29 06:08:27.647826,2024-08-29 06:08:27.650873,0 days 00:00:00.003047,0.012,N95,29,12,1.1x60x0.1,1.1x60x0.1,0.014598247680615118,,,,,,,,,,,,,,,0,FAIL
663,663,,,2024-08-29 06:08:27.651871,2024-08-29 06:08:27.654863,0 days 00:00:00.002992,0.012,N95,37,15,1.1x60x0.1,1.4x200x0.071,0.005756180447121983,,,,,,,,,,,,,,,0,FAIL
664,664,,,2024-08-29 06:08:27.654863,2024-08-29 06:08:27.659912,0 days 00:00:00.005049,0.01435,N95,24,25,1.1x60x0.1,1.4x200x0.071,0.020249714945787173,,,,,,,,,,,,,,,0,FAIL
665,665,,,2024-08-29 06:08:27.659912,2024-08-29 06:08:27.662975,0 days 00:00:00.003063,0.01435,N95,0,0,1.1x60x0.1,1.4x200x0.071,0.016056964108654155,,,,,,,,,,,,,,,0,FAIL
666,666,,,2024-08-29 06:08:27.662975,2024-08-29 06:08:27.664970,0 days 00:00:00.001995,0.012,N95,8,3,1.4x200x0.071,1.4x200x0.071,0.012622817549214321,,,,,,,,,,,,,,,0,FAIL
667,667,,,2024-08-29 06:08:27.664970,2024-08-29 06:08:27.668020,0 days 00:00:00.003050,0.01435,N95,6,23,1.1x60x0.1,1.1x60x0.1,0.02204627466451685,,,,,,,,,,,,,,,0,FAIL
668,668,,,2024-08-29 06:08:27.669018,2024-08-29 06:08:27.672011,0 days 00:00:00.002993,0.012,N95,2,8,1.1x60x0.1,1.1x60x0.1,0.011898401928613817,,,,,,,,,,,,,,,0,FAIL
669,669,,,2024-08-29 06:08:27.672011,2024-08-29 06:08:27.675003,0 days 00:00:00.002992,0.01345,N95,6,7,1.1x60x0.1,1.4x200x0.071,0.006319665671713128,,,,,,,,,,,,,,,0,FAIL
670,670,,,2024-08-29 06:08:27.675003,2024-08-29 06:08:27.678992,0 days 00:00:00.003989,0.01435,N95,13,23,1.1x60x0.1,1.1x60x0.1,0.013441725260365406,,,,,,,,,,,,,,,0,FAIL
671,671,,,2024-08-29 06:08:27.679990,2024-08-29 06:08:27.683978,0 days 00:00:00.003988,0.01435,N95,4,1,1.4x200x0.071,1.1x60x0.1,0.022506670020151893,,,,,,,,,,,,,,,0,FAIL
672,672,,,2024-08-29 06:08:27.684975,2024-08-29 06:08:27.686971,0 days 00:00:00.001996,0.01345,N95,39,3,1.1x60x0.1,1.1x60x0.1,0.009816939840658272,,,,,,,,,,,,,,,0,FAIL
673,673,,,2024-08-29 06:08:27.686971,2024-08-29 06:08:27.688965,0 days 00:00:00.001994,0.01345,N95,38,14,1.1x60x0.1,1.1x60x0.1,0.0061343204920965635,,,,,,,,,,,,,,,0,FAIL
674,674,,,2024-08-29 06:08:27.688965,2024-08-29 06:08:27.690960,0 days 00:00:00.001995,0.012,N95,27,7,1.4x200x0.071,1.1x60x0.1,0.011438594112770477,,,,,,,,,,,,,,,0,FAIL
675,675,,,2024-08-29 06:08:27.690960,2024-08-29 06:08:27.692954,0 days 00:00:00.001994,0.01345,N95,15,24,1.4x200x0.071,1.4x200x0.071,0.007603718938412758,,,,,,,,,,,,,,,0,FAIL
676,676,,,2024-08-29 06:08:27.692954,2024-08-29 06:08:27.694949,0 days 00:00:00.001995,0.01345,N95,10,22,1.4x200x0.071,1.1x60x0.1,0.008741073582025742,,,,,,,,,,,,,,,0,FAIL
677,677,,,2024-08-29 06:08:27.695946,2024-08-29 06:08:27.698938,0 days 00:00:00.002992,0.0149,N95,25,13,1.1x60x0.1,1.1x60x0.1,0.018875986025747422,,,,,,,,,,,,,,,0,FAIL
678,678,,,2024-08-29 06:08:27.698938,2024-08-29 06:08:27.700935,0 days 00:00:00.001997,0.0149,N95,12,0,1.1x60x0.1,1.1x60x0.1,0.011546981675896493,,,,,,,,,,,,,,,0,FAIL
679,679,,,2024-08-29 06:08:27.700935,2024-08-29 06:08:27.703925,0 days 00:00:00.002990,0.0149,N95,3,22,1.1x60x0.1,1.1x60x0.1,0.005085970294969579,,,,,,,,,,,,,,,0,FAIL
680,680,,,2024-08-29 06:08:27.703925,2024-08-29 06:08:27.707915,0 days 00:00:00.003990,0.01435,N95,35,6,1.1x60x0.1,1.1x60x0.1,0.01804544469315835,,,,,,,,,,,,,,,0,FAIL
681,681,,,2024-08-29 06:08:27.708911,2024-08-29 06:08:27.711904,0 days 00:00:00.002993,0.012,N95,7,19,1.4x200x0.071,1.4x200x0.071,0.013514678433406271,,,,,,,,,,,,,,,0,FAIL
682,682,,,2024-08-29 06:08:27.712903,2024-08-29 06:08:27.716890,0 days 00:00:00.003987,0.0149,N95,4,6,1.1x60x0.1,1.1x60x0.1,0.0075552568884744865,,,,,,,,,,,,,,,0,FAIL
683,683,4.508834995679552e-05,65.5845334861197,2024-08-29 06:08:27.716890,2024-08-29 06:08:27.929322,0 days 00:00:00.212432,0.0149,N95,38,17,1.1x60x0.1,1.1x60x0.1,0.01800790970631863,0.0005570908859924886,0.0007085989814634232,2.142358842386681e-05,0.12286545638213449,0.14749816341492034,0.26527211559084424,2.5718701084294186e-05,4.625450303192809e-05,9.0,58.083754156071706,2.0460702664573964,5.454709063590586,0.006900000000000001,0.01105,0,COMPLETE
684,684,,,2024-08-29 06:08:27.930320,2024-08-29 06:08:27.933312,0 days 00:00:00.002992,0.01345,N95,18,15,1.1x60x0.1,1.4x200x0.071,0.0036214319718412356,,,,,,,,,,,,,,,0,FAIL
685,685,,,2024-08-29 06:08:27.934309,2024-08-29 06:08:27.937301,0 days 00:00:00.002992,0.012,N95,30,3,1.1x60x0.1,1.1x60x0.1,0.013146743763928815,,,,,,,,,,,,,,,0,FAIL
686,686,,,2024-08-29 06:08:27.937301,2024-08-29 06:08:27.940293,0 days 00:00:00.002992,0.01435,N95,29,17,1.4x200x0.071,1.4x200x0.071,0.0160648501917779,,,,,,,,,,,,,,,0,FAIL
687,687,,,2024-08-29 06:08:27.940293,2024-08-29 06:08:27.945279,0 days 00:00:00.004986,0.01435,N95,6,9,1.4x200x0.071,1.1x60x0.1,0.008094500595786154,,,,,,,,,,,,,,,0,FAIL
688,688,,,2024-08-29 06:08:27.946276,2024-08-29 06:08:27.951263,0 days 00:00:00.004987,0.0149,N95,12,11,1.1x60x0.1,1.4x200x0.071,0.009239230329305516,,,,,,,,,,,,,,,0,FAIL
689,689,,,2024-08-29 06:08:27.952260,2024-08-29 06:08:27.955252,0 days 00:00:00.002992,0.01345,N95,24,25,1.4x200x0.071,1.4x200x0.071,0.00794928669374314,,,,,,,,,,,,,,,0,FAIL
690,690,,,2024-08-29 06:08:27.956251,2024-08-29 06:08:27.959243,0 days 00:00:00.002992,0.012,N95,22,20,1.1x60x0.1,1.4x200x0.071,0.004889013171553578,,,,,,,,,,,,,,,0,FAIL
691,691,,,2024-08-29 06:08:27.960239,2024-08-29 06:08:27.963231,0 days 00:00:00.002992,0.012,N95,40,2,1.4x200x0.071,1.1x60x0.1,0.00854116394518062,,,,,,,,,,,,,,,0,FAIL
692,692,,,2024-08-29 06:08:27.963231,2024-08-29 06:08:27.967221,0 days 00:00:00.003990,0.0149,N95,2,20,1.1x60x0.1,1.4x200x0.071,0.0100852464776596,,,,,,,,,,,,,,,0,FAIL
693,693,4.3814771011036555e-05,119.81303192243604,2024-08-29 06:08:27.967221,2024-08-29 06:08:28.261433,0 days 00:00:00.294212,0.01435,N95,26,17,1.4x200x0.071,1.1x60x0.1,0.02199539783077193,0.000221005550459662,0.0007341729715743182,3.217217402876327e-05,0.19892379032656934,0.22260570418263737,0.2859962480172071,3.600227726910877e-05,4.625450303192809e-05,6.0,115.85191370009422,0.7882658196843967,3.172852402657422,0.0126,0.008825,0,COMPLETE
694,694,,,2024-08-29 06:08:28.262431,2024-08-29 06:08:28.266420,0 days 00:00:00.003989,0.012,N95,35,0,1.4x200x0.071,1.4x200x0.071,0.00828406793801665,,,,,,,,,,,,,,,0,FAIL
695,695,,,2024-08-29 06:08:28.267418,2024-08-29 06:08:28.270410,0 days 00:00:00.002992,0.012,N95,29,12,1.1x60x0.1,1.1x60x0.1,0.009204126558759542,,,,,,,,,,,,,,,0,FAIL
696,696,,,2024-08-29 06:08:28.270410,2024-08-29 06:08:28.275453,0 days 00:00:00.005043,0.01435,N95,5,25,1.4x200x0.071,1.4x200x0.071,0.024090074067435893,,,,,,,,,,,,,,,0,FAIL
697,697,,,2024-08-29 06:08:28.275453,2024-08-29 06:08:28.280499,0 days 00:00:00.005046,0.01435,N95,4,13,1.1x60x0.1,1.1x60x0.1,0.009272594065523011,,,,,,,,,,,,,,,0,FAIL
698,698,,,2024-08-29 06:08:28.281496,2024-08-29 06:08:28.285567,0 days 00:00:00.004071,0.01435,N95,25,1,1.1x60x0.1,1.1x60x0.1,0.018769599901495675,,,,,,,,,,,,,,,0,FAIL
699,699,,,2024-08-29 06:08:28.285567,2024-08-29 06:08:28.288557,0 days 00:00:00.002990,0.012,N95,6,24,1.1x60x0.1,1.4x200x0.071,0.0061523625005784266,,,,,,,,,,,,,,,0,FAIL
700,700,,,2024-08-29 06:08:28.289556,2024-08-29 06:08:28.292629,0 days 00:00:00.003073,0.01345,N95,12,11,1.1x60x0.1,1.4x200x0.071,0.010281989874957029,,,,,,,,,,,,,,,0,FAIL
701,701,,,2024-08-29 06:08:28.293627,2024-08-29 06:08:28.298672,0 days 00:00:00.005045,0.0149,N95,8,12,1.1x60x0.1,1.4x200x0.071,0.010764388575848067,,,,,,,,,,,,,,,0,FAIL
702,702,,,2024-08-29 06:08:28.298672,2024-08-29 06:08:28.301665,0 days 00:00:00.002993,0.012,N95,0,10,1.1x60x0.1,1.4x200x0.071,0.014739032942506034,,,,,,,,,,,,,,,0,FAIL
703,703,,,2024-08-29 06:08:28.301665,2024-08-29 06:08:28.304718,0 days 00:00:00.003053,0.0149,N95,11,23,1.1x60x0.1,1.4x200x0.071,0.005990821747604302,,,,,,,,,,,,,,,0,FAIL
704,704,,,2024-08-29 06:08:28.304718,2024-08-29 06:08:28.310776,0 days 00:00:00.006058,0.0149,N95,6,23,1.4x200x0.071,1.4x200x0.071,0.011770353716291992,,,,,,,,,,,,,,,0,FAIL
705,705,,,2024-08-29 06:08:28.310776,2024-08-29 06:08:28.314863,0 days 00:00:00.004087,0.01435,N95,12,8,1.4x200x0.071,1.4x200x0.071,0.007670454324979469,,,,,,,,,,,,,,,0,FAIL
706,706,,,2024-08-29 06:08:28.314863,2024-08-29 06:08:28.317855,0 days 00:00:00.002992,0.01345,N95,4,11,1.1x60x0.1,1.1x60x0.1,0.003686334307957652,,,,,,,,,,,,,,,0,FAIL
707,707,,,2024-08-29 06:08:28.317855,2024-08-29 06:08:28.320883,0 days 00:00:00.003028,0.012,N95,11,17,1.4x200x0.071,1.4x200x0.071,0.007980095807191126,,,,,,,,,,,,,,,0,FAIL
