,number,values_0,values_1,datetime_start,datetime_complete,duration,params_core_inner_diameter,params_material,params_n_p_bot,params_n_p_top,params_primary_litz_wire,params_secondary_litz_wire,params_window_h_bot,user_attrs_air_gap_bot,user_attrs_air_gap_top,user_attrs_flux_bot_max,user_attrs_flux_density_bot_max,user_attrs_flux_density_mid_max,user_attrs_flux_density_top_max,user_attrs_flux_mid_max,user_attrs_flux_top_max,user_attrs_n_s_bot,user_attrs_p_hyst,user_attrs_primary_litz_wire_loss,user_attrs_secondary_litz_wire_loss,user_attrs_window_h_top,user_attrs_window_w,system_attrs_nsga2:generation,state
4119,4119,4.207459067174584e-05,93.59069802846716,2024-08-29 06:12:27.533920,2024-08-29 06:12:27.763557,0 days 00:00:00.229637,0.01435,N95,34,15,1.1x60x0.1,1.1x60x0.1,0.024593929508210474,0.0003944087131765359,0.0004919656916685144,2.412419716454984e-05,0.14916233930188658,0.18647743278770848,0.3241290810861681,3.0159210269591635e-05,5.242177010285185e-05,8.0,87.76976551874164,1.5904626395156145,4.2304698702098955,0.0082,0.008825,19,COMPLETE
4120,4120,,,2024-08-29 06:12:27.764494,2024-08-29 06:12:27.773526,0 days 00:00:00.009032,0.0149,N95,34,23,1.1x60x0.1,1.4x200x0.071,0.013037281484675398,,,,,,,,,,,,,,,19,FAIL
4121,4121,3.961069364953675e-05,104.29835530761108,2024-08-29 06:12:27.775521,2024-08-29 06:12:28.010958,0 days 00:00:00.235437,0.01435,N95,27,16,1.1x60x0.1,1.1x60x0.1,0.022043255687029202,0.0002562767817373193,0.0006438482856079794,3.179831775981402e-05,0.19661219938496108,0.224300044235449,0.30387101351828255,3.627630483993612e-05,4.91454094714236e-05,6.0,99.72979079272567,1.395712112227988,3.172852402657422,0.0082,0.008825,19,COMPLETE
4122,4122,,,2024-08-29 06:12:28.011955,2024-08-29 06:12:28.019934,0 days 00:00:00.007979,0.01435,N95,26,15,1.1x60x0.1,1.1x60x0.1,0.011217749361271536,,,,,,,,,,,,,,,19,FAIL
4123,4123,,,2024-08-29 06:12:28.021928,2024-08-29 06:12:28.034893,0 days 00:00:00.012965,0.01435,N95,7,21,1.1x60x0.1,1.1x60x0.1,0.01942092337957565,,,,,,,,,,,,,,,19,FAIL
4124,4124,,,2024-08-29 06:12:28.036888,2024-08-29 06:12:28.046861,0 days 00:00:00.009973,0.012,N95,18,15,1.1x60x0.1,1.1x60x0.1,0.014067917792082406,,,,,,,,,,,,,,,19,FAIL
4125,4125,,,2024-08-29 06:12:28.049853,2024-08-29 06:12:28.056834,0 days 00:00:00.006981,0.01345,N95,15,17,1.1x60x0.1,1.1x60x0.1,0.006075062300453701,,,,,,,,,,,,,,,19,FAIL
4126,4126,3.537901381074053e-05,92.54520179934764,2024-08-29 06:12:28.057832,2024-08-29 06:12:28.263282,0 days 00:00:00.205450,0.01435,N95,26,21,1.1x60x0.1,1.1x60x0.1,0.01506253892527074,0.0002310305601822974,0.0013056874044952748,3.217217402876327e-05,0.19892379032656934,0.21711008454293046,0.23152077220440578,3.511346436666869e-05,3.744412150203703e-05,6.0,87.8468035996038,1.5255457970864057,3.172852402657422,0.0108,0.008825,19,COMPLETE
4127,4127,3.957469727810637e-05,187.70555591205084,2024-08-29 06:12:28.264279,2024-08-29 06:12:28.459941,0 days 00:00:00.195662,0.01435,N95,18,21,1.1x60x0.1,1.1x60x0.1,0.019405991547563395,0.00012149329992708565,0.0013418720270640101,4.7697476639721074e-05,0.2949182990774419,0.31398315818524236,0.23152077220440578,5.078085829076981e-05,3.744412150203703e-05,4.0,184.32444254957633,1.2658784273695707,2.1152349351049478,0.0108,0.008825,19,COMPLETE
4128,4128,3.392378108461063e-05,103.06946544862618,2024-08-29 06:12:28.461935,2024-08-29 06:12:28.697629,0 days 00:00:00.235694,0.01435,N95,23,18,1.1x60x0.1,1.1x60x0.1,0.014856053879504574,0.00020472614155814958,0.0008998346701759908,3.7605450211454966e-05,0.2325182838533611,0.25775464892926464,0.27010756757180665,4.168695664033649e-05,4.368480841904319e-05,5.0,99.09462650994621,1.3307952697987795,2.644043668881184,0.009500000000000001,0.008825,19,COMPLETE
4129,4129,,,2024-08-29 06:12:28.699687,2024-08-29 06:12:28.709661,0 days 00:00:00.009974,0.01435,N95,18,9,1.1x60x0.1,1.1x60x0.1,0.018202721013578865,,,,,,,,,,,,,,,19,FAIL
4130,4130,,,2024-08-29 06:12:28.711654,2024-08-29 06:12:28.720631,0 days 00:00:00.008977,0.01435,N95,26,12,1.4x200x0.071,1.1x60x0.1,0.006566754339899569,,,,,,,,,,,,,,,19,FAIL
4131,4131,,,2024-08-29 06:12:28.721628,2024-08-29 06:12:28.730604,0 days 00:00:00.008976,0.01435,N95,39,22,1.1x60x0.1,1.1x60x0.1,0.009809693078087163,,,,,,,,,,,,,,,19,FAIL
4132,4132,3.290063431811455e-05,107.33430720252453,2024-08-29 06:12:28.731602,2024-08-29 06:12:28.972956,0 days 00:00:00.241354,0.01435,N95,26,15,1.1x60x0.1,1.1x60x0.1,0.015096872570787373,0.00022170869821577953,0.0005082272858830169,3.217217402876327e-05,0.19892379032656934,0.2264526379304322,0.3241290810861681,3.662444630081682e-05,5.242177010285185e-05,6.0,102.83065953006832,1.3307952697987795,3.172852402657422,0.0082,0.008825,19,COMPLETE
4133,4133,3.742396448585547e-05,161.58456520788738,2024-08-29 06:12:28.975948,2024-08-29 06:12:29.173421,0 days 00:00:00.197473,0.01435,N95,23,12,1.1x60x0.1,1.1x60x0.1,0.021079511390275012,0.000178137357585912,0.00032911264543173427,3.7605450211454966e-05,0.2325182838533611,0.2934226347842534,0.40516135135771003,4.745558112863077e-05,6.552721262856479e-05,5.0,157.80447679649504,1.1360447425111533,2.644043668881184,0.006900000000000001,0.008825,19,COMPLETE
4134,4134,4.3808970994123625e-05,77.81507347631805,2024-08-29 06:12:29.175415,2024-08-29 06:12:29.392833,0 days 00:00:00.217418,0.01435,N95,31,23,1.1x60x0.1,1.1x60x0.1,0.0237893935411572,0.00035949342489804444,0.0018059278049162423,2.7446998889213458e-05,0.16970755682379857,0.18768347120642062,0.2113885311431531,3.0354264253976727e-05,3.418811093664251e-05,7.0,72.36065759429576,1.7527547455886363,3.7016611364336582,0.0108,0.008825,19,COMPLETE
4135,4135,,,2024-08-29 06:12:29.394828,2024-08-29 06:12:29.404801,0 days 00:00:00.009973,0.01435,N95,7,7,1.1x60x0.1,1.1x60x0.1,0.018317414215983045,,,,,,,,,,,,,,,19,FAIL
4136,4136,,,2024-08-29 06:12:29.406865,2024-08-29 06:12:29.415896,0 days 00:00:00.009031,0.01435,N95,31,16,1.1x60x0.1,1.1x60x0.1,0.009990052545815375,,,,,,,,,,,,,,,19,FAIL
4137,4137,4.205703629959482e-05,93.6882987504386,2024-08-29 06:12:29.417944,2024-08-29 06:12:29.630651,0 days 00:00:00.212707,0.01435,N95,27,21,1.1x60x0.1,1.1x60x0.1,0.02197575688285751,0.00027446607696708777,0.0013970220973637518,3.179831775981402e-05,0.19661219938496108,0.21700117440146327,0.23152077220440578,3.509585020388289e-05,3.744412150203703e-05,6.0,88.95744212948017,1.5580042183010103,3.172852402657422,0.0108,0.008825,19,COMPLETE
4138,4138,,,2024-08-29 06:12:29.632647,2024-08-29 06:12:29.642754,0 days 00:00:00.010107,0.012,N95,39,20,1.1x60x0.1,1.1x60x0.1,0.013806115883781951,,,,,,,,,,,,,,,19,FAIL
4139,4139,3.200409160431623e-05,131.98852249523898,2024-08-29 06:12:29.644748,2024-08-29 06:12:29.863165,0 days 00:00:00.218417,0.01435,N95,22,15,1.1x60x0.1,1.1x60x0.1,0.014168754224507675,0.0001598822948028604,0.0005164216285503456,3.850162050919795e-05,0.23805939500878825,0.2656149599122152,0.3241290810861681,4.295821380092312e-05,5.242177010285185e-05,5.0,128.14351724141744,1.2009615849403619,2.644043668881184,0.0082,0.008825,19,COMPLETE
4140,4140,,,2024-08-29 06:12:29.865160,2024-08-29 06:12:29.877128,0 days 00:00:00.011968,0.01435,N95,5,23,1.1x60x0.1,1.4x200x0.071,0.006528552335041364,,,,,,,,,,,,,,,19,FAIL
4141,4141,,,2024-08-29 06:12:29.880120,2024-08-29 06:12:29.889095,0 days 00:00:00.008975,0.012,N95,23,15,1.1x60x0.1,1.4x200x0.071,0.00779868777771716,,,,,,,,,,,,,,,19,FAIL
4142,4142,3.8425439495708055e-05,153.5544540714234,2024-08-29 06:12:29.890093,2024-08-29 06:12:30.120476,0 days 00:00:00.230383,0.01435,N95,26,12,1.1x60x0.1,1.1x60x0.1,0.022116257677629175,0.00021311021813344726,0.00029565163374893665,3.217217402876327e-05,0.19892379032656934,0.24285573640879518,0.40516135135771003,3.927733833545221e-05,6.552721262856479e-05,6.0,149.14818166261102,1.2334200061549663,3.172852402657422,0.006900000000000001,0.008825,19,COMPLETE
4143,4143,,,2024-08-29 06:12:30.122472,2024-08-29 06:12:30.129494,0 days 00:00:00.007022,0.012,N95,23,18,1.1x60x0.1,1.1x60x0.1,0.015126959061185035,,,,,,,,,,,,,,,19,FAIL
4144,4144,3.9200695104634826e-05,102.12155385580408,2024-08-29 06:12:30.130492,2024-08-29 06:12:30.338183,0 days 00:00:00.207691,0.01435,N95,26,21,1.1x60x0.1,1.1x60x0.1,0.01901881726863048,0.00022899461852007486,0.0013056874044952748,3.217217402876327e-05,0.19892379032656934,0.21711008454293046,0.23152077220440578,3.511346436666869e-05,3.744412150203703e-05,6.0,97.42315565606025,1.5255457970864057,3.172852402657422,0.0108,0.008825,19,COMPLETE
4145,4145,,,2024-08-29 06:12:30.340177,2024-08-29 06:12:30.347159,0 days 00:00:00.006982,0.0149,N95,34,21,1.1x60x0.1,1.1x60x0.1,0.006392359397528058,,,,,,,,,,,,,,,19,FAIL
4146,4146,4.098232124812726e-05,77.74420552348447,2024-08-29 06:12:30.348157,2024-08-29 06:12:30.555601,0 days 00:00:00.207444,0.01435,N95,34,18,1.1x60x0.1,1.1x60x0.1,0.022163191088792777,0.00039768489944213284,0.0008020568736040902,2.412419716454984e-05,0.14916233930188658,0.17168849298586847,0.27010756757180665,2.776737797932308e-05,4.368480841904319e-05,8.0,71.82589775011513,1.6878379031594277,4.2304698702098955,0.009500000000000001,0.008825,19,COMPLETE
4147,4147,,,2024-08-29 06:12:30.558594,2024-08-29 06:12:30.568567,0 days 00:00:00.009973,0.01435,N95,23,21,1.1x60x0.1,1.4x200x0.071,0.018590750417407133,,,,,,,,,,,,,,,19,FAIL
4148,4148,4.005644041606387e-05,144.55331646972644,2024-08-29 06:12:30.569565,2024-08-29 06:12:30.775014,0 days 00:00:00.205449,0.01435,N95,22,16,1.4x200x0.071,1.4x200x0.071,0.018104701355419008,0.00015930632362794032,0.0006329922245270382,3.850162050919795e-05,0.23805939500878825,0.2635712763586992,0.30387101351828255,4.2627686502828214e-05,4.91454094714236e-05,5.0,142.36341494539292,0.6966070034420251,1.493294520891507,0.0126,0.008825,19,COMPLETE
4149,4149,,,2024-08-29 06:12:30.776014,2024-08-29 06:12:30.781994,0 days 00:00:00.005980,0.012,N95,31,23,1.1x60x0.1,1.1x60x0.1,0.007865519945980084,,,,,,,,,,,,,,,19,FAIL
4150,4150,,,2024-08-29 06:12:30.782993,2024-08-29 06:12:30.789974,0 days 00:00:00.006981,0.0149,N95,23,25,1.1x60x0.1,1.1x60x0.1,0.005731351116693684,,,,,,,,,,,,,,,19,FAIL
4151,4151,3.543356349585124e-05,476.7003373742933,2024-08-29 06:12:30.791043,2024-08-29 06:12:31.007666,0 days 00:00:00.216623,0.01435,N95,23,7,1.1x60x0.1,1.1x60x0.1,0.02031900981366884,0.00015974592688921337,0.00010554346442714258,3.7605450211454966e-05,0.2325182838533611,0.5824555583340751,0.6945623166132172,9.420120919665323e-05,0.00011233236450611108,5.0,473.082541068974,0.9737526364381314,2.644043668881184,0.005600000000000001,0.008825,19,COMPLETE
4152,4152,3.798022620216342e-05,109.72988093591646,2024-08-29 06:12:31.009661,2024-08-29 06:12:31.210181,0 days 00:00:00.200520,0.01435,N95,23,20,1.1x60x0.1,1.1x60x0.1,0.019055364270782138,0.00021008848617947478,0.0011957098788199375,3.7605450211454966e-05,0.2325182838533611,0.25502973752457664,0.24309681081462603,4.124625357620995e-05,3.931632757713888e-05,5.0,105.69012515480729,1.395712112227988,2.644043668881184,0.009500000000000001,0.008825,19,COMPLETE
4153,4153,,,2024-08-29 06:12:31.211179,2024-08-29 06:12:31.223146,0 days 00:00:00.011967,0.01435,N95,5,23,1.1x60x0.1,1.4x200x0.071,0.015261676890579784,,,,,,,,,,,,,,,19,FAIL
4154,4154,,,2024-08-29 06:12:31.225140,2024-08-29 06:12:31.234118,0 days 00:00:00.008978,0.01435,N95,26,21,1.1x60x0.1,1.4x200x0.071,0.015215720830961848,,,,,,,,,,,,,,,19,FAIL
4155,4155,3.775739081728424e-05,67.96184235763927,2024-08-29 06:12:31.237110,2024-08-29 06:12:31.453530,0 days 00:00:00.216420,0.01435,N95,31,23,1.1x60x0.1,1.1x60x0.1,0.017524680773249205,0.00036126315531963445,0.0018059278049162423,2.7446998889213458e-05,0.16970755682379857,0.18768347120642062,0.2113885311431531,3.0354264253976727e-05,3.418811093664251e-05,7.0,62.507426475616974,1.7527547455886363,3.7016611364336582,0.0108,0.008825,19,COMPLETE
4156,4156,3.5150891152447646e-05,102.15963588728981,2024-08-29 06:12:31.455525,2024-08-29 06:12:31.670949,0 days 00:00:00.215424,0.01435,N95,23,20,1.1x60x0.1,1.1x60x0.1,0.016126381940104108,0.00021172904941310007,0.0011957098788199375,3.7605450211454966e-05,0.2325182838533611,0.25502973752457664,0.24309681081462603,4.124625357620995e-05,3.931632757713888e-05,5.0,98.11988010618064,1.395712112227988,2.644043668881184,0.009500000000000001,0.008825,19,COMPLETE
4157,4157,,,2024-08-29 06:12:31.672947,2024-08-29 06:12:31.679925,0 days 00:00:00.006978,0.012,N95,12,18,1.1x60x0.1,1.1x60x0.1,0.014863261568472771,,,,,,,,,,,,,,,19,FAIL
4158,4158,,,2024-08-29 06:12:31.680923,2024-08-29 06:12:31.687903,0 days 00:00:00.006980,0.01435,N95,38,20,1.1x60x0.1,1.1x60x0.1,0.010424739196117371,,,,,,,,,,,,,,,19,FAIL
4159,4159,3.5502281011060985e-05,99.45264745218516,2024-08-29 06:12:31.688902,2024-08-29 06:12:31.875402,0 days 00:00:00.186500,0.01435,N95,35,13,1.1x60x0.1,1.1x60x0.1,0.017790147513630415,0.0004260147446354238,0.0003783652339600798,2.409555951986295e-05,0.1489852698622507,0.2602478224975453,0.37399509356096317,4.209018047691711e-05,6.0486657810982893e-05,8.0,93.66417336367425,1.5580042183010103,4.2304698702098955,0.0082,0.008825,19,COMPLETE
4160,4160,,,2024-08-29 06:12:31.877397,2024-08-29 06:12:31.890362,0 days 00:00:00.012965,0.01435,N95,26,15,1.4x200x0.071,1.1x60x0.1,0.010283338978197413,,,,,,,,,,,,,,,19,FAIL
4161,4161,4.083752599215494e-05,112.54063236636638,2024-08-29 06:12:31.893354,2024-08-29 06:12:32.116757,0 days 00:00:00.223403,0.01435,N95,27,15,1.1x60x0.1,1.1x60x0.1,0.023313296241114154,0.00025195582760265535,0.000549623307057294,3.179831775981402e-05,0.19661219938496108,0.226343727788965,0.3241290810861681,3.660683213803102e-05,5.242177010285185e-05,6.0,108.00452627269557,1.363253691013384,3.172852402657422,0.0082,0.008825,19,COMPLETE
4162,4162,,,2024-08-29 06:12:32.118752,2024-08-29 06:12:32.128724,0 days 00:00:00.009972,0.01435,N95,34,18,1.4x200x0.071,1.4x200x0.071,0.020084423183849353,,,,,,,,,,,,,,,19,FAIL
4163,4163,,,2024-08-29 06:12:32.129722,2024-08-29 06:12:32.139695,0 days 00:00:00.009973,0.012,N95,34,16,1.1x60x0.1,1.1x60x0.1,0.011303764382070255,,,,,,,,,,,,,,,19,FAIL
4164,4164,4.318733122604657e-05,58.6934097821114,2024-08-29 06:12:32.141689,2024-08-29 06:12:32.333178,0 days 00:00:00.191489,0.01435,N95,39,21,1.1x60x0.1,1.1x60x0.1,0.023145860037789547,0.0005696637923720121,0.0013418720270640101,2.144811601917549e-05,0.13261586021771274,0.15252551751820495,0.23152077220440578,2.466812785623588e-05,3.744412150203703e-05,9.0,51.98662590524901,1.9475052728762627,4.759278603986133,0.0108,0.008825,19,COMPLETE
4165,4165,,,2024-08-29 06:12:32.334175,2024-08-29 06:12:32.342153,0 days 00:00:00.007978,0.01435,N95,26,21,1.1x60x0.1,1.1x60x0.1,0.006459504767718792,,,,,,,,,,,,,,,19,FAIL
4166,4166,3.653717180483407e-05,82.24678893016382,2024-08-29 06:12:32.343151,2024-08-29 06:12:32.542617,0 days 00:00:00.199466,0.01435,N95,27,21,1.1x60x0.1,1.1x60x0.1,0.016261486466380898,0.00027707944562437096,0.0013970220973637518,3.179831775981402e-05,0.19661219938496108,0.21700117440146327,0.23152077220440578,3.509585020388289e-05,3.744412150203703e-05,6.0,77.51593230920538,1.5580042183010103,3.172852402657422,0.0108,0.008825,19,COMPLETE
4167,4167,,,2024-08-29 06:12:32.545609,2024-08-29 06:12:32.553588,0 days 00:00:00.007979,0.01435,N95,7,15,1.1x60x0.1,1.1x60x0.1,0.02437411157823409,,,,,,,,,,,,,,,19,FAIL
4168,4168,,,2024-08-29 06:12:32.555583,2024-08-29 06:12:32.566553,0 days 00:00:00.010970,0.01435,N95,18,14,1.1x60x0.1,1.1x60x0.1,0.010492379086512797,,,,,,,,,,,,,,,19,FAIL
4169,4169,,,2024-08-29 06:12:32.568548,2024-08-29 06:12:32.579518,0 days 00:00:00.010970,0.01435,N95,9,16,1.1x60x0.1,1.1x60x0.1,0.008150068858878942,,,,,,,,,,,,,,,19,FAIL
4170,4170,,,2024-08-29 06:12:32.581513,2024-08-29 06:12:32.592484,0 days 00:00:00.010971,0.01435,N95,31,15,1.1x60x0.1,1.1x60x0.1,0.006698867666946296,,,,,,,,,,,,,,,19,FAIL
4171,4171,,,2024-08-29 06:12:32.594479,2024-08-29 06:12:32.606447,0 days 00:00:00.011968,0.01435,N95,34,23,1.1x60x0.1,1.1x60x0.1,0.01028363671343139,,,,,,,,,,,,,,,19,FAIL
4172,4172,4.400671073368964e-05,112.1384143641462,2024-08-29 06:12:32.608441,2024-08-29 06:12:32.822867,0 days 00:00:00.214426,0.01435,N95,26,23,1.1x60x0.1,1.1x60x0.1,0.02399409754159712,0.0002292482834634701,0.0017154285024184803,3.217217402876327e-05,0.19892379032656934,0.2151282360034201,0.2113885311431531,3.4792937716703374e-05,3.418811093664251e-05,6.0,107.37509932197315,1.5904626395156145,3.172852402657422,0.0108,0.008825,19,COMPLETE
4173,4173,,,2024-08-29 06:12:32.824864,2024-08-29 06:12:32.831843,0 days 00:00:00.006979,0.01435,N95,34,14,1.1x60x0.1,1.1x60x0.1,0.015485701867988299,,,,,,,,,,,,,,,19,FAIL
4174,4174,,,2024-08-29 06:12:32.832842,2024-08-29 06:12:32.838826,0 days 00:00:00.005984,0.01435,N95,34,16,1.1x60x0.1,1.1x60x0.1,0.016706624319147927,,,,,,,,,,,,,,,19,FAIL
4175,4175,,,2024-08-29 06:12:32.839822,2024-08-29 06:12:32.844809,0 days 00:00:00.004987,0.01435,N95,39,23,1.1x60x0.1,1.1x60x0.1,0.014709636492015317,,,,,,,,,,,,,,,19,FAIL
4176,4176,4.268681566130458e-05,82.96835387357193,2024-08-29 06:12:32.846804,2024-08-29 06:12:33.046270,0 days 00:00:00.199466,0.01435,N95,31,19,1.1x60x0.1,1.1x60x0.1,0.02392771665088106,0.0003457758625682795,0.0010117129334537983,2.7446998889213458e-05,0.16970755682379857,0.19217302775419035,0.25589137980486953,3.1080365412263017e-05,4.1385607975935666e-05,7.0,77.64377167640805,1.622921060730219,3.7016611364336582,0.009500000000000001,0.008825,19,COMPLETE
4177,4177,,,2024-08-29 06:12:33.048265,2024-08-29 06:12:33.061233,0 days 00:00:00.012968,0.012,N95,23,6,1.1x60x0.1,1.1x60x0.1,0.014905150163886053,,,,,,,,,,,,,,,19,FAIL
4178,4178,,,2024-08-29 06:12:33.064222,2024-08-29 06:12:33.077187,0 days 00:00:00.012965,0.01435,N95,39,10,1.1x60x0.1,1.1x60x0.1,0.009093923426977851,,,,,,,,,,,,,,,19,FAIL
4179,4179,3.5431718212777005e-05,228.6620328165335,2024-08-29 06:12:33.079182,2024-08-29 06:12:33.293611,0 days 00:00:00.214429,0.01435,N95,34,9,1.1x60x0.1,1.1x60x0.1,0.019017099540963575,0.0003904708905938724,0.0001472791437770417,2.412419716454984e-05,0.14916233930188658,0.4022886823715754,0.5402151351436133,6.506261256038174e-05,8.736961683808638e-05,8.0,223.0358508340956,1.395712112227988,4.2304698702098955,0.006900000000000001,0.008825,19,COMPLETE
4180,4180,3.470197583345883e-05,176.33239842125587,2024-08-29 06:12:33.296600,2024-08-29 06:12:33.491081,0 days 00:00:00.194481,0.01435,N95,23,11,1.1x60x0.1,1.1x60x0.1,0.01826165612496213,0.00017612518645005967,0.0002715692605415267,3.7605450211454966e-05,0.2325182838533611,0.330208643236049,0.4419942014811383,5.3405024700924555e-05,7.148423195843433e-05,5.0,172.58476843107815,1.1035863212965487,2.644043668881184,0.006900000000000001,0.008825,19,COMPLETE
4181,4181,,,2024-08-29 06:12:33.492078,2024-08-29 06:12:33.503049,0 days 00:00:00.010971,0.012,N95,18,9,1.4x200x0.071,1.1x60x0.1,0.011357419107656832,,,,,,,,,,,,,,,19,FAIL
4182,4182,,,2024-08-29 06:12:33.506041,2024-08-29 06:12:33.515016,0 days 00:00:00.008975,0.01435,N95,21,23,1.1x60x0.1,1.1x60x0.1,0.009783450845648349,,,,,,,,,,,,,,,19,FAIL
4183,4183,,,2024-08-29 06:12:33.517012,2024-08-29 06:12:33.531971,0 days 00:00:00.014959,0.01435,N95,16,20,1.1x60x0.1,1.1x60x0.1,0.011097071093118062,,,,,,,,,,,,,,,19,FAIL
4184,4184,3.984362455016723e-05,214.12909696127306,2024-08-29 06:12:33.533965,2024-08-29 06:12:33.731438,0 days 00:00:00.197473,0.01435,N95,18,15,1.1x60x0.1,1.1x60x0.1,0.02228439025760052,0.00010645634938485934,0.0005246583744754121,4.7697476639721074e-05,0.2949182990774419,0.32316612325531974,0.3241290810861681,5.2266029822287344e-05,5.242177010285185e-05,4.0,210.94273412608618,1.0711279000819447,2.1152349351049478,0.0082,0.008825,19,COMPLETE
4185,4185,,,2024-08-29 06:12:33.732434,2024-08-29 06:12:33.745400,0 days 00:00:00.012966,0.01435,N95,25,21,1.1x60x0.1,1.1x60x0.1,0.0064449092738259285,,,,,,,,,,,,,,,19,FAIL
4186,4186,,,2024-08-29 06:12:33.746399,2024-08-29 06:12:33.755373,0 days 00:00:00.008974,0.01435,N95,31,12,1.1x60x0.1,1.1x60x0.1,0.009542876890524837,,,,,,,,,,,,,,,19,FAIL
4187,4187,3.5400857520965043e-05,102.82844531830415,2024-08-29 06:12:33.756372,2024-08-29 06:12:33.962818,0 days 00:00:00.206446,0.01435,N95,23,20,1.1x60x0.1,1.1x60x0.1,0.016385151956304474,0.00021158977142779814,0.0011957098788199375,3.7605450211454966e-05,0.2325182838533611,0.25502973752457664,0.24309681081462603,4.124625357620995e-05,3.931632757713888e-05,5.0,98.78868953719498,1.395712112227988,2.644043668881184,0.009500000000000001,0.008825,19,COMPLETE
4188,4188,3.880310315232504e-05,65.2337816702341,2024-08-29 06:12:33.964812,2024-08-29 06:12:34.198188,0 days 00:00:00.233376,0.01435,N95,34,23,1.1x60x0.1,1.1x60x0.1,0.018607222394685756,0.00040257892793411334,0.0016709731681355863,2.412419716454984e-05,0.14916233930188658,0.16576477254089456,0.2113885311431531,2.680932783991756e-05,3.418811093664251e-05,8.0,59.15318179079175,1.8501300092324493,4.2304698702098955,0.0108,0.008825,19,COMPLETE
4189,4189,,,2024-08-29 06:12:34.200183,2024-08-29 06:12:34.210156,0 days 00:00:00.009973,0.01435,N95,31,22,1.1x60x0.1,1.1x60x0.1,0.00811517506405851,,,,,,,,,,,,,,,19,FAIL
4190,4190,,,2024-08-29 06:12:34.212151,2024-08-29 06:12:34.220130,0 days 00:00:00.007979,0.01435,N95,18,23,1.1x60x0.1,1.1x60x0.1,0.008827002286652768,,,,,,,,,,,,,,,19,FAIL
4191,4191,,,2024-08-29 06:12:34.222124,2024-08-29 06:12:34.233094,0 days 00:00:00.010970,0.01435,N95,39,23,1.4x200x0.071,1.1x60x0.1,0.015594990306159262,,,,,,,,,,,,,,,19,FAIL
4192,4192,3.66303140651411e-05,95.68066263019377,2024-08-29 06:12:34.234093,2024-08-29 06:12:34.451511,0 days 00:00:00.217418,0.01435,N95,26,21,1.1x60x0.1,1.1x60x0.1,0.016357909134564398,0.0002303984987172336,0.0013056874044952748,3.217217402876327e-05,0.19892379032656934,0.21711008454293046,0.23152077220440578,3.511346436666869e-05,3.744412150203703e-05,6.0,90.98226443044993,1.5255457970864057,3.172852402657422,0.0108,0.008825,19,COMPLETE
4193,4193,,,2024-08-29 06:12:34.453506,2024-08-29 06:12:34.463478,0 days 00:00:00.009972,0.01435,N95,34,23,1.1x60x0.1,1.1x60x0.1,0.00676675009089402,,,,,,,,,,,,,,,19,FAIL
