,number,values_0,values_1,datetime_start,datetime_complete,duration,params_core_inner_diameter,params_material,params_n_p_bot,params_n_p_top,params_primary_litz_wire,params_secondary_litz_wire,params_window_h_bot,user_attrs_air_gap_bot,user_attrs_air_gap_top,user_attrs_flux_bot_max,user_attrs_flux_density_bot_max,user_attrs_flux_density_mid_max,user_attrs_flux_density_top_max,user_attrs_flux_mid_max,user_attrs_flux_top_max,user_attrs_n_s_bot,user_attrs_p_hyst,user_attrs_primary_litz_wire_loss,user_attrs_secondary_litz_wire_loss,user_attrs_window_h_top,user_attrs_window_w,system_attrs_nsga2:generation,state
2586,2586,4.6423435999900015e-05,184.3563339465922,2024-08-29 06:10:06.905736,2024-08-29 06:10:07.137117,0 days 00:00:00.231381,0.0149,N95,18,21,1.1x60x0.1,1.1x60x0.1,0.017776340668854786,0.0001332024313015177,0.0013622163292402783,4.7697476639721074e-05,0.27354764849229546,0.2912310116274067,0.2147440935735406,5.078085829076981e-05,3.744412150203703e-05,4.0,180.48116898191245,1.4508498253061541,2.4243151393735944,0.0082,0.01105,7,COMPLETE
2587,2587,,,2024-08-29 06:10:07.139112,2024-08-29 06:10:07.148126,0 days 00:00:00.009014,0.01435,N95,18,17,1.1x60x0.1,1.1x60x0.1,0.008962772199600316,,,,,,,,,,,,,,,7,FAIL
2588,2588,,,2024-08-29 06:10:07.148126,2024-08-29 06:10:07.157141,0 days 00:00:00.009015,0.01435,N95,4,17,1.1x60x0.1,1.1x60x0.1,0.024402559257763613,,,,,,,,,,,,,,,7,FAIL
2589,2589,,,2024-08-29 06:10:07.158138,2024-08-29 06:10:07.164122,0 days 00:00:00.005984,0.01345,N95,27,11,1.1x60x0.1,1.1x60x0.1,0.009274147377987471,,,,,,,,,,,,,,,7,FAIL
2590,2590,4.052394060949412e-05,105.43741342974396,2024-08-29 06:10:07.165121,2024-08-29 06:10:07.426281,0 days 00:00:00.261160,0.01435,N95,26,21,1.1x60x0.1,1.1x60x0.1,0.020388666591803196,0.00022822616570956325,0.0013056874044952748,3.217217402876327e-05,0.19892379032656934,0.21711008454293046,0.23152077220440578,3.511346436666869e-05,3.744412150203703e-05,6.0,100.73901523000012,1.5255457970864057,3.172852402657422,0.0108,0.008825,7,COMPLETE
2591,2591,2.7811863347399348e-05,318.3404159339672,2024-08-29 06:10:07.428276,2024-08-29 06:10:07.648751,0 days 00:00:00.220475,0.01435,N95,22,8,1.1x60x0.1,1.1x60x0.1,0.01242887850285632,0.00014799268821735304,0.00012280677585696146,3.850162050919795e-05,0.23805939500878825,0.4335217088896713,0.6077420270365651,7.011396596027193e-05,9.82908189428472e-05,5.0,314.7226196286479,0.9737526364381314,2.644043668881184,0.005600000000000001,0.008825,7,COMPLETE
2592,2592,3.5935457479119034e-05,80.99961225710423,2024-08-29 06:10:07.649748,2024-08-29 06:10:07.861184,0 days 00:00:00.211436,0.01435,N95,27,21,1.1x60x0.1,1.1x60x0.1,0.015638580166078206,0.0002773147084864791,0.0013970220973637518,3.179831775981402e-05,0.19661219938496108,0.21700117440146327,0.23152077220440578,3.509585020388289e-05,3.744412150203703e-05,6.0,76.2687556361458,1.5580042183010103,3.172852402657422,0.0108,0.008825,7,COMPLETE
2593,2593,,,2024-08-29 06:10:07.862183,2024-08-29 06:10:07.867168,0 days 00:00:00.004985,0.01435,N95,34,16,1.1x60x0.1,1.1x60x0.1,0.008409015485681088,,,,,,,,,,,,,,,7,FAIL
2594,2594,3.618451926235872e-05,88.99896959475484,2024-08-29 06:10:07.868166,2024-08-29 06:10:08.160382,0 days 00:00:00.292216,0.0149,N95,23,20,1.1x60x0.1,1.1x60x0.1,0.009582430080305172,0.00023226604695156556,0.0012566029363456335,3.7605450211454966e-05,0.21566932258363924,0.23654952986534225,0.2254812982522176,4.124625357620995e-05,3.931632757713888e-05,5.0,84.36892073494388,1.5996549355939647,3.030393924216993,0.0082,0.01105,7,COMPLETE
2595,2595,4.401506903804006e-05,149.9722297255555,2024-08-29 06:10:08.162377,2024-08-29 06:10:08.388773,0 days 00:00:00.226396,0.01435,N95,23,14,1.4x200x0.071,1.1x60x0.1,0.023802750219815386,0.0001840062255514374,0.000482936020724101,3.7605450211454966e-05,0.2325182838533611,0.2655401100855161,0.3472811583066086,4.29461082521266e-05,5.616618225305554e-05,5.0,146.64991081648077,0.6782752401935507,2.644043668881184,0.011,0.008825,7,COMPLETE
2596,2596,3.640880386365497e-05,324.4406105131125,2024-08-29 06:10:08.390768,2024-08-29 06:10:08.627135,0 days 00:00:00.236367,0.01435,N95,27,8,1.1x60x0.1,1.1x60x0.1,0.02132859749249395,0.00022807704592728469,0.00013527738600034513,3.179831775981402e-05,0.19661219938496108,0.4884653874292726,0.6077420270365651,7.90000704571476e-05,9.82908189428472e-05,6.0,320.1317133679439,1.1360447425111533,3.172852402657422,0.005600000000000001,0.008825,7,COMPLETE
2597,2597,,,2024-08-29 06:10:08.627135,2024-08-29 06:10:08.636111,0 days 00:00:00.008976,0.01435,N95,18,15,1.1x60x0.1,1.1x60x0.1,0.009126473880765405,,,,,,,,,,,,,,,7,FAIL
2598,2598,4.6340009197958435e-05,112.59415893155007,2024-08-29 06:10:08.637108,2024-08-29 06:10:08.912371,0 days 00:00:00.275263,0.0149,N95,23,18,1.1x60x0.1,1.4x200x0.071,0.01900957659865861,0.00021965898627614375,0.0009278559058397608,3.7605450211454966e-05,0.21566932258363924,0.23907698614538309,0.2505347758357973,4.168695664033649e-05,4.368480841904319e-05,5.0,109.28385761711256,1.5252523804500593,1.7850489339874525,0.006900000000000001,0.01105,7,COMPLETE
2599,2599,,,2024-08-29 06:10:08.914366,2024-08-29 06:10:08.925337,0 days 00:00:00.010971,0.0149,N95,6,23,1.1x60x0.1,1.1x60x0.1,0.013275189462301207,,,,,,,,,,,,,,,8,FAIL
2600,2600,,,2024-08-29 06:10:08.926335,2024-08-29 06:10:08.934313,0 days 00:00:00.007978,0.01435,N95,34,13,1.1x60x0.1,1.1x60x0.1,0.014476416564277965,,,,,,,,,,,,,,,8,FAIL
2601,2601,,,2024-08-29 06:10:08.936309,2024-08-29 06:10:08.940297,0 days 00:00:00.003988,0.01435,N95,35,20,1.1x60x0.1,1.1x60x0.1,0.015568886554681699,,,,,,,,,,,,,,,8,FAIL
2602,2602,3.865364195130408e-05,71.788291801699,2024-08-29 06:10:08.941295,2024-08-29 06:10:09.176664,0 days 00:00:00.235369,0.01435,N95,31,21,1.1x60x0.1,1.1x60x0.1,0.018452497270506393,0.00035433898356952915,0.0013785224971616305,2.7446998889213458e-05,0.16970755682379857,0.18971446107326884,0.23152077220440578,3.068273858748719e-05,3.744412150203703e-05,7.0,66.39879276210591,1.6878379031594277,3.7016611364336582,0.0108,0.008825,8,COMPLETE
2603,2603,3.7398144573192986e-05,84.0313519765574,2024-08-29 06:10:09.177662,2024-08-29 06:10:09.390093,0 days 00:00:00.212431,0.01435,N95,27,21,1.1x60x0.1,1.1x60x0.1,0.01715278211762289,0.0002767228953982128,0.0013970220973637518,3.179831775981402e-05,0.19661219938496108,0.21700117440146327,0.23152077220440578,3.509585020388289e-05,3.744412150203703e-05,6.0,79.30049535559897,1.5580042183010103,3.172852402657422,0.0108,0.008825,8,COMPLETE
2604,2604,3.580884797796582e-05,189.8487241764688,2024-08-29 06:10:09.391091,2024-08-29 06:10:09.664359,0 days 00:00:00.273268,0.01435,N95,18,16,1.1x60x0.1,1.1x60x0.1,0.01810751156329431,0.0001114923391332672,0.0006157428614636193,4.7697476639721074e-05,0.2949182990774419,0.32112243970180376,0.30387101351828255,5.193550252419244e-05,4.91454094714236e-05,4.0,186.6299029200673,1.1035863212965487,2.1152349351049478,0.0082,0.008825,8,COMPLETE
2605,2605,,,2024-08-29 06:10:09.666355,2024-08-29 06:10:09.675330,0 days 00:00:00.008975,0.0149,N95,2,17,1.1x60x0.1,1.1x60x0.1,0.013513831139250882,,,,,,,,,,,,,,,8,FAIL
2606,2606,3.853787127793503e-05,76.95538803758349,2024-08-29 06:10:09.676328,2024-08-29 06:10:09.953587,0 days 00:00:00.277259,0.01435,N95,35,16,1.1x60x0.1,1.1x60x0.1,0.020932649231744517,0.00043522375201699484,0.000625062797562497,2.409555951986295e-05,0.1489852698622507,0.19021292179124233,0.30387101351828255,3.076335521428089e-05,4.91454094714236e-05,8.0,71.06953868542877,1.655379481944823,4.2304698702098955,0.0082,0.008825,8,COMPLETE
2607,2607,,,2024-08-29 06:10:09.954585,2024-08-29 06:10:09.959571,0 days 00:00:00.004986,0.01435,N95,31,15,1.1x60x0.1,1.1x60x0.1,0.008800892319932996,,,,,,,,,,,,,,,8,FAIL
2608,2608,,,2024-08-29 06:10:09.960568,2024-08-29 06:10:09.964557,0 days 00:00:00.003989,0.01435,N95,39,23,1.1x60x0.1,1.1x60x0.1,0.006603553926097179,,,,,,,,,,,,,,,8,FAIL
2609,2609,,,2024-08-29 06:10:09.966552,2024-08-29 06:10:09.976525,0 days 00:00:00.009973,0.01435,N95,22,7,1.1x60x0.1,1.1x60x0.1,0.012327380591553125,,,,,,,,,,,,,,,8,FAIL
2610,2610,,,2024-08-29 06:10:09.977522,2024-08-29 06:10:09.985500,0 days 00:00:00.007978,0.01435,N95,18,15,1.1x60x0.1,1.1x60x0.1,0.0077423144536348095,,,,,,,,,,,,,,,8,FAIL
2611,2611,,,2024-08-29 06:10:09.986497,2024-08-29 06:10:09.995474,0 days 00:00:00.008977,0.01435,N95,34,5,1.1x60x0.1,1.1x60x0.1,0.023166986551789323,,,,,,,,,,,,,,,8,FAIL
2612,2612,,,2024-08-29 06:10:09.996472,2024-08-29 06:10:10.006445,0 days 00:00:00.009973,0.0149,N95,22,23,1.1x60x0.1,1.1x60x0.1,0.005291504037413989,,,,,,,,,,,,,,,8,FAIL
2613,2613,4.0617003607305e-05,90.70334900879766,2024-08-29 06:10:10.007443,2024-08-29 06:10:10.237826,0 days 00:00:00.230383,0.01435,N95,27,21,1.1x60x0.1,1.1x60x0.1,0.020485007205918643,0.0002752148106879277,0.0013970220973637518,3.179831775981402e-05,0.19661219938496108,0.21700117440146327,0.23152077220440578,3.509585020388289e-05,3.744412150203703e-05,6.0,85.97249238783922,1.5580042183010103,3.172852402657422,0.0108,0.008825,8,COMPLETE
2614,2614,3.5851195040683934e-05,122.3738415623689,2024-08-29 06:10:10.239820,2024-08-29 06:10:10.463222,0 days 00:00:00.223402,0.01435,N95,23,15,1.1x60x0.1,1.1x60x0.1,0.018151350061131444,0.00019139382833344767,0.000558029934821185,3.7605450211454966e-05,0.2325182838533611,0.26320447173864064,0.3241290810861681,4.2568362768589565e-05,5.242177010285185e-05,5.0,118.49637788733274,1.2334200061549663,2.644043668881184,0.0082,0.008825,8,COMPLETE
2615,2615,4.476490743699863e-05,127.04000114991865,2024-08-29 06:10:10.465218,2024-08-29 06:10:10.761424,0 days 00:00:00.296206,0.0149,N95,22,23,1.1x60x0.1,1.1x60x0.1,0.016449067960098193,0.000188160113394089,0.0017287472478347405,3.850162050919795e-05,0.2208089084667231,0.23596312591740876,0.19607069413236314,4.114400452101916e-05,3.418811093664251e-05,5.0,122.33554973496379,1.67405749073787,3.030393924216993,0.0082,0.01105,8,COMPLETE
2616,2616,4.280820033323787e-05,129.95712629054646,2024-08-29 06:10:10.762422,2024-08-29 06:10:10.994800,0 days 00:00:00.232378,0.01435,N95,23,17,1.1x60x0.1,1.1x60x0.1,0.024053376409467607,0.00019539187321921487,0.000775060706009103,3.7605450211454966e-05,0.2325182838533611,0.2593575379908458,0.2859962480172071,4.194619373688151e-05,4.625450303192809e-05,5.0,126.0147457730811,1.2983368485841749,2.644043668881184,0.009500000000000001,0.008825,8,COMPLETE
2617,2617,,,2024-08-29 06:10:10.995799,2024-08-29 06:10:11.004774,0 days 00:00:00.008975,0.012,N95,23,16,1.1x60x0.1,1.1x60x0.1,0.0043987159489373455,,,,,,,,,,,,,,,8,FAIL
2618,2618,3.7939411302349625e-05,66.29647143242366,2024-08-29 06:10:11.006769,2024-08-29 06:10:11.277046,0 days 00:00:00.270277,0.01435,N95,34,21,1.1x60x0.1,1.1x60x0.1,0.0177131118975982,0.0004009059162403491,0.0012699694300996826,2.412419716454984e-05,0.14916233930188658,0.16779576240774277,0.23152077220440578,2.7137802173428026e-05,3.744412150203703e-05,8.0,60.280788395410525,1.7852131668032407,4.2304698702098955,0.0108,0.008825,8,COMPLETE
2619,2619,,,2024-08-29 06:10:11.278043,2024-08-29 06:10:11.285024,0 days 00:00:00.006981,0.01435,N95,23,9,1.1x60x0.1,1.1x60x0.1,0.009729220097364471,,,,,,,,,,,,,,,8,FAIL
2620,2620,,,2024-08-29 06:10:11.286023,2024-08-29 06:10:11.294000,0 days 00:00:00.007977,0.0149,N95,23,14,1.1x60x0.1,1.1x60x0.1,0.006309904029283134,,,,,,,,,,,,,,,8,FAIL
2621,2621,3.782429228325844e-05,127.65324668955368,2024-08-29 06:10:11.294998,2024-08-29 06:10:11.523386,0 days 00:00:00.228388,0.01435,N95,23,15,1.1x60x0.1,1.1x60x0.1,0.020193938463940363,0.00019014679069808205,0.000558029934821185,3.7605450211454966e-05,0.2325182838533611,0.26320447173864064,0.3241290810861681,4.2568362768589565e-05,5.242177010285185e-05,5.0,123.77578301451753,1.2334200061549663,2.644043668881184,0.0082,0.008825,8,COMPLETE
2622,2622,3.982128674221379e-05,66.75843990088747,2024-08-29 06:10:11.525381,2024-08-29 06:10:11.809620,0 days 00:00:00.284239,0.01435,N95,34,23,1.1x60x0.1,1.1x60x0.1,0.01966126572704756,0.0004024748663721451,0.0016709731681355863,2.412419716454984e-05,0.14916233930188658,0.16576477254089456,0.2113885311431531,2.680932783991756e-05,3.418811093664251e-05,8.0,60.67784002144512,1.8501300092324493,4.2304698702098955,0.0108,0.008825,8,COMPLETE
2623,2623,3.969386827944718e-05,52.45054514314466,2024-08-29 06:10:11.810618,2024-08-29 06:10:12.032026,0 days 00:00:00.221408,0.01435,N95,39,23,1.1x60x0.1,1.1x60x0.1,0.019529359671565362,0.0005736325260999536,0.0017604151359143965,2.144811601917549e-05,0.13261586021771274,0.15049452765135674,0.2113885311431531,2.4339653522725416e-05,3.418811093664251e-05,9.0,45.67884442385306,2.0124221153054713,4.759278603986133,0.0108,0.008825,8,COMPLETE
2624,2624,3.508074317115514e-05,83.11743697078396,2024-08-29 06:10:12.033023,2024-08-29 06:10:12.251438,0 days 00:00:00.218415,0.01435,N95,34,15,1.1x60x0.1,1.1x60x0.1,0.01735376339400469,0.00039576909748496327,0.0004919656916685144,2.412419716454984e-05,0.14916233930188658,0.18647743278770848,0.3241290810861681,3.0159210269591635e-05,5.242177010285185e-05,8.0,77.29650446105843,1.5904626395156145,4.2304698702098955,0.0082,0.008825,8,COMPLETE
2625,2625,3.980351220428796e-05,160.54194740787827,2024-08-29 06:10:12.252436,2024-08-29 06:10:12.527701,0 days 00:00:00.275265,0.0149,N95,18,23,1.1x60x0.1,1.1x60x0.1,0.012478606047635205,0.00014130000480480837,0.0017492273494246926,4.7697476639721074e-05,0.27354764849229546,0.2894332784750647,0.19607069413236314,5.046739430922621e-05,3.418811093664251e-05,4.0,156.5923798880546,1.5252523804500593,2.4243151393735944,0.0082,0.01105,8,COMPLETE
2626,2626,,,2024-08-29 06:10:12.528697,2024-08-29 06:10:12.538671,0 days 00:00:00.009974,0.01435,N95,7,21,1.1x60x0.1,1.1x60x0.1,0.009642035718565502,,,,,,,,,,,,,,,8,FAIL
2627,2627,4.21882713891362e-05,87.26792430830731,2024-08-29 06:10:12.539669,2024-08-29 06:10:12.758084,0 days 00:00:00.218415,0.0149,N95,34,14,1.1x60x0.1,1.1x60x0.1,0.015687060236370138,0.00042802456405800337,0.00044487777019476754,2.412419716454984e-05,0.13835359585105508,0.19441182707626656,0.32211614036031083,3.389886051503342e-05,5.616618225305554e-05,8.0,80.6336327061064,1.7856613234537282,4.848630278747189,0.006900000000000001,0.01105,8,COMPLETE
2628,2628,,,2024-08-29 06:10:12.760079,2024-08-29 06:10:12.769055,0 days 00:00:00.008976,0.01435,N95,33,9,1.1x60x0.1,1.4x200x0.071,0.017415393381898167,,,,,,,,,,,,,,,8,FAIL
2629,2629,3.057597101160428e-05,255.23993674252915,2024-08-29 06:10:12.770054,2024-08-29 06:10:12.992458,0 days 00:00:00.222404,0.01435,N95,23,9,1.1x60x0.1,1.1x60x0.1,0.013990336183296561,0.0001711663274934044,0.00017659980383933046,3.7605450211454966e-05,0.2325182838533611,0.4283046657741702,0.5402151351436133,6.927020756037459e-05,8.736961683808638e-05,5.0,251.55722359478062,1.03866947886734,2.644043668881184,0.006900000000000001,0.008825,8,COMPLETE
2630,2630,,,2024-08-29 06:10:12.994452,2024-08-29 06:10:13.003428,0 days 00:00:00.008976,0.01435,N95,26,3,1.1x60x0.1,1.1x60x0.1,0.021429002735318836,,,,,,,,,,,,,,,8,FAIL
2631,2631,,,2024-08-29 06:10:13.004426,2024-08-29 06:10:13.014398,0 days 00:00:00.009972,0.0149,N95,35,23,1.1x60x0.1,1.4x200x0.071,0.01128994008281999,,,,,,,,,,,,,,,8,FAIL
2632,2632,,,2024-08-29 06:10:13.016393,2024-08-29 06:10:13.025369,0 days 00:00:00.008976,0.01435,N95,23,16,1.4x200x0.071,1.1x60x0.1,0.011609137708789949,,,,,,,,,,,,,,,8,FAIL
2633,2633,3.86808972962208e-05,181.80329861021093,2024-08-29 06:10:13.026367,2024-08-29 06:10:13.283677,0 days 00:00:00.257310,0.01435,N95,18,23,1.1x60x0.1,1.1x60x0.1,0.01848071253037306,0.0001264952935766103,0.0017604151359143986,4.7697476639721074e-05,0.2949182990774419,0.31204497883548,0.2113885311431531,5.046739430922621e-05,3.418811093664251e-05,4.0,178.3572684053072,1.3307952697987795,2.1152349351049478,0.0108,0.008825,8,COMPLETE
2634,2634,,,2024-08-29 06:10:13.284675,2024-08-29 06:10:13.294648,0 days 00:00:00.009973,0.01435,N95,18,23,1.4x200x0.071,1.1x60x0.1,0.022292068648944535,,,,,,,,,,,,,,,8,FAIL
2635,2635,,,2024-08-29 06:10:13.295646,2024-08-29 06:10:13.303625,0 days 00:00:00.007979,0.01435,N95,23,9,1.1x60x0.1,1.1x60x0.1,0.007007185677986689,,,,,,,,,,,,,,,8,FAIL
2636,2636,4.1279450067472354e-05,208.3586047903106,2024-08-29 06:10:13.305620,2024-08-29 06:10:13.536003,0 days 00:00:00.230383,0.01435,N95,18,17,1.1x60x0.1,1.1x60x0.1,0.022470784585676237,0.00011066794236257785,0.000731106849708742,4.7697476639721074e-05,0.2949182990774419,0.3193191895075249,0.2859962480172071,5.164386079057929e-05,4.625450303192809e-05,4.0,205.1073251126945,1.1360447425111533,2.1152349351049478,0.009500000000000001,0.008825,8,COMPLETE
2637,2637,3.308352350701009e-05,261.9493286049082,2024-08-29 06:10:13.537997,2024-08-29 06:10:13.770375,0 days 00:00:00.232378,0.01435,N95,23,9,1.1x60x0.1,1.1x60x0.1,0.016586202994132215,0.00016962187717573153,0.00017659980383933046,3.7605450211454966e-05,0.2325182838533611,0.4283046657741702,0.5402151351436133,6.927020756037459e-05,8.736961683808638e-05,5.0,258.2666154571597,1.03866947886734,2.644043668881184,0.006900000000000001,0.008825,8,COMPLETE
2638,2638,,,2024-08-29 06:10:13.771373,2024-08-29 06:10:13.775362,0 days 00:00:00.003989,0.01435,N95,34,23,1.1x60x0.1,1.4x200x0.071,0.007355443322641809,,,,,,,,,,,,,,,8,FAIL
2639,2639,3.2707064521264915e-05,95.62103151836571,2024-08-29 06:10:13.776360,2024-08-29 06:10:14.036663,0 days 00:00:00.260303,0.01435,N95,23,20,1.1x60x0.1,1.1x60x0.1,0.013596485375646781,0.00021301915830236736,0.0011957098788199375,3.7605450211454966e-05,0.2325182838533611,0.25502973752457664,0.24309681081462603,4.124625357620995e-05,3.931632757713888e-05,5.0,91.58127573725655,1.395712112227988,2.644043668881184,0.009500000000000001,0.008825,8,COMPLETE
2640,2640,,,2024-08-29 06:10:14.037661,2024-08-29 06:10:14.041650,0 days 00:00:00.003989,0.01435,N95,35,23,1.1x60x0.1,1.1x60x0.1,0.010140000594029041,,,,,,,,,,,,,,,8,FAIL
2641,2641,,,2024-08-29 06:10:14.042648,2024-08-29 06:10:14.045639,0 days 00:00:00.002991,0.01435,N95,22,16,1.1x60x0.1,1.1x60x0.1,0.01147234486377191,,,,,,,,,,,,,,,8,FAIL
2642,2642,3.773707970925982e-05,146.655530512257,2024-08-29 06:10:14.046637,2024-08-29 06:10:14.301953,0 days 00:00:00.255316,0.01435,N95,22,16,1.1x60x0.1,1.1x60x0.1,0.020103654321636133,0.00015801301549521192,0.0006064714471951399,3.850162050919795e-05,0.23805939500878825,0.2635712763586992,0.30387101351828255,4.2627686502828214e-05,4.91454094714236e-05,5.0,142.77806683722085,1.2334200061549663,2.644043668881184,0.0082,0.008825,8,COMPLETE
2643,2643,,,2024-08-29 06:10:14.303949,2024-08-29 06:10:14.309932,0 days 00:00:00.005983,0.0149,N95,38,16,1.1x60x0.1,1.1x60x0.1,0.008608831390574922,,,,,,,,,,,,,,,8,FAIL
2644,2644,,,2024-08-29 06:10:14.310930,2024-08-29 06:10:14.318908,0 days 00:00:00.007978,0.0149,N95,31,15,1.1x60x0.1,1.1x60x0.1,0.008932818610125317,,,,,,,,,,,,,,,8,FAIL
2645,2645,,,2024-08-29 06:10:14.319906,2024-08-29 06:10:14.325890,0 days 00:00:00.005984,0.012,N95,34,16,1.1x60x0.1,1.4x200x0.071,0.013423220381705823,,,,,,,,,,,,,,,8,FAIL
2646,2646,,,2024-08-29 06:10:14.326887,2024-08-29 06:10:14.332871,0 days 00:00:00.005984,0.0149,N95,34,17,1.1x60x0.1,1.4x200x0.071,0.011868035354126043,,,,,,,,,,,,,,,8,FAIL
2647,2647,,,2024-08-29 06:10:14.333868,2024-08-29 06:10:14.341847,0 days 00:00:00.007979,0.01435,N95,27,16,1.4x200x0.071,1.1x60x0.1,0.008340686180734844,,,,,,,,,,,,,,,8,FAIL
2648,2648,,,2024-08-29 06:10:14.342844,2024-08-29 06:10:14.349826,0 days 00:00:00.006982,0.01435,N95,34,12,1.4x200x0.071,1.1x60x0.1,0.019202582226501154,,,,,,,,,,,,,,,8,FAIL
2649,2649,3.293195674343399e-05,237.0078595275334,2024-08-29 06:10:14.349826,2024-08-29 06:10:14.593175,0 days 00:00:00.243349,0.0149,N95,22,9,1.1x60x0.1,1.1x60x0.1,0.009579497841778466,0.0001638608674553313,0.00017121313239331973,3.850162050919795e-05,0.2208089084667231,0.33955340563746117,0.5010695516715946,5.920665274440002e-05,8.736961683808638e-05,5.0,232.8242259985859,1.1532396047305327,3.030393924216993,0.005600000000000001,0.01105,8,COMPLETE
2650,2650,3.458427704857249e-05,183.92434537320602,2024-08-29 06:10:14.595169,2024-08-29 06:10:14.793639,0 days 00:00:00.198470,0.01435,N95,18,16,1.1x60x0.1,1.1x60x0.1,0.016839812067889783,0.00011234823829927525,0.0006157428614636193,4.7697476639721074e-05,0.2949182990774419,0.32112243970180376,0.30387101351828255,5.193550252419244e-05,4.91454094714236e-05,4.0,180.70552411680453,1.1035863212965487,2.1152349351049478,0.0082,0.008825,8,COMPLETE
2651,2651,4.099236213289614e-05,59.046955175315496,2024-08-29 06:10:14.795633,2024-08-29 06:10:15.055936,0 days 00:00:00.260303,0.0149,N95,34,23,1.1x60x0.1,1.1x60x0.1,0.013430008453565716,0.00043568330810467076,0.0016677865198760882,2.412419716454984e-05,0.13835359585105508,0.15375296776520136,0.19607069413236314,2.680932783991756e-05,3.418811093664251e-05,8.0,52.077852074967005,2.120472821601302,4.848630278747189,0.0082,0.01105,8,COMPLETE
2652,2652,,,2024-08-29 06:10:15.057931,2024-08-29 06:10:15.063915,0 days 00:00:00.005984,0.01435,N95,27,21,1.1x60x0.1,1.1x60x0.1,0.01242768759510101,,,,,,,,,,,,,,,8,FAIL
2653,2653,3.551963426091049e-05,145.7544034390543,2024-08-29 06:10:15.064912,2024-08-29 06:10:15.266375,0 days 00:00:00.201463,0.0149,N95,18,23,1.1x60x0.1,1.1x60x0.1,0.009050341736080322,0.00014328478772845636,0.0017492273494246926,4.7697476639721074e-05,0.27354764849229546,0.2894332784750647,0.19607069413236314,5.046739430922621e-05,3.418811093664251e-05,4.0,141.80483591923064,1.5252523804500593,2.4243151393735944,0.0082,0.01105,8,COMPLETE
2654,2654,3.6629604868239945e-05,68.49289040219546,2024-08-29 06:10:15.266375,2024-08-29 06:10:15.552608,0 days 00:00:00.286233,0.01435,N95,31,21,1.1x60x0.1,1.1x60x0.1,0.016357174960224503,0.00035473767868803247,0.0013785224971616305,2.7446998889213458e-05,0.16970755682379857,0.18971446107326884,0.23152077220440578,3.068273858748719e-05,3.744412150203703e-05,7.0,63.10339136260237,1.6878379031594277,3.7016611364336582,0.0108,0.008825,8,COMPLETE
