,number,values_0,values_1,datetime_start,datetime_complete,duration,params_core_inner_diameter,params_material,params_n_p_bot,params_n_p_top,params_primary_litz_wire,params_secondary_litz_wire,params_window_h_bot,user_attrs_air_gap_bot,user_attrs_air_gap_top,user_attrs_flux_bot_max,user_attrs_flux_density_bot_max,user_attrs_flux_density_mid_max,user_attrs_flux_density_top_max,user_attrs_flux_mid_max,user_attrs_flux_top_max,user_attrs_n_s_bot,user_attrs_p_hyst,user_attrs_primary_litz_wire_loss,user_attrs_secondary_litz_wire_loss,user_attrs_window_h_top,user_attrs_window_w,system_attrs_nsga2:generation,state
3816,3816,3.3519810288431406e-05,183.5348649514997,2024-08-29 06:12:00.638727,2024-08-29 06:12:00.875095,0 days 00:00:00.236368,0.01435,N95,18,15,1.1x60x0.1,1.1x60x0.1,0.015737855503091796,0.000110923833965127,0.0005246583744754121,4.7697476639721074e-05,0.2949182990774419,0.32316612325531974,0.3241290810861681,5.2266029822287344e-05,5.242177010285185e-05,4.0,180.34850211631283,1.0711279000819447,2.1152349351049478,0.0082,0.008825,17,COMPLETE
3817,3817,,,2024-08-29 06:12:00.877089,2024-08-29 06:12:00.886066,0 days 00:00:00.008977,0.01435,N95,34,8,1.1x60x0.1,1.1x60x0.1,0.014943010396010812,,,,,,,,,,,,,,,17,FAIL
3818,3818,,,2024-08-29 06:12:00.888060,2024-08-29 06:12:00.901025,0 days 00:00:00.012965,0.01435,N95,23,25,1.1x60x0.1,1.1x60x0.1,0.021908298689690367,,,,,,,,,,,,,,,17,FAIL
3819,3819,,,2024-08-29 06:12:00.903019,2024-08-29 06:12:00.914988,0 days 00:00:00.011969,0.01435,N95,39,15,1.1x60x0.1,1.1x60x0.1,0.007578864407150264,,,,,,,,,,,,,,,17,FAIL
3820,3820,3.909551735060493e-05,68.02763168305749,2024-08-29 06:12:00.917979,2024-08-29 06:12:01.106475,0 days 00:00:00.188496,0.01435,N95,34,21,1.1x60x0.1,1.1x60x0.1,0.01890993522471528,0.00040082529919188394,0.0012699694300996826,2.412419716454984e-05,0.14916233930188658,0.16779576240774277,0.23152077220440578,2.7137802173428026e-05,3.744412150203703e-05,8.0,62.01194864604436,1.7852131668032407,4.2304698702098955,0.0108,0.008825,17,COMPLETE
3821,3821,,,2024-08-29 06:12:01.108470,2024-08-29 06:12:01.117485,0 days 00:00:00.009015,0.01435,N95,4,23,1.1x60x0.1,1.1x60x0.1,0.006250980955732361,,,,,,,,,,,,,,,17,FAIL
3822,3822,4.016718350547003e-05,102.5169981855613,2024-08-29 06:12:01.118481,2024-08-29 06:12:01.305822,0 days 00:00:00.187341,0.01435,N95,26,23,1.1x60x0.1,1.1x60x0.1,0.02001934474208611,0.00023157957522073908,0.0017154285024184803,3.217217402876327e-05,0.19892379032656934,0.2151282360034201,0.2113885311431531,3.4792937716703374e-05,3.418811093664251e-05,6.0,97.75368314338826,1.5904626395156145,3.172852402657422,0.0108,0.008825,17,COMPLETE
3823,3823,,,2024-08-29 06:12:01.306817,2024-08-29 06:12:01.314865,0 days 00:00:00.008048,0.01435,N95,39,23,1.1x60x0.1,1.1x60x0.1,0.006443129269171319,,,,,,,,,,,,,,,17,FAIL
3824,3824,4.225980942821558e-05,99.36616379567226,2024-08-29 06:12:01.316859,2024-08-29 06:12:01.523305,0 days 00:00:00.206446,0.0149,N95,23,21,1.1x60x0.1,1.1x60x0.1,0.014444310071574613,0.00023454049960061849,0.001431553675467792,3.7605450211454966e-05,0.21566932258363924,0.23546633431675332,0.2147440935735406,4.105738083444143e-05,3.744412150203703e-05,5.0,94.69891365828936,1.6368562131659172,3.030393924216993,0.0082,0.01105,17,COMPLETE
3825,3825,,,2024-08-29 06:12:01.524306,2024-08-29 06:12:01.529290,0 days 00:00:00.004984,0.01435,N95,31,21,1.1x60x0.1,1.1x60x0.1,0.013475432967592184,,,,,,,,,,,,,,,17,FAIL
3826,3826,3.798542625119593e-05,180.01679124259985,2024-08-29 06:12:01.530287,2024-08-29 06:12:01.743717,0 days 00:00:00.213430,0.01435,N95,18,21,1.1x60x0.1,1.1x60x0.1,0.017760747462050502,0.00012260204367372084,0.0013418720270640101,4.7697476639721074e-05,0.2949182990774419,0.31398315818524236,0.23152077220440578,5.078085829076981e-05,3.744412150203703e-05,4.0,176.63567788012534,1.2658784273695707,2.1152349351049478,0.0108,0.008825,17,COMPLETE
3827,3827,,,2024-08-29 06:12:01.744713,2024-08-29 06:12:01.754808,0 days 00:00:00.010095,0.01435,N95,25,16,1.1x60x0.1,1.1x60x0.1,0.014981731756437985,,,,,,,,,,,,,,,17,FAIL
3828,3828,,,2024-08-29 06:12:01.756866,2024-08-29 06:12:01.763909,0 days 00:00:00.007043,0.01435,N95,34,18,1.1x60x0.1,1.4x200x0.071,0.020756281104502637,,,,,,,,,,,,,,,17,FAIL
3829,3829,,,2024-08-29 06:12:01.764907,2024-08-29 06:12:01.774987,0 days 00:00:00.010080,0.01435,N95,14,16,1.1x60x0.1,1.4x200x0.071,0.011075286837454587,,,,,,,,,,,,,,,17,FAIL
3830,3830,4.06803853073304e-05,217.25672222887434,2024-08-29 06:12:01.775987,2024-08-29 06:12:01.966279,0 days 00:00:00.190292,0.01435,N95,18,15,1.1x60x0.1,1.4x200x0.071,0.023150621166867308,0.00010585386820022693,0.0005246583744754121,4.7697476639721074e-05,0.2949182990774419,0.32316612325531974,0.3241290810861681,5.2266029822287344e-05,5.242177010285185e-05,4.0,214.9909587120792,1.0711279000819447,1.1946356167132055,0.0082,0.008825,17,COMPLETE
3831,3831,3.973883806294024e-05,186.92152921646382,2024-08-29 06:12:01.968363,2024-08-29 06:12:02.166832,0 days 00:00:00.198469,0.01435,N95,18,23,1.1x60x0.1,1.1x60x0.1,0.019575913260642338,0.0001257577614531926,0.0017604151359143986,4.7697476639721074e-05,0.2949182990774419,0.31204497883548,0.2113885311431531,5.046739430922621e-05,3.418811093664251e-05,4.0,183.4754990115601,1.3307952697987795,2.1152349351049478,0.0108,0.008825,17,COMPLETE
3832,3832,4.152228092128877e-05,62.52951284599561,2024-08-29 06:12:02.168827,2024-08-29 06:12:02.380262,0 days 00:00:00.211435,0.0149,N95,38,17,1.1x60x0.1,1.1x60x0.1,0.015154087219179786,0.0005549456924341633,0.0007085989814634232,2.142358842386681e-05,0.12286545638213449,0.14749816341492034,0.26527211559084424,2.5718701084294186e-05,4.625450303192809e-05,9.0,55.02873351594763,2.0460702664573964,5.454709063590586,0.006900000000000001,0.01105,17,COMPLETE
3833,3833,,,2024-08-29 06:12:02.381259,2024-08-29 06:12:02.390236,0 days 00:00:00.008977,0.012,N95,20,16,1.1x60x0.1,1.1x60x0.1,0.011971590225614035,,,,,,,,,,,,,,,17,FAIL
3834,3834,,,2024-08-29 06:12:02.391233,2024-08-29 06:12:02.397217,0 days 00:00:00.005984,0.0149,N95,32,6,1.1x60x0.1,1.1x60x0.1,0.006572551776667773,,,,,,,,,,,,,,,17,FAIL
3835,3835,,,2024-08-29 06:12:02.398215,2024-08-29 06:12:02.405194,0 days 00:00:00.006979,0.01435,N95,34,16,1.1x60x0.1,1.1x60x0.1,0.006649048190956079,,,,,,,,,,,,,,,17,FAIL
3836,3836,,,2024-08-29 06:12:02.406192,2024-08-29 06:12:02.412176,0 days 00:00:00.005984,0.01435,N95,22,21,1.1x60x0.1,1.1x60x0.1,0.00866678618282469,,,,,,,,,,,,,,,17,FAIL
3837,3837,,,2024-08-29 06:12:02.412176,2024-08-29 06:12:02.417163,0 days 00:00:00.004987,0.01435,N95,23,15,1.1x60x0.1,1.1x60x0.1,0.00854181609377265,,,,,,,,,,,,,,,17,FAIL
3838,3838,,,2024-08-29 06:12:02.418160,2024-08-29 06:12:02.423147,0 days 00:00:00.004987,0.01435,N95,26,12,1.1x60x0.1,1.1x60x0.1,0.008012731715266693,,,,,,,,,,,,,,,17,FAIL
3839,3839,,,2024-08-29 06:12:02.424146,2024-08-29 06:12:02.430130,0 days 00:00:00.005984,0.01435,N95,8,17,1.1x60x0.1,1.1x60x0.1,0.016470773476793373,,,,,,,,,,,,,,,17,FAIL
3840,3840,,,2024-08-29 06:12:02.431126,2024-08-29 06:12:02.437110,0 days 00:00:00.005984,0.01435,N95,39,23,1.4x200x0.071,1.1x60x0.1,0.014476139886648982,,,,,,,,,,,,,,,17,FAIL
3841,3841,,,2024-08-29 06:12:02.439104,2024-08-29 06:12:02.447083,0 days 00:00:00.007979,0.01435,N95,16,20,1.1x60x0.1,1.4x200x0.071,0.009037673133593757,,,,,,,,,,,,,,,17,FAIL
3842,3842,,,2024-08-29 06:12:02.449078,2024-08-29 06:12:02.456059,0 days 00:00:00.006981,0.01435,N95,31,14,1.4x200x0.071,1.1x60x0.1,0.01187731004778646,,,,,,,,,,,,,,,17,FAIL
3843,3843,3.492545089630601e-05,116.35230649180906,2024-08-29 06:12:02.457056,2024-08-29 06:12:02.658517,0 days 00:00:00.201461,0.01435,N95,34,12,1.1x60x0.1,1.1x60x0.1,0.018493001829491658,0.00039311218684428016,0.0002846887138734379,2.412419716454984e-05,0.14916233930188658,0.26740665138165853,0.40516135135771003,4.324798612863792e-05,6.552721262856479e-05,8.0,110.62874924572736,1.4930873758718013,4.2304698702098955,0.006900000000000001,0.008825,17,COMPLETE
3844,3844,,,2024-08-29 06:12:02.659515,2024-08-29 06:12:02.665565,0 days 00:00:00.006050,0.01435,N95,23,25,1.1x60x0.1,1.1x60x0.1,0.017038293163796493,,,,,,,,,,,,,,,17,FAIL
3845,3845,,,2024-08-29 06:12:02.666562,2024-08-29 06:12:02.674692,0 days 00:00:00.008130,0.01435,N95,34,20,1.1x60x0.1,1.1x60x0.1,0.015212435581376109,,,,,,,,,,,,,,,17,FAIL
3846,3846,4.6001113805295654e-05,66.27000391021308,2024-08-29 06:12:02.675691,2024-08-29 06:12:02.868988,0 days 00:00:00.193297,0.0149,N95,34,21,1.1x60x0.1,1.1x60x0.1,0.017438368362716155,0.00043473259677027454,0.0012941356890876715,2.412419716454984e-05,0.13835359585105508,0.15563678611057344,0.2147440935735406,2.7137802173428026e-05,3.744412150203703e-05,8.0,59.37530336500849,2.0460702664573964,4.848630278747189,0.0082,0.01105,17,COMPLETE
3847,3847,,,2024-08-29 06:12:02.870982,2024-08-29 06:12:02.885039,0 days 00:00:00.014057,0.01435,N95,34,4,1.1x60x0.1,1.1x60x0.1,0.020526269603546497,,,,,,,,,,,,,,,17,FAIL
3848,3848,4.123810363722285e-05,220.8755494520626,2024-08-29 06:12:02.888031,2024-08-29 06:12:03.092484,0 days 00:00:00.204453,0.01435,N95,18,15,1.1x60x0.1,1.1x60x0.1,0.023727981961911483,0.00010545119208894869,0.0005246583744754121,4.7697476639721074e-05,0.2949182990774419,0.32316612325531974,0.3241290810861681,5.2266029822287344e-05,5.242177010285185e-05,4.0,217.6891866168757,1.0711279000819447,2.1152349351049478,0.0082,0.008825,17,COMPLETE
3849,3849,4.4577720683203094e-05,57.632719516882965,2024-08-29 06:12:03.093481,2024-08-29 06:12:03.298933,0 days 00:00:00.205452,0.01435,N95,39,23,1.1x60x0.1,1.1x60x0.1,0.024585218078181953,0.0005758813342981998,0.0017604151359143965,2.144811601917549e-05,0.13261586021771274,0.15049452765135674,0.2113885311431531,2.4339653522725416e-05,3.418811093664251e-05,9.0,50.86101879759136,2.0124221153054713,4.759278603986133,0.0108,0.008825,17,COMPLETE
3850,3850,,,2024-08-29 06:12:03.300928,2024-08-29 06:12:03.309903,0 days 00:00:00.008975,0.01435,N95,27,18,1.1x60x0.1,1.1x60x0.1,0.008324291780166134,,,,,,,,,,,,,,,17,FAIL
3851,3851,,,2024-08-29 06:12:03.311898,2024-08-29 06:12:03.318985,0 days 00:00:00.007087,0.01435,N95,22,15,1.1x60x0.1,1.1x60x0.1,0.008208465349143422,,,,,,,,,,,,,,,17,FAIL
3852,3852,,,2024-08-29 06:12:03.319983,2024-08-29 06:12:03.326029,0 days 00:00:00.006046,0.01435,N95,23,5,1.1x60x0.1,1.1x60x0.1,0.012538176565090261,,,,,,,,,,,,,,,17,FAIL
3853,3853,,,2024-08-29 06:12:03.327029,2024-08-29 06:12:03.333082,0 days 00:00:00.006053,0.012,N95,31,23,1.1x60x0.1,1.1x60x0.1,0.006929060400745392,,,,,,,,,,,,,,,17,FAIL
3854,3854,3.356513672315683e-05,178.99383895023132,2024-08-29 06:12:03.335141,2024-08-29 06:12:03.554943,0 days 00:00:00.219802,0.01435,N95,18,16,1.1x60x0.1,1.1x60x0.1,0.01578477830441812,0.00011305408365220187,0.0006157428614636193,4.7697476639721074e-05,0.2949182990774419,0.32112243970180376,0.30387101351828255,5.193550252419244e-05,4.91454094714236e-05,4.0,175.77501769382982,1.1035863212965487,2.1152349351049478,0.0082,0.008825,17,COMPLETE
3855,3855,,,2024-08-29 06:12:03.555942,2024-08-29 06:12:03.562986,0 days 00:00:00.007044,0.01435,N95,23,16,1.1x60x0.1,1.1x60x0.1,0.01207456718697994,,,,,,,,,,,,,,,17,FAIL
3856,3856,4.1743443085640786e-05,108.49333608768802,2024-08-29 06:12:03.564980,2024-08-29 06:12:03.767440,0 days 00:00:00.202460,0.01435,N95,26,21,1.1x60x0.1,1.1x60x0.1,0.021651119126440445,0.00022749487586939311,0.0013056874044952748,3.217217402876327e-05,0.19892379032656934,0.21711008454293046,0.23152077220440578,3.511346436666869e-05,3.744412150203703e-05,6.0,103.79493788794419,1.5255457970864057,3.172852402657422,0.0108,0.008825,17,COMPLETE
3857,3857,,,2024-08-29 06:12:03.769434,2024-08-29 06:12:03.778410,0 days 00:00:00.008976,0.01435,N95,18,9,1.1x60x0.1,1.1x60x0.1,0.0070192553348600644,,,,,,,,,,,,,,,17,FAIL
3858,3858,,,2024-08-29 06:12:03.780405,2024-08-29 06:12:03.791376,0 days 00:00:00.010971,0.01435,N95,35,3,1.1x60x0.1,1.1x60x0.1,0.022468713557994346,,,,,,,,,,,,,,,17,FAIL
3859,3859,4.3686652575950676e-05,74.9028370996456,2024-08-29 06:12:03.793371,2024-08-29 06:12:04.008794,0 days 00:00:00.215423,0.01435,N95,34,21,1.1x60x0.1,1.1x60x0.1,0.023662767150415293,0.00039993613487238587,0.0012699694300996826,2.412419716454984e-05,0.14916233930188658,0.16779576240774277,0.23152077220440578,2.7137802173428026e-05,3.744412150203703e-05,8.0,68.88715406263245,1.7852131668032407,4.2304698702098955,0.0108,0.008825,17,COMPLETE
3860,3860,,,2024-08-29 06:12:04.010789,2024-08-29 06:12:04.017813,0 days 00:00:00.007024,0.01435,N95,39,18,1.1x60x0.1,1.1x60x0.1,0.016447556794603177,,,,,,,,,,,,,,,17,FAIL
3861,3861,3.6720475068681856e-05,123.8940124825579,2024-08-29 06:12:04.019873,2024-08-29 06:12:04.219339,0 days 00:00:00.199466,0.01435,N95,22,23,1.1x60x0.1,1.1x60x0.1,0.016451245548119803,0.00017346254681244576,0.0017378557254499054,3.850162050919795e-05,0.23805939500878825,0.25439752132440074,0.2113885311431531,4.114400452101916e-05,3.418811093664251e-05,5.0,119.78933985901952,1.460628954657197,2.644043668881184,0.0108,0.008825,17,COMPLETE
3862,3862,3.9888906391118e-05,62.766231806767856,2024-08-29 06:12:04.220338,2024-08-29 06:12:04.420871,0 days 00:00:00.200533,0.0149,N95,34,19,1.1x60x0.1,1.1x60x0.1,0.012546944559374603,0.0004316609090805466,0.000985157535362983,2.412419716454984e-05,0.13835359585105508,0.1579171977918133,0.23734873500233433,2.753542899820385e-05,4.1385607975935666e-05,8.0,55.945933816707175,1.9716677113134913,4.848630278747189,0.0082,0.01105,17,COMPLETE
3863,3863,3.97801910095348e-05,69.05288832944566,2024-08-29 06:12:04.422866,2024-08-29 06:12:04.669208,0 days 00:00:00.246342,0.01435,N95,34,21,1.1x60x0.1,1.1x60x0.1,0.019618722630253452,0.000400746953303399,0.0012699694300996826,2.412419716454984e-05,0.14916233930188658,0.16779576240774277,0.23152077220440578,2.7137802173428026e-05,3.744412150203703e-05,8.0,63.037205292432525,1.7852131668032407,4.2304698702098955,0.0108,0.008825,17,COMPLETE
3864,3864,3.6718182317263774e-05,123.54287794389238,2024-08-29 06:12:04.670205,2024-08-29 06:12:04.870668,0 days 00:00:00.200463,0.01435,N95,23,15,1.1x60x0.1,1.4x200x0.071,0.019048872047536025,0.0001908516184828159,0.000558029934821185,3.7605450211454966e-05,0.2325182838533611,0.26320447173864064,0.3241290810861681,4.2568362768589565e-05,5.242177010285185e-05,5.0,120.8161634168459,1.2334200061549663,1.493294520891507,0.0082,0.008825,17,COMPLETE
3865,3865,4.459684054079015e-05,57.65300884784758,2024-08-29 06:12:04.872664,2024-08-29 06:12:05.108439,0 days 00:00:00.235775,0.01435,N95,39,23,1.1x60x0.1,1.1x60x0.1,0.024605011324317014,0.0005758870777479446,0.0017604151359143965,2.144811601917549e-05,0.13261586021771274,0.15049452765135674,0.2113885311431531,2.4339653522725416e-05,3.418811093664251e-05,9.0,50.88130812855598,2.0124221153054713,4.759278603986133,0.0108,0.008825,17,COMPLETE
3866,3866,,,2024-08-29 06:12:05.109438,2024-08-29 06:12:05.120464,0 days 00:00:00.011026,0.01435,N95,23,16,1.1x60x0.1,1.4x200x0.071,0.018896321556854362,,,,,,,,,,,,,,,17,FAIL
3867,3867,4.112502387776895e-05,140.7421390114101,2024-08-29 06:12:05.121461,2024-08-29 06:12:05.316939,0 days 00:00:00.195478,0.01435,N95,22,21,1.1x60x0.1,1.1x60x0.1,0.021010919609246295,0.0001668172344340393,0.0013237214281748805,3.850162050919795e-05,0.23805939500878825,0.25633570067416306,0.23152077220440578,4.145746850256275e-05,3.744412150203703e-05,5.0,136.70238323030094,1.395712112227988,2.644043668881184,0.0108,0.008825,17,COMPLETE
3868,3868,,,2024-08-29 06:12:05.318934,2024-08-29 06:12:05.324917,0 days 00:00:00.005983,0.01435,N95,23,13,1.4x200x0.071,1.1x60x0.1,0.00930759231000123,,,,,,,,,,,,,,,17,FAIL
3869,3869,3.947424157403409e-05,89.69652778966999,2024-08-29 06:12:05.325914,2024-08-29 06:12:05.538346,0 days 00:00:00.212432,0.01435,N95,34,15,1.1x60x0.1,1.1x60x0.1,0.02190199786103514,0.00039513156341470715,0.0004919656916685144,2.412419716454984e-05,0.14916233930188658,0.18647743278770848,0.3241290810861681,3.0159210269591635e-05,5.242177010285185e-05,8.0,83.87559527994446,1.5904626395156145,4.2304698702098955,0.0082,0.008825,17,COMPLETE
3870,3870,3.3389167783169636e-05,92.33033097796384,2024-08-29 06:12:05.539345,2024-08-29 06:12:05.740823,0 days 00:00:00.201478,0.01435,N95,23,22,1.1x60x0.1,1.1x60x0.1,0.013002611856502233,0.0002209693688233793,0.0016223126231755265,3.7605450211454966e-05,0.2325182838533611,0.25280026455710464,0.22099710074056916,4.0885678341924596e-05,3.574211597921717e-05,5.0,88.22565835442546,1.460628954657197,2.644043668881184,0.0108,0.008825,17,COMPLETE
3871,3871,,,2024-08-29 06:12:05.743873,2024-08-29 06:12:05.752849,0 days 00:00:00.008976,0.01345,N95,32,21,1.1x60x0.1,1.1x60x0.1,0.0034081858489876664,,,,,,,,,,,,,,,17,FAIL
3872,3872,,,2024-08-29 06:12:05.753847,2024-08-29 06:12:05.761826,0 days 00:00:00.007979,0.01435,N95,31,21,1.1x60x0.1,1.1x60x0.1,0.0118226155959942,,,,,,,,,,,,,,,17,FAIL
3873,3873,,,2024-08-29 06:12:05.763820,2024-08-29 06:12:05.770802,0 days 00:00:00.006982,0.01435,N95,26,21,1.4x200x0.071,1.1x60x0.1,0.016734384645191325,,,,,,,,,,,,,,,17,FAIL
3874,3874,3.690730268887207e-05,96.37473623912919,2024-08-29 06:12:05.771799,2024-08-29 06:12:05.963287,0 days 00:00:00.191488,0.01435,N95,26,21,1.1x60x0.1,1.1x60x0.1,0.016644653111665426,0.00023025362943394426,0.0013056874044952748,3.217217402876327e-05,0.19892379032656934,0.21711008454293046,0.23152077220440578,3.511346436666869e-05,3.744412150203703e-05,6.0,91.67633803938536,1.5255457970864057,3.172852402657422,0.0108,0.008825,17,COMPLETE
3875,3875,,,2024-08-29 06:12:05.964284,2024-08-29 06:12:05.974257,0 days 00:00:00.009973,0.01435,N95,23,25,1.1x60x0.1,1.1x60x0.1,0.014270416793140233,,,,,,,,,,,,,,,17,FAIL
3876,3876,,,2024-08-29 06:12:05.975255,2024-08-29 06:12:05.983233,0 days 00:00:00.007978,0.01435,N95,23,10,1.1x60x0.1,1.1x60x0.1,0.010162585926006823,,,,,,,,,,,,,,,17,FAIL
3877,3877,,,2024-08-29 06:12:05.984233,2024-08-29 06:12:05.990215,0 days 00:00:00.005982,0.01435,N95,34,23,1.1x60x0.1,1.1x60x0.1,0.008015223194174971,,,,,,,,,,,,,,,17,FAIL
3878,3878,,,2024-08-29 06:12:05.991213,2024-08-29 06:12:06.001184,0 days 00:00:00.009971,0.01435,N95,34,8,1.1x60x0.1,1.1x60x0.1,0.011964464749334448,,,,,,,,,,,,,,,17,FAIL
3879,3879,,,2024-08-29 06:12:06.002182,2024-08-29 06:12:06.011158,0 days 00:00:00.008976,0.01435,N95,26,15,1.1x60x0.1,1.1x60x0.1,0.007852134055431484,,,,,,,,,,,,,,,17,FAIL
3880,3880,,,2024-08-29 06:12:06.013152,2024-08-29 06:12:06.023127,0 days 00:00:00.009975,0.01435,N95,15,12,1.1x60x0.1,1.1x60x0.1,0.01966122333169712,,,,,,,,,,,,,,,17,FAIL
3881,3881,,,2024-08-29 06:12:06.024125,2024-08-29 06:12:06.031106,0 days 00:00:00.006981,0.0149,N95,23,0,1.1x60x0.1,1.1x60x0.1,0.006471642687513598,,,,,,,,,,,,,,,17,FAIL
3882,3882,,,2024-08-29 06:12:06.032104,2024-08-29 06:12:06.038087,0 days 00:00:00.005983,0.01345,N95,27,21,1.4x200x0.071,1.4x200x0.071,0.004544311791501713,,,,,,,,,,,,,,,17,FAIL
3883,3883,,,2024-08-29 06:12:06.039087,2024-08-29 06:12:06.050054,0 days 00:00:00.010967,0.01435,N95,5,16,1.1x60x0.1,1.1x60x0.1,0.02159663068755385,,,,,,,,,,,,,,,17,FAIL
3884,3884,,,2024-08-29 06:12:06.051051,2024-08-29 06:12:06.061025,0 days 00:00:00.009974,0.01435,N95,34,3,1.1x60x0.1,1.1x60x0.1,0.022095635269367142,,,,,,,,,,,,,,,17,FAIL
3885,3885,4.0499514439475116e-05,91.23191327036295,2024-08-29 06:12:06.062021,2024-08-29 06:12:06.242539,0 days 00:00:00.180518,0.01435,N95,34,15,1.1x60x0.1,1.1x60x0.1,0.02296338014847476,0.00039487252120220596,0.0004919656916685144,2.412419716454984e-05,0.14916233930188658,0.18647743278770848,0.3241290810861681,3.0159210269591635e-05,5.242177010285185e-05,8.0,85.41098076063743,1.5904626395156145,4.2304698702098955,0.0082,0.008825,17,COMPLETE
3886,3886,,,2024-08-29 06:12:06.245532,2024-08-29 06:12:06.256592,0 days 00:00:00.011060,0.01435,N95,33,12,1.1x60x0.1,1.1x60x0.1,0.014145518184746632,,,,,,,,,,,,,,,17,FAIL
3887,3887,,,2024-08-29 06:12:06.257589,2024-08-29 06:12:06.266697,0 days 00:00:00.009108,0.01435,N95,27,18,1.4x200x0.071,1.1x60x0.1,0.015389646459884635,,,,,,,,,,,,,,,17,FAIL
3888,3888,4.2466348329001456e-05,55.39227380072895,2024-08-29 06:12:06.267701,2024-08-29 06:12:06.465124,0 days 00:00:00.197423,0.01435,N95,39,23,1.1x60x0.1,1.1x60x0.1,0.022399484607146095,0.000575111449287793,0.0017604151359143965,2.144811601917549e-05,0.13261586021771274,0.15049452765135674,0.2113885311431531,2.4339653522725416e-05,3.418811093664251e-05,9.0,48.62057308143735,2.0124221153054713,4.759278603986133,0.0108,0.008825,17,COMPLETE
3889,3889,,,2024-08-29 06:12:06.467118,2024-08-29 06:12:06.481150,0 days 00:00:00.014032,0.01435,N95,23,16,1.4x200x0.071,1.1x60x0.1,0.012545102877410872,,,,,,,,,,,,,,,17,FAIL
3890,3890,3.0314823520245017e-05,174.75790413137554,2024-08-29 06:12:06.482147,2024-08-29 06:12:06.704552,0 days 00:00:00.222405,0.01435,N95,18,14,1.1x60x0.1,1.1x60x0.1,0.012419991252614341,0.00011094871658591425,0.0004436730499310024,4.7697476639721074e-05,0.2949182990774419,0.3255017616021952,0.3472811583066086,5.264377530582438e-05,5.616618225305554e-05,4.0,171.60399971740324,1.03866947886734,2.1152349351049478,0.0082,0.008825,17,COMPLETE
3891,3891,,,2024-08-29 06:12:06.705549,2024-08-29 06:12:06.711533,0 days 00:00:00.005984,0.01435,N95,18,3,1.1x60x0.1,1.1x60x0.1,0.010727696555716426,,,,,,,,,,,,,,,17,FAIL
3892,3892,,,2024-08-29 06:12:06.711533,2024-08-29 06:12:06.718515,0 days 00:00:00.006982,0.01435,N95,16,16,1.1x60x0.1,1.1x60x0.1,0.006493220250573623,,,,,,,,,,,,,,,17,FAIL
3893,3893,,,2024-08-29 06:12:06.720510,2024-08-29 06:12:06.730483,0 days 00:00:00.009973,0.01435,N95,23,16,1.4x200x0.071,1.1x60x0.1,0.012222851296189179,,,,,,,,,,,,,,,17,FAIL
3894,3894,,,2024-08-29 06:12:06.731481,2024-08-29 06:12:06.743449,0 days 00:00:00.011968,0.01435,N95,34,20,1.1x60x0.1,1.1x60x0.1,0.014466677974746961,,,,,,,,,,,,,,,17,FAIL
