,number,values_0,values_1,datetime_start,datetime_complete,duration,params_core_inner_diameter,params_material,params_n_p_bot,params_n_p_top,params_primary_litz_wire,params_secondary_litz_wire,params_window_h_bot,user_attrs_air_gap_bot,user_attrs_air_gap_top,user_attrs_flux_bot_max,user_attrs_flux_density_bot_max,user_attrs_flux_density_mid_max,user_attrs_flux_density_top_max,user_attrs_flux_mid_max,user_attrs_flux_top_max,user_attrs_n_s_bot,user_attrs_p_hyst,user_attrs_primary_litz_wire_loss,user_attrs_secondary_litz_wire_loss,user_attrs_window_h_top,user_attrs_window_w,system_attrs_nsga2:generation,state
4821,4821,,,2024-08-29 06:13:26.854414,2024-08-29 06:13:26.866384,0 days 00:00:00.011970,0.01435,N95,32,19,1.1x60x0.1,1.1x60x0.1,0.011187993336536167,,,,,,,,,,,,,,,24,FAIL
4822,4822,,,2024-08-29 06:13:26.868376,2024-08-29 06:13:26.879347,0 days 00:00:00.010971,0.01435,N95,23,16,1.1x60x0.1,1.1x60x0.1,0.008623630462280102,,,,,,,,,,,,,,,24,FAIL
4823,4823,,,2024-08-29 06:13:26.880345,2024-08-29 06:13:26.891315,0 days 00:00:00.010970,0.01435,N95,26,17,1.1x60x0.1,1.1x60x0.1,0.008976131298726087,,,,,,,,,,,,,,,24,FAIL
4824,4824,,,2024-08-29 06:13:26.892313,2024-08-29 06:13:26.905278,0 days 00:00:00.012965,0.01435,N95,6,12,1.1x60x0.1,1.1x60x0.1,0.018440979320492063,,,,,,,,,,,,,,,24,FAIL
4825,4825,,,2024-08-29 06:13:26.906278,2024-08-29 06:13:26.912259,0 days 00:00:00.005981,0.01435,N95,34,12,1.1x60x0.1,1.1x60x0.1,0.01312402350178814,,,,,,,,,,,,,,,24,FAIL
4826,4826,4.783978434119753e-05,109.98671589223008,2024-08-29 06:13:26.915252,2024-08-29 06:13:27.108734,0 days 00:00:00.193482,0.0149,N95,23,21,1.1x60x0.1,1.1x60x0.1,0.018909803511489368,0.0002322798964556201,0.001431553675467792,3.7605450211454966e-05,0.21566932258363924,0.23546633431675332,0.2147440935735406,4.105738083444143e-05,3.744412150203703e-05,5.0,105.31946575484717,1.6368562131659172,3.030393924216993,0.0082,0.01105,24,COMPLETE
4827,4827,,,2024-08-29 06:13:27.110729,2024-08-29 06:13:27.122789,0 days 00:00:00.012060,0.01435,N95,14,16,1.1x60x0.1,1.1x60x0.1,0.016821416750576558,,,,,,,,,,,,,,,24,FAIL
4828,4828,,,2024-08-29 06:13:27.123788,2024-08-29 06:13:27.131829,0 days 00:00:00.008041,0.01435,N95,23,16,1.1x60x0.1,1.1x60x0.1,0.010230246560341485,,,,,,,,,,,,,,,24,FAIL
4829,4829,,,2024-08-29 06:13:27.132827,2024-08-29 06:13:27.148995,0 days 00:00:00.016168,0.01435,N95,5,16,1.1x60x0.1,1.1x60x0.1,0.020682196951883784,,,,,,,,,,,,,,,24,FAIL
4830,4830,,,2024-08-29 06:13:27.150992,2024-08-29 06:13:27.161025,0 days 00:00:00.010033,0.01435,N95,27,18,1.4x200x0.071,1.1x60x0.1,0.013894905421280811,,,,,,,,,,,,,,,24,FAIL
4831,4831,3.7778747828873205e-05,151.93390134414292,2024-08-29 06:13:27.163029,2024-08-29 06:13:27.344633,0 days 00:00:00.181604,0.01435,N95,26,12,1.1x60x0.1,1.1x60x0.1,0.021446789964448196,0.0002135172254689605,0.00029565163374893665,3.217217402876327e-05,0.19892379032656934,0.24285573640879518,0.40516135135771003,3.927733833545221e-05,6.552721262856479e-05,6.0,147.52762893533054,1.2334200061549663,3.172852402657422,0.006900000000000001,0.008825,24,COMPLETE
4832,4832,,,2024-08-29 06:13:27.345632,2024-08-29 06:13:27.355606,0 days 00:00:00.009974,0.01345,N95,34,23,1.1x60x0.1,1.1x60x0.1,0.007023965308861644,,,,,,,,,,,,,,,24,FAIL
4833,4833,,,2024-08-29 06:13:27.357599,2024-08-29 06:13:27.372559,0 days 00:00:00.014960,0.01435,N95,27,15,1.1x60x0.1,1.1x60x0.1,0.0076886011074125075,,,,,,,,,,,,,,,24,FAIL
4834,4834,,,2024-08-29 06:13:27.375552,2024-08-29 06:13:27.390517,0 days 00:00:00.014965,0.01345,N95,39,23,1.1x60x0.1,1.1x60x0.1,0.007568701420032406,,,,,,,,,,,,,,,24,FAIL
4835,4835,,,2024-08-29 06:13:27.392506,2024-08-29 06:13:27.404474,0 days 00:00:00.011968,0.01435,N95,36,18,1.1x60x0.1,1.1x60x0.1,0.02196127208203636,,,,,,,,,,,,,,,24,FAIL
4836,4836,,,2024-08-29 06:13:27.405471,2024-08-29 06:13:27.416442,0 days 00:00:00.010971,0.01435,N95,27,23,1.1x60x0.1,1.1x60x0.1,0.013147767780251528,,,,,,,,,,,,,,,24,FAIL
4837,4837,3.302504344831936e-05,181.1412327228613,2024-08-29 06:13:27.417440,2024-08-29 06:13:27.616905,0 days 00:00:00.199465,0.01435,N95,18,15,1.1x60x0.1,1.1x60x0.1,0.015225663307035283,0.0001112648428245474,0.0005246583744754121,4.7697476639721074e-05,0.2949182990774419,0.32316612325531974,0.3241290810861681,5.2266029822287344e-05,5.242177010285185e-05,4.0,177.95486988767442,1.0711279000819447,2.1152349351049478,0.0082,0.008825,24,COMPLETE
4838,4838,,,2024-08-29 06:13:27.618900,2024-08-29 06:13:27.630868,0 days 00:00:00.011968,0.01435,N95,34,21,1.1x60x0.1,1.1x60x0.1,0.006648611814330597,,,,,,,,,,,,,,,24,FAIL
4839,4839,,,2024-08-29 06:13:27.633860,2024-08-29 06:13:27.646825,0 days 00:00:00.012965,0.01435,N95,8,12,1.1x60x0.1,1.1x60x0.1,0.01526507497093848,,,,,,,,,,,,,,,24,FAIL
4840,4840,3.252289409510487e-05,90.01265502994258,2024-08-29 06:13:27.647826,2024-08-29 06:13:27.847289,0 days 00:00:00.199463,0.01435,N95,23,22,1.1x60x0.1,1.1x60x0.1,0.012105828590721148,0.00022135613820424335,0.0016223126231755265,3.7605450211454966e-05,0.2325182838533611,0.25280026455710464,0.22099710074056916,4.0885678341924596e-05,3.574211597921717e-05,5.0,85.9079824064042,1.460628954657197,2.644043668881184,0.0108,0.008825,24,COMPLETE
4841,4841,,,2024-08-29 06:13:27.850281,2024-08-29 06:13:27.863349,0 days 00:00:00.013068,0.012,N95,27,18,1.1x60x0.1,1.1x60x0.1,0.006206013251592136,,,,,,,,,,,,,,,24,FAIL
4842,4842,,,2024-08-29 06:13:27.866341,2024-08-29 06:13:27.880349,0 days 00:00:00.014008,0.01435,N95,30,16,1.1x60x0.1,1.1x60x0.1,0.013434265008067593,,,,,,,,,,,,,,,24,FAIL
4843,4843,,,2024-08-29 06:13:27.882419,2024-08-29 06:13:27.897423,0 days 00:00:00.015004,0.01435,N95,37,16,1.1x60x0.1,1.1x60x0.1,0.020190182478195658,,,,,,,,,,,,,,,24,FAIL
4844,4844,4.074605160194513e-05,130.15111537959896,2024-08-29 06:13:27.899476,2024-08-29 06:13:28.109152,0 days 00:00:00.209676,0.01435,N95,23,16,1.1x60x0.1,1.1x60x0.1,0.023218600184292962,0.00019207198870179165,0.0006533138571469244,3.7605450211454966e-05,0.2325182838533611,0.26116078818512467,0.30387101351828255,4.223783547049466e-05,4.91454094714236e-05,5.0,126.24119328334821,1.2658784273695707,2.644043668881184,0.0082,0.008825,24,COMPLETE
4845,4845,3.690135528691565e-05,96.35983331413873,2024-08-29 06:13:28.110236,2024-08-29 06:13:28.332554,0 days 00:00:00.222318,0.01435,N95,26,21,1.1x60x0.1,1.1x60x0.1,0.01663849624620492,0.00023025675774865177,0.0013056874044952748,3.217217402876327e-05,0.19892379032656934,0.21711008454293046,0.23152077220440578,3.511346436666869e-05,3.744412150203703e-05,6.0,91.66143511439489,1.5255457970864057,3.172852402657422,0.0108,0.008825,24,COMPLETE
4846,4846,4.217695688046708e-05,133.9798562010012,2024-08-29 06:13:28.334549,2024-08-29 06:13:28.547977,0 days 00:00:00.213428,0.01435,N95,23,16,1.1x60x0.1,1.1x60x0.1,0.024699900986078792,0.00019110906079790178,0.0006533138571469244,3.7605450211454966e-05,0.2325182838533611,0.26116078818512467,0.30387101351828255,4.223783547049466e-05,4.91454094714236e-05,5.0,130.06993410475047,1.2658784273695707,2.644043668881184,0.0082,0.008825,24,COMPLETE
4847,4847,,,2024-08-29 06:13:28.548975,2024-08-29 06:13:28.555956,0 days 00:00:00.006981,0.01435,N95,34,18,1.4x200x0.071,1.1x60x0.1,0.02445583310825964,,,,,,,,,,,,,,,24,FAIL
4848,4848,,,2024-08-29 06:13:28.556954,2024-08-29 06:13:28.562938,0 days 00:00:00.005984,0.01435,N95,0,15,1.4x200x0.071,1.1x60x0.1,0.013113182404843476,,,,,,,,,,,,,,,24,FAIL
4849,4849,4.295402954055843e-05,109.5004928619731,2024-08-29 06:13:28.564933,2024-08-29 06:13:28.766393,0 days 00:00:00.201460,0.01435,N95,26,23,1.1x60x0.1,1.1x60x0.1,0.02290434162356681,0.0002299063025068003,0.0017154285024184803,3.217217402876327e-05,0.19892379032656934,0.2151282360034201,0.2113885311431531,3.4792937716703374e-05,3.418811093664251e-05,6.0,104.73717781980005,1.5904626395156145,3.172852402657422,0.0108,0.008825,24,COMPLETE
4850,4850,,,2024-08-29 06:13:28.770383,2024-08-29 06:13:28.778413,0 days 00:00:00.008030,0.01435,N95,31,23,1.1x60x0.1,1.1x60x0.1,0.006787509552001485,,,,,,,,,,,,,,,24,FAIL
4851,4851,,,2024-08-29 06:13:28.779411,2024-08-29 06:13:28.791440,0 days 00:00:00.012029,0.01435,N95,34,8,1.1x60x0.1,1.1x60x0.1,0.00962970783479556,,,,,,,,,,,,,,,24,FAIL
4852,4852,,,2024-08-29 06:13:28.793498,2024-08-29 06:13:28.804529,0 days 00:00:00.011031,0.0149,N95,27,15,1.1x60x0.1,1.4x200x0.071,0.00645915671706096,,,,,,,,,,,,,,,24,FAIL
4853,4853,4.2964570193486655e-05,71.46548459774259,2024-08-29 06:13:28.805527,2024-08-29 06:13:29.023279,0 days 00:00:00.217752,0.01435,N95,34,23,1.1x60x0.1,1.1x60x0.1,0.022915253511214637,0.000401878363528612,0.0016709731681355863,2.412419716454984e-05,0.14916233930188658,0.16576477254089456,0.2113885311431531,2.680932783991756e-05,3.418811093664251e-05,8.0,65.38488471830024,1.8501300092324493,4.2304698702098955,0.0108,0.008825,24,COMPLETE
4854,4854,3.9441535904742475e-05,73.07112422531964,2024-08-29 06:13:29.025273,2024-08-29 06:13:29.223741,0 days 00:00:00.198468,0.01435,N95,31,21,1.1x60x0.1,1.1x60x0.1,0.0192681403200282,0.00035413756337931453,0.0013785224971616305,2.7446998889213458e-05,0.16970755682379857,0.18971446107326884,0.23152077220440578,3.068273858748719e-05,3.744412150203703e-05,7.0,67.68162518572655,1.6878379031594277,3.7016611364336582,0.0108,0.008825,24,COMPLETE
4855,4855,,,2024-08-29 06:13:29.225737,2024-08-29 06:13:29.237704,0 days 00:00:00.011967,0.01435,N95,34,23,1.1x60x0.1,1.1x60x0.1,0.006921680136504169,,,,,,,,,,,,,,,24,FAIL
4856,4856,,,2024-08-29 06:13:29.239699,2024-08-29 06:13:29.252665,0 days 00:00:00.012966,0.01435,N95,31,16,1.1x60x0.1,1.1x60x0.1,0.01419120727726594,,,,,,,,,,,,,,,24,FAIL
4857,4857,,,2024-08-29 06:13:29.254659,2024-08-29 06:13:29.264632,0 days 00:00:00.009973,0.01435,N95,31,15,1.4x200x0.071,1.1x60x0.1,0.02065409892942758,,,,,,,,,,,,,,,24,FAIL
4858,4858,,,2024-08-29 06:13:29.266628,2024-08-29 06:13:29.275603,0 days 00:00:00.008975,0.01435,N95,36,0,1.1x60x0.1,1.1x60x0.1,0.0235847128640266,,,,,,,,,,,,,,,24,FAIL
4859,4859,,,2024-08-29 06:13:29.276601,2024-08-29 06:13:29.286573,0 days 00:00:00.009972,0.01435,N95,18,15,1.1x60x0.1,1.4x200x0.071,0.01452735074298635,,,,,,,,,,,,,,,24,FAIL
4860,4860,3.612452103892839e-05,141.14629379023825,2024-08-29 06:13:29.288568,2024-08-29 06:13:29.479058,0 days 00:00:00.190490,0.01435,N95,22,16,1.1x60x0.1,1.1x60x0.1,0.018434302417535242,0.00015909532311947401,0.0006064714471951399,3.850162050919795e-05,0.23805939500878825,0.2635712763586992,0.30387101351828255,4.2627686502828214e-05,4.91454094714236e-05,5.0,137.2688301152021,1.2334200061549663,2.644043668881184,0.0082,0.008825,24,COMPLETE
4861,4861,3.076776116645134e-05,158.57197493475533,2024-08-29 06:13:29.482050,2024-08-29 06:13:29.710756,0 days 00:00:00.228706,0.01435,N95,22,12,1.1x60x0.1,1.1x60x0.1,0.014188881058638022,0.00015430966052384183,0.00030116888011185903,3.850162050919795e-05,0.23805939500878825,0.27378969412627924,0.40516135135771003,4.4280322993302734e-05,6.552721262856479e-05,5.0,154.8243449445776,1.1035863212965487,2.644043668881184,0.006900000000000001,0.008825,24,COMPLETE
4862,4862,,,2024-08-29 06:13:29.712751,2024-08-29 06:13:29.722786,0 days 00:00:00.010035,0.0149,N95,2,21,1.1x60x0.1,1.1x60x0.1,0.011180481810977076,,,,,,,,,,,,,,,24,FAIL
4863,4863,4.480356423944616e-05,116.16172144439578,2024-08-29 06:13:29.723785,2024-08-29 06:13:29.962147,0 days 00:00:00.238362,0.01435,N95,26,21,1.1x60x0.1,1.1x60x0.1,0.02481901569285467,0.00022557758848931625,0.0013056874044952748,3.217217402876327e-05,0.19892379032656934,0.21711008454293046,0.23152077220440578,3.511346436666869e-05,3.744412150203703e-05,6.0,111.46332324465195,1.5255457970864057,3.172852402657422,0.0108,0.008825,24,COMPLETE
4864,4864,,,2024-08-29 06:13:29.963145,2024-08-29 06:13:29.972120,0 days 00:00:00.008975,0.01345,N95,17,12,1.1x60x0.1,1.1x60x0.1,0.007130684731774825,,,,,,,,,,,,,,,24,FAIL
4865,4865,,,2024-08-29 06:13:29.974115,2024-08-29 06:13:29.984088,0 days 00:00:00.009973,0.01435,N95,24,23,1.4x200x0.071,1.1x60x0.1,0.016471874099170454,,,,,,,,,,,,,,,24,FAIL
4866,4866,,,2024-08-29 06:13:29.987081,2024-08-29 06:13:30.003038,0 days 00:00:00.015957,0.01435,N95,34,23,1.1x60x0.1,1.1x60x0.1,0.014205641760488188,,,,,,,,,,,,,,,24,FAIL
4867,4867,,,2024-08-29 06:13:30.005033,2024-08-29 06:13:30.018995,0 days 00:00:00.013962,0.01435,N95,24,15,1.1x60x0.1,1.1x60x0.1,0.024229414420216956,,,,,,,,,,,,,,,24,FAIL
4868,4868,,,2024-08-29 06:13:30.021987,2024-08-29 06:13:30.031960,0 days 00:00:00.009973,0.01345,N95,23,20,1.1x60x0.1,1.1x60x0.1,0.008204072975274881,,,,,,,,,,,,,,,24,FAIL
4869,4869,,,2024-08-29 06:13:30.033955,2024-08-29 06:13:30.048915,0 days 00:00:00.014960,0.012,N95,18,16,1.1x60x0.1,1.1x60x0.1,0.006457073451197148,,,,,,,,,,,,,,,24,FAIL
4870,4870,3.9746936319335496e-05,212.74072306632743,2024-08-29 06:13:30.050910,2024-08-29 06:13:30.239405,0 days 00:00:00.188495,0.01435,N95,18,15,1.1x60x0.1,1.4x200x0.071,0.022184296732191036,0.00010652583120647258,0.0005246583744754121,4.7697476639721074e-05,0.2949182990774419,0.32316612325531974,0.3241290810861681,5.2266029822287344e-05,5.242177010285185e-05,4.0,210.4749595495323,1.0711279000819447,1.1946356167132055,0.0082,0.008825,24,COMPLETE
4871,4871,4.156404872430051e-05,108.0437944069246,2024-08-29 06:13:30.242397,2024-08-29 06:13:30.463137,0 days 00:00:00.220740,0.01435,N95,26,21,1.1x60x0.1,1.1x60x0.1,0.021465406616131097,0.00022760373910806408,0.0013056874044952748,3.217217402876327e-05,0.19892379032656934,0.21711008454293046,0.23152077220440578,3.511346436666869e-05,3.744412150203703e-05,6.0,103.34539620718077,1.5255457970864057,3.172852402657422,0.0108,0.008825,24,COMPLETE
4872,4872,3.831101164326433e-05,68.8632083523657,2024-08-29 06:13:30.466189,2024-08-29 06:13:30.694919,0 days 00:00:00.228730,0.01435,N95,31,23,1.1x60x0.1,1.1x60x0.1,0.018097799753044107,0.00036115702227457603,0.0018059278049162423,2.7446998889213458e-05,0.16970755682379857,0.18768347120642062,0.2113885311431531,3.0354264253976727e-05,3.418811093664251e-05,7.0,63.408792470343414,1.7527547455886363,3.7016611364336582,0.0108,0.008825,24,COMPLETE
4873,4873,,,2024-08-29 06:13:30.697910,2024-08-29 06:13:30.707951,0 days 00:00:00.010041,0.01435,N95,31,16,1.1x60x0.1,1.1x60x0.1,0.0080042937727242,,,,,,,,,,,,,,,24,FAIL
4874,4874,,,2024-08-29 06:13:30.709945,2024-08-29 06:13:30.722910,0 days 00:00:00.012965,0.01435,N95,3,21,1.1x60x0.1,1.1x60x0.1,0.024134613489865078,,,,,,,,,,,,,,,24,FAIL
4875,4875,,,2024-08-29 06:13:30.725902,2024-08-29 06:13:30.735876,0 days 00:00:00.009974,0.01435,N95,34,14,1.1x60x0.1,1.1x60x0.1,0.01291246059605347,,,,,,,,,,,,,,,24,FAIL
4876,4876,,,2024-08-29 06:13:30.736874,2024-08-29 06:13:30.743855,0 days 00:00:00.006981,0.01435,N95,14,8,1.1x60x0.1,1.1x60x0.1,0.02412013739483132,,,,,,,,,,,,,,,24,FAIL
4877,4877,3.761744951494819e-05,120.62910102833543,2024-08-29 06:13:30.745849,2024-08-29 06:13:30.961272,0 days 00:00:00.215423,0.01435,N95,23,16,1.1x60x0.1,1.4x200x0.071,0.019979810832195195,0.00019411303346383252,0.0006533138571469244,3.7605450211454966e-05,0.2325182838533611,0.26116078818512467,0.30387101351828255,4.223783547049466e-05,4.91454094714236e-05,5.0,117.86992808007435,1.2658784273695707,1.493294520891507,0.0082,0.008825,24,COMPLETE
4878,4878,,,2024-08-29 06:13:30.963267,2024-08-29 06:13:30.972243,0 days 00:00:00.008976,0.01435,N95,39,18,1.1x60x0.1,1.1x60x0.1,0.007742442818371309,,,,,,,,,,,,,,,24,FAIL
4879,4879,3.88045980658737e-05,99.49703307775887,2024-08-29 06:13:30.973241,2024-08-29 06:13:31.191657,0 days 00:00:00.218416,0.0149,N95,23,18,1.1x60x0.1,1.1x60x0.1,0.012979203791945993,0.0002227722383904441,0.0009278559058397608,3.7605450211454966e-05,0.21566932258363924,0.23907698614538309,0.2505347758357973,4.168695664033649e-05,4.368480841904319e-05,5.0,94.94138677309182,1.5252523804500593,3.030393924216993,0.006900000000000001,0.01105,24,COMPLETE
4880,4880,,,2024-08-29 06:13:31.193650,2024-08-29 06:13:31.205676,0 days 00:00:00.012026,0.01435,N95,18,0,1.1x60x0.1,1.1x60x0.1,0.017302110179950817,,,,,,,,,,,,,,,24,FAIL
4881,4881,,,2024-08-29 06:13:31.207673,2024-08-29 06:13:31.214716,0 days 00:00:00.007043,0.0149,N95,39,10,1.1x60x0.1,1.1x60x0.1,0.00608892015563448,,,,,,,,,,,,,,,24,FAIL
4882,4882,,,2024-08-29 06:13:31.215776,2024-08-29 06:13:31.225743,0 days 00:00:00.009967,0.01435,N95,31,17,1.1x60x0.1,1.4x200x0.071,0.022466802051182372,,,,,,,,,,,,,,,24,FAIL
4883,4883,,,2024-08-29 06:13:31.226742,2024-08-29 06:13:31.233791,0 days 00:00:00.007049,0.01435,N95,26,12,1.1x60x0.1,1.1x60x0.1,0.006301291991952158,,,,,,,,,,,,,,,24,FAIL
4884,4884,,,2024-08-29 06:13:31.234790,2024-08-29 06:13:31.240831,0 days 00:00:00.006041,0.0149,N95,26,18,1.1x60x0.1,1.1x60x0.1,0.005267231075767621,,,,,,,,,,,,,,,24,FAIL
4885,4885,3.550720898325533e-05,188.38941650887753,2024-08-29 06:13:31.241831,2024-08-29 06:13:31.451487,0 days 00:00:00.209656,0.01435,N95,18,16,1.1x60x0.1,1.1x60x0.1,0.01779524904569702,0.00011170389334584032,0.0006157428614636193,4.7697476639721074e-05,0.2949182990774419,0.32112243970180376,0.30387101351828255,5.193550252419244e-05,4.91454094714236e-05,4.0,185.17059525247603,1.1035863212965487,2.1152349351049478,0.0082,0.008825,24,COMPLETE
4886,4886,3.852054391091433e-05,221.7305637863576,2024-08-29 06:13:31.453481,2024-08-29 06:13:31.697828,0 days 00:00:00.244347,0.01435,N95,23,10,1.1x60x0.1,1.1x60x0.1,0.022214711606490176,0.00016980831431032782,0.00022091928676453533,3.7605450211454966e-05,0.2325182838533611,0.3743518533782035,0.48619362162925206,6.054435698767706e-05,7.863265515427775e-05,5.0,218.0153922173945,1.0711279000819447,2.644043668881184,0.006900000000000001,0.008825,24,COMPLETE
4887,4887,,,2024-08-29 06:13:31.700821,2024-08-29 06:13:31.712789,0 days 00:00:00.011968,0.01435,N95,27,21,1.1x60x0.1,1.1x60x0.1,0.012759634565484032,,,,,,,,,,,,,,,24,FAIL
4888,4888,,,2024-08-29 06:13:31.715781,2024-08-29 06:13:31.726751,0 days 00:00:00.010970,0.01435,N95,39,23,1.1x60x0.1,1.1x60x0.1,0.007945764087692533,,,,,,,,,,,,,,,24,FAIL
4889,4889,,,2024-08-29 06:13:31.727749,2024-08-29 06:13:31.741712,0 days 00:00:00.013963,0.01435,N95,22,8,1.1x60x0.1,1.1x60x0.1,0.0072653082844984385,,,,,,,,,,,,,,,24,FAIL
4890,4890,3.885117139199286e-05,61.58803839894675,2024-08-29 06:13:31.744704,2024-08-29 06:13:31.951150,0 days 00:00:00.206446,0.01435,N95,35,21,1.1x60x0.1,1.1x60x0.1,0.01865698356548381,0.00045067857553657113,0.0013601390922537504,2.409555951986295e-05,0.1489852698622507,0.16887838958443657,0.23152077220440578,2.7312896715311033e-05,3.744412150203703e-05,8.0,55.53989694071901,1.817671588017845,4.2304698702098955,0.0108,0.008825,24,COMPLETE
4891,4891,,,2024-08-29 06:13:31.954144,2024-08-29 06:13:31.964160,0 days 00:00:00.010016,0.0149,N95,24,18,1.4x200x0.071,1.1x60x0.1,0.01942679886821739,,,,,,,,,,,,,,,24,FAIL
4892,4892,3.8698160036661265e-05,100.86228365586912,2024-08-29 06:13:31.966156,2024-08-29 06:13:32.183814,0 days 00:00:00.217658,0.01435,N95,26,21,1.1x60x0.1,1.1x60x0.1,0.01849858325294241,0.00022927890940493224,0.0013056874044952748,3.217217402876327e-05,0.19892379032656934,0.21711008454293046,0.23152077220440578,3.511346436666869e-05,3.744412150203703e-05,6.0,96.16388545612529,1.5255457970864057,3.172852402657422,0.0108,0.008825,24,COMPLETE
4893,4893,,,2024-08-29 06:13:32.186805,2024-08-29 06:13:32.195782,0 days 00:00:00.008977,0.01435,N95,34,14,1.1x60x0.1,1.1x60x0.1,0.011426420560723977,,,,,,,,,,,,,,,24,FAIL
4894,4894,3.932691802642499e-05,357.6811516832759,2024-08-29 06:13:32.196780,2024-08-29 06:13:32.409210,0 days 00:00:00.212430,0.01435,N95,22,8,1.1x60x0.1,1.1x60x0.1,0.024349485676985673,0.00014023309117491776,0.00012280677585696146,3.850162050919795e-05,0.23805939500878825,0.4335217088896713,0.6077420270365651,7.011396596027193e-05,9.82908189428472e-05,5.0,354.0633553779566,0.9737526364381314,2.644043668881184,0.005600000000000001,0.008825,24,COMPLETE
4895,4895,,,2024-08-29 06:13:32.411206,2024-08-29 06:13:32.422176,0 days 00:00:00.010970,0.01435,N95,17,16,1.1x60x0.1,1.1x60x0.1,0.01353070891143982,,,,,,,,,,,,,,,24,FAIL
4896,4896,4.239833699919307e-05,122.52574808759391,2024-08-29 06:13:32.424171,2024-08-29 06:13:32.647573,0 days 00:00:00.223402,0.0149,N95,22,21,1.1x60x0.1,1.1x60x0.1,0.014555169702503801,0.00018518787361063735,0.0013450770907189465,3.850162050919795e-05,0.2208089084667231,0.23776085906975064,0.2147440935735406,4.145746850256275e-05,3.744412150203703e-05,5.0,117.89569922778296,1.5996549355939647,3.030393924216993,0.0082,0.01105,24,COMPLETE
4897,4897,,,2024-08-29 06:13:32.650565,2024-08-29 06:13:32.659541,0 days 00:00:00.008976,0.012,N95,23,15,1.1x60x0.1,1.1x60x0.1,0.004416879540040156,,,,,,,,,,,,,,,24,FAIL
4898,4898,,,2024-08-29 06:13:32.660600,2024-08-29 06:13:32.669576,0 days 00:00:00.008976,0.01345,N95,22,8,1.1x60x0.1,1.1x60x0.1,0.006766648400641771,,,,,,,,,,,,,,,24,FAIL
4899,4899,4.1174842140668814e-05,64.61468434490821,2024-08-29 06:13:32.671571,2024-08-29 06:13:32.893335,0 days 00:00:00.221764,0.01435,N95,35,21,1.1x60x0.1,1.1x60x0.1,0.02106249243791975,0.00045078871615380963,0.0013601390922537504,2.409555951986295e-05,0.1489852698622507,0.16887838958443657,0.23152077220440578,2.7312896715311033e-05,3.744412150203703e-05,8.0,58.566542886680466,1.817671588017845,4.2304698702098955,0.0108,0.008825,24,COMPLETE
4900,4900,,,2024-08-29 06:13:32.894331,2024-08-29 06:13:32.901312,0 days 00:00:00.006981,0.01435,N95,22,8,1.4x200x0.071,1.1x60x0.1,0.017020792299385443,,,,,,,,,,,,,,,24,FAIL
4901,4901,,,2024-08-29 06:13:32.903308,2024-08-29 06:13:32.916273,0 days 00:00:00.012965,0.01435,N95,36,16,1.1x60x0.1,1.4x200x0.071,0.00812033669381694,,,,,,,,,,,,,,,24,FAIL
4902,4902,4.400494739395165e-05,115.26141255121486,2024-08-29 06:13:32.917270,2024-08-29 06:13:33.119735,0 days 00:00:00.202465,0.0149,N95,23,16,1.1x60x0.1,1.1x60x0.1,0.01714089379448889,0.00021239911452289857,0.0006949921957314231,3.7605450211454966e-05,0.21566932258363924,0.24223630649543412,0.281851622815272,4.223783547049466e-05,4.91454094714236e-05,5.0,110.78016880169172,1.4508498253061541,3.030393924216993,0.006900000000000001,0.01105,24,COMPLETE
