,number,values_0,values_1,datetime_start,datetime_complete,duration,params_core_inner_diameter,params_material,params_n_p_bot,params_n_p_top,params_primary_litz_wire,params_secondary_litz_wire,params_window_h_bot,user_attrs_air_gap_bot,user_attrs_air_gap_top,user_attrs_flux_bot_max,user_attrs_flux_density_bot_max,user_attrs_flux_density_mid_max,user_attrs_flux_density_top_max,user_attrs_flux_mid_max,user_attrs_flux_top_max,user_attrs_n_s_bot,user_attrs_p_hyst,user_attrs_primary_litz_wire_loss,user_attrs_secondary_litz_wire_loss,user_attrs_window_h_top,user_attrs_window_w,system_attrs_nsga2:generation,state
2350,2350,,,2024-08-29 06:09:45.536307,2024-08-29 06:09:45.545284,0 days 00:00:00.008977,0.01435,N95,18,8,1.1x60x0.1,1.1x60x0.1,0.01428089126314458,,,,,,,,,,,,,,,6,FAIL
2351,2351,4.852366081681093e-05,134.21789228311403,2024-08-29 06:09:45.546280,2024-08-29 06:09:45.778659,0 days 00:00:00.232379,0.0149,N95,23,14,1.4x200x0.071,1.1x60x0.1,0.019857090186284048,0.00020254547094412313,0.0005113822438611532,3.7605450211454966e-05,0.21566932258363924,0.24629828980264262,0.32211614036031083,4.29461082521266e-05,5.616618225305554e-05,5.0,130.37670418700472,0.8107941718923286,3.030393924216993,0.0078000000000000005,0.01105,6,COMPLETE
2352,2352,,,2024-08-29 06:09:45.780654,2024-08-29 06:09:45.788739,0 days 00:00:00.008085,0.012,N95,23,16,1.1x60x0.1,1.1x60x0.1,0.01188120851283218,,,,,,,,,,,,,,,6,FAIL
2353,2353,,,2024-08-29 06:09:45.790734,2024-08-29 06:09:45.798800,0 days 00:00:00.008066,0.0149,N95,38,17,1.1x60x0.1,1.1x60x0.1,0.006153976400242588,,,,,,,,,,,,,,,6,FAIL
2354,2354,,,2024-08-29 06:09:45.799793,2024-08-29 06:09:45.807903,0 days 00:00:00.008110,0.0149,N95,35,17,1.1x60x0.1,1.1x60x0.1,0.013205964981443566,,,,,,,,,,,,,,,6,FAIL
2355,2355,,,2024-08-29 06:09:45.808902,2024-08-29 06:09:45.816936,0 days 00:00:00.008034,0.0149,N95,35,18,1.1x60x0.1,1.1x60x0.1,0.008755992898713314,,,,,,,,,,,,,,,6,FAIL
2356,2356,,,2024-08-29 06:09:45.817934,2024-08-29 06:09:45.825043,0 days 00:00:00.007109,0.01345,N95,34,21,1.1x60x0.1,1.1x60x0.1,0.004296779473646339,,,,,,,,,,,,,,,6,FAIL
2357,2357,,,2024-08-29 06:09:45.826041,2024-08-29 06:09:45.835073,0 days 00:00:00.009032,0.01435,N95,23,25,1.1x60x0.1,1.1x60x0.1,0.023885535949845077,,,,,,,,,,,,,,,6,FAIL
2358,2358,4.019012950657147e-05,79.82093271633184,2024-08-29 06:09:45.836071,2024-08-29 06:09:46.042702,0 days 00:00:00.206631,0.01435,N95,34,17,1.1x60x0.1,1.1x60x0.1,0.021343098885941415,0.0003969909880024185,0.0006881721063256466,2.412419716454984e-05,0.14916233930188658,0.17329138204744968,0.2859962480172071,2.8026615075868105e-05,4.625450303192809e-05,8.0,73.93508336417712,1.655379481944823,4.2304698702098955,0.009500000000000001,0.008825,6,COMPLETE
2359,2359,,,2024-08-29 06:09:46.044697,2024-08-29 06:09:46.052732,0 days 00:00:00.008035,0.0149,N95,7,3,1.1x60x0.1,1.1x60x0.1,0.0189883867261582,,,,,,,,,,,,,,,6,FAIL
2360,2360,4.749998618004821e-05,85.8842144051691,2024-08-29 06:09:46.054729,2024-08-29 06:09:46.271149,0 days 00:00:00.216420,0.0149,N95,27,23,1.1x60x0.1,1.1x60x0.1,0.018637872815891222,0.0003073531498150942,0.0018111343002638685,3.179831775981402e-05,0.1823650989948635,0.19939281034561177,0.19607069413236314,3.4767375870372425e-05,3.418811093664251e-05,6.0,80.38767781751109,1.8600638785976336,3.6364727090603917,0.0082,0.01105,6,COMPLETE
2361,2361,,,2024-08-29 06:09:46.273144,2024-08-29 06:09:46.283117,0 days 00:00:00.009973,0.01435,N95,26,12,1.1x60x0.1,1.1x60x0.1,0.011389286171820459,,,,,,,,,,,,,,,6,FAIL
2362,2362,,,2024-08-29 06:09:46.284114,2024-08-29 06:09:46.293090,0 days 00:00:00.008976,0.01435,N95,26,8,1.1x60x0.1,1.1x60x0.1,0.008619683905054173,,,,,,,,,,,,,,,6,FAIL
2363,2363,3.487028786489301e-05,319.09116278877707,2024-08-29 06:09:46.294089,2024-08-29 06:09:46.566359,0 days 00:00:00.272270,0.01435,N95,26,8,1.1x60x0.1,1.1x60x0.1,0.01973589599314627,0.0002083248208670262,0.00011971428030050279,3.217217402876327e-05,0.19892379032656934,0.44517878289367047,0.6077420270365651,7.199927798306795e-05,9.82908189428472e-05,6.0,314.81472406482305,1.1035863212965487,3.172852402657422,0.005600000000000001,0.008825,6,COMPLETE
2364,2364,,,2024-08-29 06:09:46.567357,2024-08-29 06:09:46.575421,0 days 00:00:00.008064,0.0149,N95,34,15,1.1x60x0.1,1.1x60x0.1,0.008572819196037135,,,,,,,,,,,,,,,6,FAIL
2365,2365,,,2024-08-29 06:09:46.576419,2024-08-29 06:09:46.581468,0 days 00:00:00.005049,0.0149,N95,34,1,1.1x60x0.1,1.1x60x0.1,0.01131240558571352,,,,,,,,,,,,,,,6,FAIL
2366,2366,,,2024-08-29 06:09:46.582466,2024-08-29 06:09:46.587507,0 days 00:00:00.005041,0.0149,N95,26,23,1.1x60x0.1,1.1x60x0.1,0.009647187897123871,,,,,,,,,,,,,,,6,FAIL
2367,2367,,,2024-08-29 06:09:46.588506,2024-08-29 06:09:46.594550,0 days 00:00:00.006044,0.01435,N95,18,0,1.1x60x0.1,1.1x60x0.1,0.010200880771215885,,,,,,,,,,,,,,,6,FAIL
2368,2368,4.5247364961908556e-05,484.2879531403405,2024-08-29 06:09:46.595548,2024-08-29 06:09:46.811983,0 days 00:00:00.216435,0.0149,N95,23,7,1.1x60x0.1,1.1x60x0.1,0.019435164841557367,0.00017413754621483325,0.00011413327579042488,3.7605450211454966e-05,0.21566932258363924,0.5402491090989081,0.6442322807206217,9.420120919665323e-05,0.00011233236450611108,5.0,480.1415208889649,1.1160383271585799,3.030393924216993,0.005600000000000001,0.01105,6,COMPLETE
2369,2369,,,2024-08-29 06:09:46.812980,2024-08-29 06:09:46.819052,0 days 00:00:00.006072,0.0149,N95,34,23,1.1x60x0.1,1.1x60x0.1,0.00508723897478537,,,,,,,,,,,,,,,6,FAIL
2370,2370,,,2024-08-29 06:09:46.821047,2024-08-29 06:09:46.828028,0 days 00:00:00.006981,0.01435,N95,26,8,1.1x60x0.1,1.1x60x0.1,0.012225919224412792,,,,,,,,,,,,,,,6,FAIL
2371,2371,,,2024-08-29 06:09:46.829025,2024-08-29 06:09:46.836007,0 days 00:00:00.006982,0.01435,N95,18,15,1.1x60x0.1,1.1x60x0.1,0.010067391704794046,,,,,,,,,,,,,,,6,FAIL
2372,2372,4.482763688077673e-05,63.971910559311056,2024-08-29 06:09:46.837004,2024-08-29 06:09:47.113267,0 days 00:00:00.276263,0.0149,N95,34,22,1.1x60x0.1,1.1x60x0.1,0.01649926852982278,0.00043555616846089376,0.0014725674703499707,2.412419716454984e-05,0.13835359585105508,0.1546520628845835,0.20498299841110693,2.6966099680911192e-05,3.574211597921717e-05,8.0,57.04000873653452,2.0832715440293494,4.848630278747189,0.0082,0.01105,6,COMPLETE
2373,2373,,,2024-08-29 06:09:47.114262,2024-08-29 06:09:47.119249,0 days 00:00:00.004987,0.01435,N95,34,21,1.1x60x0.1,1.1x60x0.1,0.01406265922868556,,,,,,,,,,,,,,,6,FAIL
2374,2374,4.552167736075488e-05,90.81437625112495,2024-08-29 06:09:47.120246,2024-08-29 06:09:47.311734,0 days 00:00:00.191488,0.0149,N95,34,14,1.1x60x0.1,1.1x60x0.1,0.018354689164988586,0.0004282467247968453,0.00044487777019476754,2.412419716454984e-05,0.13835359585105508,0.19441182707626656,0.32211614036031083,3.389886051503342e-05,5.616618225305554e-05,8.0,84.18008464892404,1.7856613234537282,4.848630278747189,0.006900000000000001,0.01105,6,COMPLETE
2375,2375,,,2024-08-29 06:09:47.312731,2024-08-29 06:09:47.316720,0 days 00:00:00.003989,0.0149,N95,35,23,1.1x60x0.1,1.4x200x0.071,0.01102572703644926,,,,,,,,,,,,,,,6,FAIL
2376,2376,,,2024-08-29 06:09:47.316720,2024-08-29 06:09:47.322758,0 days 00:00:00.006038,0.01435,N95,23,16,1.1x60x0.1,1.1x60x0.1,0.01135767396543325,,,,,,,,,,,,,,,6,FAIL
2377,2377,4.1020050524766734e-05,97.38646638381553,2024-08-29 06:09:47.323754,2024-08-29 06:09:47.559282,0 days 00:00:00.235528,0.01435,N95,31,15,1.1x60x0.1,1.1x60x0.1,0.023502249165225753,0.00033240270730764174,0.0005412591874763916,2.7446998889213458e-05,0.16970755682379857,0.20619834399882364,0.3241290810861681,3.3348695983935794e-05,5.242177010285185e-05,7.0,92.19171787151008,1.4930873758718013,3.7016611364336582,0.0082,0.008825,6,COMPLETE
2378,2378,3.757500695873324e-05,176.45310869981878,2024-08-29 06:09:47.560280,2024-08-29 06:09:47.792722,0 days 00:00:00.232442,0.01435,N95,18,23,1.1x60x0.1,1.1x60x0.1,0.017335873477644384,0.00012725906787453792,0.0017604151359143986,4.7697476639721074e-05,0.2949182990774419,0.31204497883548,0.2113885311431531,5.046739430922621e-05,3.418811093664251e-05,4.0,173.00707849491505,1.3307952697987795,2.1152349351049478,0.0108,0.008825,6,COMPLETE
2379,2379,,,2024-08-29 06:09:47.793719,2024-08-29 06:09:47.803692,0 days 00:00:00.009973,0.01345,N95,34,16,1.1x60x0.1,1.1x60x0.1,0.007462727097329418,,,,,,,,,,,,,,,6,FAIL
2380,2380,,,2024-08-29 06:09:47.805686,2024-08-29 06:09:47.814663,0 days 00:00:00.008977,0.01435,N95,34,21,1.4x200x0.071,1.1x60x0.1,0.015226659600558917,,,,,,,,,,,,,,,6,FAIL
2381,2381,,,2024-08-29 06:09:47.815661,2024-08-29 06:09:47.826632,0 days 00:00:00.010971,0.0149,N95,8,23,1.1x60x0.1,1.1x60x0.1,0.011971740405028592,,,,,,,,,,,,,,,6,FAIL
2382,2382,3.426546381447767e-05,89.75495209486115,2024-08-29 06:09:47.827628,2024-08-29 06:09:48.036070,0 days 00:00:00.208442,0.01435,N95,26,21,1.1x60x0.1,1.1x60x0.1,0.013909770445727061,0.00023155854234612342,0.0013056874044952748,3.217217402876327e-05,0.19892379032656934,0.21711008454293046,0.23152077220440578,3.511346436666869e-05,3.744412150203703e-05,6.0,85.05655389511732,1.5255457970864057,3.172852402657422,0.0108,0.008825,6,COMPLETE
2383,2383,4.141602439879759e-05,356.41525745694946,2024-08-29 06:09:48.037068,2024-08-29 06:09:48.275652,0 days 00:00:00.238584,0.01435,N95,26,8,1.4x200x0.071,1.1x60x0.1,0.024312168973260863,0.0002054990126103877,0.00011882431288606292,3.217217402876327e-05,0.19892379032656934,0.44517878289367047,0.6077420270365651,7.199927798306795e-05,9.82908189428472e-05,6.0,352.6191251038439,0.6232799504481276,3.172852402657422,0.0078000000000000005,0.008825,6,COMPLETE
2384,2384,,,2024-08-29 06:09:48.277648,2024-08-29 06:09:48.285689,0 days 00:00:00.008041,0.0149,N95,32,23,1.4x200x0.071,1.1x60x0.1,0.005260841300156017,,,,,,,,,,,,,,,6,FAIL
2385,2385,,,2024-08-29 06:09:48.286686,2024-08-29 06:09:48.294735,0 days 00:00:00.008049,0.01345,N95,35,5,1.1x60x0.1,1.1x60x0.1,0.004061126849547802,,,,,,,,,,,,,,,6,FAIL
2386,2386,2.9280281887255384e-05,163.0245998551657,2024-08-29 06:09:48.295731,2024-08-29 06:09:48.545064,0 days 00:00:00.249333,0.01435,N95,18,15,1.1x60x0.1,1.1x60x0.1,0.011349013757855696,0.00011378289026827207,0.0005246583744754121,4.7697476639721074e-05,0.2949182990774419,0.32316612325531974,0.3241290810861681,5.2266029822287344e-05,5.242177010285185e-05,4.0,159.8382370199788,1.0711279000819447,2.1152349351049478,0.0082,0.008825,6,COMPLETE
2387,2387,4.145853759309912e-05,69.83024200093651,2024-08-29 06:09:48.547058,2024-08-29 06:09:48.757495,0 days 00:00:00.210437,0.0149,N95,34,17,1.1x60x0.1,1.1x60x0.1,0.015103075266920472,0.00043067724004831323,0.0007191699400878398,2.412419716454984e-05,0.13835359585105508,0.16073417692746253,0.26527211559084424,2.8026615075868105e-05,4.625450303192809e-05,8.0,63.08434656601973,1.8972651561695857,4.848630278747189,0.006900000000000001,0.01105,6,COMPLETE
2388,2388,,,2024-08-29 06:09:48.758493,2024-08-29 06:09:48.763570,0 days 00:00:00.005077,0.01435,N95,23,13,1.4x200x0.071,1.1x60x0.1,0.016069212193061344,,,,,,,,,,,,,,,6,FAIL
2389,2389,,,2024-08-29 06:09:48.765565,2024-08-29 06:09:48.771611,0 days 00:00:00.006046,0.012,N95,29,18,1.1x60x0.1,1.1x60x0.1,0.012406824746803501,,,,,,,,,,,,,,,6,FAIL
2390,2390,,,2024-08-29 06:09:48.772672,2024-08-29 06:09:48.778710,0 days 00:00:00.006038,0.012,N95,35,24,1.1x60x0.1,1.1x60x0.1,0.0085610439512687,,,,,,,,,,,,,,,6,FAIL
2391,2391,,,2024-08-29 06:09:48.780705,2024-08-29 06:09:48.786764,0 days 00:00:00.006059,0.0149,N95,34,15,1.1x60x0.1,1.1x60x0.1,0.006797475142339312,,,,,,,,,,,,,,,6,FAIL
2392,2392,,,2024-08-29 06:09:48.786764,2024-08-29 06:09:48.790855,0 days 00:00:00.004091,0.012,N95,34,23,1.1x60x0.1,1.1x60x0.1,0.014080853025089022,,,,,,,,,,,,,,,6,FAIL
2393,2393,,,2024-08-29 06:09:48.791854,2024-08-29 06:09:48.797907,0 days 00:00:00.006053,0.012,N95,34,11,1.4x200x0.071,1.1x60x0.1,0.004707109155469038,,,,,,,,,,,,,,,6,FAIL
2394,2394,4.546390909117717e-05,70.10605479338179,2024-08-29 06:09:48.798905,2024-08-29 06:09:49.033576,0 days 00:00:00.234671,0.0149,N95,38,16,1.1x60x0.1,1.1x60x0.1,0.018308458880290656,0.0005567776476658818,0.0006079882762987264,2.142358842386681e-05,0.12286545638213449,0.1640565858785806,0.281851622815272,2.860593105320146e-05,4.91454094714236e-05,9.0,62.642476740905764,2.008868988885444,5.454709063590586,0.006900000000000001,0.01105,6,COMPLETE
2395,2395,,,2024-08-29 06:09:49.034574,2024-08-29 06:09:49.041610,0 days 00:00:00.007036,0.01435,N95,34,14,1.1x60x0.1,1.1x60x0.1,0.01595252591466576,,,,,,,,,,,,,,,6,FAIL
2396,2396,,,2024-08-29 06:09:49.041610,2024-08-29 06:09:49.047594,0 days 00:00:00.005984,0.01435,N95,10,4,1.1x60x0.1,1.1x60x0.1,0.014563290935707655,,,,,,,,,,,,,,,6,FAIL
2397,2397,,,2024-08-29 06:09:49.047594,2024-08-29 06:09:49.052581,0 days 00:00:00.004987,0.01435,N95,28,4,1.4x200x0.071,1.4x200x0.071,0.020568572615581378,,,,,,,,,,,,,,,6,FAIL
2398,2398,4.4802367401716955e-05,73.3876995810693,2024-08-29 06:09:49.052581,2024-08-29 06:09:49.285961,0 days 00:00:00.233380,0.0149,N95,34,17,1.1x60x0.1,1.1x60x0.1,0.01777904609249444,0.0004310270792098632,0.0007191699400878398,2.412419716454984e-05,0.13835359585105508,0.16073417692746253,0.26527211559084424,2.8026615075868105e-05,4.625450303192809e-05,8.0,66.64180414615252,1.8972651561695857,4.848630278747189,0.006900000000000001,0.01105,6,COMPLETE
2399,2399,,,2024-08-29 06:09:49.287952,2024-08-29 06:09:49.296928,0 days 00:00:00.008976,0.01435,N95,34,23,1.1x60x0.1,1.1x60x0.1,0.01563617346688532,,,,,,,,,,,,,,,6,FAIL
2400,2400,,,2024-08-29 06:09:49.297925,2024-08-29 06:09:49.305903,0 days 00:00:00.007978,0.0149,N95,34,23,1.1x60x0.1,1.1x60x0.1,0.010299835377027857,,,,,,,,,,,,,,,6,FAIL
2401,2401,,,2024-08-29 06:09:49.306904,2024-08-29 06:09:49.314880,0 days 00:00:00.007976,0.01435,N95,34,18,1.1x60x0.1,1.1x60x0.1,0.015207406586430426,,,,,,,,,,,,,,,6,FAIL
2402,2402,3.336947293605575e-05,207.94769556368826,2024-08-29 06:09:49.316874,2024-08-29 06:09:49.572192,0 days 00:00:00.255318,0.01435,N95,23,10,1.1x60x0.1,1.1x60x0.1,0.01688222337009523,0.0001732007157929715,0.00022091928676453533,3.7605450211454966e-05,0.2325182838533611,0.3743518533782035,0.48619362162925206,6.054435698767706e-05,7.863265515427775e-05,5.0,204.23252399472514,1.0711279000819447,2.644043668881184,0.006900000000000001,0.008825,6,COMPLETE
2403,2403,,,2024-08-29 06:09:49.573194,2024-08-29 06:09:49.582210,0 days 00:00:00.009016,0.01435,N95,34,16,1.1x60x0.1,1.4x200x0.071,0.012197380082605448,,,,,,,,,,,,,,,6,FAIL
2404,2404,,,2024-08-29 06:09:49.584274,2024-08-29 06:09:49.591310,0 days 00:00:00.007036,0.0149,N95,34,23,1.1x60x0.1,1.1x60x0.1,0.010552662823688568,,,,,,,,,,,,,,,6,FAIL
2405,2405,,,2024-08-29 06:09:49.592308,2024-08-29 06:09:49.600413,0 days 00:00:00.008105,0.01435,N95,31,23,1.1x60x0.1,1.1x60x0.1,0.008104013804771465,,,,,,,,,,,,,,,6,FAIL
2406,2406,,,2024-08-29 06:09:49.601471,2024-08-29 06:09:49.609502,0 days 00:00:00.008031,0.01435,N95,34,18,1.1x60x0.1,1.1x60x0.1,0.010692153558066717,,,,,,,,,,,,,,,6,FAIL
2407,2407,3.0459377553460078e-05,254.92797379050114,2024-08-29 06:09:49.610499,2024-08-29 06:09:49.836200,0 days 00:00:00.225701,0.01435,N95,23,9,1.1x60x0.1,1.1x60x0.1,0.013869636381832147,0.00017123575652323812,0.00017659980383933046,3.7605450211454966e-05,0.2325182838533611,0.4283046657741702,0.5402151351436133,6.927020756037459e-05,8.736961683808638e-05,5.0,251.2452606427526,1.03866947886734,2.644043668881184,0.006900000000000001,0.008825,6,COMPLETE
2408,2408,,,2024-08-29 06:09:49.837277,2024-08-29 06:09:49.844316,0 days 00:00:00.007039,0.01435,N95,35,25,1.4x200x0.071,1.1x60x0.1,0.010519098781292082,,,,,,,,,,,,,,,6,FAIL
2409,2409,,,2024-08-29 06:09:49.845313,2024-08-29 06:09:49.852293,0 days 00:00:00.006980,0.01435,N95,34,14,1.1x60x0.1,1.1x60x0.1,0.009061662139048422,,,,,,,,,,,,,,,6,FAIL
2410,2410,3.466870735716249e-05,154.21226966333532,2024-08-29 06:09:49.854287,2024-08-29 06:09:50.117584,0 days 00:00:00.263297,0.01435,N95,23,12,1.1x60x0.1,1.1x60x0.1,0.0182272159552656,0.0001799326365747168,0.00032911264543173427,3.7605450211454966e-05,0.2325182838533611,0.2934226347842534,0.40516135135771003,4.745558112863077e-05,6.552721262856479e-05,5.0,150.43218125194298,1.1360447425111533,2.644043668881184,0.006900000000000001,0.008825,6,COMPLETE
2411,2411,,,2024-08-29 06:09:50.118581,2024-08-29 06:09:50.127557,0 days 00:00:00.008976,0.01435,N95,40,8,1.1x60x0.1,1.4x200x0.071,0.011547787189128456,,,,,,,,,,,,,,,6,FAIL
2412,2412,4.674763755010749e-05,102.55460510809961,2024-08-29 06:09:50.128555,2024-08-29 06:09:50.372901,0 days 00:00:00.244346,0.0149,N95,34,13,1.1x60x0.1,1.1x60x0.1,0.01933578984528271,0.00042729506083833004,0.0003724689546140012,2.412419716454984e-05,0.13835359585105508,0.21915848042855005,0.34689430500341173,3.8213841567466276e-05,6.0486657810982893e-05,8.0,95.95751478347064,1.7484600458817754,4.848630278747189,0.006900000000000001,0.01105,6,COMPLETE
2413,2413,,,2024-08-29 06:09:50.374897,2024-08-29 06:09:50.385971,0 days 00:00:00.011074,0.01435,N95,13,8,1.1x60x0.1,1.1x60x0.1,0.009725154324593322,,,,,,,,,,,,,,,6,FAIL
2414,2414,,,2024-08-29 06:09:50.386969,2024-08-29 06:09:50.396071,0 days 00:00:00.009102,0.01435,N95,22,7,1.1x60x0.1,1.1x60x0.1,0.022776022006691377,,,,,,,,,,,,,,,6,FAIL
2415,2415,,,2024-08-29 06:09:50.397069,2024-08-29 06:09:50.405109,0 days 00:00:00.008040,0.01435,N95,34,14,1.1x60x0.1,1.4x200x0.071,0.017190693579664067,,,,,,,,,,,,,,,6,FAIL
2416,2416,,,2024-08-29 06:09:50.407164,2024-08-29 06:09:50.416195,0 days 00:00:00.009031,0.0149,N95,27,18,1.1x60x0.1,1.1x60x0.1,0.007833452740467288,,,,,,,,,,,,,,,6,FAIL
2417,2417,4.9142735423759344e-05,67.71795102957995,2024-08-29 06:09:50.417193,2024-08-29 06:09:50.631770,0 days 00:00:00.214577,0.0149,N95,34,23,1.1x60x0.1,1.1x60x0.1,0.01995251778932118,0.0004366587633033926,0.0016677865198760882,2.412419716454984e-05,0.13835359585105508,0.15375296776520136,0.19607069413236314,2.680932783991756e-05,3.418811093664251e-05,8.0,60.74884792923145,2.120472821601302,4.848630278747189,0.0082,0.01105,6,COMPLETE
2418,2418,3.548143862570291e-05,320.62264439527075,2024-08-29 06:09:50.633764,2024-08-29 06:09:50.893146,0 days 00:00:00.259382,0.01435,N95,26,8,1.1x60x0.1,1.1x60x0.1,0.02036857107345267,0.00020794738898962333,0.00011971428030050279,3.217217402876327e-05,0.19892379032656934,0.44517878289367047,0.6077420270365651,7.199927798306795e-05,9.82908189428472e-05,6.0,316.34620567131674,1.1035863212965487,3.172852402657422,0.005600000000000001,0.008825,6,COMPLETE
2419,2419,,,2024-08-29 06:09:50.894142,2024-08-29 06:09:50.904116,0 days 00:00:00.009974,0.01435,N95,24,17,1.1x60x0.1,1.1x60x0.1,0.012109500807081416,,,,,,,,,,,,,,,6,FAIL
2420,2420,4.107784358969217e-05,136.3588700165509,2024-08-29 06:09:50.906111,2024-08-29 06:09:51.131507,0 days 00:00:00.225396,0.01435,N95,23,15,1.1x60x0.1,1.1x60x0.1,0.02356207766309818,0.0001880018483535941,0.000558029934821185,3.7605450211454966e-05,0.2325182838533611,0.26320447173864064,0.3241290810861681,4.2568362768589565e-05,5.242177010285185e-05,5.0,132.48140634151474,1.2334200061549663,2.644043668881184,0.0082,0.008825,6,COMPLETE
2421,2421,3.8825046302417814e-05,67.62262234188834,2024-08-29 06:09:51.132506,2024-08-29 06:09:51.346931,0 days 00:00:00.214425,0.01435,N95,34,21,1.1x60x0.1,1.1x60x0.1,0.018629938367793145,0.0004008501652138239,0.0012699694300996826,2.412419716454984e-05,0.14916233930188658,0.16779576240774277,0.23152077220440578,2.7137802173428026e-05,3.744412150203703e-05,8.0,61.606939304875205,1.7852131668032407,4.2304698702098955,0.0108,0.008825,6,COMPLETE
2422,2422,,,2024-08-29 06:09:51.348926,2024-08-29 06:09:51.357972,0 days 00:00:00.009046,0.01435,N95,26,15,1.1x60x0.1,1.1x60x0.1,0.013129115976984728,,,,,,,,,,,,,,,6,FAIL
2423,2423,,,2024-08-29 06:09:51.358972,2024-08-29 06:09:51.368088,0 days 00:00:00.009116,0.0149,N95,34,15,1.1x60x0.1,1.1x60x0.1,0.009383435569903635,,,,,,,,,,,,,,,6,FAIL
2424,2424,,,2024-08-29 06:09:51.369089,2024-08-29 06:09:51.377142,0 days 00:00:00.008053,0.01435,N95,31,12,1.1x60x0.1,1.1x60x0.1,0.0067621190967654884,,,,,,,,,,,,,,,6,FAIL
2425,2425,,,2024-08-29 06:09:51.378204,2024-08-29 06:09:51.386268,0 days 00:00:00.008064,0.01435,N95,34,2,1.4x200x0.071,1.4x200x0.071,0.024034728548753582,,,,,,,,,,,,,,,6,FAIL
2426,2426,,,2024-08-29 06:09:51.388260,2024-08-29 06:09:51.398356,0 days 00:00:00.010096,0.01435,N95,6,23,1.1x60x0.1,1.1x60x0.1,0.016692314870611152,,,,,,,,,,,,,,,6,FAIL
2427,2427,,,2024-08-29 06:09:51.399355,2024-08-29 06:09:51.407387,0 days 00:00:00.008032,0.01345,N95,35,9,1.1x60x0.1,1.1x60x0.1,0.005900800008044879,,,,,,,,,,,,,,,6,FAIL
2428,2428,4.3249367019450034e-05,81.13922774884388,2024-08-29 06:09:51.408449,2024-08-29 06:09:51.626126,0 days 00:00:00.217677,0.01435,N95,34,18,1.1x60x0.1,1.1x60x0.1,0.024510080690188625,0.0003970649069669322,0.0008020568736040902,2.412419716454984e-05,0.14916233930188658,0.17168849298586847,0.27010756757180665,2.776737797932308e-05,4.368480841904319e-05,8.0,75.22091997547454,1.6878379031594277,4.2304698702098955,0.009500000000000001,0.008825,6,COMPLETE
2429,2429,3.7795208391738456e-05,154.57171642891143,2024-08-29 06:09:51.627124,2024-08-29 06:09:51.862551,0 days 00:00:00.235427,0.0149,N95,18,21,1.1x60x0.1,1.1x60x0.1,0.01087141826630107,0.00013756497321962703,0.0013622163292402783,4.7697476639721074e-05,0.27354764849229546,0.2912310116274067,0.2147440935735406,5.078085829076981e-05,3.744412150203703e-05,4.0,150.69655146423167,1.4508498253061541,2.4243151393735944,0.0082,0.01105,6,COMPLETE
2430,2430,4.035778920572467e-05,162.45528922814037,2024-08-29 06:09:51.863557,2024-08-29 06:09:52.117869,0 days 00:00:00.254312,0.0149,N95,18,23,1.1x60x0.1,1.1x60x0.1,0.012922177990593729,0.00014102941863249985,0.0017492273494246926,4.7697476639721074e-05,0.27354764849229546,0.2894332784750647,0.19607069413236314,5.046739430922621e-05,3.418811093664251e-05,4.0,158.5057217083167,1.5252523804500593,2.4243151393735944,0.0082,0.01105,6,COMPLETE
