,number,values_0,values_1,datetime_start,datetime_complete,duration,params_core_inner_diameter,params_material,params_n_p_bot,params_n_p_top,params_primary_litz_wire,params_secondary_litz_wire,params_window_h_bot,user_attrs_air_gap_bot,user_attrs_air_gap_top,user_attrs_flux_bot_max,user_attrs_flux_density_bot_max,user_attrs_flux_density_mid_max,user_attrs_flux_density_top_max,user_attrs_flux_mid_max,user_attrs_flux_top_max,user_attrs_n_s_bot,user_attrs_p_hyst,user_attrs_primary_litz_wire_loss,user_attrs_secondary_litz_wire_loss,user_attrs_window_h_top,user_attrs_window_w,system_attrs_nsga2:generation,state
3417,3417,4.1775398376342526e-05,72.0406714030148,2024-08-29 06:11:29.352260,2024-08-29 06:11:29.554629,0 days 00:00:00.202369,0.01435,N95,34,21,1.1x60x0.1,1.1x60x0.1,0.021684199861027355,0.0004004040255653603,0.0012699694300996826,2.412419716454984e-05,0.14916233930188658,0.16779576240774277,0.23152077220440578,2.7137802173428026e-05,3.744412150203703e-05,8.0,66.02498836600165,1.7852131668032407,4.2304698702098955,0.0108,0.008825,14,COMPLETE
3418,3418,3.91648382014454e-05,184.14456315874358,2024-08-29 06:11:29.555623,2024-08-29 06:11:29.778104,0 days 00:00:00.222481,0.01435,N95,18,23,1.1x60x0.1,1.1x60x0.1,0.018981697509383437,0.00012615870484666928,0.0017604151359143986,4.7697476639721074e-05,0.2949182990774419,0.31204497883548,0.2113885311431531,5.046739430922621e-05,3.418811093664251e-05,4.0,180.69853295383984,1.3307952697987795,2.1152349351049478,0.0108,0.008825,14,COMPLETE
3419,3419,,,2024-08-29 06:11:29.780095,2024-08-29 06:11:29.788074,0 days 00:00:00.007979,0.01435,N95,34,6,1.1x60x0.1,1.1x60x0.1,0.01697574133769901,,,,,,,,,,,,,,,14,FAIL
3420,3420,,,2024-08-29 06:11:29.790069,2024-08-29 06:11:29.797050,0 days 00:00:00.006981,0.0149,N95,31,21,1.1x60x0.1,1.1x60x0.1,0.010302298526914016,,,,,,,,,,,,,,,14,FAIL
3421,3421,,,2024-08-29 06:11:29.798048,2024-08-29 06:11:29.812010,0 days 00:00:00.013962,0.01435,N95,28,15,1.1x60x0.1,1.1x60x0.1,0.020787815699886508,,,,,,,,,,,,,,,14,FAIL
3422,3422,,,2024-08-29 06:11:29.813007,2024-08-29 06:11:29.820986,0 days 00:00:00.007979,0.01435,N95,18,15,1.1x60x0.1,1.4x200x0.071,0.01302943566894326,,,,,,,,,,,,,,,14,FAIL
3423,3423,,,2024-08-29 06:11:29.821984,2024-08-29 06:11:29.829963,0 days 00:00:00.007979,0.01435,N95,23,17,1.1x60x0.1,1.1x60x0.1,0.008899370182912536,,,,,,,,,,,,,,,14,FAIL
3424,3424,,,2024-08-29 06:11:29.831957,2024-08-29 06:11:29.839935,0 days 00:00:00.007978,0.0149,N95,23,17,1.1x60x0.1,1.1x60x0.1,0.006983006385825963,,,,,,,,,,,,,,,14,FAIL
3425,3425,4.6249247197063455e-05,119.53319709157834,2024-08-29 06:11:29.840934,2024-08-29 06:11:30.040401,0 days 00:00:00.199467,0.0149,N95,23,16,1.1x60x0.1,1.1x60x0.1,0.018936942379704124,0.00021137719415017947,0.0006949921957314231,3.7605450211454966e-05,0.21566932258363924,0.24223630649543412,0.281851622815272,4.223783547049466e-05,4.91454094714236e-05,5.0,115.0519533420552,1.4508498253061541,3.030393924216993,0.006900000000000001,0.01105,14,COMPLETE
3426,3426,,,2024-08-29 06:11:30.041399,2024-08-29 06:11:30.049409,0 days 00:00:00.008010,0.012,N95,4,8,1.1x60x0.1,1.1x60x0.1,0.009384961158993498,,,,,,,,,,,,,,,14,FAIL
3427,3427,,,2024-08-29 06:11:30.051405,2024-08-29 06:11:30.061421,0 days 00:00:00.010016,0.01435,N95,34,17,1.1x60x0.1,1.1x60x0.1,0.011461768298295882,,,,,,,,,,,,,,,14,FAIL
3428,3428,4.447121852117672e-05,120.83096067067494,2024-08-29 06:11:30.062418,2024-08-29 06:11:30.290101,0 days 00:00:00.227683,0.01435,N95,23,22,1.1x60x0.1,1.4x200x0.071,0.024474964981509792,0.00021458575910168756,0.0016223126231755265,3.7605450211454966e-05,0.2325182838533611,0.25280026455710464,0.22099710074056916,4.0885678341924596e-05,3.574211597921717e-05,5.0,117.87703719512623,1.460628954657197,1.493294520891507,0.0108,0.008825,14,COMPLETE
3429,3429,,,2024-08-29 06:11:30.292096,2024-08-29 06:11:30.298082,0 days 00:00:00.005986,0.01435,N95,31,21,1.1x60x0.1,1.1x60x0.1,0.01105188103625969,,,,,,,,,,,,,,,14,FAIL
3430,3430,,,2024-08-29 06:11:30.300082,2024-08-29 06:11:30.310049,0 days 00:00:00.009967,0.01435,N95,23,5,1.1x60x0.1,1.1x60x0.1,0.012704332954028494,,,,,,,,,,,,,,,14,FAIL
3431,3431,,,2024-08-29 06:11:30.312044,2024-08-29 06:11:30.324011,0 days 00:00:00.011967,0.0149,N95,10,17,1.1x60x0.1,1.1x60x0.1,0.010347774177785462,,,,,,,,,,,,,,,14,FAIL
3432,3432,,,2024-08-29 06:11:30.325009,2024-08-29 06:11:30.328998,0 days 00:00:00.003989,0.01435,N95,26,18,1.1x60x0.1,1.1x60x0.1,0.010271976573565617,,,,,,,,,,,,,,,14,FAIL
3433,3433,,,2024-08-29 06:11:30.329995,2024-08-29 06:11:30.334982,0 days 00:00:00.004987,0.01435,N95,34,16,1.1x60x0.1,1.1x60x0.1,0.012925396936123002,,,,,,,,,,,,,,,14,FAIL
3434,3434,,,2024-08-29 06:11:30.335980,2024-08-29 06:11:30.340966,0 days 00:00:00.004986,0.01435,N95,26,9,1.1x60x0.1,1.4x200x0.071,0.010009983434549383,,,,,,,,,,,,,,,14,FAIL
3435,3435,3.6733743166706595e-05,79.34030353240487,2024-08-29 06:11:30.340966,2024-08-29 06:11:30.547414,0 days 00:00:00.206448,0.01435,N95,34,16,1.1x60x0.1,1.1x60x0.1,0.019064980939649367,0.00039649251676709415,0.0005789481717213678,2.412419716454984e-05,0.14916233930188658,0.1750946322417285,0.30387101351828255,2.8318256809481255e-05,4.91454094714236e-05,8.0,73.48691260146475,1.622921060730219,4.2304698702098955,0.0082,0.008825,14,COMPLETE
3436,3436,4.463120754096109e-05,190.37196067185525,2024-08-29 06:11:30.549410,2024-08-29 06:11:30.784778,0 days 00:00:00.235368,0.01435,N95,18,22,1.4x200x0.071,1.1x60x0.1,0.01964058870716151,0.0001235222582567501,0.0017346393666862173,4.7697476639721074e-05,0.2949182990774419,0.31297001897968474,0.22099710074056916,5.061700211859929e-05,3.574211597921717e-05,4.0,187.52345520681132,0.7332705299389738,2.1152349351049478,0.0158,0.008825,14,COMPLETE
3437,3437,4.4330879783928005e-05,122.82047252179757,2024-08-29 06:11:30.785776,2024-08-29 06:11:31.002197,0 days 00:00:00.216421,0.01435,N95,23,21,1.1x60x0.1,1.1x60x0.1,0.02432968360815231,0.00021076346930736742,0.0014156377304357555,3.7605450211454966e-05,0.2325182838533611,0.2538619183511389,0.23152077220440578,4.105738083444143e-05,3.744412150203703e-05,5.0,118.74825831947379,1.4281705334425925,2.644043668881184,0.0108,0.008825,14,COMPLETE
3438,3438,3.202668790356745e-05,171.5509967438359,2024-08-29 06:11:31.004192,2024-08-29 06:11:31.236831,0 days 00:00:00.232639,0.01435,N95,18,16,1.1x60x0.1,1.1x60x0.1,0.014192146350248382,0.00011410650790226308,0.0006157428614636193,4.7697476639721074e-05,0.2949182990774419,0.32112243970180376,0.30387101351828255,5.193550252419244e-05,4.91454094714236e-05,4.0,168.3321754874344,1.1035863212965487,2.1152349351049478,0.0082,0.008825,14,COMPLETE
3439,3439,,,2024-08-29 06:11:31.238826,2024-08-29 06:11:31.248855,0 days 00:00:00.010029,0.01435,N95,34,14,1.1x60x0.1,1.1x60x0.1,0.006913351853343791,,,,,,,,,,,,,,,14,FAIL
3440,3440,4.0959813271060974e-05,116.55155694564468,2024-08-29 06:11:31.250850,2024-08-29 06:11:31.471265,0 days 00:00:00.220415,0.01435,N95,23,20,1.1x60x0.1,1.4x200x0.071,0.022139890395885063,0.00020823559305861743,0.0011957098788199375,3.7605450211454966e-05,0.2325182838533611,0.25502973752457664,0.24309681081462603,4.124625357620995e-05,3.931632757713888e-05,5.0,113.66255031252518,1.395712112227988,1.493294520891507,0.009500000000000001,0.008825,14,COMPLETE
3441,3441,4.3987087380640095e-05,113.6520149070926,2024-08-29 06:11:31.472259,2024-08-29 06:11:31.694664,0 days 00:00:00.222405,0.01435,N95,23,21,1.4x200x0.071,1.4x200x0.071,0.020573783067227423,0.00021307596291501534,0.0015278057427299651,3.7605450211454966e-05,0.2325182838533611,0.2538619183511389,0.23152077220440578,4.105738083444143e-05,3.744412150203703e-05,5.0,111.35212280326823,0.8065975829328711,1.493294520891507,0.0142,0.008825,14,COMPLETE
3442,3442,4.152944937632755e-05,78.56354805295634,2024-08-29 06:11:31.695662,2024-08-29 06:11:31.908091,0 days 00:00:00.212429,0.01435,N95,34,18,1.1x60x0.1,1.1x60x0.1,0.022729588702350985,0.00039755060336712003,0.0008020568736040902,2.412419716454984e-05,0.14916233930188658,0.17168849298586847,0.27010756757180665,2.776737797932308e-05,4.368480841904319e-05,8.0,72.645240279587,1.6878379031594277,4.2304698702098955,0.009500000000000001,0.008825,14,COMPLETE
3443,3443,3.665482453637392e-05,68.53395045947137,2024-08-29 06:11:31.909090,2024-08-29 06:11:32.118695,0 days 00:00:00.209605,0.01435,N95,31,21,1.1x60x0.1,1.1x60x0.1,0.016383282848138808,0.000354733874038945,0.0013785224971616305,2.7446998889213458e-05,0.16970755682379857,0.18971446107326884,0.23152077220440578,3.068273858748719e-05,3.744412150203703e-05,7.0,63.14445141987829,1.6878379031594277,3.7016611364336582,0.0108,0.008825,14,COMPLETE
3444,3444,,,2024-08-29 06:11:32.120688,2024-08-29 06:11:32.128667,0 days 00:00:00.007979,0.01435,N95,23,17,1.1x60x0.1,1.4x200x0.071,0.011931085039740231,,,,,,,,,,,,,,,14,FAIL
3445,3445,4.2167925068050134e-05,96.28025179639333,2024-08-29 06:11:32.130661,2024-08-29 06:11:32.349077,0 days 00:00:00.218416,0.0149,N95,23,23,1.1x60x0.1,1.4x200x0.071,0.014370777660775606,0.00024292337383101357,0.0018319223496539921,3.7605450211454966e-05,0.21566932258363924,0.23358251597138127,0.19607069413236314,4.072890650093097e-05,3.418811093664251e-05,5.0,92.78394409409606,1.7112587683098224,1.7850489339874525,0.0082,0.01105,14,COMPLETE
3446,3446,,,2024-08-29 06:11:32.352069,2024-08-29 06:11:32.363039,0 days 00:00:00.010970,0.0149,N95,34,23,1.1x60x0.1,1.1x60x0.1,0.005513323517837093,,,,,,,,,,,,,,,14,FAIL
3447,3447,,,2024-08-29 06:11:32.364038,2024-08-29 06:11:32.371019,0 days 00:00:00.006981,0.01435,N95,34,17,1.1x60x0.1,1.1x60x0.1,0.010001444286510671,,,,,,,,,,,,,,,14,FAIL
3448,3448,,,2024-08-29 06:11:32.372016,2024-08-29 06:11:32.381990,0 days 00:00:00.009974,0.0149,N95,18,18,1.1x60x0.1,1.4x200x0.071,0.007833781931316766,,,,,,,,,,,,,,,14,FAIL
3449,3449,,,2024-08-29 06:11:32.383984,2024-08-29 06:11:32.394955,0 days 00:00:00.010971,0.01435,N95,39,17,1.1x60x0.1,1.1x60x0.1,0.012325247926810334,,,,,,,,,,,,,,,14,FAIL
3450,3450,,,2024-08-29 06:11:32.395953,2024-08-29 06:11:32.401936,0 days 00:00:00.005983,0.01435,N95,9,20,1.1x60x0.1,1.1x60x0.1,0.008381978700611649,,,,,,,,,,,,,,,14,FAIL
3451,3451,,,2024-08-29 06:11:32.402934,2024-08-29 06:11:32.408917,0 days 00:00:00.005983,0.0149,N95,12,21,1.1x60x0.1,1.1x60x0.1,0.00964516428068737,,,,,,,,,,,,,,,14,FAIL
3452,3452,,,2024-08-29 06:11:32.410911,2024-08-29 06:11:32.414901,0 days 00:00:00.003990,0.01435,N95,31,15,1.4x200x0.071,1.1x60x0.1,0.015025564108882821,,,,,,,,,,,,,,,14,FAIL
3453,3453,3.8580099132029835e-05,100.56644323213717,2024-08-29 06:11:32.415899,2024-08-29 06:11:32.584448,0 days 00:00:00.168549,0.01435,N95,26,21,1.1x60x0.1,1.1x60x0.1,0.018376364322510656,0.00022934505414214408,0.0013056874044952748,3.217217402876327e-05,0.19892379032656934,0.21711008454293046,0.23152077220440578,3.511346436666869e-05,3.744412150203703e-05,6.0,95.86804503239334,1.5255457970864057,3.172852402657422,0.0108,0.008825,14,COMPLETE
3454,3454,4.495650269504836e-05,74.4485192911566,2024-08-29 06:11:32.587440,2024-08-29 06:11:32.789990,0 days 00:00:00.202550,0.01435,N95,34,23,1.1x60x0.1,1.1x60x0.1,0.02497734053818715,0.0004013207560385539,0.0016709731681355863,2.412419716454984e-05,0.14916233930188658,0.16576477254089456,0.2113885311431531,2.680932783991756e-05,3.418811093664251e-05,8.0,68.36791941171425,1.8501300092324493,4.2304698702098955,0.0108,0.008825,14,COMPLETE
3455,3455,3.020496191512335e-05,120.92278555700165,2024-08-29 06:11:32.791987,2024-08-29 06:11:33.000614,0 days 00:00:00.208627,0.01435,N95,22,16,1.1x60x0.1,1.1x60x0.1,0.012306260395516449,0.0001628206535295609,0.0006064714471951399,3.850162050919795e-05,0.23805939500878825,0.2635712763586992,0.30387101351828255,4.2627686502828214e-05,4.91454094714236e-05,5.0,117.04532188196549,1.2334200061549663,2.644043668881184,0.0082,0.008825,14,COMPLETE
3456,3456,4.2001039461642836e-05,231.29501804194973,2024-08-29 06:11:33.001612,2024-08-29 06:11:33.229067,0 days 00:00:00.227455,0.01435,N95,18,14,1.1x60x0.1,1.1x60x0.1,0.02451778787386663,0.00010273319152797815,0.0004436730499310024,4.7697476639721074e-05,0.2949182990774419,0.3255017616021952,0.3472811583066086,5.264377530582438e-05,5.616618225305554e-05,4.0,228.14111362797743,1.03866947886734,2.1152349351049478,0.0082,0.008825,14,COMPLETE
3457,3457,3.2719210775582754e-05,148.9960314392081,2024-08-29 06:11:33.231062,2024-08-29 06:11:33.462445,0 days 00:00:00.231383,0.01435,N95,23,12,1.1x60x0.1,1.1x60x0.1,0.01620905941288725,0.00018115024659325166,0.00032911264543173427,3.7605450211454966e-05,0.2325182838533611,0.2934226347842534,0.40516135135771003,4.745558112863077e-05,6.552721262856479e-05,5.0,145.21594302781577,1.1360447425111533,2.644043668881184,0.006900000000000001,0.008825,14,COMPLETE
3458,3458,,,2024-08-29 06:11:33.463440,2024-08-29 06:11:33.469424,0 days 00:00:00.005984,0.01435,N95,18,8,1.1x60x0.1,1.1x60x0.1,0.023545177250456475,,,,,,,,,,,,,,,14,FAIL
3459,3459,3.347067760146033e-05,156.59695699274667,2024-08-29 06:11:33.470422,2024-08-29 06:11:33.688837,0 days 00:00:00.218415,0.01435,N95,18,23,1.1x60x0.1,1.1x60x0.1,0.013086992395871086,0.00013001038186143146,0.0017604151359143986,4.7697476639721074e-05,0.2949182990774419,0.31204497883548,0.2113885311431531,5.046739430922621e-05,3.418811093664251e-05,4.0,153.15092678784293,1.3307952697987795,2.1152349351049478,0.0108,0.008825,14,COMPLETE
3460,3460,4.4710272972066016e-05,74.07977121602254,2024-08-29 06:11:33.691830,2024-08-29 06:11:33.920504,0 days 00:00:00.228674,0.01435,N95,34,23,1.1x60x0.1,1.1x60x0.1,0.024722438769668967,0.0004013962572704242,0.0016709731681355863,2.412419716454984e-05,0.14916233930188658,0.16576477254089456,0.2113885311431531,2.680932783991756e-05,3.418811093664251e-05,8.0,67.99917133658019,1.8501300092324493,4.2304698702098955,0.0108,0.008825,14,COMPLETE
3461,3461,,,2024-08-29 06:11:33.922499,2024-08-29 06:11:33.927558,0 days 00:00:00.005059,0.01435,N95,39,23,1.1x60x0.1,1.1x60x0.1,0.012674360202232272,,,,,,,,,,,,,,,14,FAIL
3462,3462,,,2024-08-29 06:11:33.928556,2024-08-29 06:11:33.939526,0 days 00:00:00.010970,0.01435,N95,18,15,1.1x60x0.1,1.4x200x0.071,0.009863569499615003,,,,,,,,,,,,,,,14,FAIL
3463,3463,,,2024-08-29 06:11:33.940524,2024-08-29 06:11:33.952491,0 days 00:00:00.011967,0.01435,N95,10,23,1.1x60x0.1,1.1x60x0.1,0.01472298297093177,,,,,,,,,,,,,,,14,FAIL
3464,3464,4.460905006663268e-05,134.74248937222598,2024-08-29 06:11:33.954486,2024-08-29 06:11:34.176891,0 days 00:00:00.222405,0.01435,N95,23,16,1.4x200x0.071,1.1x60x0.1,0.0228176508614628,0.00019232970779620875,0.0006850687707484366,3.7605450211454966e-05,0.2325182838533611,0.26116078818512467,0.30387101351828255,4.223783547049466e-05,4.91454094714236e-05,5.0,131.3835069366543,0.7149387666904994,2.644043668881184,0.0126,0.008825,14,COMPLETE
3465,3465,,,2024-08-29 06:11:34.178887,2024-08-29 06:11:34.187863,0 days 00:00:00.008976,0.01435,N95,34,14,1.1x60x0.1,1.4x200x0.071,0.015149330944131317,,,,,,,,,,,,,,,14,FAIL
3466,3466,,,2024-08-29 06:11:34.188861,2024-08-29 06:11:34.198833,0 days 00:00:00.009972,0.01435,N95,39,8,1.1x60x0.1,1.1x60x0.1,0.011990442090057552,,,,,,,,,,,,,,,14,FAIL
3467,3467,3.901154747231173e-05,101.64758038817695,2024-08-29 06:11:34.199830,2024-08-29 06:11:34.396305,0 days 00:00:00.196475,0.01435,N95,26,21,1.1x60x0.1,1.1x60x0.1,0.018823007983682208,0.00022910213500952612,0.0013056874044952748,3.217217402876327e-05,0.19892379032656934,0.21711008454293046,0.23152077220440578,3.511346436666869e-05,3.744412150203703e-05,6.0,96.94918218843311,1.5255457970864057,3.172852402657422,0.0108,0.008825,14,COMPLETE
3468,3468,4.3530616298283015e-05,304.75236519362585,2024-08-29 06:11:34.397302,2024-08-29 06:11:34.604959,0 days 00:00:00.207657,0.0149,N95,34,8,1.4x200x0.071,1.1x60x0.1,0.01746130026063124,0.0004226490822144908,0.00012260076087801193,2.412419716454984e-05,0.13835359585105508,0.4356916972610302,0.563703245630544,7.596992577625366e-05,9.82908189428472e-05,8.0,298.9833739630009,0.9203609518777782,4.848630278747189,0.006200000000000001,0.01105,14,COMPLETE
3469,3469,,,2024-08-29 06:11:34.605956,2024-08-29 06:11:34.609947,0 days 00:00:00.003991,0.01435,N95,20,8,1.4x200x0.071,1.1x60x0.1,0.01440916037526794,,,,,,,,,,,,,,,14,FAIL
3470,3470,,,2024-08-29 06:11:34.611000,2024-08-29 06:11:34.616986,0 days 00:00:00.005986,0.01435,N95,34,18,1.1x60x0.1,1.1x60x0.1,0.006763493548773029,,,,,,,,,,,,,,,14,FAIL
3471,3471,3.768479170301294e-05,178.3604017213304,2024-08-29 06:11:34.618980,2024-08-29 06:11:34.847370,0 days 00:00:00.228390,0.01435,N95,34,10,1.1x60x0.1,1.1x60x0.1,0.021349524766913066,0.00039091426045561754,0.00018698463833558611,2.412419716454984e-05,0.14916233930188658,0.3483358699756086,0.48619362162925206,5.633676198768421e-05,7.863265515427775e-05,8.0,172.7017613176779,1.4281705334425925,4.2304698702098955,0.006900000000000001,0.008825,14,COMPLETE
3472,3472,,,2024-08-29 06:11:34.850364,2024-08-29 06:11:34.858340,0 days 00:00:00.007976,0.01435,N95,34,23,1.1x60x0.1,1.1x60x0.1,0.007073845219336619,,,,,,,,,,,,,,,14,FAIL
3473,3473,,,2024-08-29 06:11:34.859338,2024-08-29 06:11:34.867317,0 days 00:00:00.007979,0.01435,N95,34,23,1.4x200x0.071,1.1x60x0.1,0.007647348880635666,,,,,,,,,,,,,,,14,FAIL
3474,3474,,,2024-08-29 06:11:34.868314,2024-08-29 06:11:34.880283,0 days 00:00:00.011969,0.012,N95,31,11,1.1x60x0.1,1.1x60x0.1,0.011128693213124007,,,,,,,,,,,,,,,14,FAIL
3475,3475,,,2024-08-29 06:11:34.882277,2024-08-29 06:11:34.896240,0 days 00:00:00.013963,0.01435,N95,19,3,1.1x60x0.1,1.1x60x0.1,0.018439495423952013,,,,,,,,,,,,,,,14,FAIL
3476,3476,,,2024-08-29 06:11:34.898234,2024-08-29 06:11:34.909204,0 days 00:00:00.010970,0.01435,N95,16,16,1.1x60x0.1,1.1x60x0.1,0.012115745486671606,,,,,,,,,,,,,,,14,FAIL
3477,3477,,,2024-08-29 06:11:34.911198,2024-08-29 06:11:34.919177,0 days 00:00:00.007979,0.01435,N95,2,20,1.1x60x0.1,1.1x60x0.1,0.023584815116165704,,,,,,,,,,,,,,,14,FAIL
3478,3478,,,2024-08-29 06:11:34.920175,2024-08-29 06:11:34.926159,0 days 00:00:00.005984,0.0149,N95,24,12,1.1x60x0.1,1.1x60x0.1,0.012979406341804119,,,,,,,,,,,,,,,14,FAIL
3479,3479,,,2024-08-29 06:11:34.927158,2024-08-29 06:11:34.931146,0 days 00:00:00.003988,0.01435,N95,31,15,1.1x60x0.1,1.1x60x0.1,0.007427848330059935,,,,,,,,,,,,,,,14,FAIL
3480,3480,3.749179973020364e-05,108.42302192213275,2024-08-29 06:11:34.932147,2024-08-29 06:11:35.123632,0 days 00:00:00.191485,0.01435,N95,23,20,1.1x60x0.1,1.1x60x0.1,0.01854973574638758,0.000210380978492521,0.0011957098788199375,3.7605450211454966e-05,0.2325182838533611,0.25502973752457664,0.24309681081462603,4.124625357620995e-05,3.931632757713888e-05,5.0,104.38326614102358,1.395712112227988,2.644043668881184,0.009500000000000001,0.008825,14,COMPLETE
3481,3481,,,2024-08-29 06:11:35.124629,2024-08-29 06:11:35.129615,0 days 00:00:00.004986,0.01435,N95,39,14,1.1x60x0.1,1.1x60x0.1,0.010598556414818432,,,,,,,,,,,,,,,14,FAIL
3482,3482,,,2024-08-29 06:11:35.130613,2024-08-29 06:11:35.135662,0 days 00:00:00.005049,0.01345,N95,26,9,1.1x60x0.1,1.1x60x0.1,0.005094463992025601,,,,,,,,,,,,,,,14,FAIL
3483,3483,3.767983837691792e-05,235.58017314936737,2024-08-29 06:11:35.135662,2024-08-29 06:11:35.342216,0 days 00:00:00.206554,0.01435,N95,18,12,1.1x60x0.1,1.1x60x0.1,0.021344396987998417,0.00010062631786049135,0.000306709972857329,4.7697476639721074e-05,0.2949182990774419,0.33134085746938374,0.40516135135771003,5.358813901466696e-05,6.552721262856479e-05,4.0,232.4911855778243,0.9737526364381314,2.1152349351049478,0.006900000000000001,0.008825,14,COMPLETE
3484,3484,,,2024-08-29 06:11:35.344211,2024-08-29 06:11:35.352189,0 days 00:00:00.007978,0.01435,N95,34,12,1.4x200x0.071,1.1x60x0.1,0.007694837172896427,,,,,,,,,,,,,,,14,FAIL
3485,3485,3.827381628218441e-05,179.83387814467264,2024-08-29 06:11:35.353187,2024-08-29 06:11:35.590552,0 days 00:00:00.237365,0.01435,N95,18,23,1.1x60x0.1,1.1x60x0.1,0.018059294396318253,0.0001267773425110746,0.0017604151359143986,4.7697476639721074e-05,0.2949182990774419,0.31204497883548,0.2113885311431531,5.046739430922621e-05,3.418811093664251e-05,4.0,176.3878479397689,1.3307952697987795,2.1152349351049478,0.0108,0.008825,14,COMPLETE
3486,3486,,,2024-08-29 06:11:35.591549,2024-08-29 06:11:35.598532,0 days 00:00:00.006983,0.01435,N95,27,21,1.1x60x0.1,1.1x60x0.1,0.007672403582308515,,,,,,,,,,,,,,,14,FAIL
3487,3487,,,2024-08-29 06:11:35.599529,2024-08-29 06:11:35.606510,0 days 00:00:00.006981,0.012,N95,23,20,1.1x60x0.1,1.4x200x0.071,0.00553199906877207,,,,,,,,,,,,,,,14,FAIL
3488,3488,,,2024-08-29 06:11:35.606510,2024-08-29 06:11:35.612494,0 days 00:00:00.005984,0.01435,N95,34,1,1.1x60x0.1,1.1x60x0.1,0.012050517017716918,,,,,,,,,,,,,,,14,FAIL
3489,3489,,,2024-08-29 06:11:35.612494,2024-08-29 06:11:35.619475,0 days 00:00:00.006981,0.012,N95,38,10,1.1x60x0.1,1.1x60x0.1,0.004714899880533259,,,,,,,,,,,,,,,14,FAIL
3490,3490,,,2024-08-29 06:11:35.620473,2024-08-29 06:11:35.631443,0 days 00:00:00.010970,0.01435,N95,31,15,1.4x200x0.071,1.1x60x0.1,0.012248510357022558,,,,,,,,,,,,,,,14,FAIL
3491,3491,4.531861455798502e-05,65.54389057044165,2024-08-29 06:11:35.633437,2024-08-29 06:11:35.841881,0 days 00:00:00.208444,0.0149,N95,34,21,1.1x60x0.1,1.1x60x0.1,0.016892183844122388,0.00043467797687789304,0.0012941356890876715,2.412419716454984e-05,0.13835359585105508,0.15563678611057344,0.2147440935735406,2.7137802173428026e-05,3.744412150203703e-05,8.0,58.64919002523706,2.0460702664573964,4.848630278747189,0.0082,0.01105,14,COMPLETE
3492,3492,,,2024-08-29 06:11:35.842878,2024-08-29 06:11:35.850855,0 days 00:00:00.007977,0.012,N95,16,9,1.4x200x0.071,1.1x60x0.1,0.009464750271448445,,,,,,,,,,,,,,,14,FAIL
3493,3493,,,2024-08-29 06:11:35.851853,2024-08-29 06:11:35.859832,0 days 00:00:00.007979,0.012,N95,19,9,1.1x60x0.1,1.1x60x0.1,0.01585638546445444,,,,,,,,,,,,,,,14,FAIL
