,number,values_0,values_1,datetime_start,datetime_complete,duration,params_core_inner_diameter,params_material,params_n_p_bot,params_n_p_top,params_primary_litz_wire,params_secondary_litz_wire,params_window_h_bot,user_attrs_air_gap_bot,user_attrs_air_gap_top,user_attrs_flux_bot_max,user_attrs_flux_density_bot_max,user_attrs_flux_density_mid_max,user_attrs_flux_density_top_max,user_attrs_flux_mid_max,user_attrs_flux_top_max,user_attrs_n_s_bot,user_attrs_p_hyst,user_attrs_primary_litz_wire_loss,user_attrs_secondary_litz_wire_loss,user_attrs_window_h_top,user_attrs_window_w,system_attrs_nsga2:generation,state
2431,2431,4.0489125712335925e-05,70.11449032968915,2024-08-29 06:09:52.119866,2024-08-29 06:09:52.361218,0 days 00:00:00.241352,0.01435,N95,34,21,1.1x60x0.1,1.1x60x0.1,0.020352625537340255,0.00040064379815971503,0.0012699694300996826,2.412419716454984e-05,0.14916233930188658,0.16779576240774277,0.23152077220440578,2.7137802173428026e-05,3.744412150203703e-05,8.0,64.098807292676,1.7852131668032407,4.2304698702098955,0.0108,0.008825,6,COMPLETE
2432,2432,3.982250263524765e-05,331.50105472534733,2024-08-29 06:09:52.363211,2024-08-29 06:09:52.590603,0 days 00:00:00.227392,0.01435,N95,26,8,1.1x60x0.1,1.1x60x0.1,0.02486252444301778,0.00020514600676512808,0.00011971428030050279,3.217217402876327e-05,0.19892379032656934,0.44517878289367047,0.6077420270365651,7.199927798306795e-05,9.82908189428472e-05,6.0,327.2246160013933,1.1035863212965487,3.172852402657422,0.005600000000000001,0.008825,6,COMPLETE
2433,2433,,,2024-08-29 06:09:52.591602,2024-08-29 06:09:52.595591,0 days 00:00:00.003989,0.01435,N95,14,16,1.1x60x0.1,1.1x60x0.1,0.006441710757505756,,,,,,,,,,,,,,,6,FAIL
2434,2434,,,2024-08-29 06:09:52.597586,2024-08-29 06:09:52.606562,0 days 00:00:00.008976,0.0149,N95,30,7,1.1x60x0.1,1.4x200x0.071,0.014864096253309797,,,,,,,,,,,,,,,6,FAIL
2435,2435,4.684702956467405e-05,99.58462980394522,2024-08-29 06:09:52.607560,2024-08-29 06:09:52.864870,0 days 00:00:00.257310,0.0149,N95,26,23,1.1x60x0.1,1.1x60x0.1,0.01811533041597494,0.0002523351962131206,0.0017083464691289541,3.217217402876327e-05,0.18450918523275067,0.19953940893840041,0.19607069413236314,3.4792937716703374e-05,3.418811093664251e-05,6.0,94.12529449385916,1.8228626010256805,3.6364727090603917,0.0082,0.01105,6,COMPLETE
2436,2436,4.851034071498528e-05,109.59724813833661,2024-08-29 06:09:52.866868,2024-08-29 06:09:53.093259,0 days 00:00:00.226391,0.0149,N95,23,23,1.1x60x0.1,1.1x60x0.1,0.019446430491885953,0.00024042082790839164,0.0018319223496539921,3.7605450211454966e-05,0.21566932258363924,0.23358251597138127,0.19607069413236314,4.072890650093097e-05,3.418811093664251e-05,5.0,104.8555954458098,1.7112587683098224,3.030393924216993,0.0082,0.01105,6,COMPLETE
2437,2437,,,2024-08-29 06:09:53.095255,2024-08-29 06:09:53.103233,0 days 00:00:00.007978,0.0149,N95,4,23,1.1x60x0.1,1.1x60x0.1,0.017987055539536115,,,,,,,,,,,,,,,6,FAIL
2438,2438,,,2024-08-29 06:09:53.104230,2024-08-29 06:09:53.110214,0 days 00:00:00.005984,0.0149,N95,35,10,1.4x200x0.071,1.4x200x0.071,0.016712038954259347,,,,,,,,,,,,,,,6,FAIL
2439,2439,3.88025570869418e-05,189.4707281512541,2024-08-29 06:09:53.111211,2024-08-29 06:09:53.338602,0 days 00:00:00.227391,0.01435,N95,18,16,1.4x200x0.071,1.1x60x0.1,0.016806657097246328,0.00011237051393820492,0.0006432641024776543,4.7697476639721074e-05,0.2949182990774419,0.32112243970180376,0.30387101351828255,5.193550252419244e-05,4.91454094714236e-05,4.0,186.732213265701,0.6232799504481276,2.1152349351049478,0.0126,0.008825,6,COMPLETE
2440,2440,,,2024-08-29 06:09:53.340598,2024-08-29 06:09:53.347579,0 days 00:00:00.006981,0.01435,N95,34,16,1.1x60x0.1,1.1x60x0.1,0.011224021796178218,,,,,,,,,,,,,,,6,FAIL
2441,2441,,,2024-08-29 06:09:53.348577,2024-08-29 06:09:53.356555,0 days 00:00:00.007978,0.012,N95,34,23,1.1x60x0.1,1.1x60x0.1,0.012226652497685151,,,,,,,,,,,,,,,6,FAIL
2442,2442,3.983853371112465e-05,68.10686175414287,2024-08-29 06:09:53.358550,2024-08-29 06:09:53.596912,0 days 00:00:00.238362,0.0149,N95,34,17,1.1x60x0.1,1.1x60x0.1,0.01380663275232008,0.0004303256170605215,0.0007191699400878398,2.412419716454984e-05,0.13835359585105508,0.16073417692746253,0.26527211559084424,2.8026615075868105e-05,4.625450303192809e-05,8.0,61.360966319226094,1.8972651561695857,4.848630278747189,0.006900000000000001,0.01105,6,COMPLETE
2443,2443,3.6645397984894497e-05,79.20801176413251,2024-08-29 06:09:53.598907,2024-08-29 06:09:53.823306,0 days 00:00:00.224399,0.01435,N95,34,16,1.1x60x0.1,1.1x60x0.1,0.018973524299844842,0.0003965030383277091,0.0005789481717213678,2.412419716454984e-05,0.14916233930188658,0.1750946322417285,0.30387101351828255,2.8318256809481255e-05,4.91454094714236e-05,8.0,73.35462083319239,1.622921060730219,4.2304698702098955,0.0082,0.008825,6,COMPLETE
2444,2444,,,2024-08-29 06:09:53.825301,2024-08-29 06:09:53.832283,0 days 00:00:00.006982,0.0149,N95,34,23,1.1x60x0.1,1.4x200x0.071,0.008852309278589347,,,,,,,,,,,,,,,6,FAIL
2445,2445,,,2024-08-29 06:09:53.834278,2024-08-29 06:09:53.843253,0 days 00:00:00.008975,0.01435,N95,28,15,1.1x60x0.1,1.1x60x0.1,0.016617640596665893,,,,,,,,,,,,,,,6,FAIL
2446,2446,,,2024-08-29 06:09:53.844252,2024-08-29 06:09:53.848240,0 days 00:00:00.003988,0.01435,N95,34,21,1.1x60x0.1,1.1x60x0.1,0.006304272984853591,,,,,,,,,,,,,,,6,FAIL
2447,2447,,,2024-08-29 06:09:53.849237,2024-08-29 06:09:53.857216,0 days 00:00:00.007979,0.01435,N95,35,18,1.1x60x0.1,1.1x60x0.1,0.014058029963623013,,,,,,,,,,,,,,,6,FAIL
2448,2448,,,2024-08-29 06:09:53.858214,2024-08-29 06:09:53.864197,0 days 00:00:00.005983,0.01345,N95,23,15,1.4x200x0.071,1.1x60x0.1,0.011302600594635209,,,,,,,,,,,,,,,6,FAIL
2449,2449,4.6406117246054725e-05,58.638289827841305,2024-08-29 06:09:53.865197,2024-08-29 06:09:54.101563,0 days 00:00:00.236366,0.0149,N95,35,23,1.1x60x0.1,1.1x60x0.1,0.017762480968248652,0.0004953494877851668,0.0017697858501201714,2.409555951986295e-05,0.1381893573857453,0.1547571445806274,0.19607069413236314,2.6984422381800567e-05,3.418811093664251e-05,8.0,51.63198544992086,2.1576740991732546,4.848630278747189,0.0082,0.01105,6,COMPLETE
2450,2450,,,2024-08-29 06:09:54.103558,2024-08-29 06:09:54.113531,0 days 00:00:00.009973,0.0149,N95,34,25,1.1x60x0.1,1.1x60x0.1,0.01135171036396072,,,,,,,,,,,,,,,6,FAIL
2451,2451,,,2024-08-29 06:09:54.114528,2024-08-29 06:09:54.122506,0 days 00:00:00.007978,0.012,N95,34,23,1.1x60x0.1,1.1x60x0.1,0.01597201315339704,,,,,,,,,,,,,,,6,FAIL
2452,2452,,,2024-08-29 06:09:54.123504,2024-08-29 06:09:54.129490,0 days 00:00:00.005986,0.01345,N95,34,15,1.1x60x0.1,1.1x60x0.1,0.010086934542413002,,,,,,,,,,,,,,,6,FAIL
2453,2453,,,2024-08-29 06:09:54.129490,2024-08-29 06:09:54.133477,0 days 00:00:00.003987,0.01435,N95,34,15,1.4x200x0.071,1.1x60x0.1,0.022095128369738523,,,,,,,,,,,,,,,6,FAIL
2454,2454,,,2024-08-29 06:09:54.134474,2024-08-29 06:09:54.143449,0 days 00:00:00.008975,0.01435,N95,34,21,1.4x200x0.071,1.1x60x0.1,0.008017577612170743,,,,,,,,,,,,,,,6,FAIL
2455,2455,3.785151277696469e-05,95.07560071392511,2024-08-29 06:09:54.144447,2024-08-29 06:09:54.372837,0 days 00:00:00.228390,0.01435,N95,34,14,1.1x60x0.1,1.1x60x0.1,0.02022211764516034,0.00039459838573899486,0.0004147251241267217,2.412419716454984e-05,0.14916233930188658,0.20960006667169415,0.3472811583066086,3.389886051503342e-05,5.616618225305554e-05,8.0,89.2871266254142,1.5580042183010103,4.2304698702098955,0.0082,0.008825,6,COMPLETE
2456,2456,,,2024-08-29 06:09:54.374832,2024-08-29 06:09:54.383808,0 days 00:00:00.008976,0.01435,N95,34,21,1.1x60x0.1,1.1x60x0.1,0.007181330195562865,,,,,,,,,,,,,,,6,FAIL
2457,2457,,,2024-08-29 06:09:54.385802,2024-08-29 06:09:54.397770,0 days 00:00:00.011968,0.0149,N95,19,18,1.1x60x0.1,1.1x60x0.1,0.018177792801065656,,,,,,,,,,,,,,,6,FAIL
2458,2458,,,2024-08-29 06:09:54.399765,2024-08-29 06:09:54.409738,0 days 00:00:00.009973,0.01345,N95,2,23,1.1x60x0.1,1.1x60x0.1,0.006433302674611809,,,,,,,,,,,,,,,6,FAIL
2459,2459,,,2024-08-29 06:09:54.410736,2024-08-29 06:09:54.420709,0 days 00:00:00.009973,0.01435,N95,21,15,1.1x60x0.1,1.1x60x0.1,0.01696156000330564,,,,,,,,,,,,,,,6,FAIL
2460,2460,,,2024-08-29 06:09:54.422703,2024-08-29 06:09:54.430693,0 days 00:00:00.007990,0.01345,N95,27,11,1.1x60x0.1,1.4x200x0.071,0.003921592976519953,,,,,,,,,,,,,,,6,FAIL
2461,2461,4.6849350970221044e-05,87.76559757721549,2024-08-29 06:09:54.431680,2024-08-29 06:09:54.655082,0 days 00:00:00.223402,0.0149,N95,35,14,1.1x60x0.1,1.1x60x0.1,0.01941718817006938,0.0004655517994300477,0.0004831711212875681,2.409555951986295e-05,0.1381893573857453,0.2166428436444769,0.32211614036031083,3.7775199424484254e-05,5.616618225305554e-05,8.0,81.09410469744262,1.8228626010256805,4.848630278747189,0.006900000000000001,0.01105,6,COMPLETE
2462,2462,,,2024-08-29 06:09:54.657077,2024-08-29 06:09:54.667053,0 days 00:00:00.009976,0.0149,N95,34,15,1.4x200x0.071,1.1x60x0.1,0.007804738119943699,,,,,,,,,,,,,,,6,FAIL
2463,2463,,,2024-08-29 06:09:54.669044,2024-08-29 06:09:54.677023,0 days 00:00:00.007979,0.0149,N95,34,23,1.1x60x0.1,1.1x60x0.1,0.011990998916222562,,,,,,,,,,,,,,,6,FAIL
2464,2464,3.1125881222474885e-05,223.0218167891747,2024-08-29 06:09:54.679018,2024-08-29 06:09:54.904484,0 days 00:00:00.225466,0.01435,N95,18,11,1.1x60x0.1,1.1x60x0.1,0.01455961386260896,0.00010310165292621897,0.00025193042389896073,4.7697476639721074e-05,0.2949182990774419,0.3350566457485038,0.4419942014811383,5.418909773847588e-05,7.148423195843433e-05,4.0,219.9652876388462,0.941294215223527,2.1152349351049478,0.006900000000000001,0.008825,6,COMPLETE
2465,2465,,,2024-08-29 06:09:54.906480,2024-08-29 06:09:54.914459,0 days 00:00:00.007979,0.0149,N95,25,17,1.1x60x0.1,1.1x60x0.1,0.009076588285909522,,,,,,,,,,,,,,,6,FAIL
2466,2466,,,2024-08-29 06:09:54.915456,2024-08-29 06:09:54.921442,0 days 00:00:00.005986,0.0149,N95,29,16,1.1x60x0.1,1.1x60x0.1,0.005890810610420981,,,,,,,,,,,,,,,6,FAIL
2467,2467,4.915952284812857e-05,71.32184570498929,2024-08-29 06:09:54.923435,2024-08-29 06:09:55.178751,0 days 00:00:00.255316,0.0149,N95,35,17,1.4x200x0.071,1.1x60x0.1,0.01876595228222892,0.0004754859177716829,0.0008050550669654608,2.409555951986295e-05,0.1381893573857453,0.16173835374288856,0.26527211559084424,2.8201709617751113e-05,4.625450303192809e-05,8.0,65.33372091439341,1.1394945118486781,4.848630278747189,0.0094,0.01105,6,COMPLETE
2468,2468,,,2024-08-29 06:09:55.180746,2024-08-29 06:09:55.190719,0 days 00:00:00.009973,0.012,N95,18,12,1.1x60x0.1,1.1x60x0.1,0.004149597354122306,,,,,,,,,,,,,,,6,FAIL
2469,2469,,,2024-08-29 06:09:55.191717,2024-08-29 06:09:55.197700,0 days 00:00:00.005983,0.0149,N95,2,11,1.1x60x0.1,1.1x60x0.1,0.014361696510031483,,,,,,,,,,,,,,,6,FAIL
2470,2470,3.701993557863095e-05,125.50102680749457,2024-08-29 06:09:55.198698,2024-08-29 06:09:55.438057,0 days 00:00:00.239359,0.01435,N95,23,15,1.1x60x0.1,1.1x60x0.1,0.019361252856184945,0.00019066073271822173,0.000558029934821185,3.7605450211454966e-05,0.2325182838533611,0.26320447173864064,0.3241290810861681,4.2568362768589565e-05,5.242177010285185e-05,5.0,121.62356313245841,1.2334200061549663,2.644043668881184,0.0082,0.008825,6,COMPLETE
2471,2471,4.095690029107634e-05,77.02743450863238,2024-08-29 06:09:55.440053,2024-08-29 06:09:55.688908,0 days 00:00:00.248855,0.0149,N95,27,22,1.1x60x0.1,1.1x60x0.1,0.013401629361458115,0.00030503012372011355,0.00160409593017562,3.179831775981402e-05,0.1823650989948635,0.20029190546499387,0.20498299841110693,3.4924147711366054e-05,3.574211597921717e-05,6.0,71.56809919854632,1.8228626010256805,3.6364727090603917,0.0082,0.01105,6,COMPLETE
2472,2472,,,2024-08-29 06:09:55.690834,2024-08-29 06:09:55.697866,0 days 00:00:00.007032,0.01435,N95,23,15,1.1x60x0.1,1.1x60x0.1,0.009324283733701092,,,,,,,,,,,,,,,6,FAIL
2473,2473,4.584164001067437e-05,66.07064477877088,2024-08-29 06:09:55.698863,2024-08-29 06:09:55.917279,0 days 00:00:00.218416,0.0149,N95,35,18,1.1x60x0.1,1.1x60x0.1,0.018610746071428992,0.00047880266892266825,0.0008915645549884645,2.409555951986295e-05,0.1381893573857453,0.1602516147546292,0.2505347758357973,2.7942472521206087e-05,4.368480841904319e-05,8.0,59.250346788710196,1.9716677113134913,4.848630278747189,0.006900000000000001,0.01105,6,COMPLETE
2474,2474,,,2024-08-29 06:09:55.919275,2024-08-29 06:09:55.926256,0 days 00:00:00.006981,0.0149,N95,23,23,1.1x60x0.1,1.1x60x0.1,0.005918366617004851,,,,,,,,,,,,,,,6,FAIL
2475,2475,3.986705056181827e-05,52.63429038037177,2024-08-29 06:09:55.928250,2024-08-29 06:09:56.160628,0 days 00:00:00.232378,0.01435,N95,39,23,1.1x60x0.1,1.1x60x0.1,0.019708641317654742,0.0005737426936137735,0.0017604151359143965,2.144811601917549e-05,0.13261586021771274,0.15049452765135674,0.2113885311431531,2.4339653522725416e-05,3.418811093664251e-05,9.0,45.86258966108017,2.0124221153054713,4.759278603986133,0.0108,0.008825,6,COMPLETE
2476,2476,,,2024-08-29 06:09:56.161627,2024-08-29 06:09:56.177583,0 days 00:00:00.015956,0.01435,N95,15,17,1.1x60x0.1,1.1x60x0.1,0.018684337057440367,,,,,,,,,,,,,,,7,FAIL
2477,2477,3.986443003377375e-05,68.13440985625608,2024-08-29 06:09:56.178581,2024-08-29 06:09:56.421881,0 days 00:00:00.243300,0.0149,N95,34,17,1.1x60x0.1,1.1x60x0.1,0.013827356834544616,0.0004303323322768105,0.0007191699400878398,2.412419716454984e-05,0.13835359585105508,0.16073417692746253,0.26527211559084424,2.8026615075868105e-05,4.625450303192809e-05,8.0,61.38851442133931,1.8972651561695857,4.848630278747189,0.006900000000000001,0.01105,7,COMPLETE
2478,2478,3.497078436741948e-05,241.6231737837973,2024-08-29 06:09:56.423955,2024-08-29 06:09:56.687251,0 days 00:00:00.263296,0.01435,N95,18,11,1.1x60x0.1,1.1x60x0.1,0.018539931915022873,0.00010040789576048813,0.00025193042389896073,4.7697476639721074e-05,0.2949182990774419,0.3350566457485038,0.4419942014811383,5.418909773847588e-05,7.148423195843433e-05,4.0,238.56664463346883,0.941294215223527,2.1152349351049478,0.006900000000000001,0.008825,7,COMPLETE
2479,2479,,,2024-08-29 06:09:56.689246,2024-08-29 06:09:56.699220,0 days 00:00:00.009974,0.01435,N95,18,15,1.1x60x0.1,1.1x60x0.1,0.009332645861621913,,,,,,,,,,,,,,,7,FAIL
2480,2480,4.288594380879862e-05,71.34773890707716,2024-08-29 06:09:56.700217,2024-08-29 06:09:56.930600,0 days 00:00:00.230383,0.01435,N95,34,23,1.1x60x0.1,1.1x60x0.1,0.022833857958044122,0.000401897759981122,0.0016709731681355863,2.412419716454984e-05,0.14916233930188658,0.16576477254089456,0.2113885311431531,2.680932783991756e-05,3.418811093664251e-05,8.0,65.26713902763481,1.8501300092324493,4.2304698702098955,0.0108,0.008825,7,COMPLETE
2481,2481,,,2024-08-29 06:09:56.932595,2024-08-29 06:09:56.942567,0 days 00:00:00.009972,0.01435,N95,30,7,1.1x60x0.1,1.1x60x0.1,0.021369759294806407,,,,,,,,,,,,,,,7,FAIL
2482,2482,4.458690792503917e-05,67.11688097733875,2024-08-29 06:09:56.943565,2024-08-29 06:09:57.202447,0 days 00:00:00.258882,0.0149,N95,31,23,1.1x60x0.1,1.1x60x0.1,0.01630662007003443,0.00039179967024256037,0.0017904218153898142,2.7446998889213458e-05,0.1574100462593967,0.17408337281881064,0.19607069413236314,3.0354264253976727e-05,3.418811093664251e-05,7.0,60.86546049454951,2.008868988885444,4.2425514939037905,0.0082,0.01105,7,COMPLETE
2483,2483,3.7534225907681684e-05,99.57674631873432,2024-08-29 06:09:57.204540,2024-08-29 06:09:57.437911,0 days 00:00:00.233371,0.0149,N95,23,17,1.1x60x0.1,1.1x60x0.1,0.011962561490300727,0.0002191060047579204,0.0008054986166768366,3.7605450211454966e-05,0.21566932258363924,0.2405637251336424,0.26527211559084424,4.194619373688151e-05,4.625450303192809e-05,5.0,95.05830129163922,1.4880511028781065,3.030393924216993,0.006900000000000001,0.01105,7,COMPLETE
2484,2484,,,2024-08-29 06:09:57.438908,2024-08-29 06:09:57.444893,0 days 00:00:00.005985,0.01435,N95,18,25,1.1x60x0.1,1.1x60x0.1,0.0097674444540854,,,,,,,,,,,,,,,7,FAIL
2485,2485,,,2024-08-29 06:09:57.445890,2024-08-29 06:09:57.454866,0 days 00:00:00.008976,0.01435,N95,18,15,1.1x60x0.1,1.1x60x0.1,0.006407456596195691,,,,,,,,,,,,,,,7,FAIL
2486,2486,,,2024-08-29 06:09:57.456861,2024-08-29 06:09:57.463841,0 days 00:00:00.006980,0.01435,N95,18,23,1.1x60x0.1,1.1x60x0.1,0.007953412343710258,,,,,,,,,,,,,,,7,FAIL
2487,2487,4.614052947904144e-05,66.41833016618811,2024-08-29 06:09:57.464838,2024-08-29 06:09:57.701206,0 days 00:00:00.236368,0.0149,N95,34,21,1.1x60x0.1,1.1x60x0.1,0.017549938716748523,0.00043474159936884735,0.0012941356890876715,2.412419716454984e-05,0.13835359585105508,0.15563678611057344,0.2147440935735406,2.7137802173428026e-05,3.744412150203703e-05,8.0,59.52362962098353,2.0460702664573964,4.848630278747189,0.0082,0.01105,7,COMPLETE
2488,2488,,,2024-08-29 06:09:57.703200,2024-08-29 06:09:57.712205,0 days 00:00:00.009005,0.0149,N95,26,8,1.1x60x0.1,1.1x60x0.1,0.010378992057483131,,,,,,,,,,,,,,,7,FAIL
2489,2489,,,2024-08-29 06:09:57.712233,2024-08-29 06:09:57.720271,0 days 00:00:00.008038,0.01435,N95,10,11,1.1x60x0.1,1.1x60x0.1,0.022792855904636283,,,,,,,,,,,,,,,7,FAIL
2490,2490,3.9804560308047234e-05,79.24354202551405,2024-08-29 06:09:57.721269,2024-08-29 06:09:57.986838,0 days 00:00:00.265569,0.01435,N95,34,17,1.1x60x0.1,1.1x60x0.1,0.02094395019909904,0.0003970690635513374,0.0006881721063256466,2.412419716454984e-05,0.14916233930188658,0.17329138204744968,0.2859962480172071,2.8026615075868105e-05,4.625450303192809e-05,8.0,73.35769267335932,1.655379481944823,4.2304698702098955,0.009500000000000001,0.008825,7,COMPLETE
2491,2491,,,2024-08-29 06:09:57.988833,2024-08-29 06:09:57.992883,0 days 00:00:00.004050,0.0149,N95,34,17,1.1x60x0.1,1.1x60x0.1,0.008774521953085163,,,,,,,,,,,,,,,7,FAIL
2492,2492,,,2024-08-29 06:09:57.993881,2024-08-29 06:09:57.996873,0 days 00:00:00.002992,0.012,N95,10,11,1.1x60x0.1,1.1x60x0.1,0.014716441248870768,,,,,,,,,,,,,,,7,FAIL
2493,2493,,,2024-08-29 06:09:57.997870,2024-08-29 06:09:58.005849,0 days 00:00:00.007979,0.01435,N95,8,23,1.1x60x0.1,1.1x60x0.1,0.015249951252087909,,,,,,,,,,,,,,,7,FAIL
2494,2494,4.523516053174315e-05,65.71031367874828,2024-08-29 06:09:58.006847,2024-08-29 06:09:58.213295,0 days 00:00:00.206448,0.0149,N95,38,17,1.1x60x0.1,1.1x60x0.1,0.018125397987101676,0.0005571626969863712,0.0007085989814634232,2.142358842386681e-05,0.12286545638213449,0.14749816341492034,0.26527211559084424,2.5718701084294186e-05,4.625450303192809e-05,9.0,58.20953434870029,2.0460702664573964,5.454709063590586,0.006900000000000001,0.01105,7,COMPLETE
2495,2495,,,2024-08-29 06:09:58.214293,2024-08-29 06:09:58.222269,0 days 00:00:00.007976,0.012,N95,35,1,1.1x60x0.1,1.4x200x0.071,0.011769097261013283,,,,,,,,,,,,,,,7,FAIL
2496,2496,,,2024-08-29 06:09:58.223268,2024-08-29 06:09:58.227256,0 days 00:00:00.003988,0.0149,N95,1,14,1.4x200x0.071,1.1x60x0.1,0.008185182079091231,,,,,,,,,,,,,,,7,FAIL
2497,2497,,,2024-08-29 06:09:58.227256,2024-08-29 06:09:58.233240,0 days 00:00:00.005984,0.0149,N95,2,23,1.1x60x0.1,1.1x60x0.1,0.016868637014425085,,,,,,,,,,,,,,,7,FAIL
2498,2498,,,2024-08-29 06:09:58.234238,2024-08-29 06:09:58.241219,0 days 00:00:00.006981,0.01435,N95,37,16,1.1x60x0.1,1.1x60x0.1,0.022325196467700113,,,,,,,,,,,,,,,7,FAIL
2499,2499,3.9665156468303646e-05,189.23865544188467,2024-08-29 06:09:58.242216,2024-08-29 06:09:58.460632,0 days 00:00:00.218416,0.01435,N95,18,17,1.4x200x0.071,1.1x60x0.1,0.017699636649709173,0.0001139364203085687,0.0007575682563487949,4.7697476639721074e-05,0.2949182990774419,0.3193191895075249,0.2859962480172071,5.164386079057929e-05,4.625450303192809e-05,4.0,186.48180879308313,0.6416117136966021,2.1152349351049478,0.0126,0.008825,7,COMPLETE
2500,2500,,,2024-08-29 06:09:58.461629,2024-08-29 06:09:58.470649,0 days 00:00:00.009020,0.0149,N95,16,16,1.1x60x0.1,1.1x60x0.1,0.011680288513083786,,,,,,,,,,,,,,,7,FAIL
2501,2501,,,2024-08-29 06:09:58.472643,2024-08-29 06:09:58.478693,0 days 00:00:00.006050,0.0149,N95,34,21,1.1x60x0.1,1.4x200x0.071,0.006838966896722269,,,,,,,,,,,,,,,7,FAIL
2502,2502,,,2024-08-29 06:09:58.479690,2024-08-29 06:09:58.486792,0 days 00:00:00.007102,0.01435,N95,22,7,1.1x60x0.1,1.1x60x0.1,0.01327919161549924,,,,,,,,,,,,,,,7,FAIL
2503,2503,,,2024-08-29 06:09:58.487790,2024-08-29 06:09:58.497823,0 days 00:00:00.010033,0.01435,N95,20,23,1.4x200x0.071,1.1x60x0.1,0.018703441521869032,,,,,,,,,,,,,,,7,FAIL
2504,2504,,,2024-08-29 06:09:58.498881,2024-08-29 06:09:58.506917,0 days 00:00:00.008036,0.01435,N95,39,11,1.1x60x0.1,1.4x200x0.071,0.011047722742267238,,,,,,,,,,,,,,,7,FAIL
2505,2505,,,2024-08-29 06:09:58.507914,2024-08-29 06:09:58.514953,0 days 00:00:00.007039,0.01435,N95,31,9,1.1x60x0.1,1.4x200x0.071,0.013959792624145921,,,,,,,,,,,,,,,7,FAIL
2506,2506,4.358205449902652e-05,137.38364577732088,2024-08-29 06:09:58.517005,2024-08-29 06:09:58.749722,0 days 00:00:00.232717,0.0149,N95,22,16,1.1x60x0.1,1.1x60x0.1,0.01680246477329719,0.00017375399208736117,0.0006462137876986081,3.850162050919795e-05,0.2208089084667231,0.24447212357990286,0.281851622815272,4.2627686502828214e-05,4.91454094714236e-05,5.0,132.9396033053697,1.4136485477342011,3.030393924216993,0.006900000000000001,0.01105,7,COMPLETE
2507,2507,3.772914245517987e-05,96.40768685133429,2024-08-29 06:09:58.749722,2024-08-29 06:09:59.002119,0 days 00:00:00.252397,0.01435,N95,26,23,1.1x60x0.1,1.1x60x0.1,0.017495437522796208,0.00023294358844628597,0.0017154285024184803,3.217217402876327e-05,0.19892379032656934,0.2151282360034201,0.2113885311431531,3.4792937716703374e-05,3.418811093664251e-05,6.0,91.64437180916124,1.5904626395156145,3.172852402657422,0.0108,0.008825,7,COMPLETE
2508,2508,3.336132780656663e-05,136.62536458122074,2024-08-29 06:09:59.003119,2024-08-29 06:09:59.213555,0 days 00:00:00.210436,0.01435,N95,22,15,1.1x60x0.1,1.1x60x0.1,0.015573791374613783,0.0001590298548104842,0.0005164216285503456,3.850162050919795e-05,0.23805939500878825,0.2656149599122152,0.3241290810861681,4.295821380092312e-05,5.242177010285185e-05,5.0,132.7803593273992,1.2009615849403619,2.644043668881184,0.0082,0.008825,7,COMPLETE
2509,2509,,,2024-08-29 06:09:59.214551,2024-08-29 06:09:59.220536,0 days 00:00:00.005985,0.01435,N95,12,17,1.1x60x0.1,1.4x200x0.071,0.022751569381397517,,,,,,,,,,,,,,,7,FAIL
