,number,values_0,values_1,datetime_start,datetime_complete,duration,params_core_inner_diameter,params_material,params_n_p_bot,params_n_p_top,params_primary_litz_wire,params_secondary_litz_wire,params_window_h_bot,user_attrs_air_gap_bot,user_attrs_air_gap_top,user_attrs_flux_bot_max,user_attrs_flux_density_bot_max,user_attrs_flux_density_mid_max,user_attrs_flux_density_top_max,user_attrs_flux_mid_max,user_attrs_flux_top_max,user_attrs_n_s_bot,user_attrs_p_hyst,user_attrs_primary_litz_wire_loss,user_attrs_secondary_litz_wire_loss,user_attrs_window_h_top,user_attrs_window_w,system_attrs_nsga2:generation,state
240,240,,,2024-08-29 06:07:10.008677,2024-08-29 06:07:10.010671,0 days 00:00:00.001994,0.012,N95,26,9,1.1x60x0.1,1.4x200x0.071,0.010717219267350371,,,,,,,,,,,,,,,0,FAIL
241,241,,,2024-08-29 06:07:10.011669,2024-08-29 06:07:10.013662,0 days 00:00:00.001993,0.012,N95,35,3,1.4x200x0.071,1.1x60x0.1,0.009477707781386747,,,,,,,,,,,,,,,0,FAIL
242,242,,,2024-08-29 06:07:10.013662,2024-08-29 06:07:10.015657,0 days 00:00:00.001995,0.01345,N95,6,12,1.1x60x0.1,1.4x200x0.071,0.004806956364833941,,,,,,,,,,,,,,,0,FAIL
243,243,,,2024-08-29 06:07:10.015657,2024-08-29 06:07:10.017652,0 days 00:00:00.001995,0.012,N95,10,17,1.1x60x0.1,1.4x200x0.071,0.01028623624899562,,,,,,,,,,,,,,,0,FAIL
244,244,,,2024-08-29 06:07:10.017652,2024-08-29 06:07:10.018649,0 days 00:00:00.000997,0.012,N95,34,1,1.4x200x0.071,1.4x200x0.071,0.013595089033380407,,,,,,,,,,,,,,,0,FAIL
245,245,,,2024-08-29 06:07:10.019647,2024-08-29 06:07:10.021641,0 days 00:00:00.001994,0.01435,N95,32,3,1.4x200x0.071,1.4x200x0.071,0.02069610952041842,,,,,,,,,,,,,,,0,FAIL
246,246,,,2024-08-29 06:07:10.021641,2024-08-29 06:07:10.022638,0 days 00:00:00.000997,0.01345,N95,28,9,1.4x200x0.071,1.4x200x0.071,0.0057212741478737915,,,,,,,,,,,,,,,0,FAIL
247,247,,,2024-08-29 06:07:10.023636,2024-08-29 06:07:10.024633,0 days 00:00:00.000997,0.01345,N95,29,13,1.4x200x0.071,1.1x60x0.1,0.009873381661423724,,,,,,,,,,,,,,,0,FAIL
248,248,,,2024-08-29 06:07:10.025630,2024-08-29 06:07:10.026628,0 days 00:00:00.000998,0.012,N95,18,9,1.1x60x0.1,1.4x200x0.071,0.008338020848314616,,,,,,,,,,,,,,,0,FAIL
249,249,,,2024-08-29 06:07:10.027625,2024-08-29 06:07:10.028623,0 days 00:00:00.000998,0.0149,N95,10,9,1.4x200x0.071,1.4x200x0.071,0.007623397137924568,,,,,,,,,,,,,,,0,FAIL
250,250,,,2024-08-29 06:07:10.028623,2024-08-29 06:07:10.030617,0 days 00:00:00.001994,0.01345,N95,5,4,1.1x60x0.1,1.1x60x0.1,0.005460089210716078,,,,,,,,,,,,,,,0,FAIL
251,251,,,2024-08-29 06:07:10.030617,2024-08-29 06:07:10.033609,0 days 00:00:00.002992,0.01345,N95,12,22,1.1x60x0.1,1.1x60x0.1,0.01041692421321172,,,,,,,,,,,,,,,0,FAIL
252,252,,,2024-08-29 06:07:10.034607,2024-08-29 06:07:10.037598,0 days 00:00:00.002991,0.0149,N95,9,15,1.4x200x0.071,1.4x200x0.071,0.019989831575498208,,,,,,,,,,,,,,,0,FAIL
253,253,,,2024-08-29 06:07:10.037598,2024-08-29 06:07:10.040590,0 days 00:00:00.002992,0.01345,N95,33,11,1.1x60x0.1,1.4x200x0.071,0.007116015169708699,,,,,,,,,,,,,,,0,FAIL
254,254,,,2024-08-29 06:07:10.040590,2024-08-29 06:07:10.043583,0 days 00:00:00.002993,0.0149,N95,36,6,1.1x60x0.1,1.1x60x0.1,0.015901056189847575,,,,,,,,,,,,,,,0,FAIL
255,255,,,2024-08-29 06:07:10.044580,2024-08-29 06:07:10.046575,0 days 00:00:00.001995,0.012,N95,37,17,1.4x200x0.071,1.4x200x0.071,0.012853278855454137,,,,,,,,,,,,,,,0,FAIL
256,256,,,2024-08-29 06:07:10.046575,2024-08-29 06:07:10.048570,0 days 00:00:00.001995,0.01345,N95,30,17,1.1x60x0.1,1.1x60x0.1,0.011256714449020346,,,,,,,,,,,,,,,0,FAIL
257,257,,,2024-08-29 06:07:10.049566,2024-08-29 06:07:10.052558,0 days 00:00:00.002992,0.0149,N95,9,20,1.1x60x0.1,1.1x60x0.1,0.01698088843139177,,,,,,,,,,,,,,,0,FAIL
258,258,,,2024-08-29 06:07:10.052558,2024-08-29 06:07:10.056547,0 days 00:00:00.003989,0.01435,N95,28,19,1.4x200x0.071,1.1x60x0.1,0.024952191848476288,,,,,,,,,,,,,,,0,FAIL
259,259,,,2024-08-29 06:07:10.056547,2024-08-29 06:07:10.058542,0 days 00:00:00.001995,0.0149,N95,39,25,1.1x60x0.1,1.1x60x0.1,0.00822920277718002,,,,,,,,,,,,,,,0,FAIL
260,260,,,2024-08-29 06:07:10.059540,2024-08-29 06:07:10.062531,0 days 00:00:00.002991,0.0149,N95,11,4,1.4x200x0.071,1.1x60x0.1,0.015261618222992539,,,,,,,,,,,,,,,0,FAIL
261,261,4.01348253119592e-05,194.99553910274494,2024-08-29 06:07:10.062531,2024-08-29 06:07:10.303886,0 days 00:00:00.241355,0.01435,N95,18,16,1.4x200x0.071,1.4x200x0.071,0.018185846914723663,0.00011143919702016468,0.0006432641024776543,4.7697476639721074e-05,0.2949182990774419,0.32112243970180376,0.30387101351828255,5.193550252419244e-05,4.91454094714236e-05,4.0,193.1776235355836,0.6232799504481276,1.1946356167132055,0.0126,0.008825,0,COMPLETE
262,262,,,2024-08-29 06:07:10.303886,2024-08-29 06:07:10.305881,0 days 00:00:00.001995,0.0149,N95,26,23,1.4x200x0.071,1.4x200x0.071,0.00973035617028133,,,,,,,,,,,,,,,0,FAIL
263,263,,,2024-08-29 06:07:10.306879,2024-08-29 06:07:10.308874,0 days 00:00:00.001995,0.01435,N95,24,8,1.1x60x0.1,1.4x200x0.071,0.021172810382256588,,,,,,,,,,,,,,,0,FAIL
264,264,,,2024-08-29 06:07:10.309871,2024-08-29 06:07:10.311865,0 days 00:00:00.001994,0.01345,N95,32,15,1.1x60x0.1,1.4x200x0.071,0.006190389448489724,,,,,,,,,,,,,,,0,FAIL
265,265,,,2024-08-29 06:07:10.311865,2024-08-29 06:07:10.313864,0 days 00:00:00.001999,0.012,N95,17,9,1.4x200x0.071,1.1x60x0.1,0.00488510199443898,,,,,,,,,,,,,,,0,FAIL
266,266,,,2024-08-29 06:07:10.313864,2024-08-29 06:07:10.315854,0 days 00:00:00.001990,0.01435,N95,28,19,1.4x200x0.071,1.4x200x0.071,0.010907802934348124,,,,,,,,,,,,,,,0,FAIL
267,267,,,2024-08-29 06:07:10.315854,2024-08-29 06:07:10.317849,0 days 00:00:00.001995,0.01345,N95,30,15,1.4x200x0.071,1.1x60x0.1,0.0032841480762672427,,,,,,,,,,,,,,,0,FAIL
268,268,,,2024-08-29 06:07:10.317849,2024-08-29 06:07:10.319844,0 days 00:00:00.001995,0.01345,N95,40,14,1.4x200x0.071,1.4x200x0.071,0.00915373425665781,,,,,,,,,,,,,,,0,FAIL
269,269,,,2024-08-29 06:07:10.319844,2024-08-29 06:07:10.321838,0 days 00:00:00.001994,0.012,N95,18,12,1.4x200x0.071,1.1x60x0.1,0.01405174208876091,,,,,,,,,,,,,,,0,FAIL
270,270,,,2024-08-29 06:07:10.321838,2024-08-29 06:07:10.324830,0 days 00:00:00.002992,0.0149,N95,9,18,1.1x60x0.1,1.1x60x0.1,0.006315007011070181,,,,,,,,,,,,,,,0,FAIL
271,271,,,2024-08-29 06:07:10.324830,2024-08-29 06:07:10.326825,0 days 00:00:00.001995,0.01435,N95,37,25,1.1x60x0.1,1.1x60x0.1,0.018598463879932838,,,,,,,,,,,,,,,0,FAIL
272,272,,,2024-08-29 06:07:10.326825,2024-08-29 06:07:10.328819,0 days 00:00:00.001994,0.01435,N95,31,20,1.4x200x0.071,1.4x200x0.071,0.012932017380774796,,,,,,,,,,,,,,,0,FAIL
273,273,,,2024-08-29 06:07:10.328819,2024-08-29 06:07:10.330815,0 days 00:00:00.001996,0.01345,N95,1,21,1.1x60x0.1,1.4x200x0.071,0.0068624313147874075,,,,,,,,,,,,,,,0,FAIL
274,274,,,2024-08-29 06:07:10.330815,2024-08-29 06:07:10.332810,0 days 00:00:00.001995,0.0149,N95,1,15,1.4x200x0.071,1.1x60x0.1,0.017898706675408518,,,,,,,,,,,,,,,0,FAIL
275,275,,,2024-08-29 06:07:10.333807,2024-08-29 06:07:10.334803,0 days 00:00:00.000996,0.01345,N95,17,10,1.4x200x0.071,1.4x200x0.071,0.010353191543354217,,,,,,,,,,,,,,,0,FAIL
276,276,,,2024-08-29 06:07:10.335800,2024-08-29 06:07:10.336798,0 days 00:00:00.000998,0.012,N95,40,1,1.4x200x0.071,1.4x200x0.071,0.005297244753814093,,,,,,,,,,,,,,,0,FAIL
277,277,,,2024-08-29 06:07:10.337795,2024-08-29 06:07:10.339790,0 days 00:00:00.001995,0.01435,N95,34,7,1.1x60x0.1,1.1x60x0.1,0.018902947052443067,,,,,,,,,,,,,,,0,FAIL
278,278,,,2024-08-29 06:07:10.340788,2024-08-29 06:07:10.341789,0 days 00:00:00.001001,0.0149,N95,27,22,1.4x200x0.071,1.4x200x0.071,0.012787256010851164,,,,,,,,,,,,,,,0,FAIL
279,279,,,2024-08-29 06:07:10.342783,2024-08-29 06:07:10.344778,0 days 00:00:00.001995,0.0149,N95,35,3,1.1x60x0.1,1.1x60x0.1,0.013747179027287754,,,,,,,,,,,,,,,0,FAIL
280,280,,,2024-08-29 06:07:10.345774,2024-08-29 06:07:10.346772,0 days 00:00:00.000998,0.012,N95,20,24,1.4x200x0.071,1.1x60x0.1,0.013055563129056761,,,,,,,,,,,,,,,0,FAIL
281,281,,,2024-08-29 06:07:10.347774,2024-08-29 06:07:10.350761,0 days 00:00:00.002987,0.01435,N95,8,15,1.1x60x0.1,1.1x60x0.1,0.009901174374192424,,,,,,,,,,,,,,,0,FAIL
282,282,,,2024-08-29 06:07:10.350761,2024-08-29 06:07:10.352756,0 days 00:00:00.001995,0.01345,N95,1,1,1.4x200x0.071,1.1x60x0.1,0.009788067781813969,,,,,,,,,,,,,,,0,FAIL
283,283,,,2024-08-29 06:07:10.353755,2024-08-29 06:07:10.355748,0 days 00:00:00.001993,0.01435,N95,24,18,1.4x200x0.071,1.1x60x0.1,0.007560139125364887,,,,,,,,,,,,,,,0,FAIL
284,284,,,2024-08-29 06:07:10.356745,2024-08-29 06:07:10.357742,0 days 00:00:00.000997,0.01435,N95,22,22,1.1x60x0.1,1.1x60x0.1,0.006643271297553737,,,,,,,,,,,,,,,0,FAIL
285,285,,,2024-08-29 06:07:10.358740,2024-08-29 06:07:10.360739,0 days 00:00:00.001999,0.012,N95,7,25,1.4x200x0.071,1.4x200x0.071,0.011999552357272965,,,,,,,,,,,,,,,0,FAIL
286,286,,,2024-08-29 06:07:10.360739,2024-08-29 06:07:10.362729,0 days 00:00:00.001990,0.01345,N95,39,22,1.4x200x0.071,1.1x60x0.1,0.006367817754593974,,,,,,,,,,,,,,,0,FAIL
287,287,,,2024-08-29 06:07:10.362729,2024-08-29 06:07:10.364724,0 days 00:00:00.001995,0.012,N95,32,22,1.4x200x0.071,1.4x200x0.071,0.012094648455256735,,,,,,,,,,,,,,,0,FAIL
288,288,,,2024-08-29 06:07:10.364724,2024-08-29 06:07:10.367715,0 days 00:00:00.002991,0.0149,N95,27,25,1.1x60x0.1,1.4x200x0.071,0.01800219660317705,,,,,,,,,,,,,,,0,FAIL
289,289,,,2024-08-29 06:07:10.368713,2024-08-29 06:07:10.370708,0 days 00:00:00.001995,0.0149,N95,22,12,1.4x200x0.071,1.4x200x0.071,0.010679895008763965,,,,,,,,,,,,,,,0,FAIL
290,290,,,2024-08-29 06:07:10.370708,2024-08-29 06:07:10.372702,0 days 00:00:00.001994,0.01345,N95,19,11,1.4x200x0.071,1.4x200x0.071,0.005367749309801488,,,,,,,,,,,,,,,0,FAIL
291,291,,,2024-08-29 06:07:10.372702,2024-08-29 06:07:10.374697,0 days 00:00:00.001995,0.0149,N95,1,2,1.4x200x0.071,1.1x60x0.1,0.00507988918732148,,,,,,,,,,,,,,,0,FAIL
292,292,,,2024-08-29 06:07:10.374697,2024-08-29 06:07:10.376692,0 days 00:00:00.001995,0.012,N95,11,6,1.4x200x0.071,1.1x60x0.1,0.006327188380198898,,,,,,,,,,,,,,,0,FAIL
293,293,,,2024-08-29 06:07:10.376692,2024-08-29 06:07:10.378686,0 days 00:00:00.001994,0.01435,N95,23,7,1.1x60x0.1,1.4x200x0.071,0.0071216253814096915,,,,,,,,,,,,,,,0,FAIL
294,294,,,2024-08-29 06:07:10.378686,2024-08-29 06:07:10.380681,0 days 00:00:00.001995,0.01345,N95,16,13,1.4x200x0.071,1.1x60x0.1,0.003774231450961024,,,,,,,,,,,,,,,0,FAIL
295,295,4.4419466414321576e-05,166.66140675880362,2024-08-29 06:07:10.380681,2024-08-29 06:07:10.687167,0 days 00:00:00.306486,0.0149,N95,35,10,1.1x60x0.1,1.1x60x0.1,0.018772621444710993,0.0004522055788474601,0.0002245358339703801,2.409555951986295e-05,0.1381893573857453,0.34532544107635077,0.4509625965044352,6.021310089713504e-05,7.863265515427775e-05,8.0,160.13871898931856,1.67405749073787,4.848630278747189,0.005600000000000001,0.01105,0,COMPLETE
296,296,,,2024-08-29 06:07:10.688281,2024-08-29 06:07:10.692152,0 days 00:00:00.003871,0.0149,N95,25,18,1.4x200x0.071,1.1x60x0.1,0.017941135679537038,,,,,,,,,,,,,,,0,FAIL
297,297,,,2024-08-29 06:07:10.693151,2024-08-29 06:07:10.695144,0 days 00:00:00.001993,0.01345,N95,2,25,1.1x60x0.1,1.1x60x0.1,0.006369248888389271,,,,,,,,,,,,,,,0,FAIL
298,298,,,2024-08-29 06:07:10.695144,2024-08-29 06:07:10.697139,0 days 00:00:00.001995,0.01345,N95,16,2,1.4x200x0.071,1.4x200x0.071,0.005564269510208297,,,,,,,,,,,,,,,0,FAIL
299,299,,,2024-08-29 06:07:10.697139,2024-08-29 06:07:10.699134,0 days 00:00:00.001995,0.01345,N95,13,13,1.1x60x0.1,1.1x60x0.1,0.006198425872185161,,,,,,,,,,,,,,,0,FAIL
300,300,,,2024-08-29 06:07:10.699134,2024-08-29 06:07:10.702126,0 days 00:00:00.002992,0.0149,N95,13,16,1.4x200x0.071,1.1x60x0.1,0.010293135701531682,,,,,,,,,,,,,,,0,FAIL
301,301,,,2024-08-29 06:07:10.703122,2024-08-29 06:07:10.705118,0 days 00:00:00.001996,0.01345,N95,28,19,1.4x200x0.071,1.1x60x0.1,0.0074028194559900545,,,,,,,,,,,,,,,0,FAIL
302,302,,,2024-08-29 06:07:10.705118,2024-08-29 06:07:10.708110,0 days 00:00:00.002992,0.0149,N95,14,14,1.4x200x0.071,1.1x60x0.1,0.016799251431051935,,,,,,,,,,,,,,,0,FAIL
303,303,,,2024-08-29 06:07:10.708110,2024-08-29 06:07:10.710104,0 days 00:00:00.001994,0.012,N95,37,19,1.1x60x0.1,1.4x200x0.071,0.008647426841215848,,,,,,,,,,,,,,,0,FAIL
304,304,,,2024-08-29 06:07:10.710104,2024-08-29 06:07:10.712100,0 days 00:00:00.001996,0.01345,N95,25,11,1.1x60x0.1,1.4x200x0.071,0.004759352683552623,,,,,,,,,,,,,,,0,FAIL
305,305,,,2024-08-29 06:07:10.712100,2024-08-29 06:07:10.714094,0 days 00:00:00.001994,0.012,N95,7,5,1.1x60x0.1,1.4x200x0.071,0.004299809331799521,,,,,,,,,,,,,,,0,FAIL
306,306,,,2024-08-29 06:07:10.714094,2024-08-29 06:07:10.716089,0 days 00:00:00.001995,0.01435,N95,22,13,1.4x200x0.071,1.4x200x0.071,0.014440350849451184,,,,,,,,,,,,,,,0,FAIL
307,307,,,2024-08-29 06:07:10.716089,2024-08-29 06:07:10.719087,0 days 00:00:00.002998,0.012,N95,17,23,1.4x200x0.071,1.1x60x0.1,0.004430894505371024,,,,,,,,,,,,,,,0,FAIL
308,308,,,2024-08-29 06:07:10.719087,2024-08-29 06:07:10.721076,0 days 00:00:00.001989,0.0149,N95,9,23,1.1x60x0.1,1.4x200x0.071,0.006546049417442451,,,,,,,,,,,,,,,0,FAIL
309,309,,,2024-08-29 06:07:10.721076,2024-08-29 06:07:10.723071,0 days 00:00:00.001995,0.012,N95,31,15,1.4x200x0.071,1.1x60x0.1,0.014655558297036853,,,,,,,,,,,,,,,0,FAIL
310,310,,,2024-08-29 06:07:10.724069,2024-08-29 06:07:10.726062,0 days 00:00:00.001993,0.012,N95,26,20,1.1x60x0.1,1.4x200x0.071,0.014682547657728737,,,,,,,,,,,,,,,0,FAIL
311,311,,,2024-08-29 06:07:10.727060,2024-08-29 06:07:10.729054,0 days 00:00:00.001994,0.01345,N95,11,10,1.1x60x0.1,1.4x200x0.071,0.011365573162572425,,,,,,,,,,,,,,,0,FAIL
312,312,4.3603881053222664e-05,306.15852817977463,2024-08-29 06:07:10.730052,2024-08-29 06:07:10.964424,0 days 00:00:00.234372,0.0149,N95,30,8,1.1x60x0.1,1.1x60x0.1,0.018119931936877456,0.00031493891251083817,0.00012612966588442228,2.758481266046025e-05,0.15820041580743732,0.42467657105664885,0.563703245630544,7.404925956796105e-05,9.82908189428472e-05,7.0,300.5023281381366,1.4136485477342011,4.2425514939037905,0.005600000000000001,0.01105,0,COMPLETE
313,313,,,2024-08-29 06:07:10.965421,2024-08-29 06:07:10.967416,0 days 00:00:00.001995,0.012,N95,11,11,1.4x200x0.071,1.1x60x0.1,0.012577460240011502,,,,,,,,,,,,,,,0,FAIL
314,314,,,2024-08-29 06:07:10.967416,2024-08-29 06:07:10.969411,0 days 00:00:00.001995,0.01345,N95,30,25,1.1x60x0.1,1.4x200x0.071,0.006658598285674006,,,,,,,,,,,,,,,0,FAIL
315,315,,,2024-08-29 06:07:10.970414,2024-08-29 06:07:10.972403,0 days 00:00:00.001989,0.01345,N95,39,4,1.1x60x0.1,1.1x60x0.1,0.010730325101496973,,,,,,,,,,,,,,,0,FAIL
316,316,,,2024-08-29 06:07:10.972403,2024-08-29 06:07:10.974397,0 days 00:00:00.001994,0.01435,N95,27,16,1.4x200x0.071,1.4x200x0.071,0.007302450379556321,,,,,,,,,,,,,,,0,FAIL
317,317,,,2024-08-29 06:07:10.974397,2024-08-29 06:07:10.976392,0 days 00:00:00.001995,0.0149,N95,0,24,1.1x60x0.1,1.1x60x0.1,0.00799432492915368,,,,,,,,,,,,,,,0,FAIL
318,318,,,2024-08-29 06:07:10.976392,2024-08-29 06:07:10.978387,0 days 00:00:00.001995,0.012,N95,28,10,1.4x200x0.071,1.4x200x0.071,0.015473349717461084,,,,,,,,,,,,,,,0,FAIL
319,319,,,2024-08-29 06:07:10.979384,2024-08-29 06:07:10.981378,0 days 00:00:00.001994,0.01345,N95,28,1,1.4x200x0.071,1.1x60x0.1,0.008858835386517811,,,,,,,,,,,,,,,0,FAIL
320,320,,,2024-08-29 06:07:10.981378,2024-08-29 06:07:10.984370,0 days 00:00:00.002992,0.0149,N95,26,2,1.4x200x0.071,1.4x200x0.071,0.005117598088582956,,,,,,,,,,,,,,,0,FAIL
321,321,,,2024-08-29 06:07:10.984370,2024-08-29 06:07:10.986365,0 days 00:00:00.001995,0.012,N95,7,20,1.4x200x0.071,1.1x60x0.1,0.012039710307691732,,,,,,,,,,,,,,,0,FAIL
322,322,,,2024-08-29 06:07:10.987362,2024-08-29 06:07:10.990354,0 days 00:00:00.002992,0.0149,N95,5,23,1.1x60x0.1,1.1x60x0.1,0.011654500823921422,,,,,,,,,,,,,,,0,FAIL
323,323,,,2024-08-29 06:07:10.991354,2024-08-29 06:07:10.993347,0 days 00:00:00.001993,0.01435,N95,25,17,1.4x200x0.071,1.4x200x0.071,0.00832748334731514,,,,,,,,,,,,,,,0,FAIL
324,324,,,2024-08-29 06:07:10.993347,2024-08-29 06:07:10.996338,0 days 00:00:00.002991,0.012,N95,40,14,1.1x60x0.1,1.4x200x0.071,0.01549420245582837,,,,,,,,,,,,,,,0,FAIL
325,325,,,2024-08-29 06:07:10.996338,2024-08-29 06:07:10.998333,0 days 00:00:00.001995,0.012,N95,3,15,1.4x200x0.071,1.4x200x0.071,0.00985750367686633,,,,,,,,,,,,,,,0,FAIL
326,326,,,2024-08-29 06:07:10.999330,2024-08-29 06:07:11.002322,0 days 00:00:00.002992,0.01435,N95,11,7,1.1x60x0.1,1.4x200x0.071,0.017028251195762505,,,,,,,,,,,,,,,0,FAIL
327,327,,,2024-08-29 06:07:11.002322,2024-08-29 06:07:11.004321,0 days 00:00:00.001999,0.01435,N95,32,16,1.4x200x0.071,1.1x60x0.1,0.008407796182184775,,,,,,,,,,,,,,,0,FAIL
328,328,,,2024-08-29 06:07:11.005315,2024-08-29 06:07:11.008307,0 days 00:00:00.002992,0.01435,N95,18,7,1.1x60x0.1,1.4x200x0.071,0.023220656103978936,,,,,,,,,,,,,,,0,FAIL
329,329,,,2024-08-29 06:07:11.008307,2024-08-29 06:07:11.010303,0 days 00:00:00.001996,0.012,N95,35,15,1.1x60x0.1,1.4x200x0.071,0.010443512720598989,,,,,,,,,,,,,,,0,FAIL
330,330,,,2024-08-29 06:07:11.010303,2024-08-29 06:07:11.012296,0 days 00:00:00.001993,0.012,N95,19,23,1.1x60x0.1,1.1x60x0.1,0.012560970258965506,,,,,,,,,,,,,,,0,FAIL
331,331,,,2024-08-29 06:07:11.012296,2024-08-29 06:07:11.014291,0 days 00:00:00.001995,0.0149,N95,40,22,1.1x60x0.1,1.4x200x0.071,0.007022602130354326,,,,,,,,,,,,,,,0,FAIL
332,332,,,2024-08-29 06:07:11.015288,2024-08-29 06:07:11.016286,0 days 00:00:00.000998,0.01345,N95,11,22,1.1x60x0.1,1.4x200x0.071,0.006734211883392031,,,,,,,,,,,,,,,0,FAIL
333,333,,,2024-08-29 06:07:11.017283,2024-08-29 06:07:11.019277,0 days 00:00:00.001994,0.012,N95,2,24,1.1x60x0.1,1.1x60x0.1,0.0067301086443950515,,,,,,,,,,,,,,,0,FAIL
334,334,,,2024-08-29 06:07:11.019277,2024-08-29 06:07:11.021271,0 days 00:00:00.001994,0.012,N95,34,10,1.1x60x0.1,1.4x200x0.071,0.005670454297257358,,,,,,,,,,,,,,,0,FAIL
335,335,,,2024-08-29 06:07:11.021271,2024-08-29 06:07:11.024263,0 days 00:00:00.002992,0.01435,N95,6,5,1.4x200x0.071,1.4x200x0.071,0.024419669914252984,,,,,,,,,,,,,,,0,FAIL
336,336,,,2024-08-29 06:07:11.024263,2024-08-29 06:07:11.026258,0 days 00:00:00.001995,0.01345,N95,38,13,1.1x60x0.1,1.1x60x0.1,0.00592566125009064,,,,,,,,,,,,,,,0,FAIL
337,337,,,2024-08-29 06:07:11.026258,2024-08-29 06:07:11.028254,0 days 00:00:00.001996,0.012,N95,6,18,1.4x200x0.071,1.4x200x0.071,0.013685250546607727,,,,,,,,,,,,,,,0,FAIL
338,338,,,2024-08-29 06:07:11.028254,2024-08-29 06:07:11.030248,0 days 00:00:00.001994,0.012,N95,9,11,1.4x200x0.071,1.1x60x0.1,0.007098991084745446,,,,,,,,,,,,,,,0,FAIL
339,339,,,2024-08-29 06:07:11.031245,2024-08-29 06:07:11.032242,0 days 00:00:00.000997,0.01345,N95,40,3,1.4x200x0.071,1.4x200x0.071,0.0068730181480600745,,,,,,,,,,,,,,,0,FAIL
340,340,,,2024-08-29 06:07:11.033239,2024-08-29 06:07:11.035235,0 days 00:00:00.001996,0.01345,N95,7,12,1.1x60x0.1,1.1x60x0.1,0.007839972394264413,,,,,,,,,,,,,,,0,FAIL
341,341,,,2024-08-29 06:07:11.035235,2024-08-29 06:07:11.037229,0 days 00:00:00.001994,0.01435,N95,34,18,1.4x200x0.071,1.1x60x0.1,0.023733684137800137,,,,,,,,,,,,,,,0,FAIL
342,342,4.151167955861172e-05,124.92183645423161,2024-08-29 06:07:11.037229,2024-08-29 06:07:11.274594,0 days 00:00:00.237365,0.01435,N95,26,15,1.4x200x0.071,1.4x200x0.071,0.02121119304358506,0.0002183424513405483,0.0005199240466911528,3.217217402876327e-05,0.19892379032656934,0.2264526379304322,0.3241290810861681,3.662444630081682e-05,5.242177010285185e-05,6.0,122.37828073597436,0.7516022931874482,1.7919534250698081,0.011,0.008825,0,COMPLETE
343,343,,,2024-08-29 06:07:11.275591,2024-08-29 06:07:11.277586,0 days 00:00:00.001995,0.01435,N95,35,24,1.4x200x0.071,1.1x60x0.1,0.010823181761975005,,,,,,,,,,,,,,,0,FAIL
344,344,3.892174737253059e-05,295.0366528711988,2024-08-29 06:07:11.277586,2024-08-29 06:07:11.507616,0 days 00:00:00.230030,0.0149,N95,34,8,1.1x60x0.1,1.1x60x0.1,0.01437295501278927,0.0004222508724084844,0.0001228056388110794,2.412419716454984e-05,0.13835359585105508,0.4356916972610302,0.563703245630544,7.596992577625366e-05,9.82908189428472e-05,8.0,288.62556893442957,1.5624536580220119,4.848630278747189,0.005600000000000001,0.01105,0,COMPLETE
345,345,,,2024-08-29 06:07:11.507616,2024-08-29 06:07:11.510609,0 days 00:00:00.002993,0.01345,N95,36,9,1.1x60x0.1,1.1x60x0.1,0.004966889892792646,,,,,,,,,,,,,,,0,FAIL
346,346,,,2024-08-29 06:07:11.511605,2024-08-29 06:07:11.513600,0 days 00:00:00.001995,0.012,N95,31,4,1.1x60x0.1,1.1x60x0.1,0.004328332014329113,,,,,,,,,,,,,,,0,FAIL
347,347,,,2024-08-29 06:07:11.514598,2024-08-29 06:07:11.516685,0 days 00:00:00.002087,0.01345,N95,33,6,1.4x200x0.071,1.1x60x0.1,0.010577657304989786,,,,,,,,,,,,,,,0,FAIL
348,348,,,2024-08-29 06:07:11.516685,2024-08-29 06:07:11.519673,0 days 00:00:00.002988,0.01345,N95,28,1,1.1x60x0.1,1.1x60x0.1,0.0031847365781564095,,,,,,,,,,,,,,,0,FAIL
349,349,,,2024-08-29 06:07:11.519673,2024-08-29 06:07:11.521731,0 days 00:00:00.002058,0.012,N95,29,6,1.4x200x0.071,1.1x60x0.1,0.004723729196197444,,,,,,,,,,,,,,,0,FAIL
350,350,,,2024-08-29 06:07:11.522729,2024-08-29 06:07:11.524724,0 days 00:00:00.001995,0.012,N95,22,18,1.4x200x0.071,1.1x60x0.1,0.015225374243329468,,,,,,,,,,,,,,,0,FAIL
351,351,,,2024-08-29 06:07:11.525722,2024-08-29 06:07:11.528713,0 days 00:00:00.002991,0.01435,N95,5,8,1.1x60x0.1,1.4x200x0.071,0.007742427163889354,,,,,,,,,,,,,,,0,FAIL
352,352,,,2024-08-29 06:07:11.529710,2024-08-29 06:07:11.531706,0 days 00:00:00.001996,0.01435,N95,24,16,1.1x60x0.1,1.1x60x0.1,0.011372698476198748,,,,,,,,,,,,,,,0,FAIL
353,353,,,2024-08-29 06:07:11.531706,2024-08-29 06:07:11.533769,0 days 00:00:00.002063,0.012,N95,15,5,1.1x60x0.1,1.1x60x0.1,0.0089912606053442,,,,,,,,,,,,,,,0,FAIL
354,354,,,2024-08-29 06:07:11.533769,2024-08-29 06:07:11.535764,0 days 00:00:00.001995,0.01435,N95,36,0,1.4x200x0.071,1.1x60x0.1,0.01754164846811482,,,,,,,,,,,,,,,0,FAIL
355,355,,,2024-08-29 06:07:11.535764,2024-08-29 06:07:11.539883,0 days 00:00:00.004119,0.0149,N95,28,16,1.1x60x0.1,1.1x60x0.1,0.015071089296197153,,,,,,,,,,,,,,,0,FAIL
