,number,values_0,values_1,datetime_start,datetime_complete,duration,params_core_inner_diameter,params_material,params_n_p_bot,params_n_p_top,params_primary_litz_wire,params_secondary_litz_wire,params_window_h_bot,user_attrs_air_gap_bot,user_attrs_air_gap_top,user_attrs_flux_bot_max,user_attrs_flux_density_bot_max,user_attrs_flux_density_mid_max,user_attrs_flux_density_top_max,user_attrs_flux_mid_max,user_attrs_flux_top_max,user_attrs_n_s_bot,user_attrs_p_hyst,user_attrs_primary_litz_wire_loss,user_attrs_secondary_litz_wire_loss,user_attrs_window_h_top,user_attrs_window_w,system_attrs_nsga2:generation,state
952,952,,,2024-08-29 06:08:30.213241,2024-08-29 06:08:30.216232,0 days 00:00:00.002991,0.01435,N95,23,15,1.1x60x0.1,1.4x200x0.071,0.017798759778321314,,,,,,,,,,,,,,,0,FAIL
953,953,,,2024-08-29 06:08:30.217230,2024-08-29 06:08:30.222216,0 days 00:00:00.004986,0.01435,N95,15,14,1.4x200x0.071,1.4x200x0.071,0.01590791570629211,,,,,,,,,,,,,,,0,FAIL
954,954,,,2024-08-29 06:08:30.222216,2024-08-29 06:08:30.224211,0 days 00:00:00.001995,0.01435,N95,33,19,1.4x200x0.071,1.4x200x0.071,0.018175836851200666,,,,,,,,,,,,,,,0,FAIL
955,955,,,2024-08-29 06:08:30.224211,2024-08-29 06:08:30.226206,0 days 00:00:00.001995,0.01345,N95,21,15,1.4x200x0.071,1.4x200x0.071,0.004627186954826742,,,,,,,,,,,,,,,0,FAIL
956,956,,,2024-08-29 06:08:30.227204,2024-08-29 06:08:30.230194,0 days 00:00:00.002990,0.01435,N95,18,22,1.1x60x0.1,1.1x60x0.1,0.009121658872071586,,,,,,,,,,,,,,,0,FAIL
957,957,,,2024-08-29 06:08:30.230194,2024-08-29 06:08:30.232189,0 days 00:00:00.001995,0.01345,N95,4,23,1.4x200x0.071,1.1x60x0.1,0.004087252703365328,,,,,,,,,,,,,,,0,FAIL
958,958,,,2024-08-29 06:08:30.232189,2024-08-29 06:08:30.234185,0 days 00:00:00.001996,0.01435,N95,37,13,1.1x60x0.1,1.4x200x0.071,0.018142540975258456,,,,,,,,,,,,,,,0,FAIL
959,959,,,2024-08-29 06:08:30.235183,2024-08-29 06:08:30.237177,0 days 00:00:00.001994,0.01345,N95,9,4,1.1x60x0.1,1.4x200x0.071,0.0033730961078995815,,,,,,,,,,,,,,,0,FAIL
960,960,,,2024-08-29 06:08:30.237177,2024-08-29 06:08:30.239171,0 days 00:00:00.001994,0.01435,N95,28,5,1.4x200x0.071,1.4x200x0.071,0.021744919332056627,,,,,,,,,,,,,,,0,FAIL
961,961,,,2024-08-29 06:08:30.239171,2024-08-29 06:08:30.241166,0 days 00:00:00.001995,0.01345,N95,26,13,1.4x200x0.071,1.4x200x0.071,0.007465684507605629,,,,,,,,,,,,,,,0,FAIL
962,962,,,2024-08-29 06:08:30.242164,2024-08-29 06:08:30.244160,0 days 00:00:00.001996,0.012,N95,17,14,1.4x200x0.071,1.1x60x0.1,0.007782238369080843,,,,,,,,,,,,,,,0,FAIL
963,963,,,2024-08-29 06:08:30.244160,2024-08-29 06:08:30.246152,0 days 00:00:00.001992,0.01435,N95,36,0,1.4x200x0.071,1.1x60x0.1,0.011838606824626598,,,,,,,,,,,,,,,0,FAIL
964,964,,,2024-08-29 06:08:30.246152,2024-08-29 06:08:30.248148,0 days 00:00:00.001996,0.0149,N95,27,22,1.1x60x0.1,1.4x200x0.071,0.01241783358366951,,,,,,,,,,,,,,,0,FAIL
965,965,,,2024-08-29 06:08:30.249145,2024-08-29 06:08:30.252136,0 days 00:00:00.002991,0.01435,N95,6,22,1.1x60x0.1,1.1x60x0.1,0.01006476848407182,,,,,,,,,,,,,,,0,FAIL
966,966,,,2024-08-29 06:08:30.252136,2024-08-29 06:08:30.254131,0 days 00:00:00.001995,0.0149,N95,39,6,1.4x200x0.071,1.4x200x0.071,0.01677432857240559,,,,,,,,,,,,,,,0,FAIL
967,967,,,2024-08-29 06:08:30.255129,2024-08-29 06:08:30.258121,0 days 00:00:00.002992,0.01345,N95,4,10,1.4x200x0.071,1.1x60x0.1,0.010246471157565027,,,,,,,,,,,,,,,0,FAIL
968,968,,,2024-08-29 06:08:30.258121,2024-08-29 06:08:30.261112,0 days 00:00:00.002991,0.0149,N95,25,6,1.1x60x0.1,1.1x60x0.1,0.00707535388557112,,,,,,,,,,,,,,,0,FAIL
969,969,,,2024-08-29 06:08:30.262110,2024-08-29 06:08:30.265102,0 days 00:00:00.002992,0.01435,N95,22,6,1.1x60x0.1,1.1x60x0.1,0.019918178555862847,,,,,,,,,,,,,,,0,FAIL
970,970,,,2024-08-29 06:08:30.265102,2024-08-29 06:08:30.267097,0 days 00:00:00.001995,0.01345,N95,9,11,1.1x60x0.1,1.1x60x0.1,0.00547289088091207,,,,,,,,,,,,,,,0,FAIL
971,971,,,2024-08-29 06:08:30.268093,2024-08-29 06:08:30.270087,0 days 00:00:00.001994,0.012,N95,5,18,1.4x200x0.071,1.4x200x0.071,0.01056383777578512,,,,,,,,,,,,,,,0,FAIL
972,972,,,2024-08-29 06:08:30.270087,2024-08-29 06:08:30.273079,0 days 00:00:00.002992,0.01435,N95,11,2,1.4x200x0.071,1.4x200x0.071,0.01581992119814366,,,,,,,,,,,,,,,0,FAIL
973,973,,,2024-08-29 06:08:30.273079,2024-08-29 06:08:30.276071,0 days 00:00:00.002992,0.0149,N95,23,4,1.1x60x0.1,1.1x60x0.1,0.014571523066687724,,,,,,,,,,,,,,,0,FAIL
974,974,,,2024-08-29 06:08:30.276071,2024-08-29 06:08:30.278067,0 days 00:00:00.001996,0.01435,N95,29,8,1.1x60x0.1,1.4x200x0.071,0.01565088815758628,,,,,,,,,,,,,,,0,FAIL
975,975,,,2024-08-29 06:08:30.278067,2024-08-29 06:08:30.281058,0 days 00:00:00.002991,0.01435,N95,25,7,1.1x60x0.1,1.1x60x0.1,0.021109278305012396,,,,,,,,,,,,,,,0,FAIL
976,976,,,2024-08-29 06:08:30.282056,2024-08-29 06:08:30.285049,0 days 00:00:00.002993,0.01345,N95,36,15,1.4x200x0.071,1.4x200x0.071,0.0029494725830165086,,,,,,,,,,,,,,,0,FAIL
977,977,,,2024-08-29 06:08:30.286046,2024-08-29 06:08:30.289042,0 days 00:00:00.002996,0.01435,N95,14,19,1.4x200x0.071,1.1x60x0.1,0.015519072778674372,,,,,,,,,,,,,,,0,FAIL
978,978,3.533346749453565e-05,106.84122356658291,2024-08-29 06:08:30.289042,2024-08-29 06:08:30.549342,0 days 00:00:00.260300,0.01435,N95,23,18,1.1x60x0.1,1.1x60x0.1,0.016315388498386884,0.00020393723339692666,0.0008998346701759908,3.7605450211454966e-05,0.2325182838533611,0.25775464892926464,0.27010756757180665,4.168695664033649e-05,4.368480841904319e-05,5.0,102.86638462790295,1.3307952697987795,2.644043668881184,0.009500000000000001,0.008825,0,COMPLETE
979,979,,,2024-08-29 06:08:30.550341,2024-08-29 06:08:30.554328,0 days 00:00:00.003987,0.012,N95,2,0,1.4x200x0.071,1.1x60x0.1,0.005884431284498575,,,,,,,,,,,,,,,0,FAIL
980,980,,,2024-08-29 06:08:30.555325,2024-08-29 06:08:30.558317,0 days 00:00:00.002992,0.01345,N95,35,22,1.1x60x0.1,1.1x60x0.1,0.004977209643101971,,,,,,,,,,,,,,,0,FAIL
981,981,,,2024-08-29 06:08:30.559315,2024-08-29 06:08:30.564302,0 days 00:00:00.004987,0.0149,N95,8,0,1.4x200x0.071,1.1x60x0.1,0.01357482556062433,,,,,,,,,,,,,,,0,FAIL
982,982,,,2024-08-29 06:08:30.564302,2024-08-29 06:08:30.571282,0 days 00:00:00.006980,0.01435,N95,8,17,1.4x200x0.071,1.1x60x0.1,0.011995558714099807,,,,,,,,,,,,,,,0,FAIL
983,983,,,2024-08-29 06:08:30.571282,2024-08-29 06:08:30.575271,0 days 00:00:00.003989,0.0149,N95,0,25,1.1x60x0.1,1.1x60x0.1,0.01654115509691359,,,,,,,,,,,,,,,0,FAIL
984,984,,,2024-08-29 06:08:30.576269,2024-08-29 06:08:30.580258,0 days 00:00:00.003989,0.01435,N95,26,18,1.4x200x0.071,1.1x60x0.1,0.008867206614067702,,,,,,,,,,,,,,,0,FAIL
985,985,4.119364798412178e-05,237.04818203260817,2024-08-29 06:08:30.581256,2024-08-29 06:08:30.880455,0 days 00:00:00.299199,0.01435,N95,35,9,1.1x60x0.1,1.1x60x0.1,0.024981960610553723,0.00041280597400908425,0.00016550213770618867,2.409555951986295e-05,0.1489852698622507,0.4262564760235968,0.5402151351436133,6.893895146983258e-05,8.736961683808638e-05,8.0,231.38954162895567,1.4281705334425925,4.2304698702098955,0.006900000000000001,0.008825,0,COMPLETE
986,986,,,2024-08-29 06:08:30.881452,2024-08-29 06:08:30.885442,0 days 00:00:00.003990,0.01345,N95,24,14,1.1x60x0.1,1.1x60x0.1,0.006778720159433654,,,,,,,,,,,,,,,0,FAIL
987,987,,,2024-08-29 06:08:30.885442,2024-08-29 06:08:30.891425,0 days 00:00:00.005983,0.01435,N95,17,12,1.4x200x0.071,1.4x200x0.071,0.02479652122283306,,,,,,,,,,,,,,,0,FAIL
988,988,,,2024-08-29 06:08:30.892424,2024-08-29 06:08:30.895416,0 days 00:00:00.002992,0.01345,N95,36,13,1.4x200x0.071,1.1x60x0.1,0.005179984701296323,,,,,,,,,,,,,,,0,FAIL
989,989,,,2024-08-29 06:08:30.896414,2024-08-29 06:08:30.900404,0 days 00:00:00.003990,0.01345,N95,40,7,1.4x200x0.071,1.4x200x0.071,0.006724488430979213,,,,,,,,,,,,,,,0,FAIL
990,990,,,2024-08-29 06:08:30.900404,2024-08-29 06:08:30.903393,0 days 00:00:00.002989,0.01435,N95,39,8,1.1x60x0.1,1.4x200x0.071,0.013547977310553462,,,,,,,,,,,,,,,0,FAIL
991,991,,,2024-08-29 06:08:30.904391,2024-08-29 06:08:30.909378,0 days 00:00:00.004987,0.01345,N95,36,21,1.1x60x0.1,1.1x60x0.1,0.010793682598726546,,,,,,,,,,,,,,,0,FAIL
992,992,,,2024-08-29 06:08:30.909378,2024-08-29 06:08:30.913366,0 days 00:00:00.003988,0.012,N95,15,23,1.1x60x0.1,1.1x60x0.1,0.007754024644441379,,,,,,,,,,,,,,,0,FAIL
993,993,,,2024-08-29 06:08:30.913366,2024-08-29 06:08:30.917357,0 days 00:00:00.003991,0.012,N95,38,11,1.4x200x0.071,1.1x60x0.1,0.013270084277446494,,,,,,,,,,,,,,,0,FAIL
994,994,,,2024-08-29 06:08:30.918354,2024-08-29 06:08:30.922343,0 days 00:00:00.003989,0.01345,N95,25,19,1.4x200x0.071,1.4x200x0.071,0.008943045132583698,,,,,,,,,,,,,,,0,FAIL
995,995,,,2024-08-29 06:08:30.923341,2024-08-29 06:08:30.929324,0 days 00:00:00.005983,0.01435,N95,6,9,1.4x200x0.071,1.4x200x0.071,0.02054392560322372,,,,,,,,,,,,,,,0,FAIL
996,996,,,2024-08-29 06:08:30.930322,2024-08-29 06:08:30.934311,0 days 00:00:00.003989,0.01345,N95,21,22,1.1x60x0.1,1.4x200x0.071,0.0058683412922945774,,,,,,,,,,,,,,,0,FAIL
997,997,,,2024-08-29 06:08:30.934311,2024-08-29 06:08:30.938300,0 days 00:00:00.003989,0.01345,N95,29,23,1.4x200x0.071,1.1x60x0.1,0.00808381489249954,,,,,,,,,,,,,,,0,FAIL
998,998,,,2024-08-29 06:08:30.938300,2024-08-29 06:08:30.942289,0 days 00:00:00.003989,0.01435,N95,0,21,1.1x60x0.1,1.4x200x0.071,0.023580690896005924,,,,,,,,,,,,,,,0,FAIL
999,999,,,2024-08-29 06:08:30.943288,2024-08-29 06:08:30.947277,0 days 00:00:00.003989,0.012,N95,11,18,1.4x200x0.071,1.4x200x0.071,0.0053089574198759825,,,,,,,,,,,,,,,0,FAIL
1000,1000,,,2024-08-29 06:08:30.948274,2024-08-29 06:08:30.953332,0 days 00:00:00.005058,0.01435,N95,2,14,1.4x200x0.071,1.1x60x0.1,0.008384321911545513,,,,,,,,,,,,,,,0,FAIL
1001,1001,,,2024-08-29 06:08:30.954330,2024-08-29 06:08:30.960381,0 days 00:00:00.006051,0.0149,N95,6,18,1.4x200x0.071,1.4x200x0.071,0.018576661907320338,,,,,,,,,,,,,,,0,FAIL
1002,1002,,,2024-08-29 06:08:30.961379,2024-08-29 06:08:30.966435,0 days 00:00:00.005056,0.0149,N95,39,13,1.4x200x0.071,1.1x60x0.1,0.008417937408235543,,,,,,,,,,,,,,,0,FAIL
1003,1003,4.412122846816254e-05,256.4762249303598,2024-08-29 06:08:30.967436,2024-08-29 06:08:31.236676,0 days 00:00:00.269240,0.0149,N95,14,22,1.1x60x0.1,1.1x60x0.1,0.015933950193876445,0.00010147146688763545,0.001566117792803995,6.19175817252881e-05,0.35510073225083577,0.37422287231717644,0.20498299841110693,6.525183750903485e-05,3.574211597921717e-05,3.0,253.31874258323936,1.3392459925902958,1.8182363545301958,0.0082,0.01105,0,COMPLETE
1004,1004,,,2024-08-29 06:08:31.237674,2024-08-29 06:08:31.240734,0 days 00:00:00.003060,0.012,N95,7,22,1.1x60x0.1,1.1x60x0.1,0.012681348834691384,,,,,,,,,,,,,,,0,FAIL
1005,1005,,,2024-08-29 06:08:31.241731,2024-08-29 06:08:31.244797,0 days 00:00:00.003066,0.01345,N95,16,4,1.1x60x0.1,1.1x60x0.1,0.0031288999676641633,,,,,,,,,,,,,,,0,FAIL
1006,1006,,,2024-08-29 06:08:31.244797,2024-08-29 06:08:31.246791,0 days 00:00:00.001994,0.01435,N95,9,0,1.1x60x0.1,1.4x200x0.071,0.01821865595567451,,,,,,,,,,,,,,,0,FAIL
1007,1007,,,2024-08-29 06:08:31.246791,2024-08-29 06:08:31.249784,0 days 00:00:00.002993,0.01435,N95,14,3,1.4x200x0.071,1.4x200x0.071,0.014084924324069216,,,,,,,,,,,,,,,0,FAIL
1008,1008,,,2024-08-29 06:08:31.249784,2024-08-29 06:08:31.253828,0 days 00:00:00.004044,0.01435,N95,16,20,1.4x200x0.071,1.1x60x0.1,0.024508495395453585,,,,,,,,,,,,,,,0,FAIL
1009,1009,,,2024-08-29 06:08:31.254825,2024-08-29 06:08:31.258867,0 days 00:00:00.004042,0.0149,N95,39,15,1.1x60x0.1,1.1x60x0.1,0.009378149919072357,,,,,,,,,,,,,,,0,FAIL
1010,1010,,,2024-08-29 06:08:31.258867,2024-08-29 06:08:31.265911,0 days 00:00:00.007044,0.0149,N95,20,20,1.4x200x0.071,1.4x200x0.071,0.014947866875743152,,,,,,,,,,,,,,,0,FAIL
1011,1011,,,2024-08-29 06:08:31.266909,2024-08-29 06:08:31.269952,0 days 00:00:00.003043,0.0149,N95,0,8,1.1x60x0.1,1.1x60x0.1,0.01685942110711084,,,,,,,,,,,,,,,0,FAIL
1012,1012,,,2024-08-29 06:08:31.269952,2024-08-29 06:08:31.272944,0 days 00:00:00.002992,0.0149,N95,11,3,1.1x60x0.1,1.4x200x0.071,0.006828661766811971,,,,,,,,,,,,,,,0,FAIL
1013,1013,,,2024-08-29 06:08:31.273941,2024-08-29 06:08:31.278984,0 days 00:00:00.005043,0.0149,N95,28,24,1.1x60x0.1,1.1x60x0.1,0.012485115647904742,,,,,,,,,,,,,,,0,FAIL
1014,1014,,,2024-08-29 06:08:31.279981,2024-08-29 06:08:31.283033,0 days 00:00:00.003052,0.01435,N95,7,21,1.1x60x0.1,1.1x60x0.1,0.018509548640765656,,,,,,,,,,,,,,,0,FAIL
1015,1015,,,2024-08-29 06:08:31.283033,2024-08-29 06:08:31.285028,0 days 00:00:00.001995,0.01345,N95,31,18,1.1x60x0.1,1.4x200x0.071,0.00863834523444069,,,,,,,,,,,,,,,0,FAIL
1016,1016,,,2024-08-29 06:08:31.285028,2024-08-29 06:08:31.288144,0 days 00:00:00.003116,0.01435,N95,6,14,1.1x60x0.1,1.1x60x0.1,0.019299357979246368,,,,,,,,,,,,,,,0,FAIL
1017,1017,,,2024-08-29 06:08:31.289140,2024-08-29 06:08:31.291134,0 days 00:00:00.001994,0.012,N95,14,9,1.4x200x0.071,1.4x200x0.071,0.012683076935024531,,,,,,,,,,,,,,,0,FAIL
1018,1018,,,2024-08-29 06:08:31.291134,2024-08-29 06:08:31.294191,0 days 00:00:00.003057,0.01435,N95,9,15,1.1x60x0.1,1.1x60x0.1,0.009181984775287921,,,,,,,,,,,,,,,0,FAIL
1019,1019,,,2024-08-29 06:08:31.294191,2024-08-29 06:08:31.296186,0 days 00:00:00.001995,0.012,N95,10,21,1.4x200x0.071,1.1x60x0.1,0.011074701267522209,,,,,,,,,,,,,,,0,FAIL
1020,1020,,,2024-08-29 06:08:31.297183,2024-08-29 06:08:31.301172,0 days 00:00:00.003989,0.0149,N95,20,20,1.4x200x0.071,1.1x60x0.1,0.016903095446126077,,,,,,,,,,,,,,,0,FAIL
1021,1021,,,2024-08-29 06:08:31.301172,2024-08-29 06:08:31.305162,0 days 00:00:00.003990,0.01435,N95,36,15,1.4x200x0.071,1.4x200x0.071,0.018901949603791386,,,,,,,,,,,,,,,0,FAIL
1022,1022,,,2024-08-29 06:08:31.305162,2024-08-29 06:08:31.310148,0 days 00:00:00.004986,0.01435,N95,25,5,1.1x60x0.1,1.1x60x0.1,0.018512583685073886,,,,,,,,,,,,,,,0,FAIL
1023,1023,,,2024-08-29 06:08:31.311146,2024-08-29 06:08:31.314138,0 days 00:00:00.002992,0.012,N95,36,2,1.4x200x0.071,1.4x200x0.071,0.0063632520127662635,,,,,,,,,,,,,,,0,FAIL
1024,1024,,,2024-08-29 06:08:31.314138,2024-08-29 06:08:31.317130,0 days 00:00:00.002992,0.01345,N95,39,12,1.1x60x0.1,1.4x200x0.071,0.00987960034652138,,,,,,,,,,,,,,,0,FAIL
1025,1025,,,2024-08-29 06:08:31.318127,2024-08-29 06:08:31.321120,0 days 00:00:00.002993,0.01435,N95,27,7,1.1x60x0.1,1.1x60x0.1,0.010130077675133603,,,,,,,,,,,,,,,0,FAIL
1026,1026,,,2024-08-29 06:08:31.322117,2024-08-29 06:08:31.324113,0 days 00:00:00.001996,0.012,N95,40,13,1.1x60x0.1,1.1x60x0.1,0.01345429556205692,,,,,,,,,,,,,,,0,FAIL
1027,1027,4.209782616329124e-05,54.65447261541521,2024-08-29 06:08:31.325109,2024-08-29 06:08:31.588405,0 days 00:00:00.263296,0.0149,N95,35,23,1.1x60x0.1,1.1x60x0.1,0.01431467952337757,0.0004937351475724305,0.0017697858501201714,2.409555951986295e-05,0.1381893573857453,0.1547571445806274,0.19607069413236314,2.6984422381800567e-05,3.418811093664251e-05,8.0,47.648168237494765,2.1576740991732546,4.848630278747189,0.0082,0.01105,0,COMPLETE
1028,1028,,,2024-08-29 06:08:31.589402,2024-08-29 06:08:31.594389,0 days 00:00:00.004987,0.01435,N95,27,25,1.4x200x0.071,1.1x60x0.1,0.00809776121283763,,,,,,,,,,,,,,,0,FAIL
1029,1029,,,2024-08-29 06:08:31.595386,2024-08-29 06:08:31.599375,0 days 00:00:00.003989,0.01345,N95,10,5,1.1x60x0.1,1.4x200x0.071,0.008410837882567052,,,,,,,,,,,,,,,0,FAIL
1030,1030,,,2024-08-29 06:08:31.600373,2024-08-29 06:08:31.607354,0 days 00:00:00.006981,0.01435,N95,29,24,1.1x60x0.1,1.1x60x0.1,0.015929224085750857,,,,,,,,,,,,,,,0,FAIL
1031,1031,,,2024-08-29 06:08:31.607354,2024-08-29 06:08:31.611344,0 days 00:00:00.003990,0.01435,N95,0,17,1.4x200x0.071,1.4x200x0.071,0.02229282774589291,,,,,,,,,,,,,,,0,FAIL
1032,1032,,,2024-08-29 06:08:31.611344,2024-08-29 06:08:31.614337,0 days 00:00:00.002993,0.012,N95,28,3,1.1x60x0.1,1.1x60x0.1,0.008487004466900924,,,,,,,,,,,,,,,0,FAIL
1033,1033,,,2024-08-29 06:08:31.614337,2024-08-29 06:08:31.616330,0 days 00:00:00.001993,0.01345,N95,31,12,1.4x200x0.071,1.1x60x0.1,0.005753440142033203,,,,,,,,,,,,,,,0,FAIL
1034,1034,,,2024-08-29 06:08:31.616330,2024-08-29 06:08:31.619321,0 days 00:00:00.002991,0.01345,N95,11,5,1.4x200x0.071,1.4x200x0.071,0.009992396271528151,,,,,,,,,,,,,,,0,FAIL
1035,1035,,,2024-08-29 06:08:31.619321,2024-08-29 06:08:31.623310,0 days 00:00:00.003989,0.01435,N95,6,1,1.4x200x0.071,1.4x200x0.071,0.010100887534758565,,,,,,,,,,,,,,,0,FAIL
1036,1036,3.879379914349595e-05,128.68849433694996,2024-08-29 06:08:31.624308,2024-08-29 06:08:31.862671,0 days 00:00:00.238363,0.0149,N95,22,15,1.1x60x0.1,1.4x200x0.071,0.012970561724949634,0.00017398912241278931,0.0005519910187025428,3.850162050919795e-05,0.2208089084667231,0.2463677157899335,0.3006417310029569,4.295821380092312e-05,5.242177010285185e-05,5.0,125.52699813280027,1.3764472701622488,1.7850489339874525,0.006900000000000001,0.01105,0,COMPLETE
1037,1037,,,2024-08-29 06:08:31.863668,2024-08-29 06:08:31.868655,0 days 00:00:00.004987,0.012,N95,28,14,1.1x60x0.1,1.1x60x0.1,0.011667970378903741,,,,,,,,,,,,,,,0,FAIL
1038,1038,,,2024-08-29 06:08:31.869653,2024-08-29 06:08:31.872644,0 days 00:00:00.002991,0.012,N95,26,25,1.1x60x0.1,1.1x60x0.1,0.010064201663740757,,,,,,,,,,,,,,,0,FAIL
1039,1039,,,2024-08-29 06:08:31.873647,2024-08-29 06:08:31.878629,0 days 00:00:00.004982,0.01345,N95,3,2,1.1x60x0.1,1.4x200x0.071,0.004801714914500372,,,,,,,,,,,,,,,0,FAIL
1040,1040,,,2024-08-29 06:08:31.879626,2024-08-29 06:08:31.884612,0 days 00:00:00.004986,0.01435,N95,7,19,1.4x200x0.071,1.1x60x0.1,0.007339738543387856,,,,,,,,,,,,,,,0,FAIL
1041,1041,,,2024-08-29 06:08:31.885611,2024-08-29 06:08:31.890597,0 days 00:00:00.004986,0.01345,N95,21,18,1.4x200x0.071,1.1x60x0.1,0.010545604000498001,,,,,,,,,,,,,,,0,FAIL
1042,1042,,,2024-08-29 06:08:31.891595,2024-08-29 06:08:31.898577,0 days 00:00:00.006982,0.0149,N95,31,2,1.4x200x0.071,1.1x60x0.1,0.016781117937515484,,,,,,,,,,,,,,,0,FAIL
1043,1043,,,2024-08-29 06:08:31.899572,2024-08-29 06:08:31.906619,0 days 00:00:00.007047,0.0149,N95,20,12,1.1x60x0.1,1.1x60x0.1,0.013737600421582102,,,,,,,,,,,,,,,0,FAIL
1044,1044,,,2024-08-29 06:08:31.907616,2024-08-29 06:08:31.913657,0 days 00:00:00.006041,0.012,N95,15,12,1.4x200x0.071,1.1x60x0.1,0.005832206660863648,,,,,,,,,,,,,,,0,FAIL
1045,1045,,,2024-08-29 06:08:31.914654,2024-08-29 06:08:31.920721,0 days 00:00:00.006067,0.01435,N95,3,19,1.1x60x0.1,1.4x200x0.071,0.017305708811202507,,,,,,,,,,,,,,,0,FAIL
1046,1046,,,2024-08-29 06:08:31.921777,2024-08-29 06:08:31.928817,0 days 00:00:00.007040,0.0149,N95,3,11,1.1x60x0.1,1.1x60x0.1,0.015646174323515637,,,,,,,,,,,,,,,0,FAIL
1047,1047,,,2024-08-29 06:08:31.929814,2024-08-29 06:08:31.935864,0 days 00:00:00.006050,0.0149,N95,2,3,1.1x60x0.1,1.1x60x0.1,0.008677558709354896,,,,,,,,,,,,,,,0,FAIL
1048,1048,,,2024-08-29 06:08:31.936859,2024-08-29 06:08:31.941921,0 days 00:00:00.005062,0.0149,N95,36,12,1.4x200x0.071,1.4x200x0.071,0.016468018743803277,,,,,,,,,,,,,,,0,FAIL
1049,1049,,,2024-08-29 06:08:31.942919,2024-08-29 06:08:31.948959,0 days 00:00:00.006040,0.01435,N95,3,5,1.1x60x0.1,1.4x200x0.071,0.020509293105759115,,,,,,,,,,,,,,,0,FAIL
1050,1050,,,2024-08-29 06:08:31.949957,2024-08-29 06:08:31.955014,0 days 00:00:00.005057,0.012,N95,8,20,1.1x60x0.1,1.1x60x0.1,0.013047558959240306,,,,,,,,,,,,,,,0,FAIL
1051,1051,,,2024-08-29 06:08:31.956017,2024-08-29 06:08:31.961064,0 days 00:00:00.005047,0.01345,N95,15,21,1.4x200x0.071,1.1x60x0.1,0.00331110506697302,,,,,,,,,,,,,,,0,FAIL
1052,1052,3.937469221889937e-05,479.31969578616474,2024-08-29 06:08:31.962061,2024-08-29 06:08:32.188164,0 days 00:00:00.226103,0.0149,N95,23,7,1.4x200x0.071,1.4x200x0.071,0.014135433746411755,0.000177349236360302,0.00011389559134759016,3.7605450211454966e-05,0.21566932258363924,0.5402491090989081,0.6442322807206217,9.420120919665323e-05,0.00011233236450611108,5.0,476.87724617226456,0.6574006799126988,1.7850489339874525,0.006200000000000001,0.01105,0,COMPLETE
1053,1053,,,2024-08-29 06:08:32.189162,2024-08-29 06:08:32.191156,0 days 00:00:00.001994,0.01345,N95,38,5,1.1x60x0.1,1.1x60x0.1,0.007089659094125691,,,,,,,,,,,,,,,0,FAIL
1054,1054,,,2024-08-29 06:08:32.191156,2024-08-29 06:08:32.195206,0 days 00:00:00.004050,0.01345,N95,16,16,1.1x60x0.1,1.4x200x0.071,0.003990904948076168,,,,,,,,,,,,,,,0,FAIL
1055,1055,,,2024-08-29 06:08:32.195206,2024-08-29 06:08:32.198199,0 days 00:00:00.002993,0.0149,N95,28,3,1.1x60x0.1,1.4x200x0.071,0.012568774979946226,,,,,,,,,,,,,,,0,FAIL
1056,1056,,,2024-08-29 06:08:32.198199,2024-08-29 06:08:32.201191,0 days 00:00:00.002992,0.01345,N95,30,13,1.1x60x0.1,1.1x60x0.1,0.01139620385106407,,,,,,,,,,,,,,,0,FAIL
1057,1057,,,2024-08-29 06:08:32.202189,2024-08-29 06:08:32.208172,0 days 00:00:00.005983,0.0149,N95,19,21,1.1x60x0.1,1.1x60x0.1,0.014167504655711764,,,,,,,,,,,,,,,0,FAIL
1058,1058,,,2024-08-29 06:08:32.208172,2024-08-29 06:08:32.214156,0 days 00:00:00.005984,0.01345,N95,3,1,1.4x200x0.071,1.1x60x0.1,0.010999364562975358,,,,,,,,,,,,,,,0,FAIL
1059,1059,,,2024-08-29 06:08:32.215153,2024-08-29 06:08:32.219144,0 days 00:00:00.003991,0.012,N95,28,25,1.4x200x0.071,1.4x200x0.071,0.013918348763067287,,,,,,,,,,,,,,,0,FAIL
1060,1060,,,2024-08-29 06:08:32.220143,2024-08-29 06:08:32.224130,0 days 00:00:00.003987,0.01345,N95,36,0,1.1x60x0.1,1.4x200x0.071,0.007581324693685015,,,,,,,,,,,,,,,0,FAIL
1061,1061,,,2024-08-29 06:08:32.225128,2024-08-29 06:08:32.229116,0 days 00:00:00.003988,0.0149,N95,2,5,1.4x200x0.071,1.1x60x0.1,0.018548978742595177,,,,,,,,,,,,,,,0,FAIL
1062,1062,,,2024-08-29 06:08:32.230114,2024-08-29 06:08:32.235100,0 days 00:00:00.004986,0.012,N95,12,19,1.4x200x0.071,1.1x60x0.1,0.011215315352941894,,,,,,,,,,,,,,,0,FAIL
1063,1063,,,2024-08-29 06:08:32.235100,2024-08-29 06:08:32.240087,0 days 00:00:00.004987,0.01435,N95,30,18,1.4x200x0.071,1.1x60x0.1,0.012536579304909975,,,,,,,,,,,,,,,0,FAIL
1064,1064,,,2024-08-29 06:08:32.240087,2024-08-29 06:08:32.244076,0 days 00:00:00.003989,0.01345,N95,5,9,1.4x200x0.071,1.4x200x0.071,0.0031236939394869447,,,,,,,,,,,,,,,0,FAIL
1065,1065,,,2024-08-29 06:08:32.245073,2024-08-29 06:08:32.249062,0 days 00:00:00.003989,0.012,N95,17,7,1.4x200x0.071,1.1x60x0.1,0.006954361494958787,,,,,,,,,,,,,,,0,FAIL
