,number,values_0,values_1,datetime_start,datetime_complete,duration,params_core_inner_diameter,params_material,params_n_p_bot,params_n_p_top,params_primary_litz_wire,params_secondary_litz_wire,params_window_h_bot,user_attrs_air_gap_bot,user_attrs_air_gap_top,user_attrs_flux_bot_max,user_attrs_flux_density_bot_max,user_attrs_flux_density_mid_max,user_attrs_flux_density_top_max,user_attrs_flux_mid_max,user_attrs_flux_top_max,user_attrs_n_s_bot,user_attrs_p_hyst,user_attrs_primary_litz_wire_loss,user_attrs_secondary_litz_wire_loss,user_attrs_window_h_top,user_attrs_window_w,system_attrs_nsga2:generation,state
5307,5307,3.462312225697805e-05,15266.63569466033,2024-08-29 15:58:37.094153,2024-08-29 15:58:37.450201,0 days 00:00:00.356048,0.01435,N95,23,22,1.1x60x0.1,1.1x60x0.1,0.014280025378456455,0.00022037796023312864,0.0016223126231755265,0.0004389327640551628,2.7139654611562216,2.688238429064407,0.025643472073384264,0.00043477190148391055,4.147348313101478e-06,5.0,15262.531022036792,1.460628954657197,2.644043668881184,0.0108,0.008825,27,COMPLETE
5308,5308,3.7246823192376355e-05,31211.477099107608,2024-08-29 15:58:37.454190,2024-08-29 15:58:37.762877,0 days 00:00:00.308687,0.01435,N95,18,15,1.1x60x0.1,1.1x60x0.1,0.019596131299364286,0.0001083115051236073,0.0005246583744754121,0.000548665955068954,3.3924568264452803,3.4451893614158253,0.052763993072452026,0.0005571944487662894,8.53358145243754e-06,4.0,31208.29073627242,1.0711279000819447,2.1152349351049478,0.0082,0.008825,27,COMPLETE
5309,5309,,,2024-08-29 15:58:37.765869,2024-08-29 15:58:37.785821,0 days 00:00:00.019952,0.01435,N95,26,23,1.1x60x0.1,1.4x200x0.071,0.016738976395218097,,,,,,,,,,,,,,,27,FAIL
5310,5310,3.270811521048024e-05,14406.877282441385,2024-08-29 15:58:37.790804,2024-08-29 15:58:38.144499,0 days 00:00:00.353695,0.01435,N95,23,21,1.1x60x0.1,1.1x60x0.1,0.012297573069430887,0.00021744424116746313,0.0014156377304357555,0.00043893276405516273,2.7139654611562216,2.6870133322981298,0.026864589791164042,0.0004345737651709938,4.344841089915765e-06,5.0,14402.80506823906,1.4281705334425925,2.644043668881184,0.0108,0.008825,27,COMPLETE
5311,5311,3.9706996708066825e-05,14514.850755351516,2024-08-29 15:58:38.147491,2024-08-29 15:58:38.487919,0 days 00:00:00.340428,0.01435,N95,26,12,1.1x60x0.1,1.1x60x0.1,0.023442950474627147,0.00021228995831240637,0.00029565163374893665,0.0003657773033793026,2.261637884296853,2.5160233767014395,0.254385492404586,0.00040691936244924715,4.114205906994455e-05,6.0,14510.444482942705,1.2334200061549663,3.172852402657422,0.006900000000000001,0.008825,27,COMPLETE
5312,5312,,,2024-08-29 15:58:38.492905,2024-08-29 15:58:38.513889,0 days 00:00:00.020984,0.01435,N95,37,15,1.1x60x0.1,1.1x60x0.1,0.019595860448428516,,,,,,,,,,,,,,,27,FAIL
5313,5313,,,2024-08-29 15:58:38.517878,2024-08-29 15:58:38.534900,0 days 00:00:00.017022,0.01435,N95,27,23,1.4x200x0.071,1.1x60x0.1,0.012766477987790386,,,,,,,,,,,,,,,27,FAIL
5314,5314,,,2024-08-29 15:58:38.537889,2024-08-29 15:58:38.555875,0 days 00:00:00.017986,0.012,N95,23,5,1.1x60x0.1,1.1x60x0.1,0.010372989905619048,,,,,,,,,,,,,,,27,FAIL
5315,5315,3.2882184722963117e-05,16406.443574609795,2024-08-29 15:58:38.559866,2024-08-29 15:58:38.842631,0 days 00:00:00.282765,0.01435,N95,22,15,1.1x60x0.1,1.1x60x0.1,0.015077773193280944,0.00015933362633286115,0.0005164216285503456,0.0004389327640551628,2.7139654611562216,2.8571635114986416,0.1431980503424198,0.0004620923498876704,2.3159585832507633e-05,5.0,16402.59856935597,1.2009615849403619,2.644043668881184,0.0082,0.008825,27,COMPLETE
5316,5316,3.653870755711337e-05,30657.993420519575,2024-08-29 15:58:38.846633,2024-08-29 15:58:39.193762,0 days 00:00:00.347129,0.01435,N95,18,15,1.1x60x0.1,1.1x60x0.1,0.01886307630682443,0.00010881296123139244,0.0005246583744754121,0.000548665955068954,3.3924568264452803,3.4451893614158253,0.052763993072452026,0.0005571944487662894,8.53358145243754e-06,4.0,30654.80705768439,1.0711279000819447,2.1152349351049478,0.0082,0.008825,27,COMPLETE
5317,5317,,,2024-08-29 15:58:39.196750,2024-08-29 15:58:39.214702,0 days 00:00:00.017952,0.01435,N95,31,16,1.1x60x0.1,1.1x60x0.1,0.007520156411340765,,,,,,,,,,,,,,,27,FAIL
5318,5318,,,2024-08-29 15:58:39.217694,2024-08-29 15:58:39.234648,0 days 00:00:00.016954,0.01435,N95,24,21,1.1x60x0.1,1.1x60x0.1,0.010104282005976857,,,,,,,,,,,,,,,27,FAIL
5319,5319,3.926074049168908e-05,17892.30460858375,2024-08-29 15:58:39.237645,2024-08-29 15:58:39.581809,0 days 00:00:00.344164,0.01435,N95,23,20,1.1x60x0.1,1.1x60x0.1,0.020380977413904995,0.00020930578951569332,0.0011957098788199375,0.0004389327640551628,2.7139654611562216,2.685665725855225,0.02820781928072262,0.0004343558152267853,4.5620831444116146e-06,5.0,17888.264852802637,1.395712112227988,2.644043668881184,0.009500000000000001,0.008825,27,COMPLETE
5320,5320,,,2024-08-29 15:58:39.584805,2024-08-29 15:58:39.599763,0 days 00:00:00.014958,0.01435,N95,18,20,1.1x60x0.1,1.4x200x0.071,0.007458517074321784,,,,,,,,,,,,,,,27,FAIL
5321,5321,,,2024-08-29 15:58:39.602753,2024-08-29 15:58:39.623698,0 days 00:00:00.020945,0.01435,N95,26,5,1.1x60x0.1,1.1x60x0.1,0.018883111442872077,,,,,,,,,,,,,,,27,FAIL
5322,5322,,,2024-08-29 15:58:39.626689,2024-08-29 15:58:39.644642,0 days 00:00:00.017953,0.01435,N95,23,22,1.1x60x0.1,1.1x60x0.1,0.01093285436367302,,,,,,,,,,,,,,,27,FAIL
5323,5323,,,2024-08-29 15:58:39.649634,2024-08-29 15:58:39.669576,0 days 00:00:00.019942,0.0149,N95,31,16,1.1x60x0.1,1.1x60x0.1,0.010383343962862899,,,,,,,,,,,,,,,27,FAIL
5324,5324,,,2024-08-29 15:58:39.672567,2024-08-29 15:58:39.687528,0 days 00:00:00.014961,0.01435,N95,23,12,1.4x200x0.071,1.1x60x0.1,0.006998550184495829,,,,,,,,,,,,,,,27,FAIL
5325,5325,,,2024-08-29 15:58:39.690518,2024-08-29 15:58:39.705479,0 days 00:00:00.014961,0.01435,N95,22,20,1.1x60x0.1,1.1x60x0.1,0.006576765109816066,,,,,,,,,,,,,,,27,FAIL
5326,5326,4.076356086089078e-05,9277.640985667598,2024-08-29 15:58:39.710469,2024-08-29 15:58:40.037590,0 days 00:00:00.327121,0.01435,N95,31,23,1.1x60x0.1,1.1x60x0.1,0.020636726107583745,0.00036053883863478703,0.0018059278049162423,0.0003135234028965449,1.9385467579687303,2.0150798624705804,0.07653310450184993,0.00032590119015342775,1.2377787256882828e-05,7.0,9272.186569785576,1.7527547455886363,3.7016611364336582,0.0108,0.008825,27,COMPLETE
5327,5327,4.090445180812989e-05,7740.194831359145,2024-08-29 15:58:40.040582,2024-08-29 15:58:40.538769,0 days 00:00:00.498187,0.01435,N95,34,16,1.1x60x0.1,1.1x60x0.1,0.02338257913939675,0.00039563441310781544,0.0005789481717213678,0.000274332977534477,1.6962284132226402,1.9576937164103565,0.26146530318771655,0.00031662006256753865,4.228708503306168e-05,8.0,7734.341440428205,1.622921060730219,4.2304698702098955,0.0082,0.008825,27,COMPLETE
5328,5328,,,2024-08-29 15:58:40.542758,2024-08-29 15:58:40.569687,0 days 00:00:00.026929,0.01435,N95,23,23,1.1x60x0.1,1.1x60x0.1,0.008571030265764754,,,,,,,,,,,,,,,27,FAIL
5329,5329,,,2024-08-29 15:58:40.572679,2024-08-29 15:58:40.595619,0 days 00:00:00.022940,0.01435,N95,34,23,1.1x60x0.1,1.1x60x0.1,0.01691393597844156,,,,,,,,,,,,,,,27,FAIL
5330,5330,3.4134528124768055e-05,28760.78191246579,2024-08-29 15:58:40.599607,2024-08-29 15:58:40.917780,0 days 00:00:00.318173,0.01435,N95,18,16,1.1x60x0.1,1.1x60x0.1,0.016374223288930227,0.00011266050501338182,0.0006157428614636193,0.000548665955068954,3.3924568264452803,3.4418935779801663,0.049466243505423696,0.000556661417910206,8.000232611660182e-06,4.0,28757.56309120939,1.1035863212965487,2.1152349351049478,0.0082,0.008825,27,COMPLETE
5331,5331,3.432307160651399e-05,18811.631671998275,2024-08-29 15:58:40.921770,2024-08-29 15:58:41.245524,0 days 00:00:00.323754,0.01435,N95,22,8,1.1x60x0.1,1.1x60x0.1,0.019169407145523606,0.00014373329989274166,0.00012280677585696146,0.0004389327640551628,2.7139654611562216,2.982461805548259,0.2684963443920372,0.0004823569874911146,4.342422343595182e-05,5.0,18808.013875692955,0.9737526364381314,2.644043668881184,0.005600000000000001,0.008825,27,COMPLETE
5332,5332,,,2024-08-29 15:58:41.249513,2024-08-29 15:58:41.272451,0 days 00:00:00.022938,0.01435,N95,31,16,1.1x60x0.1,1.1x60x0.1,0.014984003130652871,,,,,,,,,,,,,,,27,FAIL
5333,5333,,,2024-08-29 15:58:41.275443,2024-08-29 15:58:41.299379,0 days 00:00:00.023936,0.01435,N95,23,23,1.1x60x0.1,1.4x200x0.071,0.006762998612601041,,,,,,,,,,,,,,,27,FAIL
5334,5334,,,2024-08-29 15:58:41.303370,2024-08-29 15:58:41.328303,0 days 00:00:00.024933,0.01435,N95,34,0,1.1x60x0.1,1.1x60x0.1,0.009223667512934465,,,,,,,,,,,,,,,27,FAIL
5335,5335,,,2024-08-29 15:58:41.332291,2024-08-29 15:58:41.350243,0 days 00:00:00.017952,0.01435,N95,34,23,1.1x60x0.1,1.1x60x0.1,0.006942673300680008,,,,,,,,,,,,,,,27,FAIL
5336,5336,,,2024-08-29 15:58:41.352237,2024-08-29 15:58:41.366200,0 days 00:00:00.013963,0.01435,N95,18,23,1.4x200x0.071,1.1x60x0.1,0.021234487208098653,,,,,,,,,,,,,,,27,FAIL
5337,5337,,,2024-08-29 15:58:41.369192,2024-08-29 15:58:41.385150,0 days 00:00:00.015958,0.01435,N95,22,8,1.1x60x0.1,1.1x60x0.1,0.010483426440209616,,,,,,,,,,,,,,,27,FAIL
5338,5338,,,2024-08-29 15:58:41.387145,2024-08-29 15:58:41.399112,0 days 00:00:00.011967,0.01435,N95,23,20,1.1x60x0.1,1.1x60x0.1,0.01169661645267719,,,,,,,,,,,,,,,27,FAIL
5339,5339,,,2024-08-29 15:58:41.402104,2024-08-29 15:58:41.418061,0 days 00:00:00.015957,0.01435,N95,39,9,1.4x200x0.071,1.1x60x0.1,0.019307104287443422,,,,,,,,,,,,,,,27,FAIL
5340,5340,4.67466723640868e-05,5313.167066233357,2024-08-29 15:58:41.421053,2024-08-29 15:58:41.749729,0 days 00:00:00.328676,0.0149,N95,39,22,1.1x60x0.1,1.1x60x0.1,0.018035017434669596,0.0006181581080589562,0.0015472468857326655,0.0002438515355862015,1.3985019510506083,1.5272030248589545,0.1287010738083462,0.0002662926587152622,2.244112312906067e-05,9.0,5305.443079237877,2.2692779318891123,5.454709063590586,0.0082,0.01105,27,COMPLETE
5341,5341,4.131230423811436e-05,34389.18796159285,2024-08-29 15:58:41.752720,2024-08-29 15:58:42.268961,0 days 00:00:00.516241,0.01435,N95,18,15,1.1x60x0.1,1.1x60x0.1,0.023804795858151442,0.0001053975550148562,0.0005246583744754121,0.000548665955068954,3.3924568264452803,3.4451893614158253,0.052763993072452026,0.0005571944487662894,8.53358145243754e-06,4.0,34386.00159875766,1.0711279000819447,2.1152349351049478,0.0082,0.008825,27,COMPLETE
5342,5342,,,2024-08-29 15:58:42.271951,2024-08-29 15:58:42.291900,0 days 00:00:00.019949,0.01435,N95,22,21,1.1x60x0.1,1.1x60x0.1,0.00812309959988335,,,,,,,,,,,,,,,27,FAIL
5343,5343,3.727329505019756e-05,6852.3744867539435,2024-08-29 15:58:42.295887,2024-08-29 15:58:42.651279,0 days 00:00:00.355392,0.01435,N95,34,18,1.1x60x0.1,1.1x60x0.1,0.018323535478245934,0.0003982884550439936,0.0008020568736040902,0.000274332977534477,1.6962284132226402,1.9286420160561661,0.23241360283352583,0.00031192149756386516,3.7588520029388156e-05,8.0,6846.456178980574,1.6878379031594277,4.2304698702098955,0.009500000000000001,0.008825,27,COMPLETE
5344,5344,,,2024-08-29 15:58:42.654808,2024-08-29 15:58:42.683706,0 days 00:00:00.028898,0.01435,N95,7,23,1.1x60x0.1,1.1x60x0.1,0.012998119408357508,,,,,,,,,,,,,,,27,FAIL
5345,5345,,,2024-08-29 15:58:42.686698,2024-08-29 15:58:42.706645,0 days 00:00:00.019947,0.01435,N95,27,13,1.1x60x0.1,1.1x60x0.1,0.0071611200426300765,,,,,,,,,,,,,,,27,FAIL
5346,5346,4.1719218869832846e-05,5496.768052953354,2024-08-29 15:58:42.710633,2024-08-29 15:58:43.081611,0 days 00:00:00.370978,0.01435,N95,39,23,1.1x60x0.1,1.1x60x0.1,0.021626041750014806,0.0005747694676674305,0.0017604151359143965,0.0002438515355862015,1.507758589531234,1.6404814551336266,0.13272286560239277,0.0002653169577096508,2.1465422123449336e-05,9.0,5489.996352234062,2.0124221153054713,4.759278603986133,0.0108,0.008825,27,COMPLETE
5347,5347,3.7024809548070415e-05,13116.00634044823,2024-08-29 15:58:43.084603,2024-08-29 15:58:43.517447,0 days 00:00:00.432844,0.01435,N95,26,15,1.1x60x0.1,1.1x60x0.1,0.019366298483555897,0.0002194192491017652,0.0005082272858830169,0.0003657773033793026,2.261637884296853,2.4651462782205225,0.20350839392366918,0.0003986909506352583,3.2913647255955696e-05,6.0,13111.502692775774,1.3307952697987795,3.172852402657422,0.0082,0.008825,27,COMPLETE
5348,5348,3.785660340891801e-05,6878.190252288903,2024-08-29 15:58:43.520437,2024-08-29 15:58:43.900514,0 days 00:00:00.380077,0.01435,N95,34,20,1.1x60x0.1,1.1x60x0.1,0.018927387565753427,0.00039995977227770866,0.0010730830546236063,0.000274332977534477,1.6962284132226402,1.9054006557728127,0.2091722425501727,0.00030816264556092623,3.382966802644925e-05,8.0,6872.207027673105,1.7527547455886363,4.2304698702098955,0.009500000000000001,0.008825,27,COMPLETE
5349,5349,,,2024-08-29 15:58:43.903504,2024-08-29 15:58:43.921458,0 days 00:00:00.017954,0.01435,N95,11,16,1.1x60x0.1,1.1x60x0.1,0.013112317977641149,,,,,,,,,,,,,,,27,FAIL
5350,5350,,,2024-08-29 15:58:43.925467,2024-08-29 15:58:43.956367,0 days 00:00:00.030900,0.01345,N95,34,14,1.1x60x0.1,1.4x200x0.071,0.007548384921780697,,,,,,,,,,,,,,,27,FAIL
5351,5351,,,2024-08-29 15:58:43.963353,2024-08-29 15:58:43.997291,0 days 00:00:00.033938,0.01435,N95,0,17,1.1x60x0.1,1.1x60x0.1,0.008789735763951045,,,,,,,,,,,,,,,27,FAIL
5352,5352,3.530999980778335e-05,25469.56307800698,2024-08-29 15:58:44.004278,2024-08-29 15:58:44.616822,0 days 00:00:00.612544,0.0149,N95,18,16,1.1x60x0.1,1.1x60x0.1,0.01018257731243722,0.00012631080927423758,0.0006558811847553832,0.000548665955068954,3.1466293898638718,3.192483808439353,0.045881773470769834,0.000556661417910206,8.000232611660182e-06,4.0,25465.87391943016,1.2648434374463906,2.4243151393735944,0.006900000000000001,0.01105,27,COMPLETE
5353,5353,,,2024-08-29 15:58:44.620812,2024-08-29 15:58:44.690625,0 days 00:00:00.069813,0.01435,N95,23,12,1.1x60x0.1,1.1x60x0.1,0.010426927493575367,,,,,,,,,,,,,,,27,FAIL
5354,5354,,,2024-08-29 15:58:44.693624,2024-08-29 15:58:44.725531,0 days 00:00:00.031907,0.01435,N95,31,23,1.4x200x0.071,1.1x60x0.1,0.013191700546566966,,,,,,,,,,,,,,,27,FAIL
5355,5355,,,2024-08-29 15:58:44.731515,2024-08-29 15:58:45.153198,0 days 00:00:00.421683,0.01435,N95,23,16,1.1x60x0.1,1.1x60x0.1,0.01198739914539652,,,,,,,,,,,,,,,27,FAIL
5356,5356,,,2024-08-29 15:58:45.171151,2024-08-29 15:58:45.461196,0 days 00:00:00.290045,0.01435,N95,0,16,1.4x200x0.071,1.1x60x0.1,0.017221334123817024,,,,,,,,,,,,,,,27,FAIL
5357,5357,4.229525713728074e-05,9643.666248960155,2024-08-29 15:58:45.468178,2024-08-29 15:58:45.896083,0 days 00:00:00.427905,0.01435,N95,31,21,1.1x60x0.1,1.1x60x0.1,0.02222236769851594,0.00035322870234033105,0.0013785224971616305,0.0003135234028965449,1.9385467579687303,2.022368729565995,0.08382197159726462,0.0003270800270350357,1.3556624138490785e-05,7.0,9638.276749920562,1.6878379031594277,3.7016611364336582,0.0108,0.008825,27,COMPLETE
5358,5358,,,2024-08-29 15:58:45.899074,2024-08-29 15:58:45.915033,0 days 00:00:00.015959,0.01345,N95,26,23,1.4x200x0.071,1.1x60x0.1,0.01040862777007761,,,,,,,,,,,,,,,27,FAIL
5359,5359,4.1264504569734874e-05,14446.903868582882,2024-08-29 15:58:45.918024,2024-08-29 15:58:46.311142,0 days 00:00:00.393118,0.01435,N95,26,16,1.1x60x0.1,1.1x60x0.1,0.02375531271754218,0.00021836168723004802,0.0005972485394463697,0.0003657773033793026,2.261637884296853,2.452427003600293,0.19078911930343986,0.00039663384768176107,3.085654430245846e-05,6.0,14442.367762489212,1.363253691013384,3.172852402657422,0.0082,0.008825,27,COMPLETE
5360,5360,4.2364612233996196e-05,9659.165306939658,2024-08-29 15:58:46.315132,2024-08-29 15:58:46.684671,0 days 00:00:00.369539,0.01435,N95,31,21,1.1x60x0.1,1.1x60x0.1,0.022294165435175803,0.0003532034999624217,0.0013785224971616305,0.0003135234028965449,1.9385467579687303,2.022368729565995,0.08382197159726462,0.0003270800270350357,1.3556624138490785e-05,7.0,9653.775807900065,1.6878379031594277,3.7016611364336582,0.0108,0.008825,27,COMPLETE
5361,5361,,,2024-08-29 15:58:46.689658,2024-08-29 15:58:46.711599,0 days 00:00:00.021941,0.012,N95,26,23,1.1x60x0.1,1.1x60x0.1,0.015486343722903778,,,,,,,,,,,,,,,27,FAIL
5362,5362,,,2024-08-29 15:58:46.714590,2024-08-29 15:58:46.735550,0 days 00:00:00.020960,0.012,N95,18,20,1.1x60x0.1,1.1x60x0.1,0.009154931813820367,,,,,,,,,,,,,,,27,FAIL
5363,5363,3.085056750516875e-05,26232.406682396526,2024-08-29 15:58:46.737529,2024-08-29 15:58:47.288771,0 days 00:00:00.551242,0.01435,N95,18,14,1.1x60x0.1,1.1x60x0.1,0.012974603781012593,0.00011058956128211166,0.0004436730499310024,0.000548665955068954,3.3924568264452803,3.448955971056579,0.0565328497204842,0.0005578036268875277,9.14312298475449e-06,4.0,26229.252777982554,1.03866947886734,2.1152349351049478,0.0082,0.008825,27,COMPLETE
5364,5364,,,2024-08-29 15:58:47.297747,2024-08-29 15:58:47.337763,0 days 00:00:00.040016,0.01435,N95,34,20,1.1x60x0.1,1.4x200x0.071,0.017548604595050452,,,,,,,,,,,,,,,27,FAIL
5365,5365,4.081746039858926e-05,6732.262516500546,2024-08-29 15:58:47.342750,2024-08-29 15:58:47.719981,0 days 00:00:00.377231,0.0149,N95,34,15,1.1x60x0.1,1.1x60x0.1,0.014590039625863641,0.000428717353330036,0.0005263000815389215,0.000274332977534477,1.5733146949319359,1.832001367403374,0.2586866724714382,0.0003194392015697427,4.5106224035265726e-05,8.0,6725.591023620773,1.8228626010256805,4.848630278747189,0.006900000000000001,0.01105,27,COMPLETE
5366,5366,,,2024-08-29 15:58:47.723970,2024-08-29 15:58:47.743920,0 days 00:00:00.019950,0.01435,N95,23,23,1.1x60x0.1,1.1x60x0.1,0.008467824733949927,,,,,,,,,,,,,,,27,FAIL
5367,5367,,,2024-08-29 15:58:47.747906,2024-08-29 15:58:47.773837,0 days 00:00:00.025931,0.01435,N95,39,23,1.1x60x0.1,1.1x60x0.1,0.017429955282165184,,,,,,,,,,,,,,,27,FAIL
5368,5368,,,2024-08-29 15:58:47.777826,2024-08-29 15:58:47.799768,0 days 00:00:00.021942,0.01435,N95,31,21,1.1x60x0.1,1.1x60x0.1,0.011865984896143458,,,,,,,,,,,,,,,27,FAIL
5369,5369,,,2024-08-29 15:58:47.802759,2024-08-29 15:58:47.829690,0 days 00:00:00.026931,0.01435,N95,25,15,1.1x60x0.1,1.1x60x0.1,0.015115394285596738,,,,,,,,,,,,,,,27,FAIL
5370,5370,,,2024-08-29 15:58:47.832697,2024-08-29 15:58:47.851630,0 days 00:00:00.018933,0.01435,N95,37,21,1.1x60x0.1,1.1x60x0.1,0.009549474475205497,,,,,,,,,,,,,,,27,FAIL
5371,5371,4.284002346222414e-05,4946.965094329143,2024-08-29 15:58:47.855620,2024-08-29 15:58:48.569712,0 days 00:00:00.714092,0.0149,N95,39,23,1.1x60x0.1,1.1x60x0.1,0.014908638675738013,0.0006175914569956565,0.0017492273494246924,0.0002438515355862015,1.3985019510506083,1.5216073259977219,0.12310537494711374,0.0002653169577096508,2.1465422123449336e-05,9.0,4939.203906056091,2.3064792094610653,5.454709063590586,0.0082,0.01105,27,COMPLETE
5372,5372,3.631542989606811e-05,31535.61392826725,2024-08-29 15:58:48.576690,2024-08-29 15:58:49.339228,0 days 00:00:00.762538,0.01435,N95,18,12,1.1x60x0.1,1.1x60x0.1,0.01993193495645578,0.00010160282448393247,0.000306709972857329,0.000548665955068954,3.3924568264452803,3.4583724951584625,0.06595499134056497,0.0005593265721906234,1.0666976815546916e-05,4.0,31532.52494069571,0.9737526364381314,2.1152349351049478,0.006900000000000001,0.008825,28,COMPLETE
5373,5373,,,2024-08-29 15:58:49.346211,2024-08-29 15:58:49.368152,0 days 00:00:00.021941,0.01345,N95,37,21,1.1x60x0.1,1.1x60x0.1,0.011311797757745018,,,,,,,,,,,,,,,28,FAIL
5374,5374,,,2024-08-29 15:58:49.372141,2024-08-29 15:58:49.399069,0 days 00:00:00.026928,0.01435,N95,34,23,1.1x60x0.1,1.1x60x0.1,0.01575331652278266,,,,,,,,,,,,,,,28,FAIL
5375,5375,4.2702603985567234e-05,33417.58452195644,2024-08-29 15:58:49.403057,2024-08-29 15:58:49.803985,0 days 00:00:00.400928,0.01435,N95,18,22,1.1x60x0.1,1.4x200x0.071,0.022644061029324668,0.00012146668830805158,0.0015399158838902958,0.000548665955068954,3.3924568264452803,3.428410827561561,0.03597544982212641,0.0005544808371353191,5.818350990298327e-06,4.0,33415.091549491146,1.2983368485841749,1.1946356167132055,0.0108,0.008825,28,COMPLETE
5376,5376,,,2024-08-29 15:58:49.808974,2024-08-29 15:58:49.833911,0 days 00:00:00.024937,0.01435,N95,2,23,1.1x60x0.1,1.1x60x0.1,0.0229179766795368,,,,,,,,,,,,,,,28,FAIL
5377,5377,,,2024-08-29 15:58:49.836897,2024-08-29 15:58:49.854851,0 days 00:00:00.017954,0.01435,N95,22,16,1.4x200x0.071,1.1x60x0.1,0.015923858883594967,,,,,,,,,,,,,,,28,FAIL
5378,5378,3.7172375688168674e-05,20085.163154550595,2024-08-29 15:58:49.862828,2024-08-29 15:58:50.239804,0 days 00:00:00.376976,0.01435,N95,22,8,1.1x60x0.1,1.1x60x0.1,0.022119061804039122,0.00014175702758802627,0.00012280677585696146,0.0004389327640551628,2.7139654611562216,2.982461805548259,0.2684963443920372,0.0004823569874911146,4.342422343595182e-05,5.0,20081.545358245276,0.9737526364381314,2.644043668881184,0.005600000000000001,0.008825,28,COMPLETE
5379,5379,,,2024-08-29 15:58:50.243821,2024-08-29 15:58:50.261746,0 days 00:00:00.017925,0.01435,N95,3,23,1.4x200x0.071,1.1x60x0.1,0.010886606508131436,,,,,,,,,,,,,,,28,FAIL
5380,5380,,,2024-08-29 15:58:50.264740,2024-08-29 15:58:50.286680,0 days 00:00:00.021940,0.01435,N95,26,19,1.1x60x0.1,1.1x60x0.1,0.011356225545427583,,,,,,,,,,,,,,,28,FAIL
5381,5381,,,2024-08-29 15:58:50.290672,2024-08-29 15:58:50.309618,0 days 00:00:00.018946,0.012,N95,31,15,1.1x60x0.1,1.1x60x0.1,0.011039113639711712,,,,,,,,,,,,,,,28,FAIL
5382,5382,,,2024-08-29 15:58:50.311613,2024-08-29 15:58:50.329565,0 days 00:00:00.017952,0.01435,N95,22,8,1.1x60x0.1,1.1x60x0.1,0.010787771476856684,,,,,,,,,,,,,,,28,FAIL
5383,5383,,,2024-08-29 15:58:50.331560,2024-08-29 15:58:50.342534,0 days 00:00:00.010974,0.01435,N95,23,3,1.1x60x0.1,1.1x60x0.1,0.018288165205107596,,,,,,,,,,,,,,,28,FAIL
5384,5384,4.3762475912393856e-05,7538.712766014501,2024-08-29 15:58:50.344525,2024-08-29 15:58:50.621709,0 days 00:00:00.277184,0.01435,N95,34,24,1.1x60x0.1,1.1x60x0.1,0.02374126093386361,0.00040254801885226835,0.001905635948696298,0.000274332977534477,1.6962284132226402,1.8705386153477843,0.17431020212514406,0.0003025243675565181,2.8191390022041066e-05,8.0,7532.599707713844,1.882588430447054,4.2304698702098955,0.0108,0.008825,28,COMPLETE
5385,5385,,,2024-08-29 15:58:50.625697,2024-08-29 15:58:50.646641,0 days 00:00:00.020944,0.0149,N95,35,16,1.4x200x0.071,1.1x60x0.1,0.013715498551529384,,,,,,,,,,,,,,,28,FAIL
