,number,values_0,values_1,datetime_start,datetime_complete,duration,params_core_inner_diameter,params_material,params_n_p_bot,params_n_p_top,params_primary_litz_wire,params_secondary_litz_wire,params_window_h_bot,user_attrs_air_gap_bot,user_attrs_air_gap_top,user_attrs_flux_bot_max,user_attrs_flux_density_bot_max,user_attrs_flux_density_mid_max,user_attrs_flux_density_top_max,user_attrs_flux_mid_max,user_attrs_flux_top_max,user_attrs_n_s_bot,user_attrs_p_hyst,user_attrs_primary_litz_wire_loss,user_attrs_secondary_litz_wire_loss,user_attrs_window_h_top,user_attrs_window_w,system_attrs_nsga2:generation,state
4346,4346,,,2024-08-29 06:12:47.926738,2024-08-29 06:12:47.932722,0 days 00:00:00.005984,0.01435,N95,23,15,1.1x60x0.1,1.4x200x0.071,0.015807524396640103,,,,,,,,,,,,,,,21,FAIL
4347,4347,,,2024-08-29 06:12:47.935714,2024-08-29 06:12:47.946685,0 days 00:00:00.010971,0.01435,N95,15,16,1.1x60x0.1,1.1x60x0.1,0.007267910655529992,,,,,,,,,,,,,,,21,FAIL
4348,4348,,,2024-08-29 06:12:47.947682,2024-08-29 06:12:47.952668,0 days 00:00:00.004986,0.01345,N95,23,9,1.4x200x0.071,1.1x60x0.1,0.0031631170893004815,,,,,,,,,,,,,,,21,FAIL
4349,4349,3.904296466700604e-05,450.768930365753,2024-08-29 06:12:47.954664,2024-08-29 06:12:48.172081,0 days 00:00:00.217417,0.01435,N95,31,7,1.1x60x0.1,1.1x60x0.1,0.02405553167088155,0.00030536682667319843,0.00010023852118291596,2.7446998889213458e-05,0.16970755682379857,0.5762005277548735,0.6945623166132172,9.318957588713836e-05,0.00011233236450611108,7.0,445.8338492231644,1.2334200061549663,3.7016611364336582,0.005600000000000001,0.008825,21,COMPLETE
4350,4350,4.119099162625453e-05,100.47954041280732,2024-08-29 06:12:48.175074,2024-08-29 06:12:48.397478,0 days 00:00:00.222404,0.01435,N95,30,16,1.1x60x0.1,1.1x60x0.1,0.02367921069754575,0.0002976845653553115,0.0005880741207878699,2.758481266046025e-05,0.1705596732431335,0.19624418128682214,0.30387101351828255,3.173879776836593e-05,4.91454094714236e-05,7.0,95.28479190050187,1.4930873758718013,3.7016611364336582,0.0082,0.008825,21,COMPLETE
4351,4351,,,2024-08-29 06:12:48.398476,2024-08-29 06:12:48.410444,0 days 00:00:00.011968,0.01435,N95,18,25,1.1x60x0.1,1.1x60x0.1,0.021365685278608736,,,,,,,,,,,,,,,21,FAIL
4352,4352,4.247263601284115e-05,116.63408535234625,2024-08-29 06:12:48.412439,2024-08-29 06:12:48.620881,0 days 00:00:00.208442,0.01435,N95,23,22,1.1x60x0.1,1.1x60x0.1,0.022405993738989355,0.00021587100852721972,0.0016223126231755265,3.7605450211454966e-05,0.2325182838533611,0.25280026455710464,0.22099710074056916,4.0885678341924596e-05,3.574211597921717e-05,5.0,112.52941272880787,1.460628954657197,2.644043668881184,0.0108,0.008825,21,COMPLETE
4353,4353,2.8065006614833227e-05,319.2052459510309,2024-08-29 06:12:48.621883,2024-08-29 06:12:48.827330,0 days 00:00:00.205447,0.01435,N95,22,8,1.1x60x0.1,1.1x60x0.1,0.012690937306220177,0.00014783671054906914,0.00012280677585696146,3.850162050919795e-05,0.23805939500878825,0.4335217088896713,0.6077420270365651,7.011396596027193e-05,9.82908189428472e-05,5.0,315.5874496457116,0.9737526364381314,2.644043668881184,0.005600000000000001,0.008825,21,COMPLETE
4354,4354,,,2024-08-29 06:12:48.829325,2024-08-29 06:12:48.839297,0 days 00:00:00.009972,0.01435,N95,39,7,1.1x60x0.1,1.1x60x0.1,0.019559554611910845,,,,,,,,,,,,,,,21,FAIL
4355,4355,,,2024-08-29 06:12:48.841291,2024-08-29 06:12:48.853260,0 days 00:00:00.011969,0.01435,N95,10,21,1.1x60x0.1,1.1x60x0.1,0.016417617346979857,,,,,,,,,,,,,,,21,FAIL
4356,4356,,,2024-08-29 06:12:48.856251,2024-08-29 06:12:48.863232,0 days 00:00:00.006981,0.01435,N95,34,15,1.1x60x0.1,1.1x60x0.1,0.014710193344574303,,,,,,,,,,,,,,,21,FAIL
4357,4357,,,2024-08-29 06:12:48.864230,2024-08-29 06:12:48.870214,0 days 00:00:00.005984,0.01435,N95,31,23,1.1x60x0.1,1.1x60x0.1,0.010300706136961178,,,,,,,,,,,,,,,21,FAIL
4358,4358,,,2024-08-29 06:12:48.871211,2024-08-29 06:12:48.881185,0 days 00:00:00.009974,0.01435,N95,18,10,1.1x60x0.1,1.4x200x0.071,0.01932968313748562,,,,,,,,,,,,,,,21,FAIL
4359,4359,,,2024-08-29 06:12:48.882182,2024-08-29 06:12:48.887169,0 days 00:00:00.004987,0.01435,N95,31,8,1.1x60x0.1,1.1x60x0.1,0.015049185243252805,,,,,,,,,,,,,,,21,FAIL
4360,4360,,,2024-08-29 06:12:48.888166,2024-08-29 06:12:48.900135,0 days 00:00:00.011969,0.01435,N95,23,19,1.4x200x0.071,1.4x200x0.071,0.018029303822176497,,,,,,,,,,,,,,,21,FAIL
4361,4361,,,2024-08-29 06:12:48.901133,2024-08-29 06:12:48.911104,0 days 00:00:00.009971,0.01435,N95,34,21,1.1x60x0.1,1.1x60x0.1,0.010199407878061758,,,,,,,,,,,,,,,21,FAIL
4362,4362,3.188965846562299e-05,95.2566413609834,2024-08-29 06:12:48.912102,2024-08-29 06:12:49.108576,0 days 00:00:00.196474,0.01435,N95,23,19,1.1x60x0.1,1.1x60x0.1,0.01275029082749493,0.00020959732106704302,0.0010396193713557691,3.7605450211454966e-05,0.2325182838533611,0.25632048503206045,0.25589137980486953,4.145500765921726e-05,4.1385607975935666e-05,5.0,91.24934400108883,1.363253691013384,2.644043668881184,0.009500000000000001,0.008825,21,COMPLETE
4363,4363,3.6952634291985697e-05,134.81468450511915,2024-08-29 06:12:49.111569,2024-08-29 06:12:49.333974,0 days 00:00:00.222405,0.01435,N95,22,18,1.1x60x0.1,1.1x60x0.1,0.017991581263407108,0.00016312038351617845,0.000838182392308154,3.850162050919795e-05,0.23805939500878825,0.2601651371028392,0.27010756757180665,4.207680767267004e-05,4.368480841904319e-05,5.0,130.8723039876538,1.2983368485841749,2.644043668881184,0.009500000000000001,0.008825,21,COMPLETE
4364,4364,,,2024-08-29 06:12:49.336966,2024-08-29 06:12:49.343947,0 days 00:00:00.006981,0.01435,N95,10,17,1.1x60x0.1,1.1x60x0.1,0.010186924418023144,,,,,,,,,,,,,,,21,FAIL
4365,4365,,,2024-08-29 06:12:49.345941,2024-08-29 06:12:49.351925,0 days 00:00:00.005984,0.01435,N95,18,14,1.4x200x0.071,1.1x60x0.1,0.012639024607729627,,,,,,,,,,,,,,,21,FAIL
4366,4366,,,2024-08-29 06:12:49.353919,2024-08-29 06:12:49.360902,0 days 00:00:00.006983,0.01435,N95,23,23,1.1x60x0.1,1.4x200x0.071,0.013514390361265657,,,,,,,,,,,,,,,21,FAIL
4367,4367,,,2024-08-29 06:12:49.361900,2024-08-29 06:12:49.373866,0 days 00:00:00.011966,0.01435,N95,39,22,1.1x60x0.1,1.1x60x0.1,0.010403594365316057,,,,,,,,,,,,,,,21,FAIL
4368,4368,,,2024-08-29 06:12:49.375861,2024-08-29 06:12:49.384838,0 days 00:00:00.008977,0.01435,N95,23,17,1.1x60x0.1,1.1x60x0.1,0.011484736958211214,,,,,,,,,,,,,,,21,FAIL
4369,4369,,,2024-08-29 06:12:49.385835,2024-08-29 06:12:49.395807,0 days 00:00:00.009972,0.01435,N95,31,19,1.1x60x0.1,1.1x60x0.1,0.007378211365950684,,,,,,,,,,,,,,,21,FAIL
4370,4370,,,2024-08-29 06:12:49.397803,2024-08-29 06:12:49.411766,0 days 00:00:00.013963,0.01435,N95,34,23,1.1x60x0.1,1.1x60x0.1,0.008702740262819664,,,,,,,,,,,,,,,21,FAIL
4371,4371,,,2024-08-29 06:12:49.412763,2024-08-29 06:12:49.418747,0 days 00:00:00.005984,0.01435,N95,34,18,1.1x60x0.1,1.1x60x0.1,0.015372595256650036,,,,,,,,,,,,,,,21,FAIL
4372,4372,3.767787691723015e-05,105.01919021695076,2024-08-29 06:12:49.419745,2024-08-29 06:12:49.613226,0 days 00:00:00.193481,0.01435,N95,23,21,1.1x60x0.1,1.1x60x0.1,0.017442366447017275,0.00021487555852886476,0.0014156377304357555,3.7605450211454966e-05,0.2325182838533611,0.2538619183511389,0.23152077220440578,4.105738083444143e-05,3.744412150203703e-05,5.0,100.94697601462698,1.4281705334425925,2.644043668881184,0.0108,0.008825,21,COMPLETE
4373,4373,,,2024-08-29 06:12:49.614224,2024-08-29 06:12:49.620208,0 days 00:00:00.005984,0.0149,N95,31,21,1.1x60x0.1,1.1x60x0.1,0.005327052852314106,,,,,,,,,,,,,,,21,FAIL
4374,4374,,,2024-08-29 06:12:49.622201,2024-08-29 06:12:49.631178,0 days 00:00:00.008977,0.01345,N95,18,14,1.1x60x0.1,1.1x60x0.1,0.011399083399030046,,,,,,,,,,,,,,,21,FAIL
4375,4375,,,2024-08-29 06:12:49.632175,2024-08-29 06:12:49.641152,0 days 00:00:00.008977,0.0149,N95,9,21,1.1x60x0.1,1.1x60x0.1,0.0056467801591172356,,,,,,,,,,,,,,,21,FAIL
4376,4376,,,2024-08-29 06:12:49.642150,2024-08-29 06:12:49.652123,0 days 00:00:00.009973,0.01435,N95,35,15,1.4x200x0.071,1.1x60x0.1,0.0179002088821296,,,,,,,,,,,,,,,21,FAIL
4377,4377,4.287273447345481e-05,203.66128380003917,2024-08-29 06:12:49.654117,2024-08-29 06:12:49.870537,0 days 00:00:00.216420,0.01435,N95,18,21,1.1x60x0.1,1.1x60x0.1,0.022820183398777664,0.0001191536095949851,0.0013418720270640101,4.7697476639721074e-05,0.2949182990774419,0.31398315818524236,0.23152077220440578,5.078085829076981e-05,3.744412150203703e-05,4.0,200.28017043756466,1.2658784273695707,2.1152349351049478,0.0108,0.008825,21,COMPLETE
4378,4378,,,2024-08-29 06:12:49.873529,2024-08-29 06:12:49.884500,0 days 00:00:00.010971,0.01435,N95,26,23,1.1x60x0.1,1.1x60x0.1,0.008158599249003713,,,,,,,,,,,,,,,21,FAIL
4379,4379,4.327814897921141e-05,123.9055213731405,2024-08-29 06:12:49.886495,2024-08-29 06:12:50.077984,0 days 00:00:00.191489,0.01435,N95,23,20,1.1x60x0.1,1.1x60x0.1,0.024539876331249877,0.00020672581721416344,0.0011957098788199375,3.7605450211454966e-05,0.2325182838533611,0.25502973752457664,0.24309681081462603,4.124625357620995e-05,3.931632757713888e-05,5.0,119.86576559203134,1.395712112227988,2.644043668881184,0.009500000000000001,0.008825,21,COMPLETE
4380,4380,3.0574788102208374e-05,157.91270511679036,2024-08-29 06:12:50.079978,2024-08-29 06:12:50.284431,0 days 00:00:00.204453,0.01435,N95,22,12,1.1x60x0.1,1.1x60x0.1,0.013989111612625883,0.00015443052096990957,0.00030116888011185903,3.850162050919795e-05,0.23805939500878825,0.27378969412627924,0.40516135135771003,4.4280322993302734e-05,6.552721262856479e-05,5.0,154.16507512661263,1.1035863212965487,2.644043668881184,0.006900000000000001,0.008825,21,COMPLETE
4381,4381,,,2024-08-29 06:12:50.286431,2024-08-29 06:12:50.296399,0 days 00:00:00.009968,0.01435,N95,35,1,1.1x60x0.1,1.1x60x0.1,0.009977151124632447,,,,,,,,,,,,,,,21,FAIL
4382,4382,4.138299647876837e-05,76.23224355125303,2024-08-29 06:12:50.299391,2024-08-29 06:12:50.527780,0 days 00:00:00.228389,0.01435,N95,31,21,1.1x60x0.1,1.1x60x0.1,0.02127797783206168,0.00035354724950498824,0.0013785224971616305,2.7446998889213458e-05,0.16970755682379857,0.18971446107326884,0.23152077220440578,3.068273858748719e-05,3.744412150203703e-05,7.0,70.84274451165994,1.6878379031594277,3.7016611364336582,0.0108,0.008825,21,COMPLETE
4383,4383,3.863653959445043e-05,106.3699829979019,2024-08-29 06:12:50.528778,2024-08-29 06:12:50.749188,0 days 00:00:00.220410,0.01435,N95,23,22,1.1x60x0.1,1.1x60x0.1,0.018434792580126105,0.0002182032925870262,0.0016223126231755265,3.7605450211454966e-05,0.2325182838533611,0.25280026455710464,0.22099710074056916,4.0885678341924596e-05,3.574211597921717e-05,5.0,102.26531037436352,1.460628954657197,2.644043668881184,0.0108,0.008825,21,COMPLETE
4384,4384,3.7619953025845917e-05,240.53344426321226,2024-08-29 06:12:50.750185,2024-08-29 06:12:50.979572,0 days 00:00:00.229387,0.01435,N95,31,9,1.1x60x0.1,1.1x60x0.1,0.021282402515066003,0.00031328001573516077,0.00016918773083903862,2.7446998889213458e-05,0.16970755682379857,0.4220095935826906,0.5402151351436133,6.82520982747259e-05,8.736961683808638e-05,7.0,235.53344627819442,1.2983368485841749,3.7016611364336582,0.006900000000000001,0.008825,21,COMPLETE
4385,4385,4.0832569089372657e-05,122.11884741066947,2024-08-29 06:12:50.981566,2024-08-29 06:12:51.185022,0 days 00:00:00.203456,0.01435,N95,26,16,1.1x60x0.1,1.1x60x0.1,0.023308164759543726,0.00021863817073296764,0.0005972485394463697,3.217217402876327e-05,0.19892379032656934,0.2244089543769162,0.30387101351828255,3.629391900272192e-05,4.91454094714236e-05,6.0,117.58274131699866,1.363253691013384,3.172852402657422,0.0082,0.008825,21,COMPLETE
4386,4386,3.340110575643357e-05,194.5841903126609,2024-08-29 06:12:51.187016,2024-08-29 06:12:51.382493,0 days 00:00:00.195477,0.01435,N95,26,10,1.1x60x0.1,1.1x60x0.1,0.016914970277169906,0.0002130297226202188,0.00019536795835135688,3.217217402876327e-05,0.19892379032656934,0.32378495500274523,0.48619362162925206,5.2366114194498495e-05,7.863265515427775e-05,6.0,190.24283474627774,1.168503163725758,3.172852402657422,0.006900000000000001,0.008825,21,COMPLETE
4387,4387,,,2024-08-29 06:12:51.384488,2024-08-29 06:12:51.396457,0 days 00:00:00.011969,0.01435,N95,23,18,1.1x60x0.1,1.4x200x0.071,0.014585956562162238,,,,,,,,,,,,,,,21,FAIL
4388,4388,,,2024-08-29 06:12:51.398451,2024-08-29 06:12:51.406429,0 days 00:00:00.007978,0.01435,N95,23,24,1.1x60x0.1,1.1x60x0.1,0.012023603620864898,,,,,,,,,,,,,,,21,FAIL
4389,4389,,,2024-08-29 06:12:51.407427,2024-08-29 06:12:51.417400,0 days 00:00:00.009973,0.01435,N95,27,21,1.4x200x0.071,1.1x60x0.1,0.006802025380153738,,,,,,,,,,,,,,,21,FAIL
4390,4390,3.010073536745946e-05,253.96837581308364,2024-08-29 06:12:51.419395,2024-08-29 06:12:51.619858,0 days 00:00:00.200463,0.01435,N95,23,9,1.1x60x0.1,1.1x60x0.1,0.01349836305881687,0.00017144780401757358,0.00017659980383933046,3.7605450211454966e-05,0.2325182838533611,0.4283046657741702,0.5402151351436133,6.927020756037459e-05,8.736961683808638e-05,5.0,250.2856626653351,1.03866947886734,2.644043668881184,0.006900000000000001,0.008825,21,COMPLETE
4391,4391,,,2024-08-29 06:12:51.622851,2024-08-29 06:12:51.629831,0 days 00:00:00.006980,0.01435,N95,6,9,1.1x60x0.1,1.1x60x0.1,0.00844832098419603,,,,,,,,,,,,,,,21,FAIL
4392,4392,,,2024-08-29 06:12:51.630829,2024-08-29 06:12:51.637811,0 days 00:00:00.006982,0.01435,N95,18,9,1.1x60x0.1,1.1x60x0.1,0.01777100528188475,,,,,,,,,,,,,,,21,FAIL
4393,4393,,,2024-08-29 06:12:51.638808,2024-08-29 06:12:51.646786,0 days 00:00:00.007978,0.01435,N95,18,9,1.1x60x0.1,1.1x60x0.1,0.018315679580843507,,,,,,,,,,,,,,,21,FAIL
4394,4394,3.929939505937834e-05,52.03201670167364,2024-08-29 06:12:51.648781,2024-08-29 06:12:51.861212,0 days 00:00:00.212431,0.01435,N95,39,23,1.1x60x0.1,1.1x60x0.1,0.019120993369517333,0.0005733718473197027,0.0017604151359143965,2.144811601917549e-05,0.13261586021771274,0.15049452765135674,0.2113885311431531,2.4339653522725416e-05,3.418811093664251e-05,9.0,45.26031598238204,2.0124221153054713,4.759278603986133,0.0108,0.008825,21,COMPLETE
4395,4395,3.823679761243916e-05,148.3628020508302,2024-08-29 06:12:51.863207,2024-08-29 06:12:52.064668,0 days 00:00:00.201461,0.01435,N95,22,16,1.1x60x0.1,1.1x60x0.1,0.02062097195387725,0.00015767336998985504,0.0006064714471951399,3.850162050919795e-05,0.23805939500878825,0.2635712763586992,0.30387101351828255,4.2627686502828214e-05,4.91454094714236e-05,5.0,144.48533837579404,1.2334200061549663,2.644043668881184,0.0082,0.008825,21,COMPLETE
4396,4396,,,2024-08-29 06:12:52.067661,2024-08-29 06:12:52.076636,0 days 00:00:00.008975,0.01435,N95,32,10,1.1x60x0.1,1.1x60x0.1,0.01367759750542543,,,,,,,,,,,,,,,21,FAIL
4397,4397,,,2024-08-29 06:12:52.078632,2024-08-29 06:12:52.085613,0 days 00:00:00.006981,0.012,N95,35,19,1.1x60x0.1,1.1x60x0.1,0.006424801006116672,,,,,,,,,,,,,,,21,FAIL
4398,4398,,,2024-08-29 06:12:52.087607,2024-08-29 06:12:52.100573,0 days 00:00:00.012966,0.01345,N95,34,23,1.4x200x0.071,1.1x60x0.1,0.003111810842100699,,,,,,,,,,,,,,,21,FAIL
4399,4399,,,2024-08-29 06:12:52.102567,2024-08-29 06:12:52.115532,0 days 00:00:00.012965,0.01345,N95,23,19,1.1x60x0.1,1.1x60x0.1,0.00768040301519627,,,,,,,,,,,,,,,21,FAIL
4400,4400,,,2024-08-29 06:12:52.118524,2024-08-29 06:12:52.130493,0 days 00:00:00.011969,0.01435,N95,27,21,1.1x60x0.1,1.1x60x0.1,0.008941299087679344,,,,,,,,,,,,,,,21,FAIL
4401,4401,3.861234145382954e-05,77.45821892801543,2024-08-29 06:12:52.133484,2024-08-29 06:12:52.327963,0 days 00:00:00.194479,0.01435,N95,34,17,1.1x60x0.1,1.1x60x0.1,0.019709742197238096,0.00039727292616967524,0.0006881721063256466,2.412419716454984e-05,0.14916233930188658,0.17329138204744968,0.2859962480172071,2.8026615075868105e-05,4.625450303192809e-05,8.0,71.5723695758607,1.655379481944823,4.2304698702098955,0.009500000000000001,0.008825,21,COMPLETE
4402,4402,3.189830388095687e-05,175.69019475681276,2024-08-29 06:12:52.330956,2024-08-29 06:12:52.547377,0 days 00:00:00.216421,0.01435,N95,18,15,1.1x60x0.1,1.1x60x0.1,0.014059240728552733,0.00011203510039311771,0.0005246583744754121,4.7697476639721074e-05,0.2949182990774419,0.32316612325531974,0.3241290810861681,5.2266029822287344e-05,5.242177010285185e-05,4.0,172.50383192162587,1.0711279000819447,2.1152349351049478,0.0082,0.008825,21,COMPLETE
4403,4403,,,2024-08-29 06:12:52.549373,2024-08-29 06:12:52.563335,0 days 00:00:00.013962,0.01345,N95,23,21,1.1x60x0.1,1.1x60x0.1,0.007713592311988382,,,,,,,,,,,,,,,21,FAIL
4404,4404,,,2024-08-29 06:12:52.565329,2024-08-29 06:12:52.576300,0 days 00:00:00.010971,0.01435,N95,31,15,1.1x60x0.1,1.1x60x0.1,0.008494309716948714,,,,,,,,,,,,,,,21,FAIL
4405,4405,,,2024-08-29 06:12:52.577298,2024-08-29 06:12:52.587270,0 days 00:00:00.009972,0.01435,N95,22,9,1.1x60x0.1,1.1x60x0.1,0.010444537616022577,,,,,,,,,,,,,,,21,FAIL
4406,4406,4.5545843805696396e-05,120.62093098726226,2024-08-29 06:12:52.588269,2024-08-29 06:12:52.774768,0 days 00:00:00.186499,0.01435,N95,26,18,1.4x200x0.071,1.1x60x0.1,0.023787437847095007,0.000221485512756662,0.0008611689799779344,3.217217402876327e-05,0.19892379032656934,0.22100281512105618,0.27010756757180665,3.574304017256374e-05,4.368480841904319e-05,6.0,116.64148100167196,0.8065975829328711,3.172852402657422,0.0126,0.008825,21,COMPLETE
4407,4407,3.784531396752219e-05,170.48778314542898,2024-08-29 06:12:52.775767,2024-08-29 06:12:52.988198,0 days 00:00:00.212431,0.0149,N95,18,15,1.1x60x0.1,1.4x200x0.071,0.01221151631753869,0.0001227356473296764,0.0005606339820260741,4.7697476639721074e-05,0.27354764849229546,0.2997485519392981,0.3006417310029569,5.2266029822287344e-05,5.242177010285185e-05,4.0,167.83210183836457,1.227642159874438,1.4280391471899618,0.006900000000000001,0.01105,21,COMPLETE
4408,4408,,,2024-08-29 06:12:52.989196,2024-08-29 06:12:52.996177,0 days 00:00:00.006981,0.01435,N95,31,8,1.1x60x0.1,1.1x60x0.1,0.015883925885219193,,,,,,,,,,,,,,,21,FAIL
4409,4409,3.8189061570837936e-05,106.38692671957912,2024-08-29 06:12:52.997175,2024-08-29 06:12:53.197638,0 days 00:00:00.200463,0.01435,N95,23,21,1.1x60x0.1,1.1x60x0.1,0.017971554680938674,0.0002145814146300795,0.0014156377304357555,3.7605450211454966e-05,0.2325182838533611,0.2538619183511389,0.23152077220440578,4.105738083444143e-05,3.744412150203703e-05,5.0,102.31471251725534,1.4281705334425925,2.644043668881184,0.0108,0.008825,21,COMPLETE
4410,4410,3.446085303043488e-05,194.81593037982543,2024-08-29 06:12:53.199632,2024-08-29 06:12:53.413061,0 days 00:00:00.213429,0.01435,N95,18,14,1.1x60x0.1,1.1x60x0.1,0.016712041138694726,0.0001081115548925224,0.0004436730499310024,4.7697476639721074e-05,0.2949182990774419,0.3255017616021952,0.3472811583066086,5.264377530582438e-05,5.616618225305554e-05,4.0,191.66202596585313,1.03866947886734,2.1152349351049478,0.0082,0.008825,21,COMPLETE
4411,4411,,,2024-08-29 06:12:53.415056,2024-08-29 06:12:53.422038,0 days 00:00:00.006982,0.01435,N95,23,16,1.1x60x0.1,1.1x60x0.1,0.008569634229575239,,,,,,,,,,,,,,,21,FAIL
4412,4412,3.0403805424799463e-05,133.453489644219,2024-08-29 06:12:53.424032,2024-08-29 06:12:53.646438,0 days 00:00:00.222406,0.01435,N95,26,12,1.1x60x0.1,1.1x60x0.1,0.013812107040108736,0.00021770537181717395,0.00029565163374893665,3.217217402876327e-05,0.19892379032656934,0.24285573640879518,0.40516135135771003,3.927733833545221e-05,6.552721262856479e-05,6.0,129.0472172354066,1.2334200061549663,3.172852402657422,0.006900000000000001,0.008825,21,COMPLETE
4413,4413,,,2024-08-29 06:12:53.648432,2024-08-29 06:12:53.662394,0 days 00:00:00.013962,0.01435,N95,22,7,1.4x200x0.071,1.1x60x0.1,0.024859172758145365,,,,,,,,,,,,,,,21,FAIL
4414,4414,3.580747183536273e-05,169.48008385438868,2024-08-29 06:12:53.663394,2024-08-29 06:12:53.885797,0 days 00:00:00.222403,0.01435,N95,18,21,1.1x60x0.1,1.1x60x0.1,0.015506086953872627,0.0001240958359304157,0.0013418720270640101,4.7697476639721074e-05,0.2949182990774419,0.31398315818524236,0.23152077220440578,5.078085829076981e-05,3.744412150203703e-05,4.0,166.09897049191417,1.2658784273695707,2.1152349351049478,0.0108,0.008825,21,COMPLETE
4415,4415,,,2024-08-29 06:12:53.887791,2024-08-29 06:12:53.902754,0 days 00:00:00.014963,0.01435,N95,15,20,1.4x200x0.071,1.1x60x0.1,0.0230280434611769,,,,,,,,,,,,,,,21,FAIL
4416,4416,,,2024-08-29 06:12:53.905744,2024-08-29 06:12:53.911727,0 days 00:00:00.005983,0.01435,N95,23,0,1.1x60x0.1,1.1x60x0.1,0.013937883647980712,,,,,,,,,,,,,,,21,FAIL
4417,4417,,,2024-08-29 06:12:53.912726,2024-08-29 06:12:53.918709,0 days 00:00:00.005983,0.01435,N95,35,15,1.1x60x0.1,1.1x60x0.1,0.0154773111855895,,,,,,,,,,,,,,,21,FAIL
4418,4418,,,2024-08-29 06:12:53.919707,2024-08-29 06:12:53.929679,0 days 00:00:00.009972,0.01345,N95,23,6,1.1x60x0.1,1.1x60x0.1,0.0074921311923008575,,,,,,,,,,,,,,,21,FAIL
4419,4419,,,2024-08-29 06:12:53.931674,2024-08-29 06:12:53.939653,0 days 00:00:00.007979,0.012,N95,22,15,1.1x60x0.1,1.1x60x0.1,0.005522244575676327,,,,,,,,,,,,,,,21,FAIL
4420,4420,,,2024-08-29 06:12:53.940651,2024-08-29 06:12:53.951621,0 days 00:00:00.010970,0.01435,N95,34,21,1.1x60x0.1,1.1x60x0.1,0.014447144839703078,,,,,,,,,,,,,,,21,FAIL
4421,4421,,,2024-08-29 06:12:53.952619,2024-08-29 06:12:53.959599,0 days 00:00:00.006980,0.01435,N95,34,0,1.1x60x0.1,1.4x200x0.071,0.022666958814905172,,,,,,,,,,,,,,,21,FAIL
4422,4422,,,2024-08-29 06:12:53.960597,2024-08-29 06:12:53.971567,0 days 00:00:00.010970,0.01435,N95,27,24,1.1x60x0.1,1.1x60x0.1,0.015671003068702394,,,,,,,,,,,,,,,21,FAIL
4423,4423,,,2024-08-29 06:12:53.973562,2024-08-29 06:12:53.984533,0 days 00:00:00.010971,0.01435,N95,3,21,1.1x60x0.1,1.1x60x0.1,0.015631619584576463,,,,,,,,,,,,,,,21,FAIL
4424,4424,,,2024-08-29 06:12:53.986529,2024-08-29 06:12:53.994507,0 days 00:00:00.007978,0.01435,N95,3,10,1.1x60x0.1,1.1x60x0.1,0.015360825035016927,,,,,,,,,,,,,,,21,FAIL
4425,4425,,,2024-08-29 06:12:53.996501,2024-08-29 06:12:54.002485,0 days 00:00:00.005984,0.01345,N95,18,15,1.1x60x0.1,1.1x60x0.1,0.007317475204429072,,,,,,,,,,,,,,,21,FAIL
4426,4426,,,2024-08-29 06:12:54.003483,2024-08-29 06:12:54.009468,0 days 00:00:00.005985,0.01435,N95,22,21,1.1x60x0.1,1.1x60x0.1,0.010480547118901354,,,,,,,,,,,,,,,21,FAIL
