,number,values_0,values_1,datetime_start,datetime_complete,duration,params_core_inner_diameter,params_material,params_n_p_bot,params_n_p_top,params_primary_litz_wire,params_secondary_litz_wire,params_window_h_bot,user_attrs_air_gap_bot,user_attrs_air_gap_top,user_attrs_flux_bot_max,user_attrs_flux_density_bot_max,user_attrs_flux_density_mid_max,user_attrs_flux_density_top_max,user_attrs_flux_mid_max,user_attrs_flux_top_max,user_attrs_n_s_bot,user_attrs_p_hyst,user_attrs_primary_litz_wire_loss,user_attrs_secondary_litz_wire_loss,user_attrs_window_h_top,user_attrs_window_w,system_attrs_nsga2:generation,state
2808,2808,,,2024-08-29 06:10:30.432133,2024-08-29 06:10:30.441108,0 days 00:00:00.008975,0.01435,N95,22,16,1.1x60x0.1,1.1x60x0.1,0.01076670036993957,,,,,,,,,,,,,,,9,FAIL
2809,2809,,,2024-08-29 06:10:30.442106,2024-08-29 06:10:30.452079,0 days 00:00:00.009973,0.01435,N95,23,9,1.1x60x0.1,1.1x60x0.1,0.010143935541595678,,,,,,,,,,,,,,,9,FAIL
2810,2810,,,2024-08-29 06:10:30.454073,2024-08-29 06:10:30.464047,0 days 00:00:00.009974,0.0149,N95,26,17,1.1x60x0.1,1.1x60x0.1,0.008284619836899642,,,,,,,,,,,,,,,9,FAIL
2811,2811,3.947338902748723e-05,71.72929431522991,2024-08-29 06:10:30.466041,2024-08-29 06:10:30.670494,0 days 00:00:00.204453,0.0149,N95,31,17,1.1x60x0.1,1.1x60x0.1,0.013514417963753717,0.00037018136478536644,0.0007836248691132391,2.7446998889213458e-05,0.1574100462593967,0.18106458198107175,0.26527211559084424,3.1571551489927266e-05,4.625450303192809e-05,7.0,65.7010814978724,1.7856613234537282,4.2425514939037905,0.006900000000000001,0.01105,9,COMPLETE
2812,2812,3.909556158270951e-05,72.50781378909763,2024-08-29 06:10:30.671491,2024-08-29 06:10:30.925811,0 days 00:00:00.254320,0.01435,N95,31,21,1.1x60x0.1,1.1x60x0.1,0.01890998101464489,0.00035422892887172617,0.0013785224971616305,2.7446998889213458e-05,0.16970755682379857,0.18971446107326884,0.23152077220440578,3.068273858748719e-05,3.744412150203703e-05,7.0,67.11831474950453,1.6878379031594277,3.7016611364336582,0.0108,0.008825,9,COMPLETE
2813,2813,,,2024-08-29 06:10:30.927806,2024-08-29 06:10:30.935830,0 days 00:00:00.008024,0.01435,N95,31,15,1.1x60x0.1,1.4x200x0.071,0.007081432109058929,,,,,,,,,,,,,,,9,FAIL
2814,2814,3.6046352409131614e-05,104.78496951306965,2024-08-29 06:10:30.937829,2024-08-29 06:10:31.179620,0 days 00:00:00.241791,0.01435,N95,26,17,1.1x60x0.1,1.1x60x0.1,0.017053380741075937,0.0002238087657290452,0.0007095124322158477,3.217217402876327e-05,0.19892379032656934,0.22260570418263737,0.2859962480172071,3.600227726910877e-05,4.625450303192809e-05,6.0,100.21640499818425,1.395712112227988,3.172852402657422,0.009500000000000001,0.008825,9,COMPLETE
2815,2815,,,2024-08-29 06:10:31.180617,2024-08-29 06:10:31.190658,0 days 00:00:00.010041,0.01435,N95,34,16,1.1x60x0.1,1.1x60x0.1,0.013080774575108464,,,,,,,,,,,,,,,9,FAIL
2816,2816,4.1730465135241984e-05,196.55689424320403,2024-08-29 06:10:31.191656,2024-08-29 06:10:31.428025,0 days 00:00:00.236369,0.01435,N95,18,23,1.1x60x0.1,1.1x60x0.1,0.02163768410134141,0.00012435360847863063,0.0017604151359143986,4.7697476639721074e-05,0.2949182990774419,0.31204497883548,0.2113885311431531,5.046739430922621e-05,3.418811093664251e-05,4.0,193.1108640383003,1.3307952697987795,2.1152349351049478,0.0108,0.008825,9,COMPLETE
2817,2817,,,2024-08-29 06:10:31.430017,2024-08-29 06:10:31.442982,0 days 00:00:00.012965,0.0149,N95,31,3,1.1x60x0.1,1.1x60x0.1,0.01284737179990902,,,,,,,,,,,,,,,9,FAIL
2818,2818,4.074719308263126e-05,124.44242381482186,2024-08-29 06:10:31.443980,2024-08-29 06:10:31.714256,0 days 00:00:00.270276,0.01435,N95,23,17,1.1x60x0.1,1.1x60x0.1,0.021919781867162515,0.0001967541011818777,0.000775060706009103,3.7605450211454966e-05,0.2325182838533611,0.2593575379908458,0.2859962480172071,4.194619373688151e-05,4.625450303192809e-05,5.0,120.50004329735651,1.2983368485841749,2.644043668881184,0.009500000000000001,0.008825,9,COMPLETE
2819,2819,,,2024-08-29 06:10:31.717249,2024-08-29 06:10:31.725267,0 days 00:00:00.008018,0.012,N95,34,16,1.1x60x0.1,1.1x60x0.1,0.006772364763841118,,,,,,,,,,,,,,,9,FAIL
2820,2820,,,2024-08-29 06:10:31.726264,2024-08-29 06:10:31.733365,0 days 00:00:00.007101,0.012,N95,18,23,1.1x60x0.1,1.1x60x0.1,0.004561982952458098,,,,,,,,,,,,,,,9,FAIL
2821,2821,,,2024-08-29 06:10:31.734363,2024-08-29 06:10:31.742408,0 days 00:00:00.008045,0.01435,N95,34,20,1.1x60x0.1,1.4x200x0.071,0.016275317053448382,,,,,,,,,,,,,,,9,FAIL
2822,2822,,,2024-08-29 06:10:31.743406,2024-08-29 06:10:31.752479,0 days 00:00:00.009073,0.01435,N95,39,20,1.1x60x0.1,1.1x60x0.1,0.008387481815778766,,,,,,,,,,,,,,,9,FAIL
2823,2823,,,2024-08-29 06:10:31.753476,2024-08-29 06:10:31.761525,0 days 00:00:00.008049,0.01435,N95,20,16,1.1x60x0.1,1.4x200x0.071,0.006943566693548689,,,,,,,,,,,,,,,9,FAIL
2824,2824,,,2024-08-29 06:10:31.763520,2024-08-29 06:10:31.772597,0 days 00:00:00.009077,0.01435,N95,18,24,1.1x60x0.1,1.1x60x0.1,0.020396884805279934,,,,,,,,,,,,,,,9,FAIL
2825,2825,3.8333603064629295e-05,129.01601593164102,2024-08-29 06:10:31.773595,2024-08-29 06:10:31.979015,0 days 00:00:00.205420,0.01435,N95,23,15,1.1x60x0.1,1.1x60x0.1,0.020721186829102678,0.00018981772350197063,0.000558029934821185,3.7605450211454966e-05,0.2325182838533611,0.26320447173864064,0.3241290810861681,4.2568362768589565e-05,5.242177010285185e-05,5.0,125.13855225660487,1.2334200061549663,2.644043668881184,0.0082,0.008825,9,COMPLETE
2826,2826,,,2024-08-29 06:10:31.981087,2024-08-29 06:10:31.991062,0 days 00:00:00.009975,0.0149,N95,34,21,1.1x60x0.1,1.1x60x0.1,0.00696254848406292,,,,,,,,,,,,,,,9,FAIL
2827,2827,4.176073028207626e-05,151.52669140992617,2024-08-29 06:10:31.992059,2024-08-29 06:10:32.267322,0 days 00:00:00.275263,0.01435,N95,22,16,1.4x200x0.071,1.1x60x0.1,0.019869015166328524,0.00015816643686406188,0.0006329922245270382,3.850162050919795e-05,0.23805939500878825,0.2635712763586992,0.30387101351828255,4.2627686502828214e-05,4.91454094714236e-05,5.0,148.18604073760298,0.6966070034420251,2.644043668881184,0.0126,0.008825,9,COMPLETE
2828,2828,4.243975717197529e-05,199.98841414798417,2024-08-29 06:10:32.269319,2024-08-29 06:10:32.496708,0 days 00:00:00.227389,0.01435,N95,18,23,1.1x60x0.1,1.1x60x0.1,0.02237195692742159,0.00012384918339671571,0.0017604151359143986,4.7697476639721074e-05,0.2949182990774419,0.31204497883548,0.2113885311431531,5.046739430922621e-05,3.418811093664251e-05,4.0,196.54238394308044,1.3307952697987795,2.1152349351049478,0.0108,0.008825,9,COMPLETE
2829,2829,,,2024-08-29 06:10:32.498703,2024-08-29 06:10:32.502694,0 days 00:00:00.003991,0.01435,N95,39,23,1.1x60x0.1,1.1x60x0.1,0.016013803563850966,,,,,,,,,,,,,,,9,FAIL
2830,2830,,,2024-08-29 06:10:32.503690,2024-08-29 06:10:32.509723,0 days 00:00:00.006033,0.01435,N95,21,14,1.1x60x0.1,1.1x60x0.1,0.0151874287410396,,,,,,,,,,,,,,,9,FAIL
2831,2831,,,2024-08-29 06:10:32.509723,2024-08-29 06:10:32.514770,0 days 00:00:00.005047,0.01435,N95,35,16,1.1x60x0.1,1.1x60x0.1,0.008736511028744853,,,,,,,,,,,,,,,9,FAIL
2832,2832,4.20160014262397e-05,140.83505929100016,2024-08-29 06:10:32.515766,2024-08-29 06:10:32.739259,0 days 00:00:00.223493,0.01435,N95,22,23,1.1x60x0.1,1.4x200x0.071,0.021933276788811795,0.00016999322761917593,0.0017378557254499054,3.850162050919795e-05,0.23805939500878825,0.25439752132440074,0.2113885311431531,4.114400452101916e-05,3.418811093664251e-05,5.0,137.88113581545144,1.460628954657197,1.493294520891507,0.0108,0.008825,9,COMPLETE
2833,2833,,,2024-08-29 06:10:32.740257,2024-08-29 06:10:32.748290,0 days 00:00:00.008033,0.012,N95,25,8,1.1x60x0.1,1.1x60x0.1,0.011206424451923661,,,,,,,,,,,,,,,9,FAIL
2834,2834,3.2247415420179e-05,258.0167087875585,2024-08-29 06:10:32.749287,2024-08-29 06:10:33.030534,0 days 00:00:00.281247,0.01435,N95,18,10,1.1x60x0.1,1.1x60x0.1,0.015720647741808428,0.00010017938056356217,0.00020381823389327604,4.7697476639721074e-05,0.2949182990774419,0.33951559168344775,0.48619362162925206,5.491024820704658e-05,7.863265515427775e-05,4.0,254.99263805844467,0.9088357940089224,2.1152349351049478,0.006900000000000001,0.008825,9,COMPLETE
2835,2835,,,2024-08-29 06:10:33.031532,2024-08-29 06:10:33.039511,0 days 00:00:00.007979,0.012,N95,23,17,1.1x60x0.1,1.1x60x0.1,0.011590547698916528,,,,,,,,,,,,,,,9,FAIL
2836,2836,3.768222519223457e-05,121.95317046918352,2024-08-29 06:10:33.040508,2024-08-29 06:10:33.262914,0 days 00:00:00.222406,0.01435,N95,23,16,1.1x60x0.1,1.1x60x0.1,0.02004686786534812,0.00019407180003536527,0.0006533138571469244,3.7605450211454966e-05,0.2325182838533611,0.26116078818512467,0.30387101351828255,4.223783547049466e-05,4.91454094714236e-05,5.0,118.04324837293277,1.2658784273695707,2.644043668881184,0.0082,0.008825,9,COMPLETE
2837,2837,,,2024-08-29 06:10:33.264909,2024-08-29 06:10:33.274919,0 days 00:00:00.010010,0.01435,N95,39,8,1.1x60x0.1,1.1x60x0.1,0.018433347241325167,,,,,,,,,,,,,,,9,FAIL
2838,2838,,,2024-08-29 06:10:33.275971,2024-08-29 06:10:33.285022,0 days 00:00:00.009051,0.01435,N95,4,15,1.1x60x0.1,1.1x60x0.1,0.017258763782309124,,,,,,,,,,,,,,,9,FAIL
2839,2839,,,2024-08-29 06:10:33.286020,2024-08-29 06:10:33.294107,0 days 00:00:00.008087,0.0149,N95,26,16,1.1x60x0.1,1.1x60x0.1,0.006212813304619077,,,,,,,,,,,,,,,9,FAIL
2840,2840,3.62320092340403e-05,215.60702596215384,2024-08-29 06:10:33.296102,2024-08-29 06:10:33.516571,0 days 00:00:00.220469,0.01435,N95,23,10,1.1x60x0.1,1.1x60x0.1,0.01984557627471624,0.00017134646767600465,0.00022091928676453533,3.7605450211454966e-05,0.2325182838533611,0.3743518533782035,0.48619362162925206,6.054435698767706e-05,7.863265515427775e-05,5.0,211.89185439319073,1.0711279000819447,2.644043668881184,0.006900000000000001,0.008825,9,COMPLETE
2841,2841,,,2024-08-29 06:10:33.518632,2024-08-29 06:10:33.528606,0 days 00:00:00.009974,0.01435,N95,23,16,1.1x60x0.1,1.1x60x0.1,0.008282423785168993,,,,,,,,,,,,,,,9,FAIL
2842,2842,,,2024-08-29 06:10:33.530601,2024-08-29 06:10:33.538582,0 days 00:00:00.007981,0.01435,N95,11,14,1.1x60x0.1,1.1x60x0.1,0.010513962260562443,,,,,,,,,,,,,,,9,FAIL
2843,2843,,,2024-08-29 06:10:33.539577,2024-08-29 06:10:33.547556,0 days 00:00:00.007979,0.01345,N95,24,23,1.4x200x0.071,1.1x60x0.1,0.007319097263641278,,,,,,,,,,,,,,,9,FAIL
2844,2844,4.488093836663411e-05,90.13266505587062,2024-08-29 06:10:33.548557,2024-08-29 06:10:33.796888,0 days 00:00:00.248331,0.0149,N95,34,14,1.1x60x0.1,1.1x60x0.1,0.01784192417597633,0.0004282356654058777,0.00044487777019476754,2.412419716454984e-05,0.13835359585105508,0.19441182707626656,0.32211614036031083,3.389886051503342e-05,5.616618225305554e-05,8.0,83.4983734536697,1.7856613234537282,4.848630278747189,0.006900000000000001,0.01105,9,COMPLETE
2845,2845,,,2024-08-29 06:10:33.798883,2024-08-29 06:10:33.809854,0 days 00:00:00.010971,0.0149,N95,22,16,1.4x200x0.071,1.1x60x0.1,0.005886172128727654,,,,,,,,,,,,,,,9,FAIL
2846,2846,,,2024-08-29 06:10:33.810851,2024-08-29 06:10:33.821821,0 days 00:00:00.010970,0.01435,N95,34,21,1.1x60x0.1,1.1x60x0.1,0.011304738609393756,,,,,,,,,,,,,,,9,FAIL
2847,2847,,,2024-08-29 06:10:33.822819,2024-08-29 06:10:33.831797,0 days 00:00:00.008978,0.01435,N95,31,18,1.1x60x0.1,1.1x60x0.1,0.01223190100472307,,,,,,,,,,,,,,,9,FAIL
2848,2848,,,2024-08-29 06:10:33.832793,2024-08-29 06:10:33.837779,0 days 00:00:00.004986,0.01435,N95,31,21,1.1x60x0.1,1.1x60x0.1,0.01485587881256316,,,,,,,,,,,,,,,9,FAIL
2849,2849,3.933343861722877e-05,70.23832236129986,2024-08-29 06:10:33.838777,2024-08-29 06:10:34.052206,0 days 00:00:00.213429,0.01435,N95,39,16,1.1x60x0.1,1.1x60x0.1,0.021756235918619932,0.0005549241760620196,0.000615742861463619,2.144811601917549e-05,0.13261586021771274,0.1956243320200095,0.30387101351828255,3.163854883157079e-05,4.91454094714236e-05,9.0,63.693830590510494,1.7852131668032407,4.759278603986133,0.0082,0.008825,9,COMPLETE
2850,2850,,,2024-08-29 06:10:34.054201,2024-08-29 06:10:34.061222,0 days 00:00:00.007021,0.01435,N95,27,21,1.1x60x0.1,1.1x60x0.1,0.0073972480507256055,,,,,,,,,,,,,,,9,FAIL
2851,2851,4.1466624143073236e-05,73.7412268294043,2024-08-29 06:10:34.062296,2024-08-29 06:10:34.298578,0 days 00:00:00.236282,0.0149,N95,34,16,1.1x60x0.1,1.1x60x0.1,0.015109546700291427,0.0004297577445736682,0.0006174778751082754,2.412419716454984e-05,0.13835359585105508,0.16240675828925424,0.281851622815272,2.8318256809481255e-05,4.91454094714236e-05,8.0,67.03253267205947,1.8600638785976336,4.848630278747189,0.006900000000000001,0.01105,9,COMPLETE
2852,2852,3.713227579772087e-05,86.18944985586339,2024-08-29 06:10:34.300572,2024-08-29 06:10:34.526046,0 days 00:00:00.225474,0.01435,N95,34,15,1.1x60x0.1,1.1x60x0.1,0.01947754962237102,0.00039557707484382096,0.0004919656916685144,2.412419716454984e-05,0.14916233930188658,0.18647743278770848,0.3241290810861681,3.0159210269591635e-05,5.242177010285185e-05,8.0,80.36851734613786,1.5904626395156145,4.2304698702098955,0.0082,0.008825,10,COMPLETE
2853,2853,,,2024-08-29 06:10:34.527044,2024-08-29 06:10:34.532030,0 days 00:00:00.004986,0.01435,N95,34,20,1.4x200x0.071,1.1x60x0.1,0.01590128739406297,,,,,,,,,,,,,,,10,FAIL
2854,2854,3.8575968928339346e-05,88.35135217392869,2024-08-29 06:10:34.533028,2024-08-29 06:10:34.810286,0 days 00:00:00.277258,0.01435,N95,34,15,1.1x60x0.1,1.1x60x0.1,0.020972088655819024,0.0003953278771453307,0.0004919656916685144,2.412419716454984e-05,0.14916233930188658,0.18647743278770848,0.3241290810861681,3.0159210269591635e-05,5.242177010285185e-05,8.0,82.53041966420317,1.5904626395156145,4.2304698702098955,0.0082,0.008825,10,COMPLETE
2855,2855,,,2024-08-29 06:10:34.812281,2024-08-29 06:10:34.821257,0 days 00:00:00.008976,0.01435,N95,34,11,1.1x60x0.1,1.1x60x0.1,0.016568433077095802,,,,,,,,,,,,,,,10,FAIL
2856,2856,,,2024-08-29 06:10:34.823253,2024-08-29 06:10:34.832265,0 days 00:00:00.009012,0.01345,N95,24,12,1.1x60x0.1,1.4x200x0.071,0.007797321020429605,,,,,,,,,,,,,,,10,FAIL
2857,2857,,,2024-08-29 06:10:34.833263,2024-08-29 06:10:34.842351,0 days 00:00:00.009088,0.012,N95,0,15,1.1x60x0.1,1.1x60x0.1,0.008583839168507659,,,,,,,,,,,,,,,10,FAIL
2858,2858,4.45585179964814e-05,112.94626969805012,2024-08-29 06:10:34.844346,2024-08-29 06:10:35.087153,0 days 00:00:00.242807,0.0149,N95,23,17,1.1x60x0.1,1.1x60x0.1,0.017583900426718573,0.00021629870968499796,0.0008054986166768366,3.7605450211454966e-05,0.21566932258363924,0.2405637251336424,0.26527211559084424,4.194619373688151e-05,4.625450303192809e-05,5.0,108.42782467095502,1.4880511028781065,3.030393924216993,0.006900000000000001,0.01105,10,COMPLETE
2859,2859,4.2468912894610404e-05,129.04928078481348,2024-08-29 06:10:35.089221,2024-08-29 06:10:35.366538,0 days 00:00:00.277317,0.01435,N95,23,17,1.1x60x0.1,1.1x60x0.1,0.02370213949503406,0.0001956187144550516,0.000775060706009103,3.7605450211454966e-05,0.2325182838533611,0.2593575379908458,0.2859962480172071,4.194619373688151e-05,4.625450303192809e-05,5.0,125.10690026734812,1.2983368485841749,2.644043668881184,0.009500000000000001,0.008825,10,COMPLETE
2860,2860,,,2024-08-29 06:10:35.367536,2024-08-29 06:10:35.374517,0 days 00:00:00.006981,0.0149,N95,23,14,1.1x60x0.1,1.1x60x0.1,0.006816107141656402,,,,,,,,,,,,,,,10,FAIL
2861,2861,,,2024-08-29 06:10:35.375515,2024-08-29 06:10:35.383493,0 days 00:00:00.007978,0.01435,N95,18,10,1.1x60x0.1,1.1x60x0.1,0.02191540256963921,,,,,,,,,,,,,,,10,FAIL
2862,2862,3.961207670849441e-05,120.25443039989011,2024-08-29 06:10:35.384491,2024-08-29 06:10:35.617867,0 days 00:00:00.233376,0.01435,N95,23,17,1.1x60x0.1,1.4x200x0.071,0.020744687456394822,0.0001974868496368083,0.000775060706009103,3.7605450211454966e-05,0.2325182838533611,0.2593575379908458,0.2859962480172071,4.194619373688151e-05,4.625450303192809e-05,5.0,117.46279903041443,1.2983368485841749,1.493294520891507,0.009500000000000001,0.008825,10,COMPLETE
2863,2863,,,2024-08-29 06:10:35.619862,2024-08-29 06:10:35.627906,0 days 00:00:00.008044,0.01435,N95,18,23,1.1x60x0.1,1.1x60x0.1,0.009663478745137776,,,,,,,,,,,,,,,10,FAIL
2864,2864,3.540199861622281e-05,110.14040284624323,2024-08-29 06:10:35.629901,2024-08-29 06:10:35.879868,0 days 00:00:00.249967,0.01435,N95,23,17,1.1x60x0.1,1.1x60x0.1,0.016386333240171136,0.00020006610084512337,0.000775060706009103,3.7605450211454966e-05,0.2325182838533611,0.2593575379908458,0.2859962480172071,4.194619373688151e-05,4.625450303192809e-05,5.0,106.19802232877788,1.2983368485841749,2.644043668881184,0.009500000000000001,0.008825,10,COMPLETE
2865,2865,3.8479763022527535e-05,103.4997639502253,2024-08-29 06:10:35.881791,2024-08-29 06:10:36.121210,0 days 00:00:00.239419,0.0149,N95,23,16,1.1x60x0.1,1.4x200x0.071,0.012719247649178759,0.00021466794981299473,0.0006949921957314231,3.7605450211454966e-05,0.21566932258363924,0.24223630649543412,0.281851622815272,4.223783547049466e-05,4.91454094714236e-05,5.0,100.2638651909317,1.4508498253061541,1.7850489339874525,0.006900000000000001,0.01105,10,COMPLETE
2866,2866,2.9871967102258497e-05,161.126777333578,2024-08-29 06:10:36.123205,2024-08-29 06:10:36.383509,0 days 00:00:00.260304,0.01435,N95,18,16,1.1x60x0.1,1.1x60x0.1,0.011961537728900289,0.00011554743265468019,0.0006157428614636193,4.7697476639721074e-05,0.2949182990774419,0.32112243970180376,0.30387101351828255,5.193550252419244e-05,4.91454094714236e-05,4.0,157.9079560771765,1.1035863212965487,2.1152349351049478,0.0082,0.008825,10,COMPLETE
2867,2867,4.051067018878837e-05,120.05785826557005,2024-08-29 06:10:36.384509,2024-08-29 06:10:36.618549,0 days 00:00:00.234040,0.0149,N95,23,14,1.1x60x0.1,1.1x60x0.1,0.014344524244404012,0.00020566939175162358,0.000506565679416261,3.7605450211454966e-05,0.21566932258363924,0.24629828980264262,0.32211614036031083,4.29461082521266e-05,5.616618225305554e-05,5.0,115.65101707119081,1.3764472701622488,3.030393924216993,0.006900000000000001,0.01105,10,COMPLETE
2868,2868,,,2024-08-29 06:10:36.619547,2024-08-29 06:10:36.623610,0 days 00:00:00.004063,0.012,N95,34,17,1.1x60x0.1,1.1x60x0.1,0.008353318982916982,,,,,,,,,,,,,,,10,FAIL
2869,2869,3.867937696179734e-05,118.90955748235314,2024-08-29 06:10:36.624608,2024-08-29 06:10:36.896880,0 days 00:00:00.272272,0.01435,N95,23,17,1.1x60x0.1,1.1x60x0.1,0.019779138650791887,0.00019807837132288734,0.000775060706009103,3.7605450211454966e-05,0.2325182838533611,0.2593575379908458,0.2859962480172071,4.194619373688151e-05,4.625450303192809e-05,5.0,114.96717696488778,1.2983368485841749,2.644043668881184,0.009500000000000001,0.008825,10,COMPLETE
2870,2870,,,2024-08-29 06:10:36.897878,2024-08-29 06:10:36.901866,0 days 00:00:00.003988,0.01435,N95,23,17,1.1x60x0.1,1.4x200x0.071,0.011335377459000352,,,,,,,,,,,,,,,10,FAIL
2871,2871,,,2024-08-29 06:10:36.902864,2024-08-29 06:10:36.906853,0 days 00:00:00.003989,0.01435,N95,23,10,1.1x60x0.1,1.1x60x0.1,0.008978039721094122,,,,,,,,,,,,,,,10,FAIL
2872,2872,,,2024-08-29 06:10:36.906853,2024-08-29 06:10:36.911840,0 days 00:00:00.004987,0.01435,N95,34,14,1.1x60x0.1,1.1x60x0.1,0.006595415325633487,,,,,,,,,,,,,,,10,FAIL
2873,2873,4.276469029712335e-05,129.8074913698191,2024-08-29 06:10:36.913834,2024-08-29 06:10:37.131254,0 days 00:00:00.217420,0.01435,N95,23,16,1.4x200x0.071,1.1x60x0.1,0.020908333979091823,0.00019353795510234262,0.0006850687707484366,3.7605450211454966e-05,0.2325182838533611,0.26116078818512467,0.30387101351828255,4.223783547049466e-05,4.91454094714236e-05,5.0,126.44850893424741,0.7149387666904994,2.644043668881184,0.0126,0.008825,10,COMPLETE
2874,2874,4.278186654893847e-05,55.727071236646296,2024-08-29 06:10:37.132251,2024-08-29 06:10:37.356639,0 days 00:00:00.224388,0.01435,N95,39,23,1.1x60x0.1,1.1x60x0.1,0.022726115166964503,0.0005752444179834978,0.0017604151359143965,2.144811601917549e-05,0.13261586021771274,0.15049452765135674,0.2113885311431531,2.4339653522725416e-05,3.418811093664251e-05,9.0,48.955370517354694,2.0124221153054713,4.759278603986133,0.0108,0.008825,10,COMPLETE
2875,2875,,,2024-08-29 06:10:37.358633,2024-08-29 06:10:37.368694,0 days 00:00:00.010061,0.01435,N95,26,16,1.1x60x0.1,1.1x60x0.1,0.012788125300766114,,,,,,,,,,,,,,,10,FAIL
2876,2876,,,2024-08-29 06:10:37.370688,2024-08-29 06:10:37.383653,0 days 00:00:00.012965,0.01435,N95,32,20,1.1x60x0.1,1.1x60x0.1,0.017290876320854055,,,,,,,,,,,,,,,10,FAIL
2877,2877,,,2024-08-29 06:10:37.385648,2024-08-29 06:10:37.396619,0 days 00:00:00.010971,0.0149,N95,34,17,1.1x60x0.1,1.4x200x0.071,0.010351144789373958,,,,,,,,,,,,,,,10,FAIL
2878,2878,,,2024-08-29 06:10:37.397617,2024-08-29 06:10:37.407590,0 days 00:00:00.009973,0.01435,N95,23,16,1.1x60x0.1,1.1x60x0.1,0.006493783034682771,,,,,,,,,,,,,,,10,FAIL
2879,2879,,,2024-08-29 06:10:37.409584,2024-08-29 06:10:37.419557,0 days 00:00:00.009973,0.01435,N95,18,4,1.1x60x0.1,1.1x60x0.1,0.007653255877948456,,,,,,,,,,,,,,,10,FAIL
2880,2880,,,2024-08-29 06:10:37.420556,2024-08-29 06:10:37.430528,0 days 00:00:00.009972,0.01435,N95,31,15,1.1x60x0.1,1.1x60x0.1,0.01204647945506471,,,,,,,,,,,,,,,10,FAIL
2881,2881,3.814850262967742e-05,73.50059898514003,2024-08-29 06:10:37.432522,2024-08-29 06:10:37.645951,0 days 00:00:00.213429,0.01435,N95,34,18,1.1x60x0.1,1.1x60x0.1,0.019229567281099938,0.00039819949481025707,0.0008020568736040902,2.412419716454984e-05,0.14916233930188658,0.17168849298586847,0.27010756757180665,2.776737797932308e-05,4.368480841904319e-05,8.0,67.5822912117707,1.6878379031594277,4.2304698702098955,0.009500000000000001,0.008825,10,COMPLETE
2882,2882,,,2024-08-29 06:10:37.646949,2024-08-29 06:10:37.653930,0 days 00:00:00.006981,0.012,N95,18,15,1.1x60x0.1,1.1x60x0.1,0.015419616338985202,,,,,,,,,,,,,,,10,FAIL
2883,2883,3.893012298248611e-05,209.70960828569574,2024-08-29 06:10:37.654928,2024-08-29 06:10:37.876335,0 days 00:00:00.221407,0.01435,N95,18,15,1.1x60x0.1,1.1x60x0.1,0.021338715777989674,0.00010711162163624014,0.0005246583744754121,4.7697476639721074e-05,0.2949182990774419,0.32316612325531974,0.3241290810861681,5.2266029822287344e-05,5.242177010285185e-05,4.0,206.52324545050885,1.0711279000819447,2.1152349351049478,0.0082,0.008825,10,COMPLETE
2884,2884,,,2024-08-29 06:10:37.877333,2024-08-29 06:10:37.882385,0 days 00:00:00.005052,0.01435,N95,22,16,1.1x60x0.1,1.1x60x0.1,0.008789830729292774,,,,,,,,,,,,,,,10,FAIL
