,number,values_0,values_1,datetime_start,datetime_complete,duration,params_core_inner_diameter,params_material,params_n_p_bot,params_n_p_top,params_primary_litz_wire,params_secondary_litz_wire,params_window_h_bot,user_attrs_air_gap_bot,user_attrs_air_gap_top,user_attrs_flux_bot_max,user_attrs_flux_density_bot_max,user_attrs_flux_density_mid_max,user_attrs_flux_density_top_max,user_attrs_flux_mid_max,user_attrs_flux_top_max,user_attrs_n_s_bot,user_attrs_p_hyst,user_attrs_primary_litz_wire_loss,user_attrs_secondary_litz_wire_loss,user_attrs_window_h_top,user_attrs_window_w,system_attrs_nsga2:generation,state
5463,5463,3.4977981412942254e-05,27390.71853200958,2024-08-29 15:59:03.160860,2024-08-29 15:59:03.505938,0 days 00:00:00.345078,0.01435,N95,18,21,1.1x60x0.1,1.1x60x0.1,0.014647382435657186,0.00012465536395726652,0.0013418720270640101,0.000548665955068954,3.3924568264452803,3.4301229228528136,0.037688566480323295,0.0005547577362813366,6.095415323169739e-06,4.0,27387.33741864711,1.2658784273695707,2.1152349351049478,0.0108,0.008825,28,COMPLETE
5464,5464,3.7442165652091326e-05,31364.162557077165,2024-08-29 15:59:03.508929,2024-08-29 15:59:03.826097,0 days 00:00:00.317168,0.01435,N95,18,15,1.1x60x0.1,1.1x60x0.1,0.019798353589366248,0.00010817280973204213,0.0005246583744754121,0.000548665955068954,3.3924568264452803,3.4451893614158253,0.052763993072452026,0.0005571944487662894,8.53358145243754e-06,4.0,31360.97619424198,1.0711279000819447,2.1152349351049478,0.0082,0.008825,28,COMPLETE
5465,5465,,,2024-08-29 15:59:03.830071,2024-08-29 15:59:03.848022,0 days 00:00:00.017951,0.01435,N95,4,16,1.4x200x0.071,1.1x60x0.1,0.013989580828537414,,,,,,,,,,,,,,,28,FAIL
5466,5466,,,2024-08-29 15:59:03.851014,2024-08-29 15:59:03.865974,0 days 00:00:00.014960,0.01435,N95,26,8,1.1x60x0.1,1.4x200x0.071,0.014909372067033515,,,,,,,,,,,,,,,28,FAIL
5467,5467,,,2024-08-29 15:59:03.868965,2024-08-29 15:59:03.888917,0 days 00:00:00.019952,0.01435,N95,26,6,1.1x60x0.1,1.1x60x0.1,0.008462014022000829,,,,,,,,,,,,,,,28,FAIL
5468,5468,3.768158921619434e-05,6919.103901831316,2024-08-29 15:59:03.891903,2024-08-29 15:59:04.240971,0 days 00:00:00.349068,0.01435,N95,34,18,1.1x60x0.1,1.1x60x0.1,0.018746209490658725,0.0003982515156420289,0.0008020568736040902,0.000274332977534477,1.6962284132226402,1.9286420160561661,0.23241360283352583,0.00031192149756386516,3.7588520029388156e-05,8.0,6913.185594057946,1.6878379031594277,4.2304698702098955,0.009500000000000001,0.008825,28,COMPLETE
5469,5469,,,2024-08-29 15:59:04.243963,2024-08-29 15:59:04.261915,0 days 00:00:00.017952,0.01435,N95,18,12,1.1x60x0.1,1.1x60x0.1,0.00826715079963884,,,,,,,,,,,,,,,28,FAIL
5470,5470,3.3364630892301645e-05,14704.195816572268,2024-08-29 15:59:04.264905,2024-08-29 15:59:04.558123,0 days 00:00:00.293218,0.01435,N95,23,22,1.1x60x0.1,1.1x60x0.1,0.012977210792810836,0.0002209806669139184,0.0016223126231755265,0.0004389327640551628,2.7139654611562216,2.688238429064407,0.025643472073384264,0.00043477190148391055,4.147348313101478e-06,5.0,14700.09114394873,1.460628954657197,2.644043668881184,0.0108,0.008825,28,COMPLETE
5471,5471,,,2024-08-29 15:59:04.560116,2024-08-29 15:59:04.575080,0 days 00:00:00.014964,0.01435,N95,26,12,1.1x60x0.1,1.1x60x0.1,0.010155004975868213,,,,,,,,,,,,,,,28,FAIL
5472,5472,4.0265354973510873e-05,6812.349060259274,2024-08-29 15:59:04.579065,2024-08-29 15:59:04.918158,0 days 00:00:00.339093,0.01435,N95,35,21,1.1x60x0.1,1.1x60x0.1,0.020120973743323424,0.00045078016660823244,0.0013601390922537504,0.000274332977534477,1.6962284132226402,1.814667291212203,0.11843887798956301,0.00029348823386754887,1.9155256333071884e-05,8.0,6806.300918801046,1.817671588017845,4.2304698702098955,0.0108,0.008825,28,COMPLETE
5473,5473,3.32605465775733e-05,16236.316288753756,2024-08-29 15:59:04.921150,2024-08-29 15:59:05.281507,0 days 00:00:00.360357,0.01435,N95,23,10,1.1x60x0.1,1.1x60x0.1,0.016769460698395307,0.00017326943697822415,0.00022091928676453533,0.0004389327640551628,2.7139654611562216,2.657365990554229,0.05641563856144524,0.0004297788663984079,9.124166288823229e-06,5.0,16232.601117184793,1.0711279000819447,2.644043668881184,0.006900000000000001,0.008825,28,COMPLETE
5474,5474,3.648282511510983e-05,27313.84067629138,2024-08-29 15:59:05.285502,2024-08-29 15:59:05.634597,0 days 00:00:00.349095,0.0149,N95,18,8,1.1x60x0.1,1.1x60x0.1,0.012421155674832332,0.00010639768597830219,0.00013616842541016674,0.000548665955068954,3.1466293898638718,3.238338227014835,0.09176354694153967,0.0005646568807514581,1.6000465223320363e-05,4.0,27310.449127935135,0.9672332168707692,2.4243151393735944,0.005600000000000001,0.01105,28,COMPLETE
5475,5475,,,2024-08-29 15:59:05.637587,2024-08-29 15:59:05.655544,0 days 00:00:00.017957,0.01435,N95,27,21,1.1x60x0.1,1.4x200x0.071,0.01826462108849799,,,,,,,,,,,,,,,28,FAIL
5476,5476,,,2024-08-29 15:59:05.657533,2024-08-29 15:59:05.676483,0 days 00:00:00.018950,0.01435,N95,23,2,1.1x60x0.1,1.1x60x0.1,0.024915902116003454,,,,,,,,,,,,,,,28,FAIL
5477,5477,,,2024-08-29 15:59:05.679475,2024-08-29 15:59:05.694435,0 days 00:00:00.014960,0.01435,N95,12,8,1.1x60x0.1,1.1x60x0.1,0.008309147106648696,,,,,,,,,,,,,,,28,FAIL
5478,5478,,,2024-08-29 15:59:05.697426,2024-08-29 15:59:05.714381,0 days 00:00:00.016955,0.01435,N95,39,23,1.1x60x0.1,1.4x200x0.071,0.02218353478490103,,,,,,,,,,,,,,,28,FAIL
5479,5479,3.3302179772410744e-05,15758.761503702903,2024-08-29 15:59:05.717373,2024-08-29 15:59:06.016578,0 days 00:00:00.299205,0.01435,N95,23,15,1.1x60x0.1,1.1x60x0.1,0.015512560186404267,0.00019292634586964984,0.000558029934821185,0.0004389327640551628,2.7139654611562216,2.6762324807548934,0.03761042570763012,0.0004328301656173262,6.082777525882146e-06,5.0,15754.884040027868,1.2334200061549663,2.644043668881184,0.0082,0.008825,28,COMPLETE
5480,5480,,,2024-08-29 15:59:06.020565,2024-08-29 15:59:06.038514,0 days 00:00:00.017949,0.01435,N95,23,18,1.1x60x0.1,1.1x60x0.1,0.0072417050928311605,,,,,,,,,,,,,,,28,FAIL
5481,5481,,,2024-08-29 15:59:06.040508,2024-08-29 15:59:06.056467,0 days 00:00:00.015959,0.01435,N95,34,16,1.1x60x0.1,1.1x60x0.1,0.015386758906387297,,,,,,,,,,,,,,,28,FAIL
5482,5482,,,2024-08-29 15:59:06.061454,2024-08-29 15:59:06.077412,0 days 00:00:00.015958,0.01435,N95,23,21,1.1x60x0.1,1.1x60x0.1,0.008256538144271918,,,,,,,,,,,,,,,28,FAIL
5483,5483,,,2024-08-29 15:59:06.078408,2024-08-29 15:59:06.095367,0 days 00:00:00.016959,0.01435,N95,35,15,1.1x60x0.1,1.1x60x0.1,0.011717618987351295,,,,,,,,,,,,,,,28,FAIL
5484,5484,,,2024-08-29 15:59:06.097357,2024-08-29 15:59:06.112318,0 days 00:00:00.014961,0.0149,N95,28,9,1.4x200x0.071,1.1x60x0.1,0.017403089327820993,,,,,,,,,,,,,,,28,FAIL
5485,5485,,,2024-08-29 15:59:06.114311,2024-08-29 15:59:06.124285,0 days 00:00:00.009974,0.01435,N95,23,16,1.1x60x0.1,1.1x60x0.1,0.011083790639765747,,,,,,,,,,,,,,,28,FAIL
5486,5486,,,2024-08-29 15:59:06.129272,2024-08-29 15:59:06.140244,0 days 00:00:00.010972,0.01345,N95,15,16,1.4x200x0.071,1.1x60x0.1,0.003818381415036727,,,,,,,,,,,,,,,28,FAIL
5487,5487,,,2024-08-29 15:59:06.142238,2024-08-29 15:59:06.162184,0 days 00:00:00.019946,0.01435,N95,23,22,1.4x200x0.071,1.4x200x0.071,0.013174237130817293,,,,,,,,,,,,,,,28,FAIL
5488,5488,,,2024-08-29 15:59:06.163183,2024-08-29 15:59:06.180137,0 days 00:00:00.016954,0.0149,N95,8,21,1.1x60x0.1,1.4x200x0.071,0.011144381348958822,,,,,,,,,,,,,,,28,FAIL
5489,5489,,,2024-08-29 15:59:06.182131,2024-08-29 15:59:06.196094,0 days 00:00:00.013963,0.01435,N95,16,22,1.1x60x0.1,1.1x60x0.1,0.008144806552627323,,,,,,,,,,,,,,,28,FAIL
5490,5490,,,2024-08-29 15:59:06.198088,2024-08-29 15:59:06.209059,0 days 00:00:00.010971,0.01435,N95,18,12,1.1x60x0.1,1.1x60x0.1,0.009303502995553626,,,,,,,,,,,,,,,28,FAIL
5491,5491,,,2024-08-29 15:59:06.211053,2024-08-29 15:59:06.224019,0 days 00:00:00.012966,0.01435,N95,5,16,1.1x60x0.1,1.4x200x0.071,0.024297967601571158,,,,,,,,,,,,,,,28,FAIL
5492,5492,,,2024-08-29 15:59:06.228008,2024-08-29 15:59:06.238978,0 days 00:00:00.010970,0.01435,N95,31,21,1.1x60x0.1,1.1x60x0.1,0.015388733361688738,,,,,,,,,,,,,,,28,FAIL
5493,5493,,,2024-08-29 15:59:06.239975,2024-08-29 15:59:06.251944,0 days 00:00:00.011969,0.01435,N95,22,14,1.1x60x0.1,1.1x60x0.1,0.011648773913608537,,,,,,,,,,,,,,,28,FAIL
5494,5494,,,2024-08-29 15:59:06.253941,2024-08-29 15:59:06.271891,0 days 00:00:00.017950,0.01435,N95,31,23,1.4x200x0.071,1.1x60x0.1,0.022265817173755344,,,,,,,,,,,,,,,28,FAIL
5495,5495,,,2024-08-29 15:59:06.275882,2024-08-29 15:59:06.298818,0 days 00:00:00.022936,0.01435,N95,18,3,1.1x60x0.1,1.1x60x0.1,0.015983219330609706,,,,,,,,,,,,,,,28,FAIL
5496,5496,3.880297999080585e-05,27379.96803033946,2024-08-29 15:59:06.302808,2024-08-29 15:59:06.638909,0 days 00:00:00.336101,0.0149,N95,18,16,1.1x60x0.1,1.1x60x0.1,0.012977908893005864,0.00012458046523751434,0.0006558811847553832,0.000548665955068954,3.1466293898638718,3.192483808439353,0.045881773470769834,0.000556661417910206,8.000232611660182e-06,4.0,27376.27887176264,1.2648434374463906,2.4243151393735944,0.006900000000000001,0.01105,28,COMPLETE
5497,5497,,,2024-08-29 15:59:06.641901,2024-08-29 15:59:06.663844,0 days 00:00:00.021943,0.01435,N95,34,14,1.1x60x0.1,1.1x60x0.1,0.016306631870166434,,,,,,,,,,,,,,,28,FAIL
5498,5498,3.605787084195915e-05,16990.397453475038,2024-08-29 15:59:06.666834,2024-08-29 15:59:06.999640,0 days 00:00:00.332806,0.01435,N95,23,15,1.1x60x0.1,1.1x60x0.1,0.0183653048453747,0.00019126544312524047,0.000558029934821185,0.0004389327640551628,2.7139654611562216,2.6762324807548934,0.03761042570763012,0.0004328301656173262,6.082777525882146e-06,5.0,16986.5199898,1.2334200061549663,2.644043668881184,0.0082,0.008825,28,COMPLETE
5499,5499,,,2024-08-29 15:59:07.003632,2024-08-29 15:59:07.028566,0 days 00:00:00.024934,0.01435,N95,15,15,1.1x60x0.1,1.1x60x0.1,0.024819216165377002,,,,,,,,,,,,,,,28,FAIL
