,number,values_0,values_1,datetime_start,datetime_complete,duration,params_core_inner_diameter,params_material,params_n_p_bot,params_n_p_top,params_primary_litz_wire,params_secondary_litz_wire,params_window_h_bot,user_attrs_air_gap_bot,user_attrs_air_gap_top,user_attrs_flux_bot_max,user_attrs_flux_density_bot_max,user_attrs_flux_density_mid_max,user_attrs_flux_density_top_max,user_attrs_flux_mid_max,user_attrs_flux_top_max,user_attrs_n_s_bot,user_attrs_p_hyst,user_attrs_primary_litz_wire_loss,user_attrs_secondary_litz_wire_loss,user_attrs_window_h_top,user_attrs_window_w,system_attrs_nsga2:generation,state
3964,3964,4.356709266892543e-05,66.67903620179742,2024-08-29 06:12:14.288090,2024-08-29 06:12:14.498621,0 days 00:00:00.210531,0.0149,N95,34,19,1.1x60x0.1,1.1x60x0.1,0.015490491250977206,0.0004326034413842566,0.000985157535362983,2.412419716454984e-05,0.13835359585105508,0.1579171977918133,0.23734873500233433,2.753542899820385e-05,4.1385607975935666e-05,8.0,59.858738211736735,1.9716677113134913,4.848630278747189,0.0082,0.01105,18,COMPLETE
3965,3965,,,2024-08-29 06:12:14.499620,2024-08-29 06:12:14.509650,0 days 00:00:00.010030,0.01435,N95,23,16,1.4x200x0.071,1.4x200x0.071,0.013934741155837557,,,,,,,,,,,,,,,18,FAIL
3966,3966,,,2024-08-29 06:12:14.511646,2024-08-29 06:12:14.525609,0 days 00:00:00.013963,0.01435,N95,34,23,1.1x60x0.1,1.1x60x0.1,0.012511504120885716,,,,,,,,,,,,,,,18,FAIL
3967,3967,,,2024-08-29 06:12:14.526606,2024-08-29 06:12:14.531592,0 days 00:00:00.004986,0.01435,N95,34,15,1.1x60x0.1,1.1x60x0.1,0.010294953629474787,,,,,,,,,,,,,,,18,FAIL
3968,3968,4.1770740296034104e-05,78.92489154604134,2024-08-29 06:12:14.533587,2024-08-29 06:12:14.748012,0 days 00:00:00.214425,0.01435,N95,34,18,1.1x60x0.1,1.1x60x0.1,0.022979377726257688,0.0003974881508967443,0.0008020568736040902,2.412419716454984e-05,0.14916233930188658,0.17168849298586847,0.27010756757180665,2.776737797932308e-05,4.368480841904319e-05,8.0,73.006583772672,1.6878379031594277,4.2304698702098955,0.009500000000000001,0.008825,18,COMPLETE
3969,3969,3.873575688020924e-05,124.77211378089433,2024-08-29 06:12:14.750008,2024-08-29 06:12:14.976402,0 days 00:00:00.226394,0.01435,N95,23,16,1.1x60x0.1,1.1x60x0.1,0.021137504232079298,0.00019339469554375884,0.0006533138571469244,3.7605450211454966e-05,0.2325182838533611,0.26116078818512467,0.30387101351828255,4.223783547049466e-05,4.91454094714236e-05,5.0,120.86219168464358,1.2658784273695707,2.644043668881184,0.0082,0.008825,18,COMPLETE
3970,3970,,,2024-08-29 06:12:14.979393,2024-08-29 06:12:14.989426,0 days 00:00:00.010033,0.012,N95,34,23,1.1x60x0.1,1.1x60x0.1,0.010423579811495005,,,,,,,,,,,,,,,18,FAIL
3971,3971,3.959742118202868e-05,107.97390711686351,2024-08-29 06:12:14.990423,2024-08-29 06:12:15.212064,0 days 00:00:00.221641,0.01435,N95,23,23,1.1x60x0.1,1.1x60x0.1,0.019429515772126038,0.00022153724485083528,0.0018519608078286175,3.7605450211454966e-05,0.2325182838533611,0.25183092848429073,0.2113885311431531,4.072890650093097e-05,3.418811093664251e-05,5.0,103.83677607211054,1.4930873758718013,2.644043668881184,0.0108,0.008825,18,COMPLETE
3972,3972,,,2024-08-29 06:12:15.214059,2024-08-29 06:12:15.227024,0 days 00:00:00.012965,0.01345,N95,38,15,1.1x60x0.1,1.1x60x0.1,0.005884303314206607,,,,,,,,,,,,,,,18,FAIL
3973,3973,3.086199198142643e-05,170.67665613666279,2024-08-29 06:12:15.228021,2024-08-29 06:12:15.430480,0 days 00:00:00.202459,0.01435,N95,18,15,1.1x60x0.1,1.1x60x0.1,0.012986430619654188,0.00011273473547771764,0.0005246583744754121,4.7697476639721074e-05,0.2949182990774419,0.32316612325531974,0.3241290810861681,5.2266029822287344e-05,5.242177010285185e-05,4.0,167.4902933014759,1.0711279000819447,2.1152349351049478,0.0082,0.008825,18,COMPLETE
3974,3974,,,2024-08-29 06:12:15.432475,2024-08-29 06:12:15.441451,0 days 00:00:00.008976,0.01435,N95,39,23,1.1x60x0.1,1.1x60x0.1,0.006334571825877546,,,,,,,,,,,,,,,18,FAIL
3975,3975,,,2024-08-29 06:12:15.442450,2024-08-29 06:12:15.451424,0 days 00:00:00.008974,0.01435,N95,23,18,1.1x60x0.1,1.1x60x0.1,0.008837452826061288,,,,,,,,,,,,,,,18,FAIL
3976,3976,,,2024-08-29 06:12:15.453419,2024-08-29 06:12:15.464389,0 days 00:00:00.010970,0.01435,N95,23,10,1.1x60x0.1,1.1x60x0.1,0.010009471386846129,,,,,,,,,,,,,,,18,FAIL
3977,3977,3.7005347408513106e-05,200.39763361672246,2024-08-29 06:12:15.465387,2024-08-29 06:12:15.679813,0 days 00:00:00.214426,0.01435,N95,18,15,1.1x60x0.1,1.1x60x0.1,0.01934615090050939,0.00010848274276763205,0.0005246583744754121,4.7697476639721074e-05,0.2949182990774419,0.32316612325531974,0.3241290810861681,5.2266029822287344e-05,5.242177010285185e-05,4.0,197.21127078153557,1.0711279000819447,2.1152349351049478,0.0082,0.008825,18,COMPLETE
3978,3978,3.884170864126235e-05,182.5812897357193,2024-08-29 06:12:15.681809,2024-08-29 06:12:15.911603,0 days 00:00:00.229794,0.01435,N95,18,23,1.1x60x0.1,1.1x60x0.1,0.018647187543025443,0.00012638359849625978,0.0017604151359143986,4.7697476639721074e-05,0.2949182990774419,0.31204497883548,0.2113885311431531,5.046739430922621e-05,3.418811093664251e-05,4.0,179.13525953081557,1.3307952697987795,2.1152349351049478,0.0108,0.008825,18,COMPLETE
3979,3979,4.499950366081326e-05,112.86362644886752,2024-08-29 06:12:15.912663,2024-08-29 06:12:16.141405,0 days 00:00:00.228742,0.01435,N95,23,22,1.4x200x0.071,1.1x60x0.1,0.02002185596909737,0.00021729539656487997,0.001840514797274906,3.7605450211454966e-05,0.2325182838533611,0.25280026455710464,0.22099710074056916,4.0885678341924596e-05,3.574211597921717e-05,5.0,109.39465343380499,0.8249293461813455,2.644043668881184,0.0158,0.008825,18,COMPLETE
3980,3980,,,2024-08-29 06:12:16.142337,2024-08-29 06:12:16.148382,0 days 00:00:00.006045,0.01435,N95,35,15,1.1x60x0.1,1.1x60x0.1,0.015886694938776223,,,,,,,,,,,,,,,18,FAIL
3981,3981,3.74249058453875e-05,69.78772888285337,2024-08-29 06:12:16.149380,2024-08-29 06:12:16.345854,0 days 00:00:00.196474,0.01435,N95,31,21,1.1x60x0.1,1.1x60x0.1,0.017180485903857772,0.0003546029189290856,0.0013785224971616305,2.7446998889213458e-05,0.16970755682379857,0.18971446107326884,0.23152077220440578,3.068273858748719e-05,3.744412150203703e-05,7.0,64.39822984326028,1.6878379031594277,3.7016611364336582,0.0108,0.008825,18,COMPLETE
3982,3982,3.876863913610037e-05,204.16803034675084,2024-08-29 06:12:16.347850,2024-08-29 06:12:16.546318,0 days 00:00:00.198468,0.01435,N95,18,16,1.1x60x0.1,1.1x60x0.1,0.02117154457894725,0.0001093949387174661,0.0006157428614636193,4.7697476639721074e-05,0.2949182990774419,0.32112243970180376,0.30387101351828255,5.193550252419244e-05,4.91454094714236e-05,4.0,200.94920909034934,1.1035863212965487,2.1152349351049478,0.0082,0.008825,18,COMPLETE
3983,3983,3.38664687960584e-05,133.43182432964736,2024-08-29 06:12:16.547315,2024-08-29 06:12:16.750772,0 days 00:00:00.203457,0.01435,N95,22,16,1.1x60x0.1,1.1x60x0.1,0.016096723090626434,0.0001605696214622998,0.0006064714471951399,3.850162050919795e-05,0.23805939500878825,0.2635712763586992,0.30387101351828255,4.2627686502828214e-05,4.91454094714236e-05,5.0,129.5543606546112,1.2334200061549663,2.644043668881184,0.0082,0.008825,18,COMPLETE
3984,3984,3.727078240573534e-05,67.1695902128946,2024-08-29 06:12:16.752767,2024-08-29 06:12:16.972179,0 days 00:00:00.219412,0.01435,N95,31,23,1.1x60x0.1,1.1x60x0.1,0.017020934340132632,0.00036134498273908205,0.0018059278049162423,2.7446998889213458e-05,0.16970755682379857,0.18768347120642062,0.2113885311431531,3.0354264253976727e-05,3.418811093664251e-05,7.0,61.7151743308723,1.7527547455886363,3.7016611364336582,0.0108,0.008825,18,COMPLETE
3985,3985,3.301605395071968e-05,336.1201064842839,2024-08-29 06:12:16.975171,2024-08-29 06:12:17.199571,0 days 00:00:00.224400,0.01435,N95,22,8,1.1x60x0.1,1.1x60x0.1,0.017816357205365292,0.0001446215080239525,0.00012280677585696146,3.850162050919795e-05,0.23805939500878825,0.4335217088896713,0.6077420270365651,7.011396596027193e-05,9.82908189428472e-05,5.0,332.5023101789646,0.9737526364381314,2.644043668881184,0.005600000000000001,0.008825,18,COMPLETE
3986,3986,3.736444938980601e-05,244.70301463046624,2024-08-29 06:12:17.202563,2024-08-29 06:12:17.415991,0 days 00:00:00.213428,0.0149,N95,23,9,1.1x60x0.1,1.1x60x0.1,0.013126694225904692,0.00018597483652200595,0.00019092833677129148,3.7605450211454966e-05,0.21566932258363924,0.3972684452857149,0.5010695516715946,6.927020756037459e-05,8.736961683808638e-05,5.0,240.48217982394678,1.1904408823024852,3.030393924216993,0.005600000000000001,0.01105,18,COMPLETE
3987,3987,4.021800890821258e-05,215.94035717000096,2024-08-29 06:12:17.417987,2024-08-29 06:12:17.651362,0 days 00:00:00.233375,0.01435,N95,18,15,1.1x60x0.1,1.1x60x0.1,0.02267196018139135,0.00010618704202296267,0.0005246583744754121,4.7697476639721074e-05,0.2949182990774419,0.32316612325531974,0.3241290810861681,5.2266029822287344e-05,5.242177010285185e-05,4.0,212.75399433481408,1.0711279000819447,2.1152349351049478,0.0082,0.008825,18,COMPLETE
3988,3988,,,2024-08-29 06:12:17.654354,2024-08-29 06:12:17.663330,0 days 00:00:00.008976,0.0149,N95,34,21,1.1x60x0.1,1.1x60x0.1,0.008955650956910066,,,,,,,,,,,,,,,18,FAIL
3989,3989,,,2024-08-29 06:12:17.665325,2024-08-29 06:12:17.674301,0 days 00:00:00.008976,0.01435,N95,18,15,1.1x60x0.1,1.1x60x0.1,0.010529118697938584,,,,,,,,,,,,,,,18,FAIL
3990,3990,4.323396168312977e-05,110.20197533203364,2024-08-29 06:12:17.676295,2024-08-29 06:12:17.873766,0 days 00:00:00.197471,0.01435,N95,26,23,1.1x60x0.1,1.1x60x0.1,0.023194132788265612,0.00022973258766654126,0.0017154285024184803,3.217217402876327e-05,0.19892379032656934,0.2151282360034201,0.2113885311431531,3.4792937716703374e-05,3.418811093664251e-05,6.0,105.4386602898606,1.5904626395156145,3.172852402657422,0.0108,0.008825,18,COMPLETE
3991,3991,4.242059719189404e-05,62.46082493146709,2024-08-29 06:12:17.875763,2024-08-29 06:12:18.071239,0 days 00:00:00.195476,0.0149,N95,34,21,1.1x60x0.1,1.1x60x0.1,0.014572983894507813,0.0004342276407007268,0.0012941356890876715,2.412419716454984e-05,0.13835359585105508,0.15563678611057344,0.2147440935735406,2.7137802173428026e-05,3.744412150203703e-05,8.0,55.5661243862625,2.0460702664573964,4.848630278747189,0.0082,0.01105,18,COMPLETE
3992,3992,,,2024-08-29 06:12:18.073234,2024-08-29 06:12:18.085203,0 days 00:00:00.011969,0.01435,N95,34,23,1.1x60x0.1,1.1x60x0.1,0.014474599054734307,,,,,,,,,,,,,,,18,FAIL
3993,3993,3.256084023480728e-05,174.1351610386182,2024-08-29 06:12:18.087196,2024-08-29 06:12:18.296636,0 days 00:00:00.209440,0.01435,N95,18,16,1.1x60x0.1,1.1x60x0.1,0.014745111167988547,0.000113743053965148,0.0006157428614636193,4.7697476639721074e-05,0.2949182990774419,0.32112243970180376,0.30387101351828255,5.193550252419244e-05,4.91454094714236e-05,4.0,170.9163397822167,1.1035863212965487,2.1152349351049478,0.0082,0.008825,18,COMPLETE
3994,3994,,,2024-08-29 06:12:18.299628,2024-08-29 06:12:18.307606,0 days 00:00:00.007978,0.01345,N95,15,21,1.1x60x0.1,1.1x60x0.1,0.008659267300707166,,,,,,,,,,,,,,,18,FAIL
3995,3995,,,2024-08-29 06:12:18.308604,2024-08-29 06:12:18.313592,0 days 00:00:00.004988,0.01435,N95,27,22,1.1x60x0.1,1.1x60x0.1,0.007629556310297662,,,,,,,,,,,,,,,18,FAIL
3996,3996,,,2024-08-29 06:12:18.314588,2024-08-29 06:12:18.321572,0 days 00:00:00.006984,0.01435,N95,7,23,1.1x60x0.1,1.1x60x0.1,0.010789391911741844,,,,,,,,,,,,,,,18,FAIL
3997,3997,3.532090407649162e-05,102.61452189874878,2024-08-29 06:12:18.322566,2024-08-29 06:12:18.539985,0 days 00:00:00.217419,0.01435,N95,23,20,1.1x60x0.1,1.1x60x0.1,0.016302382605193858,0.00021163445241766,0.0011957098788199375,3.7605450211454966e-05,0.2325182838533611,0.25502973752457664,0.24309681081462603,4.124625357620995e-05,3.931632757713888e-05,5.0,98.57476611763961,1.395712112227988,2.644043668881184,0.009500000000000001,0.008825,18,COMPLETE
3998,3998,3.3000791266434355e-05,165.6155001592847,2024-08-29 06:12:18.541980,2024-08-29 06:12:18.773360,0 days 00:00:00.231380,0.01435,N95,18,18,1.1x60x0.1,1.1x60x0.1,0.013900556979586124,0.00011862333563793512,0.0008503684018419482,4.7697476639721074e-05,0.2949182990774419,0.31771630044594373,0.27010756757180665,5.1384623694034266e-05,4.368480841904319e-05,4.0,162.331762060454,1.168503163725758,2.1152349351049478,0.009500000000000001,0.008825,18,COMPLETE
3999,3999,,,2024-08-29 06:12:18.775356,2024-08-29 06:12:18.785329,0 days 00:00:00.009973,0.01435,N95,23,20,1.4x200x0.071,1.1x60x0.1,0.007359613191354267,,,,,,,,,,,,,,,18,FAIL
4000,4000,,,2024-08-29 06:12:18.787323,2024-08-29 06:12:18.796300,0 days 00:00:00.008977,0.01435,N95,23,21,1.1x60x0.1,1.1x60x0.1,0.009482801203919512,,,,,,,,,,,,,,,18,FAIL
4001,4001,,,2024-08-29 06:12:18.798295,2024-08-29 06:12:18.808267,0 days 00:00:00.009972,0.01435,N95,33,20,1.1x60x0.1,1.1x60x0.1,0.010530099787573362,,,,,,,,,,,,,,,18,FAIL
4002,4002,,,2024-08-29 06:12:18.810262,2024-08-29 06:12:18.815248,0 days 00:00:00.004986,0.01435,N95,31,13,1.1x60x0.1,1.1x60x0.1,0.006775297102118152,,,,,,,,,,,,,,,18,FAIL
4003,4003,3.1664177809251996e-05,161.63448802093117,2024-08-29 06:12:18.816246,2024-08-29 06:12:19.001749,0 days 00:00:00.185503,0.01435,N95,22,12,1.1x60x0.1,1.1x60x0.1,0.01511686889378416,0.0001537416386805528,0.00030116888011185903,3.850162050919795e-05,0.23805939500878825,0.27378969412627924,0.40516135135771003,4.4280322993302734e-05,6.552721262856479e-05,5.0,157.88685803075344,1.1035863212965487,2.644043668881184,0.006900000000000001,0.008825,18,COMPLETE
4004,4004,,,2024-08-29 06:12:19.004742,2024-08-29 06:12:19.015711,0 days 00:00:00.010969,0.01435,N95,29,23,1.1x60x0.1,1.1x60x0.1,0.02092516121083874,,,,,,,,,,,,,,,18,FAIL
4005,4005,3.54405069571376e-05,192.82703448421316,2024-08-29 06:12:19.017709,2024-08-29 06:12:19.255071,0 days 00:00:00.237362,0.01435,N95,18,15,1.1x60x0.1,1.1x60x0.1,0.017726197819000172,0.00010958626321058106,0.0005246583744754121,4.7697476639721074e-05,0.2949182990774419,0.32316612325531974,0.3241290810861681,5.2266029822287344e-05,5.242177010285185e-05,4.0,189.64067164902627,1.0711279000819447,2.1152349351049478,0.0082,0.008825,18,COMPLETE
4006,4006,,,2024-08-29 06:12:19.258064,2024-08-29 06:12:19.266043,0 days 00:00:00.007979,0.01435,N95,31,15,1.1x60x0.1,1.1x60x0.1,0.01507155363191264,,,,,,,,,,,,,,,18,FAIL
4007,4007,,,2024-08-29 06:12:19.267041,2024-08-29 06:12:19.272026,0 days 00:00:00.004985,0.01435,N95,34,21,1.1x60x0.1,1.1x60x0.1,0.013565086536480683,,,,,,,,,,,,,,,18,FAIL
4008,4008,4.264845627082284e-05,121.32902583525811,2024-08-29 06:12:19.273025,2024-08-29 06:12:19.477477,0 days 00:00:00.204452,0.01435,N95,26,17,1.1x60x0.1,1.1x60x0.1,0.023888006268419325,0.00021985049820382369,0.0007095124322158477,3.217217402876327e-05,0.19892379032656934,0.22260570418263737,0.2859962480172071,3.600227726910877e-05,4.625450303192809e-05,6.0,116.7604613203727,1.395712112227988,3.172852402657422,0.009500000000000001,0.008825,18,COMPLETE
4009,4009,,,2024-08-29 06:12:19.479472,2024-08-29 06:12:19.490442,0 days 00:00:00.010970,0.01435,N95,4,8,1.1x60x0.1,1.1x60x0.1,0.024407930293979314,,,,,,,,,,,,,,,18,FAIL
4010,4010,,,2024-08-29 06:12:19.491440,2024-08-29 06:12:19.504405,0 days 00:00:00.012965,0.01435,N95,31,23,1.1x60x0.1,1.1x60x0.1,0.0071187814998208525,,,,,,,,,,,,,,,18,FAIL
4011,4011,,,2024-08-29 06:12:19.506400,2024-08-29 06:12:19.515377,0 days 00:00:00.008977,0.01435,N95,25,16,1.1x60x0.1,1.1x60x0.1,0.007367242282974018,,,,,,,,,,,,,,,18,FAIL
4012,4012,3.398803319993505e-05,149.3665366223274,2024-08-29 06:12:19.517371,2024-08-29 06:12:19.713844,0 days 00:00:00.196473,0.0149,N95,18,18,1.1x60x0.1,1.1x60x0.1,0.009124645456614905,0.00013157983546352602,0.0008795721407169348,4.7697476639721074e-05,0.27354764849229546,0.29469363937921644,0.2505347758357973,5.1384623694034266e-05,4.368480841904319e-05,4.0,145.60297549036352,1.3392459925902958,2.4243151393735944,0.006900000000000001,0.01105,18,COMPLETE
4013,4013,,,2024-08-29 06:12:19.715839,2024-08-29 06:12:19.727807,0 days 00:00:00.011968,0.012,N95,6,25,1.1x60x0.1,1.1x60x0.1,0.012123309061623379,,,,,,,,,,,,,,,18,FAIL
4014,4014,,,2024-08-29 06:12:19.728804,2024-08-29 06:12:19.737781,0 days 00:00:00.008977,0.01435,N95,34,15,1.1x60x0.1,1.1x60x0.1,0.015918368034644782,,,,,,,,,,,,,,,18,FAIL
4015,4015,3.291009739828322e-05,112.67674144186833,2024-08-29 06:12:19.738778,2024-08-29 06:12:19.955200,0 days 00:00:00.216422,0.01435,N95,22,21,1.1x60x0.1,1.1x60x0.1,0.012506668934286497,0.000172002147671906,0.0013237214281748805,3.850162050919795e-05,0.23805939500878825,0.25633570067416306,0.23152077220440578,4.145746850256275e-05,3.744412150203703e-05,5.0,108.63698566075917,1.395712112227988,2.644043668881184,0.0108,0.008825,18,COMPLETE
4016,4016,,,2024-08-29 06:12:19.956196,2024-08-29 06:12:19.968164,0 days 00:00:00.011968,0.01435,N95,22,17,1.1x60x0.1,1.1x60x0.1,0.010696853126316401,,,,,,,,,,,,,,,18,FAIL
4017,4017,3.645735790774847e-05,238.64037801415841,2024-08-29 06:12:19.970160,2024-08-29 06:12:20.145690,0 days 00:00:00.175530,0.01435,N95,31,9,1.1x60x0.1,1.1x60x0.1,0.02007886157742341,0.00031377211624430685,0.00016918773083903862,2.7446998889213458e-05,0.16970755682379857,0.4220095935826906,0.5402151351436133,6.82520982747259e-05,8.736961683808638e-05,7.0,233.64038002914057,1.2983368485841749,3.7016611364336582,0.006900000000000001,0.008825,18,COMPLETE
4018,4018,,,2024-08-29 06:12:20.147687,2024-08-29 06:12:20.153667,0 days 00:00:00.005980,0.01435,N95,34,23,1.1x60x0.1,1.1x60x0.1,0.013127041054564846,,,,,,,,,,,,,,,18,FAIL
4019,4019,3.180938642514451e-05,93.21928958942942,2024-08-29 06:12:20.154665,2024-08-29 06:12:20.366100,0 days 00:00:00.211435,0.01435,N95,23,20,1.1x60x0.1,1.1x60x0.1,0.012667191659641848,0.00021345471227423188,0.0011957098788199375,3.7605450211454966e-05,0.2325182838533611,0.25502973752457664,0.24309681081462603,4.124625357620995e-05,3.931632757713888e-05,5.0,89.17953380832026,1.395712112227988,2.644043668881184,0.009500000000000001,0.008825,18,COMPLETE
4020,4020,,,2024-08-29 06:12:20.368095,2024-08-29 06:12:20.373081,0 days 00:00:00.004986,0.012,N95,34,23,1.1x60x0.1,1.1x60x0.1,0.006023836342120656,,,,,,,,,,,,,,,18,FAIL
4021,4021,,,2024-08-29 06:12:20.374079,2024-08-29 06:12:20.379065,0 days 00:00:00.004986,0.01435,N95,34,15,1.1x60x0.1,1.1x60x0.1,0.015888751815418174,,,,,,,,,,,,,,,18,FAIL
4022,4022,4.059935236106965e-05,74.95628891426337,2024-08-29 06:12:20.380063,2024-08-29 06:12:20.595486,0 days 00:00:00.215423,0.01435,N95,31,21,1.1x60x0.1,1.1x60x0.1,0.020466734294641145,0.0003538006254250905,0.0013785224971616305,2.7446998889213458e-05,0.16970755682379857,0.18971446107326884,0.23152077220440578,3.068273858748719e-05,3.744412150203703e-05,7.0,69.56678987467028,1.6878379031594277,3.7016611364336582,0.0108,0.008825,18,COMPLETE
4023,4023,,,2024-08-29 06:12:20.596484,2024-08-29 06:12:20.607454,0 days 00:00:00.010970,0.01435,N95,7,16,1.1x60x0.1,1.1x60x0.1,0.00695706107760533,,,,,,,,,,,,,,,18,FAIL
4024,4024,,,2024-08-29 06:12:20.609448,2024-08-29 06:12:20.618425,0 days 00:00:00.008977,0.01435,N95,31,15,1.1x60x0.1,1.1x60x0.1,0.009046083710580825,,,,,,,,,,,,,,,18,FAIL
4025,4025,,,2024-08-29 06:12:20.620419,2024-08-29 06:12:20.629397,0 days 00:00:00.008978,0.01435,N95,34,15,1.1x60x0.1,1.1x60x0.1,0.016145249616034058,,,,,,,,,,,,,,,18,FAIL
4026,4026,,,2024-08-29 06:12:20.630394,2024-08-29 06:12:20.636377,0 days 00:00:00.005983,0.01435,N95,22,16,1.1x60x0.1,1.4x200x0.071,0.013641855751521596,,,,,,,,,,,,,,,18,FAIL
4027,4027,,,2024-08-29 06:12:20.638372,2024-08-29 06:12:20.645354,0 days 00:00:00.006982,0.01435,N95,11,17,1.1x60x0.1,1.1x60x0.1,0.008412721442479513,,,,,,,,,,,,,,,18,FAIL
4028,4028,,,2024-08-29 06:12:20.647348,2024-08-29 06:12:20.654329,0 days 00:00:00.006981,0.01345,N95,35,9,1.1x60x0.1,1.4x200x0.071,0.008301181322128644,,,,,,,,,,,,,,,18,FAIL
4029,4029,,,2024-08-29 06:12:20.655327,2024-08-29 06:12:20.663304,0 days 00:00:00.007977,0.01435,N95,34,23,1.1x60x0.1,1.1x60x0.1,0.007073587667548327,,,,,,,,,,,,,,,18,FAIL
4030,4030,,,2024-08-29 06:12:20.664302,2024-08-29 06:12:20.676270,0 days 00:00:00.011968,0.01435,N95,20,21,1.1x60x0.1,1.1x60x0.1,0.022813163068381714,,,,,,,,,,,,,,,18,FAIL
4031,4031,4.111610809778646e-05,91.73790553535864,2024-08-29 06:12:20.679263,2024-08-29 06:12:20.875736,0 days 00:00:00.196473,0.01435,N95,27,21,1.1x60x0.1,1.1x60x0.1,0.02100168982147848,0.00027495988405145473,0.0013970220973637518,3.179831775981402e-05,0.19661219938496108,0.21700117440146327,0.23152077220440578,3.509585020388289e-05,3.744412150203703e-05,6.0,87.0070489144002,1.5580042183010103,3.172852402657422,0.0108,0.008825,18,COMPLETE
4032,4032,,,2024-08-29 06:12:20.877731,2024-08-29 06:12:20.886707,0 days 00:00:00.008976,0.012,N95,27,23,1.1x60x0.1,1.1x60x0.1,0.008224118845024105,,,,,,,,,,,,,,,18,FAIL
4033,4033,3.8285627924106344e-05,151.823199034616,2024-08-29 06:12:20.887705,2024-08-29 06:12:21.084181,0 days 00:00:00.196476,0.01435,N95,26,12,1.1x60x0.1,1.4x200x0.071,0.02197152203633887,0.0002131986204163907,0.00029565163374893665,3.217217402876327e-05,0.19892379032656934,0.24285573640879518,0.40516135135771003,3.927733833545221e-05,6.552721262856479e-05,6.0,148.79782560339123,1.2334200061549663,1.7919534250698081,0.006900000000000001,0.008825,18,COMPLETE
4034,4034,,,2024-08-29 06:12:21.086175,2024-08-29 06:12:21.092158,0 days 00:00:00.005983,0.01435,N95,23,14,1.1x60x0.1,1.1x60x0.1,0.011970716147974084,,,,,,,,,,,,,,,18,FAIL
4035,4035,,,2024-08-29 06:12:21.093156,2024-08-29 06:12:21.102131,0 days 00:00:00.008975,0.01435,N95,26,22,1.1x60x0.1,1.1x60x0.1,0.013158958567924029,,,,,,,,,,,,,,,18,FAIL
4036,4036,,,2024-08-29 06:12:21.104126,2024-08-29 06:12:21.117091,0 days 00:00:00.012965,0.0149,N95,18,15,1.1x60x0.1,1.1x60x0.1,0.006400194248634543,,,,,,,,,,,,,,,18,FAIL
4037,4037,,,2024-08-29 06:12:21.120083,2024-08-29 06:12:21.131053,0 days 00:00:00.010970,0.01435,N95,33,23,1.1x60x0.1,1.1x60x0.1,0.01385605495768879,,,,,,,,,,,,,,,18,FAIL
4038,4038,,,2024-08-29 06:12:21.132051,2024-08-29 06:12:21.138035,0 days 00:00:00.005984,0.01435,N95,23,22,1.4x200x0.071,1.1x60x0.1,0.01809887655491879,,,,,,,,,,,,,,,18,FAIL
