,number,values_0,values_1,datetime_start,datetime_complete,duration,params_core_inner_diameter,params_material,params_n_p_bot,params_n_p_top,params_primary_litz_wire,params_secondary_litz_wire,params_window_h_bot,user_attrs_air_gap_bot,user_attrs_air_gap_top,user_attrs_flux_bot_max,user_attrs_flux_density_bot_max,user_attrs_flux_density_mid_max,user_attrs_flux_density_top_max,user_attrs_flux_mid_max,user_attrs_flux_top_max,user_attrs_n_s_bot,user_attrs_p_hyst,user_attrs_primary_litz_wire_loss,user_attrs_secondary_litz_wire_loss,user_attrs_window_h_top,user_attrs_window_w,system_attrs_nsga2:generation,state
1709,1709,4.0981814553466235e-05,59.03573519018729,2024-08-29 06:08:49.407366,2024-08-29 06:08:49.668667,0 days 00:00:00.261301,0.0149,N95,34,23,1.1x60x0.1,1.1x60x0.1,0.013421567529101772,0.0004356800246101509,0.0016677865198760882,2.412419716454984e-05,0.13835359585105508,0.15375296776520136,0.19607069413236314,2.680932783991756e-05,3.418811093664251e-05,8.0,52.0666320898388,2.120472821601302,4.848630278747189,0.0082,0.01105,1,COMPLETE
1710,1710,3.843384364010017e-05,115.1367463654126,2024-08-29 06:08:49.669665,2024-08-29 06:08:49.933750,0 days 00:00:00.264085,0.01435,N95,23,18,1.1x60x0.1,1.1x60x0.1,0.01952495781034461,0.00020208308620736,0.0008998346701759908,3.7605450211454966e-05,0.2325182838533611,0.25775464892926464,0.27010756757180665,4.168695664033649e-05,4.368480841904319e-05,5.0,111.16190742673264,1.3307952697987795,2.644043668881184,0.009500000000000001,0.008825,1,COMPLETE
1711,1711,4.392887832001016e-05,318.5364356167908,2024-08-29 06:08:49.934747,2024-08-29 06:08:50.219670,0 days 00:00:00.284923,0.0149,N95,26,8,1.1x60x0.1,1.1x60x0.1,0.018380017902399154,0.00022689805491827247,0.00012946482642149355,3.217217402876327e-05,0.18450918523275067,0.4129198140643298,0.563703245630544,7.199927798306795e-05,9.82908189428472e-05,6.0,313.635119470284,1.2648434374463906,3.6364727090603917,0.005600000000000001,0.01105,1,COMPLETE
1712,1712,4.141048671113717e-05,137.4413962800843,2024-08-29 06:08:50.221727,2024-08-29 06:08:50.506965,0 days 00:00:00.285238,0.0149,N95,31,11,1.1x60x0.1,1.1x60x0.1,0.016364621528054374,0.00034860717621945333,0.0002816445989456705,2.7446998889213458e-05,0.1574100462593967,0.30044183745518366,0.40996599682221385,5.2386915415275865e-05,7.148423195843433e-05,7.0,131.6363911281585,1.5624536580220119,4.2425514939037905,0.005600000000000001,0.01105,1,COMPLETE
1713,1713,,,2024-08-29 06:08:50.508959,2024-08-29 06:08:50.516939,0 days 00:00:00.007980,0.01345,N95,26,15,1.1x60x0.1,1.1x60x0.1,0.009255059611924587,,,,,,,,,,,,,,,1,FAIL
1714,1714,,,2024-08-29 06:08:50.518933,2024-08-29 06:08:50.526914,0 days 00:00:00.007981,0.01345,N95,10,17,1.4x200x0.071,1.4x200x0.071,0.00916567757968808,,,,,,,,,,,,,,,1,FAIL
1715,1715,4.3731423116149124e-05,109.75686141002252,2024-08-29 06:08:50.527910,2024-08-29 06:08:50.779237,0 days 00:00:00.251327,0.0149,N95,35,12,1.1x60x0.1,1.1x60x0.1,0.018222000181662253,0.0004587644872184485,0.00033526609145445417,2.409555951986295e-05,0.1381893573857453,0.27026059257442436,0.37580216375369596,4.7124325038088755e-05,6.552721262856479e-05,8.0,103.15977108539356,1.7484600458817754,4.848630278747189,0.005600000000000001,0.01105,1,COMPLETE
1716,1716,4.781423207408878e-05,80.20105788393097,2024-08-29 06:08:50.780234,2024-08-29 06:08:51.069461,0 days 00:00:00.289227,0.0149,N95,30,21,1.1x60x0.1,1.4x200x0.071,0.01888935476701856,0.0003319284400321355,0.0013110362845557117,2.758481266046025e-05,0.15820041580743732,0.17525377639586823,0.2147440935735406,3.05583431323127e-05,3.744412150203703e-05,7.0,75.80472422017895,1.8972651561695857,2.4990685075824333,0.0082,0.01105,1,COMPLETE
1717,1717,4.4479395721729886e-05,226.54105791313674,2024-08-29 06:08:51.071455,2024-08-29 06:08:51.337743,0 days 00:00:00.266288,0.0149,N95,30,9,1.1x60x0.1,1.1x60x0.1,0.0188205811458322,0.0003160087290718446,0.00016342242049695966,2.758481266046025e-05,0.15820041580743732,0.36212253063837674,0.5010695516715946,6.314194635208912e-05,8.736961683808638e-05,7.0,220.84765659392679,1.4508498253061541,4.2425514939037905,0.005600000000000001,0.01105,1,COMPLETE
1718,1718,3.871003487411432e-05,88.55211638385462,2024-08-29 06:08:51.339738,2024-08-29 06:08:51.580095,0 days 00:00:00.240357,0.01435,N95,34,15,1.1x60x0.1,1.1x60x0.1,0.02111087631419832,0.00039530049119556877,0.0004919656916685144,2.412419716454984e-05,0.14916233930188658,0.18647743278770848,0.3241290810861681,3.0159210269591635e-05,5.242177010285185e-05,8.0,82.7311838741291,1.5904626395156145,4.2304698702098955,0.0082,0.008825,1,COMPLETE
1719,1719,,,2024-08-29 06:08:51.582090,2024-08-29 06:08:51.596054,0 days 00:00:00.013964,0.0149,N95,29,12,1.1x60x0.1,1.1x60x0.1,0.009145519418386934,,,,,,,,,,,,,,,2,FAIL
1720,1720,,,2024-08-29 06:08:51.597050,2024-08-29 06:08:51.605028,0 days 00:00:00.007978,0.0149,N95,34,15,1.1x60x0.1,1.1x60x0.1,0.009960486679357065,,,,,,,,,,,,,,,2,FAIL
1721,1721,,,2024-08-29 06:08:51.606025,2024-08-29 06:08:51.612010,0 days 00:00:00.005985,0.012,N95,34,10,1.1x60x0.1,1.1x60x0.1,0.010660176785543478,,,,,,,,,,,,,,,2,FAIL
1722,1722,,,2024-08-29 06:08:51.613012,2024-08-29 06:08:51.620985,0 days 00:00:00.007973,0.0149,N95,26,17,1.1x60x0.1,1.1x60x0.1,0.008197025480016062,,,,,,,,,,,,,,,2,FAIL
1723,1723,,,2024-08-29 06:08:51.621983,2024-08-29 06:08:51.629962,0 days 00:00:00.007979,0.0149,N95,22,21,1.1x60x0.1,1.1x60x0.1,0.007711346947737697,,,,,,,,,,,,,,,2,FAIL
1724,1724,,,2024-08-29 06:08:51.630958,2024-08-29 06:08:51.637939,0 days 00:00:00.006981,0.0149,N95,26,7,1.1x60x0.1,1.1x60x0.1,0.005330822496826749,,,,,,,,,,,,,,,2,FAIL
1725,1725,4.127752753447449e-05,73.54005847391585,2024-08-29 06:08:51.638937,2024-08-29 06:08:51.857353,0 days 00:00:00.218416,0.0149,N95,34,16,1.1x60x0.1,1.1x60x0.1,0.014958218122945444,0.00042972427542472,0.0006174778751082754,2.412419716454984e-05,0.13835359585105508,0.16240675828925424,0.281851622815272,2.8318256809481255e-05,4.91454094714236e-05,8.0,66.83136431657103,1.8600638785976336,4.848630278747189,0.006900000000000001,0.01105,2,COMPLETE
1726,1726,,,2024-08-29 06:08:51.858350,2024-08-29 06:08:51.862339,0 days 00:00:00.003989,0.01435,N95,27,15,1.1x60x0.1,1.1x60x0.1,0.010923978249710392,,,,,,,,,,,,,,,2,FAIL
1727,1727,,,2024-08-29 06:08:51.862339,2024-08-29 06:08:51.867326,0 days 00:00:00.004987,0.01345,N95,26,9,1.1x60x0.1,1.1x60x0.1,0.0037406544109503436,,,,,,,,,,,,,,,2,FAIL
1728,1728,,,2024-08-29 06:08:51.868323,2024-08-29 06:08:51.872312,0 days 00:00:00.003989,0.01435,N95,34,17,1.1x60x0.1,1.1x60x0.1,0.011416266603567503,,,,,,,,,,,,,,,2,FAIL
1729,1729,,,2024-08-29 06:08:51.873310,2024-08-29 06:08:51.877299,0 days 00:00:00.003989,0.0149,N95,34,23,1.1x60x0.1,1.4x200x0.071,0.008958136412487341,,,,,,,,,,,,,,,2,FAIL
1730,1730,,,2024-08-29 06:08:51.878296,2024-08-29 06:08:51.882285,0 days 00:00:00.003989,0.012,N95,18,23,1.1x60x0.1,1.1x60x0.1,0.00447717122393658,,,,,,,,,,,,,,,2,FAIL
1731,1731,4.052910423614019e-05,94.8268227873213,2024-08-29 06:08:51.883283,2024-08-29 06:08:52.115662,0 days 00:00:00.232379,0.0149,N95,23,21,1.1x60x0.1,1.4x200x0.071,0.013059276482327,0.00023514676352919992,0.001431553675467792,3.7605450211454966e-05,0.21566932258363924,0.23546633431675332,0.2147440935735406,4.105738083444143e-05,3.744412150203703e-05,5.0,91.40491764016794,1.6368562131659172,1.7850489339874525,0.0082,0.01105,2,COMPLETE
1732,1732,,,2024-08-29 06:08:52.117656,2024-08-29 06:08:52.124637,0 days 00:00:00.006981,0.012,N95,23,18,1.1x60x0.1,1.4x200x0.071,0.014124517483165178,,,,,,,,,,,,,,,2,FAIL
1733,1733,3.141988205136467e-05,241.04708983881883,2024-08-29 06:08:52.125635,2024-08-29 06:08:52.363997,0 days 00:00:00.238362,0.01435,N95,26,9,1.1x60x0.1,1.1x60x0.1,0.01486396920331327,0.0002125737950712932,0.0001545272890015145,3.217217402876327e-05,0.19892379032656934,0.377737767398712,0.5402151351436133,6.109196476719602e-05,8.736961683808638e-05,6.0,236.73819269365026,1.1360447425111533,3.172852402657422,0.006900000000000001,0.008825,2,COMPLETE
1734,1734,4.445960290470916e-05,90.10911582220463,2024-08-29 06:08:52.364994,2024-08-29 06:08:52.572441,0 days 00:00:00.207447,0.01435,N95,30,21,1.1x60x0.1,1.4x200x0.071,0.024462940270828452,0.0003035032076936868,0.0012877700464370258,2.758481266046025e-05,0.1705596732431335,0.1889453114528364,0.23152077220440578,3.05583431323127e-05,3.744412150203703e-05,7.0,86.3631240110117,1.655379481944823,2.0906123292481094,0.0108,0.008825,2,COMPLETE
1735,1735,,,2024-08-29 06:08:52.573438,2024-08-29 06:08:52.580418,0 days 00:00:00.006980,0.0149,N95,20,16,1.1x60x0.1,1.1x60x0.1,0.011443852885393842,,,,,,,,,,,,,,,2,FAIL
1736,1736,,,2024-08-29 06:08:52.581415,2024-08-29 06:08:52.588396,0 days 00:00:00.006981,0.01435,N95,18,15,1.1x60x0.1,1.1x60x0.1,0.01072237370170934,,,,,,,,,,,,,,,2,FAIL
1737,1737,,,2024-08-29 06:08:52.589394,2024-08-29 06:08:52.593385,0 days 00:00:00.003991,0.012,N95,34,16,1.1x60x0.1,1.1x60x0.1,0.013794497013969498,,,,,,,,,,,,,,,2,FAIL
1738,1738,,,2024-08-29 06:08:52.593385,2024-08-29 06:08:52.600365,0 days 00:00:00.006980,0.0149,N95,15,16,1.1x60x0.1,1.1x60x0.1,0.014513314962078309,,,,,,,,,,,,,,,2,FAIL
1739,1739,,,2024-08-29 06:08:52.600365,2024-08-29 06:08:52.603357,0 days 00:00:00.002992,0.0149,N95,23,16,1.1x60x0.1,1.1x60x0.1,0.00928263708981114,,,,,,,,,,,,,,,2,FAIL
1740,1740,3.599364776662136e-05,96.64465910842208,2024-08-29 06:08:52.604355,2024-08-29 06:08:52.843713,0 days 00:00:00.239358,0.0149,N95,23,17,1.1x60x0.1,1.1x60x0.1,0.010729681111828822,0.00021960693112838936,0.0008054986166768366,3.7605450211454966e-05,0.21566932258363924,0.2405637251336424,0.26527211559084424,4.194619373688151e-05,4.625450303192809e-05,5.0,92.12621408132698,1.4880511028781065,3.030393924216993,0.006900000000000001,0.01105,2,COMPLETE
1741,1741,,,2024-08-29 06:08:52.844711,2024-08-29 06:08:52.852690,0 days 00:00:00.007979,0.01345,N95,34,23,1.1x60x0.1,1.1x60x0.1,0.002959764600688327,,,,,,,,,,,,,,,2,FAIL
1742,1742,4.828216977923521e-05,76.30039503804963,2024-08-29 06:08:52.853688,2024-08-29 06:08:53.095042,0 days 00:00:00.241354,0.0149,N95,31,19,1.1x60x0.1,1.1x60x0.1,0.019263831854318486,0.00037686630809979894,0.0010691641963133996,2.7446998889213458e-05,0.1574100462593967,0.17824760284542254,0.23734873500233433,3.1080365412263017e-05,4.1385607975935666e-05,7.0,70.19777966554821,1.8600638785976336,4.2425514939037905,0.0082,0.01105,2,COMPLETE
1743,1743,3.865431227420827e-05,165.5840738422929,2024-08-29 06:08:53.096039,2024-08-29 06:08:53.323652,0 days 00:00:00.227613,0.01435,N95,27,11,1.1x60x0.1,1.1x60x0.1,0.022353191201733243,0.000238148818641836,0.0002666294146641128,3.179831775981402e-05,0.19661219938496108,0.3229283493961929,0.4419942014811383,5.222757438182565e-05,7.148423195843433e-05,6.0,161.1778014334805,1.2334200061549663,3.172852402657422,0.006900000000000001,0.008825,2,COMPLETE
1744,1744,,,2024-08-29 06:08:53.324654,2024-08-29 06:08:53.327704,0 days 00:00:00.003050,0.0149,N95,35,23,1.4x200x0.071,1.1x60x0.1,0.01549430973056222,,,,,,,,,,,,,,,2,FAIL
1745,1745,3.4617955082685056e-05,108.8423298434787,2024-08-29 06:08:53.328639,2024-08-29 06:08:53.585019,0 days 00:00:00.256380,0.0149,N95,23,14,1.1x60x0.1,1.1x60x0.1,0.00962875382250283,0.00020782748713615195,0.000506565679416261,3.7605450211454966e-05,0.21566932258363924,0.24629828980264262,0.32211614036031083,4.29461082521266e-05,5.616618225305554e-05,5.0,104.43548864909945,1.3764472701622488,3.030393924216993,0.006900000000000001,0.01105,2,COMPLETE
1746,1746,4.679570719157973e-05,89.38159052544935,2024-08-29 06:08:53.586018,2024-08-29 06:08:53.834352,0 days 00:00:00.248334,0.0149,N95,31,15,1.4x200x0.071,1.1x60x0.1,0.01847425859684536,0.0003625181960478785,0.0005845951321889712,2.7446998889213458e-05,0.1574100462593967,0.1912566032705633,0.3006417310029569,3.3348695983935794e-05,5.242177010285185e-05,7.0,84.13102465567943,1.0080143758661382,4.2425514939037905,0.0078000000000000005,0.01105,2,COMPLETE
1747,1747,,,2024-08-29 06:08:53.835350,2024-08-29 06:08:53.842330,0 days 00:00:00.006980,0.0149,N95,15,16,1.1x60x0.1,1.4x200x0.071,0.018215782710960096,,,,,,,,,,,,,,,2,FAIL
1748,1748,,,2024-08-29 06:08:53.843328,2024-08-29 06:08:53.850309,0 days 00:00:00.006981,0.01345,N95,26,9,1.1x60x0.1,1.1x60x0.1,0.00935097037518897,,,,,,,,,,,,,,,2,FAIL
1749,1749,,,2024-08-29 06:08:53.851307,2024-08-29 06:08:53.858288,0 days 00:00:00.006981,0.01435,N95,27,15,1.4x200x0.071,1.1x60x0.1,0.016183770145330685,,,,,,,,,,,,,,,2,FAIL
1750,1750,,,2024-08-29 06:08:53.859285,2024-08-29 06:08:53.863274,0 days 00:00:00.003989,0.01435,N95,38,21,1.1x60x0.1,1.1x60x0.1,0.016626968786031156,,,,,,,,,,,,,,,2,FAIL
1751,1751,,,2024-08-29 06:08:53.863274,2024-08-29 06:08:53.868261,0 days 00:00:00.004987,0.01345,N95,23,7,1.1x60x0.1,1.4x200x0.071,0.006376562257760999,,,,,,,,,,,,,,,2,FAIL
1752,1752,,,2024-08-29 06:08:53.869258,2024-08-29 06:08:53.873248,0 days 00:00:00.003990,0.01435,N95,32,17,1.1x60x0.1,1.1x60x0.1,0.009314241519535325,,,,,,,,,,,,,,,2,FAIL
1753,1753,3.788017985540817e-05,106.41039758290333,2024-08-29 06:08:53.873248,2024-08-29 06:08:54.079696,0 days 00:00:00.206448,0.01435,N95,27,15,1.1x60x0.1,1.1x60x0.1,0.020251794358860806,0.00025363842028163175,0.000549623307057294,3.179831775981402e-05,0.19661219938496108,0.226343727788965,0.3241290810861681,3.660683213803102e-05,5.242177010285185e-05,6.0,101.87429148923252,1.363253691013384,3.172852402657422,0.0082,0.008825,2,COMPLETE
1754,1754,,,2024-08-29 06:08:54.080693,2024-08-29 06:08:54.085682,0 days 00:00:00.004989,0.0149,N95,23,17,1.1x60x0.1,1.1x60x0.1,0.007935281200720621,,,,,,,,,,,,,,,2,FAIL
1755,1755,,,2024-08-29 06:08:54.086680,2024-08-29 06:08:54.091664,0 days 00:00:00.004984,0.01435,N95,23,6,1.1x60x0.1,1.4x200x0.071,0.008778422194941883,,,,,,,,,,,,,,,2,FAIL
1756,1756,,,2024-08-29 06:08:54.092661,2024-08-29 06:08:54.096736,0 days 00:00:00.004075,0.01435,N95,6,23,1.1x60x0.1,1.1x60x0.1,0.00850104062025639,,,,,,,,,,,,,,,2,FAIL
1757,1757,4.750267587429992e-05,98.06095223949004,2024-08-29 06:08:54.097732,2024-08-29 06:08:54.312393,0 days 00:00:00.214661,0.0149,N95,30,15,1.1x60x0.1,1.1x60x0.1,0.019940025300843874,0.00032355737517846076,0.0005348240160794308,2.758481266046025e-05,0.15820041580743732,0.18391934078457967,0.3006417310029569,3.206932506646083e-05,5.242177010285185e-05,7.0,92.14434325484838,1.67405749073787,4.2425514939037905,0.006900000000000001,0.01105,2,COMPLETE
1758,1758,4.623874404825805e-05,76.81323860337889,2024-08-29 06:08:54.313390,2024-08-29 06:08:54.590714,0 days 00:00:00.277324,0.0149,N95,31,18,1.1x60x0.1,1.1x60x0.1,0.018928537011791112,0.00037329351604024273,0.0009036094649650601,2.7446998889213458e-05,0.1574100462593967,0.17957784299281246,0.2505347758357973,3.1312314393382247e-05,4.368480841904319e-05,7.0,70.74782450844943,1.8228626010256805,4.2425514939037905,0.006900000000000001,0.01105,2,COMPLETE
1759,1759,,,2024-08-29 06:08:54.591710,2024-08-29 06:08:54.599689,0 days 00:00:00.007979,0.01435,N95,27,25,1.1x60x0.1,1.4x200x0.071,0.01899809243843821,,,,,,,,,,,,,,,2,FAIL
1760,1760,,,2024-08-29 06:08:54.600688,2024-08-29 06:08:54.608666,0 days 00:00:00.007978,0.0149,N95,34,16,1.1x60x0.1,1.4x200x0.071,0.011630822447266494,,,,,,,,,,,,,,,2,FAIL
1761,1761,,,2024-08-29 06:08:54.609663,2024-08-29 06:08:54.616643,0 days 00:00:00.006980,0.01435,N95,26,11,1.1x60x0.1,1.1x60x0.1,0.009164185729899705,,,,,,,,,,,,,,,2,FAIL
1762,1762,,,2024-08-29 06:08:54.617641,2024-08-29 06:08:54.625620,0 days 00:00:00.007979,0.01435,N95,26,15,1.4x200x0.071,1.4x200x0.071,0.017691279073150632,,,,,,,,,,,,,,,2,FAIL
1763,1763,,,2024-08-29 06:08:54.626618,2024-08-29 06:08:54.633599,0 days 00:00:00.006981,0.0149,N95,34,11,1.1x60x0.1,1.4x200x0.071,0.009432022015721898,,,,,,,,,,,,,,,2,FAIL
1764,1764,,,2024-08-29 06:08:54.634596,2024-08-29 06:08:54.643572,0 days 00:00:00.008976,0.01435,N95,20,23,1.1x60x0.1,1.1x60x0.1,0.023873783970237997,,,,,,,,,,,,,,,2,FAIL
1765,1765,4.106839524892014e-05,161.80550447011493,2024-08-29 06:08:54.644570,2024-08-29 06:08:54.885923,0 days 00:00:00.241353,0.01435,N95,22,15,1.1x60x0.1,1.4x200x0.071,0.02355229655810736,0.00015384036364440404,0.0005164216285503456,3.850162050919795e-05,0.23805939500878825,0.2656149599122152,0.3241290810861681,4.295821380092312e-05,5.242177010285185e-05,5.0,159.11124836428306,1.2009615849403619,1.493294520891507,0.0082,0.008825,2,COMPLETE
1766,1766,,,2024-08-29 06:08:54.886921,2024-08-29 06:08:54.890982,0 days 00:00:00.004061,0.01345,N95,27,9,1.1x60x0.1,1.1x60x0.1,0.005837594570380076,,,,,,,,,,,,,,,2,FAIL
1767,1767,4.2963433654756813e-05,94.17155317686024,2024-08-29 06:08:54.891980,2024-08-29 06:08:55.144810,0 days 00:00:00.252830,0.0149,N95,26,21,1.1x60x0.1,1.1x60x0.1,0.01500740030348139,0.000250402180394001,0.0013280169119848795,3.217217402876327e-05,0.18450918523275067,0.2013776468820846,0.2147440935735406,3.511346436666869e-05,3.744412150203703e-05,6.0,88.78662042191809,1.7484600458817754,3.6364727090603917,0.0082,0.01105,2,COMPLETE
1768,1768,,,2024-08-29 06:08:55.145810,2024-08-29 06:08:55.150794,0 days 00:00:00.004984,0.0149,N95,34,14,1.4x200x0.071,1.1x60x0.1,0.00870762657636568,,,,,,,,,,,,,,,2,FAIL
1769,1769,,,2024-08-29 06:08:55.151792,2024-08-29 06:08:55.155781,0 days 00:00:00.003989,0.0149,N95,34,19,1.1x60x0.1,1.1x60x0.1,0.007954323447518155,,,,,,,,,,,,,,,2,FAIL
1770,1770,,,2024-08-29 06:08:55.156778,2024-08-29 06:08:55.160767,0 days 00:00:00.003989,0.0149,N95,38,19,1.1x60x0.1,1.1x60x0.1,0.009181146281569586,,,,,,,,,,,,,,,2,FAIL
1771,1771,,,2024-08-29 06:08:55.161765,2024-08-29 06:08:55.166751,0 days 00:00:00.004986,0.0149,N95,34,14,1.1x60x0.1,1.1x60x0.1,0.009224752256940487,,,,,,,,,,,,,,,2,FAIL
1772,1772,,,2024-08-29 06:08:55.166751,2024-08-29 06:08:55.171738,0 days 00:00:00.004987,0.0149,N95,35,0,1.1x60x0.1,1.1x60x0.1,0.01772943327074545,,,,,,,,,,,,,,,2,FAIL
1773,1773,,,2024-08-29 06:08:55.172735,2024-08-29 06:08:55.178719,0 days 00:00:00.005984,0.0149,N95,11,18,1.1x60x0.1,1.1x60x0.1,0.01025154208030502,,,,,,,,,,,,,,,2,FAIL
1774,1774,3.796479171740187e-05,461.44292760183515,2024-08-29 06:08:55.179719,2024-08-29 06:08:55.429050,0 days 00:00:00.249331,0.01435,N95,27,7,1.1x60x0.1,1.1x60x0.1,0.022939386193829306,0.00022357795953851676,0.00010288706063038573,3.179831775981402e-05,0.19661219938496108,0.5751752644942191,0.6945623166132172,9.302375887755432e-05,0.00011233236450611108,6.0,457.16648887788114,1.1035863212965487,3.172852402657422,0.005600000000000001,0.008825,2,COMPLETE
1775,1775,4.23331728607527e-05,137.29697889500935,2024-08-29 06:08:55.431050,2024-08-29 06:08:55.657439,0 days 00:00:00.226389,0.0149,N95,22,15,1.1x60x0.1,1.4x200x0.071,0.015803020716664073,0.00017234307362121772,0.0005519910187025428,3.850162050919795e-05,0.2208089084667231,0.2463677157899335,0.3006417310029569,4.295821380092312e-05,5.242177010285185e-05,5.0,134.13548269085965,1.3764472701622488,1.7850489339874525,0.006900000000000001,0.01105,2,COMPLETE
1776,1776,,,2024-08-29 06:08:55.658437,2024-08-29 06:08:55.665418,0 days 00:00:00.006981,0.0149,N95,16,15,1.1x60x0.1,1.1x60x0.1,0.018777949048689624,,,,,,,,,,,,,,,2,FAIL
1777,1777,,,2024-08-29 06:08:55.666415,2024-08-29 06:08:55.671442,0 days 00:00:00.005027,0.0149,N95,34,16,1.1x60x0.1,1.1x60x0.1,0.011946363345671639,,,,,,,,,,,,,,,2,FAIL
1778,1778,,,2024-08-29 06:08:55.672440,2024-08-29 06:08:55.677428,0 days 00:00:00.004988,0.01435,N95,23,18,1.1x60x0.1,1.1x60x0.1,0.010569495074497287,,,,,,,,,,,,,,,2,FAIL
1779,1779,,,2024-08-29 06:08:55.677428,2024-08-29 06:08:55.682488,0 days 00:00:00.005060,0.01345,N95,31,15,1.1x60x0.1,1.4x200x0.071,0.008676209621803484,,,,,,,,,,,,,,,2,FAIL
1780,1780,,,2024-08-29 06:08:55.683484,2024-08-29 06:08:55.689468,0 days 00:00:00.005984,0.0149,N95,34,16,1.1x60x0.1,1.4x200x0.071,0.01003770336231206,,,,,,,,,,,,,,,2,FAIL
1781,1781,4.145120129360908e-05,59.53504948275537,2024-08-29 06:08:55.689468,2024-08-29 06:08:55.937853,0 days 00:00:00.248385,0.0149,N95,34,23,1.1x60x0.1,1.1x60x0.1,0.013797204237434336,0.00043581973988187977,0.0016677865198760882,2.412419716454984e-05,0.13835359585105508,0.15375296776520136,0.19607069413236314,2.680932783991756e-05,3.418811093664251e-05,8.0,52.56594638240688,2.120472821601302,4.848630278747189,0.0082,0.01105,2,COMPLETE
1782,1782,4.378751668252135e-05,75.05388683822515,2024-08-29 06:08:55.939848,2024-08-29 06:08:56.159329,0 days 00:00:00.219481,0.01435,N95,34,21,1.1x60x0.1,1.1x60x0.1,0.023767183623103753,0.0003999080701691767,0.0012699694300996826,2.412419716454984e-05,0.14916233930188658,0.16779576240774277,0.23152077220440578,2.7137802173428026e-05,3.744412150203703e-05,8.0,69.038203801212,1.7852131668032407,4.2304698702098955,0.0108,0.008825,2,COMPLETE
1783,1783,3.619263159035775e-05,102.9123751645406,2024-08-29 06:08:56.160327,2024-08-29 06:08:56.370764,0 days 00:00:00.210437,0.01435,N95,27,15,1.1x60x0.1,1.1x60x0.1,0.01850481177685957,0.0002545296426397519,0.000549623307057294,3.179831775981402e-05,0.19661219938496108,0.226343727788965,0.3241290810861681,3.660683213803102e-05,5.242177010285185e-05,6.0,98.3762690708698,1.363253691013384,3.172852402657422,0.0082,0.008825,2,COMPLETE
1784,1784,,,2024-08-29 06:08:56.371761,2024-08-29 06:08:56.376747,0 days 00:00:00.004986,0.01435,N95,18,0,1.4x200x0.071,1.1x60x0.1,0.023206857874216134,,,,,,,,,,,,,,,2,FAIL
1785,1785,,,2024-08-29 06:08:56.377746,2024-08-29 06:08:56.383730,0 days 00:00:00.005984,0.0149,N95,35,23,1.4x200x0.071,1.1x60x0.1,0.013113239929237124,,,,,,,,,,,,,,,2,FAIL
1786,1786,3.963403009929314e-05,71.7916924519815,2024-08-29 06:08:56.383730,2024-08-29 06:08:56.668966,0 days 00:00:00.285236,0.0149,N95,34,16,1.1x60x0.1,1.1x60x0.1,0.013642974393400249,0.00042935708525677105,0.0006174778751082754,2.412419716454984e-05,0.13835359585105508,0.16240675828925424,0.281851622815272,2.8318256809481255e-05,4.91454094714236e-05,8.0,65.08299829463668,1.8600638785976336,4.848630278747189,0.006900000000000001,0.01105,2,COMPLETE
1787,1787,,,2024-08-29 06:08:56.668966,2024-08-29 06:08:56.675002,0 days 00:00:00.006036,0.0149,N95,6,15,1.1x60x0.1,1.1x60x0.1,0.019085737936594623,,,,,,,,,,,,,,,2,FAIL
