,number,values_0,values_1,datetime_start,datetime_complete,duration,params_core_inner_diameter,params_material,params_n_p_bot,params_n_p_top,params_primary_litz_wire,params_secondary_litz_wire,params_window_h_bot,user_attrs_air_gap_bot,user_attrs_air_gap_top,user_attrs_flux_bot_max,user_attrs_flux_density_bot_max,user_attrs_flux_density_mid_max,user_attrs_flux_density_top_max,user_attrs_flux_mid_max,user_attrs_flux_top_max,user_attrs_n_s_bot,user_attrs_p_hyst,user_attrs_primary_litz_wire_loss,user_attrs_secondary_litz_wire_loss,user_attrs_window_h_top,user_attrs_window_w,system_attrs_nsga2:generation,state
1939,1939,3.523756579989501e-05,95.20568073286861,2024-08-29 06:09:12.515687,2024-08-29 06:09:12.753377,0 days 00:00:00.237690,0.0149,N95,23,17,1.1x60x0.1,1.1x60x0.1,0.010124610459163458,0.00021983113548092021,0.0008054986166768366,3.7605450211454966e-05,0.21566932258363924,0.2405637251336424,0.26527211559084424,4.194619373688151e-05,4.625450303192809e-05,5.0,90.68723570577352,1.4880511028781065,3.030393924216993,0.006900000000000001,0.01105,3,COMPLETE
1940,1940,3.6859639952330576e-05,79.52882709107014,2024-08-29 06:09:12.754374,2024-08-29 06:09:13.006775,0 days 00:00:00.252401,0.01435,N95,34,16,1.1x60x0.1,1.1x60x0.1,0.019195311725541564,0.00039647690197036514,0.0005789481717213678,2.412419716454984e-05,0.14916233930188658,0.1750946322417285,0.30387101351828255,2.8318256809481255e-05,4.91454094714236e-05,8.0,73.67543616013002,1.622921060730219,4.2304698702098955,0.0082,0.008825,3,COMPLETE
1941,1941,3.2513022907813144e-05,128.80792254647216,2024-08-29 06:09:13.008770,2024-08-29 06:09:13.228182,0 days 00:00:00.219412,0.01435,N95,22,16,1.1x60x0.1,1.1x60x0.1,0.014695609746840081,0.00016142505861867047,0.0006064714471951399,3.850162050919795e-05,0.23805939500878825,0.2635712763586992,0.30387101351828255,4.2627686502828214e-05,4.91454094714236e-05,5.0,124.93045887143599,1.2334200061549663,2.644043668881184,0.0082,0.008825,3,COMPLETE
1942,1942,,,2024-08-29 06:09:13.229180,2024-08-29 06:09:13.234166,0 days 00:00:00.004986,0.01435,N95,38,17,1.1x60x0.1,1.4x200x0.071,0.006787633421655925,,,,,,,,,,,,,,,3,FAIL
1943,1943,4.62771909118253e-05,91.61821274832873,2024-08-29 06:09:13.235164,2024-08-29 06:09:13.461791,0 days 00:00:00.226627,0.0149,N95,34,14,1.1x60x0.1,1.1x60x0.1,0.01895930493095244,0.0004282425259499156,0.00044487777019476754,2.412419716454984e-05,0.13835359585105508,0.19441182707626656,0.32211614036031083,3.389886051503342e-05,5.616618225305554e-05,8.0,84.98392114612781,1.7856613234537282,4.848630278747189,0.006900000000000001,0.01105,3,COMPLETE
1944,1944,,,2024-08-29 06:09:13.463786,2024-08-29 06:09:13.468834,0 days 00:00:00.005048,0.01435,N95,26,8,1.1x60x0.1,1.4x200x0.071,0.01376333478923255,,,,,,,,,,,,,,,3,FAIL
1945,1945,,,2024-08-29 06:09:13.470829,2024-08-29 06:09:13.479805,0 days 00:00:00.008976,0.01435,N95,18,8,1.1x60x0.1,1.1x60x0.1,0.012901289339704428,,,,,,,,,,,,,,,3,FAIL
1946,1946,3.582318070260133e-05,194.67838343417307,2024-08-29 06:09:13.480804,2024-08-29 06:09:13.736120,0 days 00:00:00.255316,0.01435,N95,18,15,1.1x60x0.1,1.1x60x0.1,0.01812234907686914,0.00010931744222033707,0.0005246583744754121,4.7697476639721074e-05,0.2949182990774419,0.32316612325531974,0.3241290810861681,5.2266029822287344e-05,5.242177010285185e-05,4.0,191.4920205989862,1.0711279000819447,2.1152349351049478,0.0082,0.008825,3,COMPLETE
1947,1947,,,2024-08-29 06:09:13.737117,2024-08-29 06:09:13.740109,0 days 00:00:00.002992,0.0149,N95,38,16,1.1x60x0.1,1.1x60x0.1,0.010810701281101565,,,,,,,,,,,,,,,3,FAIL
1948,1948,,,2024-08-29 06:09:13.741107,2024-08-29 06:09:13.743101,0 days 00:00:00.001994,0.0149,N95,18,15,1.1x60x0.1,1.1x60x0.1,0.006766712934469207,,,,,,,,,,,,,,,3,FAIL
1949,1949,,,2024-08-29 06:09:13.744099,2024-08-29 06:09:13.748088,0 days 00:00:00.003989,0.0149,N95,35,23,1.1x60x0.1,1.1x60x0.1,0.008290801834122842,,,,,,,,,,,,,,,3,FAIL
1950,1950,,,2024-08-29 06:09:13.749086,2024-08-29 06:09:13.754072,0 days 00:00:00.004986,0.0149,N95,26,15,1.1x60x0.1,1.1x60x0.1,0.005505639647665155,,,,,,,,,,,,,,,3,FAIL
1951,1951,3.993543374653171e-05,87.80222102432637,2024-08-29 06:09:13.754072,2024-08-29 06:09:13.995425,0 days 00:00:00.241353,0.0149,N95,30,15,1.1x60x0.1,1.1x60x0.1,0.013884179063761558,0.00032524306438173135,0.0005348240160794308,2.758481266046025e-05,0.15820041580743732,0.18391934078457967,0.3006417310029569,3.206932506646083e-05,5.242177010285185e-05,7.0,81.88561203968472,1.67405749073787,4.2425514939037905,0.006900000000000001,0.01105,3,COMPLETE
1952,1952,3.760612607927332e-05,107.72278085080347,2024-08-29 06:09:13.996424,2024-08-29 06:09:14.234537,0 days 00:00:00.238113,0.0149,N95,23,15,1.1x60x0.1,1.1x60x0.1,0.012020101129739648,0.0002108952693700445,0.0005956009548466615,3.7605450211454966e-05,0.21566932258363924,0.24413189870546476,0.3006417310029569,4.2568362768589565e-05,5.242177010285185e-05,5.0,103.27873837885228,1.4136485477342011,3.030393924216993,0.006900000000000001,0.01105,3,COMPLETE
1953,1953,,,2024-08-29 06:09:14.235536,2024-08-29 06:09:14.240584,0 days 00:00:00.005048,0.0149,N95,23,17,1.4x200x0.071,1.1x60x0.1,0.007385892814107769,,,,,,,,,,,,,,,3,FAIL
1954,1954,,,2024-08-29 06:09:14.241581,2024-08-29 06:09:14.246654,0 days 00:00:00.005073,0.01435,N95,26,23,1.1x60x0.1,1.1x60x0.1,0.011351349266433204,,,,,,,,,,,,,,,3,FAIL
1955,1955,,,2024-08-29 06:09:14.247652,2024-08-29 06:09:14.253635,0 days 00:00:00.005983,0.01435,N95,38,17,1.1x60x0.1,1.1x60x0.1,0.01384253674252835,,,,,,,,,,,,,,,3,FAIL
1956,1956,,,2024-08-29 06:09:14.254633,2024-08-29 06:09:14.259620,0 days 00:00:00.004987,0.01435,N95,18,17,1.4x200x0.071,1.1x60x0.1,0.013944341399318251,,,,,,,,,,,,,,,3,FAIL
1957,1957,,,2024-08-29 06:09:14.260617,2024-08-29 06:09:14.265603,0 days 00:00:00.004986,0.012,N95,34,15,1.1x60x0.1,1.1x60x0.1,0.007023185041626148,,,,,,,,,,,,,,,3,FAIL
1958,1958,,,2024-08-29 06:09:14.265603,2024-08-29 06:09:14.270590,0 days 00:00:00.004987,0.01435,N95,26,15,1.1x60x0.1,1.1x60x0.1,0.010860958893719842,,,,,,,,,,,,,,,3,FAIL
1959,1959,,,2024-08-29 06:09:14.270590,2024-08-29 06:09:14.275576,0 days 00:00:00.004986,0.0149,N95,28,16,1.4x200x0.071,1.4x200x0.071,0.01080143982565974,,,,,,,,,,,,,,,3,FAIL
1960,1960,,,2024-08-29 06:09:14.276574,2024-08-29 06:09:14.283556,0 days 00:00:00.006982,0.01435,N95,40,24,1.1x60x0.1,1.1x60x0.1,0.010466307335991187,,,,,,,,,,,,,,,3,FAIL
1961,1961,3.927794572849933e-05,126.22285871673628,2024-08-29 06:09:14.284554,2024-08-29 06:09:14.548846,0 days 00:00:00.264292,0.01435,N95,23,16,1.1x60x0.1,1.1x60x0.1,0.02169878860760488,0.00019304172464234117,0.0006533138571469244,3.7605450211454966e-05,0.2325182838533611,0.26116078818512467,0.30387101351828255,4.223783547049466e-05,4.91454094714236e-05,5.0,122.31293662048553,1.2658784273695707,2.644043668881184,0.0082,0.008825,3,COMPLETE
1962,1962,,,2024-08-29 06:09:14.548846,2024-08-29 06:09:14.555828,0 days 00:00:00.006982,0.01435,N95,29,14,1.1x60x0.1,1.1x60x0.1,0.020855912918596155,,,,,,,,,,,,,,,3,FAIL
1963,1963,,,2024-08-29 06:09:14.557822,2024-08-29 06:09:14.564804,0 days 00:00:00.006982,0.01435,N95,26,19,1.1x60x0.1,1.4x200x0.071,0.008034416161811872,,,,,,,,,,,,,,,3,FAIL
1964,1964,4.4251577001616077e-05,76.70408866298389,2024-08-29 06:09:14.565802,2024-08-29 06:09:14.838072,0 days 00:00:00.272270,0.0149,N95,34,16,1.1x60x0.1,1.1x60x0.1,0.017338264376308535,0.0004300697798936778,0.0006174778751082754,2.412419716454984e-05,0.13835359585105508,0.16240675828925424,0.281851622815272,2.8318256809481255e-05,4.91454094714236e-05,8.0,69.99539450563907,1.8600638785976336,4.848630278747189,0.006900000000000001,0.01105,3,COMPLETE
1965,1965,,,2024-08-29 06:09:14.840067,2024-08-29 06:09:14.847049,0 days 00:00:00.006982,0.012,N95,22,22,1.1x60x0.1,1.1x60x0.1,0.01581599212519314,,,,,,,,,,,,,,,3,FAIL
1966,1966,,,2024-08-29 06:09:14.848047,2024-08-29 06:09:14.854091,0 days 00:00:00.006044,0.01435,N95,34,15,1.1x60x0.1,1.4x200x0.071,0.02015221198172145,,,,,,,,,,,,,,,3,FAIL
1967,1967,,,2024-08-29 06:09:14.855088,2024-08-29 06:09:14.860145,0 days 00:00:00.005057,0.01435,N95,33,16,1.1x60x0.1,1.1x60x0.1,0.023174675839721874,,,,,,,,,,,,,,,3,FAIL
1968,1968,4.224508403022279e-05,60.37956822326586,2024-08-29 06:09:14.860145,2024-08-29 06:09:15.117134,0 days 00:00:00.256989,0.0149,N95,34,23,1.1x60x0.1,1.1x60x0.1,0.014432525759070992,0.0004360275144326613,0.0016677865198760882,2.412419716454984e-05,0.13835359585105508,0.15375296776520136,0.19607069413236314,2.680932783991756e-05,3.418811093664251e-05,8.0,53.41046512291737,2.120472821601302,4.848630278747189,0.0082,0.01105,3,COMPLETE
1969,1969,,,2024-08-29 06:09:15.118132,2024-08-29 06:09:15.123183,0 days 00:00:00.005051,0.0149,N95,38,21,1.1x60x0.1,1.4x200x0.071,0.0189936596170808,,,,,,,,,,,,,,,3,FAIL
1970,1970,,,2024-08-29 06:09:15.124181,2024-08-29 06:09:15.129168,0 days 00:00:00.004987,0.01435,N95,26,9,1.1x60x0.1,1.1x60x0.1,0.013010242883690569,,,,,,,,,,,,,,,3,FAIL
1971,1971,,,2024-08-29 06:09:15.129168,2024-08-29 06:09:15.134154,0 days 00:00:00.004986,0.0149,N95,34,14,1.1x60x0.1,1.1x60x0.1,0.009026937027379693,,,,,,,,,,,,,,,3,FAIL
1972,1972,,,2024-08-29 06:09:15.135152,2024-08-29 06:09:15.142133,0 days 00:00:00.006981,0.01435,N95,18,7,1.1x60x0.1,1.1x60x0.1,0.022344582291326978,,,,,,,,,,,,,,,3,FAIL
1973,1973,,,2024-08-29 06:09:15.143131,2024-08-29 06:09:15.150112,0 days 00:00:00.006981,0.0149,N95,34,14,1.1x60x0.1,1.1x60x0.1,0.007791341193208827,,,,,,,,,,,,,,,3,FAIL
1974,1974,,,2024-08-29 06:09:15.152106,2024-08-29 06:09:15.159088,0 days 00:00:00.006982,0.01435,N95,26,22,1.1x60x0.1,1.4x200x0.071,0.013639620919109292,,,,,,,,,,,,,,,3,FAIL
1975,1975,,,2024-08-29 06:09:15.160085,2024-08-29 06:09:15.165073,0 days 00:00:00.004988,0.0149,N95,34,15,1.1x60x0.1,1.1x60x0.1,0.01169235084747973,,,,,,,,,,,,,,,3,FAIL
1976,1976,,,2024-08-29 06:09:15.166070,2024-08-29 06:09:15.169062,0 days 00:00:00.002992,0.012,N95,26,8,1.4x200x0.071,1.1x60x0.1,0.006468056591251006,,,,,,,,,,,,,,,3,FAIL
1977,1977,,,2024-08-29 06:09:15.170060,2024-08-29 06:09:15.173051,0 days 00:00:00.002991,0.0149,N95,34,23,1.1x60x0.1,1.1x60x0.1,0.006193622947134354,,,,,,,,,,,,,,,3,FAIL
1978,1978,,,2024-08-29 06:09:15.174049,2024-08-29 06:09:15.177040,0 days 00:00:00.002991,0.01345,N95,38,17,1.1x60x0.1,1.1x60x0.1,0.010428326234014587,,,,,,,,,,,,,,,3,FAIL
1979,1979,4.424813891169007e-05,125.24250889868131,2024-08-29 06:09:15.178037,2024-08-29 06:09:15.413408,0 days 00:00:00.235371,0.01435,N95,23,18,1.4x200x0.071,1.1x60x0.1,0.02244402865794267,0.0002002875411720195,0.0009424571950271523,3.7605450211454966e-05,0.2325182838533611,0.25775464892926464,0.27010756757180665,4.168695664033649e-05,4.368480841904319e-05,5.0,121.84686293661268,0.7516022931874482,2.644043668881184,0.0126,0.008825,3,COMPLETE
1980,1980,,,2024-08-29 06:09:15.415403,2024-08-29 06:09:15.423382,0 days 00:00:00.007979,0.01345,N95,34,21,1.1x60x0.1,1.4x200x0.071,0.008300403007124504,,,,,,,,,,,,,,,3,FAIL
1981,1981,,,2024-08-29 06:09:15.424379,2024-08-29 06:09:15.432358,0 days 00:00:00.007979,0.01345,N95,18,17,1.1x60x0.1,1.4x200x0.071,0.006945776475753904,,,,,,,,,,,,,,,3,FAIL
1982,1982,,,2024-08-29 06:09:15.434353,2024-08-29 06:09:15.441334,0 days 00:00:00.006981,0.0149,N95,29,16,1.1x60x0.1,1.1x60x0.1,0.006284767335140808,,,,,,,,,,,,,,,3,FAIL
1983,1983,,,2024-08-29 06:09:15.441334,2024-08-29 06:09:15.450310,0 days 00:00:00.008976,0.01435,N95,14,15,1.1x60x0.1,1.1x60x0.1,0.019511843533816887,,,,,,,,,,,,,,,3,FAIL
1984,1984,,,2024-08-29 06:09:15.451307,2024-08-29 06:09:15.457290,0 days 00:00:00.005983,0.01435,N95,35,14,1.1x60x0.1,1.1x60x0.1,0.00692804367062837,,,,,,,,,,,,,,,3,FAIL
1985,1985,,,2024-08-29 06:09:15.458287,2024-08-29 06:09:15.466266,0 days 00:00:00.007979,0.0149,N95,6,16,1.1x60x0.1,1.1x60x0.1,0.005926948409501392,,,,,,,,,,,,,,,3,FAIL
1986,1986,,,2024-08-29 06:09:15.468260,2024-08-29 06:09:15.474245,0 days 00:00:00.005985,0.012,N95,26,8,1.1x60x0.1,1.1x60x0.1,0.006705219303296914,,,,,,,,,,,,,,,3,FAIL
1987,1987,,,2024-08-29 06:09:15.475243,2024-08-29 06:09:15.482226,0 days 00:00:00.006983,0.0149,N95,35,21,1.1x60x0.1,1.4x200x0.071,0.007921448735840074,,,,,,,,,,,,,,,3,FAIL
1988,1988,,,2024-08-29 06:09:15.483221,2024-08-29 06:09:15.489204,0 days 00:00:00.005983,0.01435,N95,27,24,1.1x60x0.1,1.1x60x0.1,0.011899390920881426,,,,,,,,,,,,,,,3,FAIL
1989,1989,4.6800700189407986e-05,92.1752128015123,2024-08-29 06:09:15.490201,2024-08-29 06:09:15.702634,0 days 00:00:00.212433,0.0149,N95,34,14,1.1x60x0.1,1.1x60x0.1,0.019378254349406137,0.00042822921443417546,0.00044487777019476754,2.412419716454984e-05,0.13835359585105508,0.19441182707626656,0.32211614036031083,3.389886051503342e-05,5.616618225305554e-05,8.0,85.54092119931138,1.7856613234537282,4.848630278747189,0.006900000000000001,0.01105,3,COMPLETE
1990,1990,,,2024-08-29 06:09:15.703631,2024-08-29 06:09:15.706623,0 days 00:00:00.002992,0.01435,N95,27,11,1.1x60x0.1,1.1x60x0.1,0.010899696617589796,,,,,,,,,,,,,,,3,FAIL
1991,1991,3.6141077450748396e-05,161.61008590265686,2024-08-29 06:09:15.706623,2024-08-29 06:09:15.965746,0 days 00:00:00.259123,0.0149,N95,18,16,1.1x60x0.1,1.1x60x0.1,0.010847664847882243,0.0001259083225782188,0.0006558811847553832,4.7697476639721074e-05,0.27354764849229546,0.2978529597292675,0.281851622815272,5.193550252419244e-05,4.91454094714236e-05,4.0,157.92092732583689,1.2648434374463906,2.4243151393735944,0.006900000000000001,0.01105,3,COMPLETE
1992,1992,4.36822331636896e-05,162.60505268053493,2024-08-29 06:09:15.966743,2024-08-29 06:09:16.193331,0 days 00:00:00.226588,0.0149,N95,18,23,1.4x200x0.071,1.1x60x0.1,0.012782634877437204,0.0001411148168822971,0.001924505751106197,4.7697476639721074e-05,0.27354764849229546,0.2894332784750647,0.19607069413236314,5.046739430922621e-05,3.418811093664251e-05,4.0,159.28228994528064,0.8984475958806883,2.4243151393735944,0.011,0.01105,3,COMPLETE
1993,1993,,,2024-08-29 06:09:16.195325,2024-08-29 06:09:16.203357,0 days 00:00:00.008032,0.01435,N95,12,12,1.1x60x0.1,1.1x60x0.1,0.023215876692946828,,,,,,,,,,,,,,,3,FAIL
1994,1994,,,2024-08-29 06:09:16.203357,2024-08-29 06:09:16.206349,0 days 00:00:00.002992,0.01435,N95,22,11,1.1x60x0.1,1.1x60x0.1,0.009112012363443441,,,,,,,,,,,,,,,3,FAIL
1995,1995,,,2024-08-29 06:09:16.207347,2024-08-29 06:09:16.209341,0 days 00:00:00.001994,0.01435,N95,34,18,1.1x60x0.1,1.1x60x0.1,0.01141594878410334,,,,,,,,,,,,,,,3,FAIL
1996,1996,3.661358584604753e-05,97.82454103307005,2024-08-29 06:09:16.210339,2024-08-29 06:09:16.433741,0 days 00:00:00.223402,0.0149,N95,23,17,1.1x60x0.1,1.1x60x0.1,0.01122579972705599,0.00021941202267492134,0.0008054986166768366,3.7605450211454966e-05,0.21566932258363924,0.2405637251336424,0.26527211559084424,4.194619373688151e-05,4.625450303192809e-05,5.0,93.30609600597495,1.4880511028781065,3.030393924216993,0.006900000000000001,0.01105,3,COMPLETE
1997,1997,,,2024-08-29 06:09:16.434738,2024-08-29 06:09:16.442718,0 days 00:00:00.007980,0.01435,N95,15,25,1.1x60x0.1,1.4x200x0.071,0.007645675995614788,,,,,,,,,,,,,,,3,FAIL
1998,1998,,,2024-08-29 06:09:16.444712,2024-08-29 06:09:16.452692,0 days 00:00:00.007980,0.01435,N95,27,15,1.1x60x0.1,1.1x60x0.1,0.013341301158010598,,,,,,,,,,,,,,,3,FAIL
1999,1999,3.5067740827414627e-05,91.76523317336198,2024-08-29 06:09:16.453689,2024-08-29 06:09:16.710002,0 days 00:00:00.256313,0.01435,N95,26,21,1.1x60x0.1,1.1x60x0.1,0.01474030311644683,0.0002311816444988394,0.0013056874044952748,3.217217402876327e-05,0.19892379032656934,0.21711008454293046,0.23152077220440578,3.511346436666869e-05,3.744412150203703e-05,6.0,87.06683497361814,1.5255457970864057,3.172852402657422,0.0108,0.008825,3,COMPLETE
2000,2000,,,2024-08-29 06:09:16.711001,2024-08-29 06:09:16.718022,0 days 00:00:00.007021,0.0149,N95,23,17,1.1x60x0.1,1.4x200x0.071,0.008132535780834959,,,,,,,,,,,,,,,3,FAIL
2001,2001,,,2024-08-29 06:09:16.719020,2024-08-29 06:09:16.724061,0 days 00:00:00.005041,0.01435,N95,26,0,1.1x60x0.1,1.1x60x0.1,0.006451703580723011,,,,,,,,,,,,,,,3,FAIL
2002,2002,,,2024-08-29 06:09:16.725058,2024-08-29 06:09:16.730098,0 days 00:00:00.005040,0.0149,N95,34,23,1.1x60x0.1,1.1x60x0.1,0.010488069308781104,,,,,,,,,,,,,,,3,FAIL
2003,2003,,,2024-08-29 06:09:16.731096,2024-08-29 06:09:16.736139,0 days 00:00:00.005043,0.01435,N95,27,15,1.1x60x0.1,1.4x200x0.071,0.011741747910596487,,,,,,,,,,,,,,,3,FAIL
2004,2004,,,2024-08-29 06:09:16.736139,2024-08-29 06:09:16.742182,0 days 00:00:00.006043,0.0149,N95,23,8,1.1x60x0.1,1.4x200x0.071,0.011122622372579593,,,,,,,,,,,,,,,3,FAIL
2005,2005,,,2024-08-29 06:09:16.743179,2024-08-29 06:09:16.747231,0 days 00:00:00.004052,0.0149,N95,35,15,1.1x60x0.1,1.1x60x0.1,0.0075950500471478905,,,,,,,,,,,,,,,3,FAIL
2006,2006,,,2024-08-29 06:09:16.747231,2024-08-29 06:09:16.750286,0 days 00:00:00.003055,0.0149,N95,34,17,1.1x60x0.1,1.1x60x0.1,0.007140708753511343,,,,,,,,,,,,,,,3,FAIL
2007,2007,,,2024-08-29 06:09:16.751285,2024-08-29 06:09:16.754276,0 days 00:00:00.002991,0.01435,N95,37,16,1.1x60x0.1,1.4x200x0.071,0.019240486311359585,,,,,,,,,,,,,,,3,FAIL
2008,2008,4.5851951100285374e-05,112.9105384545101,2024-08-29 06:09:16.754276,2024-08-29 06:09:16.967974,0 days 00:00:00.213698,0.0149,N95,23,18,1.1x60x0.1,1.1x60x0.1,0.018618997739892444,0.00021988046135142664,0.0009278559058397608,3.7605450211454966e-05,0.21566932258363924,0.23907698614538309,0.2505347758357973,4.168695664033649e-05,4.368480841904319e-05,5.0,108.35489214984305,1.5252523804500593,3.030393924216993,0.006900000000000001,0.01105,3,COMPLETE
2009,2009,,,2024-08-29 06:09:16.969010,2024-08-29 06:09:16.976045,0 days 00:00:00.007035,0.01435,N95,22,15,1.1x60x0.1,1.1x60x0.1,0.0072410759772788555,,,,,,,,,,,,,,,3,FAIL
2010,2010,3.804298752395777e-05,147.70065520775705,2024-08-29 06:09:16.977043,2024-08-29 06:09:17.248317,0 days 00:00:00.271274,0.01435,N95,22,16,1.1x60x0.1,1.1x60x0.1,0.020420336004194944,0.0001578053210525373,0.0006064714471951399,3.850162050919795e-05,0.23805939500878825,0.2635712763586992,0.30387101351828255,4.2627686502828214e-05,4.91454094714236e-05,5.0,143.8231915327209,1.2334200061549663,2.644043668881184,0.0082,0.008825,3,COMPLETE
2011,2011,,,2024-08-29 06:09:17.250312,2024-08-29 06:09:17.255299,0 days 00:00:00.004987,0.01435,N95,34,9,1.4x200x0.071,1.1x60x0.1,0.014374990157902829,,,,,,,,,,,,,,,3,FAIL
2012,2012,4.3515742926327065e-05,108.46385924960866,2024-08-29 06:09:17.256297,2024-08-29 06:09:17.496654,0 days 00:00:00.240357,0.0149,N95,23,18,1.1x60x0.1,1.1x60x0.1,0.016749397528820712,0.00022090799097854977,0.0009278559058397608,3.7605450211454966e-05,0.21566932258363924,0.23907698614538309,0.2505347758357973,4.168695664033649e-05,4.368480841904319e-05,5.0,103.90821294494161,1.5252523804500593,3.030393924216993,0.006900000000000001,0.01105,3,COMPLETE
2013,2013,,,2024-08-29 06:09:17.497651,2024-08-29 06:09:17.506626,0 days 00:00:00.008975,0.0149,N95,4,16,1.1x60x0.1,1.1x60x0.1,0.017123507885782784,,,,,,,,,,,,,,,3,FAIL
2014,2014,,,2024-08-29 06:09:17.508622,2024-08-29 06:09:17.515652,0 days 00:00:00.007030,0.01435,N95,14,2,1.1x60x0.1,1.1x60x0.1,0.012789347293165367,,,,,,,,,,,,,,,3,FAIL
2015,2015,,,2024-08-29 06:09:17.515652,2024-08-29 06:09:17.519739,0 days 00:00:00.004087,0.01435,N95,27,8,1.1x60x0.1,1.1x60x0.1,0.008342820284064155,,,,,,,,,,,,,,,3,FAIL
2016,2016,,,2024-08-29 06:09:17.519739,2024-08-29 06:09:17.524781,0 days 00:00:00.005042,0.0149,N95,34,5,1.1x60x0.1,1.1x60x0.1,0.011036688973267393,,,,,,,,,,,,,,,3,FAIL
2017,2017,,,2024-08-29 06:09:17.525779,2024-08-29 06:09:17.529770,0 days 00:00:00.003991,0.0149,N95,26,23,1.1x60x0.1,1.1x60x0.1,0.00784208368027817,,,,,,,,,,,,,,,3,FAIL
2018,2018,,,2024-08-29 06:09:17.529770,2024-08-29 06:09:17.535817,0 days 00:00:00.006047,0.01435,N95,4,15,1.1x60x0.1,1.4x200x0.071,0.007725091251193167,,,,,,,,,,,,,,,3,FAIL
2019,2019,,,2024-08-29 06:09:17.536866,2024-08-29 06:09:17.542913,0 days 00:00:00.006047,0.01435,N95,25,15,1.1x60x0.1,1.4x200x0.071,0.02175308003900636,,,,,,,,,,,,,,,3,FAIL
2020,2020,,,2024-08-29 06:09:17.542913,2024-08-29 06:09:17.547900,0 days 00:00:00.004987,0.01435,N95,24,21,1.1x60x0.1,1.1x60x0.1,0.020536883548542793,,,,,,,,,,,,,,,3,FAIL
2021,2021,,,2024-08-29 06:09:17.547900,2024-08-29 06:09:17.554990,0 days 00:00:00.007090,0.01435,N95,34,15,1.1x60x0.1,1.4x200x0.071,0.0066802625108782696,,,,,,,,,,,,,,,3,FAIL
2022,2022,,,2024-08-29 06:09:17.554990,2024-08-29 06:09:17.559977,0 days 00:00:00.004987,0.0149,N95,34,16,1.1x60x0.1,1.1x60x0.1,0.011761657978819385,,,,,,,,,,,,,,,3,FAIL
2023,2023,,,2024-08-29 06:09:17.561034,2024-08-29 06:09:17.569059,0 days 00:00:00.008025,0.01435,N95,37,8,1.1x60x0.1,1.4x200x0.071,0.021302465678671938,,,,,,,,,,,,,,,3,FAIL
2024,2024,3.96315774965216e-05,97.74126148116842,2024-08-29 06:09:17.570056,2024-08-29 06:09:17.760525,0 days 00:00:00.190469,0.01435,N95,34,14,1.1x60x0.1,1.1x60x0.1,0.022064875049084373,0.00039422399170514945,0.0004147251241267217,2.412419716454984e-05,0.14916233930188658,0.20960006667169415,0.3472811583066086,3.389886051503342e-05,5.616618225305554e-05,8.0,91.95278739265751,1.5580042183010103,4.2304698702098955,0.0082,0.008825,3,COMPLETE
2025,2025,,,2024-08-29 06:09:17.760603,2024-08-29 06:09:17.770631,0 days 00:00:00.010028,0.01345,N95,34,23,1.1x60x0.1,1.1x60x0.1,0.0064777728316796805,,,,,,,,,,,,,,,4,FAIL
2026,2026,,,2024-08-29 06:09:17.771628,2024-08-29 06:09:17.775618,0 days 00:00:00.003990,0.0149,N95,23,2,1.1x60x0.1,1.4x200x0.071,0.008496364487171513,,,,,,,,,,,,,,,4,FAIL
2027,2027,3.961843656875007e-05,119.0763350949723,2024-08-29 06:09:17.776616,2024-08-29 06:09:18.039911,0 days 00:00:00.263295,0.01435,N95,26,16,1.1x60x0.1,1.1x60x0.1,0.022051271306658966,0.0002194043435903243,0.0005972485394463697,3.217217402876327e-05,0.19892379032656934,0.2244089543769162,0.30387101351828255,3.629391900272192e-05,4.91454094714236e-05,6.0,114.54022900130148,1.363253691013384,3.172852402657422,0.0082,0.008825,4,COMPLETE
2028,2028,,,2024-08-29 06:09:18.040909,2024-08-29 06:09:18.047889,0 days 00:00:00.006980,0.0149,N95,24,17,1.1x60x0.1,1.1x60x0.1,0.012203469853668245,,,,,,,,,,,,,,,4,FAIL
