,number,values_0,values_1,datetime_start,datetime_complete,duration,params_core_inner_diameter,params_material,params_n_p_bot,params_n_p_top,params_primary_litz_wire,params_secondary_litz_wire,params_window_h_bot,user_attrs_air_gap_bot,user_attrs_air_gap_top,user_attrs_flux_bot_max,user_attrs_flux_density_bot_max,user_attrs_flux_density_mid_max,user_attrs_flux_density_top_max,user_attrs_flux_mid_max,user_attrs_flux_top_max,user_attrs_n_s_bot,user_attrs_p_hyst,user_attrs_primary_litz_wire_loss,user_attrs_secondary_litz_wire_loss,user_attrs_window_h_top,user_attrs_window_w,system_attrs_nsga2:generation,state
1066,1066,,,2024-08-29 06:08:32.249062,2024-08-29 06:08:32.253052,0 days 00:00:00.003990,0.01345,N95,13,25,1.1x60x0.1,1.4x200x0.071,0.00879132574486561,,,,,,,,,,,,,,,0,FAIL
1067,1067,,,2024-08-29 06:08:32.253052,2024-08-29 06:08:32.259036,0 days 00:00:00.005984,0.01435,N95,14,25,1.4x200x0.071,1.1x60x0.1,0.014573853220727262,,,,,,,,,,,,,,,0,FAIL
1068,1068,,,2024-08-29 06:08:32.259036,2024-08-29 06:08:32.263027,0 days 00:00:00.003991,0.0149,N95,36,6,1.4x200x0.071,1.4x200x0.071,0.007903501128256604,,,,,,,,,,,,,,,0,FAIL
1069,1069,,,2024-08-29 06:08:32.263027,2024-08-29 06:08:32.269010,0 days 00:00:00.005983,0.01435,N95,7,20,1.4x200x0.071,1.4x200x0.071,0.015779747019783116,,,,,,,,,,,,,,,0,FAIL
1070,1070,,,2024-08-29 06:08:32.270008,2024-08-29 06:08:32.274994,0 days 00:00:00.004986,0.0149,N95,10,2,1.4x200x0.071,1.4x200x0.071,0.009327409787095042,,,,,,,,,,,,,,,0,FAIL
1071,1071,,,2024-08-29 06:08:32.275993,2024-08-29 06:08:32.279980,0 days 00:00:00.003987,0.01345,N95,12,5,1.1x60x0.1,1.4x200x0.071,0.009893934080004897,,,,,,,,,,,,,,,0,FAIL
1072,1072,,,2024-08-29 06:08:32.280978,2024-08-29 06:08:32.286961,0 days 00:00:00.005983,0.0149,N95,14,3,1.4x200x0.071,1.1x60x0.1,0.015064028519579536,,,,,,,,,,,,,,,0,FAIL
1073,1073,,,2024-08-29 06:08:32.286961,2024-08-29 06:08:32.290951,0 days 00:00:00.003990,0.01345,N95,8,19,1.4x200x0.071,1.1x60x0.1,0.008181650147695885,,,,,,,,,,,,,,,0,FAIL
1074,1074,,,2024-08-29 06:08:32.291949,2024-08-29 06:08:32.296935,0 days 00:00:00.004986,0.012,N95,12,25,1.1x60x0.1,1.4x200x0.071,0.011246016227753907,,,,,,,,,,,,,,,0,FAIL
1075,1075,,,2024-08-29 06:08:32.296935,2024-08-29 06:08:32.302919,0 days 00:00:00.005984,0.0149,N95,14,16,1.4x200x0.071,1.1x60x0.1,0.011346676723371734,,,,,,,,,,,,,,,0,FAIL
1076,1076,,,2024-08-29 06:08:32.303917,2024-08-29 06:08:32.307907,0 days 00:00:00.003990,0.01435,N95,15,17,1.4x200x0.071,1.4x200x0.071,0.01287176662613436,,,,,,,,,,,,,,,0,FAIL
1077,1077,,,2024-08-29 06:08:32.307907,2024-08-29 06:08:32.313889,0 days 00:00:00.005982,0.0149,N95,11,1,1.1x60x0.1,1.1x60x0.1,0.01028883278265246,,,,,,,,,,,,,,,0,FAIL
1078,1078,4.427176080283695e-05,263.34337637159746,2024-08-29 06:08:32.314888,2024-08-29 06:08:32.591148,0 days 00:00:00.276260,0.0149,N95,22,9,1.1x60x0.1,1.4x200x0.071,0.018654416891929107,0.0001585035214768639,0.00017121313239331973,3.850162050919795e-05,0.2208089084667231,0.33955340563746117,0.5010695516715946,5.920665274440002e-05,8.736961683808638e-05,5.0,260.4050878328795,1.1532396047305327,1.7850489339874525,0.005600000000000001,0.01105,0,COMPLETE
1079,1079,,,2024-08-29 06:08:32.592145,2024-08-29 06:08:32.599127,0 days 00:00:00.006982,0.0149,N95,14,24,1.4x200x0.071,1.4x200x0.071,0.01444123412786242,,,,,,,,,,,,,,,0,FAIL
1080,1080,,,2024-08-29 06:08:32.600124,2024-08-29 06:08:32.605111,0 days 00:00:00.004987,0.012,N95,35,2,1.1x60x0.1,1.4x200x0.071,0.009607390146032076,,,,,,,,,,,,,,,0,FAIL
1081,1081,,,2024-08-29 06:08:32.606114,2024-08-29 06:08:32.611095,0 days 00:00:00.004981,0.01435,N95,20,0,1.4x200x0.071,1.1x60x0.1,0.01819494422790662,,,,,,,,,,,,,,,0,FAIL
1082,1082,,,2024-08-29 06:08:32.612092,2024-08-29 06:08:32.618076,0 days 00:00:00.005984,0.01435,N95,11,24,1.1x60x0.1,1.1x60x0.1,0.02452743771198812,,,,,,,,,,,,,,,0,FAIL
1083,1083,,,2024-08-29 06:08:32.618076,2024-08-29 06:08:32.623063,0 days 00:00:00.004987,0.0149,N95,2,6,1.4x200x0.071,1.1x60x0.1,0.00927196330353026,,,,,,,,,,,,,,,0,FAIL
1084,1084,,,2024-08-29 06:08:32.624061,2024-08-29 06:08:32.628049,0 days 00:00:00.003988,0.01345,N95,14,16,1.4x200x0.071,1.4x200x0.071,0.008060727754160609,,,,,,,,,,,,,,,0,FAIL
1085,1085,,,2024-08-29 06:08:32.629046,2024-08-29 06:08:32.636028,0 days 00:00:00.006982,0.0149,N95,21,17,1.1x60x0.1,1.1x60x0.1,0.018973689195975703,,,,,,,,,,,,,,,0,FAIL
1086,1086,,,2024-08-29 06:08:32.637025,2024-08-29 06:08:32.643065,0 days 00:00:00.006040,0.01435,N95,28,18,1.1x60x0.1,1.1x60x0.1,0.02096090659086148,,,,,,,,,,,,,,,0,FAIL
1087,1087,,,2024-08-29 06:08:32.644063,2024-08-29 06:08:32.649069,0 days 00:00:00.005006,0.01435,N95,16,7,1.4x200x0.071,1.1x60x0.1,0.007639781445687564,,,,,,,,,,,,,,,0,FAIL
1088,1088,,,2024-08-29 06:08:32.649101,2024-08-29 06:08:32.651096,0 days 00:00:00.001995,0.012,N95,31,0,1.1x60x0.1,1.4x200x0.071,0.008688074933969003,,,,,,,,,,,,,,,0,FAIL
1089,1089,,,2024-08-29 06:08:32.651096,2024-08-29 06:08:32.653091,0 days 00:00:00.001995,0.012,N95,6,6,1.4x200x0.071,1.1x60x0.1,0.012598909546375846,,,,,,,,,,,,,,,0,FAIL
1090,1090,,,2024-08-29 06:08:32.653091,2024-08-29 06:08:32.655169,0 days 00:00:00.002078,0.012,N95,25,20,1.1x60x0.1,1.1x60x0.1,0.007808987906515765,,,,,,,,,,,,,,,0,FAIL
1091,1091,,,2024-08-29 06:08:32.656168,2024-08-29 06:08:32.660157,0 days 00:00:00.003989,0.012,N95,13,2,1.4x200x0.071,1.4x200x0.071,0.007492355611731563,,,,,,,,,,,,,,,0,FAIL
1092,1092,,,2024-08-29 06:08:32.660157,2024-08-29 06:08:32.665208,0 days 00:00:00.005051,0.0149,N95,38,19,1.1x60x0.1,1.4x200x0.071,0.01439261551885708,,,,,,,,,,,,,,,0,FAIL
1093,1093,,,2024-08-29 06:08:32.666206,2024-08-29 06:08:32.670251,0 days 00:00:00.004045,0.01435,N95,8,18,1.4x200x0.071,1.1x60x0.1,0.021583977605454076,,,,,,,,,,,,,,,0,FAIL
1094,1094,,,2024-08-29 06:08:32.671250,2024-08-29 06:08:32.674332,0 days 00:00:00.003082,0.01435,N95,7,0,1.1x60x0.1,1.4x200x0.071,0.018208411586451537,,,,,,,,,,,,,,,0,FAIL
1095,1095,,,2024-08-29 06:08:32.675330,2024-08-29 06:08:32.678322,0 days 00:00:00.002992,0.012,N95,1,11,1.1x60x0.1,1.1x60x0.1,0.015154177655766939,,,,,,,,,,,,,,,0,FAIL
1096,1096,,,2024-08-29 06:08:32.679375,2024-08-29 06:08:32.682369,0 days 00:00:00.002994,0.0149,N95,24,11,1.4x200x0.071,1.4x200x0.071,0.016361640228584204,,,,,,,,,,,,,,,0,FAIL
1097,1097,,,2024-08-29 06:08:32.682369,2024-08-29 06:08:32.687406,0 days 00:00:00.005037,0.01435,N95,8,15,1.1x60x0.1,1.1x60x0.1,0.007674911961650548,,,,,,,,,,,,,,,0,FAIL
1098,1098,,,2024-08-29 06:08:32.687406,2024-08-29 06:08:32.691464,0 days 00:00:00.004058,0.012,N95,38,3,1.1x60x0.1,1.1x60x0.1,0.01456883776520479,,,,,,,,,,,,,,,0,FAIL
1099,1099,,,2024-08-29 06:08:32.692463,2024-08-29 06:08:32.696452,0 days 00:00:00.003989,0.01345,N95,18,12,1.1x60x0.1,1.4x200x0.071,0.011424808433116721,,,,,,,,,,,,,,,0,FAIL
1100,1100,,,2024-08-29 06:08:32.697510,2024-08-29 06:08:32.700502,0 days 00:00:00.002992,0.01345,N95,40,9,1.1x60x0.1,1.4x200x0.071,0.005768445790949002,,,,,,,,,,,,,,,0,FAIL
1101,1101,,,2024-08-29 06:08:32.701500,2024-08-29 06:08:32.703583,0 days 00:00:00.002083,0.01435,N95,33,6,1.4x200x0.071,1.1x60x0.1,0.018473414984411386,,,,,,,,,,,,,,,0,FAIL
1102,1102,,,2024-08-29 06:08:32.704581,2024-08-29 06:08:32.707573,0 days 00:00:00.002992,0.0149,N95,7,24,1.4x200x0.071,1.1x60x0.1,0.012342754030595742,,,,,,,,,,,,,,,0,FAIL
1103,1103,,,2024-08-29 06:08:32.707573,2024-08-29 06:08:32.710628,0 days 00:00:00.003055,0.0149,N95,28,8,1.4x200x0.071,1.4x200x0.071,0.007739460987891253,,,,,,,,,,,,,,,0,FAIL
1104,1104,,,2024-08-29 06:08:32.711625,2024-08-29 06:08:32.714617,0 days 00:00:00.002992,0.0149,N95,25,8,1.1x60x0.1,1.4x200x0.071,0.006486860786320385,,,,,,,,,,,,,,,0,FAIL
1105,1105,,,2024-08-29 06:08:32.714617,2024-08-29 06:08:32.718667,0 days 00:00:00.004050,0.0149,N95,28,13,1.4x200x0.071,1.1x60x0.1,0.015261791441495042,,,,,,,,,,,,,,,0,FAIL
1106,1106,,,2024-08-29 06:08:32.718667,2024-08-29 06:08:32.723715,0 days 00:00:00.005048,0.01435,N95,4,15,1.4x200x0.071,1.4x200x0.071,0.01774992795217384,,,,,,,,,,,,,,,0,FAIL
1107,1107,,,2024-08-29 06:08:32.723715,2024-08-29 06:08:32.726707,0 days 00:00:00.002992,0.01345,N95,17,9,1.4x200x0.071,1.4x200x0.071,0.005444022752774285,,,,,,,,,,,,,,,0,FAIL
1108,1108,,,2024-08-29 06:08:32.726707,2024-08-29 06:08:32.731253,0 days 00:00:00.004546,0.01345,N95,33,7,1.4x200x0.071,1.1x60x0.1,0.006289869204843477,,,,,,,,,,,,,,,0,FAIL
1109,1109,,,2024-08-29 06:08:32.731253,2024-08-29 06:08:32.735334,0 days 00:00:00.004081,0.01435,N95,13,7,1.4x200x0.071,1.1x60x0.1,0.0084055910740943,,,,,,,,,,,,,,,0,FAIL
1110,1110,,,2024-08-29 06:08:32.736329,2024-08-29 06:08:32.740393,0 days 00:00:00.004064,0.0149,N95,28,6,1.4x200x0.071,1.1x60x0.1,0.010796509600134046,,,,,,,,,,,,,,,0,FAIL
1111,1111,,,2024-08-29 06:08:32.741390,2024-08-29 06:08:32.745381,0 days 00:00:00.003991,0.0149,N95,20,12,1.4x200x0.071,1.1x60x0.1,0.014518902160448814,,,,,,,,,,,,,,,0,FAIL
1112,1112,,,2024-08-29 06:08:32.746445,2024-08-29 06:08:32.750434,0 days 00:00:00.003989,0.012,N95,23,15,1.4x200x0.071,1.1x60x0.1,0.009110212622576653,,,,,,,,,,,,,,,0,FAIL
1113,1113,,,2024-08-29 06:08:32.750434,2024-08-29 06:08:32.754423,0 days 00:00:00.003989,0.01345,N95,14,16,1.4x200x0.071,1.1x60x0.1,0.004569003971195087,,,,,,,,,,,,,,,0,FAIL
1114,1114,,,2024-08-29 06:08:32.754423,2024-08-29 06:08:32.758413,0 days 00:00:00.003990,0.012,N95,11,9,1.1x60x0.1,1.4x200x0.071,0.014441201170284603,,,,,,,,,,,,,,,0,FAIL
1115,1115,,,2024-08-29 06:08:32.758413,2024-08-29 06:08:32.761406,0 days 00:00:00.002993,0.0149,N95,36,24,1.1x60x0.1,1.4x200x0.071,0.014911683517977684,,,,,,,,,,,,,,,0,FAIL
1116,1116,,,2024-08-29 06:08:32.761406,2024-08-29 06:08:32.764398,0 days 00:00:00.002992,0.01345,N95,34,11,1.4x200x0.071,1.1x60x0.1,0.004267324250680541,,,,,,,,,,,,,,,0,FAIL
1117,1117,,,2024-08-29 06:08:32.764398,2024-08-29 06:08:32.766392,0 days 00:00:00.001994,0.012,N95,25,23,1.4x200x0.071,1.4x200x0.071,0.007996740474913713,,,,,,,,,,,,,,,0,FAIL
1118,1118,,,2024-08-29 06:08:32.767390,2024-08-29 06:08:32.770381,0 days 00:00:00.002991,0.01345,N95,8,4,1.1x60x0.1,1.1x60x0.1,0.007734381183858353,,,,,,,,,,,,,,,0,FAIL
1119,1119,,,2024-08-29 06:08:32.771379,2024-08-29 06:08:32.775367,0 days 00:00:00.003988,0.01435,N95,32,12,1.1x60x0.1,1.4x200x0.071,0.01639853588078026,,,,,,,,,,,,,,,0,FAIL
1120,1120,,,2024-08-29 06:08:32.776365,2024-08-29 06:08:32.778361,0 days 00:00:00.001996,0.01345,N95,16,14,1.1x60x0.1,1.4x200x0.071,0.004192057148132153,,,,,,,,,,,,,,,0,FAIL
1121,1121,,,2024-08-29 06:08:32.779357,2024-08-29 06:08:32.783346,0 days 00:00:00.003989,0.01435,N95,26,6,1.4x200x0.071,1.4x200x0.071,0.02183383408905326,,,,,,,,,,,,,,,0,FAIL
1122,1122,,,2024-08-29 06:08:32.783346,2024-08-29 06:08:32.787335,0 days 00:00:00.003989,0.0149,N95,6,7,1.4x200x0.071,1.1x60x0.1,0.01849885537665194,,,,,,,,,,,,,,,0,FAIL
1123,1123,,,2024-08-29 06:08:32.787335,2024-08-29 06:08:32.789330,0 days 00:00:00.001995,0.01435,N95,39,23,1.1x60x0.1,1.1x60x0.1,0.015155814346955551,,,,,,,,,,,,,,,0,FAIL
1124,1124,,,2024-08-29 06:08:32.789330,2024-08-29 06:08:32.791324,0 days 00:00:00.001994,0.0149,N95,40,17,1.1x60x0.1,1.4x200x0.071,0.008017998566809901,,,,,,,,,,,,,,,0,FAIL
1125,1125,,,2024-08-29 06:08:32.792322,2024-08-29 06:08:32.795314,0 days 00:00:00.002992,0.0149,N95,16,13,1.1x60x0.1,1.1x60x0.1,0.014877033604237384,,,,,,,,,,,,,,,0,FAIL
1126,1126,,,2024-08-29 06:08:32.795314,2024-08-29 06:08:32.797309,0 days 00:00:00.001995,0.012,N95,12,1,1.4x200x0.071,1.1x60x0.1,0.010027845954588176,,,,,,,,,,,,,,,0,FAIL
1127,1127,,,2024-08-29 06:08:32.797309,2024-08-29 06:08:32.800300,0 days 00:00:00.002991,0.01435,N95,14,5,1.1x60x0.1,1.1x60x0.1,0.011871313592995378,,,,,,,,,,,,,,,0,FAIL
1128,1128,,,2024-08-29 06:08:32.801298,2024-08-29 06:08:32.803296,0 days 00:00:00.001998,0.01435,N95,37,17,1.4x200x0.071,1.1x60x0.1,0.011234964874903032,,,,,,,,,,,,,,,0,FAIL
1129,1129,,,2024-08-29 06:08:32.803296,2024-08-29 06:08:32.805288,0 days 00:00:00.001992,0.012,N95,40,2,1.4x200x0.071,1.1x60x0.1,0.00449251586367914,,,,,,,,,,,,,,,0,FAIL
1130,1130,,,2024-08-29 06:08:32.805288,2024-08-29 06:08:32.809277,0 days 00:00:00.003989,0.0149,N95,19,14,1.1x60x0.1,1.1x60x0.1,0.01210888823263414,,,,,,,,,,,,,,,0,FAIL
1131,1131,,,2024-08-29 06:08:32.809277,2024-08-29 06:08:32.812269,0 days 00:00:00.002992,0.012,N95,16,15,1.4x200x0.071,1.4x200x0.071,0.011290265844164434,,,,,,,,,,,,,,,0,FAIL
1132,1132,,,2024-08-29 06:08:32.812269,2024-08-29 06:08:32.815261,0 days 00:00:00.002992,0.012,N95,40,13,1.1x60x0.1,1.4x200x0.071,0.013881693890252851,,,,,,,,,,,,,,,0,FAIL
1133,1133,,,2024-08-29 06:08:32.815261,2024-08-29 06:08:32.818256,0 days 00:00:00.002995,0.0149,N95,1,7,1.1x60x0.1,1.4x200x0.071,0.009528946915865978,,,,,,,,,,,,,,,0,FAIL
1134,1134,,,2024-08-29 06:08:32.818256,2024-08-29 06:08:32.822243,0 days 00:00:00.003987,0.01435,N95,18,11,1.1x60x0.1,1.4x200x0.071,0.020129812567942194,,,,,,,,,,,,,,,0,FAIL
1135,1135,,,2024-08-29 06:08:32.823239,2024-08-29 06:08:32.826233,0 days 00:00:00.002994,0.0149,N95,19,5,1.4x200x0.071,1.4x200x0.071,0.006556847625278403,,,,,,,,,,,,,,,0,FAIL
1136,1136,,,2024-08-29 06:08:32.826233,2024-08-29 06:08:32.829224,0 days 00:00:00.002991,0.01435,N95,23,16,1.1x60x0.1,1.4x200x0.071,0.011088127892207342,,,,,,,,,,,,,,,0,FAIL
1137,1137,,,2024-08-29 06:08:32.829224,2024-08-29 06:08:32.833081,0 days 00:00:00.003857,0.01435,N95,2,2,1.4x200x0.071,1.4x200x0.071,0.014505331274249378,,,,,,,,,,,,,,,0,FAIL
1138,1138,,,2024-08-29 06:08:32.833081,2024-08-29 06:08:32.836076,0 days 00:00:00.002995,0.0149,N95,32,5,1.4x200x0.071,1.1x60x0.1,0.008078924145205075,,,,,,,,,,,,,,,0,FAIL
1139,1139,,,2024-08-29 06:08:32.836076,2024-08-29 06:08:32.840066,0 days 00:00:00.003990,0.0149,N95,13,24,1.1x60x0.1,1.4x200x0.071,0.019736808241834807,,,,,,,,,,,,,,,0,FAIL
1140,1140,3.095845057416783e-05,171.1433090117038,2024-08-29 06:08:32.840066,2024-08-29 06:08:33.047511,0 days 00:00:00.207445,0.01435,N95,18,15,1.1x60x0.1,1.1x60x0.1,0.013086286419273965,0.0001126700078571674,0.0005246583744754121,4.7697476639721074e-05,0.2949182990774419,0.32316612325531974,0.3241290810861681,5.2266029822287344e-05,5.242177010285185e-05,4.0,167.9569461765169,1.0711279000819447,2.1152349351049478,0.0082,0.008825,0,COMPLETE
1141,1141,,,2024-08-29 06:08:33.048509,2024-08-29 06:08:33.050503,0 days 00:00:00.001994,0.01435,N95,39,13,1.1x60x0.1,1.4x200x0.071,0.021340792438084837,,,,,,,,,,,,,,,0,FAIL
1142,1142,,,2024-08-29 06:08:33.051500,2024-08-29 06:08:33.057484,0 days 00:00:00.005984,0.01435,N95,19,24,1.1x60x0.1,1.4x200x0.071,0.022681419175654555,,,,,,,,,,,,,,,0,FAIL
1143,1143,,,2024-08-29 06:08:33.058482,2024-08-29 06:08:33.063468,0 days 00:00:00.004986,0.01435,N95,26,13,1.4x200x0.071,1.4x200x0.071,0.01524191816746937,,,,,,,,,,,,,,,0,FAIL
1144,1144,,,2024-08-29 06:08:33.064466,2024-08-29 06:08:33.069452,0 days 00:00:00.004986,0.01345,N95,25,10,1.4x200x0.071,1.4x200x0.071,0.011047547026904383,,,,,,,,,,,,,,,0,FAIL
1145,1145,,,2024-08-29 06:08:33.070450,2024-08-29 06:08:33.075436,0 days 00:00:00.004986,0.01345,N95,12,24,1.4x200x0.071,1.1x60x0.1,0.003063953125424403,,,,,,,,,,,,,,,0,FAIL
1146,1146,,,2024-08-29 06:08:33.076433,2024-08-29 06:08:33.080422,0 days 00:00:00.003989,0.01345,N95,19,7,1.4x200x0.071,1.1x60x0.1,0.008931556700395839,,,,,,,,,,,,,,,0,FAIL
1147,1147,,,2024-08-29 06:08:33.081420,2024-08-29 06:08:33.086406,0 days 00:00:00.004986,0.01435,N95,20,17,1.4x200x0.071,1.4x200x0.071,0.011729393093394588,,,,,,,,,,,,,,,0,FAIL
1148,1148,,,2024-08-29 06:08:33.086406,2024-08-29 06:08:33.091393,0 days 00:00:00.004987,0.012,N95,7,21,1.4x200x0.071,1.1x60x0.1,0.005258366841589439,,,,,,,,,,,,,,,0,FAIL
1149,1149,,,2024-08-29 06:08:33.091393,2024-08-29 06:08:33.094386,0 days 00:00:00.002993,0.012,N95,8,3,1.1x60x0.1,1.4x200x0.071,0.008491248151256757,,,,,,,,,,,,,,,0,FAIL
1150,1150,,,2024-08-29 06:08:33.094386,2024-08-29 06:08:33.096380,0 days 00:00:00.001994,0.01435,N95,36,7,1.4x200x0.071,1.1x60x0.1,0.022014616027670963,,,,,,,,,,,,,,,0,FAIL
1151,1151,,,2024-08-29 06:08:33.097378,2024-08-29 06:08:33.099372,0 days 00:00:00.001994,0.012,N95,22,11,1.1x60x0.1,1.4x200x0.071,0.009558658083529315,,,,,,,,,,,,,,,0,FAIL
1152,1152,,,2024-08-29 06:08:33.100370,2024-08-29 06:08:33.104359,0 days 00:00:00.003989,0.012,N95,12,16,1.4x200x0.071,1.1x60x0.1,0.015649911288488198,,,,,,,,,,,,,,,0,FAIL
1153,1153,,,2024-08-29 06:08:33.105356,2024-08-29 06:08:33.110344,0 days 00:00:00.004988,0.0149,N95,40,23,1.4x200x0.071,1.1x60x0.1,0.011381212315121954,,,,,,,,,,,,,,,0,FAIL
1154,1154,,,2024-08-29 06:08:33.110344,2024-08-29 06:08:33.113334,0 days 00:00:00.002990,0.0149,N95,2,0,1.1x60x0.1,1.4x200x0.071,0.017239558297595468,,,,,,,,,,,,,,,0,FAIL
1155,1155,,,2024-08-29 06:08:33.113334,2024-08-29 06:08:33.119318,0 days 00:00:00.005984,0.0149,N95,24,19,1.1x60x0.1,1.1x60x0.1,0.010673071082087964,,,,,,,,,,,,,,,0,FAIL
1156,1156,,,2024-08-29 06:08:33.120317,2024-08-29 06:08:33.125302,0 days 00:00:00.004985,0.01435,N95,40,13,1.4x200x0.071,1.4x200x0.071,0.02057299282027216,,,,,,,,,,,,,,,0,FAIL
1157,1157,,,2024-08-29 06:08:33.126300,2024-08-29 06:08:33.131288,0 days 00:00:00.004988,0.012,N95,24,18,1.4x200x0.071,1.4x200x0.071,0.006030111594602991,,,,,,,,,,,,,,,0,FAIL
1158,1158,,,2024-08-29 06:08:33.131288,2024-08-29 06:08:33.138268,0 days 00:00:00.006980,0.01435,N95,18,6,1.4x200x0.071,1.4x200x0.071,0.024660367972989095,,,,,,,,,,,,,,,0,FAIL
1159,1159,,,2024-08-29 06:08:33.139265,2024-08-29 06:08:33.145248,0 days 00:00:00.005983,0.01345,N95,4,23,1.4x200x0.071,1.4x200x0.071,0.007867426396195061,,,,,,,,,,,,,,,0,FAIL
1160,1160,,,2024-08-29 06:08:33.146247,2024-08-29 06:08:33.153227,0 days 00:00:00.006980,0.01435,N95,29,20,1.1x60x0.1,1.4x200x0.071,0.022640322375174278,,,,,,,,,,,,,,,0,FAIL
1161,1161,,,2024-08-29 06:08:33.154226,2024-08-29 06:08:33.158214,0 days 00:00:00.003988,0.01345,N95,33,18,1.1x60x0.1,1.4x200x0.071,0.007572182211021704,,,,,,,,,,,,,,,0,FAIL
1162,1162,,,2024-08-29 06:08:33.159289,2024-08-29 06:08:33.163280,0 days 00:00:00.003991,0.012,N95,5,0,1.4x200x0.071,1.4x200x0.071,0.012507954176894234,,,,,,,,,,,,,,,0,FAIL
1163,1163,,,2024-08-29 06:08:33.164280,2024-08-29 06:08:33.170331,0 days 00:00:00.006051,0.012,N95,15,16,1.1x60x0.1,1.1x60x0.1,0.007525286910126279,,,,,,,,,,,,,,,0,FAIL
1164,1164,,,2024-08-29 06:08:33.171395,2024-08-29 06:08:33.175385,0 days 00:00:00.003990,0.01345,N95,4,23,1.4x200x0.071,1.4x200x0.071,0.006601622851391942,,,,,,,,,,,,,,,0,FAIL
1165,1165,,,2024-08-29 06:08:33.176383,2024-08-29 06:08:33.185529,0 days 00:00:00.009146,0.01435,N95,19,12,1.1x60x0.1,1.4x200x0.071,0.021612472531598134,,,,,,,,,,,,,,,0,FAIL
1166,1166,,,2024-08-29 06:08:33.186527,2024-08-29 06:08:33.190585,0 days 00:00:00.004058,0.01345,N95,11,3,1.1x60x0.1,1.1x60x0.1,0.00413240857880698,,,,,,,,,,,,,,,0,FAIL
1167,1167,,,2024-08-29 06:08:33.191581,2024-08-29 06:08:33.198628,0 days 00:00:00.007047,0.0149,N95,32,1,1.4x200x0.071,1.4x200x0.071,0.018126594464709225,,,,,,,,,,,,,,,0,FAIL
1168,1168,,,2024-08-29 06:08:33.198628,2024-08-29 06:08:33.202675,0 days 00:00:00.004047,0.01345,N95,24,19,1.4x200x0.071,1.4x200x0.071,0.009663396943648168,,,,,,,,,,,,,,,0,FAIL
1169,1169,,,2024-08-29 06:08:33.202675,2024-08-29 06:08:33.208715,0 days 00:00:00.006040,0.01435,N95,5,21,1.1x60x0.1,1.1x60x0.1,0.01429098946931946,,,,,,,,,,,,,,,0,FAIL
1170,1170,,,2024-08-29 06:08:33.209713,2024-08-29 06:08:33.215757,0 days 00:00:00.006044,0.012,N95,9,1,1.4x200x0.071,1.4x200x0.071,0.0112249411973933,,,,,,,,,,,,,,,0,FAIL
1171,1171,,,2024-08-29 06:08:33.216754,2024-08-29 06:08:33.221800,0 days 00:00:00.005046,0.012,N95,18,19,1.4x200x0.071,1.1x60x0.1,0.008635664934295694,,,,,,,,,,,,,,,0,FAIL
1172,1172,,,2024-08-29 06:08:33.222792,2024-08-29 06:08:33.228357,0 days 00:00:00.005565,0.012,N95,0,1,1.1x60x0.1,1.1x60x0.1,0.010206644449124856,,,,,,,,,,,,,,,0,FAIL
1173,1173,,,2024-08-29 06:08:33.229344,2024-08-29 06:08:33.234394,0 days 00:00:00.005050,0.01435,N95,33,9,1.4x200x0.071,1.4x200x0.071,0.016812676133898998,,,,,,,,,,,,,,,0,FAIL
1174,1174,,,2024-08-29 06:08:33.235391,2024-08-29 06:08:33.241474,0 days 00:00:00.006083,0.01345,N95,39,1,1.4x200x0.071,1.4x200x0.071,0.004264610965649626,,,,,,,,,,,,,,,0,FAIL
1175,1175,,,2024-08-29 06:08:33.242472,2024-08-29 06:08:33.248518,0 days 00:00:00.006046,0.012,N95,27,24,1.4x200x0.071,1.1x60x0.1,0.01184255226779192,,,,,,,,,,,,,,,0,FAIL
1176,1176,,,2024-08-29 06:08:33.249583,2024-08-29 06:08:33.254571,0 days 00:00:00.004988,0.012,N95,33,22,1.1x60x0.1,1.4x200x0.071,0.0042960898989110406,,,,,,,,,,,,,,,0,FAIL
1177,1177,,,2024-08-29 06:08:33.255672,2024-08-29 06:08:33.262654,0 days 00:00:00.006982,0.01435,N95,2,0,1.4x200x0.071,1.4x200x0.071,0.021859051705191406,,,,,,,,,,,,,,,0,FAIL
1178,1178,,,2024-08-29 06:08:33.263651,2024-08-29 06:08:33.268643,0 days 00:00:00.004992,0.0149,N95,2,22,1.4x200x0.071,1.1x60x0.1,0.005744915346844534,,,,,,,,,,,,,,,0,FAIL
1179,1179,,,2024-08-29 06:08:33.269639,2024-08-29 06:08:33.276617,0 days 00:00:00.006978,0.0149,N95,35,16,1.1x60x0.1,1.1x60x0.1,0.011755702451677355,,,,,,,,,,,,,,,0,FAIL
1180,1180,,,2024-08-29 06:08:33.277614,2024-08-29 06:08:33.283598,0 days 00:00:00.005984,0.01435,N95,15,17,1.4x200x0.071,1.1x60x0.1,0.010114363558812766,,,,,,,,,,,,,,,0,FAIL
1181,1181,4.979432846949652e-05,130.90673371396747,2024-08-29 06:08:33.284595,2024-08-29 06:08:33.484061,0 days 00:00:00.199466,0.0149,N95,22,22,1.4x200x0.071,1.4x200x0.071,0.017673968963673948,0.0001853943067361501,0.001661249756889468,3.850162050919795e-05,0.2208089084667231,0.23682113492193554,0.20498299841110693,4.1293612330392235e-05,3.574211597921717e-05,5.0,128.15749711610806,0.9641876638719582,1.7850489339874525,0.011,0.01105,0,COMPLETE
1182,1182,,,2024-08-29 06:08:33.485058,2024-08-29 06:08:33.489048,0 days 00:00:00.003990,0.0149,N95,7,14,1.4x200x0.071,1.4x200x0.071,0.005887201706770443,,,,,,,,,,,,,,,0,FAIL
1183,1183,,,2024-08-29 06:08:33.490045,2024-08-29 06:08:33.496030,0 days 00:00:00.005985,0.0149,N95,24,0,1.4x200x0.071,1.4x200x0.071,0.01757995878374799,,,,,,,,,,,,,,,0,FAIL
