,number,values_0,values_1,datetime_start,datetime_complete,duration,params_core_inner_diameter,params_material,params_n_p_bot,params_n_p_top,params_primary_litz_wire,params_secondary_litz_wire,params_window_h_bot,user_attrs_air_gap_bot,user_attrs_air_gap_top,user_attrs_flux_bot_max,user_attrs_flux_density_bot_max,user_attrs_flux_density_mid_max,user_attrs_flux_density_top_max,user_attrs_flux_mid_max,user_attrs_flux_top_max,user_attrs_n_s_bot,user_attrs_p_hyst,user_attrs_primary_litz_wire_loss,user_attrs_secondary_litz_wire_loss,user_attrs_window_h_top,user_attrs_window_w,system_attrs_nsga2:generation,state
2956,2956,4.5568142865766216e-05,122.87729474032368,2024-08-29 06:10:46.681525,2024-08-29 06:10:46.914902,0 days 00:00:00.233377,0.0149,N95,23,15,1.1x60x0.1,1.1x60x0.1,0.01839187417227737,0.0002075500602409484,0.0005956009548466615,3.7605450211454966e-05,0.21566932258363924,0.24413189870546476,0.3006417310029569,4.2568362768589565e-05,5.242177010285185e-05,5.0,118.43325226837248,1.4136485477342011,3.030393924216993,0.006900000000000001,0.01105,10,COMPLETE
2957,2957,,,2024-08-29 06:10:46.916899,2024-08-29 06:10:46.928863,0 days 00:00:00.011964,0.0149,N95,6,20,1.1x60x0.1,1.1x60x0.1,0.016392664934463883,,,,,,,,,,,,,,,10,FAIL
2958,2958,,,2024-08-29 06:10:46.930863,2024-08-29 06:10:46.942825,0 days 00:00:00.011962,0.01435,N95,31,15,1.1x60x0.1,1.1x60x0.1,0.008219136703278354,,,,,,,,,,,,,,,10,FAIL
2959,2959,,,2024-08-29 06:10:46.944820,2024-08-29 06:10:46.955791,0 days 00:00:00.010971,0.01435,N95,31,10,1.1x60x0.1,1.1x60x0.1,0.007638782198685295,,,,,,,,,,,,,,,10,FAIL
2960,2960,,,2024-08-29 06:10:46.957786,2024-08-29 06:10:46.970751,0 days 00:00:00.012965,0.01435,N95,19,10,1.1x60x0.1,1.1x60x0.1,0.01976300828928897,,,,,,,,,,,,,,,10,FAIL
2961,2961,,,2024-08-29 06:10:46.971748,2024-08-29 06:10:46.982732,0 days 00:00:00.010984,0.01435,N95,0,17,1.1x60x0.1,1.1x60x0.1,0.008419812090856281,,,,,,,,,,,,,,,10,FAIL
2962,2962,3.282911773770457e-05,103.25641078865816,2024-08-29 06:10:46.983716,2024-08-29 06:10:47.343886,0 days 00:00:00.360170,0.01435,N95,23,17,1.1x60x0.1,1.1x60x0.1,0.013722837224428382,0.00020149812532555358,0.000775060706009103,3.7605450211454966e-05,0.2325182838533611,0.2593575379908458,0.2859962480172071,4.194619373688151e-05,4.625450303192809e-05,5.0,99.3140302711928,1.2983368485841749,2.644043668881184,0.009500000000000001,0.008825,10,COMPLETE
2963,2963,4.1548598643272604e-05,98.24711760934757,2024-08-29 06:10:47.345870,2024-08-29 06:10:47.626120,0 days 00:00:00.280250,0.01435,N95,31,15,1.1x60x0.1,1.1x60x0.1,0.024049412393621884,0.00033216551960934637,0.0005412591874763916,2.7446998889213458e-05,0.16970755682379857,0.20619834399882364,0.3241290810861681,3.3348695983935794e-05,5.242177010285185e-05,7.0,93.05236909704212,1.4930873758718013,3.7016611364336582,0.0082,0.008825,10,COMPLETE
2964,2964,,,2024-08-29 06:10:47.627117,2024-08-29 06:10:47.637090,0 days 00:00:00.009973,0.01435,N95,18,5,1.1x60x0.1,1.1x60x0.1,0.02230433222525703,,,,,,,,,,,,,,,10,FAIL
2965,2965,,,2024-08-29 06:10:47.639086,2024-08-29 06:10:47.646067,0 days 00:00:00.006981,0.0149,N95,34,23,1.1x60x0.1,1.1x60x0.1,0.010393562196189157,,,,,,,,,,,,,,,10,FAIL
2966,2966,,,2024-08-29 06:10:47.648062,2024-08-29 06:10:47.660029,0 days 00:00:00.011967,0.01345,N95,23,8,1.1x60x0.1,1.1x60x0.1,0.007287693622737479,,,,,,,,,,,,,,,10,FAIL
2967,2967,4.0081994231714174e-05,133.69423327989992,2024-08-29 06:10:47.662024,2024-08-29 06:10:47.924482,0 days 00:00:00.262458,0.01435,N95,23,15,1.1x60x0.1,1.1x60x0.1,0.022531155159300827,0.00018866858818852983,0.000558029934821185,3.7605450211454966e-05,0.2325182838533611,0.26320447173864064,0.3241290810861681,4.2568362768589565e-05,5.242177010285185e-05,5.0,129.81676960486377,1.2334200061549663,2.644043668881184,0.0082,0.008825,10,COMPLETE
2968,2968,,,2024-08-29 06:10:47.926477,2024-08-29 06:10:47.939509,0 days 00:00:00.013032,0.01435,N95,9,25,1.1x60x0.1,1.1x60x0.1,0.00721310130649338,,,,,,,,,,,,,,,11,FAIL
2969,2969,,,2024-08-29 06:10:47.941503,2024-08-29 06:10:47.948485,0 days 00:00:00.006982,0.01435,N95,34,17,1.1x60x0.1,1.1x60x0.1,0.010359796135791794,,,,,,,,,,,,,,,11,FAIL
2970,2970,4.005489073842853e-05,209.47026945241197,2024-08-29 06:10:47.949483,2024-08-29 06:10:48.187846,0 days 00:00:00.238363,0.01435,N95,18,16,1.1x60x0.1,1.4x200x0.071,0.022503097099177735,0.00010847309861553573,0.0006157428614636193,4.7697476639721074e-05,0.2949182990774419,0.32112243970180376,0.30387101351828255,5.193550252419244e-05,4.91454094714236e-05,4.0,207.1720475144022,1.1035863212965487,1.1946356167132055,0.0082,0.008825,11,COMPLETE
2971,2971,,,2024-08-29 06:10:48.190837,2024-08-29 06:10:48.199814,0 days 00:00:00.008977,0.012,N95,18,15,1.1x60x0.1,1.1x60x0.1,0.010757035609550668,,,,,,,,,,,,,,,11,FAIL
2972,2972,,,2024-08-29 06:10:48.201808,2024-08-29 06:10:48.210785,0 days 00:00:00.008977,0.01435,N95,34,17,1.1x60x0.1,1.1x60x0.1,0.006381378001332873,,,,,,,,,,,,,,,11,FAIL
2973,2973,3.827137471553985e-05,85.84134314686582,2024-08-29 06:10:48.211782,2024-08-29 06:10:48.479285,0 days 00:00:00.267503,0.01435,N95,27,21,1.1x60x0.1,1.1x60x0.1,0.01805676683933563,0.0002763393769894879,0.0013970220973637518,3.179831775981402e-05,0.19661219938496108,0.21700117440146327,0.23152077220440578,3.509585020388289e-05,3.744412150203703e-05,6.0,81.11048652590739,1.5580042183010103,3.172852402657422,0.0108,0.008825,11,COMPLETE
2974,2974,3.163940504753421e-05,161.7209070804349,2024-08-29 06:10:48.481281,2024-08-29 06:10:48.749567,0 days 00:00:00.268286,0.01435,N95,18,17,1.1x60x0.1,1.1x60x0.1,0.012491223652029999,0.00011736743826667152,0.000731106849708742,4.7697476639721074e-05,0.2949182990774419,0.3193191895075249,0.2859962480172071,5.164386079057929e-05,4.625450303192809e-05,4.0,158.4696274028188,1.1360447425111533,2.1152349351049478,0.009500000000000001,0.008825,11,COMPLETE
2975,2975,3.810833772272507e-05,64.19344048037962,2024-08-29 06:10:48.750561,2024-08-29 06:10:48.968978,0 days 00:00:00.218417,0.01435,N95,34,23,1.1x60x0.1,1.1x60x0.1,0.017887987793089644,0.00040262073299861343,0.0016709731681355863,2.412419716454984e-05,0.14916233930188658,0.16576477254089456,0.2113885311431531,2.680932783991756e-05,3.418811093664251e-05,8.0,58.112840600937275,1.8501300092324493,4.2304698702098955,0.0108,0.008825,11,COMPLETE
2976,2976,4.283543855073758e-05,214.96583469591192,2024-08-29 06:10:48.969974,2024-08-29 06:10:49.208335,0 days 00:00:00.238361,0.01435,N95,18,17,1.1x60x0.1,1.4x200x0.071,0.02408157393870114,0.00010954696726863763,0.000731106849708742,4.7697476639721074e-05,0.2949182990774419,0.3193191895075249,0.2859962480172071,5.164386079057929e-05,4.625450303192809e-05,4.0,212.63515433668755,1.1360447425111533,1.1946356167132055,0.009500000000000001,0.008825,11,COMPLETE
2977,2977,3.9124422173967396e-05,68.07091455669784,2024-08-29 06:10:49.209333,2024-08-29 06:10:49.432633,0 days 00:00:00.223300,0.01435,N95,34,21,1.1x60x0.1,1.1x60x0.1,0.01893985805655117,0.00040082243354672034,0.0012699694300996826,2.412419716454984e-05,0.14916233930188658,0.16779576240774277,0.23152077220440578,2.7137802173428026e-05,3.744412150203703e-05,8.0,62.05523151968471,1.7852131668032407,4.2304698702098955,0.0108,0.008825,11,COMPLETE
2978,2978,,,2024-08-29 06:10:49.435625,2024-08-29 06:10:49.443665,0 days 00:00:00.008040,0.01435,N95,23,9,1.1x60x0.1,1.1x60x0.1,0.008441325599436751,,,,,,,,,,,,,,,11,FAIL
2979,2979,,,2024-08-29 06:10:49.444664,2024-08-29 06:10:49.455633,0 days 00:00:00.010969,0.01435,N95,34,16,1.1x60x0.1,1.1x60x0.1,0.010372408899720364,,,,,,,,,,,,,,,11,FAIL
2980,2980,,,2024-08-29 06:10:49.457628,2024-08-29 06:10:49.467601,0 days 00:00:00.009973,0.0149,N95,31,21,1.1x60x0.1,1.1x60x0.1,0.009726395117064732,,,,,,,,,,,,,,,11,FAIL
2981,2981,3.6288689923459755e-05,128.8330920120264,2024-08-29 06:10:49.469597,2024-08-29 06:10:49.728901,0 days 00:00:00.259304,0.01435,N95,22,20,1.1x60x0.1,1.1x60x0.1,0.017304253219964174,0.00016730192338582574,0.0011184026897409923,3.850162050919795e-05,0.23805939500878825,0.2574501538002764,0.24309681081462603,4.163771029195031e-05,3.931632757713888e-05,5.0,124.82579465213183,1.363253691013384,2.644043668881184,0.009500000000000001,0.008825,11,COMPLETE
2982,2982,,,2024-08-29 06:10:49.730896,2024-08-29 06:10:49.741868,0 days 00:00:00.010972,0.01435,N95,34,14,1.4x200x0.071,1.1x60x0.1,0.009271557847361063,,,,,,,,,,,,,,,11,FAIL
2983,2983,4.347889380242968e-05,79.24861159421974,2024-08-29 06:10:49.743862,2024-08-29 06:10:49.987210,0 days 00:00:00.243348,0.0149,N95,27,22,1.1x60x0.1,1.4x200x0.071,0.015419908234765363,0.0003045236059058624,0.00160409593017562,3.179831775981402e-05,0.1823650989948635,0.20029190546499387,0.20498299841110693,3.4924147711366054e-05,3.574211597921717e-05,6.0,75.28369027240912,1.8228626010256805,2.1420587207849424,0.0082,0.01105,11,COMPLETE
2984,2984,4.4129707743742956e-05,120.10084449555805,2024-08-29 06:10:49.989205,2024-08-29 06:10:50.250193,0 days 00:00:00.260988,0.01435,N95,23,23,1.1x60x0.1,1.1x60x0.1,0.024121426423769847,0.00021873167331073708,0.0018519608078286175,3.7605450211454966e-05,0.2325182838533611,0.25183092848429073,0.2113885311431531,4.072890650093097e-05,3.418811093664251e-05,5.0,115.96371345080507,1.4930873758718013,2.644043668881184,0.0108,0.008825,11,COMPLETE
2985,2985,3.166867644048305e-05,105.86304720992226,2024-08-29 06:10:50.252187,2024-08-29 06:10:50.480654,0 days 00:00:00.228467,0.01435,N95,23,16,1.1x60x0.1,1.1x60x0.1,0.013821525963786998,0.00019764406242360713,0.0006533138571469244,3.7605450211454966e-05,0.2325182838533611,0.26116078818512467,0.30387101351828255,4.223783547049466e-05,4.91454094714236e-05,5.0,101.9531251136715,1.2658784273695707,2.644043668881184,0.0082,0.008825,11,COMPLETE
2986,2986,3.6862503962820755e-05,112.17028687973853,2024-08-29 06:10:50.482650,2024-08-29 06:10:50.727992,0 days 00:00:00.245342,0.01435,N95,26,16,1.1x60x0.1,1.1x60x0.1,0.019198276604558438,0.00022107459656388792,0.0005972485394463697,3.217217402876327e-05,0.19892379032656934,0.2244089543769162,0.30387101351828255,3.629391900272192e-05,4.91454094714236e-05,6.0,107.63418078606772,1.363253691013384,3.172852402657422,0.0082,0.008825,11,COMPLETE
2987,2987,3.884402134104242e-05,77.80515142205118,2024-08-29 06:10:50.729986,2024-08-29 06:10:50.952392,0 days 00:00:00.222406,0.01435,N95,34,17,1.1x60x0.1,1.1x60x0.1,0.019949581694539125,0.0003972379416855102,0.0006881721063256466,2.412419716454984e-05,0.14916233930188658,0.17329138204744968,0.2859962480172071,2.8026615075868105e-05,4.625450303192809e-05,8.0,71.91930206989646,1.655379481944823,4.2304698702098955,0.009500000000000001,0.008825,11,COMPLETE
2988,2988,,,2024-08-29 06:10:50.954388,2024-08-29 06:10:50.963363,0 days 00:00:00.008975,0.012,N95,18,16,1.1x60x0.1,1.1x60x0.1,0.011464557572749945,,,,,,,,,,,,,,,11,FAIL
2989,2989,,,2024-08-29 06:10:50.965358,2024-08-29 06:10:50.976329,0 days 00:00:00.010971,0.01345,N95,18,16,1.1x60x0.1,1.1x60x0.1,0.006371610984957562,,,,,,,,,,,,,,,11,FAIL
2990,2990,,,2024-08-29 06:10:50.978323,2024-08-29 06:10:50.990291,0 days 00:00:00.011968,0.01435,N95,36,16,1.1x60x0.1,1.1x60x0.1,0.01348117966866896,,,,,,,,,,,,,,,11,FAIL
2991,2991,,,2024-08-29 06:10:50.991289,2024-08-29 06:10:51.001262,0 days 00:00:00.009973,0.01435,N95,39,23,1.4x200x0.071,1.1x60x0.1,0.016317601328521433,,,,,,,,,,,,,,,11,FAIL
2992,2992,3.811241931368599e-05,130.44974882244088,2024-08-29 06:10:51.003256,2024-08-29 06:10:51.229650,0 days 00:00:00.226394,0.01435,N95,22,21,1.1x60x0.1,1.1x60x0.1,0.01789221313494401,0.00016881340658833488,0.0013237214281748805,3.850162050919795e-05,0.23805939500878825,0.25633570067416306,0.23152077220440578,4.145746850256275e-05,3.744412150203703e-05,5.0,126.40999304133172,1.395712112227988,2.644043668881184,0.0108,0.008825,11,COMPLETE
2993,2993,4.2940893301336784e-05,78.76890434663427,2024-08-29 06:10:51.230648,2024-08-29 06:10:51.417149,0 days 00:00:00.186501,0.01435,N95,31,21,1.1x60x0.1,1.1x60x0.1,0.022890742734818857,0.0003529889456201452,0.0013785224971616305,2.7446998889213458e-05,0.16970755682379857,0.18971446107326884,0.23152077220440578,3.068273858748719e-05,3.744412150203703e-05,7.0,73.37940530704118,1.6878379031594277,3.7016611364336582,0.0108,0.008825,11,COMPLETE
2994,2994,,,2024-08-29 06:10:51.418146,2024-08-29 06:10:51.427122,0 days 00:00:00.008976,0.01435,N95,29,17,1.1x60x0.1,1.1x60x0.1,0.017439122944638716,,,,,,,,,,,,,,,11,FAIL
2995,2995,,,2024-08-29 06:10:51.428121,2024-08-29 06:10:51.436097,0 days 00:00:00.007976,0.01435,N95,34,16,1.1x60x0.1,1.1x60x0.1,0.009585827116617564,,,,,,,,,,,,,,,11,FAIL
2996,2996,,,2024-08-29 06:10:51.437095,2024-08-29 06:10:51.447069,0 days 00:00:00.009974,0.01435,N95,26,20,1.1x60x0.1,1.1x60x0.1,0.006886598317983945,,,,,,,,,,,,,,,11,FAIL
2997,2997,3.3922543190106384e-05,109.89499164367702,2024-08-29 06:10:51.449065,2024-08-29 06:10:51.714354,0 days 00:00:00.265289,0.01435,N95,26,15,1.1x60x0.1,1.1x60x0.1,0.016154772387186954,0.00022117279091819606,0.0005082272858830169,3.217217402876327e-05,0.19892379032656934,0.2264526379304322,0.3241290810861681,3.662444630081682e-05,5.242177010285185e-05,6.0,105.3913439712208,1.3307952697987795,3.172852402657422,0.0082,0.008825,11,COMPLETE
2998,2998,3.721358907241034e-05,185.9965722737956,2024-08-29 06:10:51.715351,2024-08-29 06:10:51.925791,0 days 00:00:00.210440,0.01435,N95,18,18,1.1x60x0.1,1.1x60x0.1,0.018261726696004964,0.00011572835488698221,0.0008503684018419482,4.7697476639721074e-05,0.2949182990774419,0.31771630044594373,0.27010756757180665,5.1384623694034266e-05,4.368480841904319e-05,4.0,182.7128341749649,1.168503163725758,2.1152349351049478,0.009500000000000001,0.008825,11,COMPLETE
2999,2999,,,2024-08-29 06:10:51.927783,2024-08-29 06:10:51.935762,0 days 00:00:00.007979,0.01435,N95,23,23,1.1x60x0.1,1.4x200x0.071,0.01868803343450143,,,,,,,,,,,,,,,11,FAIL
3000,3000,3.432510118669159e-05,187.4307889495345,2024-08-29 06:10:51.936759,2024-08-29 06:10:52.153180,0 days 00:00:00.216421,0.01435,N95,18,15,1.1x60x0.1,1.1x60x0.1,0.016571508206152497,0.00011036555021826939,0.0005246583744754121,4.7697476639721074e-05,0.2949182990774419,0.32316612325531974,0.3241290810861681,5.2266029822287344e-05,5.242177010285185e-05,4.0,184.24442611434762,1.0711279000819447,2.1152349351049478,0.0082,0.008825,11,COMPLETE
3001,3001,4.21513963753264e-05,133.9114625674995,2024-08-29 06:10:52.154177,2024-08-29 06:10:52.426449,0 days 00:00:00.272272,0.01435,N95,23,16,1.1x60x0.1,1.1x60x0.1,0.02467344025710723,0.00019112640333228742,0.0006533138571469244,3.7605450211454966e-05,0.2325182838533611,0.26116078818512467,0.30387101351828255,4.223783547049466e-05,4.91454094714236e-05,5.0,130.00154047124877,1.2658784273695707,2.644043668881184,0.0082,0.008825,11,COMPLETE
3002,3002,4.510534960975293e-05,113.8792618733609,2024-08-29 06:10:52.428443,2024-08-29 06:10:52.639879,0 days 00:00:00.211436,0.0149,N95,23,16,1.4x200x0.071,1.1x60x0.1,0.015521514039661694,0.00021327645568307407,0.0007204552469591993,3.7605450211454966e-05,0.21566932258363924,0.24223630649543412,0.281851622815272,4.223783547049466e-05,4.91454094714236e-05,5.0,109.9942470652574,0.8546208838865085,3.030393924216993,0.0094,0.01105,11,COMPLETE
3003,3003,,,2024-08-29 06:10:52.640876,2024-08-29 06:10:52.649851,0 days 00:00:00.008975,0.01435,N95,39,23,1.1x60x0.1,1.1x60x0.1,0.013230483049292712,,,,,,,,,,,,,,,11,FAIL
3004,3004,,,2024-08-29 06:10:52.650849,2024-08-29 06:10:52.660822,0 days 00:00:00.009973,0.01435,N95,20,16,1.1x60x0.1,1.1x60x0.1,0.006921558075583976,,,,,,,,,,,,,,,11,FAIL
3005,3005,,,2024-08-29 06:10:52.661820,2024-08-29 06:10:52.672789,0 days 00:00:00.010969,0.01435,N95,34,16,1.1x60x0.1,1.1x60x0.1,0.014876199161970954,,,,,,,,,,,,,,,11,FAIL
3006,3006,3.8736298726663275e-05,88.59144665054131,2024-08-29 06:10:52.674783,2024-08-29 06:10:52.885222,0 days 00:00:00.210439,0.01435,N95,34,15,1.1x60x0.1,1.1x60x0.1,0.02113806516200168,0.0003952950458306161,0.0004919656916685144,2.412419716454984e-05,0.14916233930188658,0.18647743278770848,0.3241290810861681,3.0159210269591635e-05,5.242177010285185e-05,8.0,82.77051414081579,1.5904626395156145,4.2304698702098955,0.0082,0.008825,11,COMPLETE
3007,3007,,,2024-08-29 06:10:52.887216,2024-08-29 06:10:52.897190,0 days 00:00:00.009974,0.01435,N95,23,1,1.1x60x0.1,1.4x200x0.071,0.011591675718076119,,,,,,,,,,,,,,,11,FAIL
3008,3008,,,2024-08-29 06:10:52.898188,2024-08-29 06:10:52.906165,0 days 00:00:00.007977,0.01435,N95,11,21,1.1x60x0.1,1.1x60x0.1,0.02266269890683082,,,,,,,,,,,,,,,11,FAIL
3009,3009,,,2024-08-29 06:10:52.906165,2024-08-29 06:10:52.916139,0 days 00:00:00.009974,0.01345,N95,39,23,1.1x60x0.1,1.1x60x0.1,0.009352448084344211,,,,,,,,,,,,,,,11,FAIL
3010,3010,,,2024-08-29 06:10:52.918134,2024-08-29 06:10:52.928107,0 days 00:00:00.009973,0.01435,N95,27,18,1.1x60x0.1,1.1x60x0.1,0.011428777921410005,,,,,,,,,,,,,,,11,FAIL
3011,3011,,,2024-08-29 06:10:52.930102,2024-08-29 06:10:52.941073,0 days 00:00:00.010971,0.01435,N95,34,16,1.1x60x0.1,1.1x60x0.1,0.007757135379514559,,,,,,,,,,,,,,,11,FAIL
3012,3012,,,2024-08-29 06:10:52.943067,2024-08-29 06:10:52.953040,0 days 00:00:00.009973,0.01435,N95,8,16,1.4x200x0.071,1.1x60x0.1,0.02301895316260156,,,,,,,,,,,,,,,11,FAIL
3013,3013,,,2024-08-29 06:10:52.954038,2024-08-29 06:10:52.963013,0 days 00:00:00.008975,0.01435,N95,39,5,1.1x60x0.1,1.1x60x0.1,0.016737745873853217,,,,,,,,,,,,,,,11,FAIL
3014,3014,,,2024-08-29 06:10:52.965009,2024-08-29 06:10:52.975979,0 days 00:00:00.010970,0.01435,N95,23,17,1.1x60x0.1,1.1x60x0.1,0.0077382786109404895,,,,,,,,,,,,,,,11,FAIL
3015,3015,3.9763135671027566e-05,213.73969432676566,2024-08-29 06:10:52.977973,2024-08-29 06:10:53.196389,0 days 00:00:00.218416,0.01435,N95,18,15,1.1x60x0.1,1.1x60x0.1,0.022201066614174182,0.00010651419208849254,0.0005246583744754121,4.7697476639721074e-05,0.2949182990774419,0.32316612325531974,0.3241290810861681,5.2266029822287344e-05,5.242177010285185e-05,4.0,210.55333149157877,1.0711279000819447,2.1152349351049478,0.0082,0.008825,11,COMPLETE
3016,3016,3.8561175098073463e-05,90.66115748248265,2024-08-29 06:10:53.197386,2024-08-29 06:10:53.424778,0 days 00:00:00.227392,0.0149,N95,23,23,1.1x60x0.1,1.1x60x0.1,0.011484399391785055,0.00024404135557631477,0.0018319223496539921,3.7605450211454966e-05,0.21566932258363924,0.23358251597138127,0.19607069413236314,4.072890650093097e-05,3.418811093664251e-05,5.0,85.91950478995584,1.7112587683098224,3.030393924216993,0.0082,0.01105,11,COMPLETE
3017,3017,3.925538796920155e-05,352.9106717118541,2024-08-29 06:10:53.426772,2024-08-29 06:10:53.678101,0 days 00:00:00.251329,0.01435,N95,23,8,1.1x60x0.1,1.1x60x0.1,0.024275436379168895,0.00016087296457925086,0.00013842007678028216,3.7605450211454966e-05,0.2325182838533611,0.4957456812691287,0.6077420270365651,8.017752077624651e-05,9.82908189428472e-05,5.0,349.26041698532015,1.0062110576527357,2.644043668881184,0.005600000000000001,0.008825,11,COMPLETE
3018,3018,,,2024-08-29 06:10:53.681093,2024-08-29 06:10:53.687077,0 days 00:00:00.005984,0.01345,N95,31,6,1.1x60x0.1,1.1x60x0.1,0.00887315896774736,,,,,,,,,,,,,,,11,FAIL
3019,3019,,,2024-08-29 06:10:53.687077,2024-08-29 06:10:53.694057,0 days 00:00:00.006980,0.01435,N95,27,21,1.1x60x0.1,1.1x60x0.1,0.013102673078420926,,,,,,,,,,,,,,,11,FAIL
3020,3020,4.5022563186198744e-05,135.84894198477156,2024-08-29 06:10:53.695055,2024-08-29 06:10:53.963339,0 days 00:00:00.268284,0.01435,N95,23,16,1.4x200x0.071,1.1x60x0.1,0.023245727635485797,0.00019205450517591929,0.0006850687707484366,3.7605450211454966e-05,0.2325182838533611,0.26116078818512467,0.30387101351828255,4.223783547049466e-05,4.91454094714236e-05,5.0,132.48995954919988,0.7149387666904994,2.644043668881184,0.0126,0.008825,11,COMPLETE
3021,3021,,,2024-08-29 06:10:53.965332,2024-08-29 06:10:53.977307,0 days 00:00:00.011975,0.01435,N95,34,18,1.1x60x0.1,1.1x60x0.1,0.008754855661105242,,,,,,,,,,,,,,,11,FAIL
3022,3022,,,2024-08-29 06:10:53.979296,2024-08-29 06:10:53.991263,0 days 00:00:00.011967,0.01435,N95,32,16,1.1x60x0.1,1.1x60x0.1,0.015555781790503084,,,,,,,,,,,,,,,11,FAIL
3023,3023,,,2024-08-29 06:10:53.992261,2024-08-29 06:10:54.004228,0 days 00:00:00.011967,0.01345,N95,22,16,1.1x60x0.1,1.1x60x0.1,0.010048130748694822,,,,,,,,,,,,,,,11,FAIL
3024,3024,,,2024-08-29 06:10:54.005226,2024-08-29 06:10:54.015283,0 days 00:00:00.010057,0.01435,N95,22,16,1.1x60x0.1,1.1x60x0.1,0.011997923780846173,,,,,,,,,,,,,,,11,FAIL
3025,3025,,,2024-08-29 06:10:54.016281,2024-08-29 06:10:54.025258,0 days 00:00:00.008977,0.0149,N95,39,8,1.1x60x0.1,1.1x60x0.1,0.010389173876154989,,,,,,,,,,,,,,,11,FAIL
3026,3026,,,2024-08-29 06:10:54.026255,2024-08-29 06:10:54.036228,0 days 00:00:00.009973,0.01435,N95,9,17,1.1x60x0.1,1.1x60x0.1,0.013206497837919405,,,,,,,,,,,,,,,11,FAIL
3027,3027,,,2024-08-29 06:10:54.038223,2024-08-29 06:10:54.046201,0 days 00:00:00.007978,0.01435,N95,34,17,1.1x60x0.1,1.1x60x0.1,0.014849543118528203,,,,,,,,,,,,,,,11,FAIL
3028,3028,3.8965146211472377e-05,112.36519687891055,2024-08-29 06:10:54.048254,2024-08-29 06:10:54.317059,0 days 00:00:00.268805,0.01435,N95,23,20,1.1x60x0.1,1.1x60x0.1,0.02007497250158781,0.00020948840700208042,0.0011957098788199375,3.7605450211454966e-05,0.2325182838533611,0.25502973752457664,0.24309681081462603,4.124625357620995e-05,3.931632757713888e-05,5.0,108.32544109780139,1.395712112227988,2.644043668881184,0.009500000000000001,0.008825,11,COMPLETE
3029,3029,,,2024-08-29 06:10:54.319055,2024-08-29 06:10:54.329027,0 days 00:00:00.009972,0.0149,N95,8,14,1.1x60x0.1,1.1x60x0.1,0.015580984522005965,,,,,,,,,,,,,,,11,FAIL
3030,3030,,,2024-08-29 06:10:54.330025,2024-08-29 06:10:54.339998,0 days 00:00:00.009973,0.01435,N95,14,9,1.4x200x0.071,1.1x60x0.1,0.02206064647105816,,,,,,,,,,,,,,,11,FAIL
