,number,values_0,values_1,datetime_start,datetime_complete,duration,params_core_inner_diameter,params_material,params_n_p_bot,params_n_p_top,params_primary_litz_wire,params_secondary_litz_wire,params_window_h_bot,user_attrs_air_gap_bot,user_attrs_air_gap_top,user_attrs_flux_bot_max,user_attrs_flux_density_bot_max,user_attrs_flux_density_mid_max,user_attrs_flux_density_top_max,user_attrs_flux_mid_max,user_attrs_flux_top_max,user_attrs_n_s_bot,user_attrs_p_hyst,user_attrs_primary_litz_wire_loss,user_attrs_secondary_litz_wire_loss,user_attrs_window_h_top,user_attrs_window_w,system_attrs_nsga2:generation,state
4736,4736,,,2024-08-29 06:13:20.953650,2024-08-29 06:13:20.961629,0 days 00:00:00.007979,0.01345,N95,36,23,1.1x60x0.1,1.1x60x0.1,0.00642078584533875,,,,,,,,,,,,,,,23,FAIL
4737,4737,,,2024-08-29 06:13:20.962628,2024-08-29 06:13:20.968610,0 days 00:00:00.005982,0.01435,N95,35,21,1.1x60x0.1,1.1x60x0.1,0.009293776057693295,,,,,,,,,,,,,,,23,FAIL
4738,4738,,,2024-08-29 06:13:20.970605,2024-08-29 06:13:20.980579,0 days 00:00:00.009974,0.01435,N95,22,8,1.1x60x0.1,1.1x60x0.1,0.01160240428454725,,,,,,,,,,,,,,,23,FAIL
4739,4739,3.538665530135605e-05,132.29831572122848,2024-08-29 06:13:20.981578,2024-08-29 06:13:21.176055,0 days 00:00:00.194477,0.01435,N95,22,17,1.1x60x0.1,1.1x60x0.1,0.01637044954405558,0.00016226592717205637,0.000720277834445545,3.850162050919795e-05,0.23805939500878825,0.2617680261644204,0.2859962480172071,4.2336044769215064e-05,4.625450303192809e-05,5.0,128.38839362497774,1.2658784273695707,2.644043668881184,0.009500000000000001,0.008825,23,COMPLETE
4740,4740,,,2024-08-29 06:13:21.179047,2024-08-29 06:13:21.192013,0 days 00:00:00.012966,0.01435,N95,35,23,1.1x60x0.1,1.1x60x0.1,0.007191848686147577,,,,,,,,,,,,,,,23,FAIL
4741,4741,3.493178931569093e-05,144.6875120709384,2024-08-29 06:13:21.193011,2024-08-29 06:13:21.378513,0 days 00:00:00.185502,0.0149,N95,18,21,1.1x60x0.1,1.1x60x0.1,0.00857990633314368,0.0001388688519349195,0.0013622163292402783,4.7697476639721074e-05,0.27354764849229546,0.2912310116274067,0.2147440935735406,5.078085829076981e-05,3.744412150203703e-05,4.0,140.81234710625864,1.4508498253061541,2.4243151393735944,0.0082,0.01105,23,COMPLETE
4742,4742,,,2024-08-29 06:13:21.380508,2024-08-29 06:13:21.395469,0 days 00:00:00.014961,0.01435,N95,39,23,1.1x60x0.1,1.1x60x0.1,0.013693084637065487,,,,,,,,,,,,,,,23,FAIL
4743,4743,3.392061293265831e-05,217.39322400455663,2024-08-29 06:13:21.398461,2024-08-29 06:13:21.618871,0 days 00:00:00.220410,0.01435,N95,18,12,1.1x60x0.1,1.1x60x0.1,0.01745277414736745,0.00010330051681466693,0.000306709972857329,4.7697476639721074e-05,0.2949182990774419,0.33134085746938374,0.40516135135771003,5.358813901466696e-05,6.552721262856479e-05,4.0,214.30423643301356,0.9737526364381314,2.1152349351049478,0.006900000000000001,0.008825,23,COMPLETE
4744,4744,,,2024-08-29 06:13:21.620870,2024-08-29 06:13:21.627847,0 days 00:00:00.006977,0.01435,N95,34,4,1.1x60x0.1,1.1x60x0.1,0.021243491255405887,,,,,,,,,,,,,,,23,FAIL
4745,4745,2.9413275162492957e-05,158.90770815077855,2024-08-29 06:13:21.628844,2024-08-29 06:13:21.852246,0 days 00:00:00.223402,0.01435,N95,18,16,1.1x60x0.1,1.1x60x0.1,0.011486690966961415,0.00011584803524441191,0.0006157428614636193,4.7697476639721074e-05,0.2949182990774419,0.32112243970180376,0.30387101351828255,5.193550252419244e-05,4.91454094714236e-05,4.0,155.68888689437705,1.1035863212965487,2.1152349351049478,0.0082,0.008825,23,COMPLETE
4746,4746,,,2024-08-29 06:13:21.855239,2024-08-29 06:13:21.866209,0 days 00:00:00.010970,0.01435,N95,23,15,1.1x60x0.1,1.1x60x0.1,0.009274064977807264,,,,,,,,,,,,,,,23,FAIL
4747,4747,,,2024-08-29 06:13:21.868204,2024-08-29 06:13:21.880172,0 days 00:00:00.011968,0.01435,N95,18,0,1.1x60x0.1,1.1x60x0.1,0.019782216649464765,,,,,,,,,,,,,,,23,FAIL
4748,4748,,,2024-08-29 06:13:21.882167,2024-08-29 06:13:21.897126,0 days 00:00:00.014959,0.0149,N95,5,16,1.1x60x0.1,1.1x60x0.1,0.016840011176091817,,,,,,,,,,,,,,,23,FAIL
4749,4749,,,2024-08-29 06:13:21.899121,2024-08-29 06:13:21.906104,0 days 00:00:00.006983,0.01435,N95,32,23,1.1x60x0.1,1.1x60x0.1,0.013957583087655094,,,,,,,,,,,,,,,23,FAIL
4750,4750,,,2024-08-29 06:13:21.908097,2024-08-29 06:13:21.920065,0 days 00:00:00.011968,0.01435,N95,34,21,1.1x60x0.1,1.1x60x0.1,0.008350286730995728,,,,,,,,,,,,,,,23,FAIL
4751,4751,,,2024-08-29 06:13:21.921063,2024-08-29 06:13:21.935026,0 days 00:00:00.013963,0.01435,N95,18,12,1.1x60x0.1,1.1x60x0.1,0.009770283493734357,,,,,,,,,,,,,,,23,FAIL
4752,4752,,,2024-08-29 06:13:21.937020,2024-08-29 06:13:21.944001,0 days 00:00:00.006981,0.01435,N95,7,14,1.1x60x0.1,1.1x60x0.1,0.015080528880470788,,,,,,,,,,,,,,,23,FAIL
4753,4753,,,2024-08-29 06:13:21.945995,2024-08-29 06:13:21.955968,0 days 00:00:00.009973,0.01345,N95,18,16,1.1x60x0.1,1.4x200x0.071,0.010495112349072851,,,,,,,,,,,,,,,23,FAIL
4754,4754,4.2330418772562196e-05,109.96423334469874,2024-08-29 06:13:21.956966,2024-08-29 06:13:22.149452,0 days 00:00:00.192486,0.01435,N95,26,21,1.1x60x0.1,1.1x60x0.1,0.022258767702986057,0.00022713574159646436,0.0013056874044952748,3.217217402876327e-05,0.19892379032656934,0.21711008454293046,0.23152077220440578,3.511346436666869e-05,3.744412150203703e-05,6.0,105.2658351449549,1.5255457970864057,3.172852402657422,0.0108,0.008825,23,COMPLETE
4755,4755,,,2024-08-29 06:13:22.152444,2024-08-29 06:13:22.166405,0 days 00:00:00.013961,0.01435,N95,18,9,1.1x60x0.1,1.1x60x0.1,0.016374037667220426,,,,,,,,,,,,,,,24,FAIL
4756,4756,,,2024-08-29 06:13:22.168400,2024-08-29 06:13:22.182364,0 days 00:00:00.013964,0.01435,N95,23,1,1.1x60x0.1,1.1x60x0.1,0.019264816542289648,,,,,,,,,,,,,,,24,FAIL
4757,4757,,,2024-08-29 06:13:22.184359,2024-08-29 06:13:22.192337,0 days 00:00:00.007978,0.0149,N95,9,21,1.4x200x0.071,1.1x60x0.1,0.008896317295209406,,,,,,,,,,,,,,,24,FAIL
4758,4758,,,2024-08-29 06:13:22.193335,2024-08-29 06:13:22.201312,0 days 00:00:00.007977,0.01435,N95,23,17,1.1x60x0.1,1.1x60x0.1,0.0091460885131903,,,,,,,,,,,,,,,24,FAIL
4759,4759,,,2024-08-29 06:13:22.202311,2024-08-29 06:13:22.217270,0 days 00:00:00.014959,0.0149,N95,27,25,1.1x60x0.1,1.1x60x0.1,0.012839517450938961,,,,,,,,,,,,,,,24,FAIL
4760,4760,,,2024-08-29 06:13:22.218269,2024-08-29 06:13:22.232231,0 days 00:00:00.013962,0.012,N95,18,16,1.4x200x0.071,1.1x60x0.1,0.008165883499625848,,,,,,,,,,,,,,,24,FAIL
4761,4761,4.0277384127019426e-05,53.06965670987245,2024-08-29 06:13:22.234225,2024-08-29 06:13:22.442667,0 days 00:00:00.208442,0.01435,N95,39,23,1.1x60x0.1,1.1x60x0.1,0.02013342655554271,0.0005739936249025355,0.0017604151359143965,2.144811601917549e-05,0.13261586021771274,0.15049452765135674,0.2113885311431531,2.4339653522725416e-05,3.418811093664251e-05,9.0,46.297955990580846,2.0124221153054713,4.759278603986133,0.0108,0.008825,24,COMPLETE
4762,4762,,,2024-08-29 06:13:22.444662,2024-08-29 06:13:22.457627,0 days 00:00:00.012965,0.01435,N95,18,7,1.1x60x0.1,1.1x60x0.1,0.018732774262581103,,,,,,,,,,,,,,,24,FAIL
4763,4763,,,2024-08-29 06:13:22.460619,2024-08-29 06:13:22.471590,0 days 00:00:00.010971,0.01435,N95,23,20,1.1x60x0.1,1.4x200x0.071,0.0175892526470359,,,,,,,,,,,,,,,24,FAIL
4764,4764,,,2024-08-29 06:13:22.473584,2024-08-29 06:13:22.488545,0 days 00:00:00.014961,0.01435,N95,27,3,1.1x60x0.1,1.1x60x0.1,0.01974994040919059,,,,,,,,,,,,,,,24,FAIL
4765,4765,4.207474491541638e-05,114.41870220228228,2024-08-29 06:13:22.489542,2024-08-29 06:13:22.693995,0 days 00:00:00.204453,0.01435,N95,23,22,1.1x60x0.1,1.4x200x0.071,0.02199408918423954,0.00021612174395460487,0.0016223126231755265,3.7605450211454966e-05,0.2325182838533611,0.25280026455710464,0.22099710074056916,4.0885678341924596e-05,3.574211597921717e-05,5.0,111.46477872673357,1.460628954657197,1.493294520891507,0.0108,0.008825,24,COMPLETE
4766,4766,,,2024-08-29 06:13:22.695989,2024-08-29 06:13:22.707958,0 days 00:00:00.011969,0.01435,N95,26,23,1.1x60x0.1,1.1x60x0.1,0.012693603076018405,,,,,,,,,,,,,,,24,FAIL
4767,4767,,,2024-08-29 06:13:22.709953,2024-08-29 06:13:22.719925,0 days 00:00:00.009972,0.01435,N95,3,12,1.1x60x0.1,1.1x60x0.1,0.01261218160865207,,,,,,,,,,,,,,,24,FAIL
4768,4768,,,2024-08-29 06:13:22.721920,2024-08-29 06:13:22.731893,0 days 00:00:00.009973,0.01435,N95,29,23,1.1x60x0.1,1.1x60x0.1,0.008394164170135658,,,,,,,,,,,,,,,24,FAIL
4769,4769,,,2024-08-29 06:13:22.732891,2024-08-29 06:13:22.749846,0 days 00:00:00.016955,0.01435,N95,22,6,1.1x60x0.1,1.1x60x0.1,0.019975162796712027,,,,,,,,,,,,,,,24,FAIL
4770,4770,,,2024-08-29 06:13:22.752838,2024-08-29 06:13:22.762811,0 days 00:00:00.009973,0.01435,N95,22,8,1.1x60x0.1,1.4x200x0.071,0.014445316262615079,,,,,,,,,,,,,,,24,FAIL
4771,4771,,,2024-08-29 06:13:22.763808,2024-08-29 06:13:22.778767,0 days 00:00:00.014959,0.01435,N95,11,8,1.1x60x0.1,1.1x60x0.1,0.021391998952698464,,,,,,,,,,,,,,,24,FAIL
4772,4772,4.3409179413516254e-05,103.96629949268849,2024-08-29 06:13:22.780762,2024-08-29 06:13:22.978235,0 days 00:00:00.197473,0.01435,N95,27,18,1.1x60x0.1,1.1x60x0.1,0.02467552156948298,0.0002620530059048578,0.0008873596840929406,3.179831775981402e-05,0.19661219938496108,0.220893904979589,0.27010756757180665,3.5725426009777945e-05,4.368480841904319e-05,6.0,99.33281813537387,1.460628954657197,3.172852402657422,0.009500000000000001,0.008825,24,COMPLETE
4773,4773,,,2024-08-29 06:13:22.981226,2024-08-29 06:13:22.991200,0 days 00:00:00.009974,0.01435,N95,19,21,1.1x60x0.1,1.1x60x0.1,0.013283774178953536,,,,,,,,,,,,,,,24,FAIL
4774,4774,4.59217734186671e-05,105.47237769777912,2024-08-29 06:13:22.994191,2024-08-29 06:13:23.222580,0 days 00:00:00.228389,0.01435,N95,27,18,1.4x200x0.071,1.1x60x0.1,0.024176607448652243,0.00026233719683124615,0.0009286602356337257,3.179831775981402e-05,0.19661219938496108,0.220893904979589,0.27010756757180665,3.5725426009777945e-05,4.368480841904319e-05,6.0,101.47459594894035,0.8249293461813455,3.172852402657422,0.0126,0.008825,24,COMPLETE
4775,4775,3.8655072049037474e-05,181.67835837214923,2024-08-29 06:13:23.224577,2024-08-29 06:13:23.468225,0 days 00:00:00.243648,0.01435,N95,18,23,1.1x60x0.1,1.1x60x0.1,0.01845397773532185,0.00012651321672436943,0.0017604151359143986,4.7697476639721074e-05,0.2949182990774419,0.31204497883548,0.2113885311431531,5.046739430922621e-05,3.418811093664251e-05,4.0,178.2323281672455,1.3307952697987795,2.1152349351049478,0.0108,0.008825,24,COMPLETE
4776,4776,,,2024-08-29 06:13:23.470220,2024-08-29 06:13:23.485249,0 days 00:00:00.015029,0.01435,N95,24,23,1.1x60x0.1,1.1x60x0.1,0.01623237701629164,,,,,,,,,,,,,,,24,FAIL
4777,4777,,,2024-08-29 06:13:23.486246,2024-08-29 06:13:23.496220,0 days 00:00:00.009974,0.01435,N95,26,23,1.1x60x0.1,1.1x60x0.1,0.011475686405277163,,,,,,,,,,,,,,,24,FAIL
4778,4778,,,2024-08-29 06:13:23.498215,2024-08-29 06:13:23.508188,0 days 00:00:00.009973,0.01435,N95,34,16,1.1x60x0.1,1.1x60x0.1,0.010698724902684628,,,,,,,,,,,,,,,24,FAIL
4779,4779,,,2024-08-29 06:13:23.510182,2024-08-29 06:13:23.519159,0 days 00:00:00.008977,0.01435,N95,0,15,1.1x60x0.1,1.1x60x0.1,0.006321314350309211,,,,,,,,,,,,,,,24,FAIL
4780,4780,4.1070375497611234e-05,74.41383584139653,2024-08-29 06:13:23.520155,2024-08-29 06:13:23.721617,0 days 00:00:00.201462,0.01435,N95,31,22,1.1x60x0.1,1.1x60x0.1,0.0209543465498279,0.00035704524448388746,0.001580865075281633,2.7446998889213458e-05,0.16970755682379857,0.18865280727923453,0.22099710074056916,3.0511036094970355e-05,3.574211597921717e-05,7.0,68.99187838058884,1.7202963243740321,3.7016611364336582,0.0108,0.008825,24,COMPLETE
4781,4781,,,2024-08-29 06:13:23.724608,2024-08-29 06:13:23.741564,0 days 00:00:00.016956,0.01435,N95,17,21,1.1x60x0.1,1.1x60x0.1,0.02205699399967912,,,,,,,,,,,,,,,24,FAIL
4782,4782,,,2024-08-29 06:13:23.743558,2024-08-29 06:13:23.752536,0 days 00:00:00.008978,0.01435,N95,23,21,1.1x60x0.1,1.1x60x0.1,0.008104454892835471,,,,,,,,,,,,,,,24,FAIL
4783,4783,,,2024-08-29 06:13:23.753533,2024-08-29 06:13:23.761512,0 days 00:00:00.007979,0.01435,N95,23,4,1.4x200x0.071,1.1x60x0.1,0.017906130975811632,,,,,,,,,,,,,,,24,FAIL
4784,4784,,,2024-08-29 06:13:23.762509,2024-08-29 06:13:23.778466,0 days 00:00:00.015957,0.01435,N95,10,10,1.4x200x0.071,1.1x60x0.1,0.01100114050211089,,,,,,,,,,,,,,,24,FAIL
4785,4785,4.10402796620695e-05,214.23755345363273,2024-08-29 06:13:23.781458,2024-08-29 06:13:23.964966,0 days 00:00:00.183508,0.01435,N95,18,16,1.1x60x0.1,1.4x200x0.071,0.023523190759163384,0.00010776334540557123,0.0006157428614636193,4.7697476639721074e-05,0.2949182990774419,0.32112243970180376,0.30387101351828255,5.193550252419244e-05,4.91454094714236e-05,4.0,211.93933151562297,1.1035863212965487,1.1946356167132055,0.0082,0.008825,24,COMPLETE
4786,4786,,,2024-08-29 06:13:23.967958,2024-08-29 06:13:23.983016,0 days 00:00:00.015058,0.01435,N95,29,21,1.1x60x0.1,1.1x60x0.1,0.01889518461734993,,,,,,,,,,,,,,,24,FAIL
4787,4787,,,2024-08-29 06:13:23.985010,2024-08-29 06:13:23.997010,0 days 00:00:00.012000,0.01435,N95,14,10,1.1x60x0.1,1.1x60x0.1,0.008599397624115188,,,,,,,,,,,,,,,24,FAIL
4788,4788,4.0509447918556386e-05,90.48040549980222,2024-08-29 06:13:23.999006,2024-08-29 06:13:24.200680,0 days 00:00:00.201674,0.01435,N95,27,21,1.1x60x0.1,1.1x60x0.1,0.02037366347802038,0.00027526907950707407,0.0013970220973637518,3.179831775981402e-05,0.19661219938496108,0.21700117440146327,0.23152077220440578,3.509585020388289e-05,3.744412150203703e-05,6.0,85.74954887884378,1.5580042183010103,3.172852402657422,0.0108,0.008825,24,COMPLETE
4789,4789,,,2024-08-29 06:13:24.202677,2024-08-29 06:13:24.219719,0 days 00:00:00.017042,0.01435,N95,12,15,1.1x60x0.1,1.1x60x0.1,0.023842728367924407,,,,,,,,,,,,,,,24,FAIL
4790,4790,4.236305312425861e-05,121.45697381965327,2024-08-29 06:13:24.221714,2024-08-29 06:13:24.436147,0 days 00:00:00.214433,0.01435,N95,23,20,1.1x60x0.1,1.1x60x0.1,0.02359255141463998,0.00020732797978981958,0.0011957098788199375,3.7605450211454966e-05,0.2325182838533611,0.25502973752457664,0.24309681081462603,4.124625357620995e-05,3.931632757713888e-05,5.0,117.4172180385441,1.395712112227988,2.644043668881184,0.009500000000000001,0.008825,24,COMPLETE
4791,4791,,,2024-08-29 06:13:24.439133,2024-08-29 06:13:24.446114,0 days 00:00:00.006981,0.01345,N95,23,17,1.1x60x0.1,1.1x60x0.1,0.0098548177055732,,,,,,,,,,,,,,,24,FAIL
4792,4792,3.3114000519128145e-05,181.5715978116405,2024-08-29 06:13:24.448109,2024-08-29 06:13:24.648579,0 days 00:00:00.200470,0.01435,N95,18,15,1.1x60x0.1,1.1x60x0.1,0.015317753386156164,0.0001112036489958294,0.0005246583744754121,4.7697476639721074e-05,0.2949182990774419,0.32316612325531974,0.3241290810861681,5.2266029822287344e-05,5.242177010285185e-05,4.0,178.3852349764536,1.0711279000819447,2.1152349351049478,0.0082,0.008825,24,COMPLETE
4793,4793,,,2024-08-29 06:13:24.650567,2024-08-29 06:13:24.664595,0 days 00:00:00.014028,0.01435,N95,23,17,1.1x60x0.1,1.1x60x0.1,0.009177279328653441,,,,,,,,,,,,,,,24,FAIL
4794,4794,3.7851852426325504e-05,103.30342798851659,2024-08-29 06:13:24.666641,2024-08-29 06:13:24.869289,0 days 00:00:00.202648,0.01435,N95,23,23,1.1x60x0.1,1.1x60x0.1,0.017622469256743614,0.00022254038680018,0.0018519608078286175,3.7605450211454966e-05,0.2325182838533611,0.25183092848429073,0.2113885311431531,4.072890650093097e-05,3.418811093664251e-05,5.0,99.16629694376361,1.4930873758718013,2.644043668881184,0.0108,0.008825,24,COMPLETE
4795,4795,3.332551752315945e-05,182.59489564504062,2024-08-29 06:13:24.872273,2024-08-29 06:13:25.087696,0 days 00:00:00.215423,0.01435,N95,18,15,1.1x60x0.1,1.1x60x0.1,0.015536719877066419,0.00011105793597786894,0.0005246583744754121,4.7697476639721074e-05,0.2949182990774419,0.32316612325531974,0.3241290810861681,5.2266029822287344e-05,5.242177010285185e-05,4.0,179.40853280985374,1.0711279000819447,2.1152349351049478,0.0082,0.008825,24,COMPLETE
4796,4796,,,2024-08-29 06:13:25.089691,2024-08-29 06:13:25.101659,0 days 00:00:00.011968,0.01435,N95,0,15,1.1x60x0.1,1.1x60x0.1,0.02001228002076589,,,,,,,,,,,,,,,24,FAIL
4797,4797,3.967735308895565e-05,109.15482328395483,2024-08-29 06:13:25.104652,2024-08-29 06:13:25.325061,0 days 00:00:00.220409,0.01435,N95,23,22,1.1x60x0.1,1.1x60x0.1,0.019512262827152273,0.00021759075169977356,0.0016223126231755265,3.7605450211454966e-05,0.2325182838533611,0.25280026455710464,0.22099710074056916,4.0885678341924596e-05,3.574211597921717e-05,5.0,105.05015066041645,1.460628954657197,2.644043668881184,0.0108,0.008825,24,COMPLETE
4798,4798,,,2024-08-29 06:13:25.327056,2024-08-29 06:13:25.335035,0 days 00:00:00.007979,0.01435,N95,34,16,1.1x60x0.1,1.1x60x0.1,0.008944657037397215,,,,,,,,,,,,,,,24,FAIL
4799,4799,,,2024-08-29 06:13:25.338096,2024-08-29 06:13:25.346081,0 days 00:00:00.007985,0.01435,N95,7,21,1.1x60x0.1,1.1x60x0.1,0.01615098564537163,,,,,,,,,,,,,,,24,FAIL
4800,4800,,,2024-08-29 06:13:25.348075,2024-08-29 06:13:25.361095,0 days 00:00:00.013020,0.01435,N95,18,14,1.1x60x0.1,1.4x200x0.071,0.011363237669444722,,,,,,,,,,,,,,,24,FAIL
4801,4801,,,2024-08-29 06:13:25.363157,2024-08-29 06:13:25.377163,0 days 00:00:00.014006,0.01435,N95,26,23,1.4x200x0.071,1.1x60x0.1,0.008327127050383548,,,,,,,,,,,,,,,24,FAIL
4802,4802,,,2024-08-29 06:13:25.379156,2024-08-29 06:13:25.395202,0 days 00:00:00.016046,0.01345,N95,35,12,1.1x60x0.1,1.1x60x0.1,0.004857043882281813,,,,,,,,,,,,,,,24,FAIL
4803,4803,,,2024-08-29 06:13:25.397196,2024-08-29 06:13:25.405246,0 days 00:00:00.008050,0.01435,N95,31,21,1.1x60x0.1,1.4x200x0.071,0.01875855377154623,,,,,,,,,,,,,,,24,FAIL
4804,4804,,,2024-08-29 06:13:25.407241,2024-08-29 06:13:25.420248,0 days 00:00:00.013007,0.01435,N95,10,9,1.1x60x0.1,1.1x60x0.1,0.00856077673909989,,,,,,,,,,,,,,,24,FAIL
4805,4805,,,2024-08-29 06:13:25.423302,2024-08-29 06:13:25.431282,0 days 00:00:00.007980,0.012,N95,30,21,1.1x60x0.1,1.1x60x0.1,0.011342521177889187,,,,,,,,,,,,,,,24,FAIL
4806,4806,3.386831894133336e-05,114.76934178798862,2024-08-29 06:13:25.432279,2024-08-29 06:13:25.608616,0 days 00:00:00.176337,0.01435,N95,34,12,1.1x60x0.1,1.1x60x0.1,0.017398638396775877,0.0003931981592914982,0.0002846887138734379,2.412419716454984e-05,0.14916233930188658,0.26740665138165853,0.40516135135771003,4.324798612863792e-05,6.552721262856479e-05,8.0,109.04578454190693,1.4930873758718013,4.2304698702098955,0.006900000000000001,0.008825,24,COMPLETE
4807,4807,3.841838967816319e-05,69.03803483217536,2024-08-29 06:13:25.611679,2024-08-29 06:13:25.828159,0 days 00:00:00.216480,0.01435,N95,31,23,1.1x60x0.1,1.1x60x0.1,0.018208959570243308,0.00036113489590268135,0.0018059278049162423,2.7446998889213458e-05,0.16970755682379857,0.18768347120642062,0.2113885311431531,3.0354264253976727e-05,3.418811093664251e-05,7.0,63.58361895015307,1.7527547455886363,3.7016611364336582,0.0108,0.008825,24,COMPLETE
4808,4808,3.602498964347178e-05,168.95430902020055,2024-08-29 06:13:25.830154,2024-08-29 06:13:26.074502,0 days 00:00:00.244348,0.01435,N95,18,23,1.1x60x0.1,1.1x60x0.1,0.01573126559315157,0.00012831529329634174,0.0017604151359143986,4.7697476639721074e-05,0.2949182990774419,0.31204497883548,0.2113885311431531,5.046739430922621e-05,3.418811093664251e-05,4.0,165.50827881529682,1.3307952697987795,2.1152349351049478,0.0108,0.008825,24,COMPLETE
4809,4809,3.616774728797783e-05,228.264735864414,2024-08-29 06:13:26.076495,2024-08-29 06:13:26.294911,0 days 00:00:00.218416,0.01435,N95,18,12,1.1x60x0.1,1.1x60x0.1,0.019779051066056038,0.00010170815057635437,0.000306709972857329,4.7697476639721074e-05,0.2949182990774419,0.33134085746938374,0.40516135135771003,5.358813901466696e-05,6.552721262856479e-05,4.0,225.17574829287094,0.9737526364381314,2.1152349351049478,0.006900000000000001,0.008825,24,COMPLETE
4810,4810,,,2024-08-29 06:13:26.297903,2024-08-29 06:13:26.310869,0 days 00:00:00.012966,0.01435,N95,26,23,1.4x200x0.071,1.1x60x0.1,0.019973936669293722,,,,,,,,,,,,,,,24,FAIL
4811,4811,,,2024-08-29 06:13:26.313860,2024-08-29 06:13:26.323834,0 days 00:00:00.009974,0.01435,N95,34,15,1.1x60x0.1,1.1x60x0.1,0.01605582658912065,,,,,,,,,,,,,,,24,FAIL
4812,4812,3.831878350931424e-05,128.74701021503486,2024-08-29 06:13:26.325828,2024-08-29 06:13:26.550227,0 days 00:00:00.224399,0.01435,N95,22,24,1.1x60x0.1,1.1x60x0.1,0.018105845338998616,0.00017433256745157615,0.001979628401105902,3.850162050919795e-05,0.23805939500878825,0.2535495678588797,0.20258067567885502,4.100686402909384e-05,3.2763606314282396e-05,5.0,124.60987917028189,1.4930873758718013,2.644043668881184,0.0108,0.008825,24,COMPLETE
4813,4813,,,2024-08-29 06:13:26.552223,2024-08-29 06:13:26.567183,0 days 00:00:00.014960,0.01435,N95,18,8,1.1x60x0.1,1.1x60x0.1,0.013830128932018744,,,,,,,,,,,,,,,24,FAIL
4814,4814,,,2024-08-29 06:13:26.569176,2024-08-29 06:13:26.583139,0 days 00:00:00.013963,0.01435,N95,27,21,1.1x60x0.1,1.1x60x0.1,0.008967036476839075,,,,,,,,,,,,,,,24,FAIL
4815,4815,,,2024-08-29 06:13:26.585134,2024-08-29 06:13:26.595107,0 days 00:00:00.009973,0.01435,N95,23,7,1.1x60x0.1,1.1x60x0.1,0.006333548163113408,,,,,,,,,,,,,,,24,FAIL
4816,4816,,,2024-08-29 06:13:26.597102,2024-08-29 06:13:26.607076,0 days 00:00:00.009974,0.01345,N95,35,12,1.1x60x0.1,1.1x60x0.1,0.010836731485964087,,,,,,,,,,,,,,,24,FAIL
4817,4817,,,2024-08-29 06:13:26.609070,2024-08-29 06:13:26.619044,0 days 00:00:00.009974,0.01435,N95,22,15,1.1x60x0.1,1.1x60x0.1,0.008660826874267854,,,,,,,,,,,,,,,24,FAIL
4818,4818,,,2024-08-29 06:13:26.621039,2024-08-29 06:13:26.637993,0 days 00:00:00.016954,0.01435,N95,16,12,1.1x60x0.1,1.1x60x0.1,0.017950976577055106,,,,,,,,,,,,,,,24,FAIL
4819,4819,,,2024-08-29 06:13:26.639989,2024-08-29 06:13:26.647967,0 days 00:00:00.007978,0.0149,N95,34,23,1.1x60x0.1,1.1x60x0.1,0.010456623215729271,,,,,,,,,,,,,,,24,FAIL
4820,4820,3.2970576093562683e-05,186.94558934380802,2024-08-29 06:13:26.649961,2024-08-29 06:13:26.852420,0 days 00:00:00.202459,0.01435,N95,22,11,1.1x60x0.1,1.1x60x0.1,0.016469277648611023,0.00015104171550044481,0.00024707097013741344,3.850162050919795e-05,0.23805939500878825,0.27750548240539924,0.4419942014811383,4.4881281717111654e-05,7.148423195843433e-05,5.0,183.2304177748449,1.0711279000819447,2.644043668881184,0.006900000000000001,0.008825,24,COMPLETE
