,number,values_0,values_1,datetime_start,datetime_complete,duration,params_core_inner_diameter,params_material,params_n_p_bot,params_n_p_top,params_primary_litz_wire,params_secondary_litz_wire,params_window_h_bot,user_attrs_air_gap_bot,user_attrs_air_gap_top,user_attrs_flux_bot_max,user_attrs_flux_density_bot_max,user_attrs_flux_density_mid_max,user_attrs_flux_density_top_max,user_attrs_flux_mid_max,user_attrs_flux_top_max,user_attrs_n_s_bot,user_attrs_p_hyst,user_attrs_primary_litz_wire_loss,user_attrs_secondary_litz_wire_loss,user_attrs_window_h_top,user_attrs_window_w,system_attrs_nsga2:generation,state
830,830,,,2024-08-29 06:08:29.217408,2024-08-29 06:08:29.221398,0 days 00:00:00.003990,0.01435,N95,22,19,1.4x200x0.071,1.4x200x0.071,0.016581471502219405,,,,,,,,,,,,,,,0,FAIL
831,831,,,2024-08-29 06:08:29.222395,2024-08-29 06:08:29.226384,0 days 00:00:00.003989,0.01345,N95,6,0,1.1x60x0.1,1.4x200x0.071,0.006837460539614723,,,,,,,,,,,,,,,0,FAIL
832,832,,,2024-08-29 06:08:29.227382,2024-08-29 06:08:29.232370,0 days 00:00:00.004988,0.01435,N95,0,0,1.1x60x0.1,1.4x200x0.071,0.018669242905222493,,,,,,,,,,,,,,,0,FAIL
833,833,,,2024-08-29 06:08:29.233366,2024-08-29 06:08:29.239349,0 days 00:00:00.005983,0.0149,N95,11,9,1.4x200x0.071,1.1x60x0.1,0.00982563845619509,,,,,,,,,,,,,,,0,FAIL
834,834,,,2024-08-29 06:08:29.240347,2024-08-29 06:08:29.244336,0 days 00:00:00.003989,0.012,N95,7,18,1.4x200x0.071,1.4x200x0.071,0.007694873372884897,,,,,,,,,,,,,,,0,FAIL
835,835,,,2024-08-29 06:08:29.244336,2024-08-29 06:08:29.249322,0 days 00:00:00.004986,0.0149,N95,7,3,1.4x200x0.071,1.1x60x0.1,0.01903823622398594,,,,,,,,,,,,,,,0,FAIL
836,836,,,2024-08-29 06:08:29.250320,2024-08-29 06:08:29.254310,0 days 00:00:00.003990,0.01435,N95,3,21,1.4x200x0.071,1.4x200x0.071,0.013974660109928302,,,,,,,,,,,,,,,0,FAIL
837,837,,,2024-08-29 06:08:29.255308,2024-08-29 06:08:29.261291,0 days 00:00:00.005983,0.0149,N95,5,13,1.4x200x0.071,1.1x60x0.1,0.01843310024128224,,,,,,,,,,,,,,,0,FAIL
838,838,,,2024-08-29 06:08:29.262288,2024-08-29 06:08:29.267275,0 days 00:00:00.004987,0.012,N95,3,21,1.1x60x0.1,1.4x200x0.071,0.014451922575424377,,,,,,,,,,,,,,,0,FAIL
839,839,,,2024-08-29 06:08:29.268272,2024-08-29 06:08:29.273259,0 days 00:00:00.004987,0.01435,N95,20,10,1.1x60x0.1,1.1x60x0.1,0.01694153827084225,,,,,,,,,,,,,,,0,FAIL
840,840,4.608699500967411e-05,109.95919182782575,2024-08-29 06:08:29.274256,2024-08-29 06:08:29.535557,0 days 00:00:00.261301,0.0149,N95,27,14,1.4x200x0.071,1.1x60x0.1,0.017907096620592682,0.00027250477204438574,0.0005033732576534398,3.179831775981402e-05,0.1823650989948635,0.21212304323200998,0.32211614036031083,3.6987098792736677e-05,5.616618225305554e-05,6.0,105.42427152288468,0.8984475958806883,3.6364727090603917,0.0078000000000000005,0.01105,0,COMPLETE
841,841,,,2024-08-29 06:08:29.535557,2024-08-29 06:08:29.541541,0 days 00:00:00.005984,0.0149,N95,3,12,1.1x60x0.1,1.4x200x0.071,0.007190367887732285,,,,,,,,,,,,,,,0,FAIL
842,842,,,2024-08-29 06:08:29.542540,2024-08-29 06:08:29.546528,0 days 00:00:00.003988,0.0149,N95,35,16,1.1x60x0.1,1.4x200x0.071,0.01694084238591067,,,,,,,,,,,,,,,0,FAIL
843,843,,,2024-08-29 06:08:29.547525,2024-08-29 06:08:29.552512,0 days 00:00:00.004987,0.012,N95,18,1,1.1x60x0.1,1.1x60x0.1,0.006854204386507291,,,,,,,,,,,,,,,0,FAIL
844,844,,,2024-08-29 06:08:29.553509,2024-08-29 06:08:29.558559,0 days 00:00:00.005050,0.0149,N95,22,2,1.4x200x0.071,1.1x60x0.1,0.017230788537837317,,,,,,,,,,,,,,,0,FAIL
845,845,,,2024-08-29 06:08:29.559552,2024-08-29 06:08:29.565535,0 days 00:00:00.005983,0.01435,N95,13,3,1.1x60x0.1,1.1x60x0.1,0.020900995751256264,,,,,,,,,,,,,,,0,FAIL
846,846,,,2024-08-29 06:08:29.566532,2024-08-29 06:08:29.570586,0 days 00:00:00.004054,0.012,N95,35,22,1.4x200x0.071,1.4x200x0.071,0.012678421678667028,,,,,,,,,,,,,,,0,FAIL
847,847,,,2024-08-29 06:08:29.570586,2024-08-29 06:08:29.574673,0 days 00:00:00.004087,0.0149,N95,12,11,1.1x60x0.1,1.4x200x0.071,0.00724661106543094,,,,,,,,,,,,,,,0,FAIL
848,848,,,2024-08-29 06:08:29.575670,2024-08-29 06:08:29.581659,0 days 00:00:00.005989,0.01435,N95,5,19,1.1x60x0.1,1.4x200x0.071,0.015105384467864812,,,,,,,,,,,,,,,0,FAIL
849,849,,,2024-08-29 06:08:29.581659,2024-08-29 06:08:29.586712,0 days 00:00:00.005053,0.01435,N95,13,6,1.1x60x0.1,1.4x200x0.071,0.015381565747919539,,,,,,,,,,,,,,,0,FAIL
850,850,,,2024-08-29 06:08:29.587710,2024-08-29 06:08:29.590703,0 days 00:00:00.002993,0.01345,N95,36,1,1.1x60x0.1,1.1x60x0.1,0.006445360464605923,,,,,,,,,,,,,,,0,FAIL
851,851,,,2024-08-29 06:08:29.591736,2024-08-29 06:08:29.593767,0 days 00:00:00.002031,0.0149,N95,35,24,1.1x60x0.1,1.1x60x0.1,0.009158063878634598,,,,,,,,,,,,,,,0,FAIL
852,852,,,2024-08-29 06:08:29.594765,2024-08-29 06:08:29.596762,0 days 00:00:00.001997,0.01345,N95,26,19,1.4x200x0.071,1.4x200x0.071,0.005790916484858775,,,,,,,,,,,,,,,0,FAIL
853,853,,,2024-08-29 06:08:29.597855,2024-08-29 06:08:29.603900,0 days 00:00:00.006045,0.0149,N95,21,18,1.4x200x0.071,1.4x200x0.071,0.014597676579768203,,,,,,,,,,,,,,,0,FAIL
854,854,,,2024-08-29 06:08:29.604897,2024-08-29 06:08:29.607889,0 days 00:00:00.002992,0.01345,N95,8,12,1.1x60x0.1,1.4x200x0.071,0.009075542670376299,,,,,,,,,,,,,,,0,FAIL
855,855,,,2024-08-29 06:08:29.607889,2024-08-29 06:08:29.611878,0 days 00:00:00.003989,0.01345,N95,7,24,1.1x60x0.1,1.4x200x0.071,0.003990227721346368,,,,,,,,,,,,,,,0,FAIL
856,856,,,2024-08-29 06:08:29.611878,2024-08-29 06:08:29.616951,0 days 00:00:00.005073,0.01435,N95,7,20,1.1x60x0.1,1.1x60x0.1,0.017374854874520444,,,,,,,,,,,,,,,0,FAIL
857,857,,,2024-08-29 06:08:29.616951,2024-08-29 06:08:29.622030,0 days 00:00:00.005079,0.01435,N95,9,2,1.4x200x0.071,1.1x60x0.1,0.010817710974724374,,,,,,,,,,,,,,,0,FAIL
858,858,,,2024-08-29 06:08:29.622934,2024-08-29 06:08:29.624928,0 days 00:00:00.001994,0.0149,N95,38,9,1.1x60x0.1,1.4x200x0.071,0.007090766757915157,,,,,,,,,,,,,,,0,FAIL
859,859,,,2024-08-29 06:08:29.625925,2024-08-29 06:08:29.629998,0 days 00:00:00.004073,0.01435,N95,30,1,1.1x60x0.1,1.1x60x0.1,0.02263308548064126,,,,,,,,,,,,,,,0,FAIL
860,860,,,2024-08-29 06:08:29.629998,2024-08-29 06:08:29.632990,0 days 00:00:00.002992,0.012,N95,12,3,1.1x60x0.1,1.4x200x0.071,0.0077199224058671495,,,,,,,,,,,,,,,0,FAIL
861,861,,,2024-08-29 06:08:29.634059,2024-08-29 06:08:29.637052,0 days 00:00:00.002993,0.01345,N95,40,6,1.1x60x0.1,1.1x60x0.1,0.002893278054195468,,,,,,,,,,,,,,,0,FAIL
862,862,,,2024-08-29 06:08:29.638049,2024-08-29 06:08:29.640107,0 days 00:00:00.002058,0.01435,N95,0,9,1.4x200x0.071,1.4x200x0.071,0.024384473006486287,,,,,,,,,,,,,,,0,FAIL
863,863,,,2024-08-29 06:08:29.640107,2024-08-29 06:08:29.643040,0 days 00:00:00.002933,0.01435,N95,19,12,1.4x200x0.071,1.4x200x0.071,0.014680864958445432,,,,,,,,,,,,,,,0,FAIL
864,864,,,2024-08-29 06:08:29.643040,2024-08-29 06:08:29.645030,0 days 00:00:00.001990,0.01435,N95,31,25,1.4x200x0.071,1.4x200x0.071,0.010569090115518213,,,,,,,,,,,,,,,0,FAIL
865,865,,,2024-08-29 06:08:29.645030,2024-08-29 06:08:29.647095,0 days 00:00:00.002065,0.0149,N95,34,9,1.4x200x0.071,1.1x60x0.1,0.008238088988781452,,,,,,,,,,,,,,,0,FAIL
866,866,,,2024-08-29 06:08:29.648094,2024-08-29 06:08:29.651084,0 days 00:00:00.002990,0.01345,N95,0,15,1.4x200x0.071,1.4x200x0.071,0.010082217081761696,,,,,,,,,,,,,,,0,FAIL
867,867,,,2024-08-29 06:08:29.651084,2024-08-29 06:08:29.655164,0 days 00:00:00.004080,0.01345,N95,35,25,1.4x200x0.071,1.1x60x0.1,0.0033143094556296105,,,,,,,,,,,,,,,0,FAIL
868,868,,,2024-08-29 06:08:29.655164,2024-08-29 06:08:29.659212,0 days 00:00:00.004048,0.01435,N95,8,6,1.4x200x0.071,1.1x60x0.1,0.00691008814656759,,,,,,,,,,,,,,,0,FAIL
869,869,,,2024-08-29 06:08:29.659212,2024-08-29 06:08:29.662204,0 days 00:00:00.002992,0.012,N95,23,17,1.1x60x0.1,1.4x200x0.071,0.00752516748590888,,,,,,,,,,,,,,,0,FAIL
870,870,,,2024-08-29 06:08:29.662204,2024-08-29 06:08:29.666194,0 days 00:00:00.003990,0.0149,N95,18,17,1.1x60x0.1,1.1x60x0.1,0.007908343920238725,,,,,,,,,,,,,,,0,FAIL
871,871,,,2024-08-29 06:08:29.667193,2024-08-29 06:08:29.669186,0 days 00:00:00.001993,0.01435,N95,36,10,1.4x200x0.071,1.4x200x0.071,0.008520903069780664,,,,,,,,,,,,,,,0,FAIL
872,872,,,2024-08-29 06:08:29.669186,2024-08-29 06:08:29.671180,0 days 00:00:00.001994,0.01345,N95,38,7,1.1x60x0.1,1.1x60x0.1,0.006993229886185417,,,,,,,,,,,,,,,0,FAIL
873,873,,,2024-08-29 06:08:29.671180,2024-08-29 06:08:29.673174,0 days 00:00:00.001994,0.012,N95,32,0,1.1x60x0.1,1.1x60x0.1,0.011742205740493216,,,,,,,,,,,,,,,0,FAIL
874,874,,,2024-08-29 06:08:29.673174,2024-08-29 06:08:29.675169,0 days 00:00:00.001995,0.0149,N95,30,21,1.1x60x0.1,1.4x200x0.071,0.009006204255620279,,,,,,,,,,,,,,,0,FAIL
875,875,,,2024-08-29 06:08:29.675169,2024-08-29 06:08:29.677164,0 days 00:00:00.001995,0.01345,N95,35,4,1.1x60x0.1,1.1x60x0.1,0.009585087779270321,,,,,,,,,,,,,,,0,FAIL
876,876,,,2024-08-29 06:08:29.677164,2024-08-29 06:08:29.679159,0 days 00:00:00.001995,0.012,N95,27,22,1.4x200x0.071,1.4x200x0.071,0.006153564209274801,,,,,,,,,,,,,,,0,FAIL
877,877,,,2024-08-29 06:08:29.679159,2024-08-29 06:08:29.682150,0 days 00:00:00.002991,0.01435,N95,5,6,1.1x60x0.1,1.1x60x0.1,0.01490559682334285,,,,,,,,,,,,,,,0,FAIL
878,878,,,2024-08-29 06:08:29.683157,2024-08-29 06:08:29.686141,0 days 00:00:00.002984,0.01435,N95,17,3,1.4x200x0.071,1.1x60x0.1,0.0070797490501583165,,,,,,,,,,,,,,,0,FAIL
879,879,,,2024-08-29 06:08:29.687139,2024-08-29 06:08:29.690130,0 days 00:00:00.002991,0.012,N95,22,9,1.1x60x0.1,1.4x200x0.071,0.007818510104567515,,,,,,,,,,,,,,,0,FAIL
880,880,,,2024-08-29 06:08:29.691128,2024-08-29 06:08:29.694118,0 days 00:00:00.002990,0.01435,N95,6,0,1.1x60x0.1,1.1x60x0.1,0.020783100388658896,,,,,,,,,,,,,,,0,FAIL
881,881,,,2024-08-29 06:08:29.695117,2024-08-29 06:08:29.700103,0 days 00:00:00.004986,0.01435,N95,6,18,1.1x60x0.1,1.4x200x0.071,0.017222985883283175,,,,,,,,,,,,,,,0,FAIL
882,882,,,2024-08-29 06:08:29.700103,2024-08-29 06:08:29.703096,0 days 00:00:00.002993,0.012,N95,29,23,1.4x200x0.071,1.1x60x0.1,0.01059221775584366,,,,,,,,,,,,,,,0,FAIL
883,883,,,2024-08-29 06:08:29.703096,2024-08-29 06:08:29.705090,0 days 00:00:00.001994,0.01435,N95,2,19,1.4x200x0.071,1.1x60x0.1,0.0075486577915427604,,,,,,,,,,,,,,,0,FAIL
884,884,,,2024-08-29 06:08:29.705090,2024-08-29 06:08:29.709079,0 days 00:00:00.003989,0.01345,N95,3,15,1.1x60x0.1,1.1x60x0.1,0.0071452220535291565,,,,,,,,,,,,,,,0,FAIL
885,885,,,2024-08-29 06:08:29.710076,2024-08-29 06:08:29.714066,0 days 00:00:00.003990,0.01435,N95,39,1,1.4x200x0.071,1.4x200x0.071,0.023350369303656568,,,,,,,,,,,,,,,0,FAIL
886,886,,,2024-08-29 06:08:29.714066,2024-08-29 06:08:29.718057,0 days 00:00:00.003991,0.01435,N95,3,17,1.1x60x0.1,1.4x200x0.071,0.009676927436376475,,,,,,,,,,,,,,,0,FAIL
887,887,,,2024-08-29 06:08:29.719052,2024-08-29 06:08:29.724038,0 days 00:00:00.004986,0.01435,N95,4,24,1.4x200x0.071,1.4x200x0.071,0.02313900126519044,,,,,,,,,,,,,,,0,FAIL
888,888,,,2024-08-29 06:08:29.724038,2024-08-29 06:08:29.729025,0 days 00:00:00.004987,0.0149,N95,3,20,1.1x60x0.1,1.4x200x0.071,0.016783904101327435,,,,,,,,,,,,,,,0,FAIL
889,889,,,2024-08-29 06:08:29.730022,2024-08-29 06:08:29.734012,0 days 00:00:00.003990,0.01345,N95,37,19,1.1x60x0.1,1.1x60x0.1,0.006499006692181641,,,,,,,,,,,,,,,0,FAIL
890,890,,,2024-08-29 06:08:29.734012,2024-08-29 06:08:29.738999,0 days 00:00:00.004987,0.01435,N95,15,20,1.1x60x0.1,1.1x60x0.1,0.011465320838306328,,,,,,,,,,,,,,,0,FAIL
891,891,,,2024-08-29 06:08:29.739996,2024-08-29 06:08:29.744982,0 days 00:00:00.004986,0.0149,N95,15,6,1.4x200x0.071,1.4x200x0.071,0.01764921862692909,,,,,,,,,,,,,,,0,FAIL
892,892,,,2024-08-29 06:08:29.745980,2024-08-29 06:08:29.748973,0 days 00:00:00.002993,0.01345,N95,17,11,1.4x200x0.071,1.1x60x0.1,0.006632087206553417,,,,,,,,,,,,,,,0,FAIL
893,893,,,2024-08-29 06:08:29.749969,2024-08-29 06:08:29.753959,0 days 00:00:00.003990,0.0149,N95,3,18,1.1x60x0.1,1.1x60x0.1,0.01984096035285534,,,,,,,,,,,,,,,0,FAIL
894,894,,,2024-08-29 06:08:29.754958,2024-08-29 06:08:29.758945,0 days 00:00:00.003987,0.01345,N95,14,22,1.1x60x0.1,1.1x60x0.1,0.006014413945135513,,,,,,,,,,,,,,,0,FAIL
895,895,,,2024-08-29 06:08:29.759944,2024-08-29 06:08:29.761943,0 days 00:00:00.001999,0.01345,N95,36,18,1.1x60x0.1,1.4x200x0.071,0.011454171985050589,,,,,,,,,,,,,,,0,FAIL
896,896,,,2024-08-29 06:08:29.761943,2024-08-29 06:08:29.763932,0 days 00:00:00.001989,0.012,N95,11,24,1.1x60x0.1,1.1x60x0.1,0.009564196170857141,,,,,,,,,,,,,,,0,FAIL
897,897,,,2024-08-29 06:08:29.764931,2024-08-29 06:08:29.766926,0 days 00:00:00.001995,0.012,N95,12,4,1.1x60x0.1,1.4x200x0.071,0.009996773727993558,,,,,,,,,,,,,,,0,FAIL
898,898,,,2024-08-29 06:08:29.766926,2024-08-29 06:08:29.769916,0 days 00:00:00.002990,0.0149,N95,16,11,1.1x60x0.1,1.1x60x0.1,0.013999993350172883,,,,,,,,,,,,,,,0,FAIL
899,899,,,2024-08-29 06:08:29.770914,2024-08-29 06:08:29.772909,0 days 00:00:00.001995,0.012,N95,21,10,1.4x200x0.071,1.4x200x0.071,0.011089589899454126,,,,,,,,,,,,,,,0,FAIL
900,900,,,2024-08-29 06:08:29.772909,2024-08-29 06:08:29.774908,0 days 00:00:00.001999,0.01345,N95,7,23,1.4x200x0.071,1.4x200x0.071,0.0037394613915780303,,,,,,,,,,,,,,,0,FAIL
901,901,,,2024-08-29 06:08:29.775901,2024-08-29 06:08:29.778893,0 days 00:00:00.002992,0.01435,N95,4,6,1.1x60x0.1,1.4x200x0.071,0.01756407787327485,,,,,,,,,,,,,,,0,FAIL
902,902,,,2024-08-29 06:08:29.778893,2024-08-29 06:08:29.780888,0 days 00:00:00.001995,0.01435,N95,27,5,1.1x60x0.1,1.4x200x0.071,0.016957328874226872,,,,,,,,,,,,,,,0,FAIL
903,903,,,2024-08-29 06:08:29.781885,2024-08-29 06:08:29.783881,0 days 00:00:00.001996,0.01435,N95,17,4,1.4x200x0.071,1.4x200x0.071,0.021345891009302655,,,,,,,,,,,,,,,0,FAIL
904,904,,,2024-08-29 06:08:29.784877,2024-08-29 06:08:29.786871,0 days 00:00:00.001994,0.012,N95,6,0,1.4x200x0.071,1.4x200x0.071,0.00589111219029044,,,,,,,,,,,,,,,0,FAIL
905,905,4.292505441826822e-05,61.1029266854875,2024-08-29 06:08:29.786871,2024-08-29 06:08:30.034210,0 days 00:00:00.247339,0.0149,N95,34,23,1.1x60x0.1,1.1x60x0.1,0.014976686504326115,0.00043617883387037386,0.0016677865198760882,2.412419716454984e-05,0.13835359585105508,0.15375296776520136,0.19607069413236314,2.680932783991756e-05,3.418811093664251e-05,8.0,54.13382358513901,2.120472821601302,4.848630278747189,0.0082,0.01105,0,COMPLETE
906,906,,,2024-08-29 06:08:30.035207,2024-08-29 06:08:30.039196,0 days 00:00:00.003989,0.01435,N95,29,24,1.4x200x0.071,1.4x200x0.071,0.015307303311478783,,,,,,,,,,,,,,,0,FAIL
907,907,,,2024-08-29 06:08:30.040193,2024-08-29 06:08:30.043184,0 days 00:00:00.002991,0.012,N95,20,22,1.1x60x0.1,1.4x200x0.071,0.009916327831225577,,,,,,,,,,,,,,,0,FAIL
908,908,,,2024-08-29 06:08:30.044183,2024-08-29 06:08:30.048172,0 days 00:00:00.003989,0.01435,N95,25,23,1.1x60x0.1,1.1x60x0.1,0.012919486233738734,,,,,,,,,,,,,,,0,FAIL
909,909,,,2024-08-29 06:08:30.048172,2024-08-29 06:08:30.052161,0 days 00:00:00.003989,0.012,N95,29,16,1.4x200x0.071,1.4x200x0.071,0.010799804050951182,,,,,,,,,,,,,,,0,FAIL
910,910,,,2024-08-29 06:08:30.053158,2024-08-29 06:08:30.057147,0 days 00:00:00.003989,0.012,N95,12,10,1.4x200x0.071,1.4x200x0.071,0.013230153760891643,,,,,,,,,,,,,,,0,FAIL
911,911,,,2024-08-29 06:08:30.058145,2024-08-29 06:08:30.061136,0 days 00:00:00.002991,0.012,N95,35,4,1.1x60x0.1,1.1x60x0.1,0.016024664468997633,,,,,,,,,,,,,,,0,FAIL
912,912,,,2024-08-29 06:08:30.062133,2024-08-29 06:08:30.068118,0 days 00:00:00.005985,0.01435,N95,9,2,1.1x60x0.1,1.1x60x0.1,0.009422779604980551,,,,,,,,,,,,,,,0,FAIL
913,913,,,2024-08-29 06:08:30.068118,2024-08-29 06:08:30.072107,0 days 00:00:00.003989,0.01435,N95,12,7,1.4x200x0.071,1.4x200x0.071,0.00780635646925358,,,,,,,,,,,,,,,0,FAIL
914,914,,,2024-08-29 06:08:30.073105,2024-08-29 06:08:30.077095,0 days 00:00:00.003990,0.012,N95,30,14,1.4x200x0.071,1.1x60x0.1,0.012444542663908938,,,,,,,,,,,,,,,0,FAIL
915,915,,,2024-08-29 06:08:30.077095,2024-08-29 06:08:30.081083,0 days 00:00:00.003988,0.012,N95,29,20,1.4x200x0.071,1.1x60x0.1,0.008620854247857895,,,,,,,,,,,,,,,0,FAIL
916,916,,,2024-08-29 06:08:30.082081,2024-08-29 06:08:30.086069,0 days 00:00:00.003988,0.012,N95,28,2,1.1x60x0.1,1.4x200x0.071,0.008543032523718673,,,,,,,,,,,,,,,0,FAIL
917,917,,,2024-08-29 06:08:30.087069,2024-08-29 06:08:30.091155,0 days 00:00:00.004086,0.0149,N95,39,19,1.1x60x0.1,1.4x200x0.071,0.01581501349846058,,,,,,,,,,,,,,,0,FAIL
918,918,,,2024-08-29 06:08:30.091155,2024-08-29 06:08:30.095207,0 days 00:00:00.004052,0.01435,N95,38,3,1.1x60x0.1,1.4x200x0.071,0.006880591701673462,,,,,,,,,,,,,,,0,FAIL
919,919,,,2024-08-29 06:08:30.096206,2024-08-29 06:08:30.099197,0 days 00:00:00.002991,0.012,N95,28,22,1.1x60x0.1,1.4x200x0.071,0.012154640171404333,,,,,,,,,,,,,,,0,FAIL
920,920,,,2024-08-29 06:08:30.099197,2024-08-29 06:08:30.102189,0 days 00:00:00.002992,0.01345,N95,34,3,1.1x60x0.1,1.4x200x0.071,0.0055543782580211795,,,,,,,,,,,,,,,0,FAIL
921,921,,,2024-08-29 06:08:30.103187,2024-08-29 06:08:30.107235,0 days 00:00:00.004048,0.0149,N95,38,25,1.1x60x0.1,1.4x200x0.071,0.015193871059662488,,,,,,,,,,,,,,,0,FAIL
922,922,,,2024-08-29 06:08:30.107235,2024-08-29 06:08:30.111228,0 days 00:00:00.003993,0.01435,N95,39,1,1.4x200x0.071,1.4x200x0.071,0.018898533567917132,,,,,,,,,,,,,,,0,FAIL
923,923,,,2024-08-29 06:08:30.112222,2024-08-29 06:08:30.116212,0 days 00:00:00.003990,0.012,N95,29,6,1.4x200x0.071,1.1x60x0.1,0.004036570599456998,,,,,,,,,,,,,,,0,FAIL
924,924,,,2024-08-29 06:08:30.117208,2024-08-29 06:08:30.120287,0 days 00:00:00.003079,0.01345,N95,33,25,1.4x200x0.071,1.1x60x0.1,0.005282981259205045,,,,,,,,,,,,,,,0,FAIL
925,925,,,2024-08-29 06:08:30.121284,2024-08-29 06:08:30.126331,0 days 00:00:00.005047,0.01435,N95,10,18,1.1x60x0.1,1.1x60x0.1,0.01887889163046933,,,,,,,,,,,,,,,0,FAIL
926,926,,,2024-08-29 06:08:30.127330,2024-08-29 06:08:30.129323,0 days 00:00:00.001993,0.01435,N95,39,20,1.1x60x0.1,1.4x200x0.071,0.007893682964409164,,,,,,,,,,,,,,,0,FAIL
927,927,,,2024-08-29 06:08:30.129323,2024-08-29 06:08:30.131389,0 days 00:00:00.002066,0.01345,N95,23,20,1.1x60x0.1,1.4x200x0.071,0.003247563076214593,,,,,,,,,,,,,,,0,FAIL
928,928,,,2024-08-29 06:08:30.131389,2024-08-29 06:08:30.134311,0 days 00:00:00.002922,0.01435,N95,8,4,1.1x60x0.1,1.1x60x0.1,0.015794028957682407,,,,,,,,,,,,,,,0,FAIL
929,929,,,2024-08-29 06:08:30.134311,2024-08-29 06:08:30.136304,0 days 00:00:00.001993,0.01345,N95,7,3,1.1x60x0.1,1.4x200x0.071,0.007502557420294091,,,,,,,,,,,,,,,0,FAIL
930,930,,,2024-08-29 06:08:30.136304,2024-08-29 06:08:30.140360,0 days 00:00:00.004056,0.0149,N95,20,21,1.4x200x0.071,1.4x200x0.071,0.012012815401605509,,,,,,,,,,,,,,,0,FAIL
931,931,,,2024-08-29 06:08:30.140360,2024-08-29 06:08:30.143423,0 days 00:00:00.003063,0.01435,N95,32,8,1.4x200x0.071,1.1x60x0.1,0.009180232910626378,,,,,,,,,,,,,,,0,FAIL
932,932,,,2024-08-29 06:08:30.144350,2024-08-29 06:08:30.147342,0 days 00:00:00.002992,0.012,N95,14,23,1.1x60x0.1,1.1x60x0.1,0.005621019553208259,,,,,,,,,,,,,,,0,FAIL
933,933,,,2024-08-29 06:08:30.148343,2024-08-29 06:08:30.153423,0 days 00:00:00.005080,0.01435,N95,14,8,1.4x200x0.071,1.1x60x0.1,0.012827806537313342,,,,,,,,,,,,,,,0,FAIL
934,934,,,2024-08-29 06:08:30.153423,2024-08-29 06:08:30.157412,0 days 00:00:00.003989,0.01345,N95,31,24,1.1x60x0.1,1.4x200x0.071,0.0052549869932971924,,,,,,,,,,,,,,,0,FAIL
935,935,,,2024-08-29 06:08:30.157412,2024-08-29 06:08:30.161401,0 days 00:00:00.003989,0.01345,N95,35,2,1.4x200x0.071,1.4x200x0.071,0.007698286070099489,,,,,,,,,,,,,,,0,FAIL
936,936,,,2024-08-29 06:08:30.162399,2024-08-29 06:08:30.165167,0 days 00:00:00.002768,0.01435,N95,32,16,1.4x200x0.071,1.4x200x0.071,0.015569217472415756,,,,,,,,,,,,,,,0,FAIL
937,937,,,2024-08-29 06:08:30.166165,2024-08-29 06:08:30.168160,0 days 00:00:00.001995,0.012,N95,2,5,1.1x60x0.1,1.1x60x0.1,0.012113753860358019,,,,,,,,,,,,,,,0,FAIL
938,938,,,2024-08-29 06:08:30.168160,2024-08-29 06:08:30.170221,0 days 00:00:00.002061,0.012,N95,10,6,1.1x60x0.1,1.4x200x0.071,0.006047025119737355,,,,,,,,,,,,,,,0,FAIL
939,939,,,2024-08-29 06:08:30.170221,2024-08-29 06:08:30.173213,0 days 00:00:00.002992,0.012,N95,28,2,1.4x200x0.071,1.4x200x0.071,0.015351010998011953,,,,,,,,,,,,,,,0,FAIL
940,940,,,2024-08-29 06:08:30.173213,2024-08-29 06:08:30.175275,0 days 00:00:00.002062,0.01345,N95,24,2,1.4x200x0.071,1.1x60x0.1,0.006919949230124468,,,,,,,,,,,,,,,0,FAIL
941,941,,,2024-08-29 06:08:30.175275,2024-08-29 06:08:30.179264,0 days 00:00:00.003989,0.0149,N95,9,19,1.1x60x0.1,1.4x200x0.071,0.012169081579511779,,,,,,,,,,,,,,,0,FAIL
942,942,,,2024-08-29 06:08:30.179264,2024-08-29 06:08:30.181325,0 days 00:00:00.002061,0.012,N95,38,19,1.4x200x0.071,1.1x60x0.1,0.00898611484145248,,,,,,,,,,,,,,,0,FAIL
943,943,,,2024-08-29 06:08:30.182323,2024-08-29 06:08:30.183320,0 days 00:00:00.000997,0.01345,N95,39,13,1.4x200x0.071,1.1x60x0.1,0.01048674262224102,,,,,,,,,,,,,,,0,FAIL
944,944,,,2024-08-29 06:08:30.184317,2024-08-29 06:08:30.188307,0 days 00:00:00.003990,0.012,N95,19,2,1.1x60x0.1,1.4x200x0.071,0.009282477749938265,,,,,,,,,,,,,,,0,FAIL
945,945,,,2024-08-29 06:08:30.188307,2024-08-29 06:08:30.191298,0 days 00:00:00.002991,0.01435,N95,15,3,1.1x60x0.1,1.1x60x0.1,0.010137825780998406,,,,,,,,,,,,,,,0,FAIL
946,946,,,2024-08-29 06:08:30.191298,2024-08-29 06:08:30.193293,0 days 00:00:00.001995,0.01345,N95,31,18,1.4x200x0.071,1.1x60x0.1,0.011177439571833397,,,,,,,,,,,,,,,0,FAIL
947,947,,,2024-08-29 06:08:30.193293,2024-08-29 06:08:30.197282,0 days 00:00:00.003989,0.01345,N95,19,23,1.4x200x0.071,1.4x200x0.071,0.0070788531867132295,,,,,,,,,,,,,,,0,FAIL
948,948,,,2024-08-29 06:08:30.197282,2024-08-29 06:08:30.200275,0 days 00:00:00.002993,0.01345,N95,8,0,1.1x60x0.1,1.4x200x0.071,0.005775001055594883,,,,,,,,,,,,,,,0,FAIL
949,949,,,2024-08-29 06:08:30.201272,2024-08-29 06:08:30.204268,0 days 00:00:00.002996,0.0149,N95,23,10,1.1x60x0.1,1.1x60x0.1,0.006605891290540001,,,,,,,,,,,,,,,0,FAIL
950,950,,,2024-08-29 06:08:30.204268,2024-08-29 06:08:30.208253,0 days 00:00:00.003985,0.0149,N95,15,24,1.4x200x0.071,1.4x200x0.071,0.008769864271761017,,,,,,,,,,,,,,,0,FAIL
951,951,,,2024-08-29 06:08:30.208253,2024-08-29 06:08:30.212243,0 days 00:00:00.003990,0.012,N95,13,0,1.1x60x0.1,1.4x200x0.071,0.005266556026219004,,,,,,,,,,,,,,,0,FAIL
