,number,values_0,values_1,datetime_start,datetime_complete,duration,params_core_inner_diameter,params_material,params_n_p_bot,params_n_p_top,params_primary_litz_wire,params_secondary_litz_wire,params_window_h_bot,user_attrs_air_gap_bot,user_attrs_air_gap_top,user_attrs_flux_bot_max,user_attrs_flux_density_bot_max,user_attrs_flux_density_mid_max,user_attrs_flux_density_top_max,user_attrs_flux_mid_max,user_attrs_flux_top_max,user_attrs_n_s_bot,user_attrs_p_hyst,user_attrs_primary_litz_wire_loss,user_attrs_secondary_litz_wire_loss,user_attrs_window_h_top,user_attrs_window_w,system_attrs_nsga2:generation,state
356,356,3.9245396080934884e-05,116.40427133070668,2024-08-29 06:07:11.539883,2024-08-29 06:07:11.773130,0 days 00:00:00.233247,0.0149,N95,23,14,1.1x60x0.1,1.4x200x0.071,0.013331961765822124,0.00020618501284615378,0.000506565679416261,3.7605450211454966e-05,0.21566932258363924,0.24629828980264262,0.32211614036031083,4.29461082521266e-05,5.616618225305554e-05,5.0,113.24277512655698,1.3764472701622488,1.7850489339874525,0.006900000000000001,0.01105,0,COMPLETE
357,357,,,2024-08-29 06:07:11.773130,2024-08-29 06:07:11.776122,0 days 00:00:00.002992,0.01345,N95,22,19,1.1x60x0.1,1.1x60x0.1,0.011045302325043006,,,,,,,,,,,,,,,0,FAIL
358,358,,,2024-08-29 06:07:11.777119,2024-08-29 06:07:11.780111,0 days 00:00:00.002992,0.0149,N95,3,5,1.1x60x0.1,1.1x60x0.1,0.013379531499611356,,,,,,,,,,,,,,,0,FAIL
359,359,,,2024-08-29 06:07:11.781108,2024-08-29 06:07:11.783109,0 days 00:00:00.002001,0.01345,N95,20,8,1.4x200x0.071,1.1x60x0.1,0.005483155852650471,,,,,,,,,,,,,,,0,FAIL
360,360,,,2024-08-29 06:07:11.783109,2024-08-29 06:07:11.786096,0 days 00:00:00.002987,0.012,N95,28,11,1.4x200x0.071,1.1x60x0.1,0.005502181587921561,,,,,,,,,,,,,,,0,FAIL
361,361,,,2024-08-29 06:07:11.786096,2024-08-29 06:07:11.790083,0 days 00:00:00.003987,0.01435,N95,20,10,1.4x200x0.071,1.4x200x0.071,0.021025653305290222,,,,,,,,,,,,,,,0,FAIL
362,362,,,2024-08-29 06:07:11.790083,2024-08-29 06:07:11.793077,0 days 00:00:00.002994,0.012,N95,38,21,1.1x60x0.1,1.4x200x0.071,0.0058335753768322665,,,,,,,,,,,,,,,0,FAIL
363,363,,,2024-08-29 06:07:11.793077,2024-08-29 06:07:11.800058,0 days 00:00:00.006981,0.01345,N95,4,23,1.4x200x0.071,1.1x60x0.1,0.008938991689344582,,,,,,,,,,,,,,,0,FAIL
364,364,,,2024-08-29 06:07:11.801055,2024-08-29 06:07:11.803050,0 days 00:00:00.001995,0.01345,N95,14,22,1.4x200x0.071,1.1x60x0.1,0.006553262478914015,,,,,,,,,,,,,,,0,FAIL
365,365,,,2024-08-29 06:07:11.804053,2024-08-29 06:07:11.806042,0 days 00:00:00.001989,0.01435,N95,19,20,1.1x60x0.1,1.1x60x0.1,0.0070202704740486965,,,,,,,,,,,,,,,0,FAIL
366,366,,,2024-08-29 06:07:11.807039,2024-08-29 06:07:11.808036,0 days 00:00:00.000997,0.0149,N95,31,11,1.4x200x0.071,1.4x200x0.071,0.010628294120793285,,,,,,,,,,,,,,,0,FAIL
367,367,,,2024-08-29 06:07:11.809033,2024-08-29 06:07:11.811028,0 days 00:00:00.001995,0.01345,N95,24,11,1.4x200x0.071,1.4x200x0.071,0.006286962153825645,,,,,,,,,,,,,,,0,FAIL
368,368,,,2024-08-29 06:07:11.811028,2024-08-29 06:07:11.813023,0 days 00:00:00.001995,0.0149,N95,35,13,1.4x200x0.071,1.4x200x0.071,0.01470494688963879,,,,,,,,,,,,,,,0,FAIL
369,369,,,2024-08-29 06:07:11.813023,2024-08-29 06:07:11.815017,0 days 00:00:00.001994,0.01435,N95,32,17,1.4x200x0.071,1.1x60x0.1,0.02294580491624814,,,,,,,,,,,,,,,0,FAIL
370,370,,,2024-08-29 06:07:11.816014,2024-08-29 06:07:11.817012,0 days 00:00:00.000998,0.012,N95,7,9,1.1x60x0.1,1.4x200x0.071,0.012607248472946381,,,,,,,,,,,,,,,0,FAIL
371,371,,,2024-08-29 06:07:11.818009,2024-08-29 06:07:11.820004,0 days 00:00:00.001995,0.01435,N95,36,21,1.4x200x0.071,1.4x200x0.071,0.008056662152404472,,,,,,,,,,,,,,,0,FAIL
372,372,,,2024-08-29 06:07:11.820004,2024-08-29 06:07:11.821998,0 days 00:00:00.001994,0.01435,N95,36,22,1.1x60x0.1,1.4x200x0.071,0.009922525866674086,,,,,,,,,,,,,,,0,FAIL
373,373,,,2024-08-29 06:07:11.821998,2024-08-29 06:07:11.823993,0 days 00:00:00.001995,0.01435,N95,19,10,1.4x200x0.071,1.4x200x0.071,0.01081224199618197,,,,,,,,,,,,,,,0,FAIL
374,374,,,2024-08-29 06:07:11.823993,2024-08-29 06:07:11.826985,0 days 00:00:00.002992,0.012,N95,31,7,1.4x200x0.071,1.1x60x0.1,0.014601336622012611,,,,,,,,,,,,,,,0,FAIL
375,375,,,2024-08-29 06:07:11.826985,2024-08-29 06:07:11.829977,0 days 00:00:00.002992,0.012,N95,35,25,1.4x200x0.071,1.1x60x0.1,0.008289837239774991,,,,,,,,,,,,,,,0,FAIL
376,376,,,2024-08-29 06:07:11.829977,2024-08-29 06:07:11.831971,0 days 00:00:00.001994,0.012,N95,27,9,1.1x60x0.1,1.1x60x0.1,0.00533467919470756,,,,,,,,,,,,,,,0,FAIL
377,377,,,2024-08-29 06:07:11.832969,2024-08-29 06:07:11.834963,0 days 00:00:00.001994,0.012,N95,3,14,1.1x60x0.1,1.1x60x0.1,0.004365238743699416,,,,,,,,,,,,,,,0,FAIL
378,378,,,2024-08-29 06:07:11.834963,2024-08-29 06:07:11.837956,0 days 00:00:00.002993,0.0149,N95,34,0,1.1x60x0.1,1.4x200x0.071,0.014320121536487363,,,,,,,,,,,,,,,0,FAIL
379,379,,,2024-08-29 06:07:11.837956,2024-08-29 06:07:11.840949,0 days 00:00:00.002993,0.01345,N95,24,12,1.4x200x0.071,1.1x60x0.1,0.008184006813051418,,,,,,,,,,,,,,,0,FAIL
380,380,,,2024-08-29 06:07:11.840949,2024-08-29 06:07:11.844937,0 days 00:00:00.003988,0.0149,N95,32,23,1.1x60x0.1,1.4x200x0.071,0.016844050183365777,,,,,,,,,,,,,,,0,FAIL
381,381,,,2024-08-29 06:07:11.845934,2024-08-29 06:07:11.847929,0 days 00:00:00.001995,0.01345,N95,32,24,1.1x60x0.1,1.1x60x0.1,0.011129683203973825,,,,,,,,,,,,,,,0,FAIL
382,382,,,2024-08-29 06:07:11.848926,2024-08-29 06:07:11.850922,0 days 00:00:00.001996,0.01435,N95,22,23,1.4x200x0.071,1.4x200x0.071,0.014370348572770204,,,,,,,,,,,,,,,0,FAIL
383,383,,,2024-08-29 06:07:11.850922,2024-08-29 06:07:11.853913,0 days 00:00:00.002991,0.0149,N95,13,5,1.4x200x0.071,1.1x60x0.1,0.008636920251914506,,,,,,,,,,,,,,,0,FAIL
384,384,,,2024-08-29 06:07:11.853913,2024-08-29 06:07:11.855908,0 days 00:00:00.001995,0.0149,N95,22,19,1.4x200x0.071,1.1x60x0.1,0.010873773201828696,,,,,,,,,,,,,,,0,FAIL
385,385,,,2024-08-29 06:07:11.856905,2024-08-29 06:07:11.858903,0 days 00:00:00.001998,0.01345,N95,3,22,1.1x60x0.1,1.1x60x0.1,0.00438612695501039,,,,,,,,,,,,,,,0,FAIL
386,386,,,2024-08-29 06:07:11.858903,2024-08-29 06:07:11.860895,0 days 00:00:00.001992,0.01345,N95,29,12,1.4x200x0.071,1.1x60x0.1,0.009809263166415668,,,,,,,,,,,,,,,0,FAIL
387,387,,,2024-08-29 06:07:11.861893,2024-08-29 06:07:11.863887,0 days 00:00:00.001994,0.01435,N95,14,10,1.4x200x0.071,1.4x200x0.071,0.01191370337543208,,,,,,,,,,,,,,,0,FAIL
388,388,,,2024-08-29 06:07:11.863887,2024-08-29 06:07:11.865882,0 days 00:00:00.001995,0.01345,N95,21,15,1.1x60x0.1,1.4x200x0.071,0.0051219110590354985,,,,,,,,,,,,,,,0,FAIL
389,389,,,2024-08-29 06:07:11.865882,2024-08-29 06:07:11.867877,0 days 00:00:00.001995,0.01435,N95,37,2,1.4x200x0.071,1.4x200x0.071,0.019371188264691426,,,,,,,,,,,,,,,0,FAIL
390,390,,,2024-08-29 06:07:11.867877,2024-08-29 06:07:11.870868,0 days 00:00:00.002991,0.0149,N95,10,24,1.1x60x0.1,1.1x60x0.1,0.012063823231099148,,,,,,,,,,,,,,,0,FAIL
391,391,,,2024-08-29 06:07:11.870868,2024-08-29 06:07:11.874857,0 days 00:00:00.003989,0.01435,N95,11,9,1.4x200x0.071,1.4x200x0.071,0.014730585814490195,,,,,,,,,,,,,,,0,FAIL
392,392,,,2024-08-29 06:07:11.874857,2024-08-29 06:07:11.876852,0 days 00:00:00.001995,0.01345,N95,39,11,1.4x200x0.071,1.1x60x0.1,0.010504820596798713,,,,,,,,,,,,,,,0,FAIL
393,393,,,2024-08-29 06:07:11.876852,2024-08-29 06:07:11.879844,0 days 00:00:00.002992,0.01345,N95,11,13,1.4x200x0.071,1.1x60x0.1,0.006366507953180278,,,,,,,,,,,,,,,0,FAIL
394,394,,,2024-08-29 06:07:11.879844,2024-08-29 06:07:11.881839,0 days 00:00:00.001995,0.0149,N95,28,14,1.4x200x0.071,1.1x60x0.1,0.008740106962729352,,,,,,,,,,,,,,,0,FAIL
395,395,,,2024-08-29 06:07:11.881839,2024-08-29 06:07:11.883834,0 days 00:00:00.001995,0.012,N95,36,18,1.1x60x0.1,1.1x60x0.1,0.011166750684520318,,,,,,,,,,,,,,,0,FAIL
396,396,,,2024-08-29 06:07:11.884831,2024-08-29 06:07:11.885828,0 days 00:00:00.000997,0.0149,N95,37,18,1.4x200x0.071,1.4x200x0.071,0.013138934739858714,,,,,,,,,,,,,,,0,FAIL
397,397,,,2024-08-29 06:07:11.886825,2024-08-29 06:07:11.888820,0 days 00:00:00.001995,0.01435,N95,34,24,1.1x60x0.1,1.4x200x0.071,0.021730373833600047,,,,,,,,,,,,,,,0,FAIL
398,398,,,2024-08-29 06:07:11.888820,2024-08-29 06:07:11.890815,0 days 00:00:00.001995,0.01435,N95,34,6,1.4x200x0.071,1.4x200x0.071,0.024269386974540494,,,,,,,,,,,,,,,0,FAIL
399,399,,,2024-08-29 06:07:11.890815,2024-08-29 06:07:11.892809,0 days 00:00:00.001994,0.01345,N95,13,12,1.4x200x0.071,1.1x60x0.1,0.0033922197792877846,,,,,,,,,,,,,,,0,FAIL
400,400,,,2024-08-29 06:07:11.892809,2024-08-29 06:07:11.894803,0 days 00:00:00.001994,0.01345,N95,38,19,1.1x60x0.1,1.4x200x0.071,0.0031566208710979574,,,,,,,,,,,,,,,0,FAIL
401,401,,,2024-08-29 06:07:11.895801,2024-08-29 06:07:11.896798,0 days 00:00:00.000997,0.01345,N95,37,14,1.1x60x0.1,1.1x60x0.1,0.005431087459417841,,,,,,,,,,,,,,,0,FAIL
402,402,,,2024-08-29 06:07:11.897796,2024-08-29 06:07:11.899790,0 days 00:00:00.001994,0.0149,N95,1,4,1.1x60x0.1,1.1x60x0.1,0.01644738840021259,,,,,,,,,,,,,,,0,FAIL
403,403,3.552810145626424e-05,121.6207037071517,2024-08-29 06:07:11.899790,2024-08-29 06:07:12.130175,0 days 00:00:00.230385,0.01435,N95,22,21,1.1x60x0.1,1.1x60x0.1,0.015216877337579036,0.00017044808945818177,0.0013237214281748805,3.850162050919795e-05,0.23805939500878825,0.25633570067416306,0.23152077220440578,4.145746850256275e-05,3.744412150203703e-05,5.0,117.58094792604254,1.395712112227988,2.644043668881184,0.0108,0.008825,0,COMPLETE
404,404,,,2024-08-29 06:07:12.131173,2024-08-29 06:07:12.133167,0 days 00:00:00.001994,0.01345,N95,28,11,1.1x60x0.1,1.4x200x0.071,0.010340844544035489,,,,,,,,,,,,,,,0,FAIL
405,405,,,2024-08-29 06:07:12.133167,2024-08-29 06:07:12.136164,0 days 00:00:00.002997,0.01435,N95,2,11,1.4x200x0.071,1.1x60x0.1,0.021509025439056757,,,,,,,,,,,,,,,0,FAIL
406,406,,,2024-08-29 06:07:12.136164,2024-08-29 06:07:12.139150,0 days 00:00:00.002986,0.0149,N95,34,19,1.4x200x0.071,1.4x200x0.071,0.012122510378803913,,,,,,,,,,,,,,,0,FAIL
407,407,,,2024-08-29 06:07:12.139150,2024-08-29 06:07:12.141144,0 days 00:00:00.001994,0.01435,N95,12,24,1.4x200x0.071,1.1x60x0.1,0.008204505071852684,,,,,,,,,,,,,,,0,FAIL
408,408,,,2024-08-29 06:07:12.142142,2024-08-29 06:07:12.144210,0 days 00:00:00.002068,0.012,N95,17,4,1.4x200x0.071,1.1x60x0.1,0.00708396592820262,,,,,,,,,,,,,,,0,FAIL
409,409,,,2024-08-29 06:07:12.144210,2024-08-29 06:07:12.146205,0 days 00:00:00.001995,0.01435,N95,26,18,1.1x60x0.1,1.4x200x0.071,0.018339115302026643,,,,,,,,,,,,,,,0,FAIL
410,410,,,2024-08-29 06:07:12.146205,2024-08-29 06:07:12.148201,0 days 00:00:00.001996,0.01435,N95,36,16,1.1x60x0.1,1.1x60x0.1,0.011496924397334143,,,,,,,,,,,,,,,0,FAIL
411,411,,,2024-08-29 06:07:12.148201,2024-08-29 06:07:12.150256,0 days 00:00:00.002055,0.01435,N95,32,12,1.4x200x0.071,1.1x60x0.1,0.014222381106043616,,,,,,,,,,,,,,,0,FAIL
412,412,,,2024-08-29 06:07:12.150256,2024-08-29 06:07:12.152254,0 days 00:00:00.001998,0.012,N95,14,5,1.4x200x0.071,1.4x200x0.071,0.005518466070801927,,,,,,,,,,,,,,,0,FAIL
413,413,,,2024-08-29 06:07:12.153248,2024-08-29 06:07:12.154246,0 days 00:00:00.000998,0.012,N95,18,11,1.1x60x0.1,1.4x200x0.071,0.014256230260152564,,,,,,,,,,,,,,,0,FAIL
414,414,,,2024-08-29 06:07:12.155243,2024-08-29 06:07:12.158235,0 days 00:00:00.002992,0.0149,N95,9,8,1.1x60x0.1,1.4x200x0.071,0.016616675743472118,,,,,,,,,,,,,,,0,FAIL
415,415,,,2024-08-29 06:07:12.159232,2024-08-29 06:07:12.161227,0 days 00:00:00.001995,0.01345,N95,26,10,1.1x60x0.1,1.4x200x0.071,0.009184935136477628,,,,,,,,,,,,,,,0,FAIL
416,416,,,2024-08-29 06:07:12.162250,2024-08-29 06:07:12.163280,0 days 00:00:00.001030,0.01435,N95,33,23,1.1x60x0.1,1.4x200x0.071,0.013113590977816947,,,,,,,,,,,,,,,0,FAIL
417,417,,,2024-08-29 06:07:12.164277,2024-08-29 06:07:12.167269,0 days 00:00:00.002992,0.0149,N95,3,11,1.4x200x0.071,1.4x200x0.071,0.015877427515938895,,,,,,,,,,,,,,,0,FAIL
418,418,,,2024-08-29 06:07:12.167269,2024-08-29 06:07:12.171258,0 days 00:00:00.003989,0.01345,N95,35,12,1.1x60x0.1,1.1x60x0.1,0.007439671594854502,,,,,,,,,,,,,,,0,FAIL
419,419,,,2024-08-29 06:07:12.171258,2024-08-29 06:07:12.174364,0 days 00:00:00.003106,0.01435,N95,32,22,1.4x200x0.071,1.4x200x0.071,0.01225986518855481,,,,,,,,,,,,,,,0,FAIL
420,420,,,2024-08-29 06:07:12.174364,2024-08-29 06:07:12.178354,0 days 00:00:00.003990,0.01435,N95,12,16,1.4x200x0.071,1.4x200x0.071,0.02263222502200979,,,,,,,,,,,,,,,0,FAIL
421,421,,,2024-08-29 06:07:12.179352,2024-08-29 06:07:12.183406,0 days 00:00:00.004054,0.0149,N95,19,11,1.4x200x0.071,1.4x200x0.071,0.013788634827574458,,,,,,,,,,,,,,,0,FAIL
422,422,,,2024-08-29 06:07:12.184403,2024-08-29 06:07:12.186457,0 days 00:00:00.002054,0.0149,N95,18,22,1.1x60x0.1,1.1x60x0.1,0.006325288640274651,,,,,,,,,,,,,,,0,FAIL
423,423,,,2024-08-29 06:07:12.187395,2024-08-29 06:07:12.189390,0 days 00:00:00.001995,0.01345,N95,26,9,1.1x60x0.1,1.4x200x0.071,0.0043379393174210025,,,,,,,,,,,,,,,0,FAIL
424,424,4.843588466029148e-05,152.39658292540247,2024-08-29 06:07:12.189390,2024-08-29 06:07:12.413378,0 days 00:00:00.223988,0.0149,N95,30,11,1.4x200x0.071,1.4x200x0.071,0.01978684545270888,0.0003182954034875142,0.0002577351449121875,2.758481266046025e-05,0.15820041580743732,0.27113483548452666,0.40996599682221385,4.727676349263909e-05,7.148423195843433e-05,7.0,148.99906682193935,0.8984475958806883,2.4990685075824333,0.0078000000000000005,0.01105,0,COMPLETE
425,425,,,2024-08-29 06:07:12.414380,2024-08-29 06:07:12.417431,0 days 00:00:00.003051,0.0149,N95,29,2,1.1x60x0.1,1.4x200x0.071,0.01764765706563945,,,,,,,,,,,,,,,0,FAIL
426,426,,,2024-08-29 06:07:12.417431,2024-08-29 06:07:12.421420,0 days 00:00:00.003989,0.01435,N95,5,19,1.4x200x0.071,1.1x60x0.1,0.01825153001902801,,,,,,,,,,,,,,,0,FAIL
427,427,,,2024-08-29 06:07:12.421420,2024-08-29 06:07:12.424412,0 days 00:00:00.002992,0.01435,N95,22,4,1.4x200x0.071,1.1x60x0.1,0.016715504616802178,,,,,,,,,,,,,,,0,FAIL
428,428,,,2024-08-29 06:07:12.424412,2024-08-29 06:07:12.426407,0 days 00:00:00.001995,0.012,N95,38,1,1.1x60x0.1,1.1x60x0.1,0.013398852307181214,,,,,,,,,,,,,,,0,FAIL
429,429,,,2024-08-29 06:07:12.426407,2024-08-29 06:07:12.428401,0 days 00:00:00.001994,0.012,N95,16,7,1.1x60x0.1,1.1x60x0.1,0.013113726275486234,,,,,,,,,,,,,,,0,FAIL
430,430,,,2024-08-29 06:07:12.429400,2024-08-29 06:07:12.431394,0 days 00:00:00.001994,0.0149,N95,23,15,1.1x60x0.1,1.4x200x0.071,0.005844586861198045,,,,,,,,,,,,,,,0,FAIL
431,431,,,2024-08-29 06:07:12.431394,2024-08-29 06:07:12.435382,0 days 00:00:00.003988,0.0149,N95,15,16,1.1x60x0.1,1.1x60x0.1,0.018506265039875448,,,,,,,,,,,,,,,0,FAIL
432,432,,,2024-08-29 06:07:12.435382,2024-08-29 06:07:12.437377,0 days 00:00:00.001995,0.012,N95,39,5,1.4x200x0.071,1.1x60x0.1,0.006402546108195446,,,,,,,,,,,,,,,0,FAIL
433,433,,,2024-08-29 06:07:12.438374,2024-08-29 06:07:12.441367,0 days 00:00:00.002993,0.01435,N95,3,20,1.4x200x0.071,1.4x200x0.071,0.006485128337367549,,,,,,,,,,,,,,,0,FAIL
434,434,,,2024-08-29 06:07:12.442364,2024-08-29 06:07:12.446354,0 days 00:00:00.003990,0.0149,N95,28,8,1.1x60x0.1,1.1x60x0.1,0.011801709576494328,,,,,,,,,,,,,,,0,FAIL
435,435,,,2024-08-29 06:07:12.446354,2024-08-29 06:07:12.449345,0 days 00:00:00.002991,0.012,N95,9,4,1.4x200x0.071,1.4x200x0.071,0.009198438522131659,,,,,,,,,,,,,,,0,FAIL
436,436,,,2024-08-29 06:07:12.450342,2024-08-29 06:07:12.452337,0 days 00:00:00.001995,0.01345,N95,30,6,1.4x200x0.071,1.1x60x0.1,0.003283722473402781,,,,,,,,,,,,,,,0,FAIL
437,437,,,2024-08-29 06:07:12.452337,2024-08-29 06:07:12.456326,0 days 00:00:00.003989,0.012,N95,0,4,1.1x60x0.1,1.1x60x0.1,0.007054022317486931,,,,,,,,,,,,,,,0,FAIL
438,438,,,2024-08-29 06:07:12.456326,2024-08-29 06:07:12.459318,0 days 00:00:00.002992,0.012,N95,10,15,1.4x200x0.071,1.4x200x0.071,0.01238672676425832,,,,,,,,,,,,,,,0,FAIL
439,439,,,2024-08-29 06:07:12.459318,2024-08-29 06:07:12.461313,0 days 00:00:00.001995,0.0149,N95,28,12,1.4x200x0.071,1.4x200x0.071,0.011533314620490209,,,,,,,,,,,,,,,0,FAIL
440,440,,,2024-08-29 06:07:12.462310,2024-08-29 06:07:12.465303,0 days 00:00:00.002993,0.0149,N95,18,4,1.1x60x0.1,1.4x200x0.071,0.013740918089581562,,,,,,,,,,,,,,,0,FAIL
441,441,,,2024-08-29 06:07:12.466300,2024-08-29 06:07:12.470289,0 days 00:00:00.003989,0.01435,N95,12,4,1.4x200x0.071,1.4x200x0.071,0.012993635425514006,,,,,,,,,,,,,,,0,FAIL
442,442,,,2024-08-29 06:07:12.470289,2024-08-29 06:07:12.474279,0 days 00:00:00.003990,0.012,N95,18,17,1.4x200x0.071,1.4x200x0.071,0.007033655402065985,,,,,,,,,,,,,,,0,FAIL
443,443,,,2024-08-29 06:07:12.474279,2024-08-29 06:07:12.478268,0 days 00:00:00.003989,0.01345,N95,0,24,1.1x60x0.1,1.1x60x0.1,0.01140101409746586,,,,,,,,,,,,,,,0,FAIL
444,444,,,2024-08-29 06:07:12.478268,2024-08-29 06:07:12.482257,0 days 00:00:00.003989,0.01435,N95,6,17,1.4x200x0.071,1.1x60x0.1,0.014957439351736077,,,,,,,,,,,,,,,0,FAIL
445,445,,,2024-08-29 06:07:12.482257,2024-08-29 06:07:12.484252,0 days 00:00:00.001995,0.012,N95,20,4,1.4x200x0.071,1.4x200x0.071,0.015875029510059858,,,,,,,,,,,,,,,0,FAIL
446,446,,,2024-08-29 06:07:12.485249,2024-08-29 06:07:12.487244,0 days 00:00:00.001995,0.0149,N95,34,12,1.4x200x0.071,1.4x200x0.071,0.006323473959990672,,,,,,,,,,,,,,,0,FAIL
447,447,,,2024-08-29 06:07:12.487244,2024-08-29 06:07:12.490236,0 days 00:00:00.002992,0.01435,N95,24,15,1.4x200x0.071,1.4x200x0.071,0.012256867251954878,,,,,,,,,,,,,,,0,FAIL
448,448,,,2024-08-29 06:07:12.491233,2024-08-29 06:07:12.494225,0 days 00:00:00.002992,0.01435,N95,24,5,1.4x200x0.071,1.4x200x0.071,0.018240839211398522,,,,,,,,,,,,,,,0,FAIL
449,449,,,2024-08-29 06:07:12.494225,2024-08-29 06:07:12.496220,0 days 00:00:00.001995,0.012,N95,13,3,1.1x60x0.1,1.4x200x0.071,0.009050598454140898,,,,,,,,,,,,,,,0,FAIL
450,450,,,2024-08-29 06:07:12.497217,2024-08-29 06:07:12.498215,0 days 00:00:00.000998,0.01345,N95,36,15,1.1x60x0.1,1.1x60x0.1,0.007305012799871332,,,,,,,,,,,,,,,0,FAIL
451,451,,,2024-08-29 06:07:12.499213,2024-08-29 06:07:12.501207,0 days 00:00:00.001994,0.01345,N95,35,3,1.1x60x0.1,1.1x60x0.1,0.006017683043723316,,,,,,,,,,,,,,,0,FAIL
452,452,,,2024-08-29 06:07:12.501207,2024-08-29 06:07:12.503201,0 days 00:00:00.001994,0.0149,N95,21,19,1.4x200x0.071,1.4x200x0.071,0.010510160644928598,,,,,,,,,,,,,,,0,FAIL
453,453,,,2024-08-29 06:07:12.503201,2024-08-29 06:07:12.505196,0 days 00:00:00.001995,0.01345,N95,22,22,1.4x200x0.071,1.1x60x0.1,0.0028862171669572024,,,,,,,,,,,,,,,0,FAIL
454,454,,,2024-08-29 06:07:12.506194,2024-08-29 06:07:12.509186,0 days 00:00:00.002992,0.01435,N95,15,17,1.1x60x0.1,1.4x200x0.071,0.021021742643576202,,,,,,,,,,,,,,,0,FAIL
455,455,,,2024-08-29 06:07:12.509186,2024-08-29 06:07:12.511180,0 days 00:00:00.001994,0.0149,N95,36,23,1.1x60x0.1,1.4x200x0.071,0.012225738793871573,,,,,,,,,,,,,,,0,FAIL
456,456,,,2024-08-29 06:07:12.512177,2024-08-29 06:07:12.515169,0 days 00:00:00.002992,0.012,N95,4,16,1.1x60x0.1,1.4x200x0.071,0.008426101989494141,,,,,,,,,,,,,,,0,FAIL
457,457,,,2024-08-29 06:07:12.515169,2024-08-29 06:07:12.518162,0 days 00:00:00.002993,0.012,N95,7,25,1.4x200x0.071,1.1x60x0.1,0.004763084727643294,,,,,,,,,,,,,,,0,FAIL
458,458,3.53326459813092e-05,320.2497846380792,2024-08-29 06:07:12.518162,2024-08-29 06:07:12.730594,0 days 00:00:00.212432,0.01435,N95,26,8,1.1x60x0.1,1.1x60x0.1,0.020214538052016125,0.00020803972085999589,0.00011971428030050279,3.217217402876327e-05,0.19892379032656934,0.44517878289367047,0.6077420270365651,7.199927798306795e-05,9.82908189428472e-05,6.0,315.97334591412516,1.1035863212965487,3.172852402657422,0.005600000000000001,0.008825,0,COMPLETE
459,459,,,2024-08-29 06:07:12.731590,2024-08-29 06:07:12.736577,0 days 00:00:00.004987,0.01435,N95,9,19,1.1x60x0.1,1.4x200x0.071,0.014952872033714478,,,,,,,,,,,,,,,0,FAIL
460,460,,,2024-08-29 06:07:12.737574,2024-08-29 06:07:12.739569,0 days 00:00:00.001995,0.0149,N95,32,15,1.1x60x0.1,1.4x200x0.071,0.009038509794582133,,,,,,,,,,,,,,,0,FAIL
461,461,,,2024-08-29 06:07:12.740566,2024-08-29 06:07:12.743559,0 days 00:00:00.002993,0.01435,N95,29,11,1.4x200x0.071,1.1x60x0.1,0.021510993284148322,,,,,,,,,,,,,,,0,FAIL
462,462,,,2024-08-29 06:07:12.744556,2024-08-29 06:07:12.746550,0 days 00:00:00.001994,0.0149,N95,29,16,1.1x60x0.1,1.4x200x0.071,0.012603582453439961,,,,,,,,,,,,,,,0,FAIL
463,463,,,2024-08-29 06:07:12.747547,2024-08-29 06:07:12.751537,0 days 00:00:00.003990,0.012,N95,4,7,1.4x200x0.071,1.4x200x0.071,0.013195723482160322,,,,,,,,,,,,,,,0,FAIL
464,464,,,2024-08-29 06:07:12.751537,2024-08-29 06:07:12.756523,0 days 00:00:00.004986,0.0149,N95,24,23,1.4x200x0.071,1.1x60x0.1,0.016751359285012556,,,,,,,,,,,,,,,0,FAIL
465,465,,,2024-08-29 06:07:12.757521,2024-08-29 06:07:12.761510,0 days 00:00:00.003989,0.0149,N95,24,23,1.1x60x0.1,1.4x200x0.071,0.013327373532535769,,,,,,,,,,,,,,,0,FAIL
466,466,,,2024-08-29 06:07:12.761510,2024-08-29 06:07:12.763505,0 days 00:00:00.001995,0.0149,N95,32,7,1.1x60x0.1,1.4x200x0.071,0.009503022013758938,,,,,,,,,,,,,,,0,FAIL
467,467,,,2024-08-29 06:07:12.764503,2024-08-29 06:07:12.766497,0 days 00:00:00.001994,0.01345,N95,30,22,1.4x200x0.071,1.1x60x0.1,0.004261839547015303,,,,,,,,,,,,,,,0,FAIL
468,468,,,2024-08-29 06:07:12.766497,2024-08-29 06:07:12.768492,0 days 00:00:00.001995,0.012,N95,29,10,1.4x200x0.071,1.1x60x0.1,0.007910913067739464,,,,,,,,,,,,,,,0,FAIL
469,469,,,2024-08-29 06:07:12.768492,2024-08-29 06:07:12.770486,0 days 00:00:00.001994,0.01345,N95,39,4,1.1x60x0.1,1.1x60x0.1,0.009457885916174556,,,,,,,,,,,,,,,0,FAIL
470,470,,,2024-08-29 06:07:12.771484,2024-08-29 06:07:12.773479,0 days 00:00:00.001995,0.012,N95,5,25,1.1x60x0.1,1.4x200x0.071,0.005584001202858173,,,,,,,,,,,,,,,0,FAIL
471,471,,,2024-08-29 06:07:12.773479,2024-08-29 06:07:12.775473,0 days 00:00:00.001994,0.0149,N95,37,16,1.1x60x0.1,1.4x200x0.071,0.00667119156640586,,,,,,,,,,,,,,,0,FAIL
472,472,,,2024-08-29 06:07:12.776473,2024-08-29 06:07:12.778466,0 days 00:00:00.001993,0.012,N95,38,0,1.1x60x0.1,1.4x200x0.071,0.007953177428994353,,,,,,,,,,,,,,,0,FAIL
473,473,,,2024-08-29 06:07:12.779462,2024-08-29 06:07:12.782454,0 days 00:00:00.002992,0.01435,N95,29,11,1.4x200x0.071,1.4x200x0.071,0.024622302494604786,,,,,,,,,,,,,,,0,FAIL
