,number,values_0,values_1,datetime_start,datetime_complete,duration,params_core_inner_diameter,params_material,params_n_p_bot,params_n_p_top,params_primary_litz_wire,params_secondary_litz_wire,params_window_h_bot,user_attrs_air_gap_bot,user_attrs_air_gap_top,user_attrs_flux_bot_max,user_attrs_flux_density_bot_max,user_attrs_flux_density_mid_max,user_attrs_flux_density_top_max,user_attrs_flux_mid_max,user_attrs_flux_top_max,user_attrs_n_s_bot,user_attrs_p_hyst,user_attrs_primary_litz_wire_loss,user_attrs_secondary_litz_wire_loss,user_attrs_window_h_top,user_attrs_window_w,system_attrs_nsga2:generation,state
4427,4427,3.7738351458048086e-05,76.14946514529134,2024-08-29 06:12:54.010464,2024-08-29 06:12:54.183003,0 days 00:00:00.172539,0.01435,N95,34,17,1.1x60x0.1,1.1x60x0.1,0.018804970860562924,0.0003973834145955848,0.0006881721063256466,2.412419716454984e-05,0.14916233930188658,0.17329138204744968,0.2859962480172071,2.8026615075868105e-05,4.625450303192809e-05,8.0,70.26361579313662,1.655379481944823,4.2304698702098955,0.009500000000000001,0.008825,21,COMPLETE
4428,4428,,,2024-08-29 06:12:54.184997,2024-08-29 06:12:54.196964,0 days 00:00:00.011967,0.01435,N95,13,23,1.1x60x0.1,1.4x200x0.071,0.02348972231270447,,,,,,,,,,,,,,,21,FAIL
4429,4429,,,2024-08-29 06:12:54.198959,2024-08-29 06:12:54.207935,0 days 00:00:00.008976,0.01435,N95,4,10,1.1x60x0.1,1.4x200x0.071,0.02101462117757869,,,,,,,,,,,,,,,21,FAIL
4430,4430,,,2024-08-29 06:12:54.208933,2024-08-29 06:12:54.214916,0 days 00:00:00.005983,0.01435,N95,19,23,1.1x60x0.1,1.1x60x0.1,0.018041153635366527,,,,,,,,,,,,,,,21,FAIL
4431,4431,,,2024-08-29 06:12:54.216911,2024-08-29 06:12:54.229877,0 days 00:00:00.012966,0.01435,N95,34,9,1.1x60x0.1,1.4x200x0.071,0.008549662974610026,,,,,,,,,,,,,,,21,FAIL
4432,4432,3.6352452146727245e-05,124.07079335306848,2024-08-29 06:12:54.231871,2024-08-29 06:12:54.430340,0 days 00:00:00.198469,0.01435,N95,31,12,1.1x60x0.1,1.1x60x0.1,0.019970261105928047,0.00032376243503778597,0.0003178636648128234,2.7446998889213458e-05,0.16970755682379857,0.2871275625927737,0.40516135135771003,4.643747184298208e-05,6.552721262856479e-05,7.0,118.97342010440684,1.395712112227988,3.7016611364336582,0.006900000000000001,0.008825,21,COMPLETE
4433,4433,,,2024-08-29 06:12:54.432334,2024-08-29 06:12:54.442308,0 days 00:00:00.009974,0.01435,N95,18,16,1.1x60x0.1,1.1x60x0.1,0.0068736828319003246,,,,,,,,,,,,,,,21,FAIL
4434,4434,,,2024-08-29 06:12:54.443306,2024-08-29 06:12:54.454277,0 days 00:00:00.010971,0.01435,N95,23,16,1.1x60x0.1,1.1x60x0.1,0.008348321533763161,,,,,,,,,,,,,,,21,FAIL
4435,4435,3.4708933670552677e-05,111.8655360717039,2024-08-29 06:12:54.456271,2024-08-29 06:12:54.677678,0 days 00:00:00.221407,0.01435,N95,26,15,1.1x60x0.1,1.1x60x0.1,0.016968859012407245,0.00022074505509436416,0.0005082272858830169,3.217217402876327e-05,0.19892379032656934,0.2264526379304322,0.3241290810861681,3.662444630081682e-05,5.242177010285185e-05,6.0,107.36188839924769,1.3307952697987795,3.172852402657422,0.0082,0.008825,21,COMPLETE
4436,4436,,,2024-08-29 06:12:54.678676,2024-08-29 06:12:54.685661,0 days 00:00:00.006985,0.01435,N95,31,16,1.4x200x0.071,1.4x200x0.071,0.01557845041997376,,,,,,,,,,,,,,,21,FAIL
4437,4437,4.345394844559792e-05,123.11748168745943,2024-08-29 06:12:54.686655,2024-08-29 06:12:54.908064,0 days 00:00:00.221409,0.01435,N95,23,18,1.4x200x0.071,1.1x60x0.1,0.021621867336818645,0.00020080208309542893,0.0009424571950271523,3.7605450211454966e-05,0.2325182838533611,0.25775464892926464,0.27010756757180665,4.168695664033649e-05,4.368480841904319e-05,5.0,119.7218357253908,0.7516022931874482,2.644043668881184,0.0126,0.008825,21,COMPLETE
4438,4438,4.175532926540193e-05,132.85168509115763,2024-08-29 06:12:54.909060,2024-08-29 06:12:55.151415,0 days 00:00:00.242355,0.01435,N95,23,16,1.1x60x0.1,1.1x60x0.1,0.02426342392947293,0.00019139449095736472,0.0006533138571469244,3.7605450211454966e-05,0.2325182838533611,0.26116078818512467,0.30387101351828255,4.223783547049466e-05,4.91454094714236e-05,5.0,128.9417629949069,1.2658784273695707,2.644043668881184,0.0082,0.008825,21,COMPLETE
4439,4439,,,2024-08-29 06:12:55.154403,2024-08-29 06:12:55.167369,0 days 00:00:00.012966,0.01435,N95,23,17,1.1x60x0.1,1.4x200x0.071,0.008469080570657548,,,,,,,,,,,,,,,21,FAIL
4440,4440,,,2024-08-29 06:12:55.170361,2024-08-29 06:12:55.182329,0 days 00:00:00.011968,0.01435,N95,23,21,1.4x200x0.071,1.1x60x0.1,0.01802599520020004,,,,,,,,,,,,,,,21,FAIL
4441,4441,3.8581604598183417e-05,76.28397643288812,2024-08-29 06:12:55.184323,2024-08-29 06:12:55.452605,0 days 00:00:00.268282,0.01435,N95,31,19,1.1x60x0.1,1.1x60x0.1,0.019677922810171465,0.00034728167358244477,0.0010117129334537983,2.7446998889213458e-05,0.16970755682379857,0.19217302775419035,0.25589137980486953,3.1080365412263017e-05,4.1385607975935666e-05,7.0,70.95939423572425,1.622921060730219,3.7016611364336582,0.009500000000000001,0.008825,21,COMPLETE
4442,4442,,,2024-08-29 06:12:55.454600,2024-08-29 06:12:55.467566,0 days 00:00:00.012966,0.01435,N95,23,20,1.1x60x0.1,1.1x60x0.1,0.009201800293712257,,,,,,,,,,,,,,,21,FAIL
4443,4443,,,2024-08-29 06:12:55.468563,2024-08-29 06:12:55.478536,0 days 00:00:00.009973,0.0149,N95,31,21,1.1x60x0.1,1.1x60x0.1,0.007433807347021808,,,,,,,,,,,,,,,21,FAIL
4444,4444,3.390060718762756e-05,152.15706815298708,2024-08-29 06:12:55.479534,2024-08-29 06:12:55.732196,0 days 00:00:00.252662,0.01435,N95,23,12,1.1x60x0.1,1.1x60x0.1,0.017432063813427677,0.00018041827188645539,0.00032911264543173427,3.7605450211454966e-05,0.2325182838533611,0.2934226347842534,0.40516135135771003,4.745558112863077e-05,6.552721262856479e-05,5.0,148.37697974159474,1.1360447425111533,2.644043668881184,0.006900000000000001,0.008825,21,COMPLETE
4445,4445,,,2024-08-29 06:12:55.735188,2024-08-29 06:12:55.748153,0 days 00:00:00.012965,0.0149,N95,26,25,1.1x60x0.1,1.1x60x0.1,0.008096581004290697,,,,,,,,,,,,,,,21,FAIL
4446,4446,4.026243713182393e-05,211.3949718396588,2024-08-29 06:12:55.751146,2024-08-29 06:12:55.960585,0 days 00:00:00.209439,0.01435,N95,18,16,1.1x60x0.1,1.1x60x0.1,0.022717953137211172,0.0001083238503153544,0.0006157428614636193,4.7697476639721074e-05,0.2949182990774419,0.32112243970180376,0.30387101351828255,5.193550252419244e-05,4.91454094714236e-05,4.0,208.1761505832573,1.1035863212965487,2.1152349351049478,0.0082,0.008825,21,COMPLETE
4447,4447,,,2024-08-29 06:12:55.962580,2024-08-29 06:12:55.975545,0 days 00:00:00.012965,0.0149,N95,17,21,1.1x60x0.1,1.1x60x0.1,0.007353363647580329,,,,,,,,,,,,,,,21,FAIL
4448,4448,,,2024-08-29 06:12:55.978537,2024-08-29 06:12:55.990507,0 days 00:00:00.011970,0.01435,N95,26,2,1.1x60x0.1,1.1x60x0.1,0.006432622601112763,,,,,,,,,,,,,,,21,FAIL
4449,4449,,,2024-08-29 06:12:55.992500,2024-08-29 06:12:56.001476,0 days 00:00:00.008976,0.01435,N95,18,12,1.1x60x0.1,1.1x60x0.1,0.010781589717493233,,,,,,,,,,,,,,,21,FAIL
4450,4450,4.1884712995370577e-05,109.01216797210111,2024-08-29 06:12:56.003470,2024-08-29 06:12:56.271752,0 days 00:00:00.268282,0.01435,N95,27,16,1.1x60x0.1,1.1x60x0.1,0.024397364467548636,0.0002549481122773887,0.0006438482856079794,3.179831775981402e-05,0.19661219938496108,0.224300044235449,0.30387101351828255,3.627630483993612e-05,4.91454094714236e-05,6.0,104.4436034572157,1.395712112227988,3.172852402657422,0.0082,0.008825,21,COMPLETE
4451,4451,,,2024-08-29 06:12:56.274745,2024-08-29 06:12:56.286827,0 days 00:00:00.012082,0.01435,N95,8,15,1.1x60x0.1,1.4x200x0.071,0.011083447329080159,,,,,,,,,,,,,,,21,FAIL
4452,4452,3.8267992185722014e-05,97.75794024524325,2024-08-29 06:12:56.288821,2024-08-29 06:12:56.504507,0 days 00:00:00.215686,0.01435,N95,26,23,1.1x60x0.1,1.1x60x0.1,0.018053265179088493,0.00023265146145506582,0.0017154285024184803,3.217217402876327e-05,0.19892379032656934,0.2151282360034201,0.2113885311431531,3.4792937716703374e-05,3.418811093664251e-05,6.0,92.9946252030702,1.5904626395156145,3.172852402657422,0.0108,0.008825,21,COMPLETE
4453,4453,4.262957828635597e-05,55.56547722877955,2024-08-29 06:12:56.507554,2024-08-29 06:12:56.790797,0 days 00:00:00.283243,0.01435,N95,39,23,1.1x60x0.1,1.1x60x0.1,0.02256846341401337,0.0005751810669886013,0.0017604151359143965,2.144811601917549e-05,0.13261586021771274,0.15049452765135674,0.2113885311431531,2.4339653522725416e-05,3.418811093664251e-05,9.0,48.79377650948795,2.0124221153054713,4.759278603986133,0.0108,0.008825,21,COMPLETE
4454,4454,,,2024-08-29 06:12:56.792791,2024-08-29 06:12:56.800770,0 days 00:00:00.007979,0.012,N95,23,17,1.1x60x0.1,1.1x60x0.1,0.005949526993520676,,,,,,,,,,,,,,,21,FAIL
4455,4455,4.0885945464611514e-05,193.14039528213667,2024-08-29 06:12:56.801768,2024-08-29 06:12:56.999239,0 days 00:00:00.197471,0.01435,N95,22,12,1.1x60x0.1,1.1x60x0.1,0.024663421014883988,0.00014746842684345906,0.00030116888011185903,3.850162050919795e-05,0.23805939500878825,0.27378969412627924,0.40516135135771003,4.4280322993302734e-05,6.552721262856479e-05,5.0,189.39276529195894,1.1035863212965487,2.644043668881184,0.006900000000000001,0.008825,21,COMPLETE
4456,4456,4.4162404550611104e-05,221.31399908317835,2024-08-29 06:12:57.000237,2024-08-29 06:12:57.277401,0 days 00:00:00.277164,0.0149,N95,18,12,1.1x60x0.1,1.1x60x0.1,0.01856690222841475,0.00011156419854926444,0.0003293750966240331,4.7697476639721074e-05,0.27354764849229546,0.30733092077942065,0.37580216375369596,5.358813901466696e-05,6.552721262856479e-05,4.0,217.77364561664618,1.1160383271585799,2.4243151393735944,0.005600000000000001,0.01105,21,COMPLETE
4457,4457,,,2024-08-29 06:12:57.279396,2024-08-29 06:12:57.288372,0 days 00:00:00.008976,0.01435,N95,23,22,1.1x60x0.1,1.4x200x0.071,0.016119370210591642,,,,,,,,,,,,,,,21,FAIL
4458,4458,,,2024-08-29 06:12:57.290367,2024-08-29 06:12:57.305327,0 days 00:00:00.014960,0.01435,N95,39,4,1.1x60x0.1,1.1x60x0.1,0.01588908364561465,,,,,,,,,,,,,,,21,FAIL
4459,4459,,,2024-08-29 06:12:57.306325,2024-08-29 06:12:57.314303,0 days 00:00:00.007978,0.01435,N95,26,21,1.4x200x0.071,1.1x60x0.1,0.011319767972986165,,,,,,,,,,,,,,,21,FAIL
4460,4460,,,2024-08-29 06:12:57.315300,2024-08-29 06:12:57.324275,0 days 00:00:00.008975,0.01435,N95,31,21,1.1x60x0.1,1.1x60x0.1,0.009417858290577313,,,,,,,,,,,,,,,21,FAIL
4461,4461,,,2024-08-29 06:12:57.326269,2024-08-29 06:12:57.341229,0 days 00:00:00.014960,0.01435,N95,22,21,1.1x60x0.1,1.1x60x0.1,0.007759013817539464,,,,,,,,,,,,,,,21,FAIL
4462,4462,,,2024-08-29 06:12:57.343224,2024-08-29 06:12:57.355194,0 days 00:00:00.011970,0.01435,N95,39,23,1.4x200x0.071,1.1x60x0.1,0.009695780944279664,,,,,,,,,,,,,,,21,FAIL
4463,4463,,,2024-08-29 06:12:57.357187,2024-08-29 06:12:57.366163,0 days 00:00:00.008976,0.01435,N95,26,21,1.1x60x0.1,1.1x60x0.1,0.012163960161395596,,,,,,,,,,,,,,,21,FAIL
4464,4464,4.063822830700389e-05,199.66664412535775,2024-08-29 06:12:57.367161,2024-08-29 06:12:57.546680,0 days 00:00:00.179519,0.01435,N95,18,19,1.1x60x0.1,1.4x200x0.071,0.021806979425291622,0.00011548275027204698,0.0009841289413065521,4.7697476639721074e-05,0.2949182990774419,0.3163293752928493,0.25589137980486953,5.1160314689480466e-05,4.1385607975935666e-05,4.0,197.27104692370418,1.2009615849403619,1.1946356167132055,0.009500000000000001,0.008825,21,COMPLETE
4465,4465,,,2024-08-29 06:12:57.549672,2024-08-29 06:12:57.558688,0 days 00:00:00.009016,0.01435,N95,34,15,1.1x60x0.1,1.1x60x0.1,0.012591135521684008,,,,,,,,,,,,,,,21,FAIL
4466,4466,,,2024-08-29 06:12:57.559684,2024-08-29 06:12:57.564671,0 days 00:00:00.004987,0.012,N95,34,24,1.1x60x0.1,1.1x60x0.1,0.015047054476087666,,,,,,,,,,,,,,,21,FAIL
4467,4467,3.1879452287810046e-05,170.83868958478556,2024-08-29 06:12:57.565670,2024-08-29 06:12:57.792070,0 days 00:00:00.226400,0.01435,N95,18,16,1.1x60x0.1,1.1x60x0.1,0.014039725194951391,0.00011420629761940224,0.0006157428614636193,4.7697476639721074e-05,0.2949182990774419,0.32112243970180376,0.30387101351828255,5.193550252419244e-05,4.91454094714236e-05,4.0,167.61986832838406,1.1035863212965487,2.1152349351049478,0.0082,0.008825,21,COMPLETE
4468,4468,,,2024-08-29 06:12:57.795063,2024-08-29 06:12:57.810022,0 days 00:00:00.014959,0.01435,N95,23,10,1.1x60x0.1,1.1x60x0.1,0.007174573346469464,,,,,,,,,,,,,,,21,FAIL
4469,4469,,,2024-08-29 06:12:57.812016,2024-08-29 06:12:57.827974,0 days 00:00:00.015958,0.01435,N95,7,10,1.1x60x0.1,1.1x60x0.1,0.009041021876249855,,,,,,,,,,,,,,,21,FAIL
4470,4470,3.8605937478471765e-05,164.7472216612937,2024-08-29 06:12:57.829970,2024-08-29 06:12:58.049382,0 days 00:00:00.219412,0.01435,N95,23,12,1.1x60x0.1,1.1x60x0.1,0.022303112678167564,0.00017734542871174913,0.00032911264543173427,3.7605450211454966e-05,0.2325182838533611,0.2934226347842534,0.40516135135771003,4.745558112863077e-05,6.552721262856479e-05,5.0,160.96713324990137,1.1360447425111533,2.644043668881184,0.006900000000000001,0.008825,21,COMPLETE
4471,4471,,,2024-08-29 06:12:58.051376,2024-08-29 06:12:58.065339,0 days 00:00:00.013963,0.01435,N95,37,14,1.1x60x0.1,1.1x60x0.1,0.017104039830620553,,,,,,,,,,,,,,,21,FAIL
4472,4472,3.560238378306183e-05,182.23656589216876,2024-08-29 06:12:58.067335,2024-08-29 06:12:58.291734,0 days 00:00:00.224399,0.01435,N95,31,10,1.1x60x0.1,1.1x60x0.1,0.019193775838056613,0.0003174137355952971,0.00021233537147857752,2.7446998889213458e-05,0.16970755682379857,0.3680567811867238,0.48619362162925206,5.952624770202837e-05,7.863265515427775e-05,7.0,177.2041094859363,1.3307952697987795,3.7016611364336582,0.006900000000000001,0.008825,21,COMPLETE
4473,4473,3.791381049750394e-05,179.6703208162944,2024-08-29 06:12:58.293728,2024-08-29 06:12:58.513256,0 days 00:00:00.219528,0.01435,N95,18,21,1.1x60x0.1,1.1x60x0.1,0.01768660944959308,0.00012265166472617573,0.0013418720270640101,4.7697476639721074e-05,0.2949182990774419,0.31398315818524236,0.23152077220440578,5.078085829076981e-05,3.744412150203703e-05,4.0,176.2892074538199,1.2658784273695707,2.1152349351049478,0.0108,0.008825,21,COMPLETE
4474,4474,,,2024-08-29 06:12:58.516314,2024-08-29 06:12:58.537391,0 days 00:00:00.021077,0.01435,N95,31,8,1.4x200x0.071,1.4x200x0.071,0.017095700798189714,,,,,,,,,,,,,,,22,FAIL
4475,4475,,,2024-08-29 06:12:58.540382,2024-08-29 06:12:58.558335,0 days 00:00:00.017953,0.01435,N95,6,23,1.1x60x0.1,1.1x60x0.1,0.012350997759077574,,,,,,,,,,,,,,,22,FAIL
4476,4476,3.852805484509958e-05,187.00044905099378,2024-08-29 06:12:58.560329,2024-08-29 06:12:58.794702,0 days 00:00:00.234373,0.01435,N95,31,10,1.1x60x0.1,1.1x60x0.1,0.022222487070734924,0.00031619925539108504,0.00021233537147857752,2.7446998889213458e-05,0.16970755682379857,0.3680567811867238,0.48619362162925206,5.952624770202837e-05,7.863265515427775e-05,7.0,181.96799264476132,1.3307952697987795,3.7016611364336582,0.006900000000000001,0.008825,22,COMPLETE
4477,4477,3.4954141223012964e-05,97.73161483436203,2024-08-29 06:12:58.796696,2024-08-29 06:12:58.999155,0 days 00:00:00.202459,0.01435,N95,23,21,1.1x60x0.1,1.1x60x0.1,0.014622702610243822,0.00021635799246383993,0.0014156377304357555,3.7605450211454966e-05,0.2325182838533611,0.2538619183511389,0.23152077220440578,4.105738083444143e-05,3.744412150203703e-05,5.0,93.65940063203826,1.4281705334425925,2.644043668881184,0.0108,0.008825,22,COMPLETE
4478,4478,,,2024-08-29 06:12:59.003144,2024-08-29 06:12:59.015167,0 days 00:00:00.012023,0.01435,N95,23,20,1.1x60x0.1,1.4x200x0.071,0.016665815700807454,,,,,,,,,,,,,,,22,FAIL
4479,4479,,,2024-08-29 06:12:59.016166,2024-08-29 06:12:59.029176,0 days 00:00:00.013010,0.01435,N95,11,21,1.1x60x0.1,1.1x60x0.1,0.016091032868648356,,,,,,,,,,,,,,,22,FAIL
4480,4480,,,2024-08-29 06:12:59.031171,2024-08-29 06:12:59.045230,0 days 00:00:00.014059,0.01435,N95,39,23,1.1x60x0.1,1.1x60x0.1,0.006863558104108618,,,,,,,,,,,,,,,22,FAIL
4481,4481,,,2024-08-29 06:12:59.047225,2024-08-29 06:12:59.058265,0 days 00:00:00.011040,0.012,N95,23,9,1.4x200x0.071,1.1x60x0.1,0.006630179201005129,,,,,,,,,,,,,,,22,FAIL
4482,4482,,,2024-08-29 06:12:59.060320,2024-08-29 06:12:59.070280,0 days 00:00:00.009960,0.01435,N95,12,20,1.1x60x0.1,1.4x200x0.071,0.01677827979005584,,,,,,,,,,,,,,,22,FAIL
4483,4483,4.0937074334097354e-05,77.67644710465247,2024-08-29 06:12:59.071278,2024-08-29 06:12:59.280931,0 days 00:00:00.209653,0.01435,N95,34,18,1.1x60x0.1,1.1x60x0.1,0.02211635060882749,0.00039769554025026086,0.0008020568736040902,2.412419716454984e-05,0.14916233930188658,0.17168849298586847,0.27010756757180665,2.776737797932308e-05,4.368480841904319e-05,8.0,71.75813933128313,1.6878379031594277,4.2304698702098955,0.009500000000000001,0.008825,22,COMPLETE
4484,4484,,,2024-08-29 06:12:59.284010,2024-08-29 06:12:59.293983,0 days 00:00:00.009973,0.012,N95,22,8,1.1x60x0.1,1.1x60x0.1,0.012577589246476586,,,,,,,,,,,,,,,22,FAIL
4485,4485,,,2024-08-29 06:12:59.295978,2024-08-29 06:12:59.303962,0 days 00:00:00.007984,0.01435,N95,35,21,1.1x60x0.1,1.1x60x0.1,0.011382695510776267,,,,,,,,,,,,,,,22,FAIL
4486,4486,,,2024-08-29 06:12:59.305952,2024-08-29 06:12:59.312934,0 days 00:00:00.006982,0.01435,N95,39,23,1.1x60x0.1,1.1x60x0.1,0.0071523385860558794,,,,,,,,,,,,,,,22,FAIL
4487,4487,4.175007829849317e-05,223.35247230104957,2024-08-29 06:12:59.313931,2024-08-29 06:12:59.572239,0 days 00:00:00.258308,0.01435,N95,18,15,1.1x60x0.1,1.1x60x0.1,0.024257988027034903,0.00010508080858186221,0.0005246583744754121,4.7697476639721074e-05,0.2949182990774419,0.32316612325531974,0.3241290810861681,5.2266029822287344e-05,5.242177010285185e-05,4.0,220.1661094658627,1.0711279000819447,2.1152349351049478,0.0082,0.008825,22,COMPLETE
4488,4488,,,2024-08-29 06:12:59.573238,2024-08-29 06:12:59.581216,0 days 00:00:00.007978,0.01435,N95,23,4,1.1x60x0.1,1.1x60x0.1,0.009306861129356482,,,,,,,,,,,,,,,22,FAIL
4489,4489,,,2024-08-29 06:12:59.582217,2024-08-29 06:12:59.590191,0 days 00:00:00.007974,0.01435,N95,39,12,1.1x60x0.1,1.1x60x0.1,0.007792856909460082,,,,,,,,,,,,,,,22,FAIL
4490,4490,,,2024-08-29 06:12:59.592185,2024-08-29 06:12:59.606149,0 days 00:00:00.013964,0.01435,N95,23,20,1.1x60x0.1,1.4x200x0.071,0.016175764752651645,,,,,,,,,,,,,,,22,FAIL
4491,4491,,,2024-08-29 06:12:59.608143,2024-08-29 06:12:59.622106,0 days 00:00:00.013963,0.01435,N95,23,22,1.1x60x0.1,1.1x60x0.1,0.00651915276297477,,,,,,,,,,,,,,,22,FAIL
4492,4492,3.631189931858564e-05,84.9609811718151,2024-08-29 06:12:59.624101,2024-08-29 06:12:59.860467,0 days 00:00:00.236366,0.01435,N95,34,15,1.1x60x0.1,1.1x60x0.1,0.018628280034404643,0.00039567844350907663,0.0004919656916685144,2.412419716454984e-05,0.14916233930188658,0.18647743278770848,0.3241290810861681,3.0159210269591635e-05,5.242177010285185e-05,8.0,79.14004866208958,1.5904626395156145,4.2304698702098955,0.0082,0.008825,22,COMPLETE
4493,4493,,,2024-08-29 06:12:59.862462,2024-08-29 06:12:59.872436,0 days 00:00:00.009974,0.01435,N95,31,11,1.1x60x0.1,1.1x60x0.1,0.015687561770454946,,,,,,,,,,,,,,,22,FAIL
4494,4494,3.479581967974495e-05,105.40268670447936,2024-08-29 06:12:59.874431,2024-08-29 06:13:00.131161,0 days 00:00:00.256730,0.01435,N95,23,18,1.1x60x0.1,1.1x60x0.1,0.0157588050885119,0.00020424270665761354,0.0008998346701759908,3.7605450211454966e-05,0.2325182838533611,0.25775464892926464,0.27010756757180665,4.168695664033649e-05,4.368480841904319e-05,5.0,101.4278477657994,1.3307952697987795,2.644043668881184,0.009500000000000001,0.008825,22,COMPLETE
4495,4495,3.893350148622338e-05,105.04773595122649,2024-08-29 06:13:00.132154,2024-08-29 06:13:00.334686,0 days 00:00:00.202532,0.01435,N95,26,20,1.1x60x0.1,1.1x60x0.1,0.0200422132703604,0.00022685363964915537,0.0011032071986435662,3.217217402876327e-05,0.19892379032656934,0.21827790371636818,0.24309681081462603,3.53023371084372e-05,3.931632757713888e-05,6.0,100.38179617269726,1.4930873758718013,3.172852402657422,0.009500000000000001,0.008825,22,COMPLETE
4496,4496,3.378012845250751e-05,141.91386173723902,2024-08-29 06:13:00.336680,2024-08-29 06:13:00.531160,0 days 00:00:00.194480,0.01435,N95,26,12,1.1x60x0.1,1.1x60x0.1,0.017307341898140725,0.0002159093267620618,0.00029565163374893665,3.217217402876327e-05,0.19892379032656934,0.24285573640879518,0.40516135135771003,3.927733833545221e-05,6.552721262856479e-05,6.0,137.50758932842663,1.2334200061549663,3.172852402657422,0.006900000000000001,0.008825,22,COMPLETE
4497,4497,,,2024-08-29 06:13:00.533154,2024-08-29 06:13:00.543128,0 days 00:00:00.009974,0.01435,N95,39,14,1.1x60x0.1,1.1x60x0.1,0.008102303159615909,,,,,,,,,,,,,,,22,FAIL
4498,4498,3.984187006245084e-05,109.04820328026494,2024-08-29 06:13:00.545122,2024-08-29 06:13:00.760545,0 days 00:00:00.215423,0.01435,N95,26,19,1.1x60x0.1,1.1x60x0.1,0.02098257397800464,0.00022474284329214523,0.0009568675715486862,3.217217402876327e-05,0.19892379032656934,0.21956865122385197,0.25589137980486953,3.551109119144451e-05,4.1385607975935666e-05,6.0,104.41472192295032,1.460628954657197,3.172852402657422,0.009500000000000001,0.008825,22,COMPLETE
4499,4499,,,2024-08-29 06:13:00.762540,2024-08-29 06:13:00.774574,0 days 00:00:00.012034,0.0149,N95,31,15,1.1x60x0.1,1.1x60x0.1,0.009689592343599483,,,,,,,,,,,,,,,22,FAIL
4500,4500,,,2024-08-29 06:13:00.777566,2024-08-29 06:13:00.788597,0 days 00:00:00.011031,0.0149,N95,34,21,1.1x60x0.1,1.4x200x0.071,0.008315054119169574,,,,,,,,,,,,,,,22,FAIL
4501,4501,3.6792999346986236e-05,100.47037378550283,2024-08-29 06:13:00.791589,2024-08-29 06:13:01.018681,0 days 00:00:00.227092,0.01435,N95,23,23,1.1x60x0.1,1.1x60x0.1,0.016526324082816513,0.00022312214584518063,0.0018519608078286175,3.7605450211454966e-05,0.2325182838533611,0.25183092848429073,0.2113885311431531,4.072890650093097e-05,3.418811093664251e-05,5.0,96.33324274074985,1.4930873758718013,2.644043668881184,0.0108,0.008825,22,COMPLETE
4502,4502,,,2024-08-29 06:13:01.019687,2024-08-29 06:13:01.031703,0 days 00:00:00.012016,0.012,N95,21,15,1.1x60x0.1,1.1x60x0.1,0.009802734073684587,,,,,,,,,,,,,,,22,FAIL
4503,4503,,,2024-08-29 06:13:01.033698,2024-08-29 06:13:01.045665,0 days 00:00:00.011967,0.01435,N95,34,16,1.1x60x0.1,1.1x60x0.1,0.008349897163923342,,,,,,,,,,,,,,,22,FAIL
4504,4504,,,2024-08-29 06:13:01.048657,2024-08-29 06:13:01.058632,0 days 00:00:00.009975,0.01345,N95,39,23,1.1x60x0.1,1.1x60x0.1,0.008905272379683762,,,,,,,,,,,,,,,22,FAIL
