,number,values_0,values_1,datetime_start,datetime_complete,duration,params_core_inner_diameter,params_material,params_n_p_bot,params_n_p_top,params_primary_litz_wire,params_secondary_litz_wire,params_window_h_bot,user_attrs_air_gap_bot,user_attrs_air_gap_top,user_attrs_flux_bot_max,user_attrs_flux_density_bot_max,user_attrs_flux_density_mid_max,user_attrs_flux_density_top_max,user_attrs_flux_mid_max,user_attrs_flux_top_max,user_attrs_n_s_bot,user_attrs_p_hyst,user_attrs_primary_litz_wire_loss,user_attrs_secondary_litz_wire_loss,user_attrs_window_h_top,user_attrs_window_w,system_attrs_nsga2:generation,state
5143,5143,,,2024-08-29 15:58:18.537063,2024-08-29 15:58:18.552024,0 days 00:00:00.014961,0.01435,N95,23,17,1.1x60x0.1,1.1x60x0.1,0.0078022429685460195,,,,,,,,,,,,,,,26,FAIL
5144,5144,3.527723441169178e-05,12187.796847499565,2024-08-29 15:58:18.556014,2024-08-29 15:58:18.828595,0 days 00:00:00.272581,0.01435,N95,27,16,1.1x60x0.1,1.1x60x0.1,0.017557174924117624,0.00025856338883429604,0.0006438482856079794,0.0003657773033793024,2.2616378842968516,2.3110746358317384,0.0494662435054239,0.0003737727662205544,8.000232611660214e-06,6.0,12183.22828298468,1.395712112227988,3.172852402657422,0.0082,0.008825,26,COMPLETE
5145,5145,3.8872387017610284e-05,17713.890978027932,2024-08-29 15:58:18.833542,2024-08-29 15:58:19.111778,0 days 00:00:00.278236,0.01435,N95,23,19,1.1x60x0.1,1.1x60x0.1,0.019978946391192264,0.00020567275570396523,0.0010396193713557691,0.0004389327640551628,2.7139654611562216,2.6841762661025412,0.029692441348129074,0.0004341149231831865,4.802192783591173e-06,5.0,17709.883680668037,1.363253691013384,2.644043668881184,0.009500000000000001,0.008825,26,COMPLETE
5146,5146,4.086194335272493e-05,27538.77493007092,2024-08-29 15:58:19.115770,2024-08-29 15:58:19.426440,0 days 00:00:00.310670,0.0149,N95,18,21,1.1x60x0.1,1.4x200x0.071,0.013325638054705807,0.00013607132565377904,0.0013622163292402783,0.000548665955068954,3.1466293898638718,3.181566089730906,0.03495754169201556,0.0005547577362813366,6.095415323169739e-06,4.0,27535.896041098422,1.4508498253061541,1.4280391471899618,0.0082,0.01105,26,COMPLETE
5147,5147,3.764650917813077e-05,16621.33843541612,2024-08-29 15:58:19.430430,2024-08-29 15:58:19.708674,0 days 00:00:00.278244,0.01435,N95,23,23,1.1x60x0.1,1.1x60x0.1,0.017409893957205713,0.000222654900620624,0.0018519608078286175,0.00043893276405516273,2.7139654611562216,2.689356995677094,0.02452853850497599,0.00043495280855222583,3.9670288212274586e-06,5.0,16617.201304371367,1.4930873758718013,2.644043668881184,0.0108,0.008825,26,COMPLETE
5148,5148,,,2024-08-29 15:58:19.711667,2024-08-29 15:58:19.727624,0 days 00:00:00.015957,0.01435,N95,39,23,1.1x60x0.1,1.1x60x0.1,0.010774065231832565,,,,,,,,,,,,,,,26,FAIL
5149,5149,4.06778821583337e-05,17972.710580857103,2024-08-29 15:58:19.730614,2024-08-29 15:58:20.005962,0 days 00:00:00.275348,0.01435,N95,23,22,1.1x60x0.1,1.1x60x0.1,0.020548029858643443,0.00021698687564561611,0.0016223126231755265,0.0004389327640551628,2.7139654611562216,2.688238429064407,0.025643472073384264,0.00043477190148391055,4.147348313101478e-06,5.0,17968.605908233563,1.460628954657197,2.644043668881184,0.0108,0.008825,26,COMPLETE
5150,5150,2.9272496419237247e-05,15533.832345491974,2024-08-29 15:58:20.010950,2024-08-29 15:58:20.315135,0 days 00:00:00.304185,0.01435,N95,22,12,1.1x60x0.1,1.1x60x0.1,0.012640954090880775,0.00015523142619907563,0.00030116888011185903,0.0004389327640551628,2.7139654611562216,2.8929630240842457,0.1789975629280239,0.0004678822463457972,2.89494822906344e-05,5.0,15530.084715501796,1.1035863212965487,2.644043668881184,0.006900000000000001,0.008825,26,COMPLETE
5151,5151,,,2024-08-29 15:58:20.317128,2024-08-29 15:58:20.335083,0 days 00:00:00.017955,0.01435,N95,31,23,1.4x200x0.071,1.1x60x0.1,0.011405555882600067,,,,,,,,,,,,,,,26,FAIL
5152,5152,,,2024-08-29 15:58:20.337076,2024-08-29 15:58:20.353032,0 days 00:00:00.015956,0.01435,N95,26,25,1.1x60x0.1,1.1x60x0.1,0.024598258833474676,,,,,,,,,,,,,,,26,FAIL
5153,5153,,,2024-08-29 15:58:20.356029,2024-08-29 15:58:20.370986,0 days 00:00:00.014957,0.012,N95,23,9,1.1x60x0.1,1.1x60x0.1,0.009062282098201467,,,,,,,,,,,,,,,26,FAIL
5154,5154,,,2024-08-29 15:58:20.372980,2024-08-29 15:58:20.382954,0 days 00:00:00.009974,0.01435,N95,39,12,1.1x60x0.1,1.1x60x0.1,0.009542581635918094,,,,,,,,,,,,,,,26,FAIL
5155,5155,,,2024-08-29 15:58:20.384949,2024-08-29 15:58:20.398911,0 days 00:00:00.013962,0.01435,N95,26,12,1.1x60x0.1,1.4x200x0.071,0.015869221988372158,,,,,,,,,,,,,,,26,FAIL
5156,5156,,,2024-08-29 15:58:20.401901,2024-08-29 15:58:20.412873,0 days 00:00:00.010972,0.01435,N95,18,16,1.1x60x0.1,1.1x60x0.1,0.008217040626953933,,,,,,,,,,,,,,,26,FAIL
5157,5157,3.749012090939291e-05,17621.29133763168,2024-08-29 15:58:20.414870,2024-08-29 15:58:20.655732,0 days 00:00:00.240862,0.01435,N95,23,14,1.1x60x0.1,1.1x60x0.1,0.019847997798634984,0.0001865382576370585,0.0004732077210331388,0.0004389327640551628,2.7139654611562216,2.673537267869084,0.04029688468674673,0.00043239426572890926,6.517261634873755e-06,5.0,17617.446332377855,1.2009615849403619,2.644043668881184,0.0082,0.008825,26,COMPLETE
5158,5158,3.3935230429733704e-05,29675.180426545132,2024-08-29 15:58:20.658724,2024-08-29 15:58:20.970889,0 days 00:00:00.312165,0.01435,N95,18,12,1.1x60x0.1,1.1x60x0.1,0.0174679064628763,0.0001032902268159286,0.000306709972857329,0.000548665955068954,3.3924568264452803,3.4583724951584625,0.06595499134056497,0.0005593265721906234,1.0666976815546916e-05,4.0,29672.09143897359,0.9737526364381314,2.1152349351049478,0.006900000000000001,0.008825,26,COMPLETE
5159,5159,4.2092498075547335e-05,5543.991408453535,2024-08-29 15:58:20.974880,2024-08-29 15:58:21.244159,0 days 00:00:00.269279,0.01435,N95,39,23,1.1x60x0.1,1.1x60x0.1,0.022012467598751626,0.0005749451868001142,0.0017604151359143965,0.0002438515355862015,1.507758589531234,1.6404814551336266,0.13272286560239277,0.0002653169577096508,2.1465422123449336e-05,9.0,5537.2197077342435,2.0124221153054713,4.759278603986133,0.0108,0.008825,26,COMPLETE
5160,5160,,,2024-08-29 15:58:21.248148,2024-08-29 15:58:21.263108,0 days 00:00:00.014960,0.01345,N95,26,21,1.1x60x0.1,1.1x60x0.1,0.007424220702540862,,,,,,,,,,,,,,,26,FAIL
5161,5161,,,2024-08-29 15:58:21.266098,2024-08-29 15:58:21.284051,0 days 00:00:00.017953,0.01345,N95,40,23,1.1x60x0.1,1.1x60x0.1,0.005961371808657651,,,,,,,,,,,,,,,26,FAIL
5162,5162,,,2024-08-29 15:58:21.287044,2024-08-29 15:58:21.302002,0 days 00:00:00.014958,0.01345,N95,23,10,1.4x200x0.071,1.1x60x0.1,0.0032179928271731735,,,,,,,,,,,,,,,26,FAIL
5163,5163,,,2024-08-29 15:58:21.303997,2024-08-29 15:58:21.318957,0 days 00:00:00.014960,0.01435,N95,39,23,1.1x60x0.1,1.1x60x0.1,0.011858787253484077,,,,,,,,,,,,,,,26,FAIL
5164,5164,,,2024-08-29 15:58:21.321950,2024-08-29 15:58:21.335917,0 days 00:00:00.013967,0.01435,N95,20,23,1.1x60x0.1,1.1x60x0.1,0.009726425064934206,,,,,,,,,,,,,,,26,FAIL
5165,5165,3.5520091273748175e-05,16215.611557679513,2024-08-29 15:58:21.338904,2024-08-29 15:58:21.589236,0 days 00:00:00.250332,0.01435,N95,23,19,1.1x60x0.1,1.1x60x0.1,0.016508585041812428,0.00020767182961724888,0.0010396193713557691,0.0004389327640551628,2.7139654611562216,2.6841762661025412,0.029692441348129074,0.0004341149231831865,4.802192783591173e-06,5.0,16211.604260319618,1.363253691013384,2.644043668881184,0.009500000000000001,0.008825,26,COMPLETE
5166,5166,,,2024-08-29 15:58:21.593225,2024-08-29 15:58:21.612174,0 days 00:00:00.018949,0.01435,N95,38,11,1.1x60x0.1,1.1x60x0.1,0.011631839474507922,,,,,,,,,,,,,,,26,FAIL
5167,5167,,,2024-08-29 15:58:21.614169,2024-08-29 15:58:21.635113,0 days 00:00:00.020944,0.01435,N95,39,23,1.1x60x0.1,1.1x60x0.1,0.016683955048140707,,,,,,,,,,,,,,,26,FAIL
5168,5168,,,2024-08-29 15:58:21.638105,2024-08-29 15:58:21.656056,0 days 00:00:00.017951,0.0149,N95,31,21,1.1x60x0.1,1.1x60x0.1,0.010005629108794753,,,,,,,,,,,,,,,26,FAIL
5169,5169,,,2024-08-29 15:58:21.660047,2024-08-29 15:58:21.680990,0 days 00:00:00.020943,0.01435,N95,20,5,1.1x60x0.1,1.1x60x0.1,0.018806605813982157,,,,,,,,,,,,,,,26,FAIL
5170,5170,,,2024-08-29 15:58:21.683981,2024-08-29 15:58:21.704973,0 days 00:00:00.020992,0.01435,N95,28,16,1.1x60x0.1,1.1x60x0.1,0.018017398315052235,,,,,,,,,,,,,,,26,FAIL
5171,5171,,,2024-08-29 15:58:21.706967,2024-08-29 15:58:21.717938,0 days 00:00:00.010971,0.01345,N95,18,16,1.1x60x0.1,1.1x60x0.1,0.007584809445015425,,,,,,,,,,,,,,,26,FAIL
5172,5172,,,2024-08-29 15:58:21.718935,2024-08-29 15:58:21.732897,0 days 00:00:00.013962,0.01435,N95,8,23,1.1x60x0.1,1.1x60x0.1,0.013453654074469853,,,,,,,,,,,,,,,26,FAIL
5173,5173,,,2024-08-29 15:58:21.734893,2024-08-29 15:58:21.746860,0 days 00:00:00.011967,0.01435,N95,31,12,1.1x60x0.1,1.1x60x0.1,0.007963301986154898,,,,,,,,,,,,,,,26,FAIL
5174,5174,,,2024-08-29 15:58:21.748855,2024-08-29 15:58:21.770800,0 days 00:00:00.021945,0.01435,N95,23,13,1.1x60x0.1,1.1x60x0.1,0.010183044858842513,,,,,,,,,,,,,,,26,FAIL
5175,5175,3.5035012833416234e-05,15998.724196493757,2024-08-29 15:58:21.772792,2024-08-29 15:58:22.058034,0 days 00:00:00.285242,0.01435,N95,22,23,1.1x60x0.1,1.1x60x0.1,0.01470642246447192,0.00017449788985835545,0.0017378557254499054,0.0004389327640551628,2.7139654611562216,2.8073554939882346,0.09339003283201278,0.0004540368417720156,1.5104077716852781e-05,5.0,15994.619523870218,1.460628954657197,2.644043668881184,0.0108,0.008825,26,COMPLETE
5176,5176,3.519125212954386e-05,29586.74314881801,2024-08-29 15:58:22.062023,2024-08-29 15:58:22.390147,0 days 00:00:00.328124,0.01435,N95,18,16,1.1x60x0.1,1.1x60x0.1,0.017468164403717103,0.0001119249919613852,0.0006157428614636193,0.000548665955068954,3.3924568264452803,3.4418935779801663,0.049466243505423696,0.000556661417910206,8.000232611660182e-06,4.0,29583.52432756161,1.1035863212965487,2.1152349351049478,0.0082,0.008825,26,COMPLETE
5177,5177,,,2024-08-29 15:58:22.394137,2024-08-29 15:58:22.405108,0 days 00:00:00.010971,0.01435,N95,23,22,1.1x60x0.1,1.1x60x0.1,0.011469879709112688,,,,,,,,,,,,,,,26,FAIL
5178,5178,4.3359268751047366e-05,18361.811558910184,2024-08-29 15:58:22.408099,2024-08-29 15:58:22.701325,0 days 00:00:00.293226,0.01435,N95,23,16,1.4x200x0.071,1.1x60x0.1,0.021523853086989717,0.00019315204897316448,0.0006850687707484366,0.0004389327640551628,2.7139654611562216,2.6785907920299765,0.035259774100903196,0.000433211578019691,5.7026039305145055e-06,5.0,18358.45257647461,0.7149387666904994,2.644043668881184,0.0126,0.008825,26,COMPLETE
5179,5179,4.3228173313769945e-05,6952.295490094807,2024-08-29 15:58:22.704317,2024-08-29 15:58:22.989722,0 days 00:00:00.285405,0.0149,N95,34,16,1.1x60x0.1,1.1x60x0.1,0.016519263838541017,0.0004299921642024255,0.0006174778751082754,0.000274332977534477,1.5733146949319359,1.8158334503739095,0.24251875544197363,0.00031662006256753865,4.228708503306168e-05,8.0,6945.586795937463,1.8600638785976336,4.848630278747189,0.006900000000000001,0.01105,26,COMPLETE
5180,5180,4.310743996169803e-05,19062.05664163783,2024-08-29 15:58:22.993712,2024-08-29 15:58:23.345320,0 days 00:00:00.351608,0.01435,N95,23,23,1.1x60x0.1,1.1x60x0.1,0.02306315505674606,0.00021938588108186147,0.0018519608078286175,0.00043893276405516273,2.7139654611562216,2.689356995677094,0.02452853850497599,0.00043495280855222583,3.9670288212274586e-06,5.0,19057.919510593078,1.4930873758718013,2.644043668881184,0.0108,0.008825,26,COMPLETE
5181,5181,,,2024-08-29 15:58:23.348313,2024-08-29 15:58:23.370255,0 days 00:00:00.021942,0.01435,N95,23,8,1.1x60x0.1,1.1x60x0.1,0.007994067071763245,,,,,,,,,,,,,,,26,FAIL
5182,5182,,,2024-08-29 15:58:23.374243,2024-08-29 15:58:23.390200,0 days 00:00:00.015957,0.01435,N95,18,24,1.1x60x0.1,1.1x60x0.1,0.00983971480524738,,,,,,,,,,,,,,,26,FAIL
5183,5183,,,2024-08-29 15:58:23.394189,2024-08-29 15:58:23.410147,0 days 00:00:00.015958,0.01435,N95,33,15,1.1x60x0.1,1.1x60x0.1,0.015900848776278682,,,,,,,,,,,,,,,26,FAIL
5184,5184,,,2024-08-29 15:58:23.412141,2024-08-29 15:58:23.429097,0 days 00:00:00.016956,0.0149,N95,18,15,1.1x60x0.1,1.1x60x0.1,0.005009170600291973,,,,,,,,,,,,,,,26,FAIL
5185,5185,,,2024-08-29 15:58:23.431094,2024-08-29 15:58:23.447048,0 days 00:00:00.015954,0.01435,N95,31,6,1.1x60x0.1,1.1x60x0.1,0.02352106851490106,,,,,,,,,,,,,,,26,FAIL
5186,5186,4.4926051257277655e-05,7547.362923596172,2024-08-29 15:58:23.450039,2024-08-29 15:58:23.740692,0 days 00:00:00.290653,0.01435,N95,35,23,1.1x60x0.1,1.1x60x0.1,0.02494581662122189,0.0004567760878203134,0.00178310606209997,0.000274332977534477,1.6962284132226402,1.8043682583435452,0.10813984512090505,0.00029182255940380346,1.7489581869326452e-05,8.0,7541.249865295515,1.882588430447054,4.2304698702098955,0.0108,0.008825,26,COMPLETE
5187,5187,,,2024-08-29 15:58:23.745677,2024-08-29 15:58:23.764629,0 days 00:00:00.018952,0.01435,N95,34,15,1.4x200x0.071,1.4x200x0.071,0.009231952064483927,,,,,,,,,,,,,,,26,FAIL
5188,5188,4.3917174957211824e-05,34310.71466342103,2024-08-29 15:58:23.767135,2024-08-29 15:58:24.080808,0 days 00:00:00.313673,0.01435,N95,18,15,1.4x200x0.071,1.1x60x0.1,0.023701408375182066,0.00010546974428115841,0.0005373333356593385,0.000548665955068954,3.3924568264452803,3.4451893614158253,0.052763993072452026,0.0005571944487662894,8.53358145243754e-06,4.0,34307.99448029872,0.6049481871996533,2.1152349351049478,0.011,0.008825,26,COMPLETE
5189,5189,3.7116399080167176e-05,17463.504935316254,2024-08-29 15:58:24.083800,2024-08-29 15:58:24.382527,0 days 00:00:00.298727,0.01435,N95,23,15,1.1x60x0.1,1.1x60x0.1,0.019461113737484,0.00019059948481622786,0.000558029934821185,0.0004389327640551628,2.7139654611562216,2.6762324807548934,0.03761042570763012,0.0004328301656173262,6.082777525882146e-06,5.0,17459.627471641215,1.2334200061549663,2.644043668881184,0.0082,0.008825,26,COMPLETE
5190,5190,3.4820236786725964e-05,15350.819437791555,2024-08-29 15:58:24.386501,2024-08-29 15:58:24.735595,0 days 00:00:00.349094,0.01435,N95,23,21,1.1x60x0.1,1.1x60x0.1,0.01448408214960823,0.00021642664751741195,0.0014156377304357555,0.00043893276405516273,2.7139654611562216,2.6870133322981298,0.026864589791164042,0.0004345737651709938,4.344841089915765e-06,5.0,15346.747223589231,1.4281705334425925,2.644043668881184,0.0108,0.008825,26,COMPLETE
5191,5191,,,2024-08-29 15:58:24.738559,2024-08-29 15:58:24.754517,0 days 00:00:00.015958,0.01435,N95,15,21,1.1x60x0.1,1.1x60x0.1,0.022774035727248718,,,,,,,,,,,,,,,26,FAIL
5192,5192,3.4604865747965724e-05,16349.013932654985,2024-08-29 15:58:24.758536,2024-08-29 15:58:25.044740,0 days 00:00:00.286204,0.01435,N95,23,16,1.1x60x0.1,1.1x60x0.1,0.016861125887453313,0.0001959719614930424,0.0006533138571469244,0.0004389327640551628,2.7139654611562216,2.6785907920299765,0.035259774100903196,0.000433211578019691,5.7026039305145055e-06,5.0,16345.104010558734,1.2658784273695707,2.644043668881184,0.0082,0.008825,26,COMPLETE
5193,5193,,,2024-08-29 15:58:25.048730,2024-08-29 15:58:25.067680,0 days 00:00:00.018950,0.01435,N95,18,15,1.1x60x0.1,1.1x60x0.1,0.01017867865808009,,,,,,,,,,,,,,,26,FAIL
5194,5194,4.865608752812816e-05,7194.383666649814,2024-08-29 15:58:25.071668,2024-08-29 15:58:25.359919,0 days 00:00:00.288251,0.0149,N95,34,21,1.1x60x0.1,1.1x60x0.1,0.019563067474690988,0.0004347893480536175,0.0012941356890876715,0.000274332977534477,1.5733146949319359,1.7580908895543923,0.18477619462245612,0.0003065517089882383,3.2218731453761284e-05,8.0,7187.488966104609,2.0460702664573964,4.848630278747189,0.0082,0.01105,26,COMPLETE
5195,5195,3.6940064499218075e-05,7587.424380721589,2024-08-29 15:58:25.361892,2024-08-29 15:58:25.722926,0 days 00:00:00.361034,0.01435,N95,34,12,1.1x60x0.1,1.1x60x0.1,0.02057856877097701,0.00039280415514447367,0.0002846887138734379,0.000274332977534477,1.6962284132226402,2.044848817472928,0.3486204042502881,0.0003307157575785591,5.638278004408213e-05,8.0,7581.700823475507,1.4930873758718013,4.2304698702098955,0.006900000000000001,0.008825,26,COMPLETE
5196,5196,,,2024-08-29 15:58:25.725918,2024-08-29 15:58:25.744868,0 days 00:00:00.018950,0.01435,N95,27,23,1.1x60x0.1,1.1x60x0.1,0.011218362645928938,,,,,,,,,,,,,,,26,FAIL
5197,5197,,,2024-08-29 15:58:25.747860,2024-08-29 15:58:25.771798,0 days 00:00:00.023938,0.012,N95,34,21,1.1x60x0.1,1.1x60x0.1,0.014640165675274042,,,,,,,,,,,,,,,26,FAIL
5198,5198,,,2024-08-29 15:58:25.778779,2024-08-29 15:58:25.797728,0 days 00:00:00.018949,0.01435,N95,18,21,1.1x60x0.1,1.1x60x0.1,0.007578403186590859,,,,,,,,,,,,,,,26,FAIL
5199,5199,,,2024-08-29 15:58:25.800718,2024-08-29 15:58:25.818670,0 days 00:00:00.017952,0.01435,N95,23,16,1.4x200x0.071,1.1x60x0.1,0.013017606147442334,,,,,,,,,,,,,,,26,FAIL
5200,5200,,,2024-08-29 15:58:25.821662,2024-08-29 15:58:25.844601,0 days 00:00:00.022939,0.01435,N95,14,16,1.1x60x0.1,1.1x60x0.1,0.012566627042170332,,,,,,,,,,,,,,,26,FAIL
5201,5201,,,2024-08-29 15:58:25.847594,2024-08-29 15:58:25.869047,0 days 00:00:00.021453,0.01435,N95,34,6,1.1x60x0.1,1.1x60x0.1,0.008055810892280066,,,,,,,,,,,,,,,26,FAIL
5202,5202,,,2024-08-29 15:58:25.873094,2024-08-29 15:58:25.896010,0 days 00:00:00.022916,0.01435,N95,2,23,1.1x60x0.1,1.1x60x0.1,0.021451154992968423,,,,,,,,,,,,,,,26,FAIL
5203,5203,,,2024-08-29 15:58:25.899007,2024-08-29 15:58:25.915958,0 days 00:00:00.016951,0.01435,N95,34,22,1.1x60x0.1,1.1x60x0.1,0.016698893793747206,,,,,,,,,,,,,,,26,FAIL
5204,5204,,,2024-08-29 15:58:25.917956,2024-08-29 15:58:25.936285,0 days 00:00:00.018329,0.01435,N95,34,18,1.1x60x0.1,1.4x200x0.071,0.022882126702036265,,,,,,,,,,,,,,,26,FAIL
5205,5205,,,2024-08-29 15:58:25.938276,2024-08-29 15:58:25.949248,0 days 00:00:00.010972,0.012,N95,23,16,1.1x60x0.1,1.1x60x0.1,0.010362307856062201,,,,,,,,,,,,,,,26,FAIL
5206,5206,,,2024-08-29 15:58:25.951242,2024-08-29 15:58:25.963209,0 days 00:00:00.011967,0.01435,N95,29,20,1.1x60x0.1,1.1x60x0.1,0.02094997434865785,,,,,,,,,,,,,,,26,FAIL
5207,5207,3.9823798843479845e-05,31159.168539690032,2024-08-29 15:58:25.966203,2024-08-29 15:58:26.248555,0 days 00:00:00.282352,0.01435,N95,18,23,1.1x60x0.1,1.1x60x0.1,0.019663866302833694,0.00012569826380525107,0.0017604151359143986,0.000548665955068954,3.3924568264452803,3.426847610121723,0.03441129982986006,0.0005542280161759119,5.565379208111447e-06,4.0,31155.72250948513,1.3307952697987795,2.1152349351049478,0.0108,0.008825,26,COMPLETE
5208,5208,,,2024-08-29 15:58:26.251550,2024-08-29 15:58:26.268500,0 days 00:00:00.016950,0.0149,N95,35,23,1.1x60x0.1,1.4x200x0.071,0.008347141135103472,,,,,,,,,,,,,,,26,FAIL
5209,5209,,,2024-08-29 15:58:26.271491,2024-08-29 15:58:26.293436,0 days 00:00:00.021945,0.01435,N95,1,23,1.1x60x0.1,1.1x60x0.1,0.022816493625800308,,,,,,,,,,,,,,,26,FAIL
5210,5210,,,2024-08-29 15:58:26.296425,2024-08-29 15:58:26.315375,0 days 00:00:00.018950,0.01435,N95,26,14,1.1x60x0.1,1.1x60x0.1,0.012428288753221575,,,,,,,,,,,,,,,26,FAIL
5211,5211,,,2024-08-29 15:58:26.317368,2024-08-29 15:58:26.331331,0 days 00:00:00.013963,0.01435,N95,23,23,1.1x60x0.1,1.1x60x0.1,0.009730698372111227,,,,,,,,,,,,,,,26,FAIL
5212,5212,3.696509052972741e-05,29936.2521789992,2024-08-29 15:58:26.333326,2024-08-29 15:58:26.650475,0 days 00:00:00.317149,0.01435,N95,18,20,1.1x60x0.1,1.1x60x0.1,0.01800447620147952,0.00012025634089593692,0.001133686992593742,0.0005486659550689541,3.392456826445281,3.43200622767319,0.039572994804338485,0.0005550623253419557,6.4001860893280685e-06,4.0,29932.90352405794,1.2334200061549663,2.1152349351049478,0.009500000000000001,0.008825,26,COMPLETE
5213,5213,,,2024-08-29 15:58:26.653466,2024-08-29 15:58:26.673414,0 days 00:00:00.019948,0.01435,N95,34,14,1.1x60x0.1,1.1x60x0.1,0.015621798873556256,,,,,,,,,,,,,,,26,FAIL
5214,5214,3.1600371343020456e-05,24750.750827094733,2024-08-29 15:58:26.679396,2024-08-29 15:58:27.052796,0 days 00:00:00.373400,0.01435,N95,18,21,1.1x60x0.1,1.1x60x0.1,0.011150815206648755,0.0001268614917202571,0.0013418720270640101,0.000548665955068954,3.3924568264452803,3.4301229228528136,0.037688566480323295,0.0005547577362813366,6.095415323169739e-06,4.0,24747.36971373226,1.2658784273695707,2.1152349351049478,0.0108,0.008825,26,COMPLETE
5215,5215,,,2024-08-29 15:58:27.055789,2024-08-29 15:58:27.078728,0 days 00:00:00.022939,0.01345,N95,23,23,1.4x200x0.071,1.1x60x0.1,0.006843754962768435,,,,,,,,,,,,,,,27,FAIL
5216,5216,,,2024-08-29 15:58:27.081719,2024-08-29 15:58:27.103662,0 days 00:00:00.021943,0.01435,N95,31,20,1.1x60x0.1,1.4x200x0.071,0.01635458292241338,,,,,,,,,,,,,,,27,FAIL
5217,5217,,,2024-08-29 15:58:27.107652,2024-08-29 15:58:27.128594,0 days 00:00:00.020942,0.012,N95,26,23,1.4x200x0.071,1.1x60x0.1,0.0049865075036438465,,,,,,,,,,,,,,,27,FAIL
5218,5218,,,2024-08-29 15:58:27.131588,2024-08-29 15:58:27.145549,0 days 00:00:00.013961,0.01435,N95,18,9,1.1x60x0.1,1.1x60x0.1,0.007166659254316234,,,,,,,,,,,,,,,27,FAIL
5219,5219,,,2024-08-29 15:58:27.149549,2024-08-29 15:58:27.170483,0 days 00:00:00.020934,0.01435,N95,34,15,1.1x60x0.1,1.1x60x0.1,0.011120379736607879,,,,,,,,,,,,,,,27,FAIL
5220,5220,,,2024-08-29 15:58:27.173480,2024-08-29 15:58:27.194419,0 days 00:00:00.020939,0.01435,N95,36,16,1.1x60x0.1,1.1x60x0.1,0.012425800170629213,,,,,,,,,,,,,,,27,FAIL
5221,5221,4.094807240792268e-05,19184.109409092132,2024-08-29 15:58:27.198407,2024-08-29 15:58:27.506276,0 days 00:00:00.307869,0.01435,N95,23,16,1.1x60x0.1,1.1x60x0.1,0.023427736027429327,0.00019193705089488264,0.0006533138571469244,0.0004389327640551628,2.7139654611562216,2.6785907920299765,0.035259774100903196,0.000433211578019691,5.7026039305145055e-06,5.0,19180.19948699588,1.2658784273695707,2.644043668881184,0.0082,0.008825,27,COMPLETE
5222,5222,,,2024-08-29 15:58:27.512259,2024-08-29 15:58:27.532206,0 days 00:00:00.019947,0.01435,N95,39,15,1.4x200x0.071,1.4x200x0.071,0.020957271418211465,,,,,,,,,,,,,,,27,FAIL
5223,5223,,,2024-08-29 15:58:27.537193,2024-08-29 15:58:27.557141,0 days 00:00:00.019948,0.01435,N95,18,23,1.1x60x0.1,1.4x200x0.071,0.01055525302572808,,,,,,,,,,,,,,,27,FAIL
