,number,values_0,values_1,datetime_start,datetime_complete,duration,params_core_inner_diameter,params_material,params_n_p_bot,params_n_p_top,params_primary_litz_wire,params_secondary_litz_wire,params_window_h_bot,user_attrs_air_gap_bot,user_attrs_air_gap_top,user_attrs_flux_bot_max,user_attrs_flux_density_bot_max,user_attrs_flux_density_mid_max,user_attrs_flux_density_top_max,user_attrs_flux_mid_max,user_attrs_flux_top_max,user_attrs_n_s_bot,user_attrs_p_hyst,user_attrs_primary_litz_wire_loss,user_attrs_secondary_litz_wire_loss,user_attrs_window_h_top,user_attrs_window_w,system_attrs_nsga2:generation,state
4505,4505,,,2024-08-29 06:13:01.060627,2024-08-29 06:13:01.071597,0 days 00:00:00.010970,0.01435,N95,18,24,1.1x60x0.1,1.1x60x0.1,0.01229766297812341,,,,,,,,,,,,,,,22,FAIL
4506,4506,3.2529387314692776e-05,185.47168015870113,2024-08-29 06:13:01.074589,2024-08-29 06:13:01.277049,0 days 00:00:00.202460,0.01435,N95,18,14,1.1x60x0.1,1.1x60x0.1,0.014712550497143682,0.00010944846606679357,0.0004436730499310024,4.7697476639721074e-05,0.2949182990774419,0.3255017616021952,0.3472811583066086,5.264377530582438e-05,5.616618225305554e-05,4.0,182.31777574472883,1.03866947886734,2.1152349351049478,0.0082,0.008825,22,COMPLETE
4507,4507,,,2024-08-29 06:13:01.279042,2024-08-29 06:13:01.285026,0 days 00:00:00.005984,0.01435,N95,27,18,1.1x60x0.1,1.1x60x0.1,0.006815819691856851,,,,,,,,,,,,,,,22,FAIL
4508,4508,,,2024-08-29 06:13:01.286024,2024-08-29 06:13:01.298990,0 days 00:00:00.012966,0.01435,N95,31,21,1.1x60x0.1,1.1x60x0.1,0.014679368753420892,,,,,,,,,,,,,,,22,FAIL
4509,4509,,,2024-08-29 06:13:01.301981,2024-08-29 06:13:01.312951,0 days 00:00:00.010970,0.01435,N95,23,15,1.1x60x0.1,1.1x60x0.1,0.007949548355716807,,,,,,,,,,,,,,,22,FAIL
4510,4510,3.6893210667123876e-05,191.05013143961008,2024-08-29 06:13:01.314946,2024-08-29 06:13:01.537351,0 days 00:00:00.222405,0.01435,N95,18,15,1.4x200x0.071,1.1x60x0.1,0.016430064778372014,0.00011046054239166482,0.0005373333356593385,4.7697476639721074e-05,0.2949182990774419,0.32316612325531974,0.3241290810861681,5.2266029822287344e-05,5.242177010285185e-05,4.0,188.32994831730548,0.6049481871996533,2.1152349351049478,0.011,0.008825,22,COMPLETE
4511,4511,,,2024-08-29 06:13:01.540343,2024-08-29 06:13:01.551412,0 days 00:00:00.011069,0.01435,N95,31,21,1.1x60x0.1,1.1x60x0.1,0.009386521242876283,,,,,,,,,,,,,,,22,FAIL
4512,4512,,,2024-08-29 06:13:01.552410,2024-08-29 06:13:01.557458,0 days 00:00:00.005048,0.01435,N95,31,21,1.1x60x0.1,1.1x60x0.1,0.01272240098672166,,,,,,,,,,,,,,,22,FAIL
4513,4513,,,2024-08-29 06:13:01.558394,2024-08-29 06:13:01.567428,0 days 00:00:00.009034,0.012,N95,23,16,1.1x60x0.1,1.1x60x0.1,0.014582870147122323,,,,,,,,,,,,,,,22,FAIL
4514,4514,,,2024-08-29 06:13:01.569477,2024-08-29 06:13:01.581490,0 days 00:00:00.012013,0.01435,N95,34,14,1.4x200x0.071,1.1x60x0.1,0.008707834755289674,,,,,,,,,,,,,,,22,FAIL
4515,4515,,,2024-08-29 06:13:01.584482,2024-08-29 06:13:01.594495,0 days 00:00:00.010013,0.01435,N95,23,12,1.1x60x0.1,1.1x60x0.1,0.007518313493429572,,,,,,,,,,,,,,,22,FAIL
4516,4516,4.200036497434623e-05,65.68999254650845,2024-08-29 06:13:01.595493,2024-08-29 06:13:01.802109,0 days 00:00:00.206616,0.01435,N95,35,21,1.1x60x0.1,1.1x60x0.1,0.021917089631580247,0.0004507615769534622,0.0013601390922537504,2.409555951986295e-05,0.1489852698622507,0.16887838958443657,0.23152077220440578,2.7312896715311033e-05,3.744412150203703e-05,8.0,59.64185108828071,1.817671588017845,4.2304698702098955,0.0108,0.008825,22,COMPLETE
4517,4517,4.75561654503297e-05,114.13418514380183,2024-08-29 06:13:01.805162,2024-08-29 06:13:02.005627,0 days 00:00:00.200465,0.0149,N95,26,16,1.1x60x0.1,1.1x60x0.1,0.01998283147015283,0.0002394838388594477,0.0006365907134070507,3.217217402876327e-05,0.18450918523275067,0.2081476190607654,0.281851622815272,3.629391900272192e-05,4.91454094714236e-05,6.0,108.93525877671944,1.5624536580220119,3.6364727090603917,0.006900000000000001,0.01105,22,COMPLETE
4518,4518,,,2024-08-29 06:13:02.007621,2024-08-29 06:13:02.019589,0 days 00:00:00.011968,0.01435,N95,13,15,1.4x200x0.071,1.1x60x0.1,0.012512603505380155,,,,,,,,,,,,,,,22,FAIL
4519,4519,,,2024-08-29 06:13:02.021583,2024-08-29 06:13:02.031557,0 days 00:00:00.009974,0.01345,N95,23,20,1.1x60x0.1,1.1x60x0.1,0.005908611528373704,,,,,,,,,,,,,,,22,FAIL
4520,4520,3.774434946301153e-05,219.65365832784346,2024-08-29 06:13:02.032555,2024-08-29 06:13:02.244985,0 days 00:00:00.212430,0.01435,N95,23,10,1.1x60x0.1,1.1x60x0.1,0.0214111801112344,0.00017033477401031248,0.00022091928676453533,3.7605450211454966e-05,0.2325182838533611,0.3743518533782035,0.48619362162925206,6.054435698767706e-05,7.863265515427775e-05,5.0,215.93848675888034,1.0711279000819447,2.644043668881184,0.006900000000000001,0.008825,22,COMPLETE
4521,4521,,,2024-08-29 06:13:02.245983,2024-08-29 06:13:02.256012,0 days 00:00:00.010029,0.01435,N95,39,23,1.1x60x0.1,1.1x60x0.1,0.017102616653126068,,,,,,,,,,,,,,,22,FAIL
4522,4522,4.085223686047333e-05,104.23364565769225,2024-08-29 06:13:02.257018,2024-08-29 06:13:02.472721,0 days 00:00:00.215703,0.01435,N95,26,23,1.1x60x0.1,1.1x60x0.1,0.0207285252163385,0.00023117841594593076,0.0017154285024184803,3.217217402876327e-05,0.19892379032656934,0.2151282360034201,0.2113885311431531,3.4792937716703374e-05,3.418811093664251e-05,6.0,99.4703306155192,1.5904626395156145,3.172852402657422,0.0108,0.008825,22,COMPLETE
4523,4523,,,2024-08-29 06:13:02.475776,2024-08-29 06:13:02.486749,0 days 00:00:00.010973,0.01345,N95,25,12,1.1x60x0.1,1.1x60x0.1,0.006373923614054597,,,,,,,,,,,,,,,22,FAIL
4524,4524,4.43284718050147e-05,113.83977229954488,2024-08-29 06:13:02.488743,2024-08-29 06:13:02.796918,0 days 00:00:00.308175,0.01435,N95,26,22,1.1x60x0.1,1.1x60x0.1,0.02432719082183829,0.00022746255708651328,0.0014994680971686842,3.217217402876327e-05,0.19892379032656934,0.21605327614762482,0.22099710074056916,3.4942545526076445e-05,3.574211597921717e-05,6.0,109.10891567858644,1.5580042183010103,3.172852402657422,0.0108,0.008825,22,COMPLETE
4525,4525,,,2024-08-29 06:13:02.798915,2024-08-29 06:13:02.808886,0 days 00:00:00.009971,0.01435,N95,31,21,1.4x200x0.071,1.1x60x0.1,0.01674902816811002,,,,,,,,,,,,,,,22,FAIL
4526,4526,,,2024-08-29 06:13:02.810881,2024-08-29 06:13:02.817863,0 days 00:00:00.006982,0.01435,N95,30,16,1.1x60x0.1,1.4x200x0.071,0.008587266536212997,,,,,,,,,,,,,,,22,FAIL
4527,4527,,,2024-08-29 06:13:02.818860,2024-08-29 06:13:02.830828,0 days 00:00:00.011968,0.01435,N95,31,16,1.1x60x0.1,1.4x200x0.071,0.0075426031437820385,,,,,,,,,,,,,,,22,FAIL
4528,4528,,,2024-08-29 06:13:02.833819,2024-08-29 06:13:02.846785,0 days 00:00:00.012966,0.01435,N95,31,23,1.1x60x0.1,1.1x60x0.1,0.006594002016779834,,,,,,,,,,,,,,,22,FAIL
4529,4529,,,2024-08-29 06:13:02.847783,2024-08-29 06:13:02.853766,0 days 00:00:00.005983,0.01435,N95,23,8,1.1x60x0.1,1.1x60x0.1,0.007829566004097906,,,,,,,,,,,,,,,22,FAIL
4530,4530,,,2024-08-29 06:13:02.854764,2024-08-29 06:13:02.862742,0 days 00:00:00.007978,0.01435,N95,22,20,1.1x60x0.1,1.4x200x0.071,0.006916794993278735,,,,,,,,,,,,,,,22,FAIL
4531,4531,,,2024-08-29 06:13:02.863740,2024-08-29 06:13:02.869723,0 days 00:00:00.005983,0.01435,N95,31,13,1.1x60x0.1,1.4x200x0.071,0.012047258995729603,,,,,,,,,,,,,,,22,FAIL
4532,4532,3.691032254057107e-05,71.64651997504988,2024-08-29 06:13:02.870722,2024-08-29 06:13:03.056225,0 days 00:00:00.185503,0.01435,N95,34,18,1.1x60x0.1,1.1x60x0.1,0.01794777932051387,0.00039831430529653017,0.0008020568736040902,2.412419716454984e-05,0.14916233930188658,0.17168849298586847,0.27010756757180665,2.776737797932308e-05,4.368480841904319e-05,8.0,65.72821220168055,1.6878379031594277,4.2304698702098955,0.009500000000000001,0.008825,22,COMPLETE
4533,4533,,,2024-08-29 06:13:03.058222,2024-08-29 06:13:03.065243,0 days 00:00:00.007021,0.01435,N95,31,20,1.1x60x0.1,1.1x60x0.1,0.011827618193539188,,,,,,,,,,,,,,,22,FAIL
4534,4534,,,2024-08-29 06:13:03.066240,2024-08-29 06:13:03.072226,0 days 00:00:00.005986,0.01435,N95,36,19,1.1x60x0.1,1.1x60x0.1,0.015107641344626275,,,,,,,,,,,,,,,22,FAIL
4535,4535,4.216979645699655e-05,115.8872874206009,2024-08-29 06:13:03.073223,2024-08-29 06:13:03.265916,0 days 00:00:00.192693,0.01435,N95,23,21,1.1x60x0.1,1.4x200x0.071,0.02209248837730081,0.0002121583625862102,0.0014156377304357555,3.7605450211454966e-05,0.2325182838533611,0.2538619183511389,0.23152077220440578,4.105738083444143e-05,3.744412150203703e-05,5.0,112.96582236626679,1.4281705334425925,1.493294520891507,0.0108,0.008825,22,COMPLETE
4536,4536,,,2024-08-29 06:13:03.267911,2024-08-29 06:13:03.281874,0 days 00:00:00.013963,0.012,N95,27,21,1.1x60x0.1,1.1x60x0.1,0.0077510428301347965,,,,,,,,,,,,,,,22,FAIL
4537,4537,3.7204851871698634e-05,233.28220524944052,2024-08-29 06:13:03.283869,2024-08-29 06:13:03.511260,0 days 00:00:00.227391,0.01435,N95,18,12,1.1x60x0.1,1.1x60x0.1,0.02085268177694996,0.00010096694024597871,0.000306709972857329,4.7697476639721074e-05,0.2949182990774419,0.33134085746938374,0.40516135135771003,5.358813901466696e-05,6.552721262856479e-05,4.0,230.19321767789745,0.9737526364381314,2.1152349351049478,0.006900000000000001,0.008825,22,COMPLETE
4538,4538,,,2024-08-29 06:13:03.513255,2024-08-29 06:13:03.519238,0 days 00:00:00.005983,0.01435,N95,9,25,1.1x60x0.1,1.1x60x0.1,0.015699563100307116,,,,,,,,,,,,,,,22,FAIL
4539,4539,3.863988217192898e-05,130.45147849113596,2024-08-29 06:13:03.520236,2024-08-29 06:13:03.739649,0 days 00:00:00.219413,0.01435,N95,22,23,1.1x60x0.1,1.1x60x0.1,0.0184382528809394,0.0001722379850428555,0.0017378557254499054,3.850162050919795e-05,0.23805939500878825,0.25439752132440074,0.2113885311431531,4.114400452101916e-05,3.418811093664251e-05,5.0,126.34680586759757,1.460628954657197,2.644043668881184,0.0108,0.008825,22,COMPLETE
4540,4540,,,2024-08-29 06:13:03.742641,2024-08-29 06:13:03.752677,0 days 00:00:00.010036,0.01435,N95,34,2,1.1x60x0.1,1.1x60x0.1,0.015721561421149513,,,,,,,,,,,,,,,22,FAIL
4541,4541,3.1445638820047745e-05,145.58839248515733,2024-08-29 06:13:03.754671,2024-08-29 06:13:03.963299,0 days 00:00:00.208628,0.01435,N95,23,12,1.1x60x0.1,1.1x60x0.1,0.01489063310809742,0.00018191622008620077,0.00032911264543173427,3.7605450211454966e-05,0.2325182838533611,0.2934226347842534,0.40516135135771003,4.745558112863077e-05,6.552721262856479e-05,5.0,141.808304073765,1.1360447425111533,2.644043668881184,0.006900000000000001,0.008825,22,COMPLETE
4542,4542,3.5633445548912925e-05,178.82474510153068,2024-08-29 06:13:03.965294,2024-08-29 06:13:04.160771,0 days 00:00:00.195477,0.01435,N95,23,11,1.1x60x0.1,1.1x60x0.1,0.019225931578447507,0.00017552221063119828,0.0002715692605415267,3.7605450211454966e-05,0.2325182838533611,0.330208643236049,0.4419942014811383,5.3405024700924555e-05,7.148423195843433e-05,5.0,175.07711511135295,1.1035863212965487,2.644043668881184,0.006900000000000001,0.008825,22,COMPLETE
4543,4543,,,2024-08-29 06:13:04.162765,2024-08-29 06:13:04.175732,0 days 00:00:00.012967,0.01345,N95,23,14,1.1x60x0.1,1.1x60x0.1,0.010458911439316338,,,,,,,,,,,,,,,22,FAIL
4544,4544,,,2024-08-29 06:13:04.178723,2024-08-29 06:13:04.194680,0 days 00:00:00.015957,0.01435,N95,8,24,1.1x60x0.1,1.1x60x0.1,0.014099432188941767,,,,,,,,,,,,,,,22,FAIL
4545,4545,,,2024-08-29 06:13:04.195678,2024-08-29 06:13:04.205653,0 days 00:00:00.009975,0.01435,N95,34,10,1.1x60x0.1,1.1x60x0.1,0.007145813793160476,,,,,,,,,,,,,,,22,FAIL
4546,4546,,,2024-08-29 06:13:04.207646,2024-08-29 06:13:04.216622,0 days 00:00:00.008976,0.01435,N95,23,22,1.1x60x0.1,1.1x60x0.1,0.010197645225284144,,,,,,,,,,,,,,,22,FAIL
4547,4547,,,2024-08-29 06:13:04.218617,2024-08-29 06:13:04.232579,0 days 00:00:00.013962,0.0149,N95,18,14,1.1x60x0.1,1.1x60x0.1,0.005799473451583735,,,,,,,,,,,,,,,22,FAIL
4548,4548,4.464604349811519e-05,126.83720313191596,2024-08-29 06:13:04.234574,2024-08-29 06:13:04.444015,0 days 00:00:00.209441,0.0149,N95,23,14,1.4x200x0.071,1.1x60x0.1,0.016753944568397707,0.00020436113800623897,0.0005113822438611532,3.7605450211454966e-05,0.21566932258363924,0.24629828980264262,0.32211614036031083,4.29461082521266e-05,5.616618225305554e-05,5.0,122.99601503580664,0.8107941718923286,3.030393924216993,0.0078000000000000005,0.01105,22,COMPLETE
4549,4549,,,2024-08-29 06:13:04.446008,2024-08-29 06:13:04.457013,0 days 00:00:00.011005,0.01435,N95,27,23,1.4x200x0.071,1.1x60x0.1,0.011539235776259031,,,,,,,,,,,,,,,22,FAIL
4550,4550,,,2024-08-29 06:13:04.459074,2024-08-29 06:13:04.471092,0 days 00:00:00.012018,0.01435,N95,34,18,1.1x60x0.1,1.4x200x0.071,0.008547229564724236,,,,,,,,,,,,,,,22,FAIL
4551,4551,,,2024-08-29 06:13:04.472090,2024-08-29 06:13:04.479072,0 days 00:00:00.006982,0.01435,N95,31,21,1.1x60x0.1,1.4x200x0.071,0.014316923742663955,,,,,,,,,,,,,,,22,FAIL
4552,4552,,,2024-08-29 06:13:04.482064,2024-08-29 06:13:04.490153,0 days 00:00:00.008089,0.01435,N95,27,21,1.1x60x0.1,1.4x200x0.071,0.01906558722630066,,,,,,,,,,,,,,,22,FAIL
4553,4553,3.0573249067396726e-05,102.93216790805643,2024-08-29 06:13:04.492149,2024-08-29 06:13:04.696220,0 days 00:00:00.204071,0.01435,N95,23,16,1.1x60x0.1,1.1x60x0.1,0.012687518374041409,0.00019822066028451598,0.0006533138571469244,3.7605450211454966e-05,0.2325182838533611,0.26116078818512467,0.30387101351828255,4.223783547049466e-05,4.91454094714236e-05,5.0,99.02224581180567,1.2658784273695707,2.644043668881184,0.0082,0.008825,22,COMPLETE
4554,4554,,,2024-08-29 06:13:04.699213,2024-08-29 06:13:04.711258,0 days 00:00:00.012045,0.01435,N95,18,15,1.4x200x0.071,1.1x60x0.1,0.0070859806298437696,,,,,,,,,,,,,,,22,FAIL
4555,4555,,,2024-08-29 06:13:04.712256,2024-08-29 06:13:04.722232,0 days 00:00:00.009976,0.01435,N95,23,22,1.1x60x0.1,1.1x60x0.1,0.011717034166219182,,,,,,,,,,,,,,,22,FAIL
4556,4556,,,2024-08-29 06:13:04.723227,2024-08-29 06:13:04.729212,0 days 00:00:00.005985,0.01435,N95,34,14,1.1x60x0.1,1.1x60x0.1,0.013324163366582584,,,,,,,,,,,,,,,22,FAIL
4557,4557,3.8951297309776936e-05,450.6196612512492,2024-08-29 06:13:04.730209,2024-08-29 06:13:04.913717,0 days 00:00:00.183508,0.01435,N95,31,7,1.1x60x0.1,1.1x60x0.1,0.023960635850872193,0.0003054134639196151,0.00010023852118291596,2.7446998889213458e-05,0.16970755682379857,0.5762005277548735,0.6945623166132172,9.318957588713836e-05,0.00011233236450611108,7.0,445.6845801086606,1.2334200061549663,3.7016611364336582,0.005600000000000001,0.008825,22,COMPLETE
4558,4558,2.9328649694686513e-05,195.17774852917506,2024-08-29 06:13:04.916709,2024-08-29 06:13:05.125152,0 days 00:00:00.208443,0.01435,N95,18,12,1.1x60x0.1,1.1x60x0.1,0.012699085046992572,0.00010647357867621188,0.000306709972857329,4.7697476639721074e-05,0.2949182990774419,0.33134085746938374,0.40516135135771003,5.358813901466696e-05,6.552721262856479e-05,4.0,192.088760957632,0.9737526364381314,2.1152349351049478,0.006900000000000001,0.008825,22,COMPLETE
4559,4559,,,2024-08-29 06:13:05.127147,2024-08-29 06:13:05.133131,0 days 00:00:00.005984,0.0149,N95,31,8,1.1x60x0.1,1.4x200x0.071,0.013932550118920764,,,,,,,,,,,,,,,22,FAIL
4560,4560,,,2024-08-29 06:13:05.134128,2024-08-29 06:13:05.141150,0 days 00:00:00.007022,0.0149,N95,31,21,1.1x60x0.1,1.1x60x0.1,0.01021235309811462,,,,,,,,,,,,,,,22,FAIL
4561,4561,,,2024-08-29 06:13:05.142147,2024-08-29 06:13:05.153183,0 days 00:00:00.011036,0.01435,N95,18,16,1.1x60x0.1,1.1x60x0.1,0.01014503482128516,,,,,,,,,,,,,,,22,FAIL
4562,4562,3.865978886260903e-05,130.51948810893018,2024-08-29 06:13:05.155245,2024-08-29 06:13:05.364837,0 days 00:00:00.209592,0.01435,N95,22,23,1.1x60x0.1,1.1x60x0.1,0.018458860671900734,0.00017222506495832295,0.0017378557254499054,3.850162050919795e-05,0.23805939500878825,0.25439752132440074,0.2113885311431531,4.114400452101916e-05,3.418811093664251e-05,5.0,126.4148154853918,1.460628954657197,2.644043668881184,0.0108,0.008825,22,COMPLETE
4563,4563,,,2024-08-29 06:13:05.366935,2024-08-29 06:13:05.375911,0 days 00:00:00.008976,0.01435,N95,10,14,1.1x60x0.1,1.1x60x0.1,0.01441432080631361,,,,,,,,,,,,,,,22,FAIL
4564,4564,3.202767671366859e-05,106.82358127792973,2024-08-29 06:13:05.376908,2024-08-29 06:13:05.576375,0 days 00:00:00.199467,0.01435,N95,23,16,1.1x60x0.1,1.1x60x0.1,0.014193169985577434,0.0001974488492353936,0.0006533138571469244,3.7605450211454966e-05,0.2325182838533611,0.26116078818512467,0.30387101351828255,4.223783547049466e-05,4.91454094714236e-05,5.0,102.91365918167898,1.2658784273695707,2.644043668881184,0.0082,0.008825,22,COMPLETE
4565,4565,,,2024-08-29 06:13:05.579367,2024-08-29 06:13:05.591334,0 days 00:00:00.011967,0.01435,N95,25,23,1.1x60x0.1,1.1x60x0.1,0.013693622470504999,,,,,,,,,,,,,,,22,FAIL
4566,4566,,,2024-08-29 06:13:05.592331,2024-08-29 06:13:05.599313,0 days 00:00:00.006982,0.01345,N95,9,16,1.1x60x0.1,1.4x200x0.071,0.010433224056374507,,,,,,,,,,,,,,,22,FAIL
4567,4567,,,2024-08-29 06:13:05.601308,2024-08-29 06:13:05.609286,0 days 00:00:00.007978,0.01345,N95,23,21,1.1x60x0.1,1.1x60x0.1,0.010889931147052698,,,,,,,,,,,,,,,22,FAIL
4568,4568,3.269140847847864e-05,108.59945841739554,2024-08-29 06:13:05.611281,2024-08-29 06:13:05.798779,0 days 00:00:00.187498,0.01435,N95,23,16,1.1x60x0.1,1.1x60x0.1,0.014880277937544338,0.00019708058874628713,0.0006533138571469244,3.7605450211454966e-05,0.2325182838533611,0.26116078818512467,0.30387101351828255,4.223783547049466e-05,4.91454094714236e-05,5.0,104.68953632114479,1.2658784273695707,2.644043668881184,0.0082,0.008825,22,COMPLETE
4569,4569,,,2024-08-29 06:13:05.801772,2024-08-29 06:13:05.811800,0 days 00:00:00.010028,0.0149,N95,23,22,1.1x60x0.1,1.1x60x0.1,0.008241102421848912,,,,,,,,,,,,,,,22,FAIL
4570,4570,4.3558505083982294e-05,67.82616287123892,2024-08-29 06:13:05.812799,2024-08-29 06:13:06.039505,0 days 00:00:00.226706,0.0149,N95,31,21,1.1x60x0.1,1.1x60x0.1,0.01548361885373057,0.0003845644974853207,0.0013967299657660426,2.7446998889213458e-05,0.1574100462593967,0.17596719116418272,0.2147440935735406,3.068273858748719e-05,3.744412150203703e-05,7.0,61.64914494359359,1.9344664337415385,4.2425514939037905,0.0082,0.01105,22,COMPLETE
4571,4571,,,2024-08-29 06:13:06.041500,2024-08-29 06:13:06.052530,0 days 00:00:00.011030,0.01435,N95,38,0,1.1x60x0.1,1.4x200x0.071,0.013504183219687367,,,,,,,,,,,,,,,22,FAIL
4572,4572,3.4799247885294414e-05,220.723406366106,2024-08-29 06:13:06.054525,2024-08-29 06:13:06.258978,0 days 00:00:00.204453,0.01435,N95,18,12,1.1x60x0.1,1.4x200x0.071,0.01836235403315927,0.00010268032834077289,0.000306709972857329,4.7697476639721074e-05,0.2949182990774419,0.33134085746938374,0.40516135135771003,5.358813901466696e-05,6.552721262856479e-05,4.0,218.55501811295466,0.9737526364381314,1.1946356167132055,0.006900000000000001,0.008825,22,COMPLETE
4573,4573,3.6278519788628535e-05,92.7201094716245,2024-08-29 06:13:06.262968,2024-08-29 06:13:06.491358,0 days 00:00:00.228390,0.01435,N95,34,14,1.1x60x0.1,1.1x60x0.1,0.018593724899811967,0.0003948213793220293,0.0004147251241267217,2.412419716454984e-05,0.14916233930188658,0.20960006667169415,0.3472811583066086,3.389886051503342e-05,5.616618225305554e-05,8.0,86.93163538311359,1.5580042183010103,4.2304698702098955,0.0082,0.008825,22,COMPLETE
4574,4574,4.513243929729615e-05,220.09436627190132,2024-08-29 06:13:06.492354,2024-08-29 06:13:06.716753,0 days 00:00:00.224399,0.01435,N95,18,16,1.4x200x0.071,1.1x60x0.1,0.02335947350945016,0.00010787744809317334,0.0006432641024776543,4.7697476639721074e-05,0.2949182990774419,0.32112243970180376,0.30387101351828255,5.193550252419244e-05,4.91454094714236e-05,4.0,217.35585138634823,0.6232799504481276,2.1152349351049478,0.0126,0.008825,22,COMPLETE
4575,4575,3.3679354020714606e-05,115.30475358357603,2024-08-29 06:13:06.719745,2024-08-29 06:13:06.941428,0 days 00:00:00.221683,0.01435,N95,22,21,1.1x60x0.1,1.1x60x0.1,0.013303018258515504,0.00017155842342724667,0.0013237214281748805,3.850162050919795e-05,0.23805939500878825,0.25633570067416306,0.23152077220440578,4.145746850256275e-05,3.744412150203703e-05,5.0,111.26499780246687,1.395712112227988,2.644043668881184,0.0108,0.008825,22,COMPLETE
4576,4576,,,2024-08-29 06:13:06.944489,2024-08-29 06:13:06.956457,0 days 00:00:00.011968,0.01435,N95,23,20,1.1x60x0.1,1.4x200x0.071,0.01674611377550059,,,,,,,,,,,,,,,22,FAIL
4577,4577,,,2024-08-29 06:13:06.958452,2024-08-29 06:13:06.968425,0 days 00:00:00.009973,0.01435,N95,31,14,1.4x200x0.071,1.1x60x0.1,0.007764996357932863,,,,,,,,,,,,,,,22,FAIL
4578,4578,,,2024-08-29 06:13:06.969423,2024-08-29 06:13:06.978400,0 days 00:00:00.008977,0.01435,N95,31,21,1.1x60x0.1,1.1x60x0.1,0.007736471737811256,,,,,,,,,,,,,,,22,FAIL
4579,4579,,,2024-08-29 06:13:06.979397,2024-08-29 06:13:06.989369,0 days 00:00:00.009972,0.01435,N95,31,23,1.1x60x0.1,1.1x60x0.1,0.009722930801429028,,,,,,,,,,,,,,,22,FAIL
4580,4580,,,2024-08-29 06:13:06.992361,2024-08-29 06:13:07.006325,0 days 00:00:00.013964,0.01435,N95,26,21,1.4x200x0.071,1.1x60x0.1,0.018762866789115026,,,,,,,,,,,,,,,22,FAIL
4581,4581,,,2024-08-29 06:13:07.009316,2024-08-29 06:13:07.021284,0 days 00:00:00.011968,0.01435,N95,31,23,1.1x60x0.1,1.1x60x0.1,0.011743812461311265,,,,,,,,,,,,,,,22,FAIL
4582,4582,,,2024-08-29 06:13:07.022282,2024-08-29 06:13:07.032255,0 days 00:00:00.009973,0.012,N95,23,20,1.1x60x0.1,1.1x60x0.1,0.004155585294612255,,,,,,,,,,,,,,,22,FAIL
4583,4583,3.748459518794481e-05,80.4646710154568,2024-08-29 06:13:07.034250,2024-08-29 06:13:07.236709,0 days 00:00:00.202459,0.01435,N95,34,16,1.1x60x0.1,1.1x60x0.1,0.0198422774649872,0.00039638887998163705,0.0005789481717213678,2.412419716454984e-05,0.14916233930188658,0.1750946322417285,0.30387101351828255,2.8318256809481255e-05,4.91454094714236e-05,8.0,74.61128008451668,1.622921060730219,4.2304698702098955,0.0082,0.008825,22,COMPLETE
4584,4584,,,2024-08-29 06:13:07.239700,2024-08-29 06:13:07.251668,0 days 00:00:00.011968,0.01435,N95,31,15,1.1x60x0.1,1.1x60x0.1,0.00954348287573045,,,,,,,,,,,,,,,22,FAIL
4585,4585,,,2024-08-29 06:13:07.252667,2024-08-29 06:13:07.258650,0 days 00:00:00.005983,0.01435,N95,35,21,1.1x60x0.1,1.1x60x0.1,0.011088891899009187,,,,,,,,,,,,,,,22,FAIL
