,number,values_0,values_1,datetime_start,datetime_complete,duration,params_core_inner_diameter,params_material,params_n_p_bot,params_n_p_top,params_primary_litz_wire,params_secondary_litz_wire,params_window_h_bot,user_attrs_air_gap_bot,user_attrs_air_gap_top,user_attrs_flux_bot_max,user_attrs_flux_density_bot_max,user_attrs_flux_density_mid_max,user_attrs_flux_density_top_max,user_attrs_flux_mid_max,user_attrs_flux_top_max,user_attrs_n_s_bot,user_attrs_p_hyst,user_attrs_primary_litz_wire_loss,user_attrs_secondary_litz_wire_loss,user_attrs_window_h_top,user_attrs_window_w,system_attrs_nsga2:generation,state
474,474,,,2024-08-29 06:07:12.783451,2024-08-29 06:07:12.786488,0 days 00:00:00.003037,0.012,N95,3,3,1.1x60x0.1,1.1x60x0.1,0.014103253620318914,,,,,,,,,,,,,,,0,FAIL
475,475,,,2024-08-29 06:07:12.787441,2024-08-29 06:07:12.791430,0 days 00:00:00.003989,0.01345,N95,6,1,1.4x200x0.071,1.4x200x0.071,0.009730548596655572,,,,,,,,,,,,,,,0,FAIL
476,476,,,2024-08-29 06:07:12.792482,2024-08-29 06:07:12.795474,0 days 00:00:00.002992,0.0149,N95,10,9,1.4x200x0.071,1.4x200x0.071,0.014571650318964072,,,,,,,,,,,,,,,0,FAIL
477,477,,,2024-08-29 06:07:12.796472,2024-08-29 06:07:12.799464,0 days 00:00:00.002992,0.0149,N95,31,2,1.4x200x0.071,1.4x200x0.071,0.017713489012011897,,,,,,,,,,,,,,,0,FAIL
478,478,,,2024-08-29 06:07:12.799464,2024-08-29 06:07:12.801458,0 days 00:00:00.001994,0.01345,N95,22,10,1.1x60x0.1,1.4x200x0.071,0.009434285566503671,,,,,,,,,,,,,,,0,FAIL
479,479,,,2024-08-29 06:07:12.802456,2024-08-29 06:07:12.806542,0 days 00:00:00.004086,0.01435,N95,16,6,1.4x200x0.071,1.1x60x0.1,0.01919617066225194,,,,,,,,,,,,,,,0,FAIL
480,480,,,2024-08-29 06:07:12.807539,2024-08-29 06:07:12.809534,0 days 00:00:00.001995,0.012,N95,11,5,1.1x60x0.1,1.1x60x0.1,0.009674318541805078,,,,,,,,,,,,,,,0,FAIL
481,481,,,2024-08-29 06:07:12.810588,2024-08-29 06:07:12.812583,0 days 00:00:00.001995,0.01345,N95,12,5,1.1x60x0.1,1.1x60x0.1,0.004547351416420419,,,,,,,,,,,,,,,0,FAIL
482,482,,,2024-08-29 06:07:12.813580,2024-08-29 06:07:12.816628,0 days 00:00:00.003048,0.012,N95,23,7,1.1x60x0.1,1.1x60x0.1,0.014261978167288684,,,,,,,,,,,,,,,0,FAIL
483,483,,,2024-08-29 06:07:12.816628,2024-08-29 06:07:12.818567,0 days 00:00:00.001939,0.012,N95,2,5,1.1x60x0.1,1.1x60x0.1,0.005202439144398302,,,,,,,,,,,,,,,0,FAIL
484,484,,,2024-08-29 06:07:12.819564,2024-08-29 06:07:12.823600,0 days 00:00:00.004036,0.0149,N95,9,14,1.4x200x0.071,1.4x200x0.071,0.01317334909968013,,,,,,,,,,,,,,,0,FAIL
485,485,,,2024-08-29 06:07:12.823600,2024-08-29 06:07:12.828637,0 days 00:00:00.005037,0.01435,N95,9,16,1.4x200x0.071,1.4x200x0.071,0.018603638494714733,,,,,,,,,,,,,,,0,FAIL
486,486,,,2024-08-29 06:07:12.829584,2024-08-29 06:07:12.831578,0 days 00:00:00.001994,0.01345,N95,8,11,1.4x200x0.071,1.4x200x0.071,0.005401815173305326,,,,,,,,,,,,,,,0,FAIL
487,487,,,2024-08-29 06:07:12.831578,2024-08-29 06:07:12.834623,0 days 00:00:00.003045,0.0149,N95,31,15,1.4x200x0.071,1.4x200x0.071,0.011117674458589421,,,,,,,,,,,,,,,0,FAIL
488,488,,,2024-08-29 06:07:12.834667,2024-08-29 06:07:12.835668,0 days 00:00:00.001001,0.01345,N95,38,0,1.4x200x0.071,1.1x60x0.1,0.010148565827956875,,,,,,,,,,,,,,,0,FAIL
489,489,,,2024-08-29 06:07:12.835668,2024-08-29 06:07:12.837660,0 days 00:00:00.001992,0.01435,N95,31,17,1.1x60x0.1,1.1x60x0.1,0.01434299628550207,,,,,,,,,,,,,,,0,FAIL
490,490,,,2024-08-29 06:07:12.837660,2024-08-29 06:07:12.839655,0 days 00:00:00.001995,0.0149,N95,37,19,1.1x60x0.1,1.4x200x0.071,0.018965844280008057,,,,,,,,,,,,,,,0,FAIL
491,491,,,2024-08-29 06:07:12.839655,2024-08-29 06:07:12.843714,0 days 00:00:00.004059,0.0149,N95,6,21,1.1x60x0.1,1.1x60x0.1,0.008902108535302908,,,,,,,,,,,,,,,0,FAIL
492,492,,,2024-08-29 06:07:12.843714,2024-08-29 06:07:12.845709,0 days 00:00:00.001995,0.012,N95,12,13,1.1x60x0.1,1.1x60x0.1,0.008940715789752227,,,,,,,,,,,,,,,0,FAIL
493,493,,,2024-08-29 06:07:12.846706,2024-08-29 06:07:12.848701,0 days 00:00:00.001995,0.0149,N95,40,16,1.1x60x0.1,1.1x60x0.1,0.008759922957421836,,,,,,,,,,,,,,,0,FAIL
494,494,4.251871423766702e-05,169.8808445414062,2024-08-29 06:07:12.848701,2024-08-29 06:07:13.063204,0 days 00:00:00.214503,0.0149,N95,18,21,1.1x60x0.1,1.4x200x0.071,0.014651504144343297,0.00013523460734943387,0.0013622163292402783,4.7697476639721074e-05,0.27354764849229546,0.2912310116274067,0.2147440935735406,5.078085829076981e-05,3.744412150203703e-05,4.0,167.00195556891006,1.4508498253061541,1.4280391471899618,0.0082,0.01105,0,COMPLETE
495,495,,,2024-08-29 06:07:13.064202,2024-08-29 06:07:13.066196,0 days 00:00:00.001994,0.01345,N95,24,19,1.1x60x0.1,1.4x200x0.071,0.006074991942826716,,,,,,,,,,,,,,,0,FAIL
496,496,,,2024-08-29 06:07:13.066196,2024-08-29 06:07:13.068191,0 days 00:00:00.001995,0.0149,N95,28,1,1.1x60x0.1,1.4x200x0.071,0.011123502413785505,,,,,,,,,,,,,,,0,FAIL
497,497,,,2024-08-29 06:07:13.069252,2024-08-29 06:07:13.072244,0 days 00:00:00.002992,0.01435,N95,12,18,1.1x60x0.1,1.1x60x0.1,0.009115778710597018,,,,,,,,,,,,,,,0,FAIL
498,498,,,2024-08-29 06:07:13.073242,2024-08-29 06:07:13.075236,0 days 00:00:00.001994,0.0149,N95,38,18,1.4x200x0.071,1.4x200x0.071,0.018038700214831217,,,,,,,,,,,,,,,0,FAIL
499,499,,,2024-08-29 06:07:13.075236,2024-08-29 06:07:13.078229,0 days 00:00:00.002993,0.01435,N95,0,3,1.4x200x0.071,1.4x200x0.071,0.022142587865418707,,,,,,,,,,,,,,,0,FAIL
500,500,4.309099845039528e-05,141.16966017658734,2024-08-29 06:08:25.057620,2024-08-29 06:08:25.630186,0 days 00:00:00.572566,0.0149,N95,30,11,1.1x60x0.1,1.4x200x0.071,0.017709486740601806,0.0003190381407799964,0.0002558050103787348,2.758481266046025e-05,0.15820041580743732,0.27113483548452666,0.40996599682221385,4.727676349263909e-05,7.148423195843433e-05,7.0,137.14533928855485,1.5252523804500593,2.4990685075824333,0.005600000000000001,0.01105,0,COMPLETE
501,501,,,2024-08-29 06:08:25.631184,2024-08-29 06:08:25.637239,0 days 00:00:00.006055,0.0149,N95,12,10,1.4x200x0.071,1.4x200x0.071,0.014810984585855277,,,,,,,,,,,,,,,0,FAIL
502,502,,,2024-08-29 06:08:25.638237,2024-08-29 06:08:25.641229,0 days 00:00:00.002992,0.0149,N95,26,2,1.4x200x0.071,1.4x200x0.071,0.009365190710105853,,,,,,,,,,,,,,,0,FAIL
503,503,,,2024-08-29 06:08:25.641229,2024-08-29 06:08:25.644220,0 days 00:00:00.002991,0.012,N95,15,20,1.4x200x0.071,1.4x200x0.071,0.007171277289949907,,,,,,,,,,,,,,,0,FAIL
504,504,,,2024-08-29 06:08:25.645218,2024-08-29 06:08:25.650206,0 days 00:00:00.004988,0.0149,N95,17,9,1.1x60x0.1,1.4x200x0.071,0.015588133938563117,,,,,,,,,,,,,,,0,FAIL
505,505,,,2024-08-29 06:08:25.651203,2024-08-29 06:08:25.654195,0 days 00:00:00.002992,0.012,N95,26,22,1.1x60x0.1,1.4x200x0.071,0.011124525219138617,,,,,,,,,,,,,,,0,FAIL
506,506,,,2024-08-29 06:08:25.655200,2024-08-29 06:08:25.658185,0 days 00:00:00.002985,0.01345,N95,31,17,1.1x60x0.1,1.1x60x0.1,0.0051594081945667315,,,,,,,,,,,,,,,0,FAIL
507,507,,,2024-08-29 06:08:25.659182,2024-08-29 06:08:25.662174,0 days 00:00:00.002992,0.01435,N95,29,22,1.4x200x0.071,1.4x200x0.071,0.02129309071931129,,,,,,,,,,,,,,,0,FAIL
508,508,,,2024-08-29 06:08:25.663170,2024-08-29 06:08:25.665164,0 days 00:00:00.001994,0.01345,N95,29,10,1.4x200x0.071,1.1x60x0.1,0.008429467311296481,,,,,,,,,,,,,,,0,FAIL
509,509,,,2024-08-29 06:08:25.666164,2024-08-29 06:08:25.669153,0 days 00:00:00.002989,0.01345,N95,12,6,1.1x60x0.1,1.1x60x0.1,0.00870362713987597,,,,,,,,,,,,,,,0,FAIL
510,510,,,2024-08-29 06:08:25.670151,2024-08-29 06:08:25.675137,0 days 00:00:00.004986,0.0149,N95,40,21,1.1x60x0.1,1.1x60x0.1,0.015987166148254343,,,,,,,,,,,,,,,0,FAIL
511,511,,,2024-08-29 06:08:25.676135,2024-08-29 06:08:25.681123,0 days 00:00:00.004988,0.01435,N95,9,21,1.1x60x0.1,1.1x60x0.1,0.019979943741107748,,,,,,,,,,,,,,,0,FAIL
512,512,,,2024-08-29 06:08:25.681123,2024-08-29 06:08:25.685112,0 days 00:00:00.003989,0.012,N95,32,2,1.1x60x0.1,1.4x200x0.071,0.015010785675465464,,,,,,,,,,,,,,,0,FAIL
513,513,,,2024-08-29 06:08:25.685112,2024-08-29 06:08:25.690098,0 days 00:00:00.004986,0.0149,N95,9,5,1.1x60x0.1,1.1x60x0.1,0.01725630233531029,,,,,,,,,,,,,,,0,FAIL
514,514,,,2024-08-29 06:08:25.690098,2024-08-29 06:08:25.694088,0 days 00:00:00.003990,0.0149,N95,0,1,1.4x200x0.071,1.4x200x0.071,0.012279417537659112,,,,,,,,,,,,,,,0,FAIL
515,515,4.5431303506440086e-05,91.87241250400834,2024-08-29 06:08:25.695085,2024-08-29 06:08:25.929458,0 days 00:00:00.234373,0.0149,N95,27,17,1.1x60x0.1,1.4x200x0.071,0.018282365568578932,0.00028397592932073934,0.0007945376127265252,3.179831775981402e-05,0.1823650989948635,0.2063740195078729,0.26527211559084424,3.598466310632297e-05,4.625450303192809e-05,6.0,88.09349757005748,1.6368562131659172,2.1420587207849424,0.006900000000000001,0.01105,0,COMPLETE
516,516,,,2024-08-29 06:08:25.930455,2024-08-29 06:08:25.934444,0 days 00:00:00.003989,0.012,N95,30,15,1.1x60x0.1,1.1x60x0.1,0.014399655541674609,,,,,,,,,,,,,,,0,FAIL
517,517,,,2024-08-29 06:08:25.934444,2024-08-29 06:08:25.939430,0 days 00:00:00.004986,0.01345,N95,3,15,1.4x200x0.071,1.4x200x0.071,0.01047291268400243,,,,,,,,,,,,,,,0,FAIL
518,518,,,2024-08-29 06:08:25.939430,2024-08-29 06:08:25.943420,0 days 00:00:00.003990,0.01345,N95,7,22,1.1x60x0.1,1.4x200x0.071,0.009352027176674424,,,,,,,,,,,,,,,0,FAIL
519,519,,,2024-08-29 06:08:25.943420,2024-08-29 06:08:25.947410,0 days 00:00:00.003990,0.01435,N95,14,23,1.1x60x0.1,1.1x60x0.1,0.017190167162451246,,,,,,,,,,,,,,,0,FAIL
520,520,,,2024-08-29 06:08:25.948407,2024-08-29 06:08:25.950401,0 days 00:00:00.001994,0.012,N95,0,8,1.4x200x0.071,1.4x200x0.071,0.015969993401964772,,,,,,,,,,,,,,,0,FAIL
521,521,,,2024-08-29 06:08:25.951399,2024-08-29 06:08:25.952396,0 days 00:00:00.000997,0.012,N95,13,0,1.4x200x0.071,1.1x60x0.1,0.008590623051186822,,,,,,,,,,,,,,,0,FAIL
522,522,,,2024-08-29 06:08:25.953395,2024-08-29 06:08:25.956386,0 days 00:00:00.002991,0.012,N95,27,13,1.4x200x0.071,1.1x60x0.1,0.008844180274914055,,,,,,,,,,,,,,,0,FAIL
523,523,,,2024-08-29 06:08:25.956386,2024-08-29 06:08:25.959377,0 days 00:00:00.002991,0.012,N95,30,7,1.4x200x0.071,1.1x60x0.1,0.006638785170921204,,,,,,,,,,,,,,,0,FAIL
524,524,,,2024-08-29 06:08:25.960375,2024-08-29 06:08:25.963367,0 days 00:00:00.002992,0.012,N95,5,0,1.1x60x0.1,1.4x200x0.071,0.013154477288002314,,,,,,,,,,,,,,,0,FAIL
525,525,,,2024-08-29 06:08:25.964365,2024-08-29 06:08:25.966359,0 days 00:00:00.001994,0.01435,N95,35,14,1.1x60x0.1,1.1x60x0.1,0.010566211392614669,,,,,,,,,,,,,,,0,FAIL
526,526,,,2024-08-29 06:08:25.966359,2024-08-29 06:08:25.971346,0 days 00:00:00.004987,0.0149,N95,16,22,1.1x60x0.1,1.1x60x0.1,0.015193890282893988,,,,,,,,,,,,,,,0,FAIL
527,527,,,2024-08-29 06:08:25.971346,2024-08-29 06:08:25.974338,0 days 00:00:00.002992,0.012,N95,38,4,1.1x60x0.1,1.4x200x0.071,0.0067166627169533265,,,,,,,,,,,,,,,0,FAIL
528,528,,,2024-08-29 06:08:25.974338,2024-08-29 06:08:25.977330,0 days 00:00:00.002992,0.01435,N95,23,12,1.4x200x0.071,1.4x200x0.071,0.013614966908207841,,,,,,,,,,,,,,,0,FAIL
529,529,,,2024-08-29 06:08:25.978328,2024-08-29 06:08:25.981320,0 days 00:00:00.002992,0.01345,N95,25,22,1.4x200x0.071,1.1x60x0.1,0.004242688971668454,,,,,,,,,,,,,,,0,FAIL
530,530,,,2024-08-29 06:08:25.982321,2024-08-29 06:08:25.985308,0 days 00:00:00.002987,0.01435,N95,38,0,1.4x200x0.071,1.4x200x0.071,0.009653558235147543,,,,,,,,,,,,,,,0,FAIL
531,531,,,2024-08-29 06:08:25.986306,2024-08-29 06:08:25.988302,0 days 00:00:00.001996,0.01345,N95,23,12,1.1x60x0.1,1.1x60x0.1,0.006749023015234728,,,,,,,,,,,,,,,0,FAIL
532,532,,,2024-08-29 06:08:25.989298,2024-08-29 06:08:25.992291,0 days 00:00:00.002993,0.0149,N95,16,5,1.1x60x0.1,1.1x60x0.1,0.016291911934256532,,,,,,,,,,,,,,,0,FAIL
533,533,,,2024-08-29 06:08:25.993289,2024-08-29 06:08:25.996280,0 days 00:00:00.002991,0.01435,N95,39,25,1.1x60x0.1,1.1x60x0.1,0.013049342061236063,,,,,,,,,,,,,,,0,FAIL
534,534,,,2024-08-29 06:08:25.996280,2024-08-29 06:08:26.000270,0 days 00:00:00.003990,0.01345,N95,4,14,1.1x60x0.1,1.1x60x0.1,0.00985041936141891,,,,,,,,,,,,,,,0,FAIL
535,535,,,2024-08-29 06:08:26.001267,2024-08-29 06:08:26.004259,0 days 00:00:00.002992,0.01345,N95,38,5,1.1x60x0.1,1.1x60x0.1,0.009505051976355983,,,,,,,,,,,,,,,0,FAIL
536,536,,,2024-08-29 06:08:26.004259,2024-08-29 06:08:26.010243,0 days 00:00:00.005984,0.0149,N95,8,22,1.1x60x0.1,1.1x60x0.1,0.007555537976517071,,,,,,,,,,,,,,,0,FAIL
537,537,,,2024-08-29 06:08:26.010243,2024-08-29 06:08:26.015229,0 days 00:00:00.004986,0.0149,N95,8,13,1.1x60x0.1,1.1x60x0.1,0.010974637844053284,,,,,,,,,,,,,,,0,FAIL
538,538,,,2024-08-29 06:08:26.016229,2024-08-29 06:08:26.020216,0 days 00:00:00.003987,0.012,N95,32,15,1.4x200x0.071,1.4x200x0.071,0.009382720074896057,,,,,,,,,,,,,,,0,FAIL
539,539,,,2024-08-29 06:08:26.020216,2024-08-29 06:08:26.023207,0 days 00:00:00.002991,0.01435,N95,36,6,1.1x60x0.1,1.4x200x0.071,0.013392130037055361,,,,,,,,,,,,,,,0,FAIL
540,540,,,2024-08-29 06:08:26.024205,2024-08-29 06:08:26.030188,0 days 00:00:00.005983,0.01435,N95,28,21,1.4x200x0.071,1.1x60x0.1,0.02305227929172242,,,,,,,,,,,,,,,0,FAIL
541,541,,,2024-08-29 06:08:26.031186,2024-08-29 06:08:26.034179,0 days 00:00:00.002993,0.012,N95,33,3,1.1x60x0.1,1.4x200x0.071,0.01158314583042827,,,,,,,,,,,,,,,0,FAIL
542,542,,,2024-08-29 06:08:26.035176,2024-08-29 06:08:26.038226,0 days 00:00:00.003050,0.012,N95,31,7,1.1x60x0.1,1.4x200x0.071,0.0075467975909802466,,,,,,,,,,,,,,,0,FAIL
543,543,,,2024-08-29 06:08:26.039222,2024-08-29 06:08:26.043271,0 days 00:00:00.004049,0.0149,N95,12,2,1.1x60x0.1,1.1x60x0.1,0.006324243210313891,,,,,,,,,,,,,,,0,FAIL
544,544,,,2024-08-29 06:08:26.043271,2024-08-29 06:08:26.047262,0 days 00:00:00.003991,0.01435,N95,8,0,1.4x200x0.071,1.1x60x0.1,0.00648558858850828,,,,,,,,,,,,,,,0,FAIL
545,545,,,2024-08-29 06:08:26.047262,2024-08-29 06:08:26.051324,0 days 00:00:00.004062,0.01345,N95,21,9,1.4x200x0.071,1.1x60x0.1,0.005290142265985195,,,,,,,,,,,,,,,0,FAIL
546,546,,,2024-08-29 06:08:26.052321,2024-08-29 06:08:26.058373,0 days 00:00:00.006052,0.0149,N95,12,3,1.1x60x0.1,1.4x200x0.071,0.009305070308793378,,,,,,,,,,,,,,,0,FAIL
547,547,,,2024-08-29 06:08:26.058373,2024-08-29 06:08:26.063422,0 days 00:00:00.005049,0.0149,N95,27,25,1.1x60x0.1,1.4x200x0.071,0.01822382565879641,,,,,,,,,,,,,,,0,FAIL
548,548,,,2024-08-29 06:08:26.064421,2024-08-29 06:08:26.067479,0 days 00:00:00.003058,0.012,N95,8,7,1.1x60x0.1,1.4x200x0.071,0.01099306357071083,,,,,,,,,,,,,,,0,FAIL
549,549,,,2024-08-29 06:08:26.067479,2024-08-29 06:08:26.071477,0 days 00:00:00.003998,0.01435,N95,17,6,1.1x60x0.1,1.4x200x0.071,0.012607212247950736,,,,,,,,,,,,,,,0,FAIL
550,550,,,2024-08-29 06:08:26.071477,2024-08-29 06:08:26.074537,0 days 00:00:00.003060,0.012,N95,25,22,1.4x200x0.071,1.1x60x0.1,0.011135590449978392,,,,,,,,,,,,,,,0,FAIL
551,551,,,2024-08-29 06:08:26.075543,2024-08-29 06:08:26.078526,0 days 00:00:00.002983,0.01435,N95,6,19,1.1x60x0.1,1.4x200x0.071,0.006348570766496576,,,,,,,,,,,,,,,0,FAIL
552,552,,,2024-08-29 06:08:26.078526,2024-08-29 06:08:26.081581,0 days 00:00:00.003055,0.0149,N95,28,19,1.4x200x0.071,1.1x60x0.1,0.010484948172246326,,,,,,,,,,,,,,,0,FAIL
553,553,,,2024-08-29 06:08:26.082579,2024-08-29 06:08:26.085647,0 days 00:00:00.003068,0.012,N95,20,7,1.4x200x0.071,1.1x60x0.1,0.00980734448445698,,,,,,,,,,,,,,,0,FAIL
554,554,,,2024-08-29 06:08:26.086644,2024-08-29 06:08:26.091706,0 days 00:00:00.005062,0.0149,N95,12,20,1.1x60x0.1,1.1x60x0.1,0.017881183399347668,,,,,,,,,,,,,,,0,FAIL
555,555,,,2024-08-29 06:08:26.092210,2024-08-29 06:08:26.097259,0 days 00:00:00.005049,0.0149,N95,8,15,1.4x200x0.071,1.4x200x0.071,0.017479957576139564,,,,,,,,,,,,,,,0,FAIL
556,556,,,2024-08-29 06:08:26.098257,2024-08-29 06:08:26.101258,0 days 00:00:00.003001,0.01345,N95,36,1,1.1x60x0.1,1.1x60x0.1,0.003213651755265433,,,,,,,,,,,,,,,0,FAIL
557,557,,,2024-08-29 06:08:26.101258,2024-08-29 06:08:26.106310,0 days 00:00:00.005052,0.0149,N95,24,7,1.1x60x0.1,1.4x200x0.071,0.019505894741874637,,,,,,,,,,,,,,,0,FAIL
558,558,,,2024-08-29 06:08:26.107307,2024-08-29 06:08:26.111355,0 days 00:00:00.004048,0.01435,N95,22,2,1.4x200x0.071,1.4x200x0.071,0.009218646843740854,,,,,,,,,,,,,,,0,FAIL
559,559,,,2024-08-29 06:08:26.111355,2024-08-29 06:08:26.115419,0 days 00:00:00.004064,0.01345,N95,29,24,1.4x200x0.071,1.1x60x0.1,0.009533877133691457,,,,,,,,,,,,,,,0,FAIL
560,560,,,2024-08-29 06:08:26.115419,2024-08-29 06:08:26.119410,0 days 00:00:00.003991,0.01435,N95,39,22,1.1x60x0.1,1.1x60x0.1,0.012610445880939855,,,,,,,,,,,,,,,0,FAIL
561,561,,,2024-08-29 06:08:26.119410,2024-08-29 06:08:26.122463,0 days 00:00:00.003053,0.012,N95,29,16,1.4x200x0.071,1.4x200x0.071,0.009477434137813713,,,,,,,,,,,,,,,0,FAIL
562,562,,,2024-08-29 06:08:26.122463,2024-08-29 06:08:26.126452,0 days 00:00:00.003989,0.01345,N95,5,8,1.4x200x0.071,1.1x60x0.1,0.007708552773638243,,,,,,,,,,,,,,,0,FAIL
563,563,,,2024-08-29 06:08:26.127449,2024-08-29 06:08:26.131502,0 days 00:00:00.004053,0.01435,N95,7,8,1.4x200x0.071,1.1x60x0.1,0.014708309700927616,,,,,,,,,,,,,,,0,FAIL
564,564,,,2024-08-29 06:08:26.132500,2024-08-29 06:08:26.136570,0 days 00:00:00.004070,0.012,N95,6,9,1.4x200x0.071,1.4x200x0.071,0.007378095739371428,,,,,,,,,,,,,,,0,FAIL
565,565,,,2024-08-29 06:08:26.136570,2024-08-29 06:08:26.140559,0 days 00:00:00.003989,0.01435,N95,19,4,1.4x200x0.071,1.1x60x0.1,0.01114320027570806,,,,,,,,,,,,,,,0,FAIL
566,566,,,2024-08-29 06:08:26.140559,2024-08-29 06:08:26.144548,0 days 00:00:00.003989,0.01435,N95,12,15,1.1x60x0.1,1.4x200x0.071,0.008462023998111901,,,,,,,,,,,,,,,0,FAIL
567,567,,,2024-08-29 06:08:26.144548,2024-08-29 06:08:26.146543,0 days 00:00:00.001995,0.01435,N95,19,19,1.4x200x0.071,1.4x200x0.071,0.01280793974002408,,,,,,,,,,,,,,,0,FAIL
568,568,,,2024-08-29 06:08:26.146543,2024-08-29 06:08:26.148537,0 days 00:00:00.001994,0.0149,N95,32,13,1.4x200x0.071,1.1x60x0.1,0.010724471366053544,,,,,,,,,,,,,,,0,FAIL
569,569,,,2024-08-29 06:08:26.149535,2024-08-29 06:08:26.152528,0 days 00:00:00.002993,0.01435,N95,40,6,1.1x60x0.1,1.4x200x0.071,0.01637863336722542,,,,,,,,,,,,,,,0,FAIL
570,570,,,2024-08-29 06:08:26.152528,2024-08-29 06:08:26.155520,0 days 00:00:00.002992,0.01435,N95,16,5,1.1x60x0.1,1.4x200x0.071,0.020045334509957827,,,,,,,,,,,,,,,0,FAIL
571,571,,,2024-08-29 06:08:26.156517,2024-08-29 06:08:26.158512,0 days 00:00:00.001995,0.0149,N95,0,22,1.1x60x0.1,1.4x200x0.071,0.01592951175100431,,,,,,,,,,,,,,,0,FAIL
572,572,,,2024-08-29 06:08:26.158512,2024-08-29 06:08:26.160507,0 days 00:00:00.001995,0.01435,N95,38,7,1.4x200x0.071,1.1x60x0.1,0.007271338311141785,,,,,,,,,,,,,,,0,FAIL
573,573,,,2024-08-29 06:08:26.161502,2024-08-29 06:08:26.163497,0 days 00:00:00.001995,0.0149,N95,11,7,1.4x200x0.071,1.4x200x0.071,0.01433735951293261,,,,,,,,,,,,,,,0,FAIL
574,574,4.1264870597908655e-05,73.52659357127646,2024-08-29 06:08:26.163497,2024-08-29 06:08:26.362967,0 days 00:00:00.199470,0.0149,N95,34,16,1.1x60x0.1,1.1x60x0.1,0.014948089140631806,0.0004297219740319183,0.0006174778751082754,2.412419716454984e-05,0.13835359585105508,0.16240675828925424,0.281851622815272,2.8318256809481255e-05,4.91454094714236e-05,8.0,66.81789941393164,1.8600638785976336,4.848630278747189,0.006900000000000001,0.01105,0,COMPLETE
575,575,,,2024-08-29 06:08:26.362967,2024-08-29 06:08:26.367952,0 days 00:00:00.004985,0.0149,N95,37,13,1.1x60x0.1,1.1x60x0.1,0.015416674231591064,,,,,,,,,,,,,,,0,FAIL
576,576,,,2024-08-29 06:08:26.367952,2024-08-29 06:08:26.370942,0 days 00:00:00.002990,0.0149,N95,33,20,1.1x60x0.1,1.4x200x0.071,0.00821930670688101,,,,,,,,,,,,,,,0,FAIL
577,577,,,2024-08-29 06:08:26.370942,2024-08-29 06:08:26.375929,0 days 00:00:00.004987,0.01435,N95,12,11,1.1x60x0.1,1.4x200x0.071,0.014659691445580294,,,,,,,,,,,,,,,0,FAIL
578,578,,,2024-08-29 06:08:26.376928,2024-08-29 06:08:26.381913,0 days 00:00:00.004985,0.0149,N95,37,15,1.1x60x0.1,1.1x60x0.1,0.018370211702657988,,,,,,,,,,,,,,,0,FAIL
579,579,,,2024-08-29 06:08:26.382911,2024-08-29 06:08:26.388896,0 days 00:00:00.005985,0.0149,N95,25,9,1.1x60x0.1,1.1x60x0.1,0.013407255265624356,,,,,,,,,,,,,,,0,FAIL
580,580,,,2024-08-29 06:08:26.388896,2024-08-29 06:08:26.393882,0 days 00:00:00.004986,0.0149,N95,6,5,1.1x60x0.1,1.4x200x0.071,0.007467012451852129,,,,,,,,,,,,,,,0,FAIL
581,581,,,2024-08-29 06:08:26.394878,2024-08-29 06:08:26.396873,0 days 00:00:00.001995,0.012,N95,28,20,1.4x200x0.071,1.1x60x0.1,0.01216806655621529,,,,,,,,,,,,,,,0,FAIL
582,582,,,2024-08-29 06:08:26.396873,2024-08-29 06:08:26.399865,0 days 00:00:00.002992,0.0149,N95,40,12,1.1x60x0.1,1.1x60x0.1,0.005440539873909051,,,,,,,,,,,,,,,0,FAIL
583,583,,,2024-08-29 06:08:26.399865,2024-08-29 06:08:26.401859,0 days 00:00:00.001994,0.012,N95,4,14,1.1x60x0.1,1.1x60x0.1,0.008961705944563808,,,,,,,,,,,,,,,0,FAIL
584,584,,,2024-08-29 06:08:26.402857,2024-08-29 06:08:26.405849,0 days 00:00:00.002992,0.012,N95,36,4,1.4x200x0.071,1.4x200x0.071,0.012204564487058884,,,,,,,,,,,,,,,0,FAIL
585,585,,,2024-08-29 06:08:26.405849,2024-08-29 06:08:26.409838,0 days 00:00:00.003989,0.012,N95,19,2,1.4x200x0.071,1.1x60x0.1,0.007218372939993934,,,,,,,,,,,,,,,0,FAIL
586,586,,,2024-08-29 06:08:26.409838,2024-08-29 06:08:26.413827,0 days 00:00:00.003989,0.0149,N95,36,12,1.4x200x0.071,1.4x200x0.071,0.016397671805502778,,,,,,,,,,,,,,,0,FAIL
587,587,,,2024-08-29 06:08:26.413827,2024-08-29 06:08:26.418816,0 days 00:00:00.004989,0.0149,N95,17,2,1.1x60x0.1,1.1x60x0.1,0.009959709429117303,,,,,,,,,,,,,,,0,FAIL
588,588,,,2024-08-29 06:08:26.419813,2024-08-29 06:08:26.422805,0 days 00:00:00.002992,0.0149,N95,21,2,1.1x60x0.1,1.4x200x0.071,0.011408569420240745,,,,,,,,,,,,,,,0,FAIL
589,589,,,2024-08-29 06:08:26.423802,2024-08-29 06:08:26.428789,0 days 00:00:00.004987,0.01435,N95,4,20,1.1x60x0.1,1.4x200x0.071,0.018653476522280544,,,,,,,,,,,,,,,0,FAIL
590,590,,,2024-08-29 06:08:26.428789,2024-08-29 06:08:26.433775,0 days 00:00:00.004986,0.0149,N95,5,10,1.4x200x0.071,1.1x60x0.1,0.011501499422643679,,,,,,,,,,,,,,,0,FAIL
591,591,,,2024-08-29 06:08:26.434772,2024-08-29 06:08:26.437763,0 days 00:00:00.002991,0.01345,N95,31,9,1.1x60x0.1,1.4x200x0.071,0.008423122580415785,,,,,,,,,,,,,,,0,FAIL
592,592,,,2024-08-29 06:08:26.438764,2024-08-29 06:08:26.442752,0 days 00:00:00.003988,0.0149,N95,24,2,1.4x200x0.071,1.1x60x0.1,0.008972122476494131,,,,,,,,,,,,,,,0,FAIL
