,number,values_0,values_1,datetime_start,datetime_complete,duration,params_core_inner_diameter,params_material,params_n_p_bot,params_n_p_top,params_primary_litz_wire,params_secondary_litz_wire,params_window_h_bot,user_attrs_air_gap_bot,user_attrs_air_gap_top,user_attrs_flux_bot_max,user_attrs_flux_density_bot_max,user_attrs_flux_density_mid_max,user_attrs_flux_density_top_max,user_attrs_flux_mid_max,user_attrs_flux_top_max,user_attrs_n_s_bot,user_attrs_p_hyst,user_attrs_primary_litz_wire_loss,user_attrs_secondary_litz_wire_loss,user_attrs_window_h_top,user_attrs_window_w,system_attrs_nsga2:generation,state
2732,2732,,,2024-08-29 06:10:22.862270,2024-08-29 06:10:22.869368,0 days 00:00:00.007098,0.01435,N95,34,11,1.1x60x0.1,1.4x200x0.071,0.016710817208581898,,,,,,,,,,,,,,,9,FAIL
2733,2733,3.7927510208094724e-05,236.77840133258238,2024-08-29 06:10:22.870366,2024-08-29 06:10:23.091954,0 days 00:00:00.221588,0.01435,N95,18,12,1.1x60x0.1,1.1x60x0.1,0.021600791654793505,0.00010044843751908435,0.000306709972857329,4.7697476639721074e-05,0.2949182990774419,0.33134085746938374,0.40516135135771003,5.358813901466696e-05,6.552721262856479e-05,4.0,233.6894137610393,0.9737526364381314,2.1152349351049478,0.006900000000000001,0.008825,9,COMPLETE
2734,2734,3.826745994786095e-05,180.46064569768888,2024-08-29 06:10:23.094023,2024-08-29 06:10:23.335433,0 days 00:00:00.241410,0.01435,N95,18,21,1.1x60x0.1,1.4x200x0.071,0.018052714196167278,0.000122406328062784,0.0013418720270640101,4.7697476639721074e-05,0.2949182990774419,0.31398315818524236,0.23152077220440578,5.078085829076981e-05,3.744412150203703e-05,4.0,178.0001316536061,1.2658784273695707,1.1946356167132055,0.0108,0.008825,9,COMPLETE
2735,2735,,,2024-08-29 06:10:23.336430,2024-08-29 06:10:23.345406,0 days 00:00:00.008976,0.01435,N95,31,15,1.1x60x0.1,1.1x60x0.1,0.008327260326623048,,,,,,,,,,,,,,,9,FAIL
2736,2736,3.867898630271406e-05,191.10853113939464,2024-08-29 06:10:23.346404,2024-08-29 06:10:23.614687,0 days 00:00:00.268283,0.01435,N95,18,19,1.1x60x0.1,1.1x60x0.1,0.019778734232957968,0.00011687442057177639,0.0009841289413065521,4.7697476639721074e-05,0.2949182990774419,0.3163293752928493,0.25589137980486953,5.1160314689480466e-05,4.1385607975935666e-05,4.0,187.79233461934933,1.2009615849403619,2.1152349351049478,0.009500000000000001,0.008825,9,COMPLETE
2737,2737,,,2024-08-29 06:10:23.615683,2024-08-29 06:10:23.624697,0 days 00:00:00.009014,0.01435,N95,33,23,1.1x60x0.1,1.1x60x0.1,0.008258013952153026,,,,,,,,,,,,,,,9,FAIL
2738,2738,,,2024-08-29 06:10:23.625745,2024-08-29 06:10:23.632783,0 days 00:00:00.007038,0.01435,N95,26,8,1.1x60x0.1,1.1x60x0.1,0.008228209503171775,,,,,,,,,,,,,,,9,FAIL
2739,2739,,,2024-08-29 06:10:23.633780,2024-08-29 06:10:23.641817,0 days 00:00:00.008037,0.01435,N95,9,20,1.1x60x0.1,1.1x60x0.1,0.016142895977523004,,,,,,,,,,,,,,,9,FAIL
2740,2740,,,2024-08-29 06:10:23.642814,2024-08-29 06:10:23.650923,0 days 00:00:00.008109,0.0149,N95,38,21,1.4x200x0.071,1.1x60x0.1,0.005550492476500098,,,,,,,,,,,,,,,9,FAIL
2741,2741,3.4820072736639406e-05,174.4169575463868,2024-08-29 06:10:23.652918,2024-08-29 06:10:23.872020,0 days 00:00:00.219102,0.01435,N95,18,18,1.1x60x0.1,1.1x60x0.1,0.01578391232178776,0.000117388033087912,0.0008503684018419482,4.7697476639721074e-05,0.2949182990774419,0.31771630044594373,0.27010756757180665,5.1384623694034266e-05,4.368480841904319e-05,4.0,171.13321944755612,1.168503163725758,2.1152349351049478,0.009500000000000001,0.008825,9,COMPLETE
2742,2742,3.762620499390117e-05,84.50406305734407,2024-08-29 06:10:23.873019,2024-08-29 06:10:24.087445,0 days 00:00:00.214426,0.01435,N95,27,21,1.1x60x0.1,1.1x60x0.1,0.017388874673238863,0.0002766247728468838,0.0013970220973637518,3.179831775981402e-05,0.19661219938496108,0.21700117440146327,0.23152077220440578,3.509585020388289e-05,3.744412150203703e-05,6.0,79.77320643638564,1.5580042183010103,3.172852402657422,0.0108,0.008825,9,COMPLETE
2743,2743,,,2024-08-29 06:10:24.089440,2024-08-29 06:10:24.093429,0 days 00:00:00.003989,0.01435,N95,23,8,1.1x60x0.1,1.1x60x0.1,0.007053529883608127,,,,,,,,,,,,,,,9,FAIL
2744,2744,,,2024-08-29 06:10:24.093429,2024-08-29 06:10:24.100410,0 days 00:00:00.006981,0.01435,N95,23,1,1.1x60x0.1,1.1x60x0.1,0.015388140259219424,,,,,,,,,,,,,,,9,FAIL
2745,2745,,,2024-08-29 06:10:24.101407,2024-08-29 06:10:24.106394,0 days 00:00:00.004987,0.01435,N95,23,18,1.1x60x0.1,1.1x60x0.1,0.008297202485168166,,,,,,,,,,,,,,,9,FAIL
2746,2746,,,2024-08-29 06:10:24.106394,2024-08-29 06:10:24.110384,0 days 00:00:00.003990,0.0149,N95,30,21,1.1x60x0.1,1.1x60x0.1,0.010092197844102103,,,,,,,,,,,,,,,9,FAIL
2747,2747,,,2024-08-29 06:10:24.111381,2024-08-29 06:10:24.118362,0 days 00:00:00.006981,0.01435,N95,14,12,1.1x60x0.1,1.1x60x0.1,0.013316247497122033,,,,,,,,,,,,,,,9,FAIL
2748,2748,,,2024-08-29 06:10:24.119359,2024-08-29 06:10:24.125343,0 days 00:00:00.005984,0.01435,N95,18,15,1.1x60x0.1,1.1x60x0.1,0.010557486078679288,,,,,,,,,,,,,,,9,FAIL
2749,2749,,,2024-08-29 06:10:24.126341,2024-08-29 06:10:24.133322,0 days 00:00:00.006981,0.01435,N95,34,23,1.1x60x0.1,1.1x60x0.1,0.011189752809574325,,,,,,,,,,,,,,,9,FAIL
2750,2750,,,2024-08-29 06:10:24.134319,2024-08-29 06:10:24.141301,0 days 00:00:00.006982,0.01435,N95,35,14,1.1x60x0.1,1.1x60x0.1,0.015840160660234165,,,,,,,,,,,,,,,9,FAIL
2751,2751,4.455428109462033e-05,200.3545278956868,2024-08-29 06:10:24.142299,2024-08-29 06:10:24.353732,0 days 00:00:00.211433,0.0149,N95,18,14,1.1x60x0.1,1.1x60x0.1,0.017580509756014634,0.00011689388983772868,0.0004754426023048821,4.7697476639721074e-05,0.27354764849229546,0.301914943036476,0.32211614036031083,5.264377530582438e-05,5.616618225305554e-05,4.0,196.73977187401073,1.1904408823024852,2.4243151393735944,0.006900000000000001,0.01105,9,COMPLETE
2752,2752,,,2024-08-29 06:10:24.355728,2024-08-29 06:10:24.367751,0 days 00:00:00.012023,0.0149,N95,35,12,1.1x60x0.1,1.1x60x0.1,0.010615774932686825,,,,,,,,,,,,,,,9,FAIL
2753,2753,,,2024-08-29 06:10:24.368810,2024-08-29 06:10:24.379786,0 days 00:00:00.010976,0.01345,N95,22,16,1.1x60x0.1,1.1x60x0.1,0.00867374104475394,,,,,,,,,,,,,,,9,FAIL
2754,2754,3.674423012250598e-05,87.20326333629276,2024-08-29 06:10:24.381849,2024-08-29 06:10:24.642863,0 days 00:00:00.261014,0.0149,N95,23,23,1.1x60x0.1,1.1x60x0.1,0.010030350584109182,0.0002444765450167619,0.0018319223496539921,3.7605450211454966e-05,0.21566932258363924,0.23358251597138127,0.19607069413236314,4.072890650093097e-05,3.418811093664251e-05,5.0,82.46161064376595,1.7112587683098224,3.030393924216993,0.0082,0.01105,9,COMPLETE
2755,2755,,,2024-08-29 06:10:24.644859,2024-08-29 06:10:24.654919,0 days 00:00:00.010060,0.01345,N95,33,5,1.1x60x0.1,1.1x60x0.1,0.005160673075756633,,,,,,,,,,,,,,,9,FAIL
2756,2756,,,2024-08-29 06:10:24.656912,2024-08-29 06:10:24.666885,0 days 00:00:00.009973,0.0149,N95,23,20,1.1x60x0.1,1.1x60x0.1,0.005579747041765453,,,,,,,,,,,,,,,9,FAIL
2757,2757,,,2024-08-29 06:10:24.667884,2024-08-29 06:10:24.678854,0 days 00:00:00.010970,0.01435,N95,34,20,1.1x60x0.1,1.1x60x0.1,0.009116224756203651,,,,,,,,,,,,,,,9,FAIL
2758,2758,4.301238260026999e-05,71.53708538028317,2024-08-29 06:10:24.680849,2024-08-29 06:10:24.886298,0 days 00:00:00.205449,0.01435,N95,34,23,1.1x60x0.1,1.1x60x0.1,0.022964749838865775,0.0004018664663928683,0.0016709731681355863,2.412419716454984e-05,0.14916233930188658,0.16576477254089456,0.2113885311431531,2.680932783991756e-05,3.418811093664251e-05,8.0,65.45648550084083,1.8501300092324493,4.2304698702098955,0.0108,0.008825,9,COMPLETE
2759,2759,3.470531321651915e-05,184.50990808740178,2024-08-29 06:10:24.888293,2024-08-29 06:10:25.161562,0 days 00:00:00.273269,0.01435,N95,18,16,1.1x60x0.1,1.1x60x0.1,0.016965111048413264,0.00011226400183921543,0.0006157428614636193,4.7697476639721074e-05,0.2949182990774419,0.32112243970180376,0.30387101351828255,5.193550252419244e-05,4.91454094714236e-05,4.0,181.29108683100029,1.1035863212965487,2.1152349351049478,0.0082,0.008825,9,COMPLETE
2760,2760,,,2024-08-29 06:10:25.163557,2024-08-29 06:10:25.173530,0 days 00:00:00.009973,0.0149,N95,35,23,1.1x60x0.1,1.1x60x0.1,0.005040276862455883,,,,,,,,,,,,,,,9,FAIL
2761,2761,,,2024-08-29 06:10:25.175525,2024-08-29 06:10:25.182506,0 days 00:00:00.006981,0.01345,N95,23,23,1.1x60x0.1,1.4x200x0.071,0.005284779851319397,,,,,,,,,,,,,,,9,FAIL
2762,2762,,,2024-08-29 06:10:25.183503,2024-08-29 06:10:25.191600,0 days 00:00:00.008097,0.01435,N95,18,17,1.1x60x0.1,1.1x60x0.1,0.010084702472529832,,,,,,,,,,,,,,,9,FAIL
2763,2763,,,2024-08-29 06:10:25.192598,2024-08-29 06:10:25.202616,0 days 00:00:00.010018,0.01435,N95,34,4,1.1x60x0.1,1.1x60x0.1,0.0204487428353872,,,,,,,,,,,,,,,9,FAIL
2764,2764,,,2024-08-29 06:10:25.203614,2024-08-29 06:10:25.213587,0 days 00:00:00.009973,0.01435,N95,27,16,1.1x60x0.1,1.1x60x0.1,0.01112362711468885,,,,,,,,,,,,,,,9,FAIL
2765,2765,3.774024373584161e-05,85.69189235160422,2024-08-29 06:10:25.214641,2024-08-29 06:10:25.449557,0 days 00:00:00.234916,0.01435,N95,31,16,1.1x60x0.1,1.1x60x0.1,0.020106929783109947,0.0003370686406892087,0.0006344312686348025,2.7446998889213458e-05,0.16970755682379857,0.19701333090725454,0.30387101351828255,3.1863193223540415e-05,4.91454094714236e-05,7.0,80.46468541808416,1.5255457970864057,3.7016611364336582,0.0082,0.008825,9,COMPLETE
2766,2766,4.1834454307048733e-05,335.64394908959036,2024-08-29 06:10:25.451487,2024-08-29 06:10:25.689907,0 days 00:00:00.238420,0.0149,N95,22,8,1.1x60x0.1,1.1x60x0.1,0.016703910601536556,0.00015774508388975258,0.00013281108956133083,3.850162050919795e-05,0.2208089084667231,0.40210744605573323,0.563703245630544,7.011396596027193e-05,9.82908189428472e-05,5.0,331.4975168382148,1.1160383271585799,3.030393924216993,0.005600000000000001,0.01105,9,COMPLETE
2767,2767,4.113921435683824e-05,59.20316965610618,2024-08-29 06:10:25.690905,2024-08-29 06:10:25.924281,0 days 00:00:00.233376,0.0149,N95,34,23,1.1x60x0.1,1.1x60x0.1,0.013547530064841187,0.0004357283282927916,0.0016677865198760882,2.412419716454984e-05,0.13835359585105508,0.15375296776520136,0.19607069413236314,2.680932783991756e-05,3.418811093664251e-05,8.0,52.23406655575769,2.120472821601302,4.848630278747189,0.0082,0.01105,9,COMPLETE
2768,2768,,,2024-08-29 06:10:25.926275,2024-08-29 06:10:25.937245,0 days 00:00:00.010970,0.0149,N95,34,16,1.1x60x0.1,1.4x200x0.071,0.011557225292452653,,,,,,,,,,,,,,,9,FAIL
2769,2769,3.9655446870241134e-05,141.83519344659,2024-08-29 06:10:25.938243,2024-08-29 06:10:26.185582,0 days 00:00:00.247339,0.01435,N95,26,13,1.1x60x0.1,1.1x60x0.1,0.022089585086121487,0.00021468776806531724,0.0003590722564454578,3.217217402876327e-05,0.19892379032656934,0.23148324360062547,0.37399509356096317,3.743805195766582e-05,6.0486657810982893e-05,6.0,137.39646261656304,1.2658784273695707,3.172852402657422,0.0082,0.008825,9,COMPLETE
2770,2770,3.993112724377591e-05,108.86678502643635,2024-08-29 06:10:26.186579,2024-08-29 06:10:26.425214,0 days 00:00:00.238635,0.01435,N95,23,23,1.1x60x0.1,1.1x60x0.1,0.01977497473733271,0.00022133989032331646,0.0018519608078286175,3.7605450211454966e-05,0.2325182838533611,0.25183092848429073,0.2113885311431531,4.072890650093097e-05,3.418811093664251e-05,5.0,104.72965398168337,1.4930873758718013,2.644043668881184,0.0108,0.008825,9,COMPLETE
2771,2771,,,2024-08-29 06:10:26.427208,2024-08-29 06:10:26.436251,0 days 00:00:00.009043,0.01435,N95,23,14,1.1x60x0.1,1.1x60x0.1,0.008668274262745327,,,,,,,,,,,,,,,9,FAIL
2772,2772,,,2024-08-29 06:10:26.437249,2024-08-29 06:10:26.447221,0 days 00:00:00.009972,0.01435,N95,27,8,1.1x60x0.1,1.1x60x0.1,0.009253679448615566,,,,,,,,,,,,,,,9,FAIL
2773,2773,4.3532401484002174e-05,72.03656390645266,2024-08-29 06:10:26.449216,2024-08-29 06:10:26.684586,0 days 00:00:00.235370,0.0149,N95,34,17,1.1x60x0.1,1.1x60x0.1,0.016762728893419423,0.0004309472373087611,0.0007191699400878398,2.412419716454984e-05,0.13835359585105508,0.16073417692746253,0.26527211559084424,2.8026615075868105e-05,4.625450303192809e-05,8.0,65.29066847153588,1.8972651561695857,4.848630278747189,0.006900000000000001,0.01105,9,COMPLETE
2774,2774,,,2024-08-29 06:10:26.685584,2024-08-29 06:10:26.692565,0 days 00:00:00.006981,0.012,N95,18,23,1.1x60x0.1,1.1x60x0.1,0.013738355665415671,,,,,,,,,,,,,,,9,FAIL
2775,2775,,,2024-08-29 06:10:26.694559,2024-08-29 06:10:26.706529,0 days 00:00:00.011970,0.01435,N95,24,16,1.1x60x0.1,1.1x60x0.1,0.024954488459848725,,,,,,,,,,,,,,,9,FAIL
2776,2776,3.020182513514377e-05,199.47213328190352,2024-08-29 06:10:26.707529,2024-08-29 06:10:26.911979,0 days 00:00:00.204450,0.01435,N95,23,10,1.1x60x0.1,1.1x60x0.1,0.01360301314025188,0.00017512918915576695,0.00022091928676453533,3.7605450211454966e-05,0.2325182838533611,0.3743518533782035,0.48619362162925206,6.054435698767706e-05,7.863265515427775e-05,5.0,195.7569617129404,1.0711279000819447,2.644043668881184,0.006900000000000001,0.008825,9,COMPLETE
2777,2777,,,2024-08-29 06:10:26.913974,2024-08-29 06:10:26.922990,0 days 00:00:00.009016,0.01435,N95,34,18,1.1x60x0.1,1.1x60x0.1,0.008196397389570991,,,,,,,,,,,,,,,9,FAIL
2778,2778,,,2024-08-29 06:10:26.923987,2024-08-29 06:10:26.929050,0 days 00:00:00.005063,0.01435,N95,39,23,1.4x200x0.071,1.1x60x0.1,0.014720622592878587,,,,,,,,,,,,,,,9,FAIL
2779,2779,,,2024-08-29 06:10:26.930048,2024-08-29 06:10:26.936033,0 days 00:00:00.005985,0.0149,N95,34,23,1.1x60x0.1,1.4x200x0.071,0.012556894588231138,,,,,,,,,,,,,,,9,FAIL
2780,2780,,,2024-08-29 06:10:26.937031,2024-08-29 06:10:26.944062,0 days 00:00:00.007031,0.01435,N95,34,18,1.1x60x0.1,1.1x60x0.1,0.01581128900681307,,,,,,,,,,,,,,,9,FAIL
2781,2781,3.012428906779285e-05,167.10776179205337,2024-08-29 06:10:26.945060,2024-08-29 06:10:27.182092,0 days 00:00:00.237032,0.01435,N95,18,15,1.1x60x0.1,1.1x60x0.1,0.012222746304663102,0.00011322683721226111,0.0005246583744754121,4.7697476639721074e-05,0.2949182990774419,0.32316612325531974,0.3241290810861681,5.2266029822287344e-05,5.242177010285185e-05,4.0,163.92139895686648,1.0711279000819447,2.1152349351049478,0.0082,0.008825,9,COMPLETE
2782,2782,,,2024-08-29 06:10:27.184087,2024-08-29 06:10:27.193063,0 days 00:00:00.008976,0.01435,N95,23,21,1.1x60x0.1,1.1x60x0.1,0.011991416154382414,,,,,,,,,,,,,,,9,FAIL
2783,2783,,,2024-08-29 06:10:27.195058,2024-08-29 06:10:27.206029,0 days 00:00:00.010971,0.01435,N95,23,15,1.4x200x0.071,1.4x200x0.071,0.007147313207766125,,,,,,,,,,,,,,,9,FAIL
2784,2784,,,2024-08-29 06:10:27.207027,2024-08-29 06:10:27.217000,0 days 00:00:00.009973,0.01435,N95,2,8,1.1x60x0.1,1.1x60x0.1,0.00754174120504862,,,,,,,,,,,,,,,9,FAIL
2785,2785,,,2024-08-29 06:10:27.218993,2024-08-29 06:10:27.228967,0 days 00:00:00.009974,0.0149,N95,8,14,1.1x60x0.1,1.1x60x0.1,0.013308009574100717,,,,,,,,,,,,,,,9,FAIL
2786,2786,4.631852646560388e-05,58.557290307772966,2024-08-29 06:10:27.229965,2024-08-29 06:10:27.427436,0 days 00:00:00.197471,0.0149,N95,35,23,1.1x60x0.1,1.1x60x0.1,0.017692384585809674,0.000495326247283651,0.0017697858501201714,2.409555951986295e-05,0.1381893573857453,0.1547571445806274,0.19607069413236314,2.6984422381800567e-05,3.418811093664251e-05,8.0,51.55098592985252,2.1576740991732546,4.848630278747189,0.0082,0.01105,9,COMPLETE
2787,2787,,,2024-08-29 06:10:27.429431,2024-08-29 06:10:27.437409,0 days 00:00:00.007978,0.01435,N95,39,13,1.1x60x0.1,1.1x60x0.1,0.01325476808611902,,,,,,,,,,,,,,,9,FAIL
2788,2788,4.366164181377356e-05,96.41438760255356,2024-08-29 06:10:27.438407,2024-08-29 06:10:27.669788,0 days 00:00:00.231381,0.0149,N95,23,21,1.4x200x0.071,1.1x60x0.1,0.012766156212317196,0.00023526764787512483,0.0015474004939189695,3.7605450211454966e-05,0.21566932258363924,0.23546633431675332,0.2147440935735406,4.105738083444143e-05,3.744412150203703e-05,5.0,92.41980601446461,0.9641876638719582,3.030393924216993,0.011,0.01105,9,COMPLETE
2789,2789,,,2024-08-29 06:10:27.671783,2024-08-29 06:10:27.681760,0 days 00:00:00.009977,0.01435,N95,35,23,1.1x60x0.1,1.1x60x0.1,0.011757344699674111,,,,,,,,,,,,,,,9,FAIL
2790,2790,,,2024-08-29 06:10:27.681760,2024-08-29 06:10:27.690732,0 days 00:00:00.008972,0.01435,N95,31,2,1.1x60x0.1,1.1x60x0.1,0.016070668885347708,,,,,,,,,,,,,,,9,FAIL
2791,2791,4.0699080671209314e-05,53.51708657810735,2024-08-29 06:10:27.692727,2024-08-29 06:10:27.972977,0 days 00:00:00.280250,0.01435,N95,39,23,1.1x60x0.1,1.1x60x0.1,0.020569974968910804,0.0005742371643505958,0.0017604151359143965,2.144811601917549e-05,0.13261586021771274,0.15049452765135674,0.2113885311431531,2.4339653522725416e-05,3.418811093664251e-05,9.0,46.74538585881575,2.0124221153054713,4.759278603986133,0.0108,0.008825,9,COMPLETE
2792,2792,,,2024-08-29 06:10:27.975969,2024-08-29 06:10:27.982950,0 days 00:00:00.006981,0.01435,N95,20,16,1.1x60x0.1,1.1x60x0.1,0.006286623745950828,,,,,,,,,,,,,,,9,FAIL
2793,2793,,,2024-08-29 06:10:27.983948,2024-08-29 06:10:27.991925,0 days 00:00:00.007977,0.01435,N95,18,11,1.1x60x0.1,1.1x60x0.1,0.019208954968859226,,,,,,,,,,,,,,,9,FAIL
2794,2794,4.6543537476133754e-05,273.74695963973005,2024-08-29 06:10:27.992923,2024-08-29 06:10:28.200368,0 days 00:00:00.207445,0.0149,N95,18,10,1.4x200x0.071,1.1x60x0.1,0.019872454426104493,0.00010602261494230705,0.00022035982821161907,4.7697476639721074e-05,0.27354764849229546,0.3149132896195431,0.4509625965044352,5.491024820704658e-05,7.863265515427775e-05,4.0,270.7090705324379,0.6135739679185189,2.4243151393735944,0.006200000000000001,0.01105,9,COMPLETE
2795,2795,4.637624098119851e-05,61.99868020197155,2024-08-29 06:10:28.201366,2024-08-29 06:10:28.421776,0 days 00:00:00.220410,0.0149,N95,35,20,1.1x60x0.1,1.1x60x0.1,0.01773857185274095,0.0004852848883180157,0.0012092827306218847,2.409555951986295e-05,0.1381893573857453,0.15772415847458837,0.2254812982522176,2.7501769457079548e-05,3.931632757713888e-05,8.0,55.10397965676697,2.0460702664573964,4.848630278747189,0.0082,0.01105,9,COMPLETE
2796,2796,,,2024-08-29 06:10:28.422774,2024-08-29 06:10:28.429755,0 days 00:00:00.006981,0.01435,N95,39,14,1.1x60x0.1,1.1x60x0.1,0.015548018238647227,,,,,,,,,,,,,,,9,FAIL
2797,2797,3.7259632718315414e-05,99.05412537161318,2024-08-29 06:10:28.430753,2024-08-29 06:10:28.691782,0 days 00:00:00.261029,0.0149,N95,23,17,1.1x60x0.1,1.1x60x0.1,0.011742812458292076,0.000219199236746119,0.0008054986166768366,3.7605450211454966e-05,0.21566932258363924,0.2405637251336424,0.26527211559084424,4.194619373688151e-05,4.625450303192809e-05,5.0,94.53568034451808,1.4880511028781065,3.030393924216993,0.006900000000000001,0.01105,9,COMPLETE
2798,2798,,,2024-08-29 06:10:28.692780,2024-08-29 06:10:28.700842,0 days 00:00:00.008062,0.01345,N95,13,21,1.1x60x0.1,1.4x200x0.071,0.007401123633983016,,,,,,,,,,,,,,,9,FAIL
2799,2799,3.081774673613769e-05,123.01625631277781,2024-08-29 06:10:28.702837,2024-08-29 06:10:28.922302,0 days 00:00:00.219465,0.01435,N95,22,16,1.1x60x0.1,1.1x60x0.1,0.012940627086530654,0.0001624590743476179,0.0006064714471951399,3.850162050919795e-05,0.23805939500878825,0.2635712763586992,0.30387101351828255,4.2627686502828214e-05,4.91454094714236e-05,5.0,119.13879263774166,1.2334200061549663,2.644043668881184,0.0082,0.008825,9,COMPLETE
2800,2800,3.57872904541085e-05,91.98453103438531,2024-08-29 06:10:28.924298,2024-08-29 06:10:29.149694,0 days 00:00:00.225396,0.01435,N95,34,14,1.1x60x0.1,1.1x60x0.1,0.01808519479791949,0.00039486757267286337,0.0004147251241267217,2.412419716454984e-05,0.14916233930188658,0.20960006667169415,0.3472811583066086,3.389886051503342e-05,5.616618225305554e-05,8.0,86.1960569458744,1.5580042183010103,4.2304698702098955,0.0082,0.008825,9,COMPLETE
2801,2801,3.696275592871131e-05,85.93560134999477,2024-08-29 06:10:29.150692,2024-08-29 06:10:29.398031,0 days 00:00:00.247339,0.01435,N95,34,15,1.1x60x0.1,1.1x60x0.1,0.019302059377382986,0.00039560053788110654,0.0004919656916685144,2.412419716454984e-05,0.14916233930188658,0.18647743278770848,0.3241290810861681,3.0159210269591635e-05,5.242177010285185e-05,8.0,80.11466884026925,1.5904626395156145,4.2304698702098955,0.0082,0.008825,9,COMPLETE
2802,2802,3.990420472638319e-05,331.7057967017183,2024-08-29 06:10:29.400025,2024-08-29 06:10:29.639849,0 days 00:00:00.239824,0.01435,N95,26,8,1.1x60x0.1,1.1x60x0.1,0.024947104026951987,0.0002050915401145486,0.00011971428030050279,3.217217402876327e-05,0.19892379032656934,0.44517878289367047,0.6077420270365651,7.199927798306795e-05,9.82908189428472e-05,6.0,327.4293579777643,1.1035863212965487,3.172852402657422,0.005600000000000001,0.008825,9,COMPLETE
2803,2803,,,2024-08-29 06:10:29.641844,2024-08-29 06:10:29.652875,0 days 00:00:00.011031,0.01435,N95,34,8,1.1x60x0.1,1.1x60x0.1,0.012369131132876545,,,,,,,,,,,,,,,9,FAIL
2804,2804,3.557747286980889e-05,139.2773360680526,2024-08-29 06:10:29.654870,2024-08-29 06:10:29.889242,0 days 00:00:00.234372,0.01435,N95,22,16,1.1x60x0.1,1.1x60x0.1,0.017867987579162976,0.00015945726873059802,0.0006064714471951399,3.850162050919795e-05,0.23805939500878825,0.2635712763586992,0.30387101351828255,4.2627686502828214e-05,4.91454094714236e-05,5.0,135.39987239301644,1.2334200061549663,2.644043668881184,0.0082,0.008825,9,COMPLETE
2805,2805,4.167070148811578e-05,98.44594213316124,2024-08-29 06:10:29.891237,2024-08-29 06:10:30.163509,0 days 00:00:00.272272,0.01435,N95,31,15,1.1x60x0.1,1.1x60x0.1,0.024175815618686057,0.00033210984749408395,0.0005412591874763916,2.7446998889213458e-05,0.16970755682379857,0.20619834399882364,0.3241290810861681,3.3348695983935794e-05,5.242177010285185e-05,7.0,93.25119362085579,1.4930873758718013,3.7016611364336582,0.0082,0.008825,9,COMPLETE
2806,2806,4.204179201663068e-05,88.34251488790835,2024-08-29 06:10:30.165504,2024-08-29 06:10:30.419101,0 days 00:00:00.253597,0.01435,N95,39,14,1.1x60x0.1,1.1x60x0.1,0.024559975706481704,0.0005500117261536052,0.0004436730499310024,2.144811601917549e-05,0.13261586021771274,0.23897927055248272,0.3472811583066086,3.865039304177415e-05,5.616618225305554e-05,9.0,81.86293995954819,1.7202963243740321,4.759278603986133,0.0082,0.008825,9,COMPLETE
2807,2807,,,2024-08-29 06:10:30.420164,2024-08-29 06:10:30.430138,0 days 00:00:00.009974,0.01435,N95,23,21,1.1x60x0.1,1.4x200x0.071,0.015238500537530463,,,,,,,,,,,,,,,9,FAIL
