,number,values_0,values_1,datetime_start,datetime_complete,duration,params_core_inner_diameter,params_material,params_n_p_bot,params_n_p_top,params_primary_litz_wire,params_secondary_litz_wire,params_window_h_bot,user_attrs_air_gap_bot,user_attrs_air_gap_top,user_attrs_flux_bot_max,user_attrs_flux_density_bot_max,user_attrs_flux_density_mid_max,user_attrs_flux_density_top_max,user_attrs_flux_mid_max,user_attrs_flux_top_max,user_attrs_n_s_bot,user_attrs_p_hyst,user_attrs_primary_litz_wire_loss,user_attrs_secondary_litz_wire_loss,user_attrs_window_h_top,user_attrs_window_w,system_attrs_nsga2:generation,state
3895,3895,3.934956471488351e-05,62.23719376312062,2024-08-29 06:12:06.744446,2024-08-29 06:12:06.965853,0 days 00:00:00.221407,0.01435,N95,35,21,1.1x60x0.1,1.1x60x0.1,0.019172929966607733,0.0004507273717109922,0.0013601390922537504,2.409555951986295e-05,0.1489852698622507,0.16887838958443657,0.23152077220440578,2.7312896715311033e-05,3.744412150203703e-05,8.0,56.18905230489288,1.817671588017845,4.2304698702098955,0.0108,0.008825,17,COMPLETE
3896,3896,3.047557682260282e-05,121.84729198121023,2024-08-29 06:12:06.966850,2024-08-29 06:12:07.193640,0 days 00:00:00.226790,0.01435,N95,22,16,1.1x60x0.1,1.1x60x0.1,0.01258640617835863,0.00016266185642166146,0.0006064714471951399,3.850162050919795e-05,0.23805939500878825,0.2635712763586992,0.30387101351828255,4.2627686502828214e-05,4.91454094714236e-05,5.0,117.96982830617408,1.2334200061549663,2.644043668881184,0.0082,0.008825,17,COMPLETE
3897,3897,4.0588362411107104e-05,109.19461458785355,2024-08-29 06:12:07.195634,2024-08-29 06:12:07.404089,0 days 00:00:00.208455,0.01435,N95,26,20,1.1x60x0.1,1.1x60x0.1,0.021755357286019072,0.00022586008245035192,0.0011032071986435662,3.217217402876327e-05,0.19892379032656934,0.21827790371636818,0.24309681081462603,3.53023371084372e-05,3.931632757713888e-05,6.0,104.52867480932433,1.4930873758718013,3.172852402657422,0.009500000000000001,0.008825,17,COMPLETE
3898,3898,4.031625369452696e-05,115.9803340743743,2024-08-29 06:12:07.407081,2024-08-29 06:12:07.628553,0 days 00:00:00.221472,0.01435,N95,23,20,1.1x60x0.1,1.1x60x0.1,0.021473665083122574,0.00020864489159694625,0.0011957098788199375,3.7605450211454966e-05,0.2325182838533611,0.25502973752457664,0.24309681081462603,4.124625357620995e-05,3.931632757713888e-05,5.0,111.94057829326513,1.395712112227988,2.644043668881184,0.009500000000000001,0.008825,17,COMPLETE
3899,3899,,,2024-08-29 06:12:07.630548,2024-08-29 06:12:07.639524,0 days 00:00:00.008976,0.01435,N95,34,17,1.1x60x0.1,1.1x60x0.1,0.016482124168011168,,,,,,,,,,,,,,,17,FAIL
3900,3900,,,2024-08-29 06:12:07.641518,2024-08-29 06:12:07.653487,0 days 00:00:00.011969,0.01435,N95,7,17,1.4x200x0.071,1.4x200x0.071,0.02113377058683838,,,,,,,,,,,,,,,17,FAIL
3901,3901,,,2024-08-29 06:12:07.655481,2024-08-29 06:12:07.665455,0 days 00:00:00.009974,0.01435,N95,34,16,1.4x200x0.071,1.1x60x0.1,0.02093724604313934,,,,,,,,,,,,,,,17,FAIL
3902,3902,,,2024-08-29 06:12:07.666453,2024-08-29 06:12:07.675428,0 days 00:00:00.008975,0.01435,N95,23,15,1.1x60x0.1,1.1x60x0.1,0.009615422521513754,,,,,,,,,,,,,,,17,FAIL
3903,3903,,,2024-08-29 06:12:07.676426,2024-08-29 06:12:07.685402,0 days 00:00:00.008976,0.01435,N95,18,20,1.4x200x0.071,1.1x60x0.1,0.007666896451128245,,,,,,,,,,,,,,,17,FAIL
3904,3904,,,2024-08-29 06:12:07.687396,2024-08-29 06:12:07.696371,0 days 00:00:00.008975,0.01435,N95,39,16,1.1x60x0.1,1.1x60x0.1,0.014285475032229352,,,,,,,,,,,,,,,17,FAIL
3905,3905,4.214171872104836e-05,132.73481839538888,2024-08-29 06:12:07.698366,2024-08-29 06:12:07.884868,0 days 00:00:00.186502,0.01435,N95,23,16,1.1x60x0.1,1.4x200x0.071,0.024663421762342666,0.00019113296822649198,0.0006533138571469244,3.7605450211454966e-05,0.2325182838533611,0.26116078818512467,0.30387101351828255,4.223783547049466e-05,4.91454094714236e-05,5.0,129.97564544712782,1.2658784273695707,1.493294520891507,0.0082,0.008825,17,COMPLETE
3906,3906,,,2024-08-29 06:12:07.887859,2024-08-29 06:12:07.899922,0 days 00:00:00.012063,0.01435,N95,22,11,1.1x60x0.1,1.1x60x0.1,0.007240640086308148,,,,,,,,,,,,,,,17,FAIL
3907,3907,,,2024-08-29 06:12:07.901973,2024-08-29 06:12:07.912000,0 days 00:00:00.010027,0.01435,N95,39,23,1.1x60x0.1,1.1x60x0.1,0.006806049738503801,,,,,,,,,,,,,,,17,FAIL
3908,3908,,,2024-08-29 06:12:07.913064,2024-08-29 06:12:07.925127,0 days 00:00:00.012063,0.012,N95,18,9,1.1x60x0.1,1.1x60x0.1,0.013271383576137361,,,,,,,,,,,,,,,17,FAIL
3909,3909,3.2193441969913834e-05,94.24682825939223,2024-08-29 06:12:07.927122,2024-08-29 06:12:08.118516,0 days 00:00:00.191394,0.01435,N95,23,20,1.1x60x0.1,1.1x60x0.1,0.013064773382860271,0.00021327125510266361,0.0011957098788199375,3.7605450211454966e-05,0.2325182838533611,0.25502973752457664,0.24309681081462603,4.124625357620995e-05,3.931632757713888e-05,5.0,90.20707247828307,1.395712112227988,2.644043668881184,0.009500000000000001,0.008825,17,COMPLETE
3910,3910,,,2024-08-29 06:12:08.121509,2024-08-29 06:12:08.129560,0 days 00:00:00.008051,0.01435,N95,34,18,1.1x60x0.1,1.1x60x0.1,0.014090132653615865,,,,,,,,,,,,,,,17,FAIL
3911,3911,3.5013815431496115e-05,94.77984174615358,2024-08-29 06:12:08.130558,2024-08-29 06:12:08.339997,0 days 00:00:00.209439,0.0149,N95,23,17,1.1x60x0.1,1.1x60x0.1,0.00994554947450935,0.00021989441131239231,0.0008054986166768366,3.7605450211454966e-05,0.21566932258363924,0.2405637251336424,0.26527211559084424,4.194619373688151e-05,4.625450303192809e-05,5.0,90.26139671905848,1.4880511028781065,3.030393924216993,0.006900000000000001,0.01105,17,COMPLETE
3912,3912,,,2024-08-29 06:12:08.341991,2024-08-29 06:12:08.353959,0 days 00:00:00.011968,0.0149,N95,34,20,1.1x60x0.1,1.1x60x0.1,0.007508590962395268,,,,,,,,,,,,,,,17,FAIL
3913,3913,,,2024-08-29 06:12:08.355954,2024-08-29 06:12:08.360941,0 days 00:00:00.004987,0.012,N95,23,20,1.1x60x0.1,1.1x60x0.1,0.007303858802472876,,,,,,,,,,,,,,,17,FAIL
3914,3914,,,2024-08-29 06:12:08.362936,2024-08-29 06:12:08.373906,0 days 00:00:00.010970,0.01345,N95,23,16,1.1x60x0.1,1.1x60x0.1,0.008133589646655361,,,,,,,,,,,,,,,17,FAIL
3915,3915,3.5021566623357245e-05,137.3781201772218,2024-08-29 06:12:08.375901,2024-08-29 06:12:08.591325,0 days 00:00:00.215424,0.01435,N95,22,16,1.1x60x0.1,1.1x60x0.1,0.01729250268792184,0.0001598220872470267,0.0006064714471951399,3.850162050919795e-05,0.23805939500878825,0.2635712763586992,0.30387101351828255,4.2627686502828214e-05,4.91454094714236e-05,5.0,133.50065650218565,1.2334200061549663,2.644043668881184,0.0082,0.008825,17,COMPLETE
3916,3916,,,2024-08-29 06:12:08.593318,2024-08-29 06:12:08.600300,0 days 00:00:00.006982,0.01435,N95,10,20,1.1x60x0.1,1.1x60x0.1,0.02267193591498822,,,,,,,,,,,,,,,17,FAIL
3917,3917,4.2638376376180284e-05,116.1104872106556,2024-08-29 06:12:08.601298,2024-08-29 06:12:08.829686,0 days 00:00:00.228388,0.01435,N95,23,23,1.1x60x0.1,1.1x60x0.1,0.02257757136665465,0.00021968226218870598,0.0018519608078286175,3.7605450211454966e-05,0.2325182838533611,0.25183092848429073,0.2113885311431531,4.072890650093097e-05,3.418811093664251e-05,5.0,111.97335616590263,1.4930873758718013,2.644043668881184,0.0108,0.008825,17,COMPLETE
3918,3918,3.684388732109311e-05,126.11592787681815,2024-08-29 06:12:08.830683,2024-08-29 06:12:09.061067,0 days 00:00:00.230384,0.01435,N95,22,21,1.1x60x0.1,1.1x60x0.1,0.01657900429720753,0.00016962628100597278,0.0013237214281748805,3.850162050919795e-05,0.23805939500878825,0.25633570067416306,0.23152077220440578,4.145746850256275e-05,3.744412150203703e-05,5.0,122.07617209570898,1.395712112227988,2.644043668881184,0.0108,0.008825,17,COMPLETE
3919,3919,3.8982366636234285e-05,155.8293456803462,2024-08-29 06:12:09.063062,2024-08-29 06:12:09.280481,0 days 00:00:00.217419,0.01435,N95,22,15,1.1x60x0.1,1.1x60x0.1,0.021392799418148815,0.00015528998191107537,0.0005164216285503456,3.850162050919795e-05,0.23805939500878825,0.2656149599122152,0.3241290810861681,4.295821380092312e-05,5.242177010285185e-05,5.0,151.98434042652465,1.2009615849403619,2.644043668881184,0.0082,0.008825,17,COMPLETE
3920,3920,,,2024-08-29 06:12:09.281478,2024-08-29 06:12:09.289456,0 days 00:00:00.007978,0.01435,N95,34,19,1.1x60x0.1,1.1x60x0.1,0.01636531911398772,,,,,,,,,,,,,,,17,FAIL
3921,3921,,,2024-08-29 06:12:09.290458,2024-08-29 06:12:09.299432,0 days 00:00:00.008974,0.01435,N95,39,23,1.1x60x0.1,1.1x60x0.1,0.016204000419474358,,,,,,,,,,,,,,,17,FAIL
3922,3922,,,2024-08-29 06:12:09.300429,2024-08-29 06:12:09.307409,0 days 00:00:00.006980,0.01345,N95,19,21,1.1x60x0.1,1.1x60x0.1,0.004169794203397856,,,,,,,,,,,,,,,17,FAIL
3923,3923,,,2024-08-29 06:12:09.308407,2024-08-29 06:12:09.313393,0 days 00:00:00.004986,0.01435,N95,34,18,1.1x60x0.1,1.4x200x0.071,0.01743822940114326,,,,,,,,,,,,,,,17,FAIL
3924,3924,,,2024-08-29 06:12:09.315388,2024-08-29 06:12:09.321372,0 days 00:00:00.005984,0.012,N95,39,23,1.1x60x0.1,1.1x60x0.1,0.011201713685009444,,,,,,,,,,,,,,,17,FAIL
3925,3925,4.17811740335313e-05,100.59161317883157,2024-08-29 06:12:09.322370,2024-08-29 06:12:09.523830,0 days 00:00:00.201460,0.01435,N95,27,18,1.1x60x0.1,1.1x60x0.1,0.022990178932984794,0.000262999645281135,0.0008873596840929406,3.179831775981402e-05,0.19661219938496108,0.220893904979589,0.27010756757180665,3.5725426009777945e-05,4.368480841904319e-05,6.0,95.95813182151694,1.460628954657197,3.172852402657422,0.009500000000000001,0.008825,17,COMPLETE
3926,3926,,,2024-08-29 06:12:09.524827,2024-08-29 06:12:09.530810,0 days 00:00:00.005983,0.01435,N95,10,21,1.1x60x0.1,1.4x200x0.071,0.014720551956823246,,,,,,,,,,,,,,,17,FAIL
3927,3927,,,2024-08-29 06:12:09.531809,2024-08-29 06:12:09.538790,0 days 00:00:00.006981,0.01435,N95,28,16,1.1x60x0.1,1.1x60x0.1,0.007150702545980783,,,,,,,,,,,,,,,17,FAIL
3928,3928,4.024311977637618e-05,71.2036204460602,2024-08-29 06:12:09.539787,2024-08-29 06:12:09.755211,0 days 00:00:00.215424,0.01435,N95,39,16,1.1x60x0.1,1.1x60x0.1,0.022697955437473362,0.0005552443915501582,0.000615742861463619,2.144811601917549e-05,0.13261586021771274,0.1956243320200095,0.30387101351828255,3.163854883157079e-05,4.91454094714236e-05,9.0,64.65912867527082,1.7852131668032407,4.759278603986133,0.0082,0.008825,17,COMPLETE
3929,3929,4.084544570334939e-05,77.53923103130533,2024-08-29 06:12:09.758203,2024-08-29 06:12:09.980609,0 days 00:00:00.222406,0.01435,N95,34,18,1.1x60x0.1,1.1x60x0.1,0.022021494879219936,0.00039771686672561754,0.0008020568736040902,2.412419716454984e-05,0.14916233930188658,0.17168849298586847,0.27010756757180665,2.776737797932308e-05,4.368480841904319e-05,8.0,71.620923257936,1.6878379031594277,4.2304698702098955,0.009500000000000001,0.008825,17,COMPLETE
3930,3930,3.368694848871024e-05,208.79716373185994,2024-08-29 06:12:09.981606,2024-08-29 06:12:10.209994,0 days 00:00:00.228388,0.01435,N95,23,10,1.1x60x0.1,1.1x60x0.1,0.017210880198575362,0.00017299957840132137,0.00022091928676453533,3.7605450211454966e-05,0.2325182838533611,0.3743518533782035,0.48619362162925206,6.054435698767706e-05,7.863265515427775e-05,5.0,205.08199216289682,1.0711279000819447,2.644043668881184,0.006900000000000001,0.008825,17,COMPLETE
3931,3931,,,2024-08-29 06:12:10.211989,2024-08-29 06:12:10.221963,0 days 00:00:00.009974,0.01435,N95,34,14,1.1x60x0.1,1.1x60x0.1,0.0138783255153535,,,,,,,,,,,,,,,17,FAIL
3932,3932,,,2024-08-29 06:12:10.222961,2024-08-29 06:12:10.228944,0 days 00:00:00.005983,0.01435,N95,31,16,1.1x60x0.1,1.1x60x0.1,0.010566406056214398,,,,,,,,,,,,,,,17,FAIL
3933,3933,4.295308744697239e-05,202.47188370443385,2024-08-29 06:12:10.229943,2024-08-29 06:12:10.459327,0 days 00:00:00.229384,0.01435,N95,18,23,1.1x60x0.1,1.1x60x0.1,0.022903366350077142,0.00012348283818949327,0.0017604151359143986,4.7697476639721074e-05,0.2949182990774419,0.31204497883548,0.2113885311431531,5.046739430922621e-05,3.418811093664251e-05,4.0,199.02585349953011,1.3307952697987795,2.1152349351049478,0.0108,0.008825,17,COMPLETE
3934,3934,,,2024-08-29 06:12:10.461322,2024-08-29 06:12:10.471296,0 days 00:00:00.009974,0.012,N95,26,12,1.1x60x0.1,1.1x60x0.1,0.008428798064198523,,,,,,,,,,,,,,,17,FAIL
3935,3935,,,2024-08-29 06:12:10.473290,2024-08-29 06:12:10.482267,0 days 00:00:00.008977,0.01435,N95,28,21,1.4x200x0.071,1.4x200x0.071,0.007998261615935958,,,,,,,,,,,,,,,17,FAIL
3936,3936,,,2024-08-29 06:12:10.483264,2024-08-29 06:12:10.496229,0 days 00:00:00.012965,0.01435,N95,10,21,1.1x60x0.1,1.4x200x0.071,0.02425573938637824,,,,,,,,,,,,,,,17,FAIL
3937,3937,,,2024-08-29 06:12:10.498224,2024-08-29 06:12:10.506202,0 days 00:00:00.007978,0.01435,N95,23,1,1.4x200x0.071,1.1x60x0.1,0.008330396674215998,,,,,,,,,,,,,,,17,FAIL
3938,3938,4.2485915692911556e-05,55.41303669661839,2024-08-29 06:12:10.508197,2024-08-29 06:12:10.716640,0 days 00:00:00.208443,0.01435,N95,39,23,1.1x60x0.1,1.1x60x0.1,0.022419741120476462,0.0005751198891577186,0.0017604151359143965,2.144811601917549e-05,0.13261586021771274,0.15049452765135674,0.2113885311431531,2.4339653522725416e-05,3.418811093664251e-05,9.0,48.64133597732679,2.0124221153054713,4.759278603986133,0.0108,0.008825,17,COMPLETE
3939,3939,4.439462054799265e-05,227.34158586942027,2024-08-29 06:12:10.718634,2024-08-29 06:12:10.945029,0 days 00:00:00.226395,0.01435,N95,18,15,1.4x200x0.071,1.1x60x0.1,0.024195669279134628,0.00010512439403172616,0.0005373333356593385,4.7697476639721074e-05,0.2949182990774419,0.32316612325531974,0.3241290810861681,5.2266029822287344e-05,5.242177010285185e-05,4.0,224.62140274711567,0.6049481871996533,2.1152349351049478,0.011,0.008825,17,COMPLETE
3940,3940,3.08190721553497e-05,123.02078438521045,2024-08-29 06:12:10.948020,2024-08-29 06:12:11.155465,0 days 00:00:00.207445,0.01435,N95,22,16,1.1x60x0.1,1.1x60x0.1,0.012941999186117487,0.00016245828465891472,0.0006064714471951399,3.850162050919795e-05,0.23805939500878825,0.2635712763586992,0.30387101351828255,4.2627686502828214e-05,4.91454094714236e-05,5.0,119.1433207101743,1.2334200061549663,2.644043668881184,0.0082,0.008825,17,COMPLETE
3941,3941,,,2024-08-29 06:12:11.158456,2024-08-29 06:12:11.169430,0 days 00:00:00.010974,0.01435,N95,34,21,1.1x60x0.1,1.1x60x0.1,0.011048117827769492,,,,,,,,,,,,,,,17,FAIL
3942,3942,4.188484528877188e-05,133.19823771502476,2024-08-29 06:12:11.170425,2024-08-29 06:12:11.378867,0 days 00:00:00.208442,0.01435,N95,23,16,1.1x60x0.1,1.1x60x0.1,0.024397501420234717,0.00019130695822104133,0.0006533138571469244,3.7605450211454966e-05,0.2325182838533611,0.26116078818512467,0.30387101351828255,4.223783547049466e-05,4.91454094714236e-05,5.0,129.28831561877402,1.2658784273695707,2.644043668881184,0.0082,0.008825,17,COMPLETE
3943,3943,,,2024-08-29 06:12:11.379868,2024-08-29 06:12:11.387844,0 days 00:00:00.007976,0.01435,N95,23,5,1.4x200x0.071,1.1x60x0.1,0.0132328526948601,,,,,,,,,,,,,,,17,FAIL
3944,3944,,,2024-08-29 06:12:11.389839,2024-08-29 06:12:11.398813,0 days 00:00:00.008974,0.01435,N95,18,9,1.1x60x0.1,1.1x60x0.1,0.023429921138694278,,,,,,,,,,,,,,,17,FAIL
3945,3945,4.163434824702811e-05,112.8114755843896,2024-08-29 06:12:11.400811,2024-08-29 06:12:11.591299,0 days 00:00:00.190488,0.01435,N95,27,15,1.1x60x0.1,1.4x200x0.071,0.024138182040853218,0.0002514802100679214,0.000549623307057294,3.179831775981402e-05,0.19661219938496108,0.226343727788965,0.3241290810861681,3.660683213803102e-05,5.242177010285185e-05,6.0,109.65626846830641,1.363253691013384,1.7919534250698081,0.0082,0.008825,17,COMPLETE
3946,3946,3.8819648611530305e-05,204.41481208145092,2024-08-29 06:12:11.593294,2024-08-29 06:12:11.797747,0 days 00:00:00.204453,0.01435,N95,18,16,1.1x60x0.1,1.1x60x0.1,0.021224350573856347,0.00010935848805361325,0.0006157428614636193,4.7697476639721074e-05,0.2949182990774419,0.32112243970180376,0.30387101351828255,5.193550252419244e-05,4.91454094714236e-05,4.0,201.19599082504942,1.1035863212965487,2.1152349351049478,0.0082,0.008825,17,COMPLETE
3947,3947,4.591247665070032e-05,66.17570186873107,2024-08-29 06:12:11.799742,2024-08-29 06:12:12.001203,0 days 00:00:00.201461,0.0149,N95,34,21,1.1x60x0.1,1.1x60x0.1,0.017367434597143606,0.0004347264994388107,0.0012941356890876715,2.412419716454984e-05,0.13835359585105508,0.15563678611057344,0.2147440935735406,2.7137802173428026e-05,3.744412150203703e-05,8.0,59.28100132352648,2.0460702664573964,4.848630278747189,0.0082,0.01105,17,COMPLETE
3948,3948,3.0729429156597564e-05,165.27503909781393,2024-08-29 06:12:12.003198,2024-08-29 06:12:12.223608,0 days 00:00:00.220410,0.01435,N95,18,16,1.1x60x0.1,1.1x60x0.1,0.01284919902113159,0.0001149793231181193,0.0006157428614636193,4.7697476639721074e-05,0.2949182990774419,0.32112243970180376,0.30387101351828255,5.193550252419244e-05,4.91454094714236e-05,4.0,162.05621784141243,1.1035863212965487,2.1152349351049478,0.0082,0.008825,18,COMPLETE
3949,3949,3.489671426822908e-05,114.50003969756568,2024-08-29 06:12:12.225603,2024-08-29 06:12:12.427063,0 days 00:00:00.201460,0.01435,N95,23,16,1.1x60x0.1,1.1x60x0.1,0.01716325311666634,0.00019579743271014058,0.0006533138571469244,3.7605450211454966e-05,0.2325182838533611,0.26116078818512467,0.30387101351828255,4.223783547049466e-05,4.91454094714236e-05,5.0,110.59011760131493,1.2658784273695707,2.644043668881184,0.0082,0.008825,18,COMPLETE
3950,3950,,,2024-08-29 06:12:12.429060,2024-08-29 06:12:12.439031,0 days 00:00:00.009971,0.012,N95,23,16,1.1x60x0.1,1.1x60x0.1,0.008091202023853664,,,,,,,,,,,,,,,18,FAIL
3951,3951,,,2024-08-29 06:12:12.441026,2024-08-29 06:12:12.451006,0 days 00:00:00.009980,0.01345,N95,26,12,1.4x200x0.071,1.4x200x0.071,0.009257916338872817,,,,,,,,,,,,,,,18,FAIL
3952,3952,3.7651818431323726e-05,203.52522670207233,2024-08-29 06:12:12.452995,2024-08-29 06:12:12.662435,0 days 00:00:00.209440,0.01435,N95,18,15,1.1x60x0.1,1.1x60x0.1,0.02001539019873173,0.00010802378643425533,0.0005246583744754121,4.7697476639721074e-05,0.2949182990774419,0.32316612325531974,0.3241290810861681,5.2266029822287344e-05,5.242177010285185e-05,4.0,200.33886386688545,1.0711279000819447,2.1152349351049478,0.0082,0.008825,18,COMPLETE
3953,3953,3.858696698986083e-05,124.37399453466101,2024-08-29 06:12:12.663432,2024-08-29 06:12:12.900796,0 days 00:00:00.237364,0.01435,N95,23,16,1.1x60x0.1,1.1x60x0.1,0.020983474061683684,0.00019349103927909068,0.0006533138571469244,3.7605450211454966e-05,0.2325182838533611,0.26116078818512467,0.30387101351828255,4.223783547049466e-05,4.91454094714236e-05,5.0,120.46407243841026,1.2658784273695707,2.644043668881184,0.0082,0.008825,18,COMPLETE
3954,3954,3.6570882459182385e-05,271.2805273913719,2024-08-29 06:12:12.903788,2024-08-29 06:12:13.140157,0 days 00:00:00.236369,0.01435,N95,23,9,1.1x60x0.1,1.1x60x0.1,0.020196384387343537,0.00016734645180540027,0.00017659980383933046,3.7605450211454966e-05,0.2325182838533611,0.4283046657741702,0.5402151351436133,6.927020756037459e-05,8.736961683808638e-05,5.0,267.59781424362336,1.03866947886734,2.644043668881184,0.006900000000000001,0.008825,18,COMPLETE
3955,3955,,,2024-08-29 06:12:13.141158,2024-08-29 06:12:13.150129,0 days 00:00:00.008971,0.01435,N95,23,1,1.1x60x0.1,1.1x60x0.1,0.01155044659472259,,,,,,,,,,,,,,,18,FAIL
3956,3956,,,2024-08-29 06:12:13.152124,2024-08-29 06:12:13.164092,0 days 00:00:00.011968,0.01435,N95,31,23,1.1x60x0.1,1.1x60x0.1,0.010359579246442568,,,,,,,,,,,,,,,18,FAIL
3957,3957,3.882423262169284e-05,106.87217999878415,2024-08-29 06:12:13.166087,2024-08-29 06:12:13.390487,0 days 00:00:00.224400,0.01435,N95,23,22,1.1x60x0.1,1.1x60x0.1,0.018629096029779316,0.00021809408676857928,0.0016223126231755265,3.7605450211454966e-05,0.2325182838533611,0.25280026455710464,0.22099710074056916,4.0885678341924596e-05,3.574211597921717e-05,5.0,102.76750737524577,1.460628954657197,2.644043668881184,0.0108,0.008825,18,COMPLETE
3958,3958,,,2024-08-29 06:12:13.391485,2024-08-29 06:12:13.397470,0 days 00:00:00.005985,0.01435,N95,34,15,1.1x60x0.1,1.1x60x0.1,0.012191116711316764,,,,,,,,,,,,,,,18,FAIL
3959,3959,,,2024-08-29 06:12:13.398465,2024-08-29 06:12:13.405446,0 days 00:00:00.006981,0.01435,N95,39,16,1.1x60x0.1,1.1x60x0.1,0.016300505540556412,,,,,,,,,,,,,,,18,FAIL
3960,3960,4.0732465033995235e-05,85.32839844925593,2024-08-29 06:12:13.406444,2024-08-29 06:12:13.631841,0 days 00:00:00.225397,0.01435,N95,34,16,1.1x60x0.1,1.1x60x0.1,0.023204535106541288,0.0003956821658150373,0.0005789481717213678,2.412419716454984e-05,0.14916233930188658,0.1750946322417285,0.30387101351828255,2.8318256809481255e-05,4.91454094714236e-05,8.0,79.4750075183158,1.622921060730219,4.2304698702098955,0.0082,0.008825,18,COMPLETE
3961,3961,3.673430857539111e-05,113.70518879002145,2024-08-29 06:12:13.633836,2024-08-29 06:12:13.849259,0 days 00:00:00.215423,0.01435,N95,23,17,1.1x60x0.1,1.1x60x0.1,0.017765566261648158,0.0001992769008666796,0.000775060706009103,3.7605450211454966e-05,0.2325182838533611,0.2593575379908458,0.2859962480172071,4.194619373688151e-05,4.625450303192809e-05,5.0,109.7628082725561,1.2983368485841749,2.644043668881184,0.009500000000000001,0.008825,18,COMPLETE
3962,3962,4.490600858955872e-05,105.59815083233046,2024-08-29 06:12:13.851253,2024-08-29 06:12:14.078646,0 days 00:00:00.227393,0.0149,N95,23,20,1.1x60x0.1,1.1x60x0.1,0.016561987154350408,0.00022933823508874049,0.0012566029363456335,3.7605450211454966e-05,0.21566932258363924,0.23654952986534225,0.2254812982522176,4.124625357620995e-05,3.931632757713888e-05,5.0,100.9681019725195,1.5996549355939647,3.030393924216993,0.0082,0.01105,18,COMPLETE
3963,3963,4.3075994216201205e-05,70.27834151867896,2024-08-29 06:12:14.079644,2024-08-29 06:12:14.287090,0 days 00:00:00.207446,0.0149,N95,31,19,1.1x60x0.1,1.1x60x0.1,0.015097479283505771,0.00037736265002620074,0.0010691641963133996,2.7446998889213458e-05,0.1574100462593967,0.17824760284542254,0.23734873500233433,3.1080365412263017e-05,4.1385607975935666e-05,7.0,64.17572614617754,1.8600638785976336,4.2425514939037905,0.0082,0.01105,18,COMPLETE
