,number,values_0,values_1,datetime_start,datetime_complete,duration,params_core_inner_diameter,params_material,params_n_p_bot,params_n_p_top,params_primary_litz_wire,params_secondary_litz_wire,params_window_h_bot,user_attrs_air_gap_bot,user_attrs_air_gap_top,user_attrs_flux_bot_max,user_attrs_flux_density_bot_max,user_attrs_flux_density_mid_max,user_attrs_flux_density_top_max,user_attrs_flux_mid_max,user_attrs_flux_top_max,user_attrs_n_s_bot,user_attrs_p_hyst,user_attrs_primary_litz_wire_loss,user_attrs_secondary_litz_wire_loss,user_attrs_window_h_top,user_attrs_window_w,system_attrs_nsga2:generation,state
5386,5386,,,2024-08-29 15:58:50.649634,2024-08-29 15:58:50.671575,0 days 00:00:00.021941,0.01435,N95,22,5,1.1x60x0.1,1.1x60x0.1,0.02208655356242526,,,,,,,,,,,,,,,28,FAIL
5387,5387,,,2024-08-29 15:58:50.674569,2024-08-29 15:58:50.695511,0 days 00:00:00.020942,0.01435,N95,23,15,1.1x60x0.1,1.1x60x0.1,0.007305129357579198,,,,,,,,,,,,,,,28,FAIL
5388,5388,3.537810245743885e-05,13124.396836124259,2024-08-29 15:58:50.698502,2024-08-29 15:58:50.984736,0 days 00:00:00.286234,0.01435,N95,26,12,1.1x60x0.1,1.1x60x0.1,0.018961595474717614,0.00021498175546351414,0.00029565163374893665,0.0003657773033793026,2.261637884296853,2.5160233767014395,0.254385492404586,0.00040691936244924715,4.114205906994455e-05,6.0,13119.990563715448,1.2334200061549663,3.172852402657422,0.006900000000000001,0.008825,28,COMPLETE
5389,5389,4.419367966607119e-05,10067.919251516276,2024-08-29 15:58:50.987729,2024-08-29 15:58:51.414588,0 days 00:00:00.426859,0.01435,N95,31,21,1.1x60x0.1,1.1x60x0.1,0.024187651394254592,0.00035249246398108,0.0013785224971616305,0.0003135234028965449,1.9385467579687303,2.022368729565995,0.08382197159726462,0.0003270800270350357,1.3556624138490785e-05,7.0,10062.529752476683,1.6878379031594277,3.7016611364336582,0.0108,0.008825,28,COMPLETE
5390,5390,,,2024-08-29 15:58:51.417578,2024-08-29 15:58:51.446504,0 days 00:00:00.028926,0.01435,N95,38,23,1.1x60x0.1,1.1x60x0.1,0.010584909238376659,,,,,,,,,,,,,,,28,FAIL
5391,5391,,,2024-08-29 15:58:51.450492,2024-08-29 15:58:51.475426,0 days 00:00:00.024934,0.01435,N95,37,17,1.1x60x0.1,1.1x60x0.1,0.007430423018883647,,,,,,,,,,,,,,,28,FAIL
5392,5392,,,2024-08-29 15:58:51.480411,2024-08-29 15:58:51.498362,0 days 00:00:00.017951,0.01435,N95,35,23,1.1x60x0.1,1.1x60x0.1,0.0142992051593083,,,,,,,,,,,,,,,28,FAIL
5393,5393,,,2024-08-29 15:58:51.501355,2024-08-29 15:58:51.521301,0 days 00:00:00.019946,0.01435,N95,31,2,1.1x60x0.1,1.1x60x0.1,0.01102331905641039,,,,,,,,,,,,,,,28,FAIL
5394,5394,4.655018911900144e-05,14426.385029149662,2024-08-29 15:58:51.524293,2024-08-29 15:58:51.848427,0 days 00:00:00.324134,0.01435,N95,27,18,1.4x200x0.071,1.4x200x0.071,0.02482715552806223,0.00026196600409811966,0.0009286602356337257,0.0003657773033793024,2.2616378842968516,2.3055816634389736,0.04396999422704387,0.00037288438146041537,7.111317877031367e-06,6.0,14423.76814637841,0.8249293461813455,1.7919534250698081,0.0126,0.008825,28,COMPLETE
5395,5395,,,2024-08-29 15:58:51.851417,2024-08-29 15:58:51.868375,0 days 00:00:00.016958,0.0149,N95,40,22,1.1x60x0.1,1.1x60x0.1,0.011163765152158616,,,,,,,,,,,,,,,28,FAIL
5396,5396,4.391229833799329e-05,19421.788471265532,2024-08-29 15:58:51.871364,2024-08-29 15:58:52.208465,0 days 00:00:00.337101,0.01435,N95,23,23,1.1x60x0.1,1.1x60x0.1,0.023896360004708607,0.00021887172268141152,0.0018519608078286175,0.00043893276405516273,2.7139654611562216,2.689356995677094,0.02452853850497599,0.00043495280855222583,3.9670288212274586e-06,5.0,19417.65134022078,1.4930873758718013,2.644043668881184,0.0108,0.008825,28,COMPLETE
5397,5397,,,2024-08-29 15:58:52.212454,2024-08-29 15:58:52.228410,0 days 00:00:00.015956,0.012,N95,28,14,1.1x60x0.1,1.1x60x0.1,0.013187071092990693,,,,,,,,,,,,,,,28,FAIL
5398,5398,,,2024-08-29 15:58:52.231402,2024-08-29 15:58:52.248358,0 days 00:00:00.016956,0.012,N95,22,21,1.1x60x0.1,1.1x60x0.1,0.015519319054439672,,,,,,,,,,,,,,,28,FAIL
5399,5399,4.0408711114062624e-05,33682.90879112069,2024-08-29 15:58:52.251349,2024-08-29 15:58:52.615846,0 days 00:00:00.364497,0.01435,N95,18,15,1.1x60x0.1,1.1x60x0.1,0.02286937879090252,0.0001060497030562859,0.0005246583744754121,0.000548665955068954,3.3924568264452803,3.4451893614158253,0.052763993072452026,0.0005571944487662894,8.53358145243754e-06,4.0,33679.7224282855,1.0711279000819447,2.1152349351049478,0.0082,0.008825,28,COMPLETE
5400,5400,3.400994966795329e-05,16865.79454607472,2024-08-29 15:58:52.618838,2024-08-29 15:58:52.998807,0 days 00:00:00.379969,0.01435,N95,22,16,1.1x60x0.1,1.1x60x0.1,0.016245257262502838,0.00016047758708284706,0.0006064714471951399,0.0004389327640551628,2.7139654611562216,2.8482136333522403,0.1342481721960186,0.0004606448757731387,2.171211171797591e-05,5.0,16861.917082399683,1.2334200061549663,2.644043668881184,0.0082,0.008825,28,COMPLETE
5401,5401,3.6117950728789145e-05,30311.07520641951,2024-08-29 15:58:53.001798,2024-08-29 15:58:53.631746,0 days 00:00:00.629948,0.01435,N95,18,16,1.1x60x0.1,1.1x60x0.1,0.018427500705483903,0.0001112750860991265,0.0006157428614636193,0.000548665955068954,3.3924568264452803,3.4418935779801663,0.049466243505423696,0.000556661417910206,8.000232611660182e-06,4.0,30307.85638516311,1.1035863212965487,2.1152349351049478,0.0082,0.008825,28,COMPLETE
5402,5402,,,2024-08-29 15:58:53.634823,2024-08-29 15:58:53.650765,0 days 00:00:00.015942,0.01435,N95,34,21,1.1x60x0.1,1.4x200x0.071,0.007522272059125708,,,,,,,,,,,,,,,28,FAIL
5403,5403,,,2024-08-29 15:58:53.653757,2024-08-29 15:58:53.670738,0 days 00:00:00.016981,0.01435,N95,23,2,1.1x60x0.1,1.1x60x0.1,0.007801116440853729,,,,,,,,,,,,,,,28,FAIL
5404,5404,,,2024-08-29 15:58:53.674239,2024-08-29 15:58:53.690196,0 days 00:00:00.015957,0.01435,N95,28,21,1.1x60x0.1,1.4x200x0.071,0.013757300895710887,,,,,,,,,,,,,,,28,FAIL
5405,5405,,,2024-08-29 15:58:53.695056,2024-08-29 15:58:53.712011,0 days 00:00:00.016955,0.01435,N95,18,12,1.1x60x0.1,1.1x60x0.1,0.006394570075960842,,,,,,,,,,,,,,,28,FAIL
5406,5406,,,2024-08-29 15:58:53.715004,2024-08-29 15:58:53.733953,0 days 00:00:00.018949,0.01435,N95,23,8,1.1x60x0.1,1.1x60x0.1,0.006454969920378674,,,,,,,,,,,,,,,28,FAIL
5407,5407,3.265896053489162e-05,15999.940877344814,2024-08-29 15:58:53.737942,2024-08-29 15:58:54.133883,0 days 00:00:00.395941,0.01435,N95,23,12,1.1x60x0.1,1.1x60x0.1,0.016146687199168286,0.00018118705115306957,0.00032911264543173427,0.0004389327640551628,2.7139654611562216,2.6667992356545613,0.047013032134537225,0.0004313045160078671,7.603471907352614e-06,5.0,15996.160788933423,1.1360447425111533,2.644043668881184,0.006900000000000001,0.008825,28,COMPLETE
5408,5408,,,2024-08-29 15:58:54.136875,2024-08-29 15:58:54.162322,0 days 00:00:00.025447,0.01345,N95,23,22,1.1x60x0.1,1.1x60x0.1,0.005911829013685539,,,,,,,,,,,,,,,28,FAIL
5409,5409,,,2024-08-29 15:58:54.164317,2024-08-29 15:58:54.188250,0 days 00:00:00.023933,0.01435,N95,35,21,1.1x60x0.1,1.1x60x0.1,0.01496592518705463,,,,,,,,,,,,,,,28,FAIL
5410,5410,,,2024-08-29 15:58:54.195232,2024-08-29 15:58:54.220165,0 days 00:00:00.024933,0.0149,N95,3,12,1.1x60x0.1,1.1x60x0.1,0.01634112858179442,,,,,,,,,,,,,,,28,FAIL
5411,5411,3.551948248262246e-05,6981.306986115518,2024-08-29 15:58:54.223157,2024-08-29 15:58:54.613834,0 days 00:00:00.390677,0.01435,N95,34,14,1.1x60x0.1,1.1x60x0.1,0.017807954809471983,0.00039488767157336437,0.0004147251241267217,0.000274332977534477,1.6962284132226402,1.99504590258003,0.2988174893573898,0.0003226610747151188,4.8328097180641825e-05,8.0,6975.518512027007,1.5580042183010103,4.2304698702098955,0.0082,0.008825,28,COMPLETE
5412,5412,,,2024-08-29 15:58:54.616826,2024-08-29 15:58:54.633780,0 days 00:00:00.016954,0.01435,N95,26,24,1.1x60x0.1,1.1x60x0.1,0.007367858857438857,,,,,,,,,,,,,,,28,FAIL
5413,5413,,,2024-08-29 15:58:54.637771,2024-08-29 15:58:54.654725,0 days 00:00:00.016954,0.01435,N95,37,21,1.1x60x0.1,1.1x60x0.1,0.023352635049984173,,,,,,,,,,,,,,,28,FAIL
5414,5414,,,2024-08-29 15:58:54.657717,2024-08-29 15:58:54.672676,0 days 00:00:00.014959,0.0149,N95,34,18,1.1x60x0.1,1.1x60x0.1,0.006543731674396878,,,,,,,,,,,,,,,28,FAIL
5415,5415,4.1974378772035785e-05,9548.221084266608,2024-08-29 15:58:54.676666,2024-08-29 15:58:54.968937,0 days 00:00:00.292271,0.01435,N95,31,23,1.1x60x0.1,1.1x60x0.1,0.0218901882126704,0.00036015604714904843,0.0018059278049162423,0.0003135234028965449,1.9385467579687303,2.0150798624705804,0.07653310450184993,0.00032590119015342775,1.2377787256882828e-05,7.0,9542.766668384586,1.7527547455886363,3.7016611364336582,0.0108,0.008825,28,COMPLETE
5416,5416,,,2024-08-29 15:58:54.971920,2024-08-29 15:58:54.994862,0 days 00:00:00.022942,0.01345,N95,37,23,1.1x60x0.1,1.1x60x0.1,0.003372225086097424,,,,,,,,,,,,,,,28,FAIL
5417,5417,,,2024-08-29 15:58:54.997851,2024-08-29 15:58:55.021788,0 days 00:00:00.023937,0.01345,N95,12,17,1.1x60x0.1,1.1x60x0.1,0.01026647263560455,,,,,,,,,,,,,,,28,FAIL
5418,5418,,,2024-08-29 15:58:55.025778,2024-08-29 15:58:55.045724,0 days 00:00:00.019946,0.01435,N95,23,15,1.1x60x0.1,1.1x60x0.1,0.011014524194993425,,,,,,,,,,,,,,,28,FAIL
5419,5419,4.5076818062272674e-05,17030.269967970595,2024-08-29 15:58:55.048716,2024-08-29 15:58:55.355898,0 days 00:00:00.307182,0.0149,N95,23,22,1.1x60x0.1,1.4x200x0.071,0.016698681062795213,0.00023764123213653387,0.0016232017041736494,0.0004389327640551628,2.5173035118910954,2.4934407364939206,0.023785270384358684,0.00043477190148391055,4.147348313101478e-06,5.0,17026.81086154587,1.67405749073787,1.7850489339874525,0.0082,0.01105,28,COMPLETE
5420,5420,2.88205178535297e-05,24607.2697218952,2024-08-29 15:58:55.360881,2024-08-29 15:58:55.690998,0 days 00:00:00.330117,0.01435,N95,18,16,1.1x60x0.1,1.1x60x0.1,0.010873057143527159,0.00011623269786340215,0.0006157428614636193,0.000548665955068954,3.3924568264452803,3.4418935779801663,0.049466243505423696,0.000556661417910206,8.000232611660182e-06,4.0,24604.050900638802,1.1035863212965487,2.1152349351049478,0.0082,0.008825,28,COMPLETE
5421,5421,4.312151947517878e-05,7455.292925759752,2024-08-29 15:58:55.693989,2024-08-29 15:58:56.055903,0 days 00:00:00.361914,0.01435,N95,34,23,1.1x60x0.1,1.1x60x0.1,0.02307773044123925,0.0004018390221520098,0.0016709731681355863,0.000274332977534477,1.6962284132226402,1.8781173197880079,0.18188890656536766,0.000303750080166172,2.941710263169502e-05,8.0,7449.212325880309,1.8501300092324493,4.2304698702098955,0.0108,0.008825,28,COMPLETE
5422,5422,,,2024-08-29 15:58:56.060887,2024-08-29 15:58:56.079832,0 days 00:00:00.018945,0.01435,N95,23,17,1.1x60x0.1,1.1x60x0.1,0.007457037691931153,,,,,,,,,,,,,,,28,FAIL
5423,5423,3.444358296148652e-05,13106.430954694159,2024-08-29 15:58:56.081828,2024-08-29 15:58:56.424453,0 days 00:00:00.342625,0.01435,N95,26,9,1.1x60x0.1,1.1x60x0.1,0.017994162829512356,0.00021088299776326268,0.0001545272890015145,0.0003657773033793026,2.261637884296853,2.600818540836302,0.3391806565394486,0.00042063338213922874,5.485607875992615e-05,6.0,13102.122057548992,1.1360447425111533,3.172852402657422,0.006900000000000001,0.008825,28,COMPLETE
5424,5424,,,2024-08-29 15:58:56.431434,2024-08-29 15:58:56.454372,0 days 00:00:00.022938,0.01435,N95,39,23,1.1x60x0.1,1.1x60x0.1,0.018429044647368345,,,,,,,,,,,,,,,28,FAIL
5425,5425,4.3129944990985304e-05,16901.921428125628,2024-08-29 15:58:56.461413,2024-08-29 15:58:56.852040,0 days 00:00:00.390627,0.0149,N95,23,15,1.1x60x0.1,1.1x60x0.1,0.016440654536913485,0.00020865541969174924,0.0005956009548466615,0.0004389327640551628,2.5173035118910954,2.482304774641906,0.03488506323039261,0.0004328301656173262,6.082777525882146e-06,5.0,16897.477385653674,1.4136485477342011,3.030393924216993,0.006900000000000001,0.01105,28,COMPLETE
5426,5426,4.248416025513077e-05,13926.934083023305,2024-08-29 15:58:56.855540,2024-08-29 15:58:57.208603,0 days 00:00:00.353063,0.01435,N95,26,21,1.1x60x0.1,1.1x60x0.1,0.02241792385735556,0.00022704095377669073,0.0013056874044952748,0.0003657773033793026,2.261637884296853,2.40700102281376,0.14536313851690666,0.00038928705141927096,2.350974803996837e-05,6.0,13922.235684823561,1.5255457970864057,3.172852402657422,0.0108,0.008825,28,COMPLETE
5427,5427,,,2024-08-29 15:58:57.211595,2024-08-29 15:58:57.228550,0 days 00:00:00.016955,0.01435,N95,31,23,1.1x60x0.1,1.1x60x0.1,0.014808370564662623,,,,,,,,,,,,,,,28,FAIL
5428,5428,,,2024-08-29 15:58:57.231541,2024-08-29 15:58:57.250491,0 days 00:00:00.018950,0.01435,N95,22,16,1.1x60x0.1,1.1x60x0.1,0.006903988849485035,,,,,,,,,,,,,,,28,FAIL
5429,5429,,,2024-08-29 15:58:57.253486,2024-08-29 15:58:57.276423,0 days 00:00:00.022937,0.01435,N95,23,8,1.1x60x0.1,1.1x60x0.1,0.010114526719926851,,,,,,,,,,,,,,,28,FAIL
5430,5430,,,2024-08-29 15:58:57.278415,2024-08-29 15:58:57.296369,0 days 00:00:00.017954,0.01435,N95,34,16,1.1x60x0.1,1.1x60x0.1,0.008333363395443284,,,,,,,,,,,,,,,28,FAIL
5431,5431,3.131564199555576e-05,15757.513562924998,2024-08-29 15:58:57.300363,2024-08-29 15:58:57.606141,0 days 00:00:00.305778,0.01435,N95,22,14,1.1x60x0.1,1.1x60x0.1,0.013456057882720866,0.0001584509183363063,0.00043638113828580903,0.0004389327640551628,2.7139654611562216,2.867391943665957,0.1534264825097352,0.0004637466060185638,2.4813841963400985e-05,5.0,15753.701016092391,1.168503163725758,2.644043668881184,0.0082,0.008825,28,COMPLETE
5432,5432,3.8695520563576763e-05,6555.820462995145,2024-08-29 15:58:57.611129,2024-08-29 15:58:57.963140,0 days 00:00:00.352011,0.0149,N95,34,14,1.1x60x0.1,1.1x60x0.1,0.01289191220398275,0.00042725992688349485,0.00044487777019476754,0.000274332977534477,1.5733146949319359,1.8504789868656197,0.27716429193368364,0.0003226610747151188,4.8328097180641825e-05,8.0,6549.186171392945,1.7856613234537282,4.848630278747189,0.006900000000000001,0.01105,28,COMPLETE
5433,5433,,,2024-08-29 15:58:57.966131,2024-08-29 15:58:57.983085,0 days 00:00:00.016954,0.01435,N95,34,23,1.1x60x0.1,1.1x60x0.1,0.009765922726272374,,,,,,,,,,,,,,,28,FAIL
5434,5434,3.952560784826794e-05,19331.056161775934,2024-08-29 15:58:57.988073,2024-08-29 15:58:58.420915,0 days 00:00:00.432842,0.01435,N95,22,16,1.1x60x0.1,1.1x60x0.1,0.0219551732209625,0.000156789123081793,0.0006064714471951399,0.0004389327640551628,2.7139654611562216,2.8482136333522403,0.1342481721960186,0.0004606448757731387,2.171211171797591e-05,5.0,19327.178698100895,1.2334200061549663,2.644043668881184,0.0082,0.008825,28,COMPLETE
5435,5435,,,2024-08-29 15:58:58.423907,2024-08-29 15:58:58.440801,0 days 00:00:00.016894,0.01435,N95,23,17,1.1x60x0.1,1.1x60x0.1,0.009853613651738865,,,,,,,,,,,,,,,28,FAIL
5436,5436,4.2451948520341105e-05,28435.886653951948,2024-08-29 15:58:58.444793,2024-08-29 15:58:58.805959,0 days 00:00:00.361166,0.0149,N95,18,19,1.1x60x0.1,1.1x60x0.1,0.014598073460983688,0.00013056591725088437,0.0010408785803688633,0.0005486659550689541,3.1466293898638726,3.18524363708533,0.038637282922752994,0.0005553989764089557,6.737037988766373e-06,4.0,28432.08589154241,1.3764472701622488,2.4243151393735944,0.0082,0.01105,28,COMPLETE
5437,5437,4.102569169223026e-05,14938.425981272556,2024-08-29 15:58:58.810973,2024-08-29 15:58:59.158017,0 days 00:00:00.347044,0.01435,N95,26,12,1.1x60x0.1,1.1x60x0.1,0.024808089010820114,0.00021142863113527514,0.00029565163374893665,0.0003657773033793026,2.261637884296853,2.5160233767014395,0.254385492404586,0.00040691936244924715,4.114205906994455e-05,6.0,14934.019708863745,1.2334200061549663,3.172852402657422,0.006900000000000001,0.008825,28,COMPLETE
5438,5438,4.081539257122682e-05,9289.223654332045,2024-08-29 15:58:59.163004,2024-08-29 15:58:59.830373,0 days 00:00:00.667369,0.01435,N95,31,23,1.1x60x0.1,1.1x60x0.1,0.020690383295960336,0.00036052342139853615,0.0018059278049162423,0.0003135234028965449,1.9385467579687303,2.0150798624705804,0.07653310450184993,0.00032590119015342775,1.2377787256882828e-05,7.0,9283.769238450022,1.7527547455886363,3.7016611364336582,0.0108,0.008825,28,COMPLETE
5439,5439,,,2024-08-29 15:58:59.833324,2024-08-29 15:58:59.877297,0 days 00:00:00.043973,0.01435,N95,39,16,1.1x60x0.1,1.1x60x0.1,0.008448190539274971,,,,,,,,,,,,,,,28,FAIL
5440,5440,,,2024-08-29 15:58:59.897340,2024-08-29 15:58:59.937316,0 days 00:00:00.039976,0.01345,N95,18,12,1.1x60x0.1,1.1x60x0.1,0.011325242667769138,,,,,,,,,,,,,,,28,FAIL
5441,5441,,,2024-08-29 15:58:59.940301,2024-08-29 15:58:59.967336,0 days 00:00:00.027035,0.01435,N95,2,17,1.1x60x0.1,1.1x60x0.1,0.02252628954974458,,,,,,,,,,,,,,,28,FAIL
5442,5442,3.824069793723643e-05,8713.877509095675,2024-08-29 15:58:59.970327,2024-08-29 15:59:00.471345,0 days 00:00:00.501018,0.01435,N95,31,23,1.1x60x0.1,1.1x60x0.1,0.01802500964549538,0.00036117124449253676,0.0018059278049162423,0.0003135234028965449,1.9385467579687303,2.0150798624705804,0.07653310450184993,0.00032590119015342775,1.2377787256882828e-05,7.0,8708.423093213652,1.7527547455886363,3.7016611364336582,0.0108,0.008825,28,COMPLETE
5443,5443,4.275501422833047e-05,17012.866230860152,2024-08-29 15:59:00.477326,2024-08-29 15:59:00.993271,0 days 00:00:00.515945,0.0149,N95,23,10,1.4x200x0.071,1.1x60x0.1,0.01684060823076214,0.00018792978461763997,0.00023874269162204673,0.0004389327640551628,2.5173035118910954,2.464805406017311,0.05232759484558897,0.0004297788663984079,9.124166288823229e-06,5.0,17009.11269618803,0.7231407479039687,3.030393924216993,0.006200000000000001,0.01105,28,COMPLETE
5444,5444,,,2024-08-29 15:59:00.996263,2024-08-29 15:59:01.016212,0 days 00:00:00.019949,0.01435,N95,26,12,1.1x60x0.1,1.1x60x0.1,0.011279225069606283,,,,,,,,,,,,,,,28,FAIL
5445,5445,,,2024-08-29 15:59:01.019202,2024-08-29 15:59:01.043138,0 days 00:00:00.023936,0.01435,N95,23,25,1.1x60x0.1,1.1x60x0.1,0.014341904388716872,,,,,,,,,,,,,,,28,FAIL
5446,5446,,,2024-08-29 15:59:01.047128,2024-08-29 15:59:01.072060,0 days 00:00:00.024932,0.01345,N95,34,16,1.1x60x0.1,1.1x60x0.1,0.006847497760284393,,,,,,,,,,,,,,,28,FAIL
5447,5447,,,2024-08-29 15:59:01.077050,2024-08-29 15:59:01.102493,0 days 00:00:00.025443,0.0149,N95,31,14,1.4x200x0.071,1.1x60x0.1,0.011594538673529267,,,,,,,,,,,,,,,28,FAIL
5448,5448,4.467728228502358e-05,14704.644847938971,2024-08-29 15:59:01.106481,2024-08-29 15:59:01.495642,0 days 00:00:00.389161,0.01435,N95,26,15,1.4x200x0.071,1.4x200x0.071,0.024488286172777367,0.00021633368891113818,0.0005199240466911528,0.0003657773033793026,2.261637884296853,2.4651462782205225,0.20350839392366918,0.0003986909506352583,3.2913647255955696e-05,6.0,14702.101292220714,0.7516022931874482,1.7919534250698081,0.011,0.008825,28,COMPLETE
5449,5449,,,2024-08-29 15:59:01.498634,2024-08-29 15:59:01.518582,0 days 00:00:00.019948,0.01435,N95,18,18,1.1x60x0.1,1.1x60x0.1,0.009919933099231927,,,,,,,,,,,,,,,28,FAIL
5450,5450,,,2024-08-29 15:59:01.522571,2024-08-29 15:59:01.545511,0 days 00:00:00.022940,0.01435,N95,31,23,1.1x60x0.1,1.4x200x0.071,0.01897212270485727,,,,,,,,,,,,,,,28,FAIL
5451,5451,,,2024-08-29 15:59:01.548502,2024-08-29 15:59:01.569445,0 days 00:00:00.020943,0.01435,N95,18,15,1.1x60x0.1,1.1x60x0.1,0.00830195854698912,,,,,,,,,,,,,,,28,FAIL
5452,5452,3.4354079322896847e-05,12294.716130453475,2024-08-29 15:59:01.572437,2024-08-29 15:59:01.965857,0 days 00:00:00.393420,0.01435,N95,26,14,1.1x60x0.1,1.1x60x0.1,0.016601506932860277,0.00021938879417029796,0.0004291258679103406,0.0003657773033793026,2.261637884296853,2.479682592072213,0.21804470777535956,0.0004010419254392551,3.5264622059952485e-05,6.0,12290.244941202234,1.2983368485841749,3.172852402657422,0.0082,0.008825,28,COMPLETE
5453,5453,,,2024-08-29 15:59:01.968849,2024-08-29 15:59:01.993788,0 days 00:00:00.024939,0.0149,N95,28,12,1.1x60x0.1,1.1x60x0.1,0.01775616747615961,,,,,,,,,,,,,,,28,FAIL
5454,5454,,,2024-08-29 15:59:01.997773,2024-08-29 15:59:02.016722,0 days 00:00:00.018949,0.01435,N95,23,18,1.1x60x0.1,1.1x60x0.1,0.010936097045227983,,,,,,,,,,,,,,,28,FAIL
5455,5455,,,2024-08-29 15:59:02.019713,2024-08-29 15:59:02.035671,0 days 00:00:00.015958,0.01435,N95,39,16,1.1x60x0.1,1.1x60x0.1,0.007967974648777186,,,,,,,,,,,,,,,28,FAIL
5456,5456,,,2024-08-29 15:59:02.038663,2024-08-29 15:59:02.056614,0 days 00:00:00.017951,0.0149,N95,23,10,1.1x60x0.1,1.1x60x0.1,0.007939144600032588,,,,,,,,,,,,,,,28,FAIL
5457,5457,,,2024-08-29 15:59:02.059608,2024-08-29 15:59:02.072572,0 days 00:00:00.012964,0.0149,N95,23,23,1.1x60x0.1,1.1x60x0.1,0.005198983901016996,,,,,,,,,,,,,,,28,FAIL
5458,5458,3.674106459020693e-05,18086.478172353178,2024-08-29 15:59:02.076605,2024-08-29 15:59:02.415853,0 days 00:00:00.339248,0.01435,N95,22,16,1.1x60x0.1,1.1x60x0.1,0.01907256021877011,0.0001586841160244141,0.0006064714471951399,0.0004389327640551628,2.7139654611562216,2.8482136333522403,0.1342481721960186,0.0004606448757731387,2.171211171797591e-05,5.0,18082.60070867814,1.2334200061549663,2.644043668881184,0.0082,0.008825,28,COMPLETE
5459,5459,,,2024-08-29 15:59:02.419841,2024-08-29 15:59:02.439789,0 days 00:00:00.019948,0.01435,N95,5,8,1.1x60x0.1,1.1x60x0.1,0.008561437717006518,,,,,,,,,,,,,,,28,FAIL
5460,5460,3.373954230625591e-05,15419.726631077829,2024-08-29 15:59:02.441783,2024-08-29 15:59:02.790850,0 days 00:00:00.349067,0.01435,N95,22,23,1.1x60x0.1,1.1x60x0.1,0.01336532633506585,0.0001752624608230118,0.0017378557254499054,0.0004389327640551628,2.7139654611562216,2.8073554939882346,0.09339003283201278,0.0004540368417720156,1.5104077716852781e-05,5.0,15415.62195845429,1.460628954657197,2.644043668881184,0.0108,0.008825,28,COMPLETE
5461,5461,,,2024-08-29 15:59:02.793841,2024-08-29 15:59:02.817779,0 days 00:00:00.023938,0.01435,N95,40,15,1.1x60x0.1,1.1x60x0.1,0.023474650985001545,,,,,,,,,,,,,,,28,FAIL
5462,5462,4.43827165339263e-05,8541.158776585937,2024-08-29 15:59:02.821767,2024-08-29 15:59:03.155874,0 days 00:00:00.334107,0.0149,N95,31,23,1.1x60x0.1,1.1x60x0.1,0.016143211572376095,0.00039180304097128683,0.0017904218153898142,0.0003135234028965449,1.7980739370650685,1.8690612268798614,0.07098728981479298,0.00032590119015342775,1.2377787256882828e-05,7.0,8534.907356103147,2.008868988885444,4.2425514939037905,0.0082,0.01105,28,COMPLETE
