,number,values_0,values_1,datetime_start,datetime_complete,duration,params_core_inner_diameter,params_material,params_n_p_bot,params_n_p_top,params_primary_litz_wire,params_secondary_litz_wire,params_window_h_bot,user_attrs_air_gap_bot,user_attrs_air_gap_top,user_attrs_flux_bot_max,user_attrs_flux_density_bot_max,user_attrs_flux_density_mid_max,user_attrs_flux_density_top_max,user_attrs_flux_mid_max,user_attrs_flux_top_max,user_attrs_n_s_bot,user_attrs_p_hyst,user_attrs_primary_litz_wire_loss,user_attrs_secondary_litz_wire_loss,user_attrs_window_h_top,user_attrs_window_w,system_attrs_nsga2:generation,state
5224,5224,4.0296651218642205e-05,7074.446244701779,2024-08-29 15:58:27.561136,2024-08-29 15:58:27.871299,0 days 00:00:00.310163,0.01435,N95,35,18,1.1x60x0.1,1.1x60x0.1,0.021453372221197385,0.00044140827226610816,0.0008626265893662224,0.000274332977534477,1.6962284132226402,1.8344071042104637,0.13817869098782348,0.00029668077658972754,2.2347799055250526e-05,8.0,7068.495478507194,1.7202963243740321,4.2304698702098955,0.009500000000000001,0.008825,27,COMPLETE
5225,5225,3.8011054111288874e-05,6620.040284529814,2024-08-29 15:58:27.873294,2024-08-29 15:58:28.234328,0 days 00:00:00.361034,0.01435,N95,34,23,1.1x60x0.1,1.1x60x0.1,0.01778727791817052,0.0004026245754065439,0.0016709731681355863,0.000274332977534477,1.6962284132226402,1.8781173197880079,0.18188890656536766,0.000303750080166172,2.941710263169502e-05,8.0,6613.959684650372,1.8501300092324493,4.2304698702098955,0.0108,0.008825,27,COMPLETE
5226,5226,,,2024-08-29 15:58:28.237321,2024-08-29 15:58:28.253277,0 days 00:00:00.015956,0.012,N95,34,13,1.1x60x0.1,1.1x60x0.1,0.010274149470742198,,,,,,,,,,,,,,,27,FAIL
5227,5227,,,2024-08-29 15:58:28.256270,2024-08-29 15:58:28.273224,0 days 00:00:00.016954,0.01435,N95,26,14,1.4x200x0.071,1.1x60x0.1,0.009950314334251377,,,,,,,,,,,,,,,27,FAIL
5228,5228,,,2024-08-29 15:58:28.276217,2024-08-29 15:58:28.294168,0 days 00:00:00.017951,0.01345,N95,22,16,1.1x60x0.1,1.1x60x0.1,0.010608278543144615,,,,,,,,,,,,,,,27,FAIL
5229,5229,3.993240843162673e-05,7702.558773835728,2024-08-29 15:58:28.296163,2024-08-29 15:58:28.618601,0 days 00:00:00.322438,0.01435,N95,34,14,1.1x60x0.1,1.1x60x0.1,0.022376301047759506,0.000394149285702898,0.0004147251241267217,0.000274332977534477,1.6962284132226402,1.99504590258003,0.2988174893573898,0.0003226610747151188,4.8328097180641825e-05,8.0,7696.770299747217,1.5580042183010103,4.2304698702098955,0.0082,0.008825,27,COMPLETE
5230,5230,3.015917083363619e-05,26723.723383346343,2024-08-29 15:58:28.621593,2024-08-29 15:58:28.935754,0 days 00:00:00.314161,0.01435,N95,18,12,1.1x60x0.1,1.1x60x0.1,0.013558856582881394,0.00010591009268992708,0.000306709972857329,0.000548665955068954,3.3924568264452803,3.4583724951584625,0.06595499134056497,0.0005593265721906234,1.0666976815546916e-05,4.0,26720.634395774803,0.9737526364381314,2.1152349351049478,0.006900000000000001,0.008825,27,COMPLETE
5231,5231,3.18751940873767e-05,24965.552541118817,2024-08-29 15:58:28.938744,2024-08-29 15:58:29.289806,0 days 00:00:00.351062,0.01435,N95,18,21,1.1x60x0.1,1.1x60x0.1,0.011435317023557552,0.0001266872733958227,0.0013418720270640101,0.000548665955068954,3.3924568264452803,3.4301229228528136,0.037688566480323295,0.0005547577362813366,6.095415323169739e-06,4.0,24962.171427756344,1.2658784273695707,2.1152349351049478,0.0108,0.008825,27,COMPLETE
5232,5232,,,2024-08-29 15:58:29.292798,2024-08-29 15:58:29.311748,0 days 00:00:00.018950,0.01435,N95,34,15,1.1x60x0.1,1.1x60x0.1,0.011049568661748674,,,,,,,,,,,,,,,27,FAIL
5233,5233,3.886756427297455e-05,18741.24978543561,2024-08-29 15:58:29.315738,2024-08-29 15:58:29.640870,0 days 00:00:00.325132,0.01435,N95,23,10,1.1x60x0.1,1.4x200x0.071,0.022573953792728238,0.00016957148850931263,0.00022091928676453533,0.0004389327640551628,2.7139654611562216,2.657365990554229,0.05641563856144524,0.0004297788663984079,9.124166288823229e-06,5.0,18738.685363014636,1.0711279000819447,1.493294520891507,0.006900000000000001,0.008825,27,COMPLETE
5234,5234,,,2024-08-29 15:58:29.643859,2024-08-29 15:58:29.662808,0 days 00:00:00.018949,0.01435,N95,31,11,1.1x60x0.1,1.1x60x0.1,0.013927447214190992,,,,,,,,,,,,,,,27,FAIL
5235,5235,,,2024-08-29 15:58:29.665800,2024-08-29 15:58:29.684750,0 days 00:00:00.018950,0.01435,N95,35,11,1.1x60x0.1,1.4x200x0.071,0.00828061157901279,,,,,,,,,,,,,,,27,FAIL
5236,5236,,,2024-08-29 15:58:29.687742,2024-08-29 15:58:29.707688,0 days 00:00:00.019946,0.01435,N95,19,21,1.1x60x0.1,1.1x60x0.1,0.015605906169061396,,,,,,,,,,,,,,,27,FAIL
5237,5237,,,2024-08-29 15:58:29.710691,2024-08-29 15:58:29.728632,0 days 00:00:00.017941,0.01435,N95,35,16,1.1x60x0.1,1.1x60x0.1,0.010882003065872886,,,,,,,,,,,,,,,27,FAIL
5238,5238,,,2024-08-29 15:58:29.730626,2024-08-29 15:58:29.743592,0 days 00:00:00.012966,0.01435,N95,23,23,1.1x60x0.1,1.1x60x0.1,0.010413448945764618,,,,,,,,,,,,,,,27,FAIL
5239,5239,,,2024-08-29 15:58:29.746584,2024-08-29 15:58:29.767536,0 days 00:00:00.020952,0.01435,N95,10,23,1.1x60x0.1,1.4x200x0.071,0.010685728161588262,,,,,,,,,,,,,,,27,FAIL
5240,5240,,,2024-08-29 15:58:29.770521,2024-08-29 15:58:29.787476,0 days 00:00:00.016955,0.01435,N95,18,7,1.1x60x0.1,1.1x60x0.1,0.009213448834721224,,,,,,,,,,,,,,,27,FAIL
5241,5241,,,2024-08-29 15:58:29.789470,2024-08-29 15:58:29.805427,0 days 00:00:00.015957,0.01435,N95,29,20,1.1x60x0.1,1.4x200x0.071,0.014563584581209982,,,,,,,,,,,,,,,27,FAIL
5242,5242,,,2024-08-29 15:58:29.808434,2024-08-29 15:58:29.823379,0 days 00:00:00.014945,0.01435,N95,31,23,1.1x60x0.1,1.1x60x0.1,0.009358769453181882,,,,,,,,,,,,,,,27,FAIL
5243,5243,,,2024-08-29 15:58:29.825373,2024-08-29 15:58:29.839336,0 days 00:00:00.013963,0.01435,N95,24,23,1.1x60x0.1,1.1x60x0.1,0.01788047668368754,,,,,,,,,,,,,,,27,FAIL
5244,5244,,,2024-08-29 15:58:29.843325,2024-08-29 15:58:29.857289,0 days 00:00:00.013964,0.01435,N95,35,21,1.1x60x0.1,1.1x60x0.1,0.013568017761589734,,,,,,,,,,,,,,,27,FAIL
5245,5245,,,2024-08-29 15:58:29.859283,2024-08-29 15:58:29.870255,0 days 00:00:00.010972,0.01345,N95,34,8,1.1x60x0.1,1.1x60x0.1,0.004649262786459325,,,,,,,,,,,,,,,27,FAIL
5246,5246,,,2024-08-29 15:58:29.872249,2024-08-29 15:58:29.886210,0 days 00:00:00.013961,0.01435,N95,15,7,1.1x60x0.1,1.1x60x0.1,0.010722547068766783,,,,,,,,,,,,,,,27,FAIL
5247,5247,3.23091815175135e-05,14768.862624780328,2024-08-29 15:58:29.889203,2024-08-29 15:58:30.146515,0 days 00:00:00.257312,0.01435,N95,23,17,1.1x60x0.1,1.1x60x0.1,0.013184589199624059,0.00020176970636724025,0.000775060706009103,0.0004389327640551628,2.7139654611562216,2.680671654919756,0.03318566974202596,0.00043354811837471884,5.367156640484147e-06,5.0,14764.920244262863,1.2983368485841749,2.644043668881184,0.009500000000000001,0.008825,27,COMPLETE
5248,5248,4.110147731804868e-05,7408.535967119101,2024-08-29 15:58:30.149506,2024-08-29 15:58:30.478768,0 days 00:00:00.329262,0.01435,N95,34,20,1.1x60x0.1,1.1x60x0.1,0.022286543755500786,0.0003994017309824742,0.0010730830546236063,0.000274332977534477,1.6962284132226402,1.9054006557728127,0.2091722425501727,0.00030816264556092623,3.382966802644925e-05,8.0,7402.552742503302,1.7527547455886363,4.2304698702098955,0.009500000000000001,0.008825,27,COMPLETE
5249,5249,4.170824331979955e-05,7992.818619737174,2024-08-29 15:58:30.481758,2024-08-29 15:58:30.828012,0 days 00:00:00.346254,0.01435,N95,34,14,1.1x60x0.1,1.1x60x0.1,0.02421467964847783,0.00039364797738671877,0.0004147251241267217,0.000274332977534477,1.6962284132226402,1.99504590258003,0.2988174893573898,0.0003226610747151188,4.8328097180641825e-05,8.0,7987.030145648663,1.5580042183010103,4.2304698702098955,0.0082,0.008825,27,COMPLETE
5250,5250,,,2024-08-29 15:58:30.831003,2024-08-29 15:58:30.853943,0 days 00:00:00.022940,0.01435,N95,34,23,1.4x200x0.071,1.1x60x0.1,0.00986897877969788,,,,,,,,,,,,,,,27,FAIL
5251,5251,,,2024-08-29 15:58:30.860924,2024-08-29 15:58:30.880871,0 days 00:00:00.019947,0.01435,N95,18,16,1.1x60x0.1,1.1x60x0.1,0.009285022214037821,,,,,,,,,,,,,,,27,FAIL
5252,5252,,,2024-08-29 15:58:30.883863,2024-08-29 15:58:30.903811,0 days 00:00:00.019948,0.01345,N95,18,21,1.1x60x0.1,1.1x60x0.1,0.005853349793097617,,,,,,,,,,,,,,,27,FAIL
5253,5253,3.7784954614935666e-05,12574.859128087153,2024-08-29 15:58:30.905804,2024-08-29 15:58:31.199019,0 days 00:00:00.293215,0.01435,N95,27,18,1.1x60x0.1,1.1x60x0.1,0.018853215349348817,0.0002651356539587609,0.0008873596840929406,0.0003657773033793024,2.2616378842968516,2.3055816634389736,0.04396999422704387,0.00037288438146041537,7.111317877031367e-06,6.0,12570.22564672984,1.460628954657197,3.172852402657422,0.009500000000000001,0.008825,27,COMPLETE
5254,5254,,,2024-08-29 15:58:31.202010,2024-08-29 15:58:31.220960,0 days 00:00:00.018950,0.01435,N95,32,12,1.1x60x0.1,1.4x200x0.071,0.020818354087399252,,,,,,,,,,,,,,,27,FAIL
5255,5255,,,2024-08-29 15:58:31.223952,2024-08-29 15:58:31.245893,0 days 00:00:00.021941,0.01435,N95,31,1,1.1x60x0.1,1.1x60x0.1,0.022952672046837874,,,,,,,,,,,,,,,27,FAIL
5256,5256,,,2024-08-29 15:58:31.248886,2024-08-29 15:58:31.267850,0 days 00:00:00.018964,0.01435,N95,2,23,1.1x60x0.1,1.1x60x0.1,0.019669666358117427,,,,,,,,,,,,,,,27,FAIL
5257,5257,,,2024-08-29 15:58:31.270827,2024-08-29 15:58:31.293766,0 days 00:00:00.022939,0.01435,N95,18,9,1.1x60x0.1,1.1x60x0.1,0.024919640663391383,,,,,,,,,,,,,,,27,FAIL
5258,5258,,,2024-08-29 15:58:31.296758,2024-08-29 15:58:31.315707,0 days 00:00:00.018949,0.01435,N95,32,21,1.1x60x0.1,1.4x200x0.071,0.02245838101281257,,,,,,,,,,,,,,,27,FAIL
5259,5259,3.2781434757509626e-05,12290.359524383592,2024-08-29 15:58:31.318698,2024-08-29 15:58:31.651006,0 days 00:00:00.332308,0.01435,N95,26,12,1.1x60x0.1,1.1x60x0.1,0.01627347488168319,0.00021646615240105503,0.00029565163374893665,0.0003657773033793026,2.261637884296853,2.5160233767014395,0.254385492404586,0.00040691936244924715,4.114205906994455e-05,6.0,12285.95325197478,1.2334200061549663,3.172852402657422,0.006900000000000001,0.008825,27,COMPLETE
5260,5260,,,2024-08-29 15:58:31.653997,2024-08-29 15:58:31.668959,0 days 00:00:00.014962,0.01345,N95,18,16,1.1x60x0.1,1.1x60x0.1,0.008980076704736797,,,,,,,,,,,,,,,27,FAIL
5261,5261,,,2024-08-29 15:58:31.671949,2024-08-29 15:58:31.689902,0 days 00:00:00.017953,0.01435,N95,18,3,1.1x60x0.1,1.1x60x0.1,0.024704212099531865,,,,,,,,,,,,,,,27,FAIL
5262,5262,,,2024-08-29 15:58:31.692894,2024-08-29 15:58:31.711843,0 days 00:00:00.018949,0.01435,N95,31,23,1.4x200x0.071,1.1x60x0.1,0.020768304526704147,,,,,,,,,,,,,,,27,FAIL
5263,5263,,,2024-08-29 15:58:31.713838,2024-08-29 15:58:31.729796,0 days 00:00:00.015958,0.01435,N95,18,12,1.1x60x0.1,1.1x60x0.1,0.008070285934169448,,,,,,,,,,,,,,,27,FAIL
5264,5264,,,2024-08-29 15:58:31.731789,2024-08-29 15:58:31.748744,0 days 00:00:00.016955,0.01435,N95,34,23,1.1x60x0.1,1.1x60x0.1,0.006324257992312732,,,,,,,,,,,,,,,27,FAIL
5265,5265,,,2024-08-29 15:58:31.751737,2024-08-29 15:58:31.765700,0 days 00:00:00.013963,0.01435,N95,35,23,1.1x60x0.1,1.1x60x0.1,0.006738635708201553,,,,,,,,,,,,,,,27,FAIL
5266,5266,,,2024-08-29 15:58:31.768691,2024-08-29 15:58:31.784647,0 days 00:00:00.015956,0.01435,N95,23,8,1.1x60x0.1,1.1x60x0.1,0.006634043457020657,,,,,,,,,,,,,,,27,FAIL
5267,5267,,,2024-08-29 15:58:31.786654,2024-08-29 15:58:31.799609,0 days 00:00:00.012955,0.01435,N95,33,18,1.1x60x0.1,1.1x60x0.1,0.010299286891760816,,,,,,,,,,,,,,,27,FAIL
5268,5268,3.499837793190294e-05,16524.890989239502,2024-08-29 15:58:31.802600,2024-08-29 15:58:32.129875,0 days 00:00:00.327275,0.01435,N95,23,16,1.1x60x0.1,1.1x60x0.1,0.017268497306322364,0.0001957363289408466,0.0006533138571469244,0.0004389327640551628,2.7139654611562216,2.6785907920299765,0.035259774100903196,0.000433211578019691,5.7026039305145055e-06,5.0,16520.98106714325,1.2658784273695707,2.644043668881184,0.0082,0.008825,27,COMPLETE
5269,5269,,,2024-08-29 15:58:32.132867,2024-08-29 15:58:32.149822,0 days 00:00:00.016955,0.01435,N95,26,1,1.1x60x0.1,1.1x60x0.1,0.023390483465212997,,,,,,,,,,,,,,,27,FAIL
5270,5270,,,2024-08-29 15:58:32.152813,2024-08-29 15:58:32.170768,0 days 00:00:00.017955,0.01435,N95,23,15,1.1x60x0.1,1.1x60x0.1,0.00663868162905491,,,,,,,,,,,,,,,27,FAIL
5271,5271,3.195557450198898e-05,14610.827556046037,2024-08-29 15:58:32.175754,2024-08-29 15:58:32.513363,0 days 00:00:00.337609,0.01435,N95,23,17,1.1x60x0.1,1.1x60x0.1,0.012818528382408661,0.0002019504032948341,0.000775060706009103,0.0004389327640551628,2.7139654611562216,2.680671654919756,0.03318566974202596,0.00043354811837471884,5.367156640484147e-06,5.0,14606.885175528572,1.2983368485841749,2.644043668881184,0.009500000000000001,0.008825,27,COMPLETE
5272,5272,,,2024-08-29 15:58:32.516356,2024-08-29 15:58:32.534313,0 days 00:00:00.017957,0.01435,N95,8,2,1.1x60x0.1,1.1x60x0.1,0.016082869727522042,,,,,,,,,,,,,,,27,FAIL
5273,5273,4.097014347308593e-05,7103.6623672989845,2024-08-29 15:58:32.537300,2024-08-29 15:58:32.865424,0 days 00:00:00.328124,0.01435,N95,34,23,1.1x60x0.1,1.1x60x0.1,0.02085058442069011,0.00040230185551205804,0.0016709731681355863,0.000274332977534477,1.6962284132226402,1.8781173197880079,0.18188890656536766,0.000303750080166172,2.941710263169502e-05,8.0,7097.581767419542,1.8501300092324493,4.2304698702098955,0.0108,0.008825,27,COMPLETE
5274,5274,3.991725599684603e-05,7634.624801774146,2024-08-29 15:58:32.869417,2024-08-29 15:58:33.183572,0 days 00:00:00.314155,0.01435,N95,34,15,1.1x60x0.1,1.1x60x0.1,0.0223606149543985,0.000395024031854658,0.0004919656916685144,0.000274332977534477,1.6962284132226402,1.9751247366228706,0.27889632340023063,0.0003194392015697427,4.5106224035265726e-05,8.0,7628.80386926442,1.5904626395156145,4.2304698702098955,0.0082,0.008825,27,COMPLETE
5275,5275,4.422609119011609e-05,20267.87472401838,2024-08-29 15:58:33.185566,2024-08-29 15:58:33.524668,0 days 00:00:00.339102,0.01435,N95,22,15,1.4x200x0.071,1.1x60x0.1,0.02402120443041672,0.0001535222539464399,0.0005286018593040259,0.0004389327640551628,2.7139654611562216,2.8571635114986416,0.1431980503424198,0.0004620923498876704,2.3159585832507633e-05,5.0,20264.552405109305,0.6782752401935507,2.644043668881184,0.011,0.008825,27,COMPLETE
5276,5276,,,2024-08-29 15:58:33.527652,2024-08-29 15:58:33.545602,0 days 00:00:00.017950,0.01435,N95,23,17,1.1x60x0.1,1.4x200x0.071,0.007994982285554645,,,,,,,,,,,,,,,27,FAIL
5277,5277,4.45999096497688e-05,7696.934875727675,2024-08-29 15:58:33.548595,2024-08-29 15:58:33.867744,0 days 00:00:00.319149,0.01435,N95,34,23,1.1x60x0.1,1.1x60x0.1,0.024608188525253427,0.0004014295215430594,0.0016709731681355863,0.000274332977534477,1.6962284132226402,1.8781173197880079,0.18188890656536766,0.000303750080166172,2.941710263169502e-05,8.0,7690.854275848233,1.8501300092324493,4.2304698702098955,0.0108,0.008825,27,COMPLETE
5278,5278,4.1932675989338586e-05,7260.981348747951,2024-08-29 15:58:33.871731,2024-08-29 15:58:34.193868,0 days 00:00:00.322137,0.01435,N95,34,23,1.1x60x0.1,1.1x60x0.1,0.02184701668596399,0.0004021157748661412,0.0016709731681355863,0.000274332977534477,1.6962284132226402,1.8781173197880079,0.18188890656536766,0.000303750080166172,2.941710263169502e-05,8.0,7254.900748868509,1.8501300092324493,4.2304698702098955,0.0108,0.008825,27,COMPLETE
5279,5279,,,2024-08-29 15:58:34.196861,2024-08-29 15:58:34.213816,0 days 00:00:00.016955,0.01435,N95,39,12,1.1x60x0.1,1.1x60x0.1,0.012382861817056676,,,,,,,,,,,,,,,27,FAIL
5280,5280,,,2024-08-29 15:58:34.216807,2024-08-29 15:58:34.234760,0 days 00:00:00.017953,0.01435,N95,14,17,1.1x60x0.1,1.1x60x0.1,0.02149576074162223,,,,,,,,,,,,,,,27,FAIL
5281,5281,,,2024-08-29 15:58:34.237751,2024-08-29 15:58:34.255705,0 days 00:00:00.017954,0.01435,N95,14,16,1.1x60x0.1,1.1x60x0.1,0.008856356408457474,,,,,,,,,,,,,,,27,FAIL
5282,5282,3.6368063533214396e-05,30524.613232719465,2024-08-29 15:58:34.258695,2024-08-29 15:58:34.564882,0 days 00:00:00.306187,0.01435,N95,18,15,1.1x60x0.1,1.1x60x0.1,0.01868642231496649,0.00010893348322034256,0.0005246583744754121,0.000548665955068954,3.3924568264452803,3.4451893614158253,0.052763993072452026,0.0005571944487662894,8.53358145243754e-06,4.0,30521.42686988428,1.0711279000819447,2.1152349351049478,0.0082,0.008825,27,COMPLETE
5283,5283,,,2024-08-29 15:58:34.569865,2024-08-29 15:58:34.593802,0 days 00:00:00.023937,0.01435,N95,31,21,1.1x60x0.1,1.1x60x0.1,0.011176282123644712,,,,,,,,,,,,,,,27,FAIL
5284,5284,3.7660439021685015e-05,17166.70879765253,2024-08-29 15:58:34.596792,2024-08-29 15:58:34.900978,0 days 00:00:00.304186,0.01435,N95,23,18,1.1x60x0.1,1.1x60x0.1,0.018724314400498064,0.0002025588673677758,0.0008998346701759908,0.0004389327640551628,2.7139654611562216,2.682521310821782,0.03134202142302448,0.00043384726535696574,5.068981271568355e-06,5.0,17162.73395871385,1.3307952697987795,2.644043668881184,0.009500000000000001,0.008825,27,COMPLETE
5285,5285,,,2024-08-29 15:58:34.903970,2024-08-29 15:58:34.923942,0 days 00:00:00.019972,0.01435,N95,34,12,1.1x60x0.1,1.4x200x0.071,0.00752397919503397,,,,,,,,,,,,,,,27,FAIL
5286,5286,,,2024-08-29 15:58:34.926907,2024-08-29 15:58:34.943861,0 days 00:00:00.016954,0.01435,N95,18,3,1.1x60x0.1,1.4x200x0.071,0.021558328813430106,,,,,,,,,,,,,,,27,FAIL
5287,5287,3.975778873261151e-05,9747.332453766554,2024-08-29 15:58:34.945857,2024-08-29 15:58:35.371722,0 days 00:00:00.425865,0.01435,N95,31,15,1.1x60x0.1,1.1x60x0.1,0.02219553136017681,0.00033294281534094143,0.0005412591874763916,0.0003135234028965449,1.9385467579687303,2.0558975182049,0.11735076023617001,0.0003325026766904319,1.8979273793887023e-05,7.0,9742.137705254248,1.4930873758718013,3.7016611364336582,0.0082,0.008825,27,COMPLETE
5288,5288,,,2024-08-29 15:58:35.376707,2024-08-29 15:58:35.396653,0 days 00:00:00.019946,0.01435,N95,26,9,1.1x60x0.1,1.1x60x0.1,0.009573858365698672,,,,,,,,,,,,,,,27,FAIL
5289,5289,,,2024-08-29 15:58:35.399644,2024-08-29 15:58:35.418593,0 days 00:00:00.018949,0.01435,N95,3,16,1.1x60x0.1,1.1x60x0.1,0.020226307320892853,,,,,,,,,,,,,,,27,FAIL
5290,5290,,,2024-08-29 15:58:35.421585,2024-08-29 15:58:35.438540,0 days 00:00:00.016955,0.01435,N95,34,15,1.1x60x0.1,1.1x60x0.1,0.008495845720514794,,,,,,,,,,,,,,,27,FAIL
5291,5291,,,2024-08-29 15:58:35.440534,2024-08-29 15:58:35.459483,0 days 00:00:00.018949,0.0149,N95,34,21,1.1x60x0.1,1.1x60x0.1,0.009907530814301038,,,,,,,,,,,,,,,27,FAIL
5292,5292,3.60956878439152e-05,30332.11106116812,2024-08-29 15:58:35.461477,2024-08-29 15:58:35.762717,0 days 00:00:00.301240,0.01435,N95,18,14,1.1x60x0.1,1.1x60x0.1,0.018404453736750998,0.00010696399452345282,0.0004436730499310024,0.000548665955068954,3.3924568264452803,3.448955971056579,0.0565328497204842,0.0005578036268875277,9.14312298475449e-06,4.0,30328.95715675415,1.03866947886734,2.1152349351049478,0.0082,0.008825,27,COMPLETE
5293,5293,,,2024-08-29 15:58:35.765707,2024-08-29 15:58:35.783660,0 days 00:00:00.017953,0.01435,N95,19,10,1.1x60x0.1,1.1x60x0.1,0.02031874529273576,,,,,,,,,,,,,,,27,FAIL
5294,5294,,,2024-08-29 15:58:35.786651,2024-08-29 15:58:35.801611,0 days 00:00:00.014960,0.01435,N95,22,23,1.1x60x0.1,1.4x200x0.071,0.008904547078617582,,,,,,,,,,,,,,,27,FAIL
5295,5295,,,2024-08-29 15:58:35.804604,2024-08-29 15:58:35.821557,0 days 00:00:00.016953,0.01345,N95,23,16,1.1x60x0.1,1.1x60x0.1,0.007855357799740911,,,,,,,,,,,,,,,27,FAIL
5296,5296,3.0174946284947752e-05,26736.053775940007,2024-08-29 15:58:35.823552,2024-08-29 15:58:36.207527,0 days 00:00:00.383975,0.01435,N95,18,12,1.1x60x0.1,1.1x60x0.1,0.013575187634997215,0.0001058993367238771,0.000306709972857329,0.000548665955068954,3.3924568264452803,3.4583724951584625,0.06595499134056497,0.0005593265721906234,1.0666976815546916e-05,4.0,26732.964788368467,0.9737526364381314,2.1152349351049478,0.006900000000000001,0.008825,27,COMPLETE
5297,5297,,,2024-08-29 15:58:36.210517,2024-08-29 15:58:36.226474,0 days 00:00:00.015957,0.01435,N95,22,7,1.1x60x0.1,1.1x60x0.1,0.007864308407181327,,,,,,,,,,,,,,,27,FAIL
5298,5298,,,2024-08-29 15:58:36.229466,2024-08-29 15:58:36.247418,0 days 00:00:00.017952,0.01435,N95,40,7,1.1x60x0.1,1.1x60x0.1,0.019025023157787257,,,,,,,,,,,,,,,27,FAIL
5299,5299,,,2024-08-29 15:58:36.249413,2024-08-29 15:58:36.267365,0 days 00:00:00.017952,0.0149,N95,11,16,1.1x60x0.1,1.1x60x0.1,0.012404633134925895,,,,,,,,,,,,,,,27,FAIL
5300,5300,,,2024-08-29 15:58:36.270356,2024-08-29 15:58:36.287312,0 days 00:00:00.016956,0.01435,N95,31,21,1.1x60x0.1,1.1x60x0.1,0.014647843900844063,,,,,,,,,,,,,,,27,FAIL
5301,5301,3.995960300841694e-05,8657.710041197808,2024-08-29 15:58:36.289306,2024-08-29 15:58:36.638383,0 days 00:00:00.349077,0.0149,N95,31,11,1.1x60x0.1,1.1x60x0.1,0.01520352102892792,0.0003487928128096429,0.0002816445989456705,0.0003135234028965449,1.7980739370650685,1.9465019066778173,0.1484279696127489,0.0003394042307972999,2.588082790075499e-05,7.0,8651.905036045882,1.5624536580220119,4.2425514939037905,0.005600000000000001,0.01105,27,COMPLETE
5302,5302,,,2024-08-29 15:58:36.642362,2024-08-29 15:58:36.664303,0 days 00:00:00.021941,0.01435,N95,23,2,1.1x60x0.1,1.4x200x0.071,0.023048395243640822,,,,,,,,,,,,,,,27,FAIL
5303,5303,,,2024-08-29 15:58:36.668293,2024-08-29 15:58:36.688240,0 days 00:00:00.019947,0.01435,N95,8,15,1.1x60x0.1,1.1x60x0.1,0.02216224459795755,,,,,,,,,,,,,,,27,FAIL
5304,5304,,,2024-08-29 15:58:36.693270,2024-08-29 15:58:36.715172,0 days 00:00:00.021902,0.01435,N95,0,9,1.1x60x0.1,1.1x60x0.1,0.01893130143778479,,,,,,,,,,,,,,,27,FAIL
5305,5305,3.422926042658564e-05,28852.868810374537,2024-08-29 15:58:36.719157,2024-08-29 15:58:37.063236,0 days 00:00:00.344079,0.01435,N95,18,15,1.1x60x0.1,1.1x60x0.1,0.016472291998818805,0.0001104321941582129,0.0005246583744754121,0.000548665955068954,3.3924568264452803,3.4451893614158253,0.052763993072452026,0.0005571944487662894,8.53358145243754e-06,4.0,28849.68244753935,1.0711279000819447,2.1152349351049478,0.0082,0.008825,27,COMPLETE
5306,5306,,,2024-08-29 15:58:37.066228,2024-08-29 15:58:37.091170,0 days 00:00:00.024942,0.01435,N95,23,24,1.1x60x0.1,1.1x60x0.1,0.015898122978142165,,,,,,,,,,,,,,,27,FAIL
