,number,values_0,values_1,datetime_start,datetime_complete,duration,params_core_inner_diameter,params_material,params_n_p_bot,params_n_p_top,params_primary_litz_wire,params_secondary_litz_wire,params_window_h_bot,user_attrs_air_gap_bot,user_attrs_air_gap_top,user_attrs_flux_bot_max,user_attrs_flux_density_bot_max,user_attrs_flux_density_mid_max,user_attrs_flux_density_top_max,user_attrs_flux_mid_max,user_attrs_flux_top_max,user_attrs_n_s_bot,user_attrs_p_hyst,user_attrs_primary_litz_wire_loss,user_attrs_secondary_litz_wire_loss,user_attrs_window_h_top,user_attrs_window_w,system_attrs_nsga2:generation,state
1414,1414,,,2024-08-29 06:08:37.120244,2024-08-29 06:08:37.124175,0 days 00:00:00.003931,0.01345,N95,21,11,1.1x60x0.1,1.1x60x0.1,0.007700608220891123,,,,,,,,,,,,,,,0,FAIL
1415,1415,,,2024-08-29 06:08:37.125173,2024-08-29 06:08:37.130245,0 days 00:00:00.005072,0.01345,N95,22,6,1.4x200x0.071,1.4x200x0.071,0.007838128589433275,,,,,,,,,,,,,,,0,FAIL
1416,1416,,,2024-08-29 06:08:37.130245,2024-08-29 06:08:37.136229,0 days 00:00:00.005984,0.01435,N95,9,7,1.1x60x0.1,1.4x200x0.071,0.021639757032616155,,,,,,,,,,,,,,,0,FAIL
1417,1417,,,2024-08-29 06:08:37.137227,2024-08-29 06:08:37.141280,0 days 00:00:00.004053,0.01345,N95,2,4,1.1x60x0.1,1.4x200x0.071,0.0085741686288473,,,,,,,,,,,,,,,0,FAIL
1418,1418,,,2024-08-29 06:08:37.142277,2024-08-29 06:08:37.148330,0 days 00:00:00.006053,0.0149,N95,3,13,1.1x60x0.1,1.4x200x0.071,0.011724295572128332,,,,,,,,,,,,,,,0,FAIL
1419,1419,,,2024-08-29 06:08:37.148330,2024-08-29 06:08:37.153317,0 days 00:00:00.004987,0.012,N95,0,1,1.1x60x0.1,1.1x60x0.1,0.0160997762122545,,,,,,,,,,,,,,,0,FAIL
1420,1420,,,2024-08-29 06:08:37.154314,2024-08-29 06:08:37.158367,0 days 00:00:00.004053,0.01345,N95,28,21,1.4x200x0.071,1.4x200x0.071,0.007722696086805184,,,,,,,,,,,,,,,0,FAIL
1421,1421,,,2024-08-29 06:08:37.159364,2024-08-29 06:08:37.164350,0 days 00:00:00.004986,0.01435,N95,30,19,1.4x200x0.071,1.4x200x0.071,0.020787202527071117,,,,,,,,,,,,,,,0,FAIL
1422,1422,,,2024-08-29 06:08:37.164350,2024-08-29 06:08:37.169396,0 days 00:00:00.005046,0.0149,N95,7,17,1.1x60x0.1,1.4x200x0.071,0.01918136042351302,,,,,,,,,,,,,,,0,FAIL
1423,1423,,,2024-08-29 06:08:37.170394,2024-08-29 06:08:37.175444,0 days 00:00:00.005050,0.012,N95,1,0,1.1x60x0.1,1.1x60x0.1,0.013897040340064011,,,,,,,,,,,,,,,0,FAIL
1424,1424,,,2024-08-29 06:08:37.176443,2024-08-29 06:08:37.182426,0 days 00:00:00.005983,0.01435,N95,4,5,1.4x200x0.071,1.4x200x0.071,0.018076583651750227,,,,,,,,,,,,,,,0,FAIL
1425,1425,,,2024-08-29 06:08:37.183425,2024-08-29 06:08:37.188469,0 days 00:00:00.005044,0.01435,N95,16,19,1.4x200x0.071,1.1x60x0.1,0.013092967691791774,,,,,,,,,,,,,,,0,FAIL
1426,1426,,,2024-08-29 06:08:37.189468,2024-08-29 06:08:37.194454,0 days 00:00:00.004986,0.0149,N95,26,23,1.1x60x0.1,1.4x200x0.071,0.0052712144497653775,,,,,,,,,,,,,,,0,FAIL
1427,1427,,,2024-08-29 06:08:37.195454,2024-08-29 06:08:37.201435,0 days 00:00:00.005981,0.01435,N95,38,17,1.1x60x0.1,1.4x200x0.071,0.011407751462941967,,,,,,,,,,,,,,,0,FAIL
1428,1428,,,2024-08-29 06:08:37.202432,2024-08-29 06:08:37.207419,0 days 00:00:00.004987,0.0149,N95,32,2,1.4x200x0.071,1.1x60x0.1,0.0050027669944515294,,,,,,,,,,,,,,,0,FAIL
1429,1429,,,2024-08-29 06:08:37.208416,2024-08-29 06:08:37.212405,0 days 00:00:00.003989,0.01345,N95,24,2,1.1x60x0.1,1.4x200x0.071,0.009837734517952626,,,,,,,,,,,,,,,0,FAIL
1430,1430,,,2024-08-29 06:08:37.213403,2024-08-29 06:08:37.218389,0 days 00:00:00.004986,0.01345,N95,1,9,1.1x60x0.1,1.1x60x0.1,0.006749852147716298,,,,,,,,,,,,,,,0,FAIL
1431,1431,,,2024-08-29 06:08:37.219396,2024-08-29 06:08:37.223376,0 days 00:00:00.003980,0.01345,N95,22,17,1.1x60x0.1,1.4x200x0.071,0.005842745018618906,,,,,,,,,,,,,,,0,FAIL
1432,1432,,,2024-08-29 06:08:37.224373,2024-08-29 06:08:37.229359,0 days 00:00:00.004986,0.012,N95,9,22,1.1x60x0.1,1.4x200x0.071,0.011724605454898795,,,,,,,,,,,,,,,0,FAIL
1433,1433,,,2024-08-29 06:08:37.230356,2024-08-29 06:08:37.234345,0 days 00:00:00.003989,0.012,N95,10,9,1.1x60x0.1,1.4x200x0.071,0.01190978392793449,,,,,,,,,,,,,,,0,FAIL
1434,1434,,,2024-08-29 06:08:37.235343,2024-08-29 06:08:37.239332,0 days 00:00:00.003989,0.01345,N95,35,18,1.1x60x0.1,1.4x200x0.071,0.010710203120039837,,,,,,,,,,,,,,,0,FAIL
1435,1435,,,2024-08-29 06:08:37.240330,2024-08-29 06:08:37.243322,0 days 00:00:00.002992,0.01345,N95,33,21,1.4x200x0.071,1.4x200x0.071,0.009963771034917478,,,,,,,,,,,,,,,0,FAIL
1436,1436,,,2024-08-29 06:08:37.243322,2024-08-29 06:08:37.246313,0 days 00:00:00.002991,0.01435,N95,31,20,1.1x60x0.1,1.1x60x0.1,0.015324780095041296,,,,,,,,,,,,,,,0,FAIL
1437,1437,,,2024-08-29 06:08:37.246313,2024-08-29 06:08:37.249306,0 days 00:00:00.002993,0.012,N95,8,25,1.1x60x0.1,1.4x200x0.071,0.006316491019918815,,,,,,,,,,,,,,,0,FAIL
1438,1438,,,2024-08-29 06:08:37.249306,2024-08-29 06:08:37.252297,0 days 00:00:00.002991,0.01435,N95,27,25,1.4x200x0.071,1.4x200x0.071,0.01911846941425581,,,,,,,,,,,,,,,0,FAIL
1439,1439,,,2024-08-29 06:08:37.253296,2024-08-29 06:08:37.256287,0 days 00:00:00.002991,0.012,N95,32,13,1.1x60x0.1,1.4x200x0.071,0.005048641547967417,,,,,,,,,,,,,,,0,FAIL
1440,1440,,,2024-08-29 06:08:37.257286,2024-08-29 06:08:37.259281,0 days 00:00:00.001995,0.0149,N95,37,23,1.1x60x0.1,1.1x60x0.1,0.005007176294733613,,,,,,,,,,,,,,,0,FAIL
1441,1441,,,2024-08-29 06:08:37.260279,2024-08-29 06:08:37.263270,0 days 00:00:00.002991,0.01345,N95,23,3,1.1x60x0.1,1.4x200x0.071,0.009866996297014412,,,,,,,,,,,,,,,0,FAIL
1442,1442,,,2024-08-29 06:08:37.263270,2024-08-29 06:08:37.270251,0 days 00:00:00.006981,0.01435,N95,4,12,1.1x60x0.1,1.4x200x0.071,0.013027164049241167,,,,,,,,,,,,,,,0,FAIL
1443,1443,,,2024-08-29 06:08:37.270251,2024-08-29 06:08:37.274247,0 days 00:00:00.003996,0.0149,N95,40,7,1.1x60x0.1,1.1x60x0.1,0.010836965391846889,,,,,,,,,,,,,,,0,FAIL
1444,1444,,,2024-08-29 06:08:37.275250,2024-08-29 06:08:37.278230,0 days 00:00:00.002980,0.01435,N95,40,23,1.1x60x0.1,1.4x200x0.071,0.015328559653365556,,,,,,,,,,,,,,,0,FAIL
1445,1445,,,2024-08-29 06:08:37.278230,2024-08-29 06:08:37.281224,0 days 00:00:00.002994,0.01435,N95,0,1,1.1x60x0.1,1.4x200x0.071,0.017562685380232118,,,,,,,,,,,,,,,0,FAIL
1446,1446,,,2024-08-29 06:08:37.282220,2024-08-29 06:08:37.287210,0 days 00:00:00.004990,0.012,N95,39,0,1.1x60x0.1,1.4x200x0.071,0.007605520215782468,,,,,,,,,,,,,,,0,FAIL
1447,1447,,,2024-08-29 06:08:37.287210,2024-08-29 06:08:37.292192,0 days 00:00:00.004982,0.0149,N95,20,11,1.1x60x0.1,1.1x60x0.1,0.018486342716469813,,,,,,,,,,,,,,,0,FAIL
1448,1448,,,2024-08-29 06:08:37.292192,2024-08-29 06:08:37.298178,0 days 00:00:00.005986,0.012,N95,29,12,1.4x200x0.071,1.4x200x0.071,0.015436030185719696,,,,,,,,,,,,,,,0,FAIL
1449,1449,,,2024-08-29 06:08:37.298178,2024-08-29 06:08:37.301168,0 days 00:00:00.002990,0.012,N95,24,3,1.1x60x0.1,1.1x60x0.1,0.005252466458637345,,,,,,,,,,,,,,,0,FAIL
1450,1450,,,2024-08-29 06:08:37.302168,2024-08-29 06:08:37.305158,0 days 00:00:00.002990,0.0149,N95,26,1,1.4x200x0.071,1.1x60x0.1,0.007419256427990243,,,,,,,,,,,,,,,0,FAIL
1451,1451,,,2024-08-29 06:08:37.306155,2024-08-29 06:08:37.308155,0 days 00:00:00.002000,0.0149,N95,8,9,1.4x200x0.071,1.4x200x0.071,0.005550338518767187,,,,,,,,,,,,,,,0,FAIL
1452,1452,,,2024-08-29 06:08:37.309147,2024-08-29 06:08:37.313138,0 days 00:00:00.003991,0.01345,N95,29,6,1.4x200x0.071,1.1x60x0.1,0.009835910888357623,,,,,,,,,,,,,,,0,FAIL
1453,1453,4.938400211743465e-05,79.15338750549284,2024-08-29 06:08:37.314133,2024-08-29 06:08:37.555487,0 days 00:00:00.241354,0.0149,N95,34,16,1.4x200x0.071,1.4x200x0.071,0.01894559658531549,0.0004301132103347954,0.0006369039800098701,2.412419716454984e-05,0.13835359585105508,0.16240675828925424,0.281851622815272,2.8318256809481255e-05,4.91454094714236e-05,8.0,75.20164141125842,1.0956677998544981,2.8560782943799237,0.0094,0.01105,0,COMPLETE
1454,1454,,,2024-08-29 06:08:37.556486,2024-08-29 06:08:37.562469,0 days 00:00:00.005983,0.0149,N95,30,12,1.4x200x0.071,1.1x60x0.1,0.009206310250376066,,,,,,,,,,,,,,,0,FAIL
1455,1455,,,2024-08-29 06:08:37.563466,2024-08-29 06:08:37.568452,0 days 00:00:00.004986,0.01345,N95,18,6,1.4x200x0.071,1.4x200x0.071,0.010703990022869522,,,,,,,,,,,,,,,0,FAIL
1456,1456,,,2024-08-29 06:08:37.569450,2024-08-29 06:08:37.573440,0 days 00:00:00.003990,0.012,N95,39,7,1.4x200x0.071,1.1x60x0.1,0.012370434427332794,,,,,,,,,,,,,,,0,FAIL
1457,1457,,,2024-08-29 06:08:37.574437,2024-08-29 06:08:37.580421,0 days 00:00:00.005984,0.01435,N95,4,3,1.4x200x0.071,1.4x200x0.071,0.020716128256373194,,,,,,,,,,,,,,,0,FAIL
1458,1458,,,2024-08-29 06:08:37.581418,2024-08-29 06:08:37.585406,0 days 00:00:00.003988,0.01435,N95,24,7,1.4x200x0.071,1.1x60x0.1,0.011491272248725325,,,,,,,,,,,,,,,0,FAIL
1459,1459,,,2024-08-29 06:08:37.586404,2024-08-29 06:08:37.591391,0 days 00:00:00.004987,0.01345,N95,23,19,1.1x60x0.1,1.1x60x0.1,0.004909403613776851,,,,,,,,,,,,,,,0,FAIL
1460,1460,,,2024-08-29 06:08:37.592389,2024-08-29 06:08:37.596378,0 days 00:00:00.003989,0.012,N95,36,20,1.1x60x0.1,1.4x200x0.071,0.010968226288926122,,,,,,,,,,,,,,,0,FAIL
1461,1461,,,2024-08-29 06:08:37.596378,2024-08-29 06:08:37.602409,0 days 00:00:00.006031,0.0149,N95,18,6,1.4x200x0.071,1.4x200x0.071,0.013880449895945553,,,,,,,,,,,,,,,0,FAIL
1462,1462,,,2024-08-29 06:08:37.602409,2024-08-29 06:08:37.607443,0 days 00:00:00.005034,0.0149,N95,2,23,1.4x200x0.071,1.4x200x0.071,0.009718496723074784,,,,,,,,,,,,,,,0,FAIL
1463,1463,4.263366880215162e-05,486.7682192861169,2024-08-29 06:08:37.608442,2024-08-29 06:08:37.835478,0 days 00:00:00.227036,0.0149,N95,23,7,1.4x200x0.071,1.1x60x0.1,0.016743498976147998,0.0001758103783985315,0.00011389559134759016,3.7605450211454966e-05,0.21566932258363924,0.5402491090989081,0.6442322807206217,9.420120919665323e-05,0.00011233236450611108,5.0,483.0804246819872,0.6574006799126988,3.030393924216993,0.006200000000000001,0.01105,0,COMPLETE
1464,1464,,,2024-08-29 06:08:37.836476,2024-08-29 06:08:37.842530,0 days 00:00:00.006054,0.0149,N95,32,10,1.1x60x0.1,1.1x60x0.1,0.005817982542304782,,,,,,,,,,,,,,,0,FAIL
1465,1465,,,2024-08-29 06:08:37.843528,2024-08-29 06:08:37.848571,0 days 00:00:00.005043,0.0149,N95,7,2,1.4x200x0.071,1.1x60x0.1,0.01188329832265063,,,,,,,,,,,,,,,0,FAIL
1466,1466,,,2024-08-29 06:08:37.849569,2024-08-29 06:08:37.855603,0 days 00:00:00.006034,0.01435,N95,17,10,1.1x60x0.1,1.1x60x0.1,0.010020922719116546,,,,,,,,,,,,,,,0,FAIL
1467,1467,,,2024-08-29 06:08:37.856600,2024-08-29 06:08:37.861640,0 days 00:00:00.005040,0.01345,N95,27,5,1.4x200x0.071,1.1x60x0.1,0.0061155349750521525,,,,,,,,,,,,,,,0,FAIL
1468,1468,,,2024-08-29 06:08:37.862638,2024-08-29 06:08:37.867674,0 days 00:00:00.005036,0.01435,N95,31,24,1.4x200x0.071,1.4x200x0.071,0.012793020997469692,,,,,,,,,,,,,,,0,FAIL
1469,1469,,,2024-08-29 06:08:37.868671,2024-08-29 06:08:37.872710,0 days 00:00:00.004039,0.01345,N95,8,16,1.1x60x0.1,1.1x60x0.1,0.004332447709350496,,,,,,,,,,,,,,,0,FAIL
1470,1470,,,2024-08-29 06:08:37.873707,2024-08-29 06:08:37.876699,0 days 00:00:00.002992,0.01435,N95,20,13,1.4x200x0.071,1.4x200x0.071,0.014267005246142482,,,,,,,,,,,,,,,0,FAIL
1471,1471,,,2024-08-29 06:08:37.877748,2024-08-29 06:08:37.881737,0 days 00:00:00.003989,0.012,N95,37,12,1.4x200x0.071,1.1x60x0.1,0.005824405512799578,,,,,,,,,,,,,,,0,FAIL
1472,1472,,,2024-08-29 06:08:37.882735,2024-08-29 06:08:37.889772,0 days 00:00:00.007037,0.01435,N95,14,10,1.4x200x0.071,1.4x200x0.071,0.021557268344854292,,,,,,,,,,,,,,,0,FAIL
1473,1473,,,2024-08-29 06:08:37.890769,2024-08-29 06:08:37.896753,0 days 00:00:00.005984,0.01435,N95,24,0,1.1x60x0.1,1.1x60x0.1,0.022971047332525273,,,,,,,,,,,,,,,0,FAIL
1474,1474,,,2024-08-29 06:08:37.897751,2024-08-29 06:08:37.900746,0 days 00:00:00.002995,0.012,N95,17,22,1.1x60x0.1,1.4x200x0.071,0.00926123798260709,,,,,,,,,,,,,,,0,FAIL
1475,1475,,,2024-08-29 06:08:37.900746,2024-08-29 06:08:37.904732,0 days 00:00:00.003986,0.01435,N95,23,5,1.4x200x0.071,1.4x200x0.071,0.02016676746937876,,,,,,,,,,,,,,,0,FAIL
1476,1476,,,2024-08-29 06:08:37.904732,2024-08-29 06:08:37.909719,0 days 00:00:00.004987,0.01345,N95,28,1,1.4x200x0.071,1.4x200x0.071,0.009884604961657516,,,,,,,,,,,,,,,0,FAIL
1477,1477,,,2024-08-29 06:08:37.910716,2024-08-29 06:08:37.915704,0 days 00:00:00.004988,0.01345,N95,38,16,1.1x60x0.1,1.4x200x0.071,0.01130020665229849,,,,,,,,,,,,,,,0,FAIL
1478,1478,,,2024-08-29 06:08:37.916700,2024-08-29 06:08:37.921687,0 days 00:00:00.004987,0.01345,N95,40,4,1.4x200x0.071,1.1x60x0.1,0.008947987271785134,,,,,,,,,,,,,,,0,FAIL
1479,1479,,,2024-08-29 06:08:37.921687,2024-08-29 06:08:37.928668,0 days 00:00:00.006981,0.01435,N95,5,2,1.1x60x0.1,1.4x200x0.071,0.013656361061496397,,,,,,,,,,,,,,,0,FAIL
1480,1480,,,2024-08-29 06:08:37.929666,2024-08-29 06:08:37.935649,0 days 00:00:00.005983,0.01435,N95,18,23,1.4x200x0.071,1.4x200x0.071,0.022034577510318294,,,,,,,,,,,,,,,0,FAIL
1481,1481,,,2024-08-29 06:08:37.936647,2024-08-29 06:08:37.941632,0 days 00:00:00.004985,0.0149,N95,11,22,1.4x200x0.071,1.4x200x0.071,0.01023205144593913,,,,,,,,,,,,,,,0,FAIL
1482,1482,,,2024-08-29 06:08:37.941632,2024-08-29 06:08:37.944626,0 days 00:00:00.002994,0.01435,N95,23,8,1.4x200x0.071,1.4x200x0.071,0.006698167148105022,,,,,,,,,,,,,,,0,FAIL
1483,1483,,,2024-08-29 06:08:37.945623,2024-08-29 06:08:37.949611,0 days 00:00:00.003988,0.012,N95,32,9,1.1x60x0.1,1.1x60x0.1,0.006187354680309239,,,,,,,,,,,,,,,0,FAIL
1484,1484,,,2024-08-29 06:08:37.950609,2024-08-29 06:08:37.956593,0 days 00:00:00.005984,0.0149,N95,11,4,1.4x200x0.071,1.1x60x0.1,0.011106294595718675,,,,,,,,,,,,,,,0,FAIL
1485,1485,,,2024-08-29 06:08:37.957590,2024-08-29 06:08:37.962577,0 days 00:00:00.004987,0.0149,N95,10,5,1.4x200x0.071,1.4x200x0.071,0.011679437632797194,,,,,,,,,,,,,,,0,FAIL
1486,1486,,,2024-08-29 06:08:37.962577,2024-08-29 06:08:37.965569,0 days 00:00:00.002992,0.01345,N95,17,25,1.4x200x0.071,1.1x60x0.1,0.003780470885724763,,,,,,,,,,,,,,,0,FAIL
1487,1487,,,2024-08-29 06:08:37.966566,2024-08-29 06:08:37.970556,0 days 00:00:00.003990,0.0149,N95,25,19,1.4x200x0.071,1.1x60x0.1,0.012694032268970997,,,,,,,,,,,,,,,0,FAIL
1488,1488,,,2024-08-29 06:08:37.970556,2024-08-29 06:08:37.975542,0 days 00:00:00.004986,0.0149,N95,30,7,1.4x200x0.071,1.1x60x0.1,0.015443058491592058,,,,,,,,,,,,,,,0,FAIL
1489,1489,,,2024-08-29 06:08:37.976541,2024-08-29 06:08:37.981526,0 days 00:00:00.004985,0.01345,N95,16,17,1.1x60x0.1,1.1x60x0.1,0.004370929393447286,,,,,,,,,,,,,,,0,FAIL
1490,1490,,,2024-08-29 06:08:37.982523,2024-08-29 06:08:37.985517,0 days 00:00:00.002994,0.01345,N95,31,25,1.4x200x0.071,1.4x200x0.071,0.003347991629758086,,,,,,,,,,,,,,,0,FAIL
1491,1491,,,2024-08-29 06:08:37.986515,2024-08-29 06:08:37.989508,0 days 00:00:00.002993,0.01435,N95,31,11,1.4x200x0.071,1.1x60x0.1,0.011280779920089086,,,,,,,,,,,,,,,0,FAIL
1492,1492,,,2024-08-29 06:08:37.990503,2024-08-29 06:08:37.994492,0 days 00:00:00.003989,0.01435,N95,33,22,1.4x200x0.071,1.1x60x0.1,0.01093500576840965,,,,,,,,,,,,,,,0,FAIL
1493,1493,,,2024-08-29 06:08:37.995490,2024-08-29 06:08:37.998482,0 days 00:00:00.002992,0.0149,N95,22,19,1.4x200x0.071,1.4x200x0.071,0.009188984073051456,,,,,,,,,,,,,,,0,FAIL
1494,1494,,,2024-08-29 06:08:37.999481,2024-08-29 06:08:38.004465,0 days 00:00:00.004984,0.01435,N95,40,1,1.4x200x0.071,1.1x60x0.1,0.007848228999721006,,,,,,,,,,,,,,,0,FAIL
1495,1495,,,2024-08-29 06:08:38.004465,2024-08-29 06:08:38.010452,0 days 00:00:00.005987,0.0149,N95,28,10,1.4x200x0.071,1.1x60x0.1,0.018191543208939256,,,,,,,,,,,,,,,0,FAIL
1496,1496,,,2024-08-29 06:08:38.011446,2024-08-29 06:08:38.015435,0 days 00:00:00.003989,0.012,N95,17,17,1.4x200x0.071,1.4x200x0.071,0.008682543059585338,,,,,,,,,,,,,,,0,FAIL
1497,1497,,,2024-08-29 06:08:38.015435,2024-08-29 06:08:38.019424,0 days 00:00:00.003989,0.01435,N95,31,7,1.1x60x0.1,1.4x200x0.071,0.013045194175144924,,,,,,,,,,,,,,,0,FAIL
1498,1498,,,2024-08-29 06:08:38.020422,2024-08-29 06:08:38.025409,0 days 00:00:00.004987,0.0149,N95,36,5,1.1x60x0.1,1.1x60x0.1,0.016211067214433418,,,,,,,,,,,,,,,0,FAIL
1499,1499,,,2024-08-29 06:08:38.026406,2024-08-29 06:08:38.031393,0 days 00:00:00.004987,0.01345,N95,0,0,1.1x60x0.1,1.4x200x0.071,0.010477595532085413,,,,,,,,,,,,,,,0,FAIL
1500,1500,,,2024-08-29 06:08:38.032392,2024-08-29 06:08:38.036380,0 days 00:00:00.003988,0.01435,N95,0,7,1.1x60x0.1,1.4x200x0.071,0.00820367144835736,,,,,,,,,,,,,,,0,FAIL
1501,1501,,,2024-08-29 06:08:38.037378,2024-08-29 06:08:38.039372,0 days 00:00:00.001994,0.012,N95,10,12,1.1x60x0.1,1.1x60x0.1,0.005723110987886454,,,,,,,,,,,,,,,0,FAIL
1502,1502,,,2024-08-29 06:08:38.039372,2024-08-29 06:08:38.042365,0 days 00:00:00.002993,0.01345,N95,14,23,1.1x60x0.1,1.1x60x0.1,0.005916690981527027,,,,,,,,,,,,,,,0,FAIL
1503,1503,,,2024-08-29 06:08:38.043364,2024-08-29 06:08:38.046353,0 days 00:00:00.002989,0.0149,N95,24,10,1.1x60x0.1,1.1x60x0.1,0.010792934431369389,,,,,,,,,,,,,,,0,FAIL
1504,1504,,,2024-08-29 06:08:38.047351,2024-08-29 06:08:38.050346,0 days 00:00:00.002995,0.01435,N95,10,17,1.4x200x0.071,1.4x200x0.071,0.012967784243385034,,,,,,,,,,,,,,,0,FAIL
1505,1505,,,2024-08-29 06:08:38.051340,2024-08-29 06:08:38.053334,0 days 00:00:00.001994,0.01345,N95,28,5,1.1x60x0.1,1.1x60x0.1,0.010855233208199217,,,,,,,,,,,,,,,0,FAIL
1506,1506,,,2024-08-29 06:08:38.053334,2024-08-29 06:08:38.056327,0 days 00:00:00.002993,0.012,N95,12,10,1.4x200x0.071,1.4x200x0.071,0.016031943312056773,,,,,,,,,,,,,,,0,FAIL
1507,1507,,,2024-08-29 06:08:38.056327,2024-08-29 06:08:38.062310,0 days 00:00:00.005983,0.01345,N95,4,15,1.4x200x0.071,1.4x200x0.071,0.00806776460129049,,,,,,,,,,,,,,,0,FAIL
1508,1508,,,2024-08-29 06:08:38.062310,2024-08-29 06:08:38.067297,0 days 00:00:00.004987,0.01345,N95,6,17,1.4x200x0.071,1.1x60x0.1,0.003475218173750209,,,,,,,,,,,,,,,0,FAIL
1509,1509,,,2024-08-29 06:08:38.068296,2024-08-29 06:08:38.073284,0 days 00:00:00.004988,0.01345,N95,0,15,1.1x60x0.1,1.1x60x0.1,0.01127283258358551,,,,,,,,,,,,,,,0,FAIL
1510,1510,,,2024-08-29 06:08:38.073284,2024-08-29 06:08:38.078269,0 days 00:00:00.004985,0.01435,N95,35,1,1.1x60x0.1,1.1x60x0.1,0.024703132389550478,,,,,,,,,,,,,,,0,FAIL
1511,1511,,,2024-08-29 06:08:38.078269,2024-08-29 06:08:38.081261,0 days 00:00:00.002992,0.01435,N95,39,10,1.4x200x0.071,1.4x200x0.071,0.01004844975796086,,,,,,,,,,,,,,,0,FAIL
1512,1512,,,2024-08-29 06:08:38.082260,2024-08-29 06:08:38.085250,0 days 00:00:00.002990,0.012,N95,28,3,1.1x60x0.1,1.4x200x0.071,0.010948904368922988,,,,,,,,,,,,,,,0,FAIL
1513,1513,,,2024-08-29 06:08:38.086249,2024-08-29 06:08:38.093227,0 days 00:00:00.006978,0.01435,N95,9,17,1.4x200x0.071,1.4x200x0.071,0.02094445472068419,,,,,,,,,,,,,,,0,FAIL
1514,1514,,,2024-08-29 06:08:38.094225,2024-08-29 06:08:38.100255,0 days 00:00:00.006030,0.0149,N95,12,5,1.4x200x0.071,1.4x200x0.071,0.01963952245224411,,,,,,,,,,,,,,,0,FAIL
1515,1515,,,2024-08-29 06:08:38.101253,2024-08-29 06:08:38.107298,0 days 00:00:00.006045,0.0149,N95,8,10,1.1x60x0.1,1.1x60x0.1,0.012318290087867716,,,,,,,,,,,,,,,0,FAIL
1516,1516,,,2024-08-29 06:08:38.108295,2024-08-29 06:08:38.113350,0 days 00:00:00.005055,0.01435,N95,15,0,1.4x200x0.071,1.4x200x0.071,0.013064553333412521,,,,,,,,,,,,,,,0,FAIL
1517,1517,,,2024-08-29 06:08:38.113350,2024-08-29 06:08:38.115345,0 days 00:00:00.001995,0.012,N95,18,21,1.1x60x0.1,1.1x60x0.1,0.01148334672306193,,,,,,,,,,,,,,,0,FAIL
1518,1518,,,2024-08-29 06:08:38.116342,2024-08-29 06:08:38.120403,0 days 00:00:00.004061,0.0149,N95,25,12,1.4x200x0.071,1.4x200x0.071,0.007817668080631777,,,,,,,,,,,,,,,0,FAIL
1519,1519,,,2024-08-29 06:08:38.120403,2024-08-29 06:08:38.123461,0 days 00:00:00.003058,0.012,N95,14,24,1.1x60x0.1,1.1x60x0.1,0.014430443546434916,,,,,,,,,,,,,,,0,FAIL
1520,1520,,,2024-08-29 06:08:38.124460,2024-08-29 06:08:38.127452,0 days 00:00:00.002992,0.0149,N95,14,1,1.4x200x0.071,1.4x200x0.071,0.019479601552249853,,,,,,,,,,,,,,,0,FAIL
1521,1521,,,2024-08-29 06:08:38.128448,2024-08-29 06:08:38.133494,0 days 00:00:00.005046,0.0149,N95,33,10,1.4x200x0.071,1.1x60x0.1,0.009230386727130925,,,,,,,,,,,,,,,0,FAIL
1522,1522,,,2024-08-29 06:08:38.134491,2024-08-29 06:08:38.138547,0 days 00:00:00.004056,0.01435,N95,37,2,1.4x200x0.071,1.1x60x0.1,0.011270456064007388,,,,,,,,,,,,,,,0,FAIL
1523,1523,,,2024-08-29 06:08:38.138547,2024-08-29 06:08:38.143599,0 days 00:00:00.005052,0.0149,N95,14,25,1.4x200x0.071,1.1x60x0.1,0.009663265900332962,,,,,,,,,,,,,,,0,FAIL
1524,1524,,,2024-08-29 06:08:38.144596,2024-08-29 06:08:38.147650,0 days 00:00:00.003054,0.01435,N95,32,2,1.4x200x0.071,1.4x200x0.071,0.007286391601367719,,,,,,,,,,,,,,,0,FAIL
1525,1525,,,2024-08-29 06:08:38.147650,2024-08-29 06:08:38.151639,0 days 00:00:00.003989,0.01435,N95,35,15,1.4x200x0.071,1.4x200x0.071,0.021650144141454535,,,,,,,,,,,,,,,0,FAIL
1526,1526,,,2024-08-29 06:08:38.151639,2024-08-29 06:08:38.154719,0 days 00:00:00.003080,0.01435,N95,35,15,1.1x60x0.1,1.4x200x0.071,0.015039369918567823,,,,,,,,,,,,,,,0,FAIL
1527,1527,,,2024-08-29 06:08:38.155715,2024-08-29 06:08:38.157710,0 days 00:00:00.001995,0.01435,N95,28,16,1.1x60x0.1,1.4x200x0.071,0.006939896741447372,,,,,,,,,,,,,,,0,FAIL
1528,1528,,,2024-08-29 06:08:38.157710,2024-08-29 06:08:38.162515,0 days 00:00:00.004805,0.0149,N95,34,10,1.1x60x0.1,1.4x200x0.071,0.015939221436879692,,,,,,,,,,,,,,,0,FAIL
1529,1529,,,2024-08-29 06:08:38.163513,2024-08-29 06:08:38.169563,0 days 00:00:00.006050,0.01435,N95,10,24,1.4x200x0.071,1.1x60x0.1,0.021241579256615708,,,,,,,,,,,,,,,0,FAIL
1530,1530,,,2024-08-29 06:08:38.170560,2024-08-29 06:08:38.175607,0 days 00:00:00.005047,0.01435,N95,33,0,1.4x200x0.071,1.1x60x0.1,0.012374997396405164,,,,,,,,,,,,,,,0,FAIL
1531,1531,,,2024-08-29 06:08:38.176603,2024-08-29 06:08:38.180659,0 days 00:00:00.004056,0.01435,N95,34,25,1.4x200x0.071,1.1x60x0.1,0.0209389932380313,,,,,,,,,,,,,,,0,FAIL
1532,1532,,,2024-08-29 06:08:38.181659,2024-08-29 06:08:38.184649,0 days 00:00:00.002990,0.01345,N95,10,14,1.4x200x0.071,1.4x200x0.071,0.010961040673014743,,,,,,,,,,,,,,,0,FAIL
1533,1533,,,2024-08-29 06:08:38.184649,2024-08-29 06:08:38.190699,0 days 00:00:00.006050,0.0149,N95,14,8,1.1x60x0.1,1.1x60x0.1,0.008044998520990672,,,,,,,,,,,,,,,0,FAIL
