,number,values_0,values_1,datetime_start,datetime_complete,duration,params_core_inner_diameter,params_material,params_n_p_bot,params_n_p_top,params_primary_litz_wire,params_secondary_litz_wire,params_window_h_bot,user_attrs_air_gap_bot,user_attrs_air_gap_top,user_attrs_flux_bot_max,user_attrs_flux_density_bot_max,user_attrs_flux_density_mid_max,user_attrs_flux_density_top_max,user_attrs_flux_mid_max,user_attrs_flux_top_max,user_attrs_n_s_bot,user_attrs_p_hyst,user_attrs_primary_litz_wire_loss,user_attrs_secondary_litz_wire_loss,user_attrs_window_h_top,user_attrs_window_w,system_attrs_nsga2:generation,state
4039,4039,,,2024-08-29 06:12:21.140029,2024-08-29 06:12:21.145016,0 days 00:00:00.004987,0.01435,N95,22,22,1.1x60x0.1,1.1x60x0.1,0.010408340632868815,,,,,,,,,,,,,,,18,FAIL
4040,4040,,,2024-08-29 06:12:21.146015,2024-08-29 06:12:21.160973,0 days 00:00:00.014958,0.01435,N95,37,15,1.1x60x0.1,1.1x60x0.1,0.01938701598103063,,,,,,,,,,,,,,,18,FAIL
4041,4041,,,2024-08-29 06:12:21.162968,2024-08-29 06:12:21.171944,0 days 00:00:00.008976,0.0149,N95,34,20,1.1x60x0.1,1.1x60x0.1,0.009569141639895296,,,,,,,,,,,,,,,18,FAIL
4042,4042,3.9738165664148616e-05,127.45428079546281,2024-08-29 06:12:21.172941,2024-08-29 06:12:21.368419,0 days 00:00:00.195478,0.01435,N95,23,16,1.1x60x0.1,1.1x60x0.1,0.0221752171804167,0.0001927398642058095,0.0006533138571469244,3.7605450211454966e-05,0.2325182838533611,0.26116078818512467,0.30387101351828255,4.223783547049466e-05,4.91454094714236e-05,5.0,123.54435869921205,1.2658784273695707,2.644043668881184,0.0082,0.008825,18,COMPLETE
4043,4043,2.8241820079351127e-05,457.4573499151776,2024-08-29 06:12:21.369416,2024-08-29 06:12:21.595810,0 days 00:00:00.226394,0.01435,N95,23,7,1.1x60x0.1,1.1x60x0.1,0.012873978022253763,0.0001643534052823391,0.00010554346442714258,3.7605450211454966e-05,0.2325182838533611,0.5824555583340751,0.6945623166132172,9.420120919665323e-05,0.00011233236450611108,5.0,453.8395536098583,0.9737526364381314,2.644043668881184,0.005600000000000001,0.008825,18,COMPLETE
4044,4044,,,2024-08-29 06:12:21.597805,2024-08-29 06:12:21.607778,0 days 00:00:00.009973,0.01435,N95,27,20,1.4x200x0.071,1.1x60x0.1,0.01751997104874302,,,,,,,,,,,,,,,18,FAIL
4045,4045,,,2024-08-29 06:12:21.608776,2024-08-29 06:12:21.619747,0 days 00:00:00.010971,0.012,N95,23,23,1.1x60x0.1,1.1x60x0.1,0.004773582211901575,,,,,,,,,,,,,,,18,FAIL
4046,4046,,,2024-08-29 06:12:21.620744,2024-08-29 06:12:21.628722,0 days 00:00:00.007978,0.01435,N95,34,12,1.4x200x0.071,1.1x60x0.1,0.02053502691095914,,,,,,,,,,,,,,,18,FAIL
4047,4047,4.258253382348397e-05,136.20503608086253,2024-08-29 06:12:21.629720,2024-08-29 06:12:21.827192,0 days 00:00:00.197472,0.01435,N95,23,15,1.4x200x0.071,1.4x200x0.071,0.022319762076742557,0.00018880426028607152,0.0005727993668039093,3.7605450211454966e-05,0.2325182838533611,0.26320447173864064,0.3241290810861681,4.2568362768589565e-05,5.242177010285185e-05,5.0,134.015134556529,0.6966070034420251,1.493294520891507,0.011,0.008825,18,COMPLETE
4048,4048,,,2024-08-29 06:12:21.830183,2024-08-29 06:12:21.842152,0 days 00:00:00.011969,0.01435,N95,15,18,1.1x60x0.1,1.1x60x0.1,0.013575899075094969,,,,,,,,,,,,,,,18,FAIL
4049,4049,3.883646294296539e-05,86.81586524668755,2024-08-29 06:12:21.843149,2024-08-29 06:12:22.039623,0 days 00:00:00.196474,0.0149,N95,26,21,1.1x60x0.1,1.1x60x0.1,0.011704704336632238,0.00025165412371811797,0.0013280169119848795,3.217217402876327e-05,0.18450918523275067,0.2013776468820846,0.2147440935735406,3.511346436666869e-05,3.744412150203703e-05,6.0,81.4309324917454,1.7484600458817754,3.6364727090603917,0.0082,0.01105,18,COMPLETE
4050,4050,,,2024-08-29 06:12:22.042615,2024-08-29 06:12:22.050593,0 days 00:00:00.007978,0.01435,N95,34,23,1.1x60x0.1,1.1x60x0.1,0.008428885320413738,,,,,,,,,,,,,,,18,FAIL
4051,4051,,,2024-08-29 06:12:22.052589,2024-08-29 06:12:22.060567,0 days 00:00:00.007978,0.01435,N95,40,16,1.1x60x0.1,1.1x60x0.1,0.010601736466508362,,,,,,,,,,,,,,,18,FAIL
4052,4052,,,2024-08-29 06:12:22.062562,2024-08-29 06:12:22.076525,0 days 00:00:00.013963,0.01435,N95,5,1,1.1x60x0.1,1.4x200x0.071,0.014274579800895507,,,,,,,,,,,,,,,18,FAIL
4053,4053,3.676175941545154e-05,159.81268122613764,2024-08-29 06:12:22.078520,2024-08-29 06:12:22.266017,0 days 00:00:00.187497,0.01435,N95,23,12,1.1x60x0.1,1.1x60x0.1,0.020393983901866256,0.00017857571686734984,0.00032911264543173427,3.7605450211454966e-05,0.2325182838533611,0.2934226347842534,0.40516135135771003,4.745558112863077e-05,6.552721262856479e-05,5.0,156.0325928147453,1.1360447425111533,2.644043668881184,0.006900000000000001,0.008825,18,COMPLETE
4054,4054,4.085348121844006e-05,282.7397476272807,2024-08-29 06:12:22.269010,2024-08-29 06:12:22.478449,0 days 00:00:00.209439,0.01435,N95,23,9,1.1x60x0.1,1.1x60x0.1,0.024629813399757408,0.00016441144711475502,0.00017659980383933046,3.7605450211454966e-05,0.2325182838533611,0.4283046657741702,0.5402151351436133,6.927020756037459e-05,8.736961683808638e-05,5.0,279.05703447953215,1.03866947886734,2.644043668881184,0.006900000000000001,0.008825,18,COMPLETE
4055,4055,,,2024-08-29 06:12:22.481441,2024-08-29 06:12:22.489420,0 days 00:00:00.007979,0.01435,N95,23,22,1.1x60x0.1,1.1x60x0.1,0.009068756510579114,,,,,,,,,,,,,,,18,FAIL
4056,4056,,,2024-08-29 06:12:22.490418,2024-08-29 06:12:22.498395,0 days 00:00:00.007977,0.01435,N95,35,21,1.1x60x0.1,1.1x60x0.1,0.012684226656338848,,,,,,,,,,,,,,,18,FAIL
4057,4057,,,2024-08-29 06:12:22.499393,2024-08-29 06:12:22.511361,0 days 00:00:00.011968,0.01435,N95,34,9,1.1x60x0.1,1.1x60x0.1,0.012720146515975006,,,,,,,,,,,,,,,18,FAIL
4058,4058,,,2024-08-29 06:12:22.512359,2024-08-29 06:12:22.521335,0 days 00:00:00.008976,0.01435,N95,35,21,1.1x60x0.1,1.1x60x0.1,0.007862044468816961,,,,,,,,,,,,,,,18,FAIL
4059,4059,,,2024-08-29 06:12:22.522332,2024-08-29 06:12:22.531308,0 days 00:00:00.008976,0.01435,N95,39,15,1.4x200x0.071,1.1x60x0.1,0.007311135319323354,,,,,,,,,,,,,,,18,FAIL
4060,4060,,,2024-08-29 06:12:22.533303,2024-08-29 06:12:22.541281,0 days 00:00:00.007978,0.01435,N95,39,16,1.1x60x0.1,1.1x60x0.1,0.00857284771102625,,,,,,,,,,,,,,,18,FAIL
4061,4061,,,2024-08-29 06:12:22.543276,2024-08-29 06:12:22.552252,0 days 00:00:00.008976,0.01435,N95,34,16,1.1x60x0.1,1.1x60x0.1,0.009444186599951465,,,,,,,,,,,,,,,18,FAIL
4062,4062,,,2024-08-29 06:12:22.553249,2024-08-29 06:12:22.561228,0 days 00:00:00.007979,0.01435,N95,16,15,1.1x60x0.1,1.1x60x0.1,0.015130688259085362,,,,,,,,,,,,,,,18,FAIL
4063,4063,4.409150004549773e-05,104.0478684199872,2024-08-29 06:12:22.562225,2024-08-29 06:12:22.745736,0 days 00:00:00.183511,0.0149,N95,23,20,1.1x60x0.1,1.1x60x0.1,0.015910159392222505,0.0002296692015591073,0.0012566029363456335,3.7605450211454966e-05,0.21566932258363924,0.23654952986534225,0.2254812982522176,4.124625357620995e-05,3.931632757713888e-05,5.0,99.41781956017624,1.5996549355939647,3.030393924216993,0.0082,0.01105,18,COMPLETE
4064,4064,,,2024-08-29 06:12:22.747728,2024-08-29 06:12:22.758699,0 days 00:00:00.010971,0.012,N95,34,22,1.1x60x0.1,1.1x60x0.1,0.0075748498116428725,,,,,,,,,,,,,,,18,FAIL
4065,4065,4.141589173868041e-05,69.14631496961061,2024-08-29 06:12:22.760694,2024-08-29 06:12:22.980107,0 days 00:00:00.219413,0.01435,N95,34,23,1.1x60x0.1,1.1x60x0.1,0.021312031640943415,0.0004022201204912636,0.0016709731681355863,2.412419716454984e-05,0.14916233930188658,0.16576477254089456,0.2113885311431531,2.680932783991756e-05,3.418811093664251e-05,8.0,63.06571509016827,1.8501300092324493,4.2304698702098955,0.0108,0.008825,18,COMPLETE
4066,4066,,,2024-08-29 06:12:22.982102,2024-08-29 06:12:22.995189,0 days 00:00:00.013087,0.012,N95,28,16,1.1x60x0.1,1.1x60x0.1,0.005598108028627012,,,,,,,,,,,,,,,18,FAIL
4067,4067,,,2024-08-29 06:12:22.997183,2024-08-29 06:12:23.008205,0 days 00:00:00.011022,0.01435,N95,23,8,1.1x60x0.1,1.1x60x0.1,0.011802007425344619,,,,,,,,,,,,,,,18,FAIL
4068,4068,4.0067689914154805e-05,196.36706728544624,2024-08-29 06:12:23.010201,2024-08-29 06:12:23.260556,0 days 00:00:00.250355,0.01435,N95,18,20,1.1x60x0.1,1.1x60x0.1,0.021216347053280293,0.00011807220963448064,0.001133686992593742,4.7697476639721074e-05,0.2949182990774419,0.31509761131135566,0.24309681081462603,5.0961100080157366e-05,3.931632757713888e-05,4.0,193.01841234418632,1.2334200061549663,2.1152349351049478,0.009500000000000001,0.008825,18,COMPLETE
4069,4069,3.688722080277248e-05,79.57012797776783,2024-08-29 06:12:23.262607,2024-08-29 06:12:23.477975,0 days 00:00:00.215368,0.01435,N95,34,16,1.1x60x0.1,1.1x60x0.1,0.01922386395501948,0.00039647338448077935,0.0005789481717213678,2.412419716454984e-05,0.14916233930188658,0.1750946322417285,0.30387101351828255,2.8318256809481255e-05,4.91454094714236e-05,8.0,73.7167370468277,1.622921060730219,4.2304698702098955,0.0082,0.008825,18,COMPLETE
4070,4070,,,2024-08-29 06:12:23.478972,2024-08-29 06:12:23.488945,0 days 00:00:00.009973,0.012,N95,23,23,1.1x60x0.1,1.1x60x0.1,0.005277438991807297,,,,,,,,,,,,,,,19,FAIL
4071,4071,3.16374672632799e-05,125.81670363165247,2024-08-29 06:12:23.490940,2024-08-29 06:12:23.731297,0 days 00:00:00.240357,0.01435,N95,22,16,1.1x60x0.1,1.1x60x0.1,0.013789217620315194,0.00016196484756982353,0.0006064714471951399,3.850162050919795e-05,0.23805939500878825,0.2635712763586992,0.30387101351828255,4.2627686502828214e-05,4.91454094714236e-05,5.0,121.93923995661632,1.2334200061549663,2.644043668881184,0.0082,0.008825,19,COMPLETE
4072,4072,,,2024-08-29 06:12:23.732295,2024-08-29 06:12:23.743266,0 days 00:00:00.010971,0.01435,N95,34,23,1.1x60x0.1,1.1x60x0.1,0.007914217776481505,,,,,,,,,,,,,,,19,FAIL
4073,4073,,,2024-08-29 06:12:23.746257,2024-08-29 06:12:23.759316,0 days 00:00:00.013059,0.01435,N95,20,15,1.1x60x0.1,1.1x60x0.1,0.02150315255920635,,,,,,,,,,,,,,,19,FAIL
4074,4074,4.165057852194139e-05,100.7648278128889,2024-08-29 06:12:23.761311,2024-08-29 06:12:23.986200,0 days 00:00:00.224889,0.01435,N95,34,14,1.1x60x0.1,1.1x60x0.1,0.02415498393515266,0.0003936657888149387,0.0004147251241267217,2.412419716454984e-05,0.14916233930188658,0.20960006667169415,0.3472811583066086,3.389886051503342e-05,5.616618225305554e-05,8.0,94.97635372437799,1.5580042183010103,4.2304698702098955,0.0082,0.008825,19,COMPLETE
4075,4075,3.293197491606359e-05,92.32129473084623,2024-08-29 06:12:23.988195,2024-08-29 06:12:24.220575,0 days 00:00:00.232380,0.01435,N95,23,21,1.1x60x0.1,1.1x60x0.1,0.012529316963555507,0.00021734280759190726,0.0014156377304357555,3.7605450211454966e-05,0.2325182838533611,0.2538619183511389,0.23152077220440578,4.105738083444143e-05,3.744412150203703e-05,5.0,88.24908052852246,1.4281705334425925,2.644043668881184,0.0108,0.008825,19,COMPLETE
4076,4076,,,2024-08-29 06:12:24.221572,2024-08-29 06:12:24.229550,0 days 00:00:00.007978,0.01435,N95,34,23,1.1x60x0.1,1.1x60x0.1,0.014431026580737262,,,,,,,,,,,,,,,19,FAIL
4077,4077,,,2024-08-29 06:12:24.231545,2024-08-29 06:12:24.243512,0 days 00:00:00.011967,0.01435,N95,22,3,1.1x60x0.1,1.1x60x0.1,0.018464398560982663,,,,,,,,,,,,,,,19,FAIL
4078,4078,,,2024-08-29 06:12:24.244511,2024-08-29 06:12:24.253485,0 days 00:00:00.008974,0.01435,N95,27,18,1.1x60x0.1,1.4x200x0.071,0.01558271778685601,,,,,,,,,,,,,,,19,FAIL
4079,4079,,,2024-08-29 06:12:24.254483,2024-08-29 06:12:24.263459,0 days 00:00:00.008976,0.01435,N95,23,16,1.4x200x0.071,1.1x60x0.1,0.018080184572432868,,,,,,,,,,,,,,,19,FAIL
4080,4080,,,2024-08-29 06:12:24.264457,2024-08-29 06:12:24.277422,0 days 00:00:00.012965,0.012,N95,26,21,1.1x60x0.1,1.1x60x0.1,0.013304623766696888,,,,,,,,,,,,,,,19,FAIL
4081,4081,,,2024-08-29 06:12:24.279416,2024-08-29 06:12:24.294376,0 days 00:00:00.014960,0.01435,N95,22,2,1.1x60x0.1,1.1x60x0.1,0.012686664912028498,,,,,,,,,,,,,,,19,FAIL
4082,4082,,,2024-08-29 06:12:24.296371,2024-08-29 06:12:24.310334,0 days 00:00:00.013963,0.01435,N95,13,21,1.1x60x0.1,1.1x60x0.1,0.007909867006788562,,,,,,,,,,,,,,,19,FAIL
4083,4083,4.198323977027812e-05,69.99591999726694,2024-08-29 06:12:24.312329,2024-08-29 06:12:24.494840,0 days 00:00:00.182511,0.01435,N95,34,23,1.1x60x0.1,1.1x60x0.1,0.02189936128932197,0.00040210502892982255,0.0016709731681355863,2.412419716454984e-05,0.14916233930188658,0.16576477254089456,0.2113885311431531,2.680932783991756e-05,3.418811093664251e-05,8.0,63.91532011782459,1.8501300092324493,4.2304698702098955,0.0108,0.008825,19,COMPLETE
4084,4084,,,2024-08-29 06:12:24.496835,2024-08-29 06:12:24.506854,0 days 00:00:00.010019,0.01345,N95,31,4,1.1x60x0.1,1.1x60x0.1,0.009630905915962107,,,,,,,,,,,,,,,19,FAIL
4085,4085,3.996280151083578e-05,52.735882055636225,2024-08-29 06:12:24.508849,2024-08-29 06:12:24.735450,0 days 00:00:00.226601,0.01435,N95,39,23,1.1x60x0.1,1.1x60x0.1,0.019807764550813747,0.0005738025076515096,0.0017604151359143965,2.144811601917549e-05,0.13261586021771274,0.15049452765135674,0.2113885311431531,2.4339653522725416e-05,3.418811093664251e-05,9.0,45.96418133634462,2.0124221153054713,4.759278603986133,0.0108,0.008825,19,COMPLETE
4086,4086,,,2024-08-29 06:12:24.737445,2024-08-29 06:12:24.744431,0 days 00:00:00.006986,0.01435,N95,39,9,1.1x60x0.1,1.1x60x0.1,0.017175412810774927,,,,,,,,,,,,,,,19,FAIL
4087,4087,,,2024-08-29 06:12:24.746422,2024-08-29 06:12:24.755397,0 days 00:00:00.008975,0.01435,N95,18,12,1.1x60x0.1,1.1x60x0.1,0.02383706272096113,,,,,,,,,,,,,,,19,FAIL
4088,4088,3.12345879878179e-05,167.71892321819473,2024-08-29 06:12:24.756395,2024-08-29 06:12:24.975808,0 days 00:00:00.219413,0.01435,N95,18,16,1.1x60x0.1,1.1x60x0.1,0.013372149207246505,0.00011464121926761943,0.0006157428614636193,4.7697476639721074e-05,0.2949182990774419,0.32112243970180376,0.30387101351828255,5.193550252419244e-05,4.91454094714236e-05,4.0,164.50010196179323,1.1035863212965487,2.1152349351049478,0.0082,0.008825,19,COMPLETE
4089,4089,3.540088367637353e-05,224.55468684226958,2024-08-29 06:12:24.977803,2024-08-29 06:12:25.178267,0 days 00:00:00.200464,0.01435,N95,18,12,1.1x60x0.1,1.1x60x0.1,0.01898517903288889,0.00010225380826831268,0.000306709972857329,4.7697476639721074e-05,0.2949182990774419,0.33134085746938374,0.40516135135771003,5.358813901466696e-05,6.552721262856479e-05,4.0,221.4656992707265,0.9737526364381314,2.1152349351049478,0.006900000000000001,0.008825,19,COMPLETE
4090,4090,,,2024-08-29 06:12:25.179264,2024-08-29 06:12:25.187242,0 days 00:00:00.007978,0.01435,N95,39,23,1.1x60x0.1,1.1x60x0.1,0.007428353233006122,,,,,,,,,,,,,,,19,FAIL
4091,4091,3.362117604063435e-05,157.32503992987452,2024-08-29 06:12:25.189238,2024-08-29 06:12:25.387881,0 days 00:00:00.198643,0.01435,N95,18,23,1.1x60x0.1,1.1x60x0.1,0.013242791289034907,0.00012991238185941717,0.0017604151359143986,4.7697476639721074e-05,0.2949182990774419,0.31204497883548,0.2113885311431531,5.046739430922621e-05,3.418811093664251e-05,4.0,153.87900972497079,1.3307952697987795,2.1152349351049478,0.0108,0.008825,19,COMPLETE
4092,4092,,,2024-08-29 06:12:25.390983,2024-08-29 06:12:25.402009,0 days 00:00:00.011026,0.01435,N95,0,11,1.1x60x0.1,1.1x60x0.1,0.02098042515737178,,,,,,,,,,,,,,,19,FAIL
4093,4093,,,2024-08-29 06:12:25.405001,2024-08-29 06:12:25.415059,0 days 00:00:00.010058,0.01435,N95,1,15,1.4x200x0.071,1.1x60x0.1,0.024038993800157865,,,,,,,,,,,,,,,19,FAIL
4094,4094,,,2024-08-29 06:12:25.416056,2024-08-29 06:12:25.424035,0 days 00:00:00.007979,0.01435,N95,34,16,1.1x60x0.1,1.4x200x0.071,0.022778515357102957,,,,,,,,,,,,,,,19,FAIL
4095,4095,,,2024-08-29 06:12:25.425032,2024-08-29 06:12:25.434007,0 days 00:00:00.008975,0.01435,N95,36,16,1.1x60x0.1,1.1x60x0.1,0.01862275629916755,,,,,,,,,,,,,,,19,FAIL
4096,4096,,,2024-08-29 06:12:25.435004,2024-08-29 06:12:25.442983,0 days 00:00:00.007979,0.01435,N95,34,21,1.1x60x0.1,1.1x60x0.1,0.015129355074972865,,,,,,,,,,,,,,,19,FAIL
4097,4097,,,2024-08-29 06:12:25.443982,2024-08-29 06:12:25.450961,0 days 00:00:00.006979,0.01435,N95,23,6,1.1x60x0.1,1.1x60x0.1,0.01851100736248782,,,,,,,,,,,,,,,19,FAIL
4098,4098,4.2962591936032986e-05,73.81852203579626,2024-08-29 06:12:25.452955,2024-08-29 06:12:25.629484,0 days 00:00:00.176529,0.01435,N95,34,21,1.1x60x0.1,1.1x60x0.1,0.022913205580861566,0.00040012800028190344,0.0012699694300996826,2.412419716454984e-05,0.14916233930188658,0.16779576240774277,0.23152077220440578,2.7137802173428026e-05,3.744412150203703e-05,8.0,67.80283899878312,1.7852131668032407,4.2304698702098955,0.0108,0.008825,19,COMPLETE
4099,4099,3.9261666490959464e-05,102.54169951065553,2024-08-29 06:12:25.630482,2024-08-29 06:12:25.839922,0 days 00:00:00.209440,0.01435,N95,31,14,1.1x60x0.1,1.1x60x0.1,0.02168193602624801,0.00032978880346340493,0.00045836692060776166,2.7446998889213458e-05,0.16970755682379857,0.2293209778828093,0.3472811583066086,3.708834622937758e-05,5.616618225305554e-05,7.0,97.37940941956468,1.460628954657197,3.7016611364336582,0.0082,0.008825,19,COMPLETE
4100,4100,3.489227792823135e-05,95.38490556553894,2024-08-29 06:12:25.840920,2024-08-29 06:12:26.057340,0 days 00:00:00.216420,0.01435,N95,23,23,1.1x60x0.1,1.1x60x0.1,0.014558660531752244,0.00022410568620910958,0.0018519608078286175,3.7605450211454966e-05,0.2325182838533611,0.25183092848429073,0.2113885311431531,4.072890650093097e-05,3.418811093664251e-05,5.0,91.24777452078597,1.4930873758718013,2.644043668881184,0.0108,0.008825,19,COMPLETE
4101,4101,,,2024-08-29 06:12:26.060332,2024-08-29 06:12:26.068349,0 days 00:00:00.008017,0.01435,N95,26,12,1.4x200x0.071,1.1x60x0.1,0.014877488104558969,,,,,,,,,,,,,,,19,FAIL
4102,4102,3.757708552534921e-05,209.89206647125604,2024-08-29 06:12:26.070345,2024-08-29 06:12:26.292850,0 days 00:00:00.222505,0.01435,N95,18,14,1.1x60x0.1,1.1x60x0.1,0.019938025249981117,0.00010591383811610038,0.0004436730499310024,4.7697476639721074e-05,0.2949182990774419,0.3255017616021952,0.3472811583066086,5.264377530582438e-05,5.616618225305554e-05,4.0,206.73816205728374,1.03866947886734,2.1152349351049478,0.0082,0.008825,19,COMPLETE
4103,4103,,,2024-08-29 06:12:26.294904,2024-08-29 06:12:26.302884,0 days 00:00:00.007980,0.01435,N95,31,23,1.1x60x0.1,1.1x60x0.1,0.015090864532403095,,,,,,,,,,,,,,,19,FAIL
4104,4104,,,2024-08-29 06:12:26.304879,2024-08-29 06:12:26.316857,0 days 00:00:00.011978,0.01345,N95,37,20,1.1x60x0.1,1.4x200x0.071,0.008579474553076128,,,,,,,,,,,,,,,19,FAIL
4105,4105,,,2024-08-29 06:12:26.318841,2024-08-29 06:12:26.326820,0 days 00:00:00.007979,0.01435,N95,24,23,1.1x60x0.1,1.1x60x0.1,0.021350020653503478,,,,,,,,,,,,,,,19,FAIL
4106,4106,3.967943552975507e-05,95.65044360003782,2024-08-29 06:12:26.327817,2024-08-29 06:12:26.527286,0 days 00:00:00.199469,0.0149,N95,23,20,1.1x60x0.1,1.1x60x0.1,0.012379311053515425,0.00023128462452001231,0.0012566029363456335,3.7605450211454966e-05,0.21566932258363924,0.23654952986534225,0.2254812982522176,4.124625357620995e-05,3.931632757713888e-05,5.0,91.02039474022686,1.5996549355939647,3.030393924216993,0.0082,0.01105,19,COMPLETE
4107,4107,,,2024-08-29 06:12:26.530275,2024-08-29 06:12:26.538255,0 days 00:00:00.007980,0.01435,N95,23,6,1.1x60x0.1,1.1x60x0.1,0.01111422271538223,,,,,,,,,,,,,,,19,FAIL
4108,4108,,,2024-08-29 06:12:26.539252,2024-08-29 06:12:26.549225,0 days 00:00:00.009973,0.01435,N95,23,25,1.1x60x0.1,1.1x60x0.1,0.02460544378908089,,,,,,,,,,,,,,,19,FAIL
4109,4109,3.3844396338512116e-05,86.67350586095046,2024-08-29 06:12:26.551220,2024-08-29 06:12:26.786589,0 days 00:00:00.235369,0.01435,N95,26,23,1.1x60x0.1,1.1x60x0.1,0.013473873255943831,0.0002348489732556965,0.0017154285024184803,3.217217402876327e-05,0.19892379032656934,0.2151282360034201,0.2113885311431531,3.4792937716703374e-05,3.418811093664251e-05,6.0,81.91019081877741,1.5904626395156145,3.172852402657422,0.0108,0.008825,19,COMPLETE
4110,4110,3.1613490598702434e-05,438.67144504985754,2024-08-29 06:12:26.789581,2024-08-29 06:12:27.013083,0 days 00:00:00.223502,0.01435,N95,31,7,1.1x60x0.1,1.1x60x0.1,0.016364396513708163,0.0003085014518844661,0.00010023852118291596,2.7446998889213458e-05,0.16970755682379857,0.5762005277548735,0.6945623166132172,9.318957588713836e-05,0.00011233236450611108,7.0,433.7363639072689,1.2334200061549663,3.7016611364336582,0.005600000000000001,0.008825,19,COMPLETE
4111,4111,,,2024-08-29 06:12:27.014081,2024-08-29 06:12:27.025220,0 days 00:00:00.011139,0.01435,N95,39,23,1.1x60x0.1,1.1x60x0.1,0.009911804049937013,,,,,,,,,,,,,,,19,FAIL
4112,4112,,,2024-08-29 06:12:27.027275,2024-08-29 06:12:27.036251,0 days 00:00:00.008976,0.01435,N95,23,14,1.1x60x0.1,1.4x200x0.071,0.014229575492164857,,,,,,,,,,,,,,,19,FAIL
4113,4113,3.897132872499837e-05,149.72156233865945,2024-08-29 06:12:27.038246,2024-08-29 06:12:27.246689,0 days 00:00:00.208443,0.01435,N95,22,16,1.1x60x0.1,1.4x200x0.071,0.021381372759089527,0.00015717081539548303,0.0006064714471951399,3.850162050919795e-05,0.23805939500878825,0.2635712763586992,0.30387101351828255,4.2627686502828214e-05,4.91454094714236e-05,5.0,146.99484781161297,1.2334200061549663,1.493294520891507,0.0082,0.008825,19,COMPLETE
4114,4114,,,2024-08-29 06:12:27.249680,2024-08-29 06:12:27.261648,0 days 00:00:00.011968,0.01435,N95,34,13,1.1x60x0.1,1.4x200x0.071,0.011686178346679113,,,,,,,,,,,,,,,19,FAIL
4115,4115,,,2024-08-29 06:12:27.264640,2024-08-29 06:12:27.273616,0 days 00:00:00.008976,0.012,N95,18,12,1.1x60x0.1,1.1x60x0.1,0.007496527504451489,,,,,,,,,,,,,,,19,FAIL
4116,4116,,,2024-08-29 06:12:27.275610,2024-08-29 06:12:27.285584,0 days 00:00:00.009974,0.01435,N95,23,20,1.1x60x0.1,1.1x60x0.1,0.006258249520680957,,,,,,,,,,,,,,,19,FAIL
4117,4117,,,2024-08-29 06:12:27.286581,2024-08-29 06:12:27.295558,0 days 00:00:00.008977,0.0149,N95,34,23,1.1x60x0.1,1.1x60x0.1,0.008380860421936137,,,,,,,,,,,,,,,19,FAIL
4118,4118,3.9558168382017554e-05,89.82221042248572,2024-08-29 06:12:27.297552,2024-08-29 06:12:27.530933,0 days 00:00:00.233381,0.01435,N95,34,15,1.1x60x0.1,1.1x60x0.1,0.021988880514851088,0.0003951117199680336,0.0004919656916685144,2.412419716454984e-05,0.14916233930188658,0.18647743278770848,0.3241290810861681,3.0159210269591635e-05,5.242177010285185e-05,8.0,84.0012779127602,1.5904626395156145,4.2304698702098955,0.0082,0.008825,19,COMPLETE
