,number,values_0,values_1,datetime_start,datetime_complete,duration,params_core_inner_diameter,params_material,params_n_p_bot,params_n_p_top,params_primary_litz_wire,params_secondary_litz_wire,params_window_h_bot,user_attrs_air_gap_bot,user_attrs_air_gap_top,user_attrs_flux_bot_max,user_attrs_flux_density_bot_max,user_attrs_flux_density_mid_max,user_attrs_flux_density_top_max,user_attrs_flux_mid_max,user_attrs_flux_top_max,user_attrs_n_s_bot,user_attrs_p_hyst,user_attrs_primary_litz_wire_loss,user_attrs_secondary_litz_wire_loss,user_attrs_window_h_top,user_attrs_window_w,system_attrs_nsga2:generation,state
2268,2268,,,2024-08-29 06:09:38.820645,2024-08-29 06:09:38.826685,0 days 00:00:00.006040,0.0149,N95,7,23,1.1x60x0.1,1.1x60x0.1,0.0120179112510841,,,,,,,,,,,,,,,5,FAIL
2269,2269,,,2024-08-29 06:09:38.827683,2024-08-29 06:09:38.830675,0 days 00:00:00.002992,0.0149,N95,34,23,1.1x60x0.1,1.1x60x0.1,0.010958527645181203,,,,,,,,,,,,,,,5,FAIL
2270,2270,3.621875181173424e-05,97.07308154492642,2024-08-29 06:09:38.830675,2024-08-29 06:09:39.079668,0 days 00:00:00.248993,0.0149,N95,23,17,1.1x60x0.1,1.1x60x0.1,0.010909825405024692,0.00021953725951650717,0.0008054986166768366,3.7605450211454966e-05,0.21566932258363924,0.2405637251336424,0.26527211559084424,4.194619373688151e-05,4.625450303192809e-05,5.0,92.55463651783133,1.4880511028781065,3.030393924216993,0.006900000000000001,0.01105,5,COMPLETE
2271,2271,,,2024-08-29 06:09:39.080732,2024-08-29 06:09:39.086776,0 days 00:00:00.006044,0.0149,N95,34,16,1.1x60x0.1,1.1x60x0.1,0.010938197400169037,,,,,,,,,,,,,,,5,FAIL
2272,2272,,,2024-08-29 06:09:39.088771,2024-08-29 06:09:39.095754,0 days 00:00:00.006983,0.0149,N95,11,17,1.1x60x0.1,1.1x60x0.1,0.005654488631210072,,,,,,,,,,,,,,,5,FAIL
2273,2273,,,2024-08-29 06:09:39.096751,2024-08-29 06:09:39.103731,0 days 00:00:00.006980,0.0149,N95,23,12,1.1x60x0.1,1.1x60x0.1,0.008004635281388821,,,,,,,,,,,,,,,5,FAIL
2274,2274,3.916698101244647e-05,112.60478559424479,2024-08-29 06:09:39.104733,2024-08-29 06:09:39.381987,0 days 00:00:00.277254,0.01435,N95,26,17,1.1x60x0.1,1.1x60x0.1,0.020283915788749378,0.00022201509557326883,0.0007095124322158477,3.217217402876327e-05,0.19892379032656934,0.22260570418263737,0.2859962480172071,3.600227726910877e-05,4.625450303192809e-05,6.0,108.03622107935938,1.395712112227988,3.172852402657422,0.009500000000000001,0.008825,5,COMPLETE
2275,2275,,,2024-08-29 06:09:39.383982,2024-08-29 06:09:39.391961,0 days 00:00:00.007979,0.0149,N95,27,23,1.1x60x0.1,1.4x200x0.071,0.010189476167833715,,,,,,,,,,,,,,,5,FAIL
2276,2276,4.33003172323203e-05,75.69203652767979,2024-08-29 06:09:39.392958,2024-08-29 06:09:39.677198,0 days 00:00:00.284240,0.0149,N95,34,16,1.1x60x0.1,1.1x60x0.1,0.016576998541660712,0.0004299989688367465,0.0006174778751082754,2.412419716454984e-05,0.13835359585105508,0.16240675828925424,0.281851622815272,2.8318256809481255e-05,4.91454094714236e-05,8.0,68.98334237033497,1.8600638785976336,4.848630278747189,0.006900000000000001,0.01105,5,COMPLETE
2277,2277,4.731939511293882e-05,124.30379933335053,2024-08-29 06:09:39.678196,2024-08-29 06:09:39.892584,0 days 00:00:00.214388,0.0149,N95,26,14,1.1x60x0.1,1.1x60x0.1,0.019793350978775427,0.00023620734367049562,0.00046009027200003737,3.217217402876327e-05,0.18450918523275067,0.21220960236797387,0.32211614036031083,3.7002191784353856e-05,5.616618225305554e-05,6.0,119.17927552141204,1.4880511028781065,3.6364727090603917,0.006900000000000001,0.01105,5,COMPLETE
2278,2278,4.8226263917125074e-05,276.72252798402855,2024-08-29 06:09:39.893589,2024-08-29 06:09:40.158573,0 days 00:00:00.264984,0.0149,N95,14,23,1.1x60x0.1,1.1x60x0.1,0.019219092000753057,0.00010192976951322031,0.0017697858501201703,6.19175817252881e-05,0.35510073225083577,0.3733648633126496,0.19607069413236314,6.510222969966177e-05,3.418811093664251e-05,3.0,273.5278443593361,1.3764472701622488,1.8182363545301958,0.0082,0.01105,5,COMPLETE
2279,2279,,,2024-08-29 06:09:40.159570,2024-08-29 06:09:40.165613,0 days 00:00:00.006043,0.0149,N95,34,16,1.1x60x0.1,1.1x60x0.1,0.01134340415230683,,,,,,,,,,,,,,,5,FAIL
2280,2280,,,2024-08-29 06:09:40.166612,2024-08-29 06:09:40.173592,0 days 00:00:00.006980,0.0149,N95,23,10,1.1x60x0.1,1.1x60x0.1,0.00894451640581246,,,,,,,,,,,,,,,5,FAIL
2281,2281,,,2024-08-29 06:09:40.174592,2024-08-29 06:09:40.179576,0 days 00:00:00.004984,0.0149,N95,35,23,1.4x200x0.071,1.1x60x0.1,0.012650612318724913,,,,,,,,,,,,,,,5,FAIL
2282,2282,3.488931524625605e-05,228.83577063078874,2024-08-29 06:09:40.180574,2024-08-29 06:09:40.381037,0 days 00:00:00.200463,0.01435,N95,35,9,1.1x60x0.1,1.1x60x0.1,0.018455593506106784,0.00041384586611258186,0.00016550213770618867,2.409555951986295e-05,0.1489852698622507,0.4262564760235968,0.5402151351436133,6.893895146983258e-05,8.736961683808638e-05,8.0,223.17713022713625,1.4281705334425925,4.2304698702098955,0.006900000000000001,0.008825,5,COMPLETE
2283,2283,,,2024-08-29 06:09:40.383032,2024-08-29 06:09:40.390013,0 days 00:00:00.006981,0.01435,N95,23,23,1.1x60x0.1,1.1x60x0.1,0.007820125411786456,,,,,,,,,,,,,,,5,FAIL
2284,2284,,,2024-08-29 06:09:40.391011,2024-08-29 06:09:40.399987,0 days 00:00:00.008976,0.012,N95,27,23,1.4x200x0.071,1.1x60x0.1,0.004763214353794949,,,,,,,,,,,,,,,5,FAIL
2285,2285,,,2024-08-29 06:09:40.400984,2024-08-29 06:09:40.405971,0 days 00:00:00.004987,0.01435,N95,23,23,1.4x200x0.071,1.1x60x0.1,0.011520096168804589,,,,,,,,,,,,,,,5,FAIL
2286,2286,,,2024-08-29 06:09:40.406968,2024-08-29 06:09:40.412953,0 days 00:00:00.005985,0.01435,N95,26,17,1.1x60x0.1,1.4x200x0.071,0.00793217998282064,,,,,,,,,,,,,,,5,FAIL
2287,2287,,,2024-08-29 06:09:40.413950,2024-08-29 06:09:40.419933,0 days 00:00:00.005983,0.01435,N95,26,21,1.4x200x0.071,1.1x60x0.1,0.014218009565894528,,,,,,,,,,,,,,,5,FAIL
2288,2288,,,2024-08-29 06:09:40.419933,2024-08-29 06:09:40.423922,0 days 00:00:00.003989,0.01435,N95,34,11,1.1x60x0.1,1.1x60x0.1,0.00966239710653806,,,,,,,,,,,,,,,5,FAIL
2289,2289,,,2024-08-29 06:09:40.423922,2024-08-29 06:09:40.426915,0 days 00:00:00.002993,0.01435,N95,34,21,1.1x60x0.1,1.4x200x0.071,0.014951321971973157,,,,,,,,,,,,,,,5,FAIL
2290,2290,,,2024-08-29 06:09:40.427912,2024-08-29 06:09:40.430904,0 days 00:00:00.002992,0.01435,N95,34,23,1.1x60x0.1,1.1x60x0.1,0.014306177113734785,,,,,,,,,,,,,,,5,FAIL
2291,2291,3.976745441356716e-05,118.64326550655147,2024-08-29 06:09:40.431902,2024-08-29 06:09:40.684227,0 days 00:00:00.252325,0.0149,N95,23,14,1.1x60x0.1,1.1x60x0.1,0.013749750034761928,0.00020597504870067785,0.000506565679416261,3.7605450211454966e-05,0.21566932258363924,0.24629828980264262,0.32211614036031083,4.29461082521266e-05,5.616618225305554e-05,5.0,114.23642431217223,1.3764472701622488,3.030393924216993,0.006900000000000001,0.01105,5,COMPLETE
2292,2292,4.261594536371999e-05,181.14444573054485,2024-08-29 06:09:40.685224,2024-08-29 06:09:40.924942,0 days 00:00:00.239718,0.0149,N95,18,17,1.1x60x0.1,1.1x60x0.1,0.01602931541810636,0.00012494365240409277,0.000761944752454026,4.7697476639721074e-05,0.27354764849229546,0.2961803783674758,0.26527211559084424,5.164386079057929e-05,4.625450303192809e-05,4.0,177.4180858761529,1.3020447150183432,2.4243151393735944,0.006900000000000001,0.01105,5,COMPLETE
2293,2293,,,2024-08-29 06:09:40.926936,2024-08-29 06:09:40.932921,0 days 00:00:00.005985,0.01435,N95,24,11,1.1x60x0.1,1.1x60x0.1,0.022496832752792233,,,,,,,,,,,,,,,5,FAIL
2294,2294,,,2024-08-29 06:09:40.933919,2024-08-29 06:09:40.939964,0 days 00:00:00.006045,0.01435,N95,32,16,1.1x60x0.1,1.1x60x0.1,0.006806816546208005,,,,,,,,,,,,,,,5,FAIL
2295,2295,,,2024-08-29 06:09:40.940963,2024-08-29 06:09:40.948940,0 days 00:00:00.007977,0.01435,N95,23,8,1.1x60x0.1,1.4x200x0.071,0.007815857659947219,,,,,,,,,,,,,,,5,FAIL
2296,2296,,,2024-08-29 06:09:40.949937,2024-08-29 06:09:40.958913,0 days 00:00:00.008976,0.01345,N95,2,12,1.1x60x0.1,1.1x60x0.1,0.00489362679709436,,,,,,,,,,,,,,,5,FAIL
2297,2297,,,2024-08-29 06:09:40.958913,2024-08-29 06:09:40.964897,0 days 00:00:00.005984,0.0149,N95,34,0,1.1x60x0.1,1.1x60x0.1,0.0074891250758120104,,,,,,,,,,,,,,,5,FAIL
2298,2298,,,2024-08-29 06:09:40.965894,2024-08-29 06:09:40.970881,0 days 00:00:00.004987,0.01435,N95,26,0,1.1x60x0.1,1.1x60x0.1,0.010966042233704433,,,,,,,,,,,,,,,5,FAIL
2299,2299,,,2024-08-29 06:09:40.971878,2024-08-29 06:09:40.977863,0 days 00:00:00.005985,0.01345,N95,30,18,1.1x60x0.1,1.1x60x0.1,0.008630033846387965,,,,,,,,,,,,,,,5,FAIL
2300,2300,4.142821122680281e-05,121.80426339511715,2024-08-29 06:09:40.978861,2024-08-29 06:09:41.226199,0 days 00:00:00.247338,0.0149,N95,23,14,1.1x60x0.1,1.1x60x0.1,0.015078805948175407,0.00020528193064447801,0.000506565679416261,3.7605450211454966e-05,0.21566932258363924,0.24629828980264262,0.32211614036031083,4.29461082521266e-05,5.616618225305554e-05,5.0,117.3974222007379,1.3764472701622488,3.030393924216993,0.006900000000000001,0.01105,5,COMPLETE
2301,2301,,,2024-08-29 06:09:41.228193,2024-08-29 06:09:41.236172,0 days 00:00:00.007979,0.01435,N95,34,23,1.1x60x0.1,1.1x60x0.1,0.006510534228765482,,,,,,,,,,,,,,,5,FAIL
2302,2302,,,2024-08-29 06:09:41.238167,2024-08-29 06:09:41.245151,0 days 00:00:00.006984,0.0149,N95,34,16,1.1x60x0.1,1.1x60x0.1,0.012041349541637368,,,,,,,,,,,,,,,5,FAIL
2303,2303,,,2024-08-29 06:09:41.245151,2024-08-29 06:09:41.250134,0 days 00:00:00.004983,0.0149,N95,10,14,1.1x60x0.1,1.1x60x0.1,0.009659729594826957,,,,,,,,,,,,,,,5,FAIL
2304,2304,,,2024-08-29 06:09:41.250134,2024-08-29 06:09:41.254124,0 days 00:00:00.003990,0.0149,N95,23,11,1.1x60x0.1,1.1x60x0.1,0.00869734128542827,,,,,,,,,,,,,,,5,FAIL
2305,2305,4.1304798914588486e-05,216.75537843472077,2024-08-29 06:09:41.254124,2024-08-29 06:09:41.471542,0 days 00:00:00.217418,0.0149,N95,35,9,1.1x60x0.1,1.1x60x0.1,0.016280042624111778,0.0004485543714376218,0.00017905846228933488,2.409555951986295e-05,0.1381893573857453,0.3953686734109685,0.5010695516715946,6.893895146983258e-05,8.736961683808638e-05,8.0,210.26989194280767,1.6368562131659172,4.848630278747189,0.005600000000000001,0.01105,5,COMPLETE
2306,2306,,,2024-08-29 06:09:41.472539,2024-08-29 06:09:41.481626,0 days 00:00:00.009087,0.01435,N95,18,11,1.1x60x0.1,1.1x60x0.1,0.02377914296958463,,,,,,,,,,,,,,,5,FAIL
2307,2307,,,2024-08-29 06:09:41.482623,2024-08-29 06:09:41.489604,0 days 00:00:00.006981,0.0149,N95,23,23,1.1x60x0.1,1.1x60x0.1,0.006112669237483791,,,,,,,,,,,,,,,5,FAIL
2308,2308,,,2024-08-29 06:09:41.490601,2024-08-29 06:09:41.497640,0 days 00:00:00.007039,0.01435,N95,4,22,1.1x60x0.1,1.1x60x0.1,0.012990617939457301,,,,,,,,,,,,,,,5,FAIL
2309,2309,3.897412337838353e-05,101.55380173117037,2024-08-29 06:09:41.498697,2024-08-29 06:09:41.724428,0 days 00:00:00.225731,0.01435,N95,26,21,1.1x60x0.1,1.1x60x0.1,0.01878426583829071,0.00022912333515546672,0.0013056874044952748,3.217217402876327e-05,0.19892379032656934,0.21711008454293046,0.23152077220440578,3.511346436666869e-05,3.744412150203703e-05,6.0,96.85540353142653,1.5255457970864057,3.172852402657422,0.0108,0.008825,5,COMPLETE
2310,2310,,,2024-08-29 06:09:41.725424,2024-08-29 06:09:41.734400,0 days 00:00:00.008976,0.01345,N95,1,9,1.1x60x0.1,1.1x60x0.1,0.00786533843361207,,,,,,,,,,,,,,,5,FAIL
2311,2311,,,2024-08-29 06:09:41.735398,2024-08-29 06:09:41.746367,0 days 00:00:00.010969,0.01435,N95,10,17,1.1x60x0.1,1.1x60x0.1,0.012916469373659447,,,,,,,,,,,,,,,5,FAIL
2312,2312,4.373146901773415e-05,56.165008933568636,2024-08-29 06:09:41.747365,2024-08-29 06:09:41.977749,0 days 00:00:00.230384,0.0149,N95,35,23,1.1x60x0.1,1.1x60x0.1,0.0156220369153806,0.0004944695389750125,0.0017697858501201714,2.409555951986295e-05,0.1381893573857453,0.1547571445806274,0.19607069413236314,2.6984422381800567e-05,3.418811093664251e-05,8.0,49.15870455564819,2.1576740991732546,4.848630278747189,0.0082,0.01105,5,COMPLETE
2313,2313,4.651657138850032e-05,116.67321135608766,2024-08-29 06:09:41.979747,2024-08-29 06:09:42.211124,0 days 00:00:00.231377,0.0149,N95,23,17,1.1x60x0.1,1.1x60x0.1,0.019150874241729992,0.00021541004464861505,0.0008054986166768366,3.7605450211454966e-05,0.21566932258363924,0.2405637251336424,0.26527211559084424,4.194619373688151e-05,4.625450303192809e-05,5.0,112.15476632899257,1.4880511028781065,3.030393924216993,0.006900000000000001,0.01105,5,COMPLETE
2314,2314,4.1004823116761785e-05,129.69277179806596,2024-08-29 06:09:42.212122,2024-08-29 06:09:42.438516,0 days 00:00:00.226394,0.01435,N95,23,16,1.1x60x0.1,1.4x200x0.071,0.023486485458133866,0.00019189908294406735,0.0006533138571469244,3.7605450211454966e-05,0.2325182838533611,0.26116078818512467,0.30387101351828255,4.223783547049466e-05,4.91454094714236e-05,5.0,126.93359884980488,1.2658784273695707,1.493294520891507,0.0082,0.008825,5,COMPLETE
2315,2315,,,2024-08-29 06:09:42.440510,2024-08-29 06:09:42.449486,0 days 00:00:00.008976,0.01435,N95,34,16,1.1x60x0.1,1.4x200x0.071,0.016862447068552763,,,,,,,,,,,,,,,5,FAIL
2316,2316,,,2024-08-29 06:09:42.450484,2024-08-29 06:09:42.459529,0 days 00:00:00.009045,0.01435,N95,20,21,1.1x60x0.1,1.1x60x0.1,0.014473656247563487,,,,,,,,,,,,,,,5,FAIL
2317,2317,,,2024-08-29 06:09:42.460526,2024-08-29 06:09:42.469644,0 days 00:00:00.009118,0.0149,N95,7,14,1.1x60x0.1,1.1x60x0.1,0.008449063267745416,,,,,,,,,,,,,,,5,FAIL
2318,2318,4.0269657098620684e-05,178.97822700656013,2024-08-29 06:09:42.471638,2024-08-29 06:09:42.721833,0 days 00:00:00.250195,0.01435,N95,26,11,1.1x60x0.1,1.1x60x0.1,0.02402542738639135,0.00021036134489414013,0.00024223163596105688,3.217217402876327e-05,0.19892379032656934,0.2796417448605908,0.4419942014811383,4.522678190774599e-05,7.148423195843433e-05,6.0,174.60441301896236,1.2009615849403619,3.172852402657422,0.006900000000000001,0.008825,5,COMPLETE
2319,2319,3.1518545800749024e-05,147.15297549329992,2024-08-29 06:09:42.723915,2024-08-29 06:09:42.953353,0 days 00:00:00.229438,0.01435,N95,18,23,1.1x60x0.1,1.1x60x0.1,0.011066107823712519,0.00013125486888313759,0.0017604151359143986,4.7697476639721074e-05,0.2949182990774419,0.31204497883548,0.2113885311431531,5.046739430922621e-05,3.418811093664251e-05,4.0,143.70694528839618,1.3307952697987795,2.1152349351049478,0.0108,0.008825,5,COMPLETE
2320,2320,3.7327002146318276e-05,150.17383376993297,2024-08-29 06:09:42.954351,2024-08-29 06:09:43.149828,0 days 00:00:00.195477,0.01435,N95,22,15,1.1x60x0.1,1.1x60x0.1,0.019679134102235485,0.00015641979012981816,0.0005164216285503456,3.850162050919795e-05,0.23805939500878825,0.2656149599122152,0.3241290810861681,4.295821380092312e-05,5.242177010285185e-05,5.0,146.32882851611143,1.2009615849403619,2.644043668881184,0.0082,0.008825,5,COMPLETE
2321,2321,,,2024-08-29 06:09:43.151823,2024-08-29 06:09:43.159801,0 days 00:00:00.007978,0.0149,N95,0,12,1.4x200x0.071,1.1x60x0.1,0.016147425826265,,,,,,,,,,,,,,,5,FAIL
2322,2322,,,2024-08-29 06:09:43.160798,2024-08-29 06:09:43.167779,0 days 00:00:00.006981,0.012,N95,23,17,1.4x200x0.071,1.1x60x0.1,0.013160786314721555,,,,,,,,,,,,,,,5,FAIL
2323,2323,,,2024-08-29 06:09:43.168777,2024-08-29 06:09:43.173763,0 days 00:00:00.004986,0.01345,N95,30,23,1.1x60x0.1,1.1x60x0.1,0.005496127171909702,,,,,,,,,,,,,,,5,FAIL
2324,2324,,,2024-08-29 06:09:43.173763,2024-08-29 06:09:43.180745,0 days 00:00:00.006982,0.0149,N95,26,23,1.1x60x0.1,1.1x60x0.1,0.010629786906181948,,,,,,,,,,,,,,,5,FAIL
2325,2325,3.4874210670833356e-05,86.2747404793867,2024-08-29 06:09:43.181743,2024-08-29 06:09:43.464984,0 days 00:00:00.283241,0.01435,N95,27,18,1.1x60x0.1,1.1x60x0.1,0.015839956957678238,0.0002664703075955093,0.0008873596840929406,3.179831775981402e-05,0.19661219938496108,0.220893904979589,0.27010756757180665,3.5725426009777945e-05,4.368480841904319e-05,6.0,81.64125912207207,1.460628954657197,3.172852402657422,0.009500000000000001,0.008825,5,COMPLETE
2326,2326,,,2024-08-29 06:09:43.465982,2024-08-29 06:09:43.478033,0 days 00:00:00.012051,0.0149,N95,25,23,1.1x60x0.1,1.1x60x0.1,0.006937213409509527,,,,,,,,,,,,,,,6,FAIL
2327,2327,,,2024-08-29 06:09:43.479030,2024-08-29 06:09:43.488063,0 days 00:00:00.009033,0.01435,N95,23,15,1.1x60x0.1,1.1x60x0.1,0.01038222158565241,,,,,,,,,,,,,,,6,FAIL
2328,2328,,,2024-08-29 06:09:43.489120,2024-08-29 06:09:43.496171,0 days 00:00:00.007051,0.0149,N95,23,5,1.1x60x0.1,1.1x60x0.1,0.016211584270868377,,,,,,,,,,,,,,,6,FAIL
2329,2329,,,2024-08-29 06:09:43.497170,2024-08-29 06:09:43.501228,0 days 00:00:00.004058,0.01435,N95,23,14,1.1x60x0.1,1.1x60x0.1,0.00875367999075368,,,,,,,,,,,,,,,6,FAIL
2330,2330,,,2024-08-29 06:09:43.502227,2024-08-29 06:09:43.505218,0 days 00:00:00.002991,0.0149,N95,34,16,1.1x60x0.1,1.4x200x0.071,0.015642372942426305,,,,,,,,,,,,,,,6,FAIL
2331,2331,,,2024-08-29 06:09:43.505218,2024-08-29 06:09:43.509275,0 days 00:00:00.004057,0.01435,N95,34,14,1.1x60x0.1,1.1x60x0.1,0.01636193838793102,,,,,,,,,,,,,,,6,FAIL
2332,2332,,,2024-08-29 06:09:43.510272,2024-08-29 06:09:43.516308,0 days 00:00:00.006036,0.01435,N95,27,15,1.1x60x0.1,1.1x60x0.1,0.00838577994131885,,,,,,,,,,,,,,,6,FAIL
2333,2333,,,2024-08-29 06:09:43.517307,2024-08-29 06:09:43.522347,0 days 00:00:00.005040,0.01435,N95,34,15,1.1x60x0.1,1.1x60x0.1,0.010278028143595713,,,,,,,,,,,,,,,6,FAIL
2334,2334,,,2024-08-29 06:09:43.523345,2024-08-29 06:09:43.528385,0 days 00:00:00.005040,0.01435,N95,23,15,1.1x60x0.1,1.1x60x0.1,0.007744680363311487,,,,,,,,,,,,,,,6,FAIL
2335,2335,,,2024-08-29 06:09:43.529382,2024-08-29 06:09:43.534432,0 days 00:00:00.005050,0.01435,N95,27,4,1.1x60x0.1,1.4x200x0.071,0.010153011404147561,,,,,,,,,,,,,,,6,FAIL
2336,2336,4.0872741035142514e-05,264.73486417512765,2024-08-29 06:09:43.535430,2024-08-29 06:09:43.736031,0 days 00:00:00.200601,0.01435,N95,26,9,1.1x60x0.1,1.1x60x0.1,0.02464975153427395,0.00020684189984290847,0.0001545272890015145,3.217217402876327e-05,0.19892379032656934,0.377737767398712,0.5402151351436133,6.109196476719602e-05,8.736961683808638e-05,6.0,260.42596702995905,1.1360447425111533,3.172852402657422,0.006900000000000001,0.008825,6,COMPLETE
2337,2337,4.024390976193827e-05,211.30533698128264,2024-08-29 06:09:43.738091,2024-08-29 06:09:43.959554,0 days 00:00:00.221463,0.01435,N95,18,16,1.1x60x0.1,1.1x60x0.1,0.02269877324579659,0.00010833717889891603,0.0006157428614636193,4.7697476639721074e-05,0.2949182990774419,0.32112243970180376,0.30387101351828255,5.193550252419244e-05,4.91454094714236e-05,4.0,208.08651572488114,1.1035863212965487,2.1152349351049478,0.0082,0.008825,6,COMPLETE
2338,2338,3.8575554178585484e-05,104.92742749427329,2024-08-29 06:09:43.960552,2024-08-29 06:09:44.188939,0 days 00:00:00.228387,0.0149,N95,23,16,1.1x60x0.1,1.1x60x0.1,0.012795906556369079,0.00021463245946984965,0.0006949921957314231,3.7605450211454966e-05,0.21566932258363924,0.24223630649543412,0.281851622815272,4.223783547049466e-05,4.91454094714236e-05,5.0,100.44618374475014,1.4508498253061541,3.030393924216993,0.006900000000000001,0.01105,6,COMPLETE
2339,2339,3.23619436295477e-05,177.93322854385283,2024-08-29 06:09:44.190935,2024-08-29 06:09:44.461212,0 days 00:00:00.270277,0.01435,N95,18,15,1.1x60x0.1,1.1x60x0.1,0.014539209557821989,0.0001117192708145712,0.0005246583744754121,4.7697476639721074e-05,0.2949182990774419,0.32316612325531974,0.3241290810861681,5.2266029822287344e-05,5.242177010285185e-05,4.0,174.74686570866595,1.0711279000819447,2.1152349351049478,0.0082,0.008825,6,COMPLETE
2340,2340,,,2024-08-29 06:09:44.462214,2024-08-29 06:09:44.472183,0 days 00:00:00.009969,0.01435,N95,18,16,1.4x200x0.071,1.1x60x0.1,0.010015597072672792,,,,,,,,,,,,,,,6,FAIL
2341,2341,,,2024-08-29 06:09:44.473181,2024-08-29 06:09:44.483154,0 days 00:00:00.009973,0.01435,N95,39,15,1.1x60x0.1,1.1x60x0.1,0.009728972723614126,,,,,,,,,,,,,,,6,FAIL
2342,2342,,,2024-08-29 06:09:44.484151,2024-08-29 06:09:44.493127,0 days 00:00:00.008976,0.01345,N95,26,23,1.1x60x0.1,1.1x60x0.1,0.010897171609240707,,,,,,,,,,,,,,,6,FAIL
2343,2343,4.139081350475021e-05,221.61435647269784,2024-08-29 06:09:44.495121,2024-08-29 06:09:44.737472,0 days 00:00:00.242351,0.01435,N95,18,15,1.1x60x0.1,1.1x60x0.1,0.023886070168450603,0.00010534078741643184,0.0005246583744754121,4.7697476639721074e-05,0.2949182990774419,0.32316612325531974,0.3241290810861681,5.2266029822287344e-05,5.242177010285185e-05,4.0,218.42799363751095,1.0711279000819447,2.1152349351049478,0.0082,0.008825,6,COMPLETE
2344,2344,4.708125765666778e-05,65.52462983073002,2024-08-29 06:09:44.738469,2024-08-29 06:09:45.013427,0 days 00:00:00.274958,0.0149,N95,34,23,1.1x60x0.1,1.1x60x0.1,0.018302776421477283,0.0004366559242622847,0.0016677865198760882,2.412419716454984e-05,0.13835359585105508,0.15375296776520136,0.19607069413236314,2.680932783991756e-05,3.418811093664251e-05,8.0,58.55552673038152,2.120472821601302,4.848630278747189,0.0082,0.01105,6,COMPLETE
2345,2345,3.8153636071379994e-05,76.45488609263747,2024-08-29 06:09:45.014501,2024-08-29 06:09:45.251004,0 days 00:00:00.236503,0.01435,N95,35,16,1.1x60x0.1,1.1x60x0.1,0.02053488151917291,0.0004352450771101027,0.000625062797562497,2.409555951986295e-05,0.1489852698622507,0.19021292179124233,0.30387101351828255,3.076335521428089e-05,4.91454094714236e-05,8.0,70.56903674048274,1.655379481944823,4.2304698702098955,0.0082,0.008825,6,COMPLETE
2346,2346,,,2024-08-29 06:09:45.252998,2024-08-29 06:09:45.261043,0 days 00:00:00.008045,0.01435,N95,26,21,1.1x60x0.1,1.1x60x0.1,0.011659474641572212,,,,,,,,,,,,,,,6,FAIL
2347,2347,,,2024-08-29 06:09:45.262041,2024-08-29 06:09:45.272014,0 days 00:00:00.009973,0.0149,N95,14,23,1.1x60x0.1,1.4x200x0.071,0.005544497045162657,,,,,,,,,,,,,,,6,FAIL
2348,2348,,,2024-08-29 06:09:45.273011,2024-08-29 06:09:45.280990,0 days 00:00:00.007979,0.012,N95,18,15,1.1x60x0.1,1.1x60x0.1,0.012778050403209486,,,,,,,,,,,,,,,6,FAIL
2349,2349,3.818067679260857e-05,206.08381867913656,2024-08-29 06:09:45.281988,2024-08-29 06:09:45.535309,0 days 00:00:00.253321,0.01435,N95,18,15,1.1x60x0.1,1.1x60x0.1,0.02056287459644923,0.00010764712392752006,0.0005246583744754121,4.7697476639721074e-05,0.2949182990774419,0.32316612325531974,0.3241290810861681,5.2266029822287344e-05,5.242177010285185e-05,4.0,202.89745584394967,1.0711279000819447,2.1152349351049478,0.0082,0.008825,6,COMPLETE
