,number,values_0,values_1,datetime_start,datetime_complete,duration,params_core_inner_diameter,params_material,params_n_p_bot,params_n_p_top,params_primary_litz_wire,params_secondary_litz_wire,params_window_h_bot,user_attrs_air_gap_bot,user_attrs_air_gap_top,user_attrs_flux_bot_max,user_attrs_flux_density_bot_max,user_attrs_flux_density_mid_max,user_attrs_flux_density_top_max,user_attrs_flux_mid_max,user_attrs_flux_top_max,user_attrs_n_s_bot,user_attrs_p_hyst,user_attrs_primary_litz_wire_loss,user_attrs_secondary_litz_wire_loss,user_attrs_window_h_top,user_attrs_window_w,system_attrs_nsga2:generation,state
2655,2655,,,2024-08-29 06:10:15.554603,2024-08-29 06:10:15.563579,0 days 00:00:00.008976,0.01435,N95,22,16,1.1x60x0.1,1.4x200x0.071,0.01128772238885982,,,,,,,,,,,,,,,8,FAIL
2656,2656,4.248303288630547e-05,102.04648907392102,2024-08-29 06:10:15.564577,2024-08-29 06:10:15.796954,0 days 00:00:00.232377,0.01435,N95,27,18,1.1x60x0.1,1.1x60x0.1,0.023716756783357093,0.00026259624742641945,0.0008873596840929406,3.179831775981402e-05,0.19661219938496108,0.220893904979589,0.27010756757180665,3.5725426009777945e-05,4.368480841904319e-05,6.0,97.4130077166064,1.460628954657197,3.172852402657422,0.009500000000000001,0.008825,8,COMPLETE
2657,2657,,,2024-08-29 06:10:15.798953,2024-08-29 06:10:15.808923,0 days 00:00:00.009970,0.01435,N95,23,21,1.1x60x0.1,1.1x60x0.1,0.00821922796564859,,,,,,,,,,,,,,,8,FAIL
2658,2658,3.940577224630059e-05,117.9548645416527,2024-08-29 06:10:15.809920,2024-08-29 06:10:16.050277,0 days 00:00:00.240357,0.0149,N95,23,14,1.1x60x0.1,1.1x60x0.1,0.013460306198463407,0.00020612094526737624,0.000506565679416261,3.7605450211454966e-05,0.21566932258363924,0.24629828980264262,0.32211614036031083,4.29461082521266e-05,5.616618225305554e-05,5.0,113.54802334727346,1.3764472701622488,3.030393924216993,0.006900000000000001,0.01105,8,COMPLETE
2659,2659,2.88518511014629e-05,195.86012543799376,2024-08-29 06:10:16.052271,2024-08-29 06:10:16.287641,0 days 00:00:00.235370,0.01435,N95,23,10,1.1x60x0.1,1.1x60x0.1,0.012205493927416829,0.00017589722648413746,0.00022091928676453533,3.7605450211454966e-05,0.2325182838533611,0.3743518533782035,0.48619362162925206,6.054435698767706e-05,7.863265515427775e-05,5.0,192.14495386903064,1.0711279000819447,2.644043668881184,0.006900000000000001,0.008825,8,COMPLETE
2660,2660,,,2024-08-29 06:10:16.288640,2024-08-29 06:10:16.295661,0 days 00:00:00.007021,0.0149,N95,26,1,1.1x60x0.1,1.1x60x0.1,0.007008562931889142,,,,,,,,,,,,,,,8,FAIL
2661,2661,,,2024-08-29 06:10:16.295661,2024-08-29 06:10:16.303703,0 days 00:00:00.008042,0.0149,N95,0,21,1.1x60x0.1,1.1x60x0.1,0.01823584466958593,,,,,,,,,,,,,,,8,FAIL
2662,2662,,,2024-08-29 06:10:16.304701,2024-08-29 06:10:16.310739,0 days 00:00:00.006038,0.0149,N95,34,17,1.1x60x0.1,1.1x60x0.1,0.010984703856652695,,,,,,,,,,,,,,,8,FAIL
2663,2663,4.6696292947664256e-05,57.8868515222826,2024-08-29 06:10:16.311815,2024-08-29 06:10:16.536401,0 days 00:00:00.224586,0.0149,N95,38,21,1.1x60x0.1,1.1x60x0.1,0.01799470023664453,0.0005590590196402605,0.0012773155952997507,2.142358842386681e-05,0.12286545638213449,0.14039743069609095,0.2147440935735406,2.4480572974445684e-05,3.744412150203703e-05,9.0,50.237267081946804,2.194875376745207,5.454709063590586,0.0082,0.01105,8,COMPLETE
2664,2664,,,2024-08-29 06:10:16.537398,2024-08-29 06:10:16.541447,0 days 00:00:00.004049,0.0149,N95,1,23,1.4x200x0.071,1.1x60x0.1,0.009872932073503048,,,,,,,,,,,,,,,8,FAIL
2665,2665,3.403004144165834e-05,238.35652558214585,2024-08-29 06:10:16.542445,2024-08-29 06:10:16.807735,0 days 00:00:00.265290,0.0149,N95,23,9,1.1x60x0.1,1.1x60x0.1,0.010458263444287446,0.00018732514788568882,0.00019092833677129148,3.7605450211454966e-05,0.21566932258363924,0.3972684452857149,0.5010695516715946,6.927020756037459e-05,8.736961683808638e-05,5.0,234.1356907756264,1.1904408823024852,3.030393924216993,0.005600000000000001,0.01105,8,COMPLETE
2666,2666,,,2024-08-29 06:10:16.809730,2024-08-29 06:10:16.819703,0 days 00:00:00.009973,0.01435,N95,34,11,1.4x200x0.071,1.1x60x0.1,0.00804247386725112,,,,,,,,,,,,,,,8,FAIL
2667,2667,3.7748701102294356e-05,82.04775305298077,2024-08-29 06:10:16.821699,2024-08-29 06:10:17.038120,0 days 00:00:00.216421,0.0149,N95,27,17,1.1x60x0.1,1.1x60x0.1,0.012134199820132488,0.0002860448698981444,0.0007945376127265252,3.179831775981402e-05,0.1823650989948635,0.2063740195078729,0.26527211559084424,3.598466310632297e-05,4.625450303192809e-05,6.0,76.77442413075447,1.6368562131659172,3.6364727090603917,0.006900000000000001,0.01105,8,COMPLETE
2668,2668,,,2024-08-29 06:10:17.039117,2024-08-29 06:10:17.045137,0 days 00:00:00.006020,0.01435,N95,35,21,1.1x60x0.1,1.4x200x0.071,0.02478431257596255,,,,,,,,,,,,,,,8,FAIL
2669,2669,2.938835349328078e-05,326.50913995476526,2024-08-29 06:10:17.046135,2024-08-29 06:10:17.274814,0 days 00:00:00.228679,0.01435,N95,23,8,1.1x60x0.1,1.1x60x0.1,0.014060891573290876,0.00016739044708409458,0.00013842007678028216,3.7605450211454966e-05,0.2325182838533611,0.4957456812691287,0.6077420270365651,8.017752077624651e-05,9.82908189428472e-05,5.0,322.8588852282313,1.0062110576527357,2.644043668881184,0.005600000000000001,0.008825,8,COMPLETE
2670,2670,4.754462888235025e-05,118.63002305444789,2024-08-29 06:10:17.275812,2024-08-29 06:10:17.569119,0 days 00:00:00.293307,0.0149,N95,23,17,1.1x60x0.1,1.1x60x0.1,0.0199735990865965,0.00021492993524275042,0.0008054986166768366,3.7605450211454966e-05,0.21566932258363924,0.2405637251336424,0.26527211559084424,4.194619373688151e-05,4.625450303192809e-05,5.0,114.11157802735279,1.4880511028781065,3.030393924216993,0.006900000000000001,0.01105,8,COMPLETE
2671,2671,3.523126663645208e-05,144.75900416747598,2024-08-29 06:10:17.571114,2024-08-29 06:10:17.789529,0 days 00:00:00.218415,0.0149,N95,18,23,1.1x60x0.1,1.1x60x0.1,0.008819569419827263,0.00014340973759982374,0.0017492273494246926,4.7697476639721074e-05,0.27354764849229546,0.2894332784750647,0.19607069413236314,5.046739430922621e-05,3.418811093664251e-05,4.0,140.80943664765232,1.5252523804500593,2.4243151393735944,0.0082,0.01105,8,COMPLETE
2672,2672,4.169756045608856e-05,83.0012280264065,2024-08-29 06:10:17.791524,2024-08-29 06:10:18.007188,0 days 00:00:00.215664,0.0149,N95,35,14,1.1x60x0.1,1.1x60x0.1,0.015294358389750604,0.000464625211619183,0.0004831711212875681,2.409555951986295e-05,0.1381893573857453,0.2166428436444769,0.32211614036031083,3.7775199424484254e-05,5.616618225305554e-05,8.0,76.32973514663362,1.8228626010256805,4.848630278747189,0.006900000000000001,0.01105,8,COMPLETE
2673,2673,,,2024-08-29 06:10:18.009181,2024-08-29 06:10:18.018158,0 days 00:00:00.008977,0.01435,N95,11,21,1.1x60x0.1,1.1x60x0.1,0.008149232859591819,,,,,,,,,,,,,,,8,FAIL
2674,2674,,,2024-08-29 06:10:18.019156,2024-08-29 06:10:18.027134,0 days 00:00:00.007978,0.01435,N95,33,14,1.1x60x0.1,1.1x60x0.1,0.011948265795467643,,,,,,,,,,,,,,,8,FAIL
2675,2675,,,2024-08-29 06:10:18.028132,2024-08-29 06:10:18.037108,0 days 00:00:00.008976,0.01435,N95,39,14,1.1x60x0.1,1.1x60x0.1,0.007778655609252722,,,,,,,,,,,,,,,8,FAIL
2676,2676,,,2024-08-29 06:10:18.038105,2024-08-29 06:10:18.042094,0 days 00:00:00.003989,0.01435,N95,34,16,1.1x60x0.1,1.1x60x0.1,0.011331145126354737,,,,,,,,,,,,,,,8,FAIL
2677,2677,,,2024-08-29 06:10:18.044089,2024-08-29 06:10:18.049076,0 days 00:00:00.004987,0.01435,N95,23,21,1.1x60x0.1,1.1x60x0.1,0.007973827271916907,,,,,,,,,,,,,,,8,FAIL
2678,2678,,,2024-08-29 06:10:18.050073,2024-08-29 06:10:18.055060,0 days 00:00:00.004987,0.01435,N95,22,15,1.1x60x0.1,1.1x60x0.1,0.009653633880482874,,,,,,,,,,,,,,,8,FAIL
2679,2679,,,2024-08-29 06:10:18.056057,2024-08-29 06:10:18.064035,0 days 00:00:00.007978,0.01435,N95,34,23,1.1x60x0.1,1.1x60x0.1,0.01639471842829166,,,,,,,,,,,,,,,8,FAIL
2680,2680,4.089781073881427e-05,282.8583637389985,2024-08-29 06:10:18.065033,2024-08-29 06:10:18.297411,0 days 00:00:00.232378,0.01435,N95,23,9,1.1x60x0.1,1.1x60x0.1,0.024675704176078353,0.0001643804384092022,0.00017659980383933046,3.7605450211454966e-05,0.2325182838533611,0.4283046657741702,0.5402151351436133,6.927020756037459e-05,8.736961683808638e-05,5.0,279.17565059124996,1.03866947886734,2.644043668881184,0.006900000000000001,0.008825,8,COMPLETE
2681,2681,,,2024-08-29 06:10:18.299407,2024-08-29 06:10:18.310377,0 days 00:00:00.010970,0.01435,N95,26,8,1.1x60x0.1,1.4x200x0.071,0.01800681875115651,,,,,,,,,,,,,,,8,FAIL
2682,2682,,,2024-08-29 06:10:18.311373,2024-08-29 06:10:18.322344,0 days 00:00:00.010971,0.01435,N95,28,19,1.1x60x0.1,1.4x200x0.071,0.014051140053163103,,,,,,,,,,,,,,,8,FAIL
2683,2683,,,2024-08-29 06:10:18.323342,2024-08-29 06:10:18.332318,0 days 00:00:00.008976,0.0149,N95,34,21,1.1x60x0.1,1.4x200x0.071,0.013056270750928339,,,,,,,,,,,,,,,8,FAIL
2684,2684,,,2024-08-29 06:10:18.334312,2024-08-29 06:10:18.341294,0 days 00:00:00.006982,0.01435,N95,34,15,1.1x60x0.1,1.1x60x0.1,0.013499890691713163,,,,,,,,,,,,,,,8,FAIL
2685,2685,,,2024-08-29 06:10:18.342293,2024-08-29 06:10:18.351267,0 days 00:00:00.008974,0.01435,N95,30,16,1.1x60x0.1,1.1x60x0.1,0.012737596423718562,,,,,,,,,,,,,,,8,FAIL
2686,2686,,,2024-08-29 06:10:18.353262,2024-08-29 06:10:18.359245,0 days 00:00:00.005983,0.01435,N95,39,23,1.1x60x0.1,1.4x200x0.071,0.024705515321927482,,,,,,,,,,,,,,,8,FAIL
2687,2687,,,2024-08-29 06:10:18.360243,2024-08-29 06:10:18.366227,0 days 00:00:00.005984,0.01435,N95,34,16,1.4x200x0.071,1.1x60x0.1,0.007799706879766241,,,,,,,,,,,,,,,8,FAIL
2688,2688,,,2024-08-29 06:10:18.367224,2024-08-29 06:10:18.373209,0 days 00:00:00.005985,0.01435,N95,18,23,1.1x60x0.1,1.1x60x0.1,0.006442259668561358,,,,,,,,,,,,,,,8,FAIL
2689,2689,3.896056364949224e-05,112.92288910612055,2024-08-29 06:10:18.373209,2024-08-29 06:10:18.588632,0 days 00:00:00.215423,0.0149,N95,22,23,1.1x60x0.1,1.1x60x0.1,0.011804018562865615,0.00019069799692808434,0.0017287472478347405,3.850162050919795e-05,0.2208089084667231,0.23596312591740876,0.19607069413236314,4.114400452101916e-05,3.418811093664251e-05,5.0,108.21843769116569,1.67405749073787,3.030393924216993,0.0082,0.01105,8,COMPLETE
2690,2690,,,2024-08-29 06:10:18.589629,2024-08-29 06:10:18.597644,0 days 00:00:00.008015,0.01435,N95,34,18,1.1x60x0.1,1.1x60x0.1,0.015056811375364697,,,,,,,,,,,,,,,8,FAIL
2691,2691,,,2024-08-29 06:10:18.598641,2024-08-29 06:10:18.605681,0 days 00:00:00.007040,0.01435,N95,34,17,1.1x60x0.1,1.1x60x0.1,0.008205298424541823,,,,,,,,,,,,,,,8,FAIL
2692,2692,,,2024-08-29 06:10:18.607676,2024-08-29 06:10:18.614705,0 days 00:00:00.007029,0.0149,N95,16,1,1.1x60x0.1,1.1x60x0.1,0.014206657432840688,,,,,,,,,,,,,,,8,FAIL
2693,2693,,,2024-08-29 06:10:18.615703,2024-08-29 06:10:18.618695,0 days 00:00:00.002992,0.01435,N95,18,17,1.1x60x0.1,1.1x60x0.1,0.0071310173444429255,,,,,,,,,,,,,,,8,FAIL
2694,2694,,,2024-08-29 06:10:18.619693,2024-08-29 06:10:18.627717,0 days 00:00:00.008024,0.01435,N95,34,23,1.1x60x0.1,1.1x60x0.1,0.007355892568028004,,,,,,,,,,,,,,,8,FAIL
2695,2695,,,2024-08-29 06:10:18.629712,2024-08-29 06:10:18.639741,0 days 00:00:00.010029,0.01435,N95,24,17,1.1x60x0.1,1.1x60x0.1,0.016339324978787463,,,,,,,,,,,,,,,8,FAIL
2696,2696,4.266821310774065e-05,201.09367373325685,2024-08-29 06:10:18.640738,2024-08-29 06:10:18.845579,0 days 00:00:00.204841,0.01435,N95,18,23,1.1x60x0.1,1.1x60x0.1,0.022608458927869515,0.00012368627162052668,0.0017604151359143986,4.7697476639721074e-05,0.2949182990774419,0.31204497883548,0.2113885311431531,5.046739430922621e-05,3.418811093664251e-05,4.0,197.64764352835311,1.3307952697987795,2.1152349351049478,0.0108,0.008825,8,COMPLETE
2697,2697,,,2024-08-29 06:10:18.846577,2024-08-29 06:10:18.852560,0 days 00:00:00.005983,0.0149,N95,23,20,1.4x200x0.071,1.1x60x0.1,0.0072628604032602346,,,,,,,,,,,,,,,8,FAIL
2698,2698,3.741172857380976e-05,175.66318533816204,2024-08-29 06:10:18.852560,2024-08-29 06:10:19.062000,0 days 00:00:00.209440,0.01435,N95,18,23,1.1x60x0.1,1.1x60x0.1,0.017166844537621698,0.0001273711555571207,0.0017604151359143986,4.7697476639721074e-05,0.2949182990774419,0.31204497883548,0.2113885311431531,5.046739430922621e-05,3.418811093664251e-05,4.0,172.2171551332583,1.3307952697987795,2.1152349351049478,0.0108,0.008825,8,COMPLETE
2699,2699,,,2024-08-29 06:10:19.062998,2024-08-29 06:10:19.071974,0 days 00:00:00.008976,0.0149,N95,34,17,1.4x200x0.071,1.1x60x0.1,0.00942489109141329,,,,,,,,,,,,,,,8,FAIL
2700,2700,,,2024-08-29 06:10:19.072971,2024-08-29 06:10:19.076960,0 days 00:00:00.003989,0.01435,N95,23,15,1.1x60x0.1,1.1x60x0.1,0.009201700684176703,,,,,,,,,,,,,,,8,FAIL
2701,2701,3.983627616685736e-05,178.35687664763785,2024-08-29 06:10:19.077960,2024-08-29 06:10:19.354218,0 days 00:00:00.276258,0.0149,N95,18,15,1.1x60x0.1,1.1x60x0.1,0.013804826104571098,0.00012171898314509913,0.0005606339820260741,4.7697476639721074e-05,0.27354764849229546,0.2997485519392981,0.3006417310029569,5.2266029822287344e-05,5.242177010285185e-05,4.0,174.7049193483898,1.227642159874438,2.4243151393735944,0.006900000000000001,0.01105,8,COMPLETE
2702,2702,,,2024-08-29 06:10:19.356216,2024-08-29 06:10:19.367259,0 days 00:00:00.011043,0.012,N95,34,1,1.4x200x0.071,1.1x60x0.1,0.01300598383530234,,,,,,,,,,,,,,,8,FAIL
2703,2703,,,2024-08-29 06:10:19.368257,2024-08-29 06:10:19.377283,0 days 00:00:00.009026,0.0149,N95,35,15,1.4x200x0.071,1.1x60x0.1,0.007457479743129693,,,,,,,,,,,,,,,8,FAIL
2704,2704,,,2024-08-29 06:10:19.379279,2024-08-29 06:10:19.389311,0 days 00:00:00.010032,0.012,N95,34,16,1.1x60x0.1,1.1x60x0.1,0.01144291797138652,,,,,,,,,,,,,,,8,FAIL
2705,2705,4.056274956342974e-05,68.87728041332605,2024-08-29 06:10:19.390309,2024-08-29 06:10:19.627230,0 days 00:00:00.236921,0.0149,N95,34,17,1.1x60x0.1,1.1x60x0.1,0.014386201870099934,0.0004304995936191974,0.0007191699400878398,2.412419716454984e-05,0.13835359585105508,0.16073417692746253,0.26527211559084424,2.8026615075868105e-05,4.625450303192809e-05,8.0,62.13138497840927,1.8972651561695857,4.848630278747189,0.006900000000000001,0.01105,8,COMPLETE
2706,2706,4.0338425085997115e-05,98.79979419841817,2024-08-29 06:10:19.628228,2024-08-29 06:10:19.881550,0 days 00:00:00.253322,0.01435,N95,34,14,1.1x60x0.1,1.1x60x0.1,0.022796617336115432,0.0003940435862265928,0.0004147251241267217,2.412419716454984e-05,0.14916233930188658,0.20960006667169415,0.3472811583066086,3.389886051503342e-05,5.616618225305554e-05,8.0,93.01132010990726,1.5580042183010103,4.2304698702098955,0.0082,0.008825,8,COMPLETE
2707,2707,3.9954758803787e-05,331.8324831105592,2024-08-29 06:10:19.883547,2024-08-29 06:10:20.124900,0 days 00:00:00.241353,0.01435,N95,26,8,1.1x60x0.1,1.1x60x0.1,0.024999438585022217,0.0002050578099501679,0.00011971428030050279,3.217217402876327e-05,0.19892379032656934,0.44517878289367047,0.6077420270365651,7.199927798306795e-05,9.82908189428472e-05,6.0,327.5560443866052,1.1035863212965487,3.172852402657422,0.005600000000000001,0.008825,8,COMPLETE
2708,2708,3.930448660944027e-05,211.52076567586423,2024-08-29 06:10:20.126895,2024-08-29 06:10:20.391187,0 days 00:00:00.264292,0.01435,N95,18,15,1.1x60x0.1,1.1x60x0.1,0.021726264240554204,0.00010684340893859885,0.0005246583744754121,4.7697476639721074e-05,0.2949182990774419,0.32316612325531974,0.3241290810861681,5.2266029822287344e-05,5.242177010285185e-05,4.0,208.33440284067734,1.0711279000819447,2.1152349351049478,0.0082,0.008825,8,COMPLETE
2709,2709,,,2024-08-29 06:10:20.393183,2024-08-29 06:10:20.396174,0 days 00:00:00.002991,0.01345,N95,23,5,1.1x60x0.1,1.1x60x0.1,0.007127909046037316,,,,,,,,,,,,,,,8,FAIL
2710,2710,,,2024-08-29 06:10:20.398170,2024-08-29 06:10:20.405198,0 days 00:00:00.007028,0.01435,N95,34,16,1.1x60x0.1,1.1x60x0.1,0.011873075651567432,,,,,,,,,,,,,,,8,FAIL
2711,2711,,,2024-08-29 06:10:20.406196,2024-08-29 06:10:20.412179,0 days 00:00:00.005983,0.01435,N95,23,8,1.1x60x0.1,1.1x60x0.1,0.009313196510784653,,,,,,,,,,,,,,,8,FAIL
2712,2712,,,2024-08-29 06:10:20.413234,2024-08-29 06:10:20.418221,0 days 00:00:00.004987,0.01435,N95,7,16,1.1x60x0.1,1.1x60x0.1,0.019666159656444235,,,,,,,,,,,,,,,8,FAIL
2713,2713,3.8347293358842146e-05,148.7403079376588,2024-08-29 06:10:20.418221,2024-08-29 06:10:20.647473,0 days 00:00:00.229252,0.01435,N95,22,16,1.1x60x0.1,1.1x60x0.1,0.020735359286286652,0.00015759801744894935,0.0006064714471951399,3.850162050919795e-05,0.23805939500878825,0.2635712763586992,0.30387101351828255,4.2627686502828214e-05,4.91454094714236e-05,5.0,144.86284426262264,1.2334200061549663,2.644043668881184,0.0082,0.008825,8,COMPLETE
2714,2714,,,2024-08-29 06:10:20.649531,2024-08-29 06:10:20.660555,0 days 00:00:00.011024,0.01435,N95,9,0,1.1x60x0.1,1.1x60x0.1,0.010586741994802414,,,,,,,,,,,,,,,8,FAIL
2715,2715,3.515982396121031e-05,127.31606089580318,2024-08-29 06:10:20.661554,2024-08-29 06:10:20.918864,0 days 00:00:00.257310,0.01435,N95,30,12,1.1x60x0.1,1.1x60x0.1,0.018735629356394314,0.00029501925249877773,0.0002901582421432638,2.758481266046025e-05,0.1705596732431335,0.25553097889014015,0.40516135135771003,4.132731992034531e-05,6.552721262856479e-05,7.0,122.25114606835614,1.363253691013384,3.7016611364336582,0.006900000000000001,0.008825,8,COMPLETE
2716,2716,,,2024-08-29 06:10:20.919862,2024-08-29 06:10:20.923851,0 days 00:00:00.003989,0.01345,N95,35,8,1.1x60x0.1,1.1x60x0.1,0.004644716253769132,,,,,,,,,,,,,,,8,FAIL
2717,2717,,,2024-08-29 06:10:20.924849,2024-08-29 06:10:20.928838,0 days 00:00:00.003989,0.012,N95,18,14,1.1x60x0.1,1.1x60x0.1,0.006247381098386297,,,,,,,,,,,,,,,8,FAIL
2718,2718,3.602114036124958e-05,130.50010636175145,2024-08-29 06:10:20.928838,2024-08-29 06:10:21.157227,0 days 00:00:00.228389,0.01435,N95,23,14,1.1x60x0.1,1.1x60x0.1,0.01832728074179374,0.00018747295431512502,0.0004732077210331388,3.7605450211454966e-05,0.2325182838533611,0.2655401100855161,0.3472811583066086,4.29461082521266e-05,5.616618225305554e-05,5.0,126.6551011079299,1.2009615849403619,2.644043668881184,0.0082,0.008825,8,COMPLETE
2719,2719,,,2024-08-29 06:10:21.159221,2024-08-29 06:10:21.166244,0 days 00:00:00.007023,0.01435,N95,22,8,1.4x200x0.071,1.1x60x0.1,0.015278446576452515,,,,,,,,,,,,,,,8,FAIL
2720,2720,,,2024-08-29 06:10:21.167241,2024-08-29 06:10:21.175304,0 days 00:00:00.008063,0.01435,N95,23,5,1.1x60x0.1,1.1x60x0.1,0.019765615766824132,,,,,,,,,,,,,,,8,FAIL
2721,2721,,,2024-08-29 06:10:21.177299,2024-08-29 06:10:21.186333,0 days 00:00:00.009034,0.01435,N95,39,17,1.1x60x0.1,1.4x200x0.071,0.0194095548306323,,,,,,,,,,,,,,,8,FAIL
2722,2722,4.333760157689969e-05,116.8306519828548,2024-08-29 06:10:21.187424,2024-08-29 06:10:21.424181,0 days 00:00:00.236757,0.01435,N95,23,23,1.1x60x0.1,1.4x200x0.071,0.02330142280951493,0.00021923955802705252,0.0018519608078286175,3.7605450211454966e-05,0.2325182838533611,0.25183092848429073,0.2113885311431531,4.072890650093097e-05,3.418811093664251e-05,5.0,113.8442700860915,1.4930873758718013,1.493294520891507,0.0108,0.008825,8,COMPLETE
2723,2723,3.183005331825618e-05,119.28623069676041,2024-08-29 06:10:21.426176,2024-08-29 06:10:21.664539,0 days 00:00:00.238363,0.01435,N95,23,14,1.1x60x0.1,1.1x60x0.1,0.01398858642685409,0.0001899730218830558,0.0004732077210331388,3.7605450211454966e-05,0.2325182838533611,0.2655401100855161,0.3472811583066086,4.29461082521266e-05,5.616618225305554e-05,5.0,115.44122544293887,1.2009615849403619,2.644043668881184,0.0082,0.008825,8,COMPLETE
2724,2724,4.060972078878716e-05,110.68246481862334,2024-08-29 06:10:21.665536,2024-08-29 06:10:21.898912,0 days 00:00:00.233376,0.01435,N95,23,23,1.1x60x0.1,1.1x60x0.1,0.020477467891421963,0.00022093354236702348,0.0018519608078286175,3.7605450211454966e-05,0.2325182838533611,0.25183092848429073,0.2113885311431531,4.072890650093097e-05,3.418811093664251e-05,5.0,106.54533377387037,1.4930873758718013,2.644043668881184,0.0108,0.008825,9,COMPLETE
2725,2725,,,2024-08-29 06:10:21.900906,2024-08-29 06:10:21.910879,0 days 00:00:00.009973,0.01435,N95,34,23,1.1x60x0.1,1.1x60x0.1,0.012942595010680413,,,,,,,,,,,,,,,9,FAIL
2726,2726,3.1346446576305226e-05,99.28947072827933,2024-08-29 06:10:21.911878,2024-08-29 06:10:22.134282,0 days 00:00:00.222404,0.01435,N95,23,17,1.1x60x0.1,1.1x60x0.1,0.012187947380123517,0.00020225347938882966,0.000775060706009103,3.7605450211454966e-05,0.2325182838533611,0.2593575379908458,0.2859962480172071,4.194619373688151e-05,4.625450303192809e-05,5.0,95.34709021081397,1.2983368485841749,2.644043668881184,0.009500000000000001,0.008825,9,COMPLETE
2727,2727,4.065729208263394e-05,116.89284956943578,2024-08-29 06:10:22.135279,2024-08-29 06:10:22.374479,0 days 00:00:00.239200,0.01435,N95,23,20,1.1x60x0.1,1.1x60x0.1,0.021826714614300795,0.00020842856679809883,0.0011957098788199375,3.7605450211454966e-05,0.2325182838533611,0.25502973752457664,0.24309681081462603,4.124625357620995e-05,3.931632757713888e-05,5.0,112.85309378832662,1.395712112227988,2.644043668881184,0.009500000000000001,0.008825,9,COMPLETE
2728,2728,4.073599587453232e-05,79.81872701637919,2024-08-29 06:10:22.376474,2024-08-29 06:10:22.613898,0 days 00:00:00.237424,0.01435,N95,35,16,1.1x60x0.1,1.1x60x0.1,0.023208190300911646,0.00043497761720863665,0.000625062797562497,2.409555951986295e-05,0.1489852698622507,0.19021292179124233,0.30387101351828255,3.076335521428089e-05,4.91454094714236e-05,8.0,73.93287766422446,1.655379481944823,4.2304698702098955,0.0082,0.008825,9,COMPLETE
2729,2729,,,2024-08-29 06:10:22.615896,2024-08-29 06:10:22.625866,0 days 00:00:00.009970,0.01345,N95,31,15,1.1x60x0.1,1.1x60x0.1,0.005569904418743061,,,,,,,,,,,,,,,9,FAIL
2730,2730,4.0167297184627645e-05,190.57251429360187,2024-08-29 06:10:22.626863,2024-08-29 06:10:22.851263,0 days 00:00:00.224400,0.01435,N95,18,21,1.1x60x0.1,1.1x60x0.1,0.020019462424947336,0.00012107646470084613,0.0013418720270640101,4.7697476639721074e-05,0.2949182990774419,0.31398315818524236,0.23152077220440578,5.078085829076981e-05,3.744412150203703e-05,4.0,187.19140093112736,1.2658784273695707,2.1152349351049478,0.0108,0.008825,9,COMPLETE
2731,2731,,,2024-08-29 06:10:22.852261,2024-08-29 06:10:22.861272,0 days 00:00:00.009011,0.01435,N95,6,15,1.1x60x0.1,1.1x60x0.1,0.019164143912093992,,,,,,,,,,,,,,,9,FAIL
