,number,values_0,values_1,datetime_start,datetime_complete,duration,params_core_inner_diameter,params_material,params_n_p_bot,params_n_p_top,params_primary_litz_wire,params_secondary_litz_wire,params_window_h_bot,user_attrs_air_gap_bot,user_attrs_air_gap_top,user_attrs_flux_bot_max,user_attrs_flux_density_bot_max,user_attrs_flux_density_mid_max,user_attrs_flux_density_top_max,user_attrs_flux_mid_max,user_attrs_flux_top_max,user_attrs_n_s_bot,user_attrs_p_hyst,user_attrs_primary_litz_wire_loss,user_attrs_secondary_litz_wire_loss,user_attrs_window_h_top,user_attrs_window_w,system_attrs_nsga2:generation,state
2109,2109,3.6872664957449166e-05,114.07538312725958,2024-08-29 06:09:25.017799,2024-08-29 06:09:25.311012,0 days 00:00:00.293213,0.01435,N95,23,17,1.1x60x0.1,1.1x60x0.1,0.017908795462596022,0.00019919336671402654,0.000775060706009103,3.7605450211454966e-05,0.2325182838533611,0.2593575379908458,0.2859962480172071,4.194619373688151e-05,4.625450303192809e-05,5.0,110.13300260979423,1.2983368485841749,2.644043668881184,0.009500000000000001,0.008825,4,COMPLETE
2110,2110,3.7873658793734925e-05,76.35207906323546,2024-08-29 06:09:25.311012,2024-08-29 06:09:25.549375,0 days 00:00:00.238363,0.01435,N95,34,17,1.1x60x0.1,1.1x60x0.1,0.018945043629773374,0.0003973686034782831,0.0006881721063256466,2.412419716454984e-05,0.14916233930188658,0.17329138204744968,0.2859962480172071,2.8026615075868105e-05,4.625450303192809e-05,8.0,70.46622971108074,1.655379481944823,4.2304698702098955,0.009500000000000001,0.008825,4,COMPLETE
2111,2111,3.360251179446541e-05,155.11232286175292,2024-08-29 06:09:25.551369,2024-08-29 06:09:25.787741,0 days 00:00:00.236372,0.01435,N95,27,11,1.1x60x0.1,1.1x60x0.1,0.017123469700646245,0.00024097889928234356,0.0002666294146641128,3.179831775981402e-05,0.19661219938496108,0.3229283493961929,0.4419942014811383,5.222757438182565e-05,7.148423195843433e-05,6.0,150.70605045294053,1.2334200061549663,3.172852402657422,0.006900000000000001,0.008825,4,COMPLETE
2112,2112,3.6990144469652085e-05,252.1898847009949,2024-08-29 06:09:25.788735,2024-08-29 06:09:26.015130,0 days 00:00:00.226395,0.01435,N95,27,9,1.1x60x0.1,1.1x60x0.1,0.02063041252434826,0.00023202197316885592,0.00017288695698216812,3.179831775981402e-05,0.19661219938496108,0.4210243719343142,0.5402151351436133,6.809275724127569e-05,8.736961683808638e-05,6.0,247.84852913461174,1.168503163725758,3.172852402657422,0.006900000000000001,0.008825,4,COMPLETE
2113,2113,,,2024-08-29 06:09:26.017124,2024-08-29 06:09:26.029094,0 days 00:00:00.011970,0.01435,N95,18,9,1.1x60x0.1,1.1x60x0.1,0.019551552393918384,,,,,,,,,,,,,,,4,FAIL
2114,2114,4.1029172518372055e-05,117.95401143998912,2024-08-29 06:09:26.030092,2024-08-29 06:09:26.303358,0 days 00:00:00.273266,0.0149,N95,22,23,1.1x60x0.1,1.1x60x0.1,0.013459466746376499,0.00018984109698141652,0.0017287472478347405,3.850162050919795e-05,0.2208089084667231,0.23596312591740876,0.19607069413236314,4.114400452101916e-05,3.418811093664251e-05,5.0,113.24956002503426,1.67405749073787,3.030393924216993,0.0082,0.01105,4,COMPLETE
2115,2115,,,2024-08-29 06:09:26.305353,2024-08-29 06:09:26.310339,0 days 00:00:00.004986,0.01435,N95,34,4,1.1x60x0.1,1.4x200x0.071,0.013771874825967484,,,,,,,,,,,,,,,4,FAIL
2116,2116,4.363175317616693e-05,107.13901664595272,2024-08-29 06:09:26.311337,2024-08-29 06:09:26.512799,0 days 00:00:00.201462,0.0149,N95,26,16,1.1x60x0.1,1.1x60x0.1,0.016842237195253178,0.00024113213093928822,0.0006365907134070507,3.217217402876327e-05,0.18450918523275067,0.2081476190607654,0.281851622815272,3.629391900272192e-05,4.91454094714236e-05,6.0,101.94009027887033,1.5624536580220119,3.6364727090603917,0.006900000000000001,0.01105,4,COMPLETE
2117,2117,,,2024-08-29 06:09:26.513798,2024-08-29 06:09:26.520777,0 days 00:00:00.006979,0.0149,N95,23,18,1.1x60x0.1,1.1x60x0.1,0.008138238306637917,,,,,,,,,,,,,,,4,FAIL
2118,2118,,,2024-08-29 06:09:26.520777,2024-08-29 06:09:26.526761,0 days 00:00:00.005984,0.01435,N95,18,17,1.1x60x0.1,1.4x200x0.071,0.010384808144992791,,,,,,,,,,,,,,,4,FAIL
2119,2119,,,2024-08-29 06:09:26.526761,2024-08-29 06:09:26.534740,0 days 00:00:00.007979,0.01345,N95,23,23,1.1x60x0.1,1.1x60x0.1,0.007096848286419351,,,,,,,,,,,,,,,4,FAIL
2120,2120,,,2024-08-29 06:09:26.535737,2024-08-29 06:09:26.543716,0 days 00:00:00.007979,0.01345,N95,26,25,1.1x60x0.1,1.1x60x0.1,0.008014316582610469,,,,,,,,,,,,,,,4,FAIL
2121,2121,,,2024-08-29 06:09:26.544714,2024-08-29 06:09:26.550696,0 days 00:00:00.005982,0.0149,N95,34,15,1.1x60x0.1,1.1x60x0.1,0.007760245392554637,,,,,,,,,,,,,,,4,FAIL
2122,2122,,,2024-08-29 06:09:26.551694,2024-08-29 06:09:26.559672,0 days 00:00:00.007978,0.0149,N95,34,16,1.1x60x0.1,1.1x60x0.1,0.011726887049569054,,,,,,,,,,,,,,,4,FAIL
2123,2123,,,2024-08-29 06:09:26.560669,2024-08-29 06:09:26.568649,0 days 00:00:00.007980,0.01345,N95,35,23,1.1x60x0.1,1.1x60x0.1,0.003423991114410156,,,,,,,,,,,,,,,4,FAIL
2124,2124,4.640207915111279e-05,267.56634748126527,2024-08-29 06:09:26.569646,2024-08-29 06:09:26.852888,0 days 00:00:00.283242,0.0149,N95,14,23,1.1x60x0.1,1.1x60x0.1,0.01775924939700431,0.00010292750461738013,0.0017697858501201703,6.19175817252881e-05,0.35510073225083577,0.3733648633126496,0.19607069413236314,6.510222969966177e-05,3.418811093664251e-05,3.0,264.3716638565728,1.3764472701622488,1.8182363545301958,0.0082,0.01105,4,COMPLETE
2125,2125,4.380413154480628e-05,81.96421164621209,2024-08-29 06:09:26.854884,2024-08-29 06:09:27.095241,0 days 00:00:00.240357,0.0149,N95,34,15,1.1x60x0.1,1.1x60x0.1,0.016980186645984822,0.0004291125554299807,0.0005263000815389215,2.412419716454984e-05,0.13835359585105508,0.17296472750428762,0.3006417310029569,3.0159210269591635e-05,5.242177010285185e-05,8.0,75.29271876643922,1.8228626010256805,4.848630278747189,0.006900000000000001,0.01105,4,COMPLETE
2126,2126,,,2024-08-29 06:09:27.096237,2024-08-29 06:09:27.102221,0 days 00:00:00.005984,0.01435,N95,23,18,1.1x60x0.1,1.1x60x0.1,0.00989871106979151,,,,,,,,,,,,,,,4,FAIL
2127,2127,,,2024-08-29 06:09:27.103218,2024-08-29 06:09:27.109203,0 days 00:00:00.005985,0.01345,N95,22,17,1.1x60x0.1,1.1x60x0.1,0.0070081656959951315,,,,,,,,,,,,,,,4,FAIL
2128,2128,4.7074287303599995e-05,71.48580008298298,2024-08-29 06:09:27.109203,2024-08-29 06:09:27.372890,0 days 00:00:00.263687,0.0149,N95,38,16,1.1x60x0.1,1.1x60x0.1,0.019597198248388063,0.0005574697186981098,0.0006079882762987264,2.142358842386681e-05,0.12286545638213449,0.1640565858785806,0.281851622815272,2.860593105320146e-05,4.91454094714236e-05,9.0,64.02222203050695,2.008868988885444,5.454709063590586,0.006900000000000001,0.01105,4,COMPLETE
2129,2129,,,2024-08-29 06:09:27.374884,2024-08-29 06:09:27.381925,0 days 00:00:00.007041,0.0149,N95,23,17,1.1x60x0.1,1.1x60x0.1,0.009176876440128249,,,,,,,,,,,,,,,4,FAIL
2130,2130,,,2024-08-29 06:09:27.382924,2024-08-29 06:09:27.391898,0 days 00:00:00.008974,0.0149,N95,23,16,1.1x60x0.1,1.1x60x0.1,0.007565196778180242,,,,,,,,,,,,,,,4,FAIL
2131,2131,4.037128233367129e-05,135.7592243278761,2024-08-29 06:09:27.392896,2024-08-29 06:09:27.607322,0 days 00:00:00.214426,0.01435,N95,22,24,1.1x60x0.1,1.1x60x0.1,0.020230631793993814,0.00017299078327633833,0.001979628401105902,3.850162050919795e-05,0.23805939500878825,0.2535495678588797,0.20258067567885502,4.100686402909384e-05,3.2763606314282396e-05,5.0,131.62209328312312,1.4930873758718013,2.644043668881184,0.0108,0.008825,4,COMPLETE
2132,2132,,,2024-08-29 06:09:27.608321,2024-08-29 06:09:27.614304,0 days 00:00:00.005983,0.01345,N95,27,15,1.1x60x0.1,1.1x60x0.1,0.00800108167585035,,,,,,,,,,,,,,,4,FAIL
2133,2133,,,2024-08-29 06:09:27.616298,2024-08-29 06:09:27.619290,0 days 00:00:00.002992,0.01435,N95,35,11,1.1x60x0.1,1.1x60x0.1,0.01274581102605599,,,,,,,,,,,,,,,4,FAIL
2134,2134,3.988733814079319e-05,72.06115736016565,2024-08-29 06:09:27.619290,2024-08-29 06:09:27.845684,0 days 00:00:00.226394,0.0149,N95,34,16,1.1x60x0.1,1.1x60x0.1,0.013845689533743342,0.0004294230955973608,0.0006174778751082754,2.412419716454984e-05,0.13835359585105508,0.16240675828925424,0.281851622815272,2.8318256809481255e-05,4.91454094714236e-05,8.0,65.35246320282083,1.8600638785976336,4.848630278747189,0.006900000000000001,0.01105,4,COMPLETE
2135,2135,,,2024-08-29 06:09:27.846683,2024-08-29 06:09:27.853706,0 days 00:00:00.007023,0.0149,N95,26,8,1.1x60x0.1,1.1x60x0.1,0.008545430568609874,,,,,,,,,,,,,,,4,FAIL
2136,2136,4.465234736797598e-05,119.5498239172174,2024-08-29 06:09:27.854703,2024-08-29 06:09:28.131185,0 days 00:00:00.276482,0.0149,N95,26,14,1.1x60x0.1,1.1x60x0.1,0.017658989374144767,0.00023735295873454255,0.00046009027200003737,3.217217402876327e-05,0.18450918523275067,0.21220960236797387,0.32211614036031083,3.7002191784353856e-05,5.616618225305554e-05,6.0,114.42530010527891,1.4880511028781065,3.6364727090603917,0.006900000000000001,0.01105,4,COMPLETE
2137,2137,,,2024-08-29 06:09:28.132183,2024-08-29 06:09:28.142257,0 days 00:00:00.010074,0.01435,N95,18,9,1.1x60x0.1,1.1x60x0.1,0.015594158401894058,,,,,,,,,,,,,,,4,FAIL
2138,2138,,,2024-08-29 06:09:28.144252,2024-08-29 06:09:28.152231,0 days 00:00:00.007979,0.01435,N95,34,16,1.1x60x0.1,1.1x60x0.1,0.007598637993698831,,,,,,,,,,,,,,,4,FAIL
2139,2139,,,2024-08-29 06:09:28.153227,2024-08-29 06:09:28.160208,0 days 00:00:00.006981,0.0149,N95,34,18,1.1x60x0.1,1.1x60x0.1,0.009784280428284046,,,,,,,,,,,,,,,4,FAIL
2140,2140,,,2024-08-29 06:09:28.161205,2024-08-29 06:09:28.170182,0 days 00:00:00.008977,0.01435,N95,26,15,1.1x60x0.1,1.4x200x0.071,0.01924774094479143,,,,,,,,,,,,,,,4,FAIL
2141,2141,3.816453432887665e-05,110.22302641241454,2024-08-29 06:09:28.172177,2024-08-29 06:09:28.412533,0 days 00:00:00.240356,0.01435,N95,23,20,1.1x60x0.1,1.1x60x0.1,0.019246163605981997,0.00020997721297637,0.0011957098788199375,3.7605450211454966e-05,0.2325182838533611,0.25502973752457664,0.24309681081462603,4.124625357620995e-05,3.931632757713888e-05,5.0,106.18327063130538,1.395712112227988,2.644043668881184,0.009500000000000001,0.008825,4,COMPLETE
2142,2142,,,2024-08-29 06:09:28.413530,2024-08-29 06:09:28.416528,0 days 00:00:00.002998,0.0149,N95,34,8,1.1x60x0.1,1.1x60x0.1,0.006537643519485223,,,,,,,,,,,,,,,4,FAIL
2143,2143,,,2024-08-29 06:09:28.417520,2024-08-29 06:09:28.421509,0 days 00:00:00.003989,0.0149,N95,9,16,1.4x200x0.071,1.1x60x0.1,0.014763885271864681,,,,,,,,,,,,,,,4,FAIL
2144,2144,4.563020582535233e-05,114.98610567893259,2024-08-29 06:09:28.421509,2024-08-29 06:09:28.651893,0 days 00:00:00.230384,0.0149,N95,23,17,1.1x60x0.1,1.1x60x0.1,0.01844154137387154,0.00021581672691292763,0.0008054986166768366,3.7605450211454966e-05,0.21566932258363924,0.2405637251336424,0.26527211559084424,4.194619373688151e-05,4.625450303192809e-05,5.0,110.46766065183749,1.4880511028781065,3.030393924216993,0.006900000000000001,0.01105,4,COMPLETE
2145,2145,,,2024-08-29 06:09:28.653887,2024-08-29 06:09:28.658919,0 days 00:00:00.005032,0.01435,N95,34,23,1.1x60x0.1,1.1x60x0.1,0.01726947145225082,,,,,,,,,,,,,,,4,FAIL
2146,2146,,,2024-08-29 06:09:28.659916,2024-08-29 06:09:28.666955,0 days 00:00:00.007039,0.01435,N95,6,16,1.1x60x0.1,1.1x60x0.1,0.021588613304344226,,,,,,,,,,,,,,,4,FAIL
2147,2147,,,2024-08-29 06:09:28.668018,2024-08-29 06:09:28.673004,0 days 00:00:00.004986,0.01435,N95,18,9,1.1x60x0.1,1.1x60x0.1,0.009804896386872458,,,,,,,,,,,,,,,4,FAIL
2148,2148,,,2024-08-29 06:09:28.674030,2024-08-29 06:09:28.679059,0 days 00:00:00.005029,0.01435,N95,34,17,1.1x60x0.1,1.1x60x0.1,0.01649375195555692,,,,,,,,,,,,,,,4,FAIL
2149,2149,4.4338641333738714e-05,118.34334019168818,2024-08-29 06:09:28.679059,2024-08-29 06:09:28.922117,0 days 00:00:00.243058,0.01435,N95,27,15,1.4x200x0.071,1.1x60x0.1,0.024137718514536603,0.00025148047970929675,0.0005638514928443578,3.179831775981402e-05,0.19661219938496108,0.226343727788965,0.3241290810861681,3.660683213803102e-05,5.242177010285185e-05,6.0,114.40055373259483,0.7699340564359224,3.172852402657422,0.011,0.008825,4,COMPLETE
2150,2150,,,2024-08-29 06:09:28.923120,2024-08-29 06:09:28.934157,0 days 00:00:00.011037,0.01435,N95,6,9,1.1x60x0.1,1.1x60x0.1,0.024342537217871843,,,,,,,,,,,,,,,4,FAIL
2151,2151,,,2024-08-29 06:09:28.935155,2024-08-29 06:09:28.943133,0 days 00:00:00.007978,0.01435,N95,34,14,1.1x60x0.1,1.1x60x0.1,0.006318135679068316,,,,,,,,,,,,,,,4,FAIL
2152,2152,4.14359326640775e-05,252.45263593142224,2024-08-29 06:09:28.944131,2024-08-29 06:09:29.238345,0 days 00:00:00.294214,0.0149,N95,23,9,1.1x60x0.1,1.1x60x0.1,0.01638498519235384,0.00018413057543661737,0.00019092833677129148,3.7605450211454966e-05,0.21566932258363924,0.3972684452857149,0.5010695516715946,6.927020756037459e-05,8.736961683808638e-05,5.0,248.23180112490277,1.1904408823024852,3.030393924216993,0.005600000000000001,0.01105,4,COMPLETE
2153,2153,,,2024-08-29 06:09:29.239342,2024-08-29 06:09:29.248318,0 days 00:00:00.008976,0.01435,N95,34,23,1.1x60x0.1,1.1x60x0.1,0.006817967602900902,,,,,,,,,,,,,,,4,FAIL
2154,2154,4.612037210868897e-05,77.92178266155939,2024-08-29 06:09:29.250313,2024-08-29 06:09:29.475707,0 days 00:00:00.225394,0.0149,N95,30,23,1.1x60x0.1,1.1x60x0.1,0.017533807352991766,0.00033500280136784826,0.0016880259260247717,2.758481266046025e-05,0.15820041580743732,0.17336995805049618,0.19607069413236314,3.0229868798802233e-05,3.418811093664251e-05,7.0,71.70756345634211,1.9716677113134913,4.2425514939037905,0.0082,0.01105,4,COMPLETE
2155,2155,3.9017262905279736e-05,114.32729888715517,2024-08-29 06:09:29.477702,2024-08-29 06:09:29.727009,0 days 00:00:00.249307,0.01435,N95,23,19,1.1x60x0.1,1.1x60x0.1,0.020128924710362255,0.00020558275592272678,0.0010396193713557691,3.7605450211454966e-05,0.2325182838533611,0.25632048503206045,0.25589137980486953,4.145500765921726e-05,4.1385607975935666e-05,5.0,110.3200015272606,1.363253691013384,2.644043668881184,0.009500000000000001,0.008825,4,COMPLETE
2156,2156,4.483662651988959e-05,77.32653815097831,2024-08-29 06:09:29.728007,2024-08-29 06:09:30.010044,0 days 00:00:00.282037,0.0149,N95,34,16,1.1x60x0.1,1.1x60x0.1,0.01780646267945816,0.0004300966591358592,0.0006174778751082754,2.412419716454984e-05,0.13835359585105508,0.16240675828925424,0.281851622815272,2.8318256809481255e-05,4.91454094714236e-05,8.0,70.61784399363349,1.8600638785976336,4.848630278747189,0.006900000000000001,0.01105,4,COMPLETE
2157,2157,,,2024-08-29 06:09:30.011042,2024-08-29 06:09:30.017098,0 days 00:00:00.006056,0.01345,N95,22,18,1.1x60x0.1,1.1x60x0.1,0.010770960643722093,,,,,,,,,,,,,,,4,FAIL
2158,2158,,,2024-08-29 06:09:30.018099,2024-08-29 06:09:30.021088,0 days 00:00:00.002989,0.0149,N95,23,17,1.1x60x0.1,1.4x200x0.071,0.007803966962926309,,,,,,,,,,,,,,,4,FAIL
2159,2159,,,2024-08-29 06:09:30.022090,2024-08-29 06:09:30.025078,0 days 00:00:00.002988,0.01435,N95,34,17,1.4x200x0.071,1.1x60x0.1,0.007451981272347833,,,,,,,,,,,,,,,4,FAIL
2160,2160,4.014500187740395e-05,125.48762562121068,2024-08-29 06:09:30.025078,2024-08-29 06:09:30.239509,0 days 00:00:00.214431,0.01435,N95,26,15,1.1x60x0.1,1.1x60x0.1,0.022596381891971287,0.00021750698170679288,0.0005082272858830169,3.217217402876327e-05,0.19892379032656934,0.2264526379304322,0.3241290810861681,3.662444630081682e-05,5.242177010285185e-05,6.0,120.98397794875447,1.3307952697987795,3.172852402657422,0.0082,0.008825,4,COMPLETE
2161,2161,,,2024-08-29 06:09:30.241500,2024-08-29 06:09:30.247486,0 days 00:00:00.005986,0.0149,N95,21,14,1.4x200x0.071,1.1x60x0.1,0.008427731837454575,,,,,,,,,,,,,,,4,FAIL
2162,2162,,,2024-08-29 06:09:30.248480,2024-08-29 06:09:30.253467,0 days 00:00:00.004987,0.01435,N95,26,7,1.1x60x0.1,1.1x60x0.1,0.010110987762464418,,,,,,,,,,,,,,,4,FAIL
2163,2163,,,2024-08-29 06:09:30.254464,2024-08-29 06:09:30.259450,0 days 00:00:00.004986,0.01435,N95,34,15,1.1x60x0.1,1.1x60x0.1,0.00747354888518735,,,,,,,,,,,,,,,4,FAIL
2164,2164,,,2024-08-29 06:09:30.260449,2024-08-29 06:09:30.267429,0 days 00:00:00.006980,0.0149,N95,21,17,1.1x60x0.1,1.1x60x0.1,0.0135698641346331,,,,,,,,,,,,,,,4,FAIL
2165,2165,,,2024-08-29 06:09:30.268426,2024-08-29 06:09:30.274411,0 days 00:00:00.005985,0.012,N95,26,8,1.1x60x0.1,1.4x200x0.071,0.010418620173353477,,,,,,,,,,,,,,,4,FAIL
2166,2166,4.345198275891552e-05,339.5782180044268,2024-08-29 06:09:30.275408,2024-08-29 06:09:30.527733,0 days 00:00:00.252325,0.0149,N95,22,8,1.1x60x0.1,1.1x60x0.1,0.017998372100616413,0.00015692228236359183,0.00013281108956133083,3.850162050919795e-05,0.2208089084667231,0.40210744605573323,0.563703245630544,7.011396596027193e-05,9.82908189428472e-05,5.0,335.4317857530512,1.1160383271585799,3.030393924216993,0.005600000000000001,0.01105,4,COMPLETE
2167,2167,,,2024-08-29 06:09:30.528730,2024-08-29 06:09:30.531771,0 days 00:00:00.003041,0.0149,N95,37,23,1.1x60x0.1,1.1x60x0.1,0.005928695218695617,,,,,,,,,,,,,,,4,FAIL
2168,2168,,,2024-08-29 06:09:30.532769,2024-08-29 06:09:30.538754,0 days 00:00:00.005985,0.01345,N95,38,23,1.1x60x0.1,1.1x60x0.1,0.011289315378277705,,,,,,,,,,,,,,,4,FAIL
2169,2169,,,2024-08-29 06:09:30.538754,2024-08-29 06:09:30.544794,0 days 00:00:00.006040,0.01435,N95,34,23,1.4x200x0.071,1.1x60x0.1,0.006870130730613868,,,,,,,,,,,,,,,4,FAIL
2170,2170,,,2024-08-29 06:09:30.544794,2024-08-29 06:09:30.550848,0 days 00:00:00.006054,0.01435,N95,26,21,1.1x60x0.1,1.1x60x0.1,0.007364720051515582,,,,,,,,,,,,,,,4,FAIL
2171,2171,3.47698921168779e-05,157.53211521055184,2024-08-29 06:09:30.552841,2024-08-29 06:09:30.771572,0 days 00:00:00.218731,0.01435,N95,27,11,1.1x60x0.1,1.1x60x0.1,0.018331964374287274,0.00024036603238969758,0.0002666294146641128,3.179831775981402e-05,0.19661219938496108,0.3229283493961929,0.4419942014811383,5.222757438182565e-05,7.148423195843433e-05,6.0,153.12584280173945,1.2334200061549663,3.172852402657422,0.006900000000000001,0.008825,4,COMPLETE
2172,2172,,,2024-08-29 06:09:30.773567,2024-08-29 06:09:30.779552,0 days 00:00:00.005985,0.01345,N95,34,16,1.4x200x0.071,1.1x60x0.1,0.008376152278482926,,,,,,,,,,,,,,,5,FAIL
2173,2173,,,2024-08-29 06:09:30.780549,2024-08-29 06:09:30.786533,0 days 00:00:00.005984,0.01435,N95,34,18,1.1x60x0.1,1.1x60x0.1,0.010677601310274818,,,,,,,,,,,,,,,5,FAIL
2174,2174,4.055111201102464e-05,296.7700635932205,2024-08-29 06:09:30.787531,2024-08-29 06:09:31.045839,0 days 00:00:00.258308,0.0149,N95,34,8,1.1x60x0.1,1.1x60x0.1,0.015676888671612113,0.0004224956343877469,0.0001228056388110794,2.412419716454984e-05,0.13835359585105508,0.4356916972610302,0.563703245630544,7.596992577625366e-05,9.82908189428472e-05,8.0,290.3589796564513,1.5624536580220119,4.848630278747189,0.005600000000000001,0.01105,5,COMPLETE
2175,2175,,,2024-08-29 06:09:31.047834,2024-08-29 06:09:31.056810,0 days 00:00:00.008976,0.01435,N95,26,0,1.1x60x0.1,1.1x60x0.1,0.019723547944095875,,,,,,,,,,,,,,,5,FAIL
2176,2176,,,2024-08-29 06:09:31.057807,2024-08-29 06:09:31.066783,0 days 00:00:00.008976,0.012,N95,34,17,1.1x60x0.1,1.1x60x0.1,0.005054897882348902,,,,,,,,,,,,,,,5,FAIL
2177,2177,,,2024-08-29 06:09:31.067780,2024-08-29 06:09:31.074761,0 days 00:00:00.006981,0.0149,N95,26,23,1.1x60x0.1,1.1x60x0.1,0.005521770444204284,,,,,,,,,,,,,,,5,FAIL
2178,2178,4.407203060384595e-05,62.3231239439749,2024-08-29 06:09:31.075759,2024-08-29 06:09:31.269241,0 days 00:00:00.193482,0.0149,N95,34,23,1.1x60x0.1,1.1x60x0.1,0.015894578558019724,0.0004363830332926447,0.0016677865198760882,2.412419716454984e-05,0.13835359585105508,0.15375296776520136,0.19607069413236314,2.680932783991756e-05,3.418811093664251e-05,8.0,55.35402084362641,2.120472821601302,4.848630278747189,0.0082,0.01105,5,COMPLETE
2179,2179,,,2024-08-29 06:09:31.271237,2024-08-29 06:09:31.279214,0 days 00:00:00.007977,0.01345,N95,26,23,1.1x60x0.1,1.1x60x0.1,0.004738587389835545,,,,,,,,,,,,,,,5,FAIL
2180,2180,,,2024-08-29 06:09:31.281329,2024-08-29 06:09:31.289307,0 days 00:00:00.007978,0.01435,N95,18,8,1.4x200x0.071,1.1x60x0.1,0.015750701886414427,,,,,,,,,,,,,,,5,FAIL
2181,2181,,,2024-08-29 06:09:31.290305,2024-08-29 06:09:31.297340,0 days 00:00:00.007035,0.01435,N95,35,23,1.1x60x0.1,1.4x200x0.071,0.012980118831768445,,,,,,,,,,,,,,,5,FAIL
2182,2182,3.591329750260711e-05,89.07127953249116,2024-08-29 06:09:31.298397,2024-08-29 06:09:31.519053,0 days 00:00:00.220656,0.01435,N95,31,15,1.1x60x0.1,1.1x60x0.1,0.018215639730070742,0.00033431689275899756,0.0005412591874763916,2.7446998889213458e-05,0.16970755682379857,0.20619834399882364,0.3241290810861681,3.3348695983935794e-05,5.242177010285185e-05,7.0,83.87653102018571,1.4930873758718013,3.7016611364336582,0.0082,0.008825,5,COMPLETE
2183,2183,3.521390178737996e-05,106.52131154562812,2024-08-29 06:09:31.521113,2024-08-29 06:09:31.792388,0 days 00:00:00.271275,0.01435,N95,23,18,1.1x60x0.1,1.1x60x0.1,0.016191611767296228,0.0002040056298680931,0.0008998346701759908,3.7605450211454966e-05,0.2325182838533611,0.25775464892926464,0.27010756757180665,4.168695664033649e-05,4.368480841904319e-05,5.0,102.54647260694816,1.3307952697987795,2.644043668881184,0.009500000000000001,0.008825,5,COMPLETE
2184,2184,,,2024-08-29 06:09:31.793385,2024-08-29 06:09:31.799370,0 days 00:00:00.005985,0.0149,N95,1,16,1.4x200x0.071,1.1x60x0.1,0.014449401775256325,,,,,,,,,,,,,,,5,FAIL
2185,2185,,,2024-08-29 06:09:31.800367,2024-08-29 06:09:31.807348,0 days 00:00:00.006981,0.01435,N95,23,14,1.1x60x0.1,1.4x200x0.071,0.009641110083512556,,,,,,,,,,,,,,,5,FAIL
2186,2186,,,2024-08-29 06:09:31.808346,2024-08-29 06:09:31.816324,0 days 00:00:00.007978,0.01345,N95,34,14,1.1x60x0.1,1.1x60x0.1,0.004213875535078422,,,,,,,,,,,,,,,5,FAIL
2187,2187,3.8051878466697794e-05,81.31416413232573,2024-08-29 06:09:31.817321,2024-08-29 06:09:32.023768,0 days 00:00:00.206447,0.01435,N95,34,16,1.1x60x0.1,1.1x60x0.1,0.020429540079969298,0.0003962944640340479,0.0005789481717213678,2.412419716454984e-05,0.14916233930188658,0.1750946322417285,0.30387101351828255,2.8318256809481255e-05,4.91454094714236e-05,8.0,75.4607732013856,1.622921060730219,4.2304698702098955,0.0082,0.008825,5,COMPLETE
