,number,values_0,values_1,datetime_start,datetime_complete,duration,params_core_inner_diameter,params_material,params_n_p_bot,params_n_p_top,params_primary_litz_wire,params_secondary_litz_wire,params_window_h_bot,user_attrs_air_gap_bot,user_attrs_air_gap_top,user_attrs_flux_bot_max,user_attrs_flux_density_bot_max,user_attrs_flux_density_mid_max,user_attrs_flux_density_top_max,user_attrs_flux_mid_max,user_attrs_flux_top_max,user_attrs_n_s_bot,user_attrs_p_hyst,user_attrs_primary_litz_wire_loss,user_attrs_secondary_litz_wire_loss,user_attrs_window_h_top,user_attrs_window_w,system_attrs_nsga2:generation,state
1863,1863,,,2024-08-29 06:09:04.467689,2024-08-29 06:09:04.475669,0 days 00:00:00.007980,0.01435,N95,33,21,1.1x60x0.1,1.4x200x0.071,0.013013522113852859,,,,,,,,,,,,,,,3,FAIL
1864,1864,,,2024-08-29 06:09:04.475669,2024-08-29 06:09:04.478660,0 days 00:00:00.002991,0.01435,N95,23,15,1.1x60x0.1,1.1x60x0.1,0.007710614130236852,,,,,,,,,,,,,,,3,FAIL
1865,1865,4.3393729464247934e-05,61.60151621827425,2024-08-29 06:09:04.479659,2024-08-29 06:09:04.717022,0 days 00:00:00.237363,0.0149,N95,34,23,1.1x60x0.1,1.1x60x0.1,0.015351753664288623,0.0004362697306200962,0.0016677865198760882,2.412419716454984e-05,0.13835359585105508,0.15375296776520136,0.19607069413236314,2.680932783991756e-05,3.418811093664251e-05,8.0,54.63241311792576,2.120472821601302,4.848630278747189,0.0082,0.01105,3,COMPLETE
1866,1866,,,2024-08-29 06:09:04.718019,2024-08-29 06:09:04.725051,0 days 00:00:00.007032,0.01345,N95,6,15,1.1x60x0.1,1.1x60x0.1,0.004213813475175212,,,,,,,,,,,,,,,3,FAIL
1867,1867,4.891598544742036e-05,83.43820780104599,2024-08-29 06:09:04.726115,2024-08-29 06:09:05.017483,0 days 00:00:00.291368,0.0149,N95,30,21,1.1x60x0.1,1.1x60x0.1,0.019771056304702883,0.0003316287725044184,0.0013110362845557117,2.758481266046025e-05,0.15820041580743732,0.17525377639586823,0.2147440935735406,3.05583431323127e-05,3.744412150203703e-05,7.0,77.29839115097262,1.8972651561695857,4.2425514939037905,0.0082,0.01105,3,COMPLETE
1868,1868,2.9035434272477766e-05,251.11803063864025,2024-08-29 06:09:05.018480,2024-08-29 06:09:05.308782,0 days 00:00:00.290302,0.01435,N95,23,9,1.1x60x0.1,1.1x60x0.1,0.012395542774465324,0.00017206309212885367,0.00017659980383933046,3.7605450211454966e-05,0.2325182838533611,0.4283046657741702,0.5402151351436133,6.927020756037459e-05,8.736961683808638e-05,5.0,247.43531749089172,1.03866947886734,2.644043668881184,0.006900000000000001,0.008825,3,COMPLETE
1869,1869,3.8191228869497634e-05,113.33683842417517,2024-08-29 06:09:05.310777,2024-08-29 06:09:05.584045,0 days 00:00:00.273268,0.01435,N95,23,18,1.1x60x0.1,1.4x200x0.071,0.01927379831040213,0.00020223319162472565,0.0008998346701759908,3.7605450211454966e-05,0.2325182838533611,0.25775464892926464,0.27010756757180665,4.168695664033649e-05,4.368480841904319e-05,5.0,110.51274863348488,1.3307952697987795,1.493294520891507,0.009500000000000001,0.008825,3,COMPLETE
1870,1870,3.630963860555503e-05,192.2715153491923,2024-08-29 06:09:05.585041,2024-08-29 06:09:05.836915,0 days 00:00:00.251874,0.01435,N95,18,16,1.1x60x0.1,1.1x60x0.1,0.018625939700578832,0.00011114012935887489,0.0006157428614636193,4.7697476639721074e-05,0.2949182990774419,0.32112243970180376,0.30387101351828255,5.193550252419244e-05,4.91454094714236e-05,4.0,189.0526940927908,1.1035863212965487,2.1152349351049478,0.0082,0.008825,3,COMPLETE
1871,1871,4.0295804630175314e-05,72.4956822303465,2024-08-29 06:09:05.837975,2024-08-29 06:09:06.150076,0 days 00:00:00.312101,0.0149,N95,34,16,1.1x60x0.1,1.1x60x0.1,0.014172573517489809,0.0004295220635354436,0.0006174778751082754,2.412419716454984e-05,0.13835359585105508,0.16240675828925424,0.281851622815272,2.8318256809481255e-05,4.91454094714236e-05,8.0,65.78698807300168,1.8600638785976336,4.848630278747189,0.006900000000000001,0.01105,3,COMPLETE
1872,1872,4.343509025006009e-05,304.094307503281,2024-08-29 06:09:06.152071,2024-08-29 06:09:06.416363,0 days 00:00:00.264292,0.0149,N95,35,8,1.1x60x0.1,1.1x60x0.1,0.017984853511616647,0.0004455419742728782,0.00013953680498517306,2.409555951986295e-05,0.1381893573857453,0.4579392188297627,0.563703245630544,7.984914260068999e-05,9.82908189428472e-05,8.0,297.6460222889399,1.5996549355939647,4.848630278747189,0.005600000000000001,0.01105,3,COMPLETE
1873,1873,3.860976969128526e-05,107.92273928216483,2024-08-29 06:09:06.417361,2024-08-29 06:09:06.670160,0 days 00:00:00.252799,0.01435,N95,27,15,1.1x60x0.1,1.1x60x0.1,0.021007079858943574,0.0002532365295137124,0.000549623307057294,3.179831775981402e-05,0.19661219938496108,0.226343727788965,0.3241290810861681,3.660683213803102e-05,5.242177010285185e-05,6.0,103.38663318849402,1.363253691013384,3.172852402657422,0.0082,0.008825,3,COMPLETE
1874,1874,,,2024-08-29 06:09:06.670160,2024-08-29 06:09:06.678208,0 days 00:00:00.008048,0.0149,N95,35,23,1.1x60x0.1,1.1x60x0.1,0.010100636921742453,,,,,,,,,,,,,,,3,FAIL
1875,1875,3.8988027067946266e-05,110.35294877166265,2024-08-29 06:09:06.679205,2024-08-29 06:09:06.921560,0 days 00:00:00.242355,0.0149,N95,23,15,1.1x60x0.1,1.1x60x0.1,0.013125996746792344,0.00021037769455478772,0.0005956009548466615,3.7605450211454966e-05,0.21566932258363924,0.24413189870546476,0.3006417310029569,4.2568362768589565e-05,5.242177010285185e-05,5.0,105.90890629971146,1.4136485477342011,3.030393924216993,0.006900000000000001,0.01105,3,COMPLETE
1876,1876,4.806870417280499e-05,136.31734523127375,2024-08-29 06:09:06.922556,2024-08-29 06:09:07.202807,0 days 00:00:00.280251,0.0149,N95,22,21,1.1x60x0.1,1.1x60x0.1,0.019093001468872866,0.00018248601065503476,0.0013450770907189465,3.850162050919795e-05,0.2208089084667231,0.23776085906975064,0.2147440935735406,4.145746850256275e-05,3.744412150203703e-05,5.0,131.6872963714628,1.5996549355939647,3.030393924216993,0.0082,0.01105,3,COMPLETE
1877,1877,3.1987835924894616e-05,259.01761179676475,2024-08-29 06:09:07.204803,2024-08-29 06:09:07.453647,0 days 00:00:00.248844,0.01435,N95,23,9,1.1x60x0.1,1.1x60x0.1,0.015451926030970167,0.00017030798412258206,0.00017659980383933046,3.7605450211454966e-05,0.2325182838533611,0.4283046657741702,0.5402151351436133,6.927020756037459e-05,8.736961683808638e-05,5.0,255.33489864901622,1.03866947886734,2.644043668881184,0.006900000000000001,0.008825,3,COMPLETE
1878,1878,,,2024-08-29 06:09:07.454645,2024-08-29 06:09:07.459630,0 days 00:00:00.004985,0.0149,N95,34,23,1.1x60x0.1,1.4x200x0.071,0.011920529455851299,,,,,,,,,,,,,,,3,FAIL
1879,1879,,,2024-08-29 06:09:07.460627,2024-08-29 06:09:07.467609,0 days 00:00:00.006982,0.012,N95,23,14,1.1x60x0.1,1.1x60x0.1,0.004739113844769928,,,,,,,,,,,,,,,3,FAIL
1880,1880,,,2024-08-29 06:09:07.468607,2024-08-29 06:09:07.476585,0 days 00:00:00.007978,0.01435,N95,27,25,1.1x60x0.1,1.1x60x0.1,0.02064783607079822,,,,,,,,,,,,,,,3,FAIL
1881,1881,,,2024-08-29 06:09:07.477583,2024-08-29 06:09:07.479576,0 days 00:00:00.001993,0.01435,N95,26,16,1.1x60x0.1,1.1x60x0.1,0.006418253116990026,,,,,,,,,,,,,,,3,FAIL
1882,1882,,,2024-08-29 06:09:07.480574,2024-08-29 06:09:07.483566,0 days 00:00:00.002992,0.01435,N95,27,11,1.1x60x0.1,1.1x60x0.1,0.011815615626797976,,,,,,,,,,,,,,,3,FAIL
1883,1883,,,2024-08-29 06:09:07.483566,2024-08-29 06:09:07.486558,0 days 00:00:00.002992,0.01345,N95,23,14,1.1x60x0.1,1.4x200x0.071,0.010713313658886364,,,,,,,,,,,,,,,3,FAIL
1884,1884,,,2024-08-29 06:09:07.487556,2024-08-29 06:09:07.490548,0 days 00:00:00.002992,0.01435,N95,27,19,1.1x60x0.1,1.1x60x0.1,0.014378631307771497,,,,,,,,,,,,,,,3,FAIL
1885,1885,,,2024-08-29 06:09:07.490548,2024-08-29 06:09:07.495534,0 days 00:00:00.004986,0.01435,N95,23,7,1.1x60x0.1,1.1x60x0.1,0.010260403475002582,,,,,,,,,,,,,,,3,FAIL
1886,1886,,,2024-08-29 06:09:07.496532,2024-08-29 06:09:07.501519,0 days 00:00:00.004987,0.01345,N95,34,20,1.1x60x0.1,1.1x60x0.1,0.0030756681552398775,,,,,,,,,,,,,,,3,FAIL
1887,1887,,,2024-08-29 06:09:07.501519,2024-08-29 06:09:07.507502,0 days 00:00:00.005983,0.01435,N95,27,24,1.1x60x0.1,1.4x200x0.071,0.021079386249027506,,,,,,,,,,,,,,,3,FAIL
1888,1888,3.987163880964463e-05,77.78061392130466,2024-08-29 06:09:07.508500,2024-08-29 06:09:07.696995,0 days 00:00:00.188495,0.0149,N95,34,15,1.1x60x0.1,1.1x60x0.1,0.01383312581054598,0.00042850439102220655,0.0005263000815389215,2.412419716454984e-05,0.13835359585105508,0.17296472750428762,0.3006417310029569,3.0159210269591635e-05,5.242177010285185e-05,8.0,71.1091210415318,1.8228626010256805,4.848630278747189,0.006900000000000001,0.01105,3,COMPLETE
1889,1889,,,2024-08-29 06:09:07.697992,2024-08-29 06:09:07.705971,0 days 00:00:00.007979,0.01435,N95,37,16,1.1x60x0.1,1.1x60x0.1,0.01725307885990998,,,,,,,,,,,,,,,3,FAIL
1890,1890,,,2024-08-29 06:09:07.706969,2024-08-29 06:09:07.713950,0 days 00:00:00.006981,0.0149,N95,14,15,1.1x60x0.1,1.1x60x0.1,0.015375713650091747,,,,,,,,,,,,,,,3,FAIL
1891,1891,,,2024-08-29 06:09:07.714949,2024-08-29 06:09:07.717939,0 days 00:00:00.002990,0.01435,N95,38,8,1.1x60x0.1,1.1x60x0.1,0.0175301715379785,,,,,,,,,,,,,,,3,FAIL
1892,1892,,,2024-08-29 06:09:07.718943,2024-08-29 06:09:07.721929,0 days 00:00:00.002986,0.01435,N95,34,14,1.1x60x0.1,1.1x60x0.1,0.01564220580024034,,,,,,,,,,,,,,,3,FAIL
1893,1893,,,2024-08-29 06:09:07.721929,2024-08-29 06:09:07.726915,0 days 00:00:00.004986,0.01435,N95,19,15,1.1x60x0.1,1.1x60x0.1,0.015587080280934392,,,,,,,,,,,,,,,3,FAIL
1894,1894,,,2024-08-29 06:09:07.727912,2024-08-29 06:09:07.733896,0 days 00:00:00.005984,0.01435,N95,35,14,1.1x60x0.1,1.1x60x0.1,0.010057706062967077,,,,,,,,,,,,,,,3,FAIL
1895,1895,3.987342018898542e-05,124.80706524068022,2024-08-29 06:09:07.733896,2024-08-29 06:09:08.015146,0 days 00:00:00.281250,0.01435,N95,26,15,1.1x60x0.1,1.1x60x0.1,0.022315235278814433,0.0002176782657995775,0.0005082272858830169,3.217217402876327e-05,0.19892379032656934,0.2264526379304322,0.3241290810861681,3.662444630081682e-05,5.242177010285185e-05,6.0,120.303417568224,1.3307952697987795,3.172852402657422,0.0082,0.008825,3,COMPLETE
1896,1896,,,2024-08-29 06:09:08.017140,2024-08-29 06:09:08.024168,0 days 00:00:00.007028,0.0149,N95,22,15,1.1x60x0.1,1.1x60x0.1,0.006052713875240227,,,,,,,,,,,,,,,3,FAIL
1897,1897,3.7829778624288566e-05,163.87489004714664,2024-08-29 06:09:08.025215,2024-08-29 06:09:08.285570,0 days 00:00:00.260355,0.01435,N95,27,11,1.1x60x0.1,1.1x60x0.1,0.021499618030218298,0.00023863930222976204,0.0002666294146641128,3.179831775981402e-05,0.19661219938496108,0.3229283493961929,0.4419942014811383,5.222757438182565e-05,7.148423195843433e-05,6.0,159.46861763833425,1.2334200061549663,3.172852402657422,0.006900000000000001,0.008825,3,COMPLETE
1898,1898,4.64325838252176e-05,130.23770013388057,2024-08-29 06:09:08.287564,2024-08-29 06:09:08.517020,0 days 00:00:00.229456,0.0149,N95,23,14,1.4x200x0.071,1.1x60x0.1,0.01818366141036029,0.00020354038247452988,0.0005113822438611532,3.7605450211454966e-05,0.21566932258363924,0.24629828980264262,0.32211614036031083,4.29461082521266e-05,5.616618225305554e-05,5.0,126.39651203777126,0.8107941718923286,3.030393924216993,0.0078000000000000005,0.01105,3,COMPLETE
1899,1899,,,2024-08-29 06:09:08.518009,2024-08-29 06:09:08.527981,0 days 00:00:00.009972,0.01435,N95,5,14,1.1x60x0.1,1.4x200x0.071,0.01730797677159339,,,,,,,,,,,,,,,3,FAIL
1900,1900,4.4133056990006904e-05,62.388047277253555,2024-08-29 06:09:08.529976,2024-08-29 06:09:08.779310,0 days 00:00:00.249334,0.0149,N95,34,23,1.1x60x0.1,1.1x60x0.1,0.01594341621971412,0.0004363922086095075,0.0016677865198760882,2.412419716454984e-05,0.13835359585105508,0.15375296776520136,0.19607069413236314,2.680932783991756e-05,3.418811093664251e-05,8.0,55.418944176905065,2.120472821601302,4.848630278747189,0.0082,0.01105,3,COMPLETE
1901,1901,,,2024-08-29 06:09:08.780309,2024-08-29 06:09:08.786293,0 days 00:00:00.005984,0.0149,N95,31,21,1.4x200x0.071,1.4x200x0.071,0.005792071281225175,,,,,,,,,,,,,,,3,FAIL
1902,1902,,,2024-08-29 06:09:08.787290,2024-08-29 06:09:08.791277,0 days 00:00:00.003987,0.012,N95,23,9,1.1x60x0.1,1.1x60x0.1,0.011876453870879326,,,,,,,,,,,,,,,3,FAIL
1903,1903,,,2024-08-29 06:09:08.791277,2024-08-29 06:09:08.796326,0 days 00:00:00.005049,0.01345,N95,24,21,1.1x60x0.1,1.1x60x0.1,0.006859652691413289,,,,,,,,,,,,,,,3,FAIL
1904,1904,,,2024-08-29 06:09:08.797323,2024-08-29 06:09:08.802401,0 days 00:00:00.005078,0.0149,N95,34,17,1.1x60x0.1,1.1x60x0.1,0.010561576447852987,,,,,,,,,,,,,,,3,FAIL
1905,1905,,,2024-08-29 06:09:08.803402,2024-08-29 06:09:08.809450,0 days 00:00:00.006048,0.01345,N95,27,15,1.1x60x0.1,1.1x60x0.1,0.009547996279176362,,,,,,,,,,,,,,,3,FAIL
1906,1906,,,2024-08-29 06:09:08.809450,2024-08-29 06:09:08.814505,0 days 00:00:00.005055,0.012,N95,26,9,1.1x60x0.1,1.4x200x0.071,0.0147274583206129,,,,,,,,,,,,,,,3,FAIL
1907,1907,,,2024-08-29 06:09:08.815503,2024-08-29 06:09:08.820557,0 days 00:00:00.005054,0.01435,N95,26,1,1.1x60x0.1,1.1x60x0.1,0.010178562052289335,,,,,,,,,,,,,,,3,FAIL
1908,1908,,,2024-08-29 06:09:08.821554,2024-08-29 06:09:08.827616,0 days 00:00:00.006062,0.01435,N95,23,16,1.1x60x0.1,1.1x60x0.1,0.008769442686665702,,,,,,,,,,,,,,,3,FAIL
1909,1909,3.957528879771713e-05,69.04929381805914,2024-08-29 06:09:08.828612,2024-08-29 06:09:09.070057,0 days 00:00:00.241445,0.0149,N95,30,23,1.1x60x0.1,1.1x60x0.1,0.012295965419178972,0.00033583989500095583,0.0016880259260247717,2.758481266046025e-05,0.15820041580743732,0.17336995805049618,0.19607069413236314,3.0229868798802233e-05,3.418811093664251e-05,7.0,62.835074612841865,1.9716677113134913,4.2425514939037905,0.0082,0.01105,3,COMPLETE
1910,1910,,,2024-08-29 06:09:09.070057,2024-08-29 06:09:09.076107,0 days 00:00:00.006050,0.012,N95,25,15,1.1x60x0.1,1.4x200x0.071,0.009782374735551465,,,,,,,,,,,,,,,3,FAIL
1911,1911,,,2024-08-29 06:09:09.077105,2024-08-29 06:09:09.084085,0 days 00:00:00.006980,0.0149,N95,38,21,1.1x60x0.1,1.4x200x0.071,0.01707974419082367,,,,,,,,,,,,,,,3,FAIL
1912,1912,,,2024-08-29 06:09:09.085083,2024-08-29 06:09:09.090072,0 days 00:00:00.004989,0.0149,N95,38,16,1.1x60x0.1,1.1x60x0.1,0.009785952765422323,,,,,,,,,,,,,,,3,FAIL
1913,1913,3.945247569664041e-05,133.2276447937335,2024-08-29 06:09:09.092065,2024-08-29 06:09:09.350382,0 days 00:00:00.258317,0.01435,N95,22,23,1.1x60x0.1,1.1x60x0.1,0.019279465404052294,0.00017170727161090502,0.0017378557254499054,3.850162050919795e-05,0.23805939500878825,0.25439752132440074,0.2113885311431531,4.114400452101916e-05,3.418811093664251e-05,5.0,129.1229721701951,1.460628954657197,2.644043668881184,0.0108,0.008825,3,COMPLETE
1914,1914,,,2024-08-29 06:09:09.351371,2024-08-29 06:09:09.358352,0 days 00:00:00.006981,0.0149,N95,20,21,1.1x60x0.1,1.4x200x0.071,0.006089031941678778,,,,,,,,,,,,,,,3,FAIL
1915,1915,,,2024-08-29 06:09:09.359350,2024-08-29 06:09:09.367328,0 days 00:00:00.007978,0.0149,N95,34,25,1.1x60x0.1,1.4x200x0.071,0.016079054739055087,,,,,,,,,,,,,,,3,FAIL
1916,1916,4.084399961523683e-05,58.889134995544396,2024-08-29 06:09:09.368325,2024-08-29 06:09:09.625637,0 days 00:00:00.257312,0.0149,N95,34,23,1.1x60x0.1,1.1x60x0.1,0.013311278197665193,0.00043563650055857786,0.0016677865198760882,2.412419716454984e-05,0.13835359585105508,0.15375296776520136,0.19607069413236314,2.680932783991756e-05,3.418811093664251e-05,8.0,51.920031895195905,2.120472821601302,4.848630278747189,0.0082,0.01105,3,COMPLETE
1917,1917,,,2024-08-29 06:09:09.626634,2024-08-29 06:09:09.634674,0 days 00:00:00.008040,0.0149,N95,11,17,1.1x60x0.1,1.1x60x0.1,0.011857172698886916,,,,,,,,,,,,,,,3,FAIL
1918,1918,,,2024-08-29 06:09:09.635736,2024-08-29 06:09:09.641780,0 days 00:00:00.006044,0.0149,N95,34,16,1.4x200x0.071,1.1x60x0.1,0.0059027711207370265,,,,,,,,,,,,,,,3,FAIL
1919,1919,,,2024-08-29 06:09:09.642778,2024-08-29 06:09:09.648817,0 days 00:00:00.006039,0.01435,N95,22,15,1.1x60x0.1,1.1x60x0.1,0.01029826382189522,,,,,,,,,,,,,,,3,FAIL
1920,1920,4.120288161025127e-05,76.61330486215377,2024-08-29 06:09:09.649815,2024-08-29 06:09:09.906994,0 days 00:00:00.257179,0.01435,N95,38,16,1.1x60x0.1,1.1x60x0.1,0.02369151943879646,0.0005145704088540136,0.0005698706707306949,2.142358842386681e-05,0.13246420362708144,0.1768733510466495,0.30387101351828255,2.860593105320146e-05,4.91454094714236e-05,9.0,70.101271512579,1.7527547455886363,4.759278603986133,0.0082,0.008825,3,COMPLETE
1921,1921,,,2024-08-29 06:09:09.908989,2024-08-29 06:09:09.919042,0 days 00:00:00.010053,0.01435,N95,19,19,1.1x60x0.1,1.1x60x0.1,0.02437026086327103,,,,,,,,,,,,,,,3,FAIL
1922,1922,4.623230133689215e-05,96.52024688163525,2024-08-29 06:09:09.920040,2024-08-29 06:09:10.202285,0 days 00:00:00.282245,0.0149,N95,27,16,1.1x60x0.1,1.4x200x0.071,0.018923381095180675,0.0002797996578168114,0.000685148416101172,3.179831775981402e-05,0.1823650989948635,0.20804660086966464,0.281851622815272,3.627630483993612e-05,4.91454094714236e-05,6.0,92.77853322525634,1.5996549355939647,2.1420587207849424,0.006900000000000001,0.01105,3,COMPLETE
1923,1923,3.690999556069482e-05,112.2892942215356,2024-08-29 06:09:10.203282,2024-08-29 06:09:10.481537,0 days 00:00:00.278255,0.01435,N95,26,16,1.1x60x0.1,1.1x60x0.1,0.019247440824625896,0.0002210467289359391,0.0005972485394463697,3.217217402876327e-05,0.19892379032656934,0.2244089543769162,0.30387101351828255,3.629391900272192e-05,4.91454094714236e-05,6.0,107.75318812786479,1.363253691013384,3.172852402657422,0.0082,0.008825,3,COMPLETE
1924,1924,4.1180146904927203e-05,53.8059916500459,2024-08-29 06:09:10.482535,2024-08-29 06:09:10.675020,0 days 00:00:00.192485,0.0149,N95,35,23,1.1x60x0.1,1.1x60x0.1,0.013580287205835678,0.0004932453030991606,0.0017697858501201714,2.409555951986295e-05,0.1381893573857453,0.1547571445806274,0.19607069413236314,2.6984422381800567e-05,3.418811093664251e-05,8.0,46.79968727212545,2.1576740991732546,4.848630278747189,0.0082,0.01105,3,COMPLETE
1925,1925,,,2024-08-29 06:09:10.676017,2024-08-29 06:09:10.679075,0 days 00:00:00.003058,0.01435,N95,27,11,1.1x60x0.1,1.1x60x0.1,0.01082653319035437,,,,,,,,,,,,,,,3,FAIL
1926,1926,4.649609309997357e-05,82.83574962195144,2024-08-29 06:09:10.679075,2024-08-29 06:09:10.963875,0 days 00:00:00.284800,0.0149,N95,34,15,1.1x60x0.1,1.4x200x0.071,0.019134486056388126,0.00042917359776871114,0.0005263000815389215,2.412419716454984e-05,0.13835359585105508,0.17296472750428762,0.3006417310029569,3.0159210269591635e-05,5.242177010285185e-05,8.0,78.15680872654583,1.8228626010256805,2.8560782943799237,0.006900000000000001,0.01105,3,COMPLETE
1927,1927,,,2024-08-29 06:09:10.965870,2024-08-29 06:09:10.973915,0 days 00:00:00.008045,0.01345,N95,34,23,1.1x60x0.1,1.1x60x0.1,0.00880206595095869,,,,,,,,,,,,,,,3,FAIL
1928,1928,,,2024-08-29 06:09:10.974913,2024-08-29 06:09:10.983889,0 days 00:00:00.008976,0.01435,N95,34,18,1.1x60x0.1,1.1x60x0.1,0.006622536667822246,,,,,,,,,,,,,,,3,FAIL
1929,1929,,,2024-08-29 06:09:10.984886,2024-08-29 06:09:10.992864,0 days 00:00:00.007978,0.0149,N95,22,23,1.1x60x0.1,1.1x60x0.1,0.00830891970744951,,,,,,,,,,,,,,,3,FAIL
1930,1930,,,2024-08-29 06:09:10.993863,2024-08-29 06:09:11.000843,0 days 00:00:00.006980,0.0149,N95,27,15,1.1x60x0.1,1.4x200x0.071,0.006646173176633285,,,,,,,,,,,,,,,3,FAIL
1931,1931,3.7845974977626216e-05,191.7476171526004,2024-08-29 06:09:11.001842,2024-08-29 06:09:11.255162,0 days 00:00:00.253320,0.01435,N95,18,17,1.1x60x0.1,1.1x60x0.1,0.01891638480824699,0.000113111611900219,0.000731106849708742,4.7697476639721074e-05,0.2949182990774419,0.3193191895075249,0.2859962480172071,5.164386079057929e-05,4.625450303192809e-05,4.0,188.4963374749843,1.1360447425111533,2.1152349351049478,0.009500000000000001,0.008825,3,COMPLETE
1932,1932,4.115953214838714e-05,73.41453095417482,2024-08-29 06:09:11.257157,2024-08-29 06:09:11.513470,0 days 00:00:00.256313,0.0149,N95,34,16,1.1x60x0.1,1.1x60x0.1,0.014863789809067652,0.0004297025196790388,0.0006174778751082754,2.412419716454984e-05,0.13835359585105508,0.16240675828925424,0.281851622815272,2.8318256809481255e-05,4.91454094714236e-05,8.0,66.70583679683,1.8600638785976336,4.848630278747189,0.006900000000000001,0.01105,3,COMPLETE
1933,1933,3.669315619997182e-05,325.0300501641308,2024-08-29 06:09:11.514469,2024-08-29 06:09:11.729892,0 days 00:00:00.215423,0.01435,N95,27,8,1.1x60x0.1,1.1x60x0.1,0.021622964527194456,0.00022790496140501286,0.00013527738600034513,3.179831775981402e-05,0.19661219938496108,0.4884653874292726,0.6077420270365651,7.90000704571476e-05,9.82908189428472e-05,6.0,320.7211530189622,1.1360447425111533,3.172852402657422,0.005600000000000001,0.008825,3,COMPLETE
1934,1934,,,2024-08-29 06:09:11.730889,2024-08-29 06:09:11.734939,0 days 00:00:00.004050,0.0149,N95,23,15,1.1x60x0.1,1.1x60x0.1,0.00620127305421282,,,,,,,,,,,,,,,3,FAIL
1935,1935,4.436067947229067e-05,76.82016501477749,2024-08-29 06:09:11.735937,2024-08-29 06:09:11.998961,0 days 00:00:00.263024,0.0149,N95,34,16,1.1x60x0.1,1.1x60x0.1,0.01742557594574631,0.0004300757266225102,0.0006174778751082754,2.412419716454984e-05,0.13835359585105508,0.16240675828925424,0.281851622815272,2.8318256809481255e-05,4.91454094714236e-05,8.0,70.11147085743266,1.8600638785976336,4.848630278747189,0.006900000000000001,0.01105,3,COMPLETE
1936,1936,4.311320945488605e-05,73.48904044974002,2024-08-29 06:09:12.001016,2024-08-29 06:09:12.299219,0 days 00:00:00.298203,0.0149,N95,38,15,1.1x60x0.1,1.1x60x0.1,0.016427261568695867,0.000555024768425396,0.0005178159255617552,2.142358842386681e-05,0.12286545638213449,0.1828227980040622,0.3006417310029569,3.187812501796303e-05,5.242177010285185e-05,9.0,66.06266367483595,1.9716677113134913,5.454709063590586,0.006900000000000001,0.01105,3,COMPLETE
1937,1937,4.254115782723807e-05,116.88093891360245,2024-08-29 06:09:12.301214,2024-08-29 06:09:12.507661,0 days 00:00:00.206447,0.01435,N95,23,21,1.1x60x0.1,1.4x200x0.071,0.02247692884568686,0.0002119221251567128,0.0014156377304357555,3.7605450211454966e-05,0.2325182838533611,0.2538619183511389,0.23152077220440578,4.105738083444143e-05,3.744412150203703e-05,5.0,113.95947385926834,1.4281705334425925,1.493294520891507,0.0108,0.008825,3,COMPLETE
1938,1938,,,2024-08-29 06:09:12.508659,2024-08-29 06:09:12.514643,0 days 00:00:00.005984,0.01435,N95,22,21,1.1x60x0.1,1.1x60x0.1,0.009823730745893945,,,,,,,,,,,,,,,3,FAIL
