,number,values_0,values_1,datetime_start,datetime_complete,duration,params_core_inner_diameter,params_material,params_n_p_bot,params_n_p_top,params_primary_litz_wire,params_secondary_litz_wire,params_window_h_bot,user_attrs_air_gap_bot,user_attrs_air_gap_top,user_attrs_flux_bot_max,user_attrs_flux_density_bot_max,user_attrs_flux_density_mid_max,user_attrs_flux_density_top_max,user_attrs_flux_mid_max,user_attrs_flux_top_max,user_attrs_n_s_bot,user_attrs_p_hyst,user_attrs_primary_litz_wire_loss,user_attrs_secondary_litz_wire_loss,user_attrs_window_h_top,user_attrs_window_w,system_attrs_nsga2:generation,state
2885,2885,3.655655910904133e-05,142.62232952213859,2024-08-29 06:10:37.883382,2024-08-29 06:10:38.125227,0 days 00:00:00.241845,0.01435,N95,22,16,1.1x60x0.1,1.1x60x0.1,0.01888155657842657,0.0001588075247496603,0.0006064714471951399,3.850162050919795e-05,0.23805939500878825,0.2635712763586992,0.30387101351828255,4.2627686502828214e-05,4.91454094714236e-05,5.0,138.74486584710243,1.2334200061549663,2.644043668881184,0.0082,0.008825,10,COMPLETE
2886,2886,,,2024-08-29 06:10:38.127222,2024-08-29 06:10:38.138256,0 days 00:00:00.011034,0.01435,N95,34,18,1.1x60x0.1,1.4x200x0.071,0.020452928051676256,,,,,,,,,,,,,,,10,FAIL
2887,2887,3.0384033717820585e-05,168.36436542823608,2024-08-29 06:10:38.140250,2024-08-29 06:10:38.389584,0 days 00:00:00.249334,0.01435,N95,18,15,1.1x60x0.1,1.1x60x0.1,0.0124916389868839,0.00011305417721530549,0.0005246583744754121,4.7697476639721074e-05,0.2949182990774419,0.32316612325531974,0.3241290810861681,5.2266029822287344e-05,5.242177010285185e-05,4.0,165.1780025930492,1.0711279000819447,2.1152349351049478,0.0082,0.008825,10,COMPLETE
2888,2888,3.75571010853536e-05,75.87805550981406,2024-08-29 06:10:38.391579,2024-08-29 06:10:38.622960,0 days 00:00:00.231381,0.01435,N95,34,17,1.1x60x0.1,1.1x60x0.1,0.01861733697142552,0.0003974018906655124,0.0006881721063256466,2.412419716454984e-05,0.14916233930188658,0.17329138204744968,0.2859962480172071,2.8026615075868105e-05,4.625450303192809e-05,8.0,69.99220615765934,1.655379481944823,4.2304698702098955,0.009500000000000001,0.008825,10,COMPLETE
2889,2889,,,2024-08-29 06:10:38.624955,2024-08-29 06:10:38.634067,0 days 00:00:00.009112,0.01435,N95,7,21,1.1x60x0.1,1.1x60x0.1,0.008484825578560815,,,,,,,,,,,,,,,10,FAIL
2890,2890,3.266930572841803e-05,95.5200070924908,2024-08-29 06:10:38.635068,2024-08-29 06:10:38.869850,0 days 00:00:00.234782,0.01435,N95,23,20,1.1x60x0.1,1.1x60x0.1,0.013557396743465384,0.00021303794305890653,0.0011957098788199375,3.7605450211454966e-05,0.2325182838533611,0.25502973752457664,0.24309681081462603,4.124625357620995e-05,3.931632757713888e-05,5.0,91.48025131138164,1.395712112227988,2.644043668881184,0.009500000000000001,0.008825,10,COMPLETE
2891,2891,4.577700727301798e-05,140.4192629409773,2024-08-29 06:10:38.871841,2024-08-29 06:10:39.138192,0 days 00:00:00.266351,0.01435,N95,22,23,1.4x200x0.071,1.1x60x0.1,0.020826742736542864,0.0001707147056572894,0.00199116794507742,3.850162050919795e-05,0.23805939500878825,0.25439752132440074,0.2113885311431531,4.114400452101916e-05,3.418811093664251e-05,5.0,136.95028992591477,0.8249293461813455,2.644043668881184,0.0158,0.008825,10,COMPLETE
2892,2892,,,2024-08-29 06:10:39.140188,2024-08-29 06:10:39.148167,0 days 00:00:00.007979,0.01435,N95,18,18,1.1x60x0.1,1.1x60x0.1,0.0063574326434957355,,,,,,,,,,,,,,,10,FAIL
2893,2893,4.009729182681491e-05,59.98937442040187,2024-08-29 06:10:39.149164,2024-08-29 06:10:39.426422,0 days 00:00:00.277258,0.0149,N95,34,21,1.1x60x0.1,1.1x60x0.1,0.012713709430290675,0.0004335570061946514,0.0012941356890876715,2.412419716454984e-05,0.13835359585105508,0.15563678611057344,0.2147440935735406,2.7137802173428026e-05,3.744412150203703e-05,8.0,53.09467387519729,2.0460702664573964,4.848630278747189,0.0082,0.01105,10,COMPLETE
2894,2894,,,2024-08-29 06:10:39.428417,2024-08-29 06:10:39.436441,0 days 00:00:00.008024,0.01435,N95,39,23,1.1x60x0.1,1.1x60x0.1,0.006480125426660508,,,,,,,,,,,,,,,10,FAIL
2895,2895,,,2024-08-29 06:10:39.438486,2024-08-29 06:10:39.448527,0 days 00:00:00.010041,0.01435,N95,12,16,1.1x60x0.1,1.1x60x0.1,0.02226177706020835,,,,,,,,,,,,,,,10,FAIL
2896,2896,4.1048333063026754e-05,66.32327476880164,2024-08-29 06:10:39.449583,2024-08-29 06:10:39.751840,0 days 00:00:00.302257,0.0149,N95,38,16,1.1x60x0.1,1.1x60x0.1,0.01477480037919655,0.0005541103297676207,0.0006079882762987264,2.142358842386681e-05,0.12286545638213449,0.1640565858785806,0.281851622815272,2.860593105320146e-05,4.91454094714236e-05,9.0,58.8596967163256,2.008868988885444,5.454709063590586,0.006900000000000001,0.01105,10,COMPLETE
2897,2897,3.695544266166284e-05,114.29686811272515,2024-08-29 06:10:39.753832,2024-08-29 06:10:40.028162,0 days 00:00:00.274330,0.01435,N95,23,17,1.1x60x0.1,1.1x60x0.1,0.017994488541978867,0.0001991432549672193,0.000775060706009103,3.7605450211454966e-05,0.2325182838533611,0.2593575379908458,0.2859962480172071,4.194619373688151e-05,4.625450303192809e-05,5.0,110.3544875952598,1.2983368485841749,2.644043668881184,0.009500000000000001,0.008825,10,COMPLETE
2898,2898,,,2024-08-29 06:10:40.030157,2024-08-29 06:10:40.044119,0 days 00:00:00.013962,0.01345,N95,35,18,1.4x200x0.071,1.1x60x0.1,0.009834478376536407,,,,,,,,,,,,,,,10,FAIL
2899,2899,,,2024-08-29 06:10:40.046114,2024-08-29 06:10:40.058085,0 days 00:00:00.011971,0.01435,N95,18,16,1.1x60x0.1,1.1x60x0.1,0.006381072551766485,,,,,,,,,,,,,,,10,FAIL
2900,2900,,,2024-08-29 06:10:40.060077,2024-08-29 06:10:40.071048,0 days 00:00:00.010971,0.0149,N95,34,16,1.1x60x0.1,1.1x60x0.1,0.008714433447430715,,,,,,,,,,,,,,,10,FAIL
2901,2901,,,2024-08-29 06:10:40.073043,2024-08-29 06:10:40.084015,0 days 00:00:00.010972,0.01435,N95,9,21,1.1x60x0.1,1.1x60x0.1,0.0068260697878880765,,,,,,,,,,,,,,,10,FAIL
2902,2902,4.011278543859592e-05,144.70282645074434,2024-08-29 06:10:40.086008,2024-08-29 06:10:40.335351,0 days 00:00:00.249343,0.0149,N95,23,12,1.1x60x0.1,1.1x60x0.1,0.015326108522194785,0.00019695890448456332,0.00035307474331307373,3.7605450211454966e-05,0.21566932258363924,0.27216036444917086,0.37580216375369596,4.745558112863077e-05,6.552721262856479e-05,5.0,140.370387811509,1.3020447150183432,3.030393924216993,0.005600000000000001,0.01105,10,COMPLETE
2903,2903,,,2024-08-29 06:10:40.337336,2024-08-29 06:10:40.344317,0 days 00:00:00.006981,0.012,N95,31,12,1.1x60x0.1,1.4x200x0.071,0.00426061111873205,,,,,,,,,,,,,,,10,FAIL
2904,2904,,,2024-08-29 06:10:40.345315,2024-08-29 06:10:40.356284,0 days 00:00:00.010969,0.01435,N95,9,2,1.1x60x0.1,1.1x60x0.1,0.01352397476542649,,,,,,,,,,,,,,,10,FAIL
2905,2905,3.46733409594713e-05,96.98032310594843,2024-08-29 06:10:40.357282,2024-08-29 06:10:40.711054,0 days 00:00:00.353772,0.01435,N95,23,21,1.1x60x0.1,1.1x60x0.1,0.014332012749936932,0.000216501446955473,0.0014156377304357555,3.7605450211454966e-05,0.2325182838533611,0.2538619183511389,0.23152077220440578,4.105738083444143e-05,3.744412150203703e-05,5.0,92.90810890362465,1.4281705334425925,2.644043668881184,0.0108,0.008825,10,COMPLETE
2906,2906,3.9972182465825424e-05,66.9843985619374,2024-08-29 06:10:40.712052,2024-08-29 06:10:40.978407,0 days 00:00:00.266355,0.01435,N95,34,23,1.1x60x0.1,1.1x60x0.1,0.019817475896740176,0.0004024553788033501,0.0016709731681355863,2.412419716454984e-05,0.14916233930188658,0.16576477254089456,0.2113885311431531,2.680932783991756e-05,3.418811093664251e-05,8.0,60.90379868249505,1.8501300092324493,4.2304698702098955,0.0108,0.008825,10,COMPLETE
2907,2907,3.8408587852476755e-05,74.26466466290027,2024-08-29 06:10:40.980402,2024-08-29 06:10:41.262647,0 days 00:00:00.282245,0.0149,N95,27,21,1.1x60x0.1,1.1x60x0.1,0.011362288207621571,0.00030149420030082993,0.001414103327198138,3.179831775981402e-05,0.1823650989948635,0.20127662869098384,0.2147440935735406,3.509585020388289e-05,3.744412150203703e-05,6.0,68.84253063038616,1.7856613234537282,3.6364727090603917,0.0082,0.01105,10,COMPLETE
2908,2908,3.0271386835360143e-05,133.12168260625222,2024-08-29 06:10:41.264642,2024-08-29 06:10:41.510983,0 days 00:00:00.246341,0.01435,N95,26,12,1.1x60x0.1,1.1x60x0.1,0.013675024756849266,0.0002177702322506566,0.00029565163374893665,3.217217402876327e-05,0.19892379032656934,0.24285573640879518,0.40516135135771003,3.927733833545221e-05,6.552721262856479e-05,6.0,128.71541019743984,1.2334200061549663,3.172852402657422,0.006900000000000001,0.008825,10,COMPLETE
2909,2909,4.2809083846334304e-05,136.3921551497518,2024-08-29 06:10:41.511982,2024-08-29 06:10:41.819101,0 days 00:00:00.307119,0.01435,N95,26,14,1.4x200x0.071,1.4x200x0.071,0.02255429103930215,0.00021596726420239492,0.0004366004686585624,3.217217402876327e-05,0.19892379032656934,0.22878827627730763,0.3472811583066086,3.7002191784353856e-05,5.616618225305554e-05,6.0,133.86693119474302,0.7332705299389738,1.7919534250698081,0.011,0.008825,10,COMPLETE
2910,2910,3.962164366863984e-05,224.67684571045248,2024-08-29 06:10:41.820099,2024-08-29 06:10:42.022618,0 days 00:00:00.202519,0.01435,N95,23,10,1.1x60x0.1,1.1x60x0.1,0.023354591358453747,0.00016905393200962622,0.00022091928676453533,3.7605450211454966e-05,0.2325182838533611,0.3743518533782035,0.48619362162925206,6.054435698767706e-05,7.863265515427775e-05,5.0,220.96167414148937,1.0711279000819447,2.644043668881184,0.006900000000000001,0.008825,10,COMPLETE
2911,2911,3.455850966330673e-05,160.13812311145475,2024-08-29 06:10:42.024614,2024-08-29 06:10:42.284917,0 days 00:00:00.260303,0.0149,N95,18,15,1.1x60x0.1,1.1x60x0.1,0.009581181363055153,0.00012434962427752155,0.0005606339820260741,4.7697476639721074e-05,0.27354764849229546,0.2997485519392981,0.3006417310029569,5.2266029822287344e-05,5.242177010285185e-05,4.0,156.4861658122067,1.227642159874438,2.4243151393735944,0.006900000000000001,0.01105,10,COMPLETE
2912,2912,,,2024-08-29 06:10:42.286912,2024-08-29 06:10:42.292896,0 days 00:00:00.005984,0.01345,N95,35,17,1.1x60x0.1,1.1x60x0.1,0.006706394949740978,,,,,,,,,,,,,,,10,FAIL
2913,2913,,,2024-08-29 06:10:42.294890,2024-08-29 06:10:42.303873,0 days 00:00:00.008983,0.01435,N95,35,0,1.1x60x0.1,1.1x60x0.1,0.023551555110861815,,,,,,,,,,,,,,,10,FAIL
2914,2914,4.860454950192909e-05,52.79231855195281,2024-08-29 06:10:42.304864,2024-08-29 06:10:42.603498,0 days 00:00:00.298634,0.0149,N95,39,23,1.1x60x0.1,1.1x60x0.1,0.019521823074583985,0.0006225379565583474,0.0017492273494246924,2.144811601917549e-05,0.1230061234885003,0.13958924989994373,0.19607069413236314,2.4339653522725416e-05,3.418811093664251e-05,9.0,45.03113027890116,2.3064792094610653,5.454709063590586,0.0082,0.01105,10,COMPLETE
2915,2915,3.944531752189597e-05,131.99065596444723,2024-08-29 06:10:42.604496,2024-08-29 06:10:42.834943,0 days 00:00:00.230447,0.01435,N95,23,15,1.1x60x0.1,1.1x60x0.1,0.02187205512319903,0.0001890903669288654,0.000558029934821185,3.7605450211454966e-05,0.2325182838533611,0.26320447173864064,0.3241290810861681,4.2568362768589565e-05,5.242177010285185e-05,5.0,128.11319228941107,1.2334200061549663,2.644043668881184,0.0082,0.008825,10,COMPLETE
2916,2916,3.851646639111819e-05,71.56494737303692,2024-08-29 06:10:42.835941,2024-08-29 06:10:43.062336,0 days 00:00:00.226395,0.01435,N95,31,21,1.1x60x0.1,1.1x60x0.1,0.018310490479184274,0.000354371579633645,0.0013785224971616305,2.7446998889213458e-05,0.16970755682379857,0.18971446107326884,0.23152077220440578,3.068273858748719e-05,3.744412150203703e-05,7.0,66.17544833344382,1.6878379031594277,3.7016611364336582,0.0108,0.008825,10,COMPLETE
2917,2917,,,2024-08-29 06:10:43.064329,2024-08-29 06:10:43.072309,0 days 00:00:00.007980,0.01435,N95,34,17,1.1x60x0.1,1.1x60x0.1,0.010186460813237735,,,,,,,,,,,,,,,10,FAIL
2918,2918,,,2024-08-29 06:10:43.074303,2024-08-29 06:10:43.078293,0 days 00:00:00.003990,0.01435,N95,39,1,1.1x60x0.1,1.1x60x0.1,0.006897413393262437,,,,,,,,,,,,,,,10,FAIL
2919,2919,,,2024-08-29 06:10:43.079290,2024-08-29 06:10:43.086271,0 days 00:00:00.006981,0.01435,N95,39,23,1.1x60x0.1,1.1x60x0.1,0.0158257756117319,,,,,,,,,,,,,,,10,FAIL
2920,2920,4.20565428584607e-05,98.97928968964608,2024-08-29 06:10:43.087270,2024-08-29 06:10:43.345578,0 days 00:00:00.258308,0.0149,N95,23,21,1.1x60x0.1,1.1x60x0.1,0.01428164168185074,0.0002346144994104312,0.001431553675467792,3.7605450211454966e-05,0.21566932258363924,0.23546633431675332,0.2147440935735406,4.105738083444143e-05,3.744412150203703e-05,5.0,94.31203955226317,1.6368562131659172,3.030393924216993,0.0082,0.01105,10,COMPLETE
2921,2921,,,2024-08-29 06:10:43.347572,2024-08-29 06:10:43.359540,0 days 00:00:00.011968,0.01435,N95,7,21,1.4x200x0.071,1.1x60x0.1,0.017800003252338478,,,,,,,,,,,,,,,10,FAIL
2922,2922,,,2024-08-29 06:10:43.361535,2024-08-29 06:10:43.371509,0 days 00:00:00.009974,0.01435,N95,31,21,1.1x60x0.1,1.1x60x0.1,0.0074796777663613135,,,,,,,,,,,,,,,10,FAIL
2923,2923,,,2024-08-29 06:10:43.373504,2024-08-29 06:10:43.384476,0 days 00:00:00.010972,0.01435,N95,23,16,1.1x60x0.1,1.1x60x0.1,0.006402985723444003,,,,,,,,,,,,,,,10,FAIL
2924,2924,,,2024-08-29 06:10:43.385472,2024-08-29 06:10:43.394447,0 days 00:00:00.008975,0.0149,N95,34,17,1.4x200x0.071,1.1x60x0.1,0.007492705536110195,,,,,,,,,,,,,,,10,FAIL
2925,2925,,,2024-08-29 06:10:43.396442,2024-08-29 06:10:43.404421,0 days 00:00:00.007979,0.01435,N95,23,10,1.4x200x0.071,1.1x60x0.1,0.01419452494888701,,,,,,,,,,,,,,,10,FAIL
2926,2926,,,2024-08-29 06:10:43.405418,2024-08-29 06:10:43.409407,0 days 00:00:00.003989,0.01435,N95,23,17,1.1x60x0.1,1.1x60x0.1,0.009302002741206798,,,,,,,,,,,,,,,10,FAIL
2927,2927,,,2024-08-29 06:10:43.409407,2024-08-29 06:10:43.415391,0 days 00:00:00.005984,0.0149,N95,23,3,1.4x200x0.071,1.1x60x0.1,0.018079539318420233,,,,,,,,,,,,,,,10,FAIL
2928,2928,,,2024-08-29 06:10:43.417386,2024-08-29 06:10:43.425364,0 days 00:00:00.007978,0.01345,N95,18,18,1.1x60x0.1,1.1x60x0.1,0.010934901383332498,,,,,,,,,,,,,,,10,FAIL
2929,2929,,,2024-08-29 06:10:43.427359,2024-08-29 06:10:43.435337,0 days 00:00:00.007978,0.01435,N95,38,16,1.1x60x0.1,1.1x60x0.1,0.007031478184536588,,,,,,,,,,,,,,,10,FAIL
2930,2930,,,2024-08-29 06:10:43.436335,2024-08-29 06:10:43.442319,0 days 00:00:00.005984,0.012,N95,35,4,1.1x60x0.1,1.1x60x0.1,0.006321614554387653,,,,,,,,,,,,,,,10,FAIL
2931,2931,3.0350808629791354e-05,163.44333245612253,2024-08-29 06:10:43.443316,2024-08-29 06:10:43.674697,0 days 00:00:00.231381,0.01435,N95,18,16,1.1x60x0.1,1.1x60x0.1,0.012457243733560112,0.0001152311186242461,0.0006157428614636193,4.7697476639721074e-05,0.2949182990774419,0.32112243970180376,0.30387101351828255,5.193550252419244e-05,4.91454094714236e-05,4.0,160.22451119972104,1.1035863212965487,2.1152349351049478,0.0082,0.008825,10,COMPLETE
2932,2932,4.168610801278421e-05,115.74383456684899,2024-08-29 06:10:43.675700,2024-08-29 06:10:43.941106,0 days 00:00:00.265406,0.01435,N95,23,21,1.1x60x0.1,1.1x60x0.1,0.021591764750810056,0.00021246372954863223,0.0014156377304357555,3.7605450211454966e-05,0.2325182838533611,0.2538619183511389,0.23152077220440578,4.105738083444143e-05,3.744412150203703e-05,5.0,111.67162036452521,1.4281705334425925,2.644043668881184,0.0108,0.008825,10,COMPLETE
2933,2933,,,2024-08-29 06:10:43.942104,2024-08-29 06:10:43.952151,0 days 00:00:00.010047,0.01435,N95,34,9,1.1x60x0.1,1.1x60x0.1,0.015969699463424254,,,,,,,,,,,,,,,10,FAIL
2934,2934,,,2024-08-29 06:10:43.954145,2024-08-29 06:10:43.961126,0 days 00:00:00.006981,0.01435,N95,34,14,1.1x60x0.1,1.1x60x0.1,0.014109984491996212,,,,,,,,,,,,,,,10,FAIL
2935,2935,4.027281239759904e-05,104.78906897650447,2024-08-29 06:10:43.962124,2024-08-29 06:10:44.203478,0 days 00:00:00.241354,0.0149,N95,23,17,1.1x60x0.1,1.1x60x0.1,0.014154173495027435,0.00021809764666168294,0.0008054986166768366,3.7605450211454966e-05,0.21566932258363924,0.2405637251336424,0.26527211559084424,4.194619373688151e-05,4.625450303192809e-05,5.0,100.27062394940937,1.4880511028781065,3.030393924216993,0.006900000000000001,0.01105,10,COMPLETE
2936,2936,,,2024-08-29 06:10:44.206470,2024-08-29 06:10:44.218439,0 days 00:00:00.011969,0.01435,N95,1,7,1.1x60x0.1,1.1x60x0.1,0.0071929943974981874,,,,,,,,,,,,,,,10,FAIL
2937,2937,3.639485507483362e-05,229.36347328808623,2024-08-29 06:10:44.219436,2024-08-29 06:10:44.477744,0 days 00:00:00.258308,0.01435,N95,18,12,1.1x60x0.1,1.1x60x0.1,0.020014157436694907,0.00010154614774546746,0.000306709972857329,4.7697476639721074e-05,0.2949182990774419,0.33134085746938374,0.40516135135771003,5.358813901466696e-05,6.552721262856479e-05,4.0,226.27448571654315,0.9737526364381314,2.1152349351049478,0.006900000000000001,0.008825,10,COMPLETE
2938,2938,,,2024-08-29 06:10:44.479740,2024-08-29 06:10:44.489718,0 days 00:00:00.009978,0.01435,N95,22,16,1.1x60x0.1,1.1x60x0.1,0.00833645015927182,,,,,,,,,,,,,,,10,FAIL
2939,2939,4.0718889434115015e-05,124.36669120102749,2024-08-29 06:10:44.490710,2024-08-29 06:10:44.716106,0 days 00:00:00.225396,0.01435,N95,23,17,1.1x60x0.1,1.1x60x0.1,0.02189048138314733,0.0001967725327364549,0.000775060706009103,3.7605450211454966e-05,0.2325182838533611,0.2593575379908458,0.2859962480172071,4.194619373688151e-05,4.625450303192809e-05,5.0,120.42431068356214,1.2983368485841749,2.644043668881184,0.009500000000000001,0.008825,10,COMPLETE
2940,2940,4.033195752701875e-05,102.92989794288809,2024-08-29 06:10:44.718101,2024-08-29 06:10:44.993366,0 days 00:00:00.275265,0.01435,N95,26,23,1.1x60x0.1,1.1x60x0.1,0.020189921994051882,0.00023148374120174125,0.0017154285024184803,3.217217402876327e-05,0.19892379032656934,0.2151282360034201,0.2113885311431531,3.4792937716703374e-05,3.418811093664251e-05,6.0,98.16658290071504,1.5904626395156145,3.172852402657422,0.0108,0.008825,10,COMPLETE
2941,2941,,,2024-08-29 06:10:44.995360,2024-08-29 06:10:45.002341,0 days 00:00:00.006981,0.0149,N95,35,23,1.1x60x0.1,1.1x60x0.1,0.008918728641312504,,,,,,,,,,,,,,,10,FAIL
2942,2942,4.3553039099947504e-05,72.34674157055731,2024-08-29 06:10:45.003338,2024-08-29 06:10:45.235717,0 days 00:00:00.232379,0.01435,N95,34,23,1.1x60x0.1,1.1x60x0.1,0.0235244478974894,0.0004017266525716581,0.0016709731681355863,2.412419716454984e-05,0.14916233930188658,0.16576477254089456,0.2113885311431531,2.680932783991756e-05,3.418811093664251e-05,8.0,66.26614169111497,1.8501300092324493,4.2304698702098955,0.0108,0.008825,10,COMPLETE
2943,2943,,,2024-08-29 06:10:45.237711,2024-08-29 06:10:45.248682,0 days 00:00:00.010971,0.01435,N95,22,23,1.1x60x0.1,1.1x60x0.1,0.009430671388431585,,,,,,,,,,,,,,,10,FAIL
2944,2944,3.989763403044994e-05,84.83106993602848,2024-08-29 06:10:45.250676,2024-08-29 06:10:45.502004,0 days 00:00:00.251328,0.0149,N95,34,14,1.1x60x0.1,1.1x60x0.1,0.013853929038120574,0.00042759643597586286,0.00044487777019476754,2.412419716454984e-05,0.13835359585105508,0.19441182707626656,0.32211614036031083,3.389886051503342e-05,5.616618225305554e-05,8.0,78.19677833382757,1.7856613234537282,4.848630278747189,0.006900000000000001,0.01105,10,COMPLETE
2945,2945,4.29106721186133e-05,170.08145917992127,2024-08-29 06:10:45.503002,2024-08-29 06:10:45.816370,0 days 00:00:00.313368,0.0149,N95,23,11,1.1x60x0.1,1.1x60x0.1,0.017565176763554617,0.0001915827900200096,0.0002921165253650524,3.7605450211454966e-05,0.21566932258363924,0.3062807501318648,0.40996599682221385,5.3405024700924555e-05,7.148423195843433e-05,5.0,165.7862218182579,1.2648434374463906,3.030393924216993,0.005600000000000001,0.01105,10,COMPLETE
2946,2946,,,2024-08-29 06:10:45.819354,2024-08-29 06:10:45.832316,0 days 00:00:00.012962,0.0149,N95,9,14,1.4x200x0.071,1.1x60x0.1,0.016168183418206826,,,,,,,,,,,,,,,10,FAIL
2947,2947,4.5560458054123485e-05,129.66952723541434,2024-08-29 06:10:45.833300,2024-08-29 06:10:46.071663,0 days 00:00:00.238363,0.0149,N95,23,14,1.1x60x0.1,1.1x60x0.1,0.018385724238538823,0.00020342209884322224,0.000506565679416261,3.7605450211454966e-05,0.21566932258363924,0.24629828980264262,0.32211614036031083,4.29461082521266e-05,5.616618225305554e-05,5.0,125.2626860410351,1.3764472701622488,3.030393924216993,0.006900000000000001,0.01105,10,COMPLETE
2948,2948,,,2024-08-29 06:10:46.073656,2024-08-29 06:10:46.084627,0 days 00:00:00.010971,0.01435,N95,39,23,1.1x60x0.1,1.1x60x0.1,0.010362787030564344,,,,,,,,,,,,,,,10,FAIL
2949,2949,3.3196214261368195e-05,113.65420044305246,2024-08-29 06:10:46.086626,2024-08-29 06:10:46.414169,0 days 00:00:00.327543,0.01435,N95,22,21,1.1x60x0.1,1.1x60x0.1,0.012802862641203295,0.0001718385121202464,0.0013237214281748805,3.850162050919795e-05,0.23805939500878825,0.25633570067416306,0.23152077220440578,4.145746850256275e-05,3.744412150203703e-05,5.0,109.6144446619433,1.395712112227988,2.644043668881184,0.0108,0.008825,10,COMPLETE
2950,2950,,,2024-08-29 06:10:46.416165,2024-08-29 06:10:46.420224,0 days 00:00:00.004059,0.01345,N95,18,15,1.1x60x0.1,1.1x60x0.1,0.006904732975702005,,,,,,,,,,,,,,,10,FAIL
2951,2951,,,2024-08-29 06:10:46.421221,2024-08-29 06:10:46.428202,0 days 00:00:00.006981,0.01435,N95,34,16,1.1x60x0.1,1.1x60x0.1,0.008367586633465898,,,,,,,,,,,,,,,10,FAIL
2952,2952,,,2024-08-29 06:10:46.429200,2024-08-29 06:10:46.436181,0 days 00:00:00.006981,0.012,N95,34,21,1.1x60x0.1,1.4x200x0.071,0.014557411926777897,,,,,,,,,,,,,,,10,FAIL
2953,2953,,,2024-08-29 06:10:46.437178,2024-08-29 06:10:46.445156,0 days 00:00:00.007978,0.01435,N95,23,16,1.1x60x0.1,1.4x200x0.071,0.010077657580444006,,,,,,,,,,,,,,,10,FAIL
2954,2954,,,2024-08-29 06:10:46.446155,2024-08-29 06:10:46.456127,0 days 00:00:00.009972,0.01435,N95,24,20,1.1x60x0.1,1.1x60x0.1,0.014067923253505922,,,,,,,,,,,,,,,10,FAIL
2955,2955,3.081572413368101e-05,157.73608513980807,2024-08-29 06:10:46.458121,2024-08-29 06:10:46.679529,0 days 00:00:00.221408,0.01435,N95,18,17,1.1x60x0.1,1.1x60x0.1,0.011638533249373334,0.00011790795706392644,0.000731106849708742,4.7697476639721074e-05,0.2949182990774419,0.3193191895075249,0.2859962480172071,5.164386079057929e-05,4.625450303192809e-05,4.0,154.48480546219196,1.1360447425111533,2.1152349351049478,0.009500000000000001,0.008825,10,COMPLETE
