,number,values_0,values_1,datetime_start,datetime_complete,duration,params_core_inner_diameter,params_material,params_n_p_bot,params_n_p_top,params_primary_litz_wire,params_secondary_litz_wire,params_window_h_bot,user_attrs_air_gap_bot,user_attrs_air_gap_top,user_attrs_flux_bot_max,user_attrs_flux_density_bot_max,user_attrs_flux_density_mid_max,user_attrs_flux_density_top_max,user_attrs_flux_mid_max,user_attrs_flux_top_max,user_attrs_n_s_bot,user_attrs_p_hyst,user_attrs_primary_litz_wire_loss,user_attrs_secondary_litz_wire_loss,user_attrs_window_h_top,user_attrs_window_w,system_attrs_nsga2:generation,state
1788,1788,,,2024-08-29 06:08:56.676997,2024-08-29 06:08:56.682067,0 days 00:00:00.005070,0.01435,N95,27,16,1.4x200x0.071,1.1x60x0.1,0.006265492910347212,,,,,,,,,,,,,,,2,FAIL
1789,1789,4.418199490858491e-05,100.11360058407966,2024-08-29 06:08:56.682067,2024-08-29 06:08:56.915707,0 days 00:00:00.233640,0.0149,N95,23,23,1.1x60x0.1,1.4x200x0.071,0.015982579828472426,0.0002421893605562206,0.0018319223496539921,3.7605450211454966e-05,0.21566932258363924,0.23358251597138127,0.19607069413236314,4.072890650093097e-05,3.418811093664251e-05,5.0,96.61729288178239,1.7112587683098224,1.7850489339874525,0.0082,0.01105,2,COMPLETE
1790,1790,4.3505657613822823e-05,103.70743355634457,2024-08-29 06:08:56.915707,2024-08-29 06:08:57.166135,0 days 00:00:00.250428,0.0149,N95,26,17,1.1x60x0.1,1.1x60x0.1,0.01674132654328233,0.00024286521441129957,0.0007404594121260408,3.217217402876327e-05,0.18450918523275067,0.20647503769897366,0.26527211559084424,3.600227726910877e-05,4.625450303192809e-05,6.0,98.47130591169022,1.5996549355939647,3.6364727090603917,0.006900000000000001,0.01105,2,COMPLETE
1791,1791,,,2024-08-29 06:08:57.167128,2024-08-29 06:08:57.175107,0 days 00:00:00.007979,0.01345,N95,23,18,1.1x60x0.1,1.4x200x0.071,0.011231701863219628,,,,,,,,,,,,,,,2,FAIL
1792,1792,3.682820726020099e-05,161.79873651070366,2024-08-29 06:08:57.176105,2024-08-29 06:08:57.422445,0 days 00:00:00.246340,0.01435,N95,27,11,1.1x60x0.1,1.1x60x0.1,0.02046277199509768,0.00023922165853696337,0.0002666294146641128,3.179831775981402e-05,0.19661219938496108,0.3229283493961929,0.4419942014811383,5.222757438182565e-05,7.148423195843433e-05,6.0,157.39246410189128,1.2334200061549663,3.172852402657422,0.006900000000000001,0.008825,2,COMPLETE
1793,1793,,,2024-08-29 06:08:57.423445,2024-08-29 06:08:57.427432,0 days 00:00:00.003987,0.0149,N95,30,15,1.1x60x0.1,1.1x60x0.1,0.00598546391508346,,,,,,,,,,,,,,,2,FAIL
1794,1794,,,2024-08-29 06:08:57.428430,2024-08-29 06:08:57.435450,0 days 00:00:00.007020,0.01435,N95,0,22,1.4x200x0.071,1.1x60x0.1,0.020813339167461573,,,,,,,,,,,,,,,2,FAIL
1795,1795,4.310453129158097e-05,109.17709159504851,2024-08-29 06:08:57.436448,2024-08-29 06:08:57.654042,0 days 00:00:00.217594,0.0149,N95,35,12,1.1x60x0.1,1.1x60x0.1,0.01772031668419124,0.0004586881184945664,0.00033526609145445417,2.409555951986295e-05,0.1381893573857453,0.27026059257442436,0.37580216375369596,4.7124325038088755e-05,6.552721262856479e-05,8.0,102.58000127041954,1.7484600458817754,4.848630278747189,0.005600000000000001,0.01105,2,COMPLETE
1796,1796,3.226479817792931e-05,259.75867406496957,2024-08-29 06:08:57.656033,2024-08-29 06:08:57.891504,0 days 00:00:00.235471,0.01435,N95,23,9,1.1x60x0.1,1.1x60x0.1,0.015738642708616704,0.000170136084813385,0.00017659980383933046,3.7605450211454966e-05,0.2325182838533611,0.4283046657741702,0.5402151351436133,6.927020756037459e-05,8.736961683808638e-05,5.0,256.07596091722104,1.03866947886734,2.644043668881184,0.006900000000000001,0.008825,2,COMPLETE
1797,1797,,,2024-08-29 06:08:57.892502,2024-08-29 06:08:57.902475,0 days 00:00:00.009973,0.01435,N95,13,14,1.1x60x0.1,1.1x60x0.1,0.024508427729005647,,,,,,,,,,,,,,,2,FAIL
1798,1798,3.760146577723708e-05,134.72858413045773,2024-08-29 06:08:57.903472,2024-08-29 06:08:58.147819,0 days 00:00:00.244347,0.01435,N95,23,14,1.1x60x0.1,1.1x60x0.1,0.01996326415797267,0.00018646641970548614,0.0004732077210331388,3.7605450211454966e-05,0.2325182838533611,0.2655401100855161,0.3472811583066086,4.29461082521266e-05,5.616618225305554e-05,5.0,130.8835788766362,1.2009615849403619,2.644043668881184,0.0082,0.008825,2,COMPLETE
1799,1799,,,2024-08-29 06:08:58.148817,2024-08-29 06:08:58.152806,0 days 00:00:00.003989,0.01435,N95,22,21,1.1x60x0.1,1.1x60x0.1,0.007686009796470267,,,,,,,,,,,,,,,2,FAIL
1800,1800,,,2024-08-29 06:08:58.153803,2024-08-29 06:08:58.159853,0 days 00:00:00.006050,0.0149,N95,26,21,1.1x60x0.1,1.1x60x0.1,0.005178052828517917,,,,,,,,,,,,,,,2,FAIL
1801,1801,3.891688583860741e-05,114.05832960652634,2024-08-29 06:08:58.159853,2024-08-29 06:08:58.392404,0 days 00:00:00.232551,0.0149,N95,22,21,1.1x60x0.1,1.1x60x0.1,0.01176906446701076,0.00018668421326815653,0.0013450770907189465,3.850162050919795e-05,0.2208089084667231,0.23776085906975064,0.2147440935735406,4.145746850256275e-05,3.744412150203703e-05,5.0,109.42828074671539,1.5996549355939647,3.030393924216993,0.0082,0.01105,2,COMPLETE
1802,1802,3.63728583679054e-05,70.84172641503407,2024-08-29 06:08:58.393403,2024-08-29 06:08:58.603905,0 days 00:00:00.210502,0.01435,N95,34,18,1.1x60x0.1,1.1x60x0.1,0.017391386020516264,0.00039833993146995157,0.0008020568736040902,2.412419716454984e-05,0.14916233930188658,0.17168849298586847,0.27010756757180665,2.776737797932308e-05,4.368480841904319e-05,8.0,64.92341864166474,1.6878379031594277,4.2304698702098955,0.009500000000000001,0.008825,2,COMPLETE
1803,1803,,,2024-08-29 06:08:58.604903,2024-08-29 06:08:58.610886,0 days 00:00:00.005983,0.01435,N95,15,14,1.1x60x0.1,1.1x60x0.1,0.02152018765134757,,,,,,,,,,,,,,,2,FAIL
1804,1804,,,2024-08-29 06:08:58.612881,2024-08-29 06:08:58.619861,0 days 00:00:00.006980,0.012,N95,34,15,1.1x60x0.1,1.1x60x0.1,0.008319205519905153,,,,,,,,,,,,,,,2,FAIL
1805,1805,,,2024-08-29 06:08:58.620866,2024-08-29 06:08:58.626843,0 days 00:00:00.005977,0.0149,N95,34,5,1.1x60x0.1,1.1x60x0.1,0.015264148616429295,,,,,,,,,,,,,,,2,FAIL
1806,1806,,,2024-08-29 06:08:58.627841,2024-08-29 06:08:58.631830,0 days 00:00:00.003989,0.0149,N95,1,8,1.1x60x0.1,1.1x60x0.1,0.009673807142504732,,,,,,,,,,,,,,,2,FAIL
1807,1807,,,2024-08-29 06:08:58.631830,2024-08-29 06:08:58.634822,0 days 00:00:00.002992,0.01435,N95,23,18,1.1x60x0.1,1.1x60x0.1,0.006388235546908471,,,,,,,,,,,,,,,2,FAIL
1808,1808,4.4050941143467196e-05,112.29524325391999,2024-08-29 06:08:58.635820,2024-08-29 06:08:58.884155,0 days 00:00:00.248335,0.0149,N95,26,15,1.1x60x0.1,1.1x60x0.1,0.01717770126942232,0.00023928167037770706,0.0005433876790112132,3.217217402876327e-05,0.18450918523275067,0.210043211270796,0.3006417310029569,3.662444630081682e-05,5.242177010285185e-05,6.0,107.13351816440955,1.5252523804500593,3.6364727090603917,0.006900000000000001,0.01105,2,COMPLETE
1809,1809,,,2024-08-29 06:08:58.886150,2024-08-29 06:08:58.891137,0 days 00:00:00.004987,0.0149,N95,32,25,1.4x200x0.071,1.1x60x0.1,0.014632240015288157,,,,,,,,,,,,,,,2,FAIL
1810,1810,,,2024-08-29 06:08:58.892135,2024-08-29 06:08:58.901252,0 days 00:00:00.009117,0.0149,N95,30,4,1.1x60x0.1,1.1x60x0.1,0.015904365683425542,,,,,,,,,,,,,,,2,FAIL
1811,1811,,,2024-08-29 06:08:58.902249,2024-08-29 06:08:58.910281,0 days 00:00:00.008032,0.012,N95,23,14,1.4x200x0.071,1.4x200x0.071,0.012868110596541988,,,,,,,,,,,,,,,2,FAIL
1812,1812,,,2024-08-29 06:08:58.911349,2024-08-29 06:08:58.918390,0 days 00:00:00.007041,0.01435,N95,22,15,1.1x60x0.1,1.4x200x0.071,0.00914159237071389,,,,,,,,,,,,,,,2,FAIL
1813,1813,,,2024-08-29 06:08:58.920385,2024-08-29 06:08:58.926429,0 days 00:00:00.006044,0.0149,N95,34,15,1.1x60x0.1,1.1x60x0.1,0.0110217839029246,,,,,,,,,,,,,,,2,FAIL
1814,1814,,,2024-08-29 06:08:58.927427,2024-08-29 06:08:58.933472,0 days 00:00:00.006045,0.01435,N95,34,15,1.4x200x0.071,1.1x60x0.1,0.019997993927945754,,,,,,,,,,,,,,,2,FAIL
1815,1815,,,2024-08-29 06:08:58.934469,2024-08-29 06:08:58.941565,0 days 00:00:00.007096,0.01435,N95,30,16,1.1x60x0.1,1.1x60x0.1,0.013393167838828764,,,,,,,,,,,,,,,2,FAIL
1816,1816,3.806925032713549e-05,81.34017822874758,2024-08-29 06:08:58.942562,2024-08-29 06:08:59.165509,0 days 00:00:00.222947,0.01435,N95,34,16,1.1x60x0.1,1.1x60x0.1,0.020447523765668916,0.0003962913630175281,0.0005789481717213678,2.412419716454984e-05,0.14916233930188658,0.1750946322417285,0.30387101351828255,2.8318256809481255e-05,4.91454094714236e-05,8.0,75.48678729780745,1.622921060730219,4.2304698702098955,0.0082,0.008825,2,COMPLETE
1817,1817,,,2024-08-29 06:08:59.167569,2024-08-29 06:08:59.172556,0 days 00:00:00.004987,0.0149,N95,34,18,1.1x60x0.1,1.4x200x0.071,0.006982663357479718,,,,,,,,,,,,,,,2,FAIL
1818,1818,,,2024-08-29 06:08:59.172556,2024-08-29 06:08:59.180535,0 days 00:00:00.007979,0.0149,N95,36,17,1.1x60x0.1,1.4x200x0.071,0.018269499318258577,,,,,,,,,,,,,,,2,FAIL
1819,1819,,,2024-08-29 06:08:59.181532,2024-08-29 06:08:59.187518,0 days 00:00:00.005986,0.01435,N95,2,23,1.1x60x0.1,1.1x60x0.1,0.013764872234263974,,,,,,,,,,,,,,,2,FAIL
1820,1820,,,2024-08-29 06:08:59.188515,2024-08-29 06:08:59.195495,0 days 00:00:00.006980,0.01435,N95,26,11,1.1x60x0.1,1.1x60x0.1,0.007055419045085618,,,,,,,,,,,,,,,2,FAIL
1821,1821,,,2024-08-29 06:08:59.196493,2024-08-29 06:08:59.203474,0 days 00:00:00.006981,0.01435,N95,34,15,1.1x60x0.1,1.1x60x0.1,0.012713192417210466,,,,,,,,,,,,,,,2,FAIL
1822,1822,3.3433961963586665e-05,156.25627647793377,2024-08-29 06:08:59.204472,2024-08-29 06:08:59.474748,0 days 00:00:00.270276,0.0149,N95,18,15,1.1x60x0.1,1.1x60x0.1,0.008681238181538663,0.0001248769900083607,0.0005606339820260741,4.7697476639721074e-05,0.27354764849229546,0.2997485519392981,0.3006417310029569,5.2266029822287344e-05,5.242177010285185e-05,4.0,152.60431917868573,1.227642159874438,2.4243151393735944,0.006900000000000001,0.01105,2,COMPLETE
1823,1823,4.817977146410041e-05,78.3129991730897,2024-08-29 06:08:59.475746,2024-08-29 06:08:59.705132,0 days 00:00:00.229386,0.0149,N95,31,17,1.4x200x0.071,1.4x200x0.071,0.017981885427744246,0.00036984961420100766,0.0008169354702882695,2.7446998889213458e-05,0.1574100462593967,0.18106458198107175,0.26527211559084424,3.1571551489927266e-05,4.625450303192809e-05,7.0,74.76208957764693,1.051841087860318,2.4990685075824333,0.0094,0.01105,2,COMPLETE
1824,1824,4.2667719544521835e-05,75.01902443919016,2024-08-29 06:08:59.706131,2024-08-29 06:08:59.962443,0 days 00:00:00.256312,0.0149,N95,34,16,1.1x60x0.1,1.1x60x0.1,0.016070748805950042,0.00042993208473371815,0.0006174778751082754,2.412419716454984e-05,0.13835359585105508,0.16240675828925424,0.281851622815272,2.8318256809481255e-05,4.91454094714236e-05,8.0,68.31033028184534,1.8600638785976336,4.848630278747189,0.006900000000000001,0.01105,2,COMPLETE
1825,1825,4.304946134022748e-05,204.51628184587497,2024-08-29 06:08:59.963441,2024-08-29 06:09:00.256657,0 days 00:00:00.293216,0.01435,N95,18,21,1.1x60x0.1,1.1x60x0.1,0.02300313446715157,0.00011902699519743181,0.0013418720270640101,4.7697476639721074e-05,0.2949182990774419,0.31398315818524236,0.23152077220440578,5.078085829076981e-05,3.744412150203703e-05,4.0,201.13516848340046,1.2658784273695707,2.1152349351049478,0.0108,0.008825,2,COMPLETE
1826,1826,,,2024-08-29 06:09:00.257655,2024-08-29 06:09:00.261644,0 days 00:00:00.003989,0.0149,N95,34,16,1.1x60x0.1,1.4x200x0.071,0.016934982250357906,,,,,,,,,,,,,,,2,FAIL
1827,1827,3.99881390600193e-05,61.2153754225417,2024-08-29 06:09:00.262642,2024-08-29 06:09:00.480060,0 days 00:00:00.217418,0.0149,N95,38,17,1.1x60x0.1,1.1x60x0.1,0.013926357610313786,0.0005537451081387603,0.0007085989814634232,2.142358842386681e-05,0.12286545638213449,0.14749816341492034,0.26527211559084424,2.5718701084294186e-05,4.625450303192809e-05,9.0,53.714596092493714,2.0460702664573964,5.454709063590586,0.006900000000000001,0.01105,2,COMPLETE
1828,1828,,,2024-08-29 06:09:00.481057,2024-08-29 06:09:00.486043,0 days 00:00:00.004986,0.0149,N95,26,8,1.1x60x0.1,1.1x60x0.1,0.005672542909465716,,,,,,,,,,,,,,,2,FAIL
1829,1829,4.423833768597899e-05,62.50005111292775,2024-08-29 06:09:00.487040,2024-08-29 06:09:00.765296,0 days 00:00:00.278256,0.0149,N95,34,23,1.1x60x0.1,1.1x60x0.1,0.01602766933277369,0.00043640765264522523,0.0016677865198760882,2.412419716454984e-05,0.13835359585105508,0.15375296776520136,0.19607069413236314,2.680932783991756e-05,3.418811093664251e-05,8.0,55.53094801257926,2.120472821601302,4.848630278747189,0.0082,0.01105,2,COMPLETE
1830,1830,,,2024-08-29 06:09:00.766296,2024-08-29 06:09:00.770283,0 days 00:00:00.003987,0.01435,N95,34,18,1.1x60x0.1,1.1x60x0.1,0.008824542107302897,,,,,,,,,,,,,,,2,FAIL
1831,1831,,,2024-08-29 06:09:00.770283,2024-08-29 06:09:00.773274,0 days 00:00:00.002991,0.01435,N95,18,16,1.1x60x0.1,1.1x60x0.1,0.009228473589658571,,,,,,,,,,,,,,,2,FAIL
1832,1832,,,2024-08-29 06:09:00.773274,2024-08-29 06:09:00.776267,0 days 00:00:00.002993,0.0149,N95,26,19,1.1x60x0.1,1.1x60x0.1,0.007468331661571754,,,,,,,,,,,,,,,2,FAIL
1833,1833,3.04647595094212e-05,308.05156193909716,2024-08-29 06:09:00.777264,2024-08-29 06:09:00.986703,0 days 00:00:00.209439,0.01435,N95,26,8,1.1x60x0.1,1.1x60x0.1,0.015175207886669016,0.00021087627786954137,0.00011971428030050279,3.217217402876327e-05,0.19892379032656934,0.44517878289367047,0.6077420270365651,7.199927798306795e-05,9.82908189428472e-05,6.0,303.77512321514314,1.1035863212965487,3.172852402657422,0.005600000000000001,0.008825,2,COMPLETE
1834,1834,3.063564474118782e-05,122.3941358938541,2024-08-29 06:09:00.987700,2024-08-29 06:09:01.235040,0 days 00:00:00.247340,0.01435,N95,22,16,1.1x60x0.1,1.1x60x0.1,0.012752111581573761,0.00016256726580253294,0.0006064714471951399,3.850162050919795e-05,0.23805939500878825,0.2635712763586992,0.30387101351828255,4.2627686502828214e-05,4.91454094714236e-05,5.0,118.51667221881794,1.2334200061549663,2.644043668881184,0.0082,0.008825,2,COMPLETE
1835,1835,,,2024-08-29 06:09:01.236037,2024-08-29 06:09:01.243019,0 days 00:00:00.006982,0.0149,N95,34,22,1.1x60x0.1,1.1x60x0.1,0.009360904071099503,,,,,,,,,,,,,,,2,FAIL
1836,1836,,,2024-08-29 06:09:01.245014,2024-08-29 06:09:01.252991,0 days 00:00:00.007977,0.01435,N95,34,15,1.1x60x0.1,1.1x60x0.1,0.012162605708060204,,,,,,,,,,,,,,,2,FAIL
1837,1837,,,2024-08-29 06:09:01.253988,2024-08-29 06:09:01.260971,0 days 00:00:00.006983,0.0149,N95,23,23,1.4x200x0.071,1.4x200x0.071,0.01881325261144931,,,,,,,,,,,,,,,2,FAIL
1838,1838,3.423252403506206e-05,139.60172712662182,2024-08-29 06:09:01.262966,2024-08-29 06:09:01.466420,0 days 00:00:00.203454,0.01435,N95,22,15,1.1x60x0.1,1.1x60x0.1,0.016475670549394722,0.00015847032762071912,0.0005164216285503456,3.850162050919795e-05,0.23805939500878825,0.2656149599122152,0.3241290810861681,4.295821380092312e-05,5.242177010285185e-05,5.0,135.75672187280028,1.2009615849403619,2.644043668881184,0.0082,0.008825,2,COMPLETE
1839,1839,3.59344974285601e-05,92.20496134077017,2024-08-29 06:09:01.467420,2024-08-29 06:09:01.689132,0 days 00:00:00.221712,0.01435,N95,34,14,1.1x60x0.1,1.1x60x0.1,0.018237586303183118,0.00039485497827712845,0.0004147251241267217,2.412419716454984e-05,0.14916233930188658,0.20960006667169415,0.3472811583066086,3.389886051503342e-05,5.616618225305554e-05,8.0,86.41648725225926,1.5580042183010103,4.2304698702098955,0.0082,0.008825,2,COMPLETE
1840,1840,,,2024-08-29 06:09:01.690129,2024-08-29 06:09:01.697165,0 days 00:00:00.007036,0.0149,N95,34,23,1.1x60x0.1,1.4x200x0.071,0.013940982601432346,,,,,,,,,,,,,,,2,FAIL
1841,1841,3.96941700715881e-05,71.8556681424006,2024-08-29 06:09:01.698162,2024-08-29 06:09:01.938596,0 days 00:00:00.240434,0.0149,N95,34,16,1.1x60x0.1,1.1x60x0.1,0.013691102683571404,0.0004293730855497324,0.0006174778751082754,2.412419716454984e-05,0.13835359585105508,0.16240675828925424,0.281851622815272,2.8318256809481255e-05,4.91454094714236e-05,8.0,65.14697398505578,1.8600638785976336,4.848630278747189,0.006900000000000001,0.01105,2,COMPLETE
1842,1842,,,2024-08-29 06:09:01.939594,2024-08-29 06:09:01.949568,0 days 00:00:00.009974,0.0149,N95,19,23,1.1x60x0.1,1.1x60x0.1,0.016352280750147715,,,,,,,,,,,,,,,2,FAIL
1843,1843,4.185284603664945e-05,108.76748758000184,2024-08-29 06:09:01.950565,2024-08-29 06:09:02.183941,0 days 00:00:00.233376,0.01435,N95,26,21,1.1x60x0.1,1.1x60x0.1,0.0217643751759354,0.00022742827690261903,0.0013056874044952748,3.217217402876327e-05,0.19892379032656934,0.21711008454293046,0.23152077220440578,3.511346436666869e-05,3.744412150203703e-05,6.0,104.069089380258,1.5255457970864057,3.172852402657422,0.0108,0.008825,2,COMPLETE
1844,1844,4.745219546067151e-05,85.84557577942648,2024-08-29 06:09:02.185936,2024-08-29 06:09:02.430645,0 days 00:00:00.244709,0.0149,N95,34,15,1.1x60x0.1,1.1x60x0.1,0.019899627277659687,0.00042913951152119615,0.0005263000815389215,2.412419716454984e-05,0.13835359585105508,0.17296472750428762,0.3006417310029569,3.0159210269591635e-05,5.242177010285185e-05,8.0,79.17408289965361,1.8228626010256805,4.848630278747189,0.006900000000000001,0.01105,2,COMPLETE
1845,1845,,,2024-08-29 06:09:02.431643,2024-08-29 06:09:02.435632,0 days 00:00:00.003989,0.0149,N95,26,19,1.1x60x0.1,1.1x60x0.1,0.008378679231549332,,,,,,,,,,,,,,,2,FAIL
1846,1846,,,2024-08-29 06:09:02.436684,2024-08-29 06:09:02.443611,0 days 00:00:00.006927,0.0149,N95,32,14,1.1x60x0.1,1.4x200x0.071,0.007313354533685316,,,,,,,,,,,,,,,2,FAIL
1847,1847,3.68132570403621e-05,137.17730645187103,2024-08-29 06:09:02.444609,2024-08-29 06:09:02.699927,0 days 00:00:00.255318,0.0149,N95,23,12,1.1x60x0.1,1.4x200x0.071,0.012685590841219823,0.00019835679822097392,0.00035307474331307373,3.7605450211454966e-05,0.21566932258363924,0.27216036444917086,0.37580216375369596,4.745558112863077e-05,6.552721262856479e-05,5.0,134.09021280286524,1.3020447150183432,1.7850489339874525,0.005600000000000001,0.01105,2,COMPLETE
1848,1848,,,2024-08-29 06:09:02.701922,2024-08-29 06:09:02.710898,0 days 00:00:00.008976,0.01345,N95,34,15,1.1x60x0.1,1.1x60x0.1,0.00992997584226319,,,,,,,,,,,,,,,2,FAIL
1849,1849,,,2024-08-29 06:09:02.711895,2024-08-29 06:09:02.720871,0 days 00:00:00.008976,0.01435,N95,26,0,1.1x60x0.1,1.1x60x0.1,0.01710974974065866,,,,,,,,,,,,,,,2,FAIL
1850,1850,3.7820407935451864e-05,83.49590266124727,2024-08-29 06:09:02.721870,2024-08-29 06:09:03.033034,0 days 00:00:00.311164,0.0149,N95,26,23,1.1x60x0.1,1.1x60x0.1,0.010891584736383087,0.0002552245050812475,0.0017083464691289541,3.217217402876327e-05,0.18450918523275067,0.19953940893840041,0.19607069413236314,3.4792937716703374e-05,3.418811093664251e-05,6.0,78.03656735116121,1.8228626010256805,3.6364727090603917,0.0082,0.01105,2,COMPLETE
1851,1851,,,2024-08-29 06:09:03.035030,2024-08-29 06:09:03.042012,0 days 00:00:00.006982,0.0149,N95,34,23,1.4x200x0.071,1.1x60x0.1,0.012641522393744536,,,,,,,,,,,,,,,2,FAIL
1852,1852,,,2024-08-29 06:09:03.043013,2024-08-29 06:09:03.047997,0 days 00:00:00.004984,0.012,N95,22,15,1.1x60x0.1,1.1x60x0.1,0.007529921763934485,,,,,,,,,,,,,,,2,FAIL
1853,1853,,,2024-08-29 06:09:03.048994,2024-08-29 06:09:03.054976,0 days 00:00:00.005982,0.01345,N95,35,22,1.4x200x0.071,1.1x60x0.1,0.006673567675583747,,,,,,,,,,,,,,,2,FAIL
1854,1854,,,2024-08-29 06:09:03.055974,2024-08-29 06:09:03.061958,0 days 00:00:00.005984,0.0149,N95,34,23,1.4x200x0.071,1.1x60x0.1,0.016880203965164594,,,,,,,,,,,,,,,2,FAIL
1855,1855,3.2313428493692284e-05,152.44029559826825,2024-08-29 06:09:03.062956,2024-08-29 06:09:03.337755,0 days 00:00:00.274799,0.01435,N95,27,11,1.1x60x0.1,1.1x60x0.1,0.015788985751452635,0.0002416198339596812,0.0002666294146641128,3.179831775981402e-05,0.19661219938496108,0.3229283493961929,0.4419942014811383,5.222757438182565e-05,7.148423195843433e-05,6.0,148.03402318945587,1.2334200061549663,3.172852402657422,0.006900000000000001,0.008825,2,COMPLETE
1856,1856,,,2024-08-29 06:09:03.339749,2024-08-29 06:09:03.346792,0 days 00:00:00.007043,0.0149,N95,31,12,1.4x200x0.071,1.1x60x0.1,0.01496258635843552,,,,,,,,,,,,,,,2,FAIL
1857,1857,4.0038733146420294e-05,103.09016012971938,2024-08-29 06:09:03.347790,2024-08-29 06:09:03.629036,0 days 00:00:00.281246,0.01435,N95,26,22,1.1x60x0.1,1.1x60x0.1,0.019886370447626447,0.00023008177902412823,0.0014994680971686842,3.217217402876327e-05,0.19892379032656934,0.21605327614762482,0.22099710074056916,3.4942545526076445e-05,3.574211597921717e-05,6.0,98.35930350876095,1.5580042183010103,3.172852402657422,0.0108,0.008825,2,COMPLETE
1858,1858,3.612847847561084e-05,152.96353946605817,2024-08-29 06:09:03.630033,2024-08-29 06:09:03.900310,0 days 00:00:00.270277,0.01435,N95,22,14,1.1x60x0.1,1.1x60x0.1,0.018438399232480803,0.0001553586721264791,0.00043638113828580903,3.850162050919795e-05,0.23805939500878825,0.2679505982590907,0.3472811583066086,4.333595928446015e-05,5.616618225305554e-05,5.0,149.15099263345124,1.168503163725758,2.644043668881184,0.0082,0.008825,2,COMPLETE
1859,1859,,,2024-08-29 06:09:03.901308,2024-08-29 06:09:03.908336,0 days 00:00:00.007028,0.01435,N95,8,9,1.1x60x0.1,1.1x60x0.1,0.008190749278540492,,,,,,,,,,,,,,,2,FAIL
1860,1860,,,2024-08-29 06:09:03.909409,2024-08-29 06:09:03.913401,0 days 00:00:00.003992,0.01435,N95,34,0,1.4x200x0.071,1.4x200x0.071,0.010429759465822763,,,,,,,,,,,,,,,2,FAIL
1861,1861,3.622763364033411e-05,105.09914435308792,2024-08-29 06:09:03.915465,2024-08-29 06:09:04.167422,0 days 00:00:00.251957,0.0149,N95,23,15,1.1x60x0.1,1.1x60x0.1,0.010916933277007223,0.00021137460764043562,0.0005956009548466615,3.7605450211454966e-05,0.21566932258363924,0.24413189870546476,0.3006417310029569,4.2568362768589565e-05,5.242177010285185e-05,5.0,100.65510188113673,1.4136485477342011,3.030393924216993,0.006900000000000001,0.01105,2,COMPLETE
1862,1862,3.3996146805565233e-05,106.3788884100556,2024-08-29 06:09:04.168422,2024-08-29 06:09:04.465695,0 days 00:00:00.297273,0.01435,N95,23,17,1.1x60x0.1,1.1x60x0.1,0.014930968272568098,0.0002008653831315334,0.000775060706009103,3.7605450211454966e-05,0.2325182838533611,0.2593575379908458,0.2859962480172071,4.194619373688151e-05,4.625450303192809e-05,5.0,102.43650789259024,1.2983368485841749,2.644043668881184,0.009500000000000001,0.008825,2,COMPLETE
