,number,values_0,values_1,datetime_start,datetime_complete,duration,params_core_inner_diameter,params_material,params_n_p_bot,params_n_p_top,params_primary_litz_wire,params_secondary_litz_wire,params_window_h_bot,user_attrs_air_gap_bot,user_attrs_air_gap_top,user_attrs_flux_bot_max,user_attrs_flux_density_bot_max,user_attrs_flux_density_mid_max,user_attrs_flux_density_top_max,user_attrs_flux_mid_max,user_attrs_flux_top_max,user_attrs_n_s_bot,user_attrs_p_hyst,user_attrs_primary_litz_wire_loss,user_attrs_secondary_litz_wire_loss,user_attrs_window_h_top,user_attrs_window_w,system_attrs_nsga2:generation,state
3264,3264,3.0779094411183154e-05,143.80496379630313,2024-08-29 06:11:16.450640,2024-08-29 06:11:16.667061,0 days 00:00:00.216421,0.01435,N95,23,12,1.1x60x0.1,1.1x60x0.1,0.014200613452640658,0.00018230620779743022,0.00032911264543173427,3.7605450211454966e-05,0.2325182838533611,0.2934226347842534,0.40516135135771003,4.745558112863077e-05,6.552721262856479e-05,5.0,140.02487538491079,1.1360447425111533,2.644043668881184,0.006900000000000001,0.008825,13,COMPLETE
3265,3265,,,2024-08-29 06:11:16.668059,2024-08-29 06:11:16.672048,0 days 00:00:00.003989,0.01435,N95,26,23,1.1x60x0.1,1.1x60x0.1,0.007974965393505812,,,,,,,,,,,,,,,13,FAIL
3266,3266,3.398692716466512e-05,142.4320660446007,2024-08-29 06:11:16.674042,2024-08-29 06:11:16.896039,0 days 00:00:00.221997,0.01435,N95,26,12,1.1x60x0.1,1.1x60x0.1,0.017521423922105133,0.0002157917109779106,0.00029565163374893665,3.217217402876327e-05,0.19892379032656934,0.24285573640879518,0.40516135135771003,3.927733833545221e-05,6.552721262856479e-05,6.0,138.02579363578832,1.2334200061549663,3.172852402657422,0.006900000000000001,0.008825,13,COMPLETE
3267,3267,,,2024-08-29 06:11:16.897038,2024-08-29 06:11:16.908098,0 days 00:00:00.011060,0.01435,N95,23,20,1.4x200x0.071,1.1x60x0.1,0.016652563854921257,,,,,,,,,,,,,,,13,FAIL
3268,3268,4.1996870769690886e-05,198.5243424330812,2024-08-29 06:11:16.909097,2024-08-29 06:11:17.099588,0 days 00:00:00.190491,0.01435,N95,18,22,1.1x60x0.1,1.1x60x0.1,0.021913472363382806,0.00012197004338703391,0.0015399158838902958,4.7697476639721074e-05,0.2949182990774419,0.31297001897968474,0.22099710074056916,5.061700211859929e-05,3.574211597921717e-05,4.0,195.11077064939207,1.2983368485841749,2.1152349351049478,0.0108,0.008825,13,COMPLETE
3269,3269,,,2024-08-29 06:11:17.100584,2024-08-29 06:11:17.110557,0 days 00:00:00.009973,0.01435,N95,19,15,1.1x60x0.1,1.1x60x0.1,0.024821503713857135,,,,,,,,,,,,,,,13,FAIL
3270,3270,,,2024-08-29 06:11:17.112553,2024-08-29 06:11:17.119533,0 days 00:00:00.006980,0.01435,N95,32,21,1.1x60x0.1,1.1x60x0.1,0.011712389079453803,,,,,,,,,,,,,,,13,FAIL
3271,3271,4.197991592225839e-05,133.45262316087846,2024-08-29 06:11:17.120531,2024-08-29 06:11:17.351911,0 days 00:00:00.231380,0.01435,N95,23,16,1.1x60x0.1,1.1x60x0.1,0.024495920377606464,0.0001912426223756452,0.0006533138571469244,3.7605450211454966e-05,0.2325182838533611,0.26116078818512467,0.30387101351828255,4.223783547049466e-05,4.91454094714236e-05,5.0,129.54270106462772,1.2658784273695707,2.644043668881184,0.0082,0.008825,13,COMPLETE
3272,3272,4.2992629268584015e-05,100.7110215771514,2024-08-29 06:11:17.353906,2024-08-29 06:11:17.586409,0 days 00:00:00.232503,0.0149,N95,23,20,1.1x60x0.1,1.4x200x0.071,0.015030764713546443,0.00023010135082592996,0.0012566029363456335,3.7605450211454966e-05,0.21566932258363924,0.23654952986534225,0.2254812982522176,4.124625357620995e-05,3.931632757713888e-05,5.0,97.32631770756998,1.5996549355939647,1.7850489339874525,0.0082,0.01105,13,COMPLETE
3273,3273,,,2024-08-29 06:11:17.587407,2024-08-29 06:11:17.593441,0 days 00:00:00.006034,0.01435,N95,23,20,1.1x60x0.1,1.1x60x0.1,0.011795147071115609,,,,,,,,,,,,,,,13,FAIL
3274,3274,3.649202787430427e-05,105.7479956996725,2024-08-29 06:11:17.594440,2024-08-29 06:11:17.796898,0 days 00:00:00.202458,0.01435,N95,23,20,1.1x60x0.1,1.1x60x0.1,0.01751475259692544,0.00021096821229517042,0.0011957098788199375,3.7605450211454966e-05,0.2325182838533611,0.25502973752457664,0.24309681081462603,4.124625357620995e-05,3.931632757713888e-05,5.0,101.70823991856334,1.395712112227988,2.644043668881184,0.009500000000000001,0.008825,13,COMPLETE
3275,3275,3.830157718625967e-05,117.89868348518519,2024-08-29 06:11:17.798892,2024-08-29 06:11:18.002348,0 days 00:00:00.203456,0.01435,N95,23,17,1.1x60x0.1,1.1x60x0.1,0.019388033020797613,0.0001983150396589188,0.000775060706009103,3.7605450211454966e-05,0.2325182838533611,0.2593575379908458,0.2859962480172071,4.194619373688151e-05,4.625450303192809e-05,5.0,113.95630296771984,1.2983368485841749,2.644043668881184,0.009500000000000001,0.008825,13,COMPLETE
3276,3276,3.702008447305341e-05,102.04498050047319,2024-08-29 06:11:18.004343,2024-08-29 06:11:18.201813,0 days 00:00:00.197470,0.01435,N95,23,22,1.1x60x0.1,1.1x60x0.1,0.016761406994569003,0.00021911863195034245,0.0016223126231755265,3.7605450211454966e-05,0.2325182838533611,0.25280026455710464,0.22099710074056916,4.0885678341924596e-05,3.574211597921717e-05,5.0,97.94030787693481,1.460628954657197,2.644043668881184,0.0108,0.008825,13,COMPLETE
3277,3277,4.109005517825127e-05,118.0507950094533,2024-08-29 06:11:18.204805,2024-08-29 06:11:18.404329,0 days 00:00:00.199524,0.01435,N95,23,20,1.1x60x0.1,1.1x60x0.1,0.022274719335608026,0.00020815220802393978,0.0011957098788199375,3.7605450211454966e-05,0.2325182838533611,0.25502973752457664,0.24309681081462603,4.124625357620995e-05,3.931632757713888e-05,5.0,114.01103922834413,1.395712112227988,2.644043668881184,0.009500000000000001,0.008825,13,COMPLETE
3278,3278,,,2024-08-29 06:11:18.405326,2024-08-29 06:11:18.410376,0 days 00:00:00.005050,0.01435,N95,0,15,1.4x200x0.071,1.1x60x0.1,0.00871581370524447,,,,,,,,,,,,,,,13,FAIL
3279,3279,,,2024-08-29 06:11:18.411374,2024-08-29 06:11:18.415362,0 days 00:00:00.003988,0.01435,N95,31,15,1.1x60x0.1,1.1x60x0.1,0.013901013629202583,,,,,,,,,,,,,,,13,FAIL
3280,3280,,,2024-08-29 06:11:18.416360,2024-08-29 06:11:18.429325,0 days 00:00:00.012965,0.01435,N95,18,6,1.1x60x0.1,1.1x60x0.1,0.019684561328845933,,,,,,,,,,,,,,,13,FAIL
3281,3281,,,2024-08-29 06:11:18.431320,2024-08-29 06:11:18.439300,0 days 00:00:00.007980,0.01435,N95,18,12,1.1x60x0.1,1.1x60x0.1,0.010514050248709057,,,,,,,,,,,,,,,13,FAIL
3282,3282,,,2024-08-29 06:11:18.440296,2024-08-29 06:11:18.449272,0 days 00:00:00.008976,0.01435,N95,34,17,1.1x60x0.1,1.4x200x0.071,0.015070364120518204,,,,,,,,,,,,,,,13,FAIL
3283,3283,,,2024-08-29 06:11:18.449272,2024-08-29 06:11:18.454259,0 days 00:00:00.004987,0.01435,N95,18,17,1.1x60x0.1,1.1x60x0.1,0.009657288443473275,,,,,,,,,,,,,,,13,FAIL
3284,3284,3.4443228793373226e-05,162.8800674578591,2024-08-29 06:11:18.454259,2024-08-29 06:11:18.650733,0 days 00:00:00.196474,0.01435,N95,18,21,1.1x60x0.1,1.1x60x0.1,0.014093796187835872,0.00012501287771497777,0.0013418720270640101,4.7697476639721074e-05,0.2949182990774419,0.31398315818524236,0.23152077220440578,5.078085829076981e-05,3.744412150203703e-05,4.0,159.4989540953846,1.2658784273695707,2.1152349351049478,0.0108,0.008825,13,COMPLETE
3285,3285,,,2024-08-29 06:11:18.652728,2024-08-29 06:11:18.661704,0 days 00:00:00.008976,0.01435,N95,31,4,1.1x60x0.1,1.1x60x0.1,0.01222554093532418,,,,,,,,,,,,,,,13,FAIL
3286,3286,3.959331804860293e-05,212.91812223064423,2024-08-29 06:11:18.662702,2024-08-29 06:11:18.868151,0 days 00:00:00.205449,0.01435,N95,18,15,1.1x60x0.1,1.1x60x0.1,0.022025268129095686,0.00010663616419554953,0.0005246583744754121,4.7697476639721074e-05,0.2949182990774419,0.32316612325531974,0.3241290810861681,5.2266029822287344e-05,5.242177010285185e-05,4.0,209.73175939545735,1.0711279000819447,2.1152349351049478,0.0082,0.008825,13,COMPLETE
3287,3287,,,2024-08-29 06:11:18.870146,2024-08-29 06:11:18.879168,0 days 00:00:00.009022,0.01345,N95,31,0,1.1x60x0.1,1.1x60x0.1,0.0072606710142219975,,,,,,,,,,,,,,,13,FAIL
3288,3288,3.746496765845385e-05,197.8609292699626,2024-08-29 06:11:18.881228,2024-08-29 06:11:19.092802,0 days 00:00:00.211574,0.01435,N95,18,16,1.1x60x0.1,1.1x60x0.1,0.019821958667084617,0.00011032324004861181,0.0006157428614636193,4.7697476639721074e-05,0.2949182990774419,0.32112243970180376,0.30387101351828255,5.193550252419244e-05,4.91454094714236e-05,4.0,194.6421080135611,1.1035863212965487,2.1152349351049478,0.0082,0.008825,13,COMPLETE
3289,3289,,,2024-08-29 06:11:19.094797,2024-08-29 06:11:19.105835,0 days 00:00:00.011038,0.01435,N95,23,17,1.1x60x0.1,1.4x200x0.071,0.012328027681803161,,,,,,,,,,,,,,,13,FAIL
3290,3290,,,2024-08-29 06:11:19.106833,2024-08-29 06:11:19.112817,0 days 00:00:00.005984,0.01435,N95,0,15,1.1x60x0.1,1.1x60x0.1,0.011992947689397107,,,,,,,,,,,,,,,13,FAIL
3291,3291,4.061723654519984e-05,159.04694632055387,2024-08-29 06:11:19.113815,2024-08-29 06:11:19.316274,0 days 00:00:00.202459,0.01435,N95,26,12,1.1x60x0.1,1.1x60x0.1,0.024385248347729753,0.00021169718246650133,0.00029565163374893665,3.217217402876327e-05,0.19892379032656934,0.24285573640879518,0.40516135135771003,3.927733833545221e-05,6.552721262856479e-05,6.0,154.6406739117415,1.2334200061549663,3.172852402657422,0.006900000000000001,0.008825,13,COMPLETE
3292,3292,,,2024-08-29 06:11:19.319266,2024-08-29 06:11:19.327243,0 days 00:00:00.007977,0.01435,N95,34,23,1.1x60x0.1,1.4x200x0.071,0.015508012142689992,,,,,,,,,,,,,,,13,FAIL
3293,3293,,,2024-08-29 06:11:19.328240,2024-08-29 06:11:19.336219,0 days 00:00:00.007979,0.01435,N95,23,13,1.1x60x0.1,1.1x60x0.1,0.010693455022952512,,,,,,,,,,,,,,,13,FAIL
3294,3294,,,2024-08-29 06:11:19.337217,2024-08-29 06:11:19.341205,0 days 00:00:00.003988,0.01435,N95,34,20,1.1x60x0.1,1.1x60x0.1,0.009393385115055842,,,,,,,,,,,,,,,13,FAIL
3295,3295,,,2024-08-29 06:11:19.342203,2024-08-29 06:11:19.350182,0 days 00:00:00.007979,0.01435,N95,0,15,1.1x60x0.1,1.4x200x0.071,0.02243750829140325,,,,,,,,,,,,,,,13,FAIL
3296,3296,4.4692594391210146e-05,113.6726994993075,2024-08-29 06:11:19.352176,2024-08-29 06:11:19.556630,0 days 00:00:00.204454,0.0149,N95,34,12,1.1x60x0.1,1.1x60x0.1,0.018991197909314007,0.00042637281369424686,0.0003060384969138193,2.412419716454984e-05,0.13835359585105508,0.24802957600621406,0.37580216375369596,4.324798612863792e-05,6.552721262856479e-05,8.0,107.11281045225049,1.7112587683098224,4.848630278747189,0.005600000000000001,0.01105,13,COMPLETE
3297,3297,,,2024-08-29 06:11:19.558624,2024-08-29 06:11:19.562614,0 days 00:00:00.003990,0.01345,N95,31,20,1.1x60x0.1,1.1x60x0.1,0.0074283919904046996,,,,,,,,,,,,,,,13,FAIL
3298,3298,3.329989641394639e-05,163.62510226627586,2024-08-29 06:11:19.563612,2024-08-29 06:11:19.771138,0 days 00:00:00.207526,0.01435,N95,18,20,1.1x60x0.1,1.1x60x0.1,0.014210196409587738,0.00012276268542463423,0.001133686992593742,4.7697476639721074e-05,0.2949182990774419,0.31509761131135566,0.24309681081462603,5.0961100080157366e-05,3.931632757713888e-05,4.0,160.27644732501594,1.2334200061549663,2.1152349351049478,0.009500000000000001,0.008825,13,COMPLETE
3299,3299,,,2024-08-29 06:11:19.773134,2024-08-29 06:11:19.777197,0 days 00:00:00.004063,0.01435,N95,38,17,1.4x200x0.071,1.1x60x0.1,0.024346657262759086,,,,,,,,,,,,,,,13,FAIL
3300,3300,4.444956334403781e-05,104.72938147037294,2024-08-29 06:11:19.778196,2024-08-29 06:11:19.989629,0 days 00:00:00.211433,0.0149,N95,23,20,1.1x60x0.1,1.1x60x0.1,0.01619670715195974,0.00022952477205337926,0.0012566029363456335,3.7605450211454966e-05,0.21566932258363924,0.23654952986534225,0.2254812982522176,4.124625357620995e-05,3.931632757713888e-05,5.0,100.09933261056199,1.5996549355939647,3.030393924216993,0.0082,0.01105,13,COMPLETE
3301,3301,,,2024-08-29 06:11:19.990626,2024-08-29 06:11:20.001597,0 days 00:00:00.010971,0.01435,N95,23,14,1.1x60x0.1,1.1x60x0.1,0.006700849892287558,,,,,,,,,,,,,,,13,FAIL
3302,3302,,,2024-08-29 06:11:20.003592,2024-08-29 06:11:20.014562,0 days 00:00:00.010970,0.01435,N95,22,16,1.1x60x0.1,1.4x200x0.071,0.013226029058724992,,,,,,,,,,,,,,,13,FAIL
3303,3303,,,2024-08-29 06:11:20.015559,2024-08-29 06:11:20.023538,0 days 00:00:00.007979,0.01435,N95,34,16,1.1x60x0.1,1.1x60x0.1,0.010305012170403763,,,,,,,,,,,,,,,13,FAIL
3304,3304,3.230042470815438e-05,169.9065957662865,2024-08-29 06:11:20.025533,2024-08-29 06:11:20.243949,0 days 00:00:00.218416,0.01435,N95,23,11,1.1x60x0.1,1.1x60x0.1,0.01577552398131824,0.00017763210040911654,0.0002715692605415267,3.7605450211454966e-05,0.2325182838533611,0.330208643236049,0.4419942014811383,5.3405024700924555e-05,7.148423195843433e-05,5.0,166.15896577610877,1.1035863212965487,2.644043668881184,0.006900000000000001,0.008825,13,COMPLETE
3305,3305,3.405160896899165e-05,116.57649533901203,2024-08-29 06:11:20.245944,2024-08-29 06:11:20.471338,0 days 00:00:00.225394,0.01435,N95,22,21,1.1x60x0.1,1.1x60x0.1,0.01368838377615558,0.00017133956636641707,0.0013237214281748805,3.850162050919795e-05,0.23805939500878825,0.25633570067416306,0.23152077220440578,4.145746850256275e-05,3.744412150203703e-05,5.0,112.53673955790286,1.395712112227988,2.644043668881184,0.0108,0.008825,13,COMPLETE
3306,3306,,,2024-08-29 06:11:20.472335,2024-08-29 06:11:20.483420,0 days 00:00:00.011085,0.01435,N95,23,20,1.4x200x0.071,1.1x60x0.1,0.01889491805432226,,,,,,,,,,,,,,,13,FAIL
3307,3307,,,2024-08-29 06:11:20.485487,2024-08-29 06:11:20.493466,0 days 00:00:00.007979,0.01435,N95,23,20,1.1x60x0.1,1.1x60x0.1,0.006821240399599145,,,,,,,,,,,,,,,13,FAIL
3308,3308,,,2024-08-29 06:11:20.495461,2024-08-29 06:11:20.505435,0 days 00:00:00.009974,0.01435,N95,27,7,1.1x60x0.1,1.1x60x0.1,0.008629284897335731,,,,,,,,,,,,,,,13,FAIL
3309,3309,,,2024-08-29 06:11:20.506436,2024-08-29 06:11:20.514411,0 days 00:00:00.007975,0.01435,N95,26,7,1.4x200x0.071,1.1x60x0.1,0.018232082714531847,,,,,,,,,,,,,,,13,FAIL
3310,3310,4.2379378588129855e-05,108.95552412423856,2024-08-29 06:11:20.515408,2024-08-29 06:11:20.707893,0 days 00:00:00.192485,0.01435,N95,26,22,1.1x60x0.1,1.1x60x0.1,0.022309451850388594,0.00022868192602031815,0.0014994680971686842,3.217217402876327e-05,0.19892379032656934,0.21605327614762482,0.22099710074056916,3.4942545526076445e-05,3.574211597921717e-05,6.0,104.22466750328013,1.5580042183010103,3.172852402657422,0.0108,0.008825,13,COMPLETE
3311,3311,4.8263869424449246e-05,84.09371137241439,2024-08-29 06:11:20.708890,2024-08-29 06:11:20.918332,0 days 00:00:00.209442,0.0149,N95,34,15,1.4x200x0.071,1.4x200x0.071,0.019649186606710882,0.0004291536140453084,0.0005315729457994417,2.412419716454984e-05,0.13835359585105508,0.17296472750428762,0.3006417310029569,3.0159210269591635e-05,5.242177010285185e-05,8.0,80.16387863417705,1.073754443857408,2.8560782943799237,0.0078000000000000005,0.01105,13,COMPLETE
3312,3312,4.2630468524962354e-05,212.20317730022086,2024-08-29 06:11:20.919328,2024-08-29 06:11:21.126772,0 days 00:00:00.207444,0.01435,N95,18,18,1.1x60x0.1,1.1x60x0.1,0.023869385006225798,0.00011187207043075685,0.0008503684018419482,4.7697476639721074e-05,0.2949182990774419,0.31771630044594373,0.27010756757180665,5.1384623694034266e-05,4.368480841904319e-05,4.0,208.91943920139016,1.168503163725758,2.1152349351049478,0.009500000000000001,0.008825,13,COMPLETE
3313,3313,3.825812624007301e-05,326.8932274477067,2024-08-29 06:11:21.128767,2024-08-29 06:11:21.339180,0 days 00:00:00.210413,0.01435,N95,27,8,1.1x60x0.1,1.4x200x0.071,0.02324305176145728,0.00022693935614154096,0.00013527738600034513,3.179831775981402e-05,0.19661219938496108,0.4884653874292726,0.6077420270365651,7.90000704571476e-05,9.82908189428472e-05,6.0,323.9652292801257,1.1360447425111533,1.7919534250698081,0.005600000000000001,0.008825,13,COMPLETE
3314,3314,,,2024-08-29 06:11:21.340178,2024-08-29 06:11:21.350313,0 days 00:00:00.010135,0.01435,N95,23,16,1.1x60x0.1,1.1x60x0.1,0.009311834597552658,,,,,,,,,,,,,,,13,FAIL
3315,3315,,,2024-08-29 06:11:21.352307,2024-08-29 06:11:21.360350,0 days 00:00:00.008043,0.01435,N95,7,16,1.1x60x0.1,1.1x60x0.1,0.01977029398607512,,,,,,,,,,,,,,,13,FAIL
3316,3316,,,2024-08-29 06:11:21.361348,2024-08-29 06:11:21.369325,0 days 00:00:00.007977,0.0149,N95,39,0,1.1x60x0.1,1.1x60x0.1,0.009488365723452645,,,,,,,,,,,,,,,13,FAIL
3317,3317,,,2024-08-29 06:11:21.371319,2024-08-29 06:11:21.382291,0 days 00:00:00.010972,0.01435,N95,18,16,1.4x200x0.071,1.4x200x0.071,0.015230514006884159,,,,,,,,,,,,,,,13,FAIL
3318,3318,,,2024-08-29 06:11:21.384286,2024-08-29 06:11:21.397250,0 days 00:00:00.012964,0.01435,N95,3,17,1.1x60x0.1,1.1x60x0.1,0.01992423035656521,,,,,,,,,,,,,,,13,FAIL
3319,3319,,,2024-08-29 06:11:21.398252,2024-08-29 06:11:21.402238,0 days 00:00:00.003986,0.01345,N95,23,20,1.1x60x0.1,1.1x60x0.1,0.007596616218121927,,,,,,,,,,,,,,,13,FAIL
3320,3320,,,2024-08-29 06:11:21.403236,2024-08-29 06:11:21.409220,0 days 00:00:00.005984,0.01435,N95,38,11,1.1x60x0.1,1.1x60x0.1,0.01441869879277493,,,,,,,,,,,,,,,13,FAIL
3321,3321,,,2024-08-29 06:11:21.410218,2024-08-29 06:11:21.417198,0 days 00:00:00.006980,0.01435,N95,18,12,1.4x200x0.071,1.1x60x0.1,0.014303726604070834,,,,,,,,,,,,,,,13,FAIL
3322,3322,,,2024-08-29 06:11:21.419192,2024-08-29 06:11:21.426174,0 days 00:00:00.006982,0.01345,N95,23,17,1.1x60x0.1,1.1x60x0.1,0.008878219045506838,,,,,,,,,,,,,,,13,FAIL
3323,3323,,,2024-08-29 06:11:21.427171,2024-08-29 06:11:21.434153,0 days 00:00:00.006982,0.01435,N95,23,17,1.1x60x0.1,1.1x60x0.1,0.011387145890828947,,,,,,,,,,,,,,,13,FAIL
3324,3324,,,2024-08-29 06:11:21.435150,2024-08-29 06:11:21.442131,0 days 00:00:00.006981,0.01435,N95,39,23,1.1x60x0.1,1.4x200x0.071,0.014778452911860345,,,,,,,,,,,,,,,13,FAIL
3325,3325,,,2024-08-29 06:11:21.443129,2024-08-29 06:11:21.450109,0 days 00:00:00.006980,0.01435,N95,15,10,1.1x60x0.1,1.1x60x0.1,0.016360241589933128,,,,,,,,,,,,,,,13,FAIL
3326,3326,,,2024-08-29 06:11:21.451107,2024-08-29 06:11:21.455096,0 days 00:00:00.003989,0.01435,N95,26,12,1.1x60x0.1,1.1x60x0.1,0.012665237221259416,,,,,,,,,,,,,,,13,FAIL
3327,3327,3.656428480880706e-05,95.51520789419392,2024-08-29 06:11:21.456093,2024-08-29 06:11:21.640600,0 days 00:00:00.184507,0.01435,N95,26,21,1.1x60x0.1,1.1x60x0.1,0.016289554372151363,0.00023043278052599435,0.0013056874044952748,3.217217402876327e-05,0.19892379032656934,0.21711008454293046,0.23152077220440578,3.511346436666869e-05,3.744412150203703e-05,6.0,90.81680969445009,1.5255457970864057,3.172852402657422,0.0108,0.008825,13,COMPLETE
3328,3328,,,2024-08-29 06:11:21.641597,2024-08-29 06:11:21.650573,0 days 00:00:00.008976,0.01435,N95,22,9,1.4x200x0.071,1.1x60x0.1,0.007018711587534338,,,,,,,,,,,,,,,13,FAIL
3329,3329,3.10420929535368e-05,158.8312154630044,2024-08-29 06:11:21.652567,2024-08-29 06:11:21.864002,0 days 00:00:00.211435,0.01435,N95,18,17,1.1x60x0.1,1.1x60x0.1,0.011872874627090569,0.00011776018534896225,0.000731106849708742,4.7697476639721074e-05,0.2949182990774419,0.3193191895075249,0.2859962480172071,5.164386079057929e-05,4.625450303192809e-05,4.0,155.5799357853883,1.1360447425111533,2.1152349351049478,0.009500000000000001,0.008825,13,COMPLETE
3330,3330,,,2024-08-29 06:11:21.866002,2024-08-29 06:11:21.874973,0 days 00:00:00.008971,0.01435,N95,0,21,1.4x200x0.071,1.1x60x0.1,0.00900952784411679,,,,,,,,,,,,,,,13,FAIL
3331,3331,,,2024-08-29 06:11:21.875971,2024-08-29 06:11:21.882952,0 days 00:00:00.006981,0.01435,N95,26,10,1.1x60x0.1,1.1x60x0.1,0.01304924320549561,,,,,,,,,,,,,,,13,FAIL
3332,3332,,,2024-08-29 06:11:21.883949,2024-08-29 06:11:21.894036,0 days 00:00:00.010087,0.01435,N95,34,20,1.1x60x0.1,1.1x60x0.1,0.015156847997038533,,,,,,,,,,,,,,,13,FAIL
3333,3333,,,2024-08-29 06:11:21.895035,2024-08-29 06:11:21.903070,0 days 00:00:00.008035,0.012,N95,23,16,1.1x60x0.1,1.4x200x0.071,0.008987135559643786,,,,,,,,,,,,,,,13,FAIL
3334,3334,4.030495023456577e-05,68.60303210704258,2024-08-29 06:11:21.904068,2024-08-29 06:11:22.106622,0 days 00:00:00.202554,0.0149,N95,34,17,1.1x60x0.1,1.1x60x0.1,0.014179892481651215,0.00043044089854933854,0.0007191699400878398,2.412419716454984e-05,0.13835359585105508,0.16073417692746253,0.26527211559084424,2.8026615075868105e-05,4.625450303192809e-05,8.0,61.857136672125804,1.8972651561695857,4.848630278747189,0.006900000000000001,0.01105,13,COMPLETE
3335,3335,3.6670726032769013e-05,119.24670923890383,2024-08-29 06:11:22.108616,2024-08-29 06:11:22.335116,0 days 00:00:00.226500,0.01435,N95,23,16,1.1x60x0.1,1.1x60x0.1,0.018999744384561378,0.00019471004537777704,0.0006533138571469244,3.7605450211454966e-05,0.2325182838533611,0.26116078818512467,0.30387101351828255,4.223783547049466e-05,4.91454094714236e-05,5.0,115.33678714265308,1.2658784273695707,2.644043668881184,0.0082,0.008825,13,COMPLETE
3336,3336,4.286697145617424e-05,61.0411369128784,2024-08-29 06:11:22.336114,2024-08-29 06:11:22.561575,0 days 00:00:00.225461,0.0149,N95,34,23,1.1x60x0.1,1.1x60x0.1,0.014930204380258133,0.00043616682303054523,0.0016677865198760882,2.412419716454984e-05,0.13835359585105508,0.15375296776520136,0.19607069413236314,2.680932783991756e-05,3.418811093664251e-05,8.0,54.07203381252991,2.120472821601302,4.848630278747189,0.0082,0.01105,13,COMPLETE
3337,3337,,,2024-08-29 06:11:22.564567,2024-08-29 06:11:22.572547,0 days 00:00:00.007980,0.01435,N95,37,23,1.1x60x0.1,1.1x60x0.1,0.013129527335638764,,,,,,,,,,,,,,,13,FAIL
3338,3338,3.416954725022222e-05,139.3865721920302,2024-08-29 06:11:22.573542,2024-08-29 06:11:22.796946,0 days 00:00:00.223404,0.01435,N95,22,15,1.1x60x0.1,1.1x60x0.1,0.016410475764472614,0.00015851106955245528,0.0005164216285503456,3.850162050919795e-05,0.23805939500878825,0.2656149599122152,0.3241290810861681,4.295821380092312e-05,5.242177010285185e-05,5.0,135.54156693820866,1.2009615849403619,2.644043668881184,0.0082,0.008825,13,COMPLETE
3339,3339,,,2024-08-29 06:11:22.798939,2024-08-29 06:11:22.806918,0 days 00:00:00.007979,0.01435,N95,23,15,1.1x60x0.1,1.1x60x0.1,0.010914015009954732,,,,,,,,,,,,,,,13,FAIL
3340,3340,,,2024-08-29 06:11:22.807916,2024-08-29 06:11:22.815895,0 days 00:00:00.007979,0.01345,N95,23,9,1.1x60x0.1,1.1x60x0.1,0.004874157423651944,,,,,,,,,,,,,,,13,FAIL
3341,3341,,,2024-08-29 06:11:22.816893,2024-08-29 06:11:22.824871,0 days 00:00:00.007978,0.01435,N95,2,20,1.1x60x0.1,1.1x60x0.1,0.008164176898222955,,,,,,,,,,,,,,,13,FAIL
