,number,values_0,values_1,datetime_start,datetime_complete,duration,params_core_inner_diameter,params_material,params_n_p_bot,params_n_p_top,params_primary_litz_wire,params_secondary_litz_wire,params_window_h_bot,user_attrs_air_gap_bot,user_attrs_air_gap_top,user_attrs_flux_bot_max,user_attrs_flux_density_bot_max,user_attrs_flux_density_mid_max,user_attrs_flux_density_top_max,user_attrs_flux_mid_max,user_attrs_flux_top_max,user_attrs_n_s_bot,user_attrs_p_hyst,user_attrs_primary_litz_wire_loss,user_attrs_secondary_litz_wire_loss,user_attrs_window_h_top,user_attrs_window_w,system_attrs_nsga2:generation,state
3342,3342,,,2024-08-29 06:11:22.825868,2024-08-29 06:11:22.831851,0 days 00:00:00.005983,0.01435,N95,18,6,1.1x60x0.1,1.1x60x0.1,0.010404160403955946,,,,,,,,,,,,,,,13,FAIL
3343,3343,,,2024-08-29 06:11:22.832849,2024-08-29 06:11:22.839830,0 days 00:00:00.006981,0.0149,N95,23,20,1.1x60x0.1,1.1x60x0.1,0.007140430906305947,,,,,,,,,,,,,,,13,FAIL
3344,3344,,,2024-08-29 06:11:22.839830,2024-08-29 06:11:22.847809,0 days 00:00:00.007979,0.0149,N95,34,14,1.1x60x0.1,1.1x60x0.1,0.009375835668503592,,,,,,,,,,,,,,,13,FAIL
3345,3345,,,2024-08-29 06:11:22.848806,2024-08-29 06:11:22.855788,0 days 00:00:00.006982,0.01345,N95,34,21,1.1x60x0.1,1.1x60x0.1,0.008633108951490692,,,,,,,,,,,,,,,13,FAIL
3346,3346,,,2024-08-29 06:11:22.856785,2024-08-29 06:11:22.867755,0 days 00:00:00.010970,0.01435,N95,34,14,1.4x200x0.071,1.1x60x0.1,0.015529709049973505,,,,,,,,,,,,,,,13,FAIL
3347,3347,,,2024-08-29 06:11:22.867755,2024-08-29 06:11:22.873740,0 days 00:00:00.005985,0.01345,N95,18,15,1.1x60x0.1,1.1x60x0.1,0.0035702715308793924,,,,,,,,,,,,,,,13,FAIL
3348,3348,3.714882733429725e-05,75.26669863708574,2024-08-29 06:11:22.875736,2024-08-29 06:11:23.081185,0 days 00:00:00.205449,0.01435,N95,34,17,1.1x60x0.1,1.1x60x0.1,0.01819468409295366,0.00039743764280510244,0.0006881721063256466,2.412419716454984e-05,0.14916233930188658,0.17329138204744968,0.2859962480172071,2.8026615075868105e-05,4.625450303192809e-05,8.0,69.38084928493102,1.655379481944823,4.2304698702098955,0.009500000000000001,0.008825,13,COMPLETE
3349,3349,,,2024-08-29 06:11:23.083180,2024-08-29 06:11:23.091199,0 days 00:00:00.008019,0.01345,N95,26,21,1.1x60x0.1,1.1x60x0.1,0.006048304818115422,,,,,,,,,,,,,,,13,FAIL
3350,3350,,,2024-08-29 06:11:23.091199,2024-08-29 06:11:23.097298,0 days 00:00:00.006099,0.01435,N95,34,20,1.1x60x0.1,1.1x60x0.1,0.006660674403509669,,,,,,,,,,,,,,,13,FAIL
3351,3351,,,2024-08-29 06:11:23.098295,2024-08-29 06:11:23.107391,0 days 00:00:00.009096,0.01435,N95,4,20,1.1x60x0.1,1.1x60x0.1,0.008031435683047304,,,,,,,,,,,,,,,13,FAIL
3352,3352,,,2024-08-29 06:11:23.107391,2024-08-29 06:11:23.115421,0 days 00:00:00.008030,0.01435,N95,23,17,1.1x60x0.1,1.1x60x0.1,0.011997057008596813,,,,,,,,,,,,,,,13,FAIL
3353,3353,,,2024-08-29 06:11:23.117416,2024-08-29 06:11:23.123454,0 days 00:00:00.006038,0.01435,N95,34,21,1.1x60x0.1,1.1x60x0.1,0.015677485585591504,,,,,,,,,,,,,,,13,FAIL
3354,3354,,,2024-08-29 06:11:23.123454,2024-08-29 06:11:23.130495,0 days 00:00:00.007041,0.01345,N95,23,18,1.1x60x0.1,1.1x60x0.1,0.0033257195251254292,,,,,,,,,,,,,,,13,FAIL
3355,3355,,,2024-08-29 06:11:23.131554,2024-08-29 06:11:23.139601,0 days 00:00:00.008047,0.01435,N95,18,9,1.1x60x0.1,1.4x200x0.071,0.00946323108731463,,,,,,,,,,,,,,,13,FAIL
3356,3356,3.740032859491101e-05,233.47018058494504,2024-08-29 06:11:23.140599,2024-08-29 06:11:23.355585,0 days 00:00:00.214986,0.01435,N95,22,10,1.1x60x0.1,1.1x60x0.1,0.021055043059119566,0.0001461882884362254,0.0001995847327521932,3.850162050919795e-05,0.23805939500878825,0.3121278809987461,0.48619362162925206,5.048080217170249e-05,7.863265515427775e-05,5.0,229.7874674371965,1.03866947886734,2.644043668881184,0.006900000000000001,0.008825,13,COMPLETE
3357,3357,,,2024-08-29 06:11:23.358577,2024-08-29 06:11:23.369606,0 days 00:00:00.011029,0.01435,N95,29,17,1.1x60x0.1,1.1x60x0.1,0.02059228085977264,,,,,,,,,,,,,,,13,FAIL
3358,3358,,,2024-08-29 06:11:23.371601,2024-08-29 06:11:23.377585,0 days 00:00:00.005984,0.01435,N95,34,17,1.4x200x0.071,1.1x60x0.1,0.009104992214026192,,,,,,,,,,,,,,,13,FAIL
3359,3359,4.034759490461544e-05,230.24373390532963,2024-08-29 06:11:23.378583,2024-08-29 06:11:23.595004,0 days 00:00:00.216421,0.01435,N95,39,9,1.1x60x0.1,1.1x60x0.1,0.024106110109589296,0.0005357198198039228,0.0001618301905096397,2.144811601917549e-05,0.13261586021771274,0.43167246293181694,0.5402151351436133,6.98148852787687e-05,8.736961683808638e-05,9.0,223.92645108304248,1.5580042183010103,4.759278603986133,0.006900000000000001,0.008825,13,COMPLETE
3360,3360,,,2024-08-29 06:11:23.596998,2024-08-29 06:11:23.603980,0 days 00:00:00.006982,0.0149,N95,34,3,1.1x60x0.1,1.1x60x0.1,0.011755179300439098,,,,,,,,,,,,,,,13,FAIL
3361,3361,,,2024-08-29 06:11:23.604978,2024-08-29 06:11:23.609963,0 days 00:00:00.004985,0.01435,N95,18,3,1.1x60x0.1,1.1x60x0.1,0.013545894823543292,,,,,,,,,,,,,,,13,FAIL
3362,3362,3.196567673128084e-05,100.94623389365327,2024-08-29 06:11:23.610961,2024-08-29 06:11:23.824390,0 days 00:00:00.213429,0.01435,N95,23,17,1.1x60x0.1,1.1x60x0.1,0.012828986405434001,0.0002019452879033985,0.000775060706009103,3.7605450211454966e-05,0.2325182838533611,0.2593575379908458,0.2859962480172071,4.194619373688151e-05,4.625450303192809e-05,5.0,97.00385337618792,1.2983368485841749,2.644043668881184,0.009500000000000001,0.008825,13,COMPLETE
3363,3363,4.191845785003431e-05,164.17908105442226,2024-08-29 06:11:23.826385,2024-08-29 06:11:24.036050,0 days 00:00:00.209665,0.01435,N95,26,12,1.4x200x0.071,1.1x60x0.1,0.023232297793338838,0.00021242135411725946,0.00029837903382599424,3.217217402876327e-05,0.19892379032656934,0.24285573640879518,0.40516135135771003,3.927733833545221e-05,6.552721262856479e-05,6.0,160.30962164832283,0.6966070034420251,3.172852402657422,0.0094,0.008825,13,COMPLETE
3364,3364,,,2024-08-29 06:11:24.038044,2024-08-29 06:11:24.047098,0 days 00:00:00.009054,0.01435,N95,21,17,1.1x60x0.1,1.1x60x0.1,0.02329514695448489,,,,,,,,,,,,,,,13,FAIL
3365,3365,,,2024-08-29 06:11:24.048095,2024-08-29 06:11:24.056135,0 days 00:00:00.008040,0.01435,N95,18,12,1.1x60x0.1,1.1x60x0.1,0.009361540506302491,,,,,,,,,,,,,,,13,FAIL
3366,3366,4.376655897463096e-05,206.40742842110606,2024-08-29 06:11:24.058130,2024-08-29 06:11:24.275547,0 days 00:00:00.217417,0.01435,N95,18,23,1.1x60x0.1,1.1x60x0.1,0.023745487798811533,0.00012290022671574498,0.0017604151359143986,4.7697476639721074e-05,0.2949182990774419,0.31204497883548,0.2113885311431531,5.046739430922621e-05,3.418811093664251e-05,4.0,202.96139821620233,1.3307952697987795,2.1152349351049478,0.0108,0.008825,13,COMPLETE
3367,3367,,,2024-08-29 06:11:24.277542,2024-08-29 06:11:24.285520,0 days 00:00:00.007978,0.01435,N95,34,15,1.4x200x0.071,1.4x200x0.071,0.017472032076293338,,,,,,,,,,,,,,,13,FAIL
3368,3368,2.992345608174954e-05,166.13616460590313,2024-08-29 06:11:24.287515,2024-08-29 06:11:24.498949,0 days 00:00:00.211434,0.01435,N95,18,15,1.1x60x0.1,1.1x60x0.1,0.012014840115681614,0.00011335985982067805,0.0005246583744754121,4.7697476639721074e-05,0.2949182990774419,0.32316612325531974,0.3241290810861681,5.2266029822287344e-05,5.242177010285185e-05,4.0,162.94980177071625,1.0711279000819447,2.1152349351049478,0.0082,0.008825,13,COMPLETE
3369,3369,3.724839357605548e-05,115.08070615321631,2024-08-29 06:11:24.500944,2024-08-29 06:11:24.722352,0 days 00:00:00.221408,0.01435,N95,23,17,1.1x60x0.1,1.1x60x0.1,0.018297756990902303,0.0001989651194444565,0.000775060706009103,3.7605450211454966e-05,0.2325182838533611,0.2593575379908458,0.2859962480172071,4.194619373688151e-05,4.625450303192809e-05,5.0,111.13832563575096,1.2983368485841749,2.644043668881184,0.009500000000000001,0.008825,13,COMPLETE
3370,3370,,,2024-08-29 06:11:24.723349,2024-08-29 06:11:24.729333,0 days 00:00:00.005984,0.012,N95,18,16,1.1x60x0.1,1.1x60x0.1,0.012982667912743443,,,,,,,,,,,,,,,13,FAIL
3371,3371,,,2024-08-29 06:11:24.729333,2024-08-29 06:11:24.740372,0 days 00:00:00.011039,0.01435,N95,22,8,1.1x60x0.1,1.4x200x0.071,0.007143719585188524,,,,,,,,,,,,,,,13,FAIL
3372,3372,3.951842224285286e-05,113.84558542521683,2024-08-29 06:11:24.742367,2024-08-29 06:11:24.957042,0 days 00:00:00.214675,0.01435,N95,23,20,1.1x60x0.1,1.1x60x0.1,0.02064773454334879,0.00020914569167679843,0.0011957098788199375,3.7605450211454966e-05,0.2325182838533611,0.25502973752457664,0.24309681081462603,4.124625357620995e-05,3.931632757713888e-05,5.0,109.80582964410766,1.395712112227988,2.644043668881184,0.009500000000000001,0.008825,13,COMPLETE
3373,3373,3.305923885338669e-05,114.90353843537807,2024-08-29 06:11:24.959036,2024-08-29 06:11:25.154513,0 days 00:00:00.195477,0.01435,N95,23,15,1.1x60x0.1,1.1x60x0.1,0.015261063051311825,0.00019306687612900098,0.000558029934821185,3.7605450211454966e-05,0.2325182838533611,0.26320447173864064,0.3241290810861681,4.2568362768589565e-05,5.242177010285185e-05,5.0,111.02607476034191,1.2334200061549663,2.644043668881184,0.0082,0.008825,13,COMPLETE
3374,3374,,,2024-08-29 06:11:25.156508,2024-08-29 06:11:25.163490,0 days 00:00:00.006982,0.01435,N95,34,23,1.1x60x0.1,1.1x60x0.1,0.013371876022725947,,,,,,,,,,,,,,,13,FAIL
3375,3375,3.238697630634885e-05,100.95546257019159,2024-08-29 06:11:25.165490,2024-08-29 06:11:25.380907,0 days 00:00:00.215417,0.01435,N95,26,16,1.1x60x0.1,1.1x60x0.1,0.014565123868694251,0.00022351418408727533,0.0005972485394463697,3.217217402876327e-05,0.19892379032656934,0.2244089543769162,0.30387101351828255,3.629391900272192e-05,4.91454094714236e-05,6.0,96.41935647652078,1.363253691013384,3.172852402657422,0.0082,0.008825,13,COMPLETE
3376,3376,,,2024-08-29 06:11:25.382903,2024-08-29 06:11:25.389884,0 days 00:00:00.006981,0.01435,N95,34,15,1.1x60x0.1,1.1x60x0.1,0.017158806355833525,,,,,,,,,,,,,,,13,FAIL
3377,3377,,,2024-08-29 06:11:25.391878,2024-08-29 06:11:25.396865,0 days 00:00:00.004987,0.01435,N95,39,23,1.1x60x0.1,1.1x60x0.1,0.0064969060732376245,,,,,,,,,,,,,,,13,FAIL
3378,3378,,,2024-08-29 06:11:25.397863,2024-08-29 06:11:25.408899,0 days 00:00:00.011036,0.01435,N95,26,23,1.1x60x0.1,1.1x60x0.1,0.006419872590458647,,,,,,,,,,,,,,,13,FAIL
3379,3379,,,2024-08-29 06:11:25.410959,2024-08-29 06:11:25.416943,0 days 00:00:00.005984,0.0149,N95,29,21,1.1x60x0.1,1.1x60x0.1,0.013967732628957688,,,,,,,,,,,,,,,13,FAIL
3380,3380,,,2024-08-29 06:11:25.418939,2024-08-29 06:11:25.426970,0 days 00:00:00.008031,0.01435,N95,38,23,1.1x60x0.1,1.1x60x0.1,0.017698459160520298,,,,,,,,,,,,,,,13,FAIL
3381,3381,3.456258524458079e-05,96.68399271047832,2024-08-29 06:11:25.429025,2024-08-29 06:11:25.636055,0 days 00:00:00.207030,0.01435,N95,23,21,1.1x60x0.1,1.1x60x0.1,0.014217356293124397,0.00021655748008814088,0.0014156377304357555,3.7605450211454966e-05,0.2325182838533611,0.2538619183511389,0.23152077220440578,4.105738083444143e-05,3.744412150203703e-05,5.0,92.61177850815454,1.4281705334425925,2.644043668881184,0.0108,0.008825,13,COMPLETE
3382,3382,,,2024-08-29 06:11:25.638050,2024-08-29 06:11:25.648100,0 days 00:00:00.010050,0.01435,N95,18,21,1.1x60x0.1,1.1x60x0.1,0.010743698573594637,,,,,,,,,,,,,,,14,FAIL
3383,3383,,,2024-08-29 06:11:25.650095,2024-08-29 06:11:25.656080,0 days 00:00:00.005985,0.01435,N95,17,8,1.1x60x0.1,1.1x60x0.1,0.008729750864819578,,,,,,,,,,,,,,,14,FAIL
3384,3384,3.6742235017738514e-05,100.33455010210307,2024-08-29 06:11:25.656080,2024-08-29 06:11:25.849562,0 days 00:00:00.193482,0.01435,N95,23,23,1.1x60x0.1,1.1x60x0.1,0.016473771867973587,0.00022314947342213606,0.0018519608078286175,3.7605450211454966e-05,0.2325182838533611,0.25183092848429073,0.2113885311431531,4.072890650093097e-05,3.418811093664251e-05,5.0,96.19741905735009,1.4930873758718013,2.644043668881184,0.0108,0.008825,14,COMPLETE
3385,3385,3.866633958846645e-05,74.27603524004984,2024-08-29 06:11:25.852554,2024-08-29 06:11:26.057006,0 days 00:00:00.204452,0.01435,N95,34,18,1.1x60x0.1,1.1x60x0.1,0.019765642109924986,0.0003981301537631889,0.0008020568736040902,2.412419716454984e-05,0.14916233930188658,0.17168849298586847,0.27010756757180665,2.776737797932308e-05,4.368480841904319e-05,8.0,68.3577274666805,1.6878379031594277,4.2304698702098955,0.009500000000000001,0.008825,14,COMPLETE
3386,3386,,,2024-08-29 06:11:26.059002,2024-08-29 06:11:26.068975,0 days 00:00:00.009973,0.01435,N95,39,6,1.1x60x0.1,1.4x200x0.071,0.013321171651036445,,,,,,,,,,,,,,,14,FAIL
3387,3387,,,2024-08-29 06:11:26.070970,2024-08-29 06:11:26.079985,0 days 00:00:00.009015,0.01435,N95,23,17,1.4x200x0.071,1.1x60x0.1,0.016295666771716108,,,,,,,,,,,,,,,14,FAIL
3388,3388,4.596409360340857e-05,106.4165994059872,2024-08-29 06:11:26.082006,2024-08-29 06:11:26.290495,0 days 00:00:00.208489,0.0149,N95,23,21,1.1x60x0.1,1.1x60x0.1,0.017408742159865945,0.0002330833899543944,0.001431553675467792,3.7605450211454966e-05,0.21566932258363924,0.23546633431675332,0.2147440935735406,4.105738083444143e-05,3.744412150203703e-05,5.0,101.74934926860429,1.6368562131659172,3.030393924216993,0.0082,0.01105,14,COMPLETE
3389,3389,3.8352020770003415e-05,93.4834763852488,2024-08-29 06:11:26.292490,2024-08-29 06:11:26.504991,0 days 00:00:00.212501,0.01435,N95,27,18,1.1x60x0.1,1.1x60x0.1,0.019440253193695252,0.0002648514427504713,0.0008873596840929406,3.179831775981402e-05,0.19661219938496108,0.220893904979589,0.27010756757180665,3.5725426009777945e-05,4.368480841904319e-05,6.0,88.84999502793418,1.460628954657197,3.172852402657422,0.009500000000000001,0.008825,14,COMPLETE
3390,3390,3.936380606729684e-05,78.58351675351,2024-08-29 06:11:26.505988,2024-08-29 06:11:26.714429,0 days 00:00:00.208441,0.01435,N95,34,17,1.1x60x0.1,1.1x60x0.1,0.020487672889892054,0.0003971512115796441,0.0006881721063256466,2.412419716454984e-05,0.14916233930188658,0.17329138204744968,0.2859962480172071,2.8026615075868105e-05,4.625450303192809e-05,8.0,72.69766740135528,1.655379481944823,4.2304698702098955,0.009500000000000001,0.008825,14,COMPLETE
3391,3391,3.992648970223824e-05,140.11067373295998,2024-08-29 06:11:26.717421,2024-08-29 06:11:26.913896,0 days 00:00:00.196475,0.01435,N95,22,20,1.1x60x0.1,1.4x200x0.071,0.02107017386469552,0.00016489319359867867,0.0011184026897409923,3.850162050919795e-05,0.23805939500878825,0.2574501538002764,0.24309681081462603,4.163771029195031e-05,3.931632757713888e-05,5.0,137.25412552105507,1.363253691013384,1.493294520891507,0.009500000000000001,0.008825,14,COMPLETE
3392,3392,3.967114598801606e-05,52.426437042780684,2024-08-29 06:11:26.915891,2024-08-29 06:11:27.130357,0 days 00:00:00.214466,0.01435,N95,39,23,1.1x60x0.1,1.1x60x0.1,0.01950583711628476,0.0005736178803040599,0.0017604151359143965,2.144811601917549e-05,0.13261586021771274,0.15049452765135674,0.2113885311431531,2.4339653522725416e-05,3.418811093664251e-05,9.0,45.65473632348908,2.0124221153054713,4.759278603986133,0.0108,0.008825,14,COMPLETE
3393,3393,,,2024-08-29 06:11:27.131355,2024-08-29 06:11:27.142398,0 days 00:00:00.011043,0.01435,N95,34,15,1.1x60x0.1,1.1x60x0.1,0.010272328195969346,,,,,,,,,,,,,,,14,FAIL
3394,3394,,,2024-08-29 06:11:27.143396,2024-08-29 06:11:27.152373,0 days 00:00:00.008977,0.01435,N95,18,23,1.1x60x0.1,1.1x60x0.1,0.008658497536401001,,,,,,,,,,,,,,,14,FAIL
3395,3395,,,2024-08-29 06:11:27.153370,2024-08-29 06:11:27.160350,0 days 00:00:00.006980,0.01435,N95,12,12,1.4x200x0.071,1.1x60x0.1,0.013564727961577054,,,,,,,,,,,,,,,14,FAIL
3396,3396,3.7566284604882866e-05,108.6223171919496,2024-08-29 06:11:27.162346,2024-08-29 06:11:27.386745,0 days 00:00:00.224399,0.01435,N95,23,20,1.1x60x0.1,1.1x60x0.1,0.018626843928347202,0.00021033660227010912,0.0011957098788199375,3.7605450211454966e-05,0.2325182838533611,0.25502973752457664,0.24309681081462603,4.124625357620995e-05,3.931632757713888e-05,5.0,104.58256141084044,1.395712112227988,2.644043668881184,0.009500000000000001,0.008825,14,COMPLETE
3397,3397,,,2024-08-29 06:11:27.387744,2024-08-29 06:11:27.392729,0 days 00:00:00.004985,0.01435,N95,23,12,1.4x200x0.071,1.4x200x0.071,0.017738611893040893,,,,,,,,,,,,,,,14,FAIL
3398,3398,3.170868245417685e-05,105.97008632649425,2024-08-29 06:11:27.393728,2024-08-29 06:11:27.615135,0 days 00:00:00.221407,0.01435,N95,23,16,1.1x60x0.1,1.1x60x0.1,0.013862940962424847,0.00019762245282634546,0.0006533138571469244,3.7605450211454966e-05,0.2325182838533611,0.26116078818512467,0.30387101351828255,4.223783547049466e-05,4.91454094714236e-05,5.0,102.0601642302435,1.2658784273695707,2.644043668881184,0.0082,0.008825,14,COMPLETE
3399,3399,,,2024-08-29 06:11:27.618127,2024-08-29 06:11:27.628157,0 days 00:00:00.010030,0.01435,N95,38,16,1.1x60x0.1,1.1x60x0.1,0.015917038552168743,,,,,,,,,,,,,,,14,FAIL
3400,3400,,,2024-08-29 06:11:27.630218,2024-08-29 06:11:27.636286,0 days 00:00:00.006068,0.01435,N95,34,18,1.1x60x0.1,1.1x60x0.1,0.00818175903358401,,,,,,,,,,,,,,,14,FAIL
3401,3401,,,2024-08-29 06:11:27.638280,2024-08-29 06:11:27.646320,0 days 00:00:00.008040,0.01435,N95,37,13,1.1x60x0.1,1.1x60x0.1,0.02125789306003758,,,,,,,,,,,,,,,14,FAIL
3402,3402,4.113833583865011e-05,92.53966985741978,2024-08-29 06:11:27.647319,2024-08-29 06:11:27.836710,0 days 00:00:00.189391,0.01435,N95,30,18,1.1x60x0.1,1.1x60x0.1,0.022324700408452636,0.0003008194973885498,0.000814026689302833,2.758481266046025e-05,0.1705596732431335,0.19283804203096214,0.27010756757180665,3.118791893820775e-05,4.368480841904319e-05,7.0,87.28000450268512,1.5580042183010103,3.7016611364336582,0.009500000000000001,0.008825,14,COMPLETE
3403,3403,,,2024-08-29 06:11:27.839702,2024-08-29 06:11:27.847762,0 days 00:00:00.008060,0.01435,N95,34,16,1.1x60x0.1,1.1x60x0.1,0.013798684386749154,,,,,,,,,,,,,,,14,FAIL
3404,3404,,,2024-08-29 06:11:27.849760,2024-08-29 06:11:27.859730,0 days 00:00:00.009970,0.01435,N95,34,17,1.1x60x0.1,1.1x60x0.1,0.008613290065265101,,,,,,,,,,,,,,,14,FAIL
3405,3405,3.926362313253184e-05,68.27935828334361,2024-08-29 06:11:27.860728,2024-08-29 06:11:28.059198,0 days 00:00:00.198470,0.01435,N95,34,21,1.1x60x0.1,1.1x60x0.1,0.01908396157942297,0.0004008080781710347,0.0012699694300996826,2.412419716454984e-05,0.14916233930188658,0.16779576240774277,0.23152077220440578,2.7137802173428026e-05,3.744412150203703e-05,8.0,62.263675246330465,1.7852131668032407,4.2304698702098955,0.0108,0.008825,14,COMPLETE
3406,3406,4.321151388135451e-05,102.37297220277193,2024-08-29 06:11:28.061192,2024-08-29 06:11:28.279609,0 days 00:00:00.218417,0.0149,N95,23,20,1.1x60x0.1,1.1x60x0.1,0.01520593177391278,0.0002300166600021431,0.0012566029363456335,3.7605450211454966e-05,0.21566932258363924,0.23654952986534225,0.2254812982522176,4.124625357620995e-05,3.931632757713888e-05,5.0,97.74292334296098,1.5996549355939647,3.030393924216993,0.0082,0.01105,14,COMPLETE
3407,3407,4.272038719266838e-05,83.61009338833625,2024-08-29 06:11:28.280606,2024-08-29 06:11:28.481076,0 days 00:00:00.200470,0.01435,N95,34,17,1.1x60x0.1,1.1x60x0.1,0.02396247054904107,0.0003963480514177866,0.0006881721063256466,2.412419716454984e-05,0.14916233930188658,0.17329138204744968,0.2859962480172071,2.8026615075868105e-05,4.625450303192809e-05,8.0,77.72424403618153,1.655379481944823,4.2304698702098955,0.009500000000000001,0.008825,14,COMPLETE
3408,3408,,,2024-08-29 06:11:28.483065,2024-08-29 06:11:28.489104,0 days 00:00:00.006039,0.01435,N95,22,14,1.1x60x0.1,1.1x60x0.1,0.007815942123306224,,,,,,,,,,,,,,,14,FAIL
3409,3409,,,2024-08-29 06:11:28.489104,2024-08-29 06:11:28.494163,0 days 00:00:00.005059,0.01435,N95,38,11,1.1x60x0.1,1.1x60x0.1,0.014927675481915646,,,,,,,,,,,,,,,14,FAIL
3410,3410,3.87833305374047e-05,125.71214176022933,2024-08-29 06:11:28.495161,2024-08-29 06:11:28.720630,0 days 00:00:00.225469,0.0149,N95,22,16,1.1x60x0.1,1.1x60x0.1,0.012962184000577297,0.00017599938195756243,0.0006462137876986081,3.850162050919795e-05,0.2208089084667231,0.24447212357990286,0.281851622815272,4.2627686502828214e-05,4.91454094714236e-05,5.0,121.26809928827814,1.4136485477342011,3.030393924216993,0.006900000000000001,0.01105,14,COMPLETE
3411,3411,3.685609228017416e-05,66.49443598742194,2024-08-29 06:11:28.722623,2024-08-29 06:11:28.913185,0 days 00:00:00.190562,0.01435,N95,31,23,1.1x60x0.1,1.1x60x0.1,0.01659163910675355,0.00036140578806816696,0.0018059278049162423,2.7446998889213458e-05,0.16970755682379857,0.18768347120642062,0.2113885311431531,3.0354264253976727e-05,3.418811093664251e-05,7.0,61.04002010539964,1.7527547455886363,3.7016611364336582,0.0108,0.008825,14,COMPLETE
3412,3412,3.949715656852063e-05,117.98183963756165,2024-08-29 06:11:28.915181,2024-08-29 06:11:29.118636,0 days 00:00:00.203455,0.01435,N95,23,18,1.1x60x0.1,1.1x60x0.1,0.0206257199062434,0.00020141655698543078,0.0008998346701759908,3.7605450211454966e-05,0.2325182838533611,0.25775464892926464,0.27010756757180665,4.168695664033649e-05,4.368480841904319e-05,5.0,114.00700069888168,1.3307952697987795,2.644043668881184,0.009500000000000001,0.008825,14,COMPLETE
3413,3413,3.6227541367588905e-05,269.2110865343827,2024-08-29 06:11:29.121629,2024-08-29 06:11:29.326082,0 days 00:00:00.204453,0.01435,N95,23,9,1.1x60x0.1,1.4x200x0.071,0.01984095105300795,0.00016757575205764963,0.00017659980383933046,3.7605450211454966e-05,0.2325182838533611,0.4283046657741702,0.5402151351436133,6.927020756037459e-05,8.736961683808638e-05,5.0,266.67912253462384,1.03866947886734,1.493294520891507,0.006900000000000001,0.008825,14,COMPLETE
3414,3414,,,2024-08-29 06:11:29.327078,2024-08-29 06:11:29.334116,0 days 00:00:00.007038,0.01435,N95,12,17,1.1x60x0.1,1.1x60x0.1,0.013785516187569517,,,,,,,,,,,,,,,14,FAIL
3415,3415,,,2024-08-29 06:11:29.335114,2024-08-29 06:11:29.343154,0 days 00:00:00.008040,0.012,N95,34,5,1.1x60x0.1,1.1x60x0.1,0.00920872858216535,,,,,,,,,,,,,,,14,FAIL
3416,3416,,,2024-08-29 06:11:29.344152,2024-08-29 06:11:29.350204,0 days 00:00:00.006052,0.01345,N95,23,15,1.1x60x0.1,1.1x60x0.1,0.008801128595273924,,,,,,,,,,,,,,,14,FAIL
