,number,values_0,values_1,datetime_start,datetime_complete,duration,params_core_inner_diameter,params_material,params_n_p_bot,params_n_p_top,params_primary_litz_wire,params_secondary_litz_wire,params_window_h_bot,user_attrs_air_gap_bot,user_attrs_air_gap_top,user_attrs_flux_bot_max,user_attrs_flux_density_bot_max,user_attrs_flux_density_mid_max,user_attrs_flux_density_top_max,user_attrs_flux_mid_max,user_attrs_flux_top_max,user_attrs_n_s_bot,user_attrs_p_hyst,user_attrs_primary_litz_wire_loss,user_attrs_secondary_litz_wire_loss,user_attrs_window_h_top,user_attrs_window_w,system_attrs_nsga2:generation,state
3107,3107,,,2024-08-29 06:11:03.096456,2024-08-29 06:11:03.103437,0 days 00:00:00.006981,0.01435,N95,36,21,1.1x60x0.1,1.1x60x0.1,0.022361600862085898,,,,,,,,,,,,,,,12,FAIL
3108,3108,,,2024-08-29 06:11:03.104434,2024-08-29 06:11:03.109425,0 days 00:00:00.004991,0.01435,N95,31,22,1.4x200x0.071,1.1x60x0.1,0.01834368117255221,,,,,,,,,,,,,,,12,FAIL
3109,3109,,,2024-08-29 06:11:03.109425,2024-08-29 06:11:03.114409,0 days 00:00:00.004984,0.01435,N95,23,12,1.4x200x0.071,1.1x60x0.1,0.01355810938915772,,,,,,,,,,,,,,,12,FAIL
3110,3110,,,2024-08-29 06:11:03.115405,2024-08-29 06:11:03.122387,0 days 00:00:00.006982,0.01435,N95,34,12,1.1x60x0.1,1.1x60x0.1,0.006930609022762051,,,,,,,,,,,,,,,12,FAIL
3111,3111,,,2024-08-29 06:11:03.124381,2024-08-29 06:11:03.130365,0 days 00:00:00.005984,0.01435,N95,39,16,1.1x60x0.1,1.1x60x0.1,0.015302670143296811,,,,,,,,,,,,,,,12,FAIL
3112,3112,,,2024-08-29 06:11:03.131362,2024-08-29 06:11:03.145325,0 days 00:00:00.013963,0.01345,N95,34,6,1.1x60x0.1,1.1x60x0.1,0.010674163789501631,,,,,,,,,,,,,,,12,FAIL
3113,3113,,,2024-08-29 06:11:03.145325,2024-08-29 06:11:03.153303,0 days 00:00:00.007978,0.01435,N95,11,17,1.1x60x0.1,1.1x60x0.1,0.013534160082756494,,,,,,,,,,,,,,,12,FAIL
3114,3114,,,2024-08-29 06:11:03.154301,2024-08-29 06:11:03.161283,0 days 00:00:00.006982,0.01435,N95,34,21,1.4x200x0.071,1.4x200x0.071,0.011997655771427494,,,,,,,,,,,,,,,12,FAIL
3115,3115,,,2024-08-29 06:11:03.162279,2024-08-29 06:11:03.167266,0 days 00:00:00.004987,0.01435,N95,34,15,1.4x200x0.071,1.1x60x0.1,0.024984533273576415,,,,,,,,,,,,,,,12,FAIL
3116,3116,4.793982360556802e-05,66.43809517720044,2024-08-29 06:11:03.168264,2024-08-29 06:11:03.353768,0 days 00:00:00.185504,0.0149,N95,34,23,1.1x60x0.1,1.1x60x0.1,0.01898986205758444,0.00043667344802292225,0.0016677865198760882,2.412419716454984e-05,0.13835359585105508,0.15375296776520136,0.19607069413236314,2.680932783991756e-05,3.418811093664251e-05,8.0,59.46899207685195,2.120472821601302,4.848630278747189,0.0082,0.01105,12,COMPLETE
3117,3117,,,2024-08-29 06:11:03.355762,2024-08-29 06:11:03.359751,0 days 00:00:00.003989,0.012,N95,27,17,1.1x60x0.1,1.1x60x0.1,0.011186239854303687,,,,,,,,,,,,,,,12,FAIL
3118,3118,,,2024-08-29 06:11:03.360750,2024-08-29 06:11:03.364738,0 days 00:00:00.003988,0.01435,N95,22,8,1.1x60x0.1,1.1x60x0.1,0.008945858025610466,,,,,,,,,,,,,,,12,FAIL
3119,3119,,,2024-08-29 06:11:03.364738,2024-08-29 06:11:03.369725,0 days 00:00:00.004987,0.01435,N95,34,4,1.1x60x0.1,1.1x60x0.1,0.0065129586305828595,,,,,,,,,,,,,,,12,FAIL
3120,3120,,,2024-08-29 06:11:03.369725,2024-08-29 06:11:03.374711,0 days 00:00:00.004986,0.01345,N95,23,16,1.1x60x0.1,1.1x60x0.1,0.01081212710297252,,,,,,,,,,,,,,,12,FAIL
3121,3121,3.509186265994539e-05,174.47753163197766,2024-08-29 06:11:03.375708,2024-08-29 06:11:03.567196,0 days 00:00:00.191488,0.01435,N95,34,10,1.1x60x0.1,1.1x60x0.1,0.018665274503725012,0.0003913748226489805,0.00018698463833558611,2.412419716454984e-05,0.14916233930188658,0.3483358699756086,0.48619362162925206,5.633676198768421e-05,7.863265515427775e-05,8.0,168.81889122832516,1.4281705334425925,4.2304698702098955,0.006900000000000001,0.008825,12,COMPLETE
3122,3122,4.204811833476473e-05,82.60332926766797,2024-08-29 06:11:03.568195,2024-08-29 06:11:03.815532,0 days 00:00:00.247337,0.01435,N95,34,17,1.1x60x0.1,1.1x60x0.1,0.02326652483329323,0.0003965396061795585,0.0006881721063256466,2.412419716454984e-05,0.14916233930188658,0.17329138204744968,0.2859962480172071,2.8026615075868105e-05,4.625450303192809e-05,8.0,76.71747991551325,1.655379481944823,4.2304698702098955,0.009500000000000001,0.008825,12,COMPLETE
3123,3123,,,2024-08-29 06:11:03.816533,2024-08-29 06:11:03.820519,0 days 00:00:00.003986,0.01435,N95,31,15,1.1x60x0.1,1.1x60x0.1,0.011236726961274267,,,,,,,,,,,,,,,12,FAIL
3124,3124,,,2024-08-29 06:11:03.821521,2024-08-29 06:11:03.825505,0 days 00:00:00.003984,0.01345,N95,23,20,1.1x60x0.1,1.1x60x0.1,0.004632308622034775,,,,,,,,,,,,,,,12,FAIL
3125,3125,3.4281662428986894e-05,134.8502960788088,2024-08-29 06:11:03.826502,2024-08-29 06:11:04.052897,0 days 00:00:00.226395,0.01435,N95,22,16,1.1x60x0.1,1.1x60x0.1,0.016526539564564277,0.00016030264261912992,0.0006064714471951399,3.850162050919795e-05,0.23805939500878825,0.2635712763586992,0.30387101351828255,4.2627686502828214e-05,4.91454094714236e-05,5.0,130.97283240377266,1.2334200061549663,2.644043668881184,0.0082,0.008825,12,COMPLETE
3126,3126,3.7724149261101824e-05,84.83341982411892,2024-08-29 06:11:04.054892,2024-08-29 06:11:04.271313,0 days 00:00:00.216421,0.0149,N95,26,21,1.1x60x0.1,1.1x60x0.1,0.010814551687749668,0.0002519179633166612,0.0013280169119848795,3.217217402876327e-05,0.18450918523275067,0.2013776468820846,0.2147440935735406,3.511346436666869e-05,3.744412150203703e-05,6.0,79.44848706917676,1.7484600458817754,3.6364727090603917,0.0082,0.01105,12,COMPLETE
3127,3127,3.5033724785326206e-05,190.8590525049298,2024-08-29 06:11:04.273308,2024-08-29 06:11:04.471775,0 days 00:00:00.198467,0.01435,N95,18,15,1.1x60x0.1,1.1x60x0.1,0.0173050890521929,0.00010987122379700523,0.0005246583744754121,4.7697476639721074e-05,0.2949182990774419,0.32316612325531974,0.3241290810861681,5.2266029822287344e-05,5.242177010285185e-05,4.0,187.6726896697429,1.0711279000819447,2.1152349351049478,0.0082,0.008825,12,COMPLETE
3128,3128,,,2024-08-29 06:11:04.473773,2024-08-29 06:11:04.481750,0 days 00:00:00.007977,0.01435,N95,23,9,1.4x200x0.071,1.4x200x0.071,0.018445894578452963,,,,,,,,,,,,,,,12,FAIL
3129,3129,3.723877079009806e-05,132.07896776771042,2024-08-29 06:11:04.483745,2024-08-29 06:11:04.743051,0 days 00:00:00.259306,0.01435,N95,22,20,1.1x60x0.1,1.1x60x0.1,0.01828779529688377,0.0001666850453917975,0.0011184026897409923,3.850162050919795e-05,0.23805939500878825,0.2574501538002764,0.24309681081462603,4.163771029195031e-05,3.931632757713888e-05,5.0,128.07167040781584,1.363253691013384,2.644043668881184,0.009500000000000001,0.008825,12,COMPLETE
3130,3130,,,2024-08-29 06:11:04.744049,2024-08-29 06:11:04.753025,0 days 00:00:00.008976,0.01435,N95,27,16,1.1x60x0.1,1.1x60x0.1,0.012420309973164602,,,,,,,,,,,,,,,12,FAIL
3131,3131,3.215154354178683e-05,101.44352713461006,2024-08-29 06:11:04.755019,2024-08-29 06:11:05.024500,0 days 00:00:00.269481,0.01435,N95,23,17,1.1x60x0.1,1.1x60x0.1,0.013021399320223368,0.0002018506751257444,0.000775060706009103,3.7605450211454966e-05,0.2325182838533611,0.2593575379908458,0.2859962480172071,4.194619373688151e-05,4.625450303192809e-05,5.0,97.50114661714471,1.2983368485841749,2.644043668881184,0.009500000000000001,0.008825,12,COMPLETE
3132,3132,,,2024-08-29 06:11:05.025560,2024-08-29 06:11:05.032542,0 days 00:00:00.006982,0.01435,N95,36,15,1.1x60x0.1,1.1x60x0.1,0.008062577411651613,,,,,,,,,,,,,,,12,FAIL
3133,3133,,,2024-08-29 06:11:05.034536,2024-08-29 06:11:05.042575,0 days 00:00:00.008039,0.01435,N95,23,1,1.1x60x0.1,1.1x60x0.1,0.014445915612458171,,,,,,,,,,,,,,,12,FAIL
3134,3134,3.323332866921405e-05,182.14889522669037,2024-08-29 06:11:05.043572,2024-08-29 06:11:05.321828,0 days 00:00:00.278256,0.01435,N95,18,15,1.1x60x0.1,1.1x60x0.1,0.01544128419357653,0.00011112148041005776,0.0005246583744754121,4.7697476639721074e-05,0.2949182990774419,0.32316612325531974,0.3241290810861681,5.2266029822287344e-05,5.242177010285185e-05,4.0,178.9625323915035,1.0711279000819447,2.1152349351049478,0.0082,0.008825,12,COMPLETE
3135,3135,,,2024-08-29 06:11:05.322826,2024-08-29 06:11:05.326815,0 days 00:00:00.003989,0.01435,N95,22,5,1.1x60x0.1,1.1x60x0.1,0.00663561648049082,,,,,,,,,,,,,,,12,FAIL
3136,3136,,,2024-08-29 06:11:05.327813,2024-08-29 06:11:05.333795,0 days 00:00:00.005982,0.01435,N95,34,1,1.1x60x0.1,1.1x60x0.1,0.01734433454806937,,,,,,,,,,,,,,,12,FAIL
3137,3137,4.266656305989816e-05,241.07520297420618,2024-08-29 06:11:05.333795,2024-08-29 06:11:05.585124,0 days 00:00:00.251329,0.01435,N95,23,10,1.4x200x0.071,1.1x60x0.1,0.024006750766449793,0.00016861863079936225,0.000221499513581512,3.7605450211454966e-05,0.2325182838533611,0.3743518533782035,0.48619362162925206,6.054435698767706e-05,7.863265515427775e-05,5.0,237.82621111812534,0.6049481871996533,2.644043668881184,0.0094,0.008825,12,COMPLETE
3138,3138,,,2024-08-29 06:11:05.587119,2024-08-29 06:11:05.599086,0 days 00:00:00.011967,0.01435,N95,8,15,1.1x60x0.1,1.1x60x0.1,0.01913653591690047,,,,,,,,,,,,,,,12,FAIL
3139,3139,,,2024-08-29 06:11:05.601082,2024-08-29 06:11:05.610057,0 days 00:00:00.008975,0.01435,N95,22,22,1.4x200x0.071,1.1x60x0.1,0.008494579859526096,,,,,,,,,,,,,,,12,FAIL
3140,3140,4.126283618373204e-05,149.54032590629,2024-08-29 06:11:05.612052,2024-08-29 06:11:05.822489,0 days 00:00:00.210437,0.01435,N95,22,18,1.1x60x0.1,1.1x60x0.1,0.022453585572104397,0.00016021313583206457,0.000838182392308154,3.850162050919795e-05,0.23805939500878825,0.2601651371028392,0.27010756757180665,4.207680767267004e-05,4.368480841904319e-05,5.0,145.59794538882466,1.2983368485841749,2.644043668881184,0.009500000000000001,0.008825,12,COMPLETE
3141,3141,4.065664504000265e-05,134.08110058473724,2024-08-29 06:11:05.824483,2024-08-29 06:11:06.075223,0 days 00:00:00.250740,0.01435,N95,23,15,1.1x60x0.1,1.4x200x0.071,0.023126044783262432,0.00018828485690479193,0.000558029934821185,3.7605450211454966e-05,0.2325182838533611,0.26320447173864064,0.3241290810861681,4.2568362768589565e-05,5.242177010285185e-05,5.0,131.35438605769076,1.2334200061549663,1.493294520891507,0.0082,0.008825,12,COMPLETE
3142,3142,,,2024-08-29 06:11:06.077295,2024-08-29 06:11:06.089261,0 days 00:00:00.011966,0.0149,N95,26,12,1.1x60x0.1,1.1x60x0.1,0.005392870432093162,,,,,,,,,,,,,,,12,FAIL
3143,3143,,,2024-08-29 06:11:06.091256,2024-08-29 06:11:06.100232,0 days 00:00:00.008976,0.0149,N95,23,21,1.1x60x0.1,1.1x60x0.1,0.0066398855063091195,,,,,,,,,,,,,,,12,FAIL
3144,3144,4.618448268463335e-05,197.20658993508465,2024-08-29 06:11:06.102227,2024-08-29 06:11:06.321639,0 days 00:00:00.219412,0.0149,N95,18,15,1.4x200x0.071,1.1x60x0.1,0.017985113203066953,0.00011895872330984817,0.0005667446139906858,4.7697476639721074e-05,0.27354764849229546,0.2997485519392981,0.3006417310029569,5.2266029822287344e-05,5.242177010285185e-05,4.0,194.0591340478071,0.7231407479039687,2.4243151393735944,0.0078000000000000005,0.01105,12,COMPLETE
3145,3145,,,2024-08-29 06:11:06.324631,2024-08-29 06:11:06.330617,0 days 00:00:00.005986,0.01435,N95,31,0,1.1x60x0.1,1.1x60x0.1,0.007763419606559982,,,,,,,,,,,,,,,12,FAIL
3146,3146,4.367678767111201e-05,129.16537619358408,2024-08-29 06:11:06.332611,2024-08-29 06:11:06.576957,0 days 00:00:00.244346,0.01435,N95,23,18,1.1x60x0.1,1.1x60x0.1,0.02495255481025107,0.00019868108193177775,0.0008998346701759908,3.7605450211454966e-05,0.2325182838533611,0.25775464892926464,0.27010756757180665,4.168695664033649e-05,4.368480841904319e-05,5.0,125.1905372549041,1.3307952697987795,2.644043668881184,0.009500000000000001,0.008825,12,COMPLETE
3147,3147,,,2024-08-29 06:11:06.578952,2024-08-29 06:11:06.587927,0 days 00:00:00.008975,0.01435,N95,31,15,1.4x200x0.071,1.1x60x0.1,0.011894255068263446,,,,,,,,,,,,,,,12,FAIL
3148,3148,4.310955929306756e-05,99.31778519567665,2024-08-29 06:11:06.589921,2024-08-29 06:11:06.850226,0 days 00:00:00.260305,0.0149,N95,23,23,1.1x60x0.1,1.1x60x0.1,0.015124340449173056,0.000242588467532508,0.0018319223496539921,3.7605450211454966e-05,0.21566932258363924,0.23358251597138127,0.19607069413236314,4.072890650093097e-05,3.418811093664251e-05,5.0,94.57613250314984,1.7112587683098224,3.030393924216993,0.0082,0.01105,12,COMPLETE
3149,3149,,,2024-08-29 06:11:06.852222,2024-08-29 06:11:06.859202,0 days 00:00:00.006980,0.01435,N95,34,21,1.1x60x0.1,1.1x60x0.1,0.013378833929955872,,,,,,,,,,,,,,,12,FAIL
3150,3150,,,2024-08-29 06:11:06.860199,2024-08-29 06:11:06.867180,0 days 00:00:00.006981,0.01435,N95,23,17,1.1x60x0.1,1.1x60x0.1,0.010351777474401653,,,,,,,,,,,,,,,12,FAIL
3151,3151,,,2024-08-29 06:11:06.868180,2024-08-29 06:11:06.875158,0 days 00:00:00.006978,0.01435,N95,27,21,1.1x60x0.1,1.1x60x0.1,0.008351818749858637,,,,,,,,,,,,,,,12,FAIL
3152,3152,,,2024-08-29 06:11:06.876156,2024-08-29 06:11:06.885132,0 days 00:00:00.008976,0.01435,N95,17,18,1.1x60x0.1,1.1x60x0.1,0.006605396357719579,,,,,,,,,,,,,,,12,FAIL
3153,3153,,,2024-08-29 06:11:06.887127,2024-08-29 06:11:06.898098,0 days 00:00:00.010971,0.0149,N95,34,21,1.1x60x0.1,1.1x60x0.1,0.006611077590812932,,,,,,,,,,,,,,,12,FAIL
3154,3154,,,2024-08-29 06:11:06.899096,2024-08-29 06:11:06.907073,0 days 00:00:00.007977,0.01435,N95,18,8,1.1x60x0.1,1.1x60x0.1,0.024695745149059492,,,,,,,,,,,,,,,12,FAIL
3155,3155,3.0038679885793555e-05,176.92904658445056,2024-08-29 06:11:06.909068,2024-08-29 06:11:07.112524,0 days 00:00:00.203456,0.01435,N95,22,11,1.1x60x0.1,1.1x60x0.1,0.013434122024747959,0.00015291652987938794,0.00024707097013741344,3.850162050919795e-05,0.23805939500878825,0.27750548240539924,0.4419942014811383,4.4881281717111654e-05,7.148423195843433e-05,5.0,173.21387501548745,1.0711279000819447,2.644043668881184,0.006900000000000001,0.008825,12,COMPLETE
3156,3156,,,2024-08-29 06:11:07.114519,2024-08-29 06:11:07.120503,0 days 00:00:00.005984,0.012,N95,18,15,1.1x60x0.1,1.1x60x0.1,0.004472562355216733,,,,,,,,,,,,,,,12,FAIL
3157,3157,3.81166664432829e-05,110.09494827104963,2024-08-29 06:11:07.121500,2024-08-29 06:11:07.381631,0 days 00:00:00.260131,0.01435,N95,23,20,1.1x60x0.1,1.1x60x0.1,0.019196609845593987,0.00021000615891667962,0.0011957098788199375,3.7605450211454966e-05,0.2325182838533611,0.25502973752457664,0.24309681081462603,4.124625357620995e-05,3.931632757713888e-05,5.0,106.05519248994047,1.395712112227988,2.644043668881184,0.009500000000000001,0.008825,12,COMPLETE
3158,3158,3.1827790191067275e-05,93.2685286392397,2024-08-29 06:11:07.383622,2024-08-29 06:11:07.651904,0 days 00:00:00.268282,0.01435,N95,23,20,1.1x60x0.1,1.1x60x0.1,0.012686243593844954,0.00021344602399713555,0.0011957098788199375,3.7605450211454966e-05,0.2325182838533611,0.25502973752457664,0.24309681081462603,4.124625357620995e-05,3.931632757713888e-05,5.0,89.22877285813054,1.395712112227988,2.644043668881184,0.009500000000000001,0.008825,12,COMPLETE
3159,3159,,,2024-08-29 06:11:07.652902,2024-08-29 06:11:07.661879,0 days 00:00:00.008977,0.01435,N95,34,18,1.1x60x0.1,1.1x60x0.1,0.011855329852261315,,,,,,,,,,,,,,,12,FAIL
3160,3160,3.6203235197530463e-05,109.16839842984481,2024-08-29 06:11:07.663872,2024-08-29 06:11:07.892260,0 days 00:00:00.228388,0.01435,N95,23,18,1.1x60x0.1,1.1x60x0.1,0.017215788835958118,0.00020343215163037598,0.0008998346701759908,3.7605450211454966e-05,0.2325182838533611,0.25775464892926464,0.27010756757180665,4.168695664033649e-05,4.368480841904319e-05,5.0,105.19355949116485,1.3307952697987795,2.644043668881184,0.009500000000000001,0.008825,12,COMPLETE
3161,3161,4.2267953967864956e-05,79.66949467355663,2024-08-29 06:11:07.894256,2024-08-29 06:11:08.165530,0 days 00:00:00.271274,0.01435,N95,34,18,1.1x60x0.1,1.1x60x0.1,0.023494102929803452,0.0003973534505650351,0.0008020568736040902,2.412419716454984e-05,0.14916233930188658,0.17168849298586847,0.27010756757180665,2.776737797932308e-05,4.368480841904319e-05,8.0,73.75118690018729,1.6878379031594277,4.2304698702098955,0.009500000000000001,0.008825,12,COMPLETE
3162,3162,3.9575817949064796e-05,88.13361881664747,2024-08-29 06:11:08.167525,2024-08-29 06:11:08.394917,0 days 00:00:00.227392,0.0149,N95,26,21,1.1x60x0.1,1.1x60x0.1,0.012296388883783843,0.000251459065076661,0.0013280169119848795,3.217217402876327e-05,0.18450918523275067,0.2013776468820846,0.2147440935735406,3.511346436666869e-05,3.744412150203703e-05,6.0,82.74868606170531,1.7484600458817754,3.6364727090603917,0.0082,0.01105,12,COMPLETE
3163,3163,,,2024-08-29 06:11:08.396913,2024-08-29 06:11:08.407882,0 days 00:00:00.010969,0.01435,N95,31,23,1.1x60x0.1,1.1x60x0.1,0.012905138809430871,,,,,,,,,,,,,,,12,FAIL
3164,3164,3.038130286778643e-05,133.3971039635401,2024-08-29 06:11:08.409877,2024-08-29 06:11:08.603359,0 days 00:00:00.193482,0.01435,N95,26,12,1.1x60x0.1,1.1x60x0.1,0.013788811958144914,0.0002177164282724574,0.00029565163374893665,3.217217402876327e-05,0.19892379032656934,0.24285573640879518,0.40516135135771003,3.927733833545221e-05,6.552721262856479e-05,6.0,128.99083155472772,1.2334200061549663,3.172852402657422,0.006900000000000001,0.008825,12,COMPLETE
3165,3165,4.1120810498300194e-05,122.32626240095175,2024-08-29 06:11:08.604356,2024-08-29 06:11:08.829755,0 days 00:00:00.225399,0.01435,N95,23,18,1.1x60x0.1,1.1x60x0.1,0.02230655783738133,0.00020037401864552695,0.0008998346701759908,3.7605450211454966e-05,0.2325182838533611,0.25775464892926464,0.27010756757180665,4.168695664033649e-05,4.368480841904319e-05,5.0,118.35142346227178,1.3307952697987795,2.644043668881184,0.009500000000000001,0.008825,12,COMPLETE
3166,3166,4.5664062547584166e-05,121.14888837583452,2024-08-29 06:11:08.830752,2024-08-29 06:11:09.054153,0 days 00:00:00.223401,0.01435,N95,23,20,1.4x200x0.071,1.1x60x0.1,0.022309820173705294,0.00020813047012665297,0.0013132206822991839,3.7605450211454966e-05,0.2325182838533611,0.25502973752457664,0.24309681081462603,4.124625357620995e-05,3.931632757713888e-05,5.0,117.71657888726894,0.7882658196843967,2.644043668881184,0.0142,0.008825,12,COMPLETE
3167,3167,3.517799220128001e-05,98.33053839408203,2024-08-29 06:11:09.056148,2024-08-29 06:11:09.263592,0 days 00:00:00.207444,0.01435,N95,23,21,1.1x60x0.1,1.1x60x0.1,0.014854437469681922,0.0002162422399157438,0.0014156377304357555,3.7605450211454966e-05,0.2325182838533611,0.2538619183511389,0.23152077220440578,4.105738083444143e-05,3.744412150203703e-05,5.0,94.25832419175825,1.4281705334425925,2.644043668881184,0.0108,0.008825,12,COMPLETE
3168,3168,,,2024-08-29 06:11:09.265588,2024-08-29 06:11:09.276559,0 days 00:00:00.010971,0.01435,N95,31,21,1.1x60x0.1,1.1x60x0.1,0.009633850934054706,,,,,,,,,,,,,,,12,FAIL
3169,3169,,,2024-08-29 06:11:09.278553,2024-08-29 06:11:09.286531,0 days 00:00:00.007978,0.01435,N95,39,23,1.4x200x0.071,1.1x60x0.1,0.019193787726505103,,,,,,,,,,,,,,,12,FAIL
3170,3170,,,2024-08-29 06:11:09.287529,2024-08-29 06:11:09.294510,0 days 00:00:00.006981,0.012,N95,22,14,1.1x60x0.1,1.1x60x0.1,0.008005969388412186,,,,,,,,,,,,,,,12,FAIL
3171,3171,,,2024-08-29 06:11:09.295508,2024-08-29 06:11:09.303486,0 days 00:00:00.007978,0.01345,N95,26,23,1.1x60x0.1,1.1x60x0.1,0.009356323097833737,,,,,,,,,,,,,,,12,FAIL
3172,3172,,,2024-08-29 06:11:09.304483,2024-08-29 06:11:09.311464,0 days 00:00:00.006981,0.0149,N95,23,20,1.1x60x0.1,1.1x60x0.1,0.009446831318355628,,,,,,,,,,,,,,,12,FAIL
3173,3173,3.4159564533915515e-05,139.35246708083338,2024-08-29 06:11:09.313460,2024-08-29 06:11:09.516916,0 days 00:00:00.203456,0.01435,N95,22,15,1.1x60x0.1,1.1x60x0.1,0.016400141463599534,0.00015851752364455475,0.0005164216285503456,3.850162050919795e-05,0.23805939500878825,0.2656149599122152,0.3241290810861681,4.295821380092312e-05,5.242177010285185e-05,5.0,135.50746182701184,1.2009615849403619,2.644043668881184,0.0082,0.008825,12,COMPLETE
3174,3174,,,2024-08-29 06:11:09.517913,2024-08-29 06:11:09.524894,0 days 00:00:00.006981,0.01435,N95,34,18,1.1x60x0.1,1.1x60x0.1,0.015795966757781485,,,,,,,,,,,,,,,12,FAIL
3175,3175,,,2024-08-29 06:11:09.524894,2024-08-29 06:11:09.529881,0 days 00:00:00.004987,0.01435,N95,31,15,1.4x200x0.071,1.1x60x0.1,0.012394803148316067,,,,,,,,,,,,,,,12,FAIL
3176,3176,3.519491535677029e-05,102.27742683111113,2024-08-29 06:11:09.529881,2024-08-29 06:11:09.727353,0 days 00:00:00.197472,0.01435,N95,23,20,1.1x60x0.1,1.1x60x0.1,0.016171956647347125,0.00021170460817963654,0.0011957098788199375,3.7605450211454966e-05,0.2325182838533611,0.25502973752457664,0.24309681081462603,4.124625357620995e-05,3.931632757713888e-05,5.0,98.23767105000196,1.395712112227988,2.644043668881184,0.009500000000000001,0.008825,12,COMPLETE
3177,3177,,,2024-08-29 06:11:09.729347,2024-08-29 06:11:09.738323,0 days 00:00:00.008976,0.01435,N95,3,15,1.1x60x0.1,1.1x60x0.1,0.018512142501513253,,,,,,,,,,,,,,,12,FAIL
3178,3178,4.227494634244713e-05,77.21770252694121,2024-08-29 06:11:09.740318,2024-08-29 06:11:09.949758,0 days 00:00:00.209440,0.01435,N95,34,19,1.1x60x0.1,1.1x60x0.1,0.023501341571124046,0.0003982268696436947,0.0009299288750544886,2.412419716454984e-05,0.14916233930188658,0.17025432908866428,0.25589137980486953,2.753542899820385e-05,4.1385607975935666e-05,8.0,71.26693633235728,1.7202963243740321,4.2304698702098955,0.009500000000000001,0.008825,12,COMPLETE
3179,3179,4.340809004286881e-05,207.34675120687854,2024-08-29 06:11:09.951752,2024-08-29 06:11:10.183133,0 days 00:00:00.231381,0.01435,N95,18,17,1.4x200x0.071,1.1x60x0.1,0.021574393831932694,0.00011128841343501988,0.0007575682563487949,4.7697476639721074e-05,0.2949182990774419,0.3193191895075249,0.2859962480172071,5.164386079057929e-05,4.625450303192809e-05,4.0,204.589904558077,0.6416117136966021,2.1152349351049478,0.0126,0.008825,12,COMPLETE
3180,3180,3.365710545361065e-05,93.04719248345545,2024-08-29 06:11:10.186125,2024-08-29 06:11:10.399553,0 days 00:00:00.213428,0.01435,N95,23,22,1.1x60x0.1,1.1x60x0.1,0.013279986111814843,0.00022084476822114158,0.0016223126231755265,3.7605450211454966e-05,0.2325182838533611,0.25280026455710464,0.22099710074056916,4.0885678341924596e-05,3.574211597921717e-05,5.0,88.94251985991707,1.460628954657197,2.644043668881184,0.0108,0.008825,12,COMPLETE
3181,3181,,,2024-08-29 06:11:10.400554,2024-08-29 06:11:10.409528,0 days 00:00:00.008974,0.01435,N95,23,20,1.1x60x0.1,1.1x60x0.1,0.009751983092904114,,,,,,,,,,,,,,,12,FAIL
