,number,values_0,values_1,datetime_start,datetime_complete,duration,params_core_inner_diameter,params_material,params_n_p_bot,params_n_p_top,params_primary_litz_wire,params_secondary_litz_wire,params_window_h_bot,user_attrs_air_gap_bot,user_attrs_air_gap_top,user_attrs_flux_bot_max,user_attrs_flux_density_bot_max,user_attrs_flux_density_mid_max,user_attrs_flux_density_top_max,user_attrs_flux_mid_max,user_attrs_flux_top_max,user_attrs_n_s_bot,user_attrs_p_hyst,user_attrs_primary_litz_wire_loss,user_attrs_secondary_litz_wire_loss,user_attrs_window_h_top,user_attrs_window_w,system_attrs_nsga2:generation,state
1534,1534,,,2024-08-29 06:08:38.190699,2024-08-29 06:08:38.197799,0 days 00:00:00.007100,0.01435,N95,37,12,1.4x200x0.071,1.4x200x0.071,0.022464115465914737,,,,,,,,,,,,,,,0,FAIL
1535,1535,,,2024-08-29 06:08:38.198872,2024-08-29 06:08:38.205860,0 days 00:00:00.006988,0.01345,N95,29,8,1.4x200x0.071,1.1x60x0.1,0.0031368170785726806,,,,,,,,,,,,,,,0,FAIL
1536,1536,,,2024-08-29 06:08:38.206854,2024-08-29 06:08:38.212835,0 days 00:00:00.005981,0.012,N95,1,24,1.4x200x0.071,1.4x200x0.071,0.014008315138498716,,,,,,,,,,,,,,,0,FAIL
1537,1537,,,2024-08-29 06:08:38.213832,2024-08-29 06:08:38.220814,0 days 00:00:00.006982,0.012,N95,1,20,1.1x60x0.1,1.1x60x0.1,0.014912467929714644,,,,,,,,,,,,,,,0,FAIL
1538,1538,,,2024-08-29 06:08:38.221811,2024-08-29 06:08:38.230788,0 days 00:00:00.008977,0.012,N95,5,3,1.1x60x0.1,1.1x60x0.1,0.015940280157031413,,,,,,,,,,,,,,,0,FAIL
1539,1539,,,2024-08-29 06:08:38.230788,2024-08-29 06:08:38.236771,0 days 00:00:00.005983,0.012,N95,0,18,1.4x200x0.071,1.4x200x0.071,0.013645734789678378,,,,,,,,,,,,,,,0,FAIL
1540,1540,,,2024-08-29 06:08:38.237769,2024-08-29 06:08:38.244750,0 days 00:00:00.006981,0.01435,N95,12,6,1.1x60x0.1,1.1x60x0.1,0.017848014515128054,,,,,,,,,,,,,,,0,FAIL
1541,1541,,,2024-08-29 06:08:38.245747,2024-08-29 06:08:38.251731,0 days 00:00:00.005984,0.012,N95,7,5,1.4x200x0.071,1.4x200x0.071,0.006052888864219641,,,,,,,,,,,,,,,0,FAIL
1542,1542,,,2024-08-29 06:08:38.251731,2024-08-29 06:08:38.258712,0 days 00:00:00.006981,0.01435,N95,26,17,1.4x200x0.071,1.1x60x0.1,0.008107847610249769,,,,,,,,,,,,,,,0,FAIL
1543,1543,,,2024-08-29 06:08:38.259710,2024-08-29 06:08:38.265693,0 days 00:00:00.005983,0.01345,N95,22,14,1.4x200x0.071,1.1x60x0.1,0.006883139213232079,,,,,,,,,,,,,,,0,FAIL
1544,1544,,,2024-08-29 06:08:38.266692,2024-08-29 06:08:38.273673,0 days 00:00:00.006981,0.01345,N95,0,19,1.1x60x0.1,1.1x60x0.1,0.010429268120403248,,,,,,,,,,,,,,,0,FAIL
1545,1545,,,2024-08-29 06:08:38.274670,2024-08-29 06:08:38.279656,0 days 00:00:00.004986,0.012,N95,34,16,1.4x200x0.071,1.4x200x0.071,0.015069304801035646,,,,,,,,,,,,,,,0,FAIL
1546,1546,,,2024-08-29 06:08:38.280654,2024-08-29 06:08:38.286637,0 days 00:00:00.005983,0.01435,N95,35,15,1.1x60x0.1,1.1x60x0.1,0.014576389618866687,,,,,,,,,,,,,,,0,FAIL
1547,1547,,,2024-08-29 06:08:38.286637,2024-08-29 06:08:38.294616,0 days 00:00:00.007979,0.0149,N95,26,18,1.4x200x0.071,1.1x60x0.1,0.009493996561848444,,,,,,,,,,,,,,,0,FAIL
1548,1548,,,2024-08-29 06:08:38.295614,2024-08-29 06:08:38.301597,0 days 00:00:00.005983,0.01345,N95,19,7,1.1x60x0.1,1.4x200x0.071,0.004047967687774421,,,,,,,,,,,,,,,0,FAIL
1549,1549,,,2024-08-29 06:08:38.302595,2024-08-29 06:08:38.307586,0 days 00:00:00.004991,0.01345,N95,31,10,1.1x60x0.1,1.1x60x0.1,0.011006734000743007,,,,,,,,,,,,,,,0,FAIL
1550,1550,,,2024-08-29 06:08:38.308580,2024-08-29 06:08:38.314563,0 days 00:00:00.005983,0.01435,N95,24,2,1.4x200x0.071,1.4x200x0.071,0.01668771515870974,,,,,,,,,,,,,,,0,FAIL
1551,1551,,,2024-08-29 06:08:38.315561,2024-08-29 06:08:38.320548,0 days 00:00:00.004987,0.012,N95,5,18,1.1x60x0.1,1.1x60x0.1,0.010611766532837515,,,,,,,,,,,,,,,0,FAIL
1552,1552,,,2024-08-29 06:08:38.321546,2024-08-29 06:08:38.327528,0 days 00:00:00.005982,0.01345,N95,18,15,1.1x60x0.1,1.1x60x0.1,0.004719704375540924,,,,,,,,,,,,,,,0,FAIL
1553,1553,,,2024-08-29 06:08:38.328526,2024-08-29 06:08:38.333512,0 days 00:00:00.004986,0.012,N95,22,22,1.4x200x0.071,1.4x200x0.071,0.007026629033165494,,,,,,,,,,,,,,,0,FAIL
1554,1554,,,2024-08-29 06:08:38.334515,2024-08-29 06:08:38.339496,0 days 00:00:00.004981,0.01345,N95,33,15,1.1x60x0.1,1.1x60x0.1,0.008757175186220018,,,,,,,,,,,,,,,0,FAIL
1555,1555,,,2024-08-29 06:08:38.340493,2024-08-29 06:08:38.345482,0 days 00:00:00.004989,0.012,N95,27,16,1.1x60x0.1,1.4x200x0.071,0.011198543824969286,,,,,,,,,,,,,,,0,FAIL
1556,1556,,,2024-08-29 06:08:38.346477,2024-08-29 06:08:38.352462,0 days 00:00:00.005985,0.01435,N95,31,18,1.4x200x0.071,1.1x60x0.1,0.01649924147366056,,,,,,,,,,,,,,,0,FAIL
1557,1557,,,2024-08-29 06:08:38.353463,2024-08-29 06:08:38.359443,0 days 00:00:00.005980,0.01345,N95,11,18,1.1x60x0.1,1.4x200x0.071,0.009207263054809713,,,,,,,,,,,,,,,0,FAIL
1558,1558,,,2024-08-29 06:08:38.360441,2024-08-29 06:08:38.365429,0 days 00:00:00.004988,0.01435,N95,22,12,1.4x200x0.071,1.4x200x0.071,0.014619124565083103,,,,,,,,,,,,,,,0,FAIL
1559,1559,,,2024-08-29 06:08:38.365429,2024-08-29 06:08:38.371411,0 days 00:00:00.005982,0.01345,N95,10,12,1.4x200x0.071,1.1x60x0.1,0.01013483275422658,,,,,,,,,,,,,,,0,FAIL
1560,1560,,,2024-08-29 06:08:38.372408,2024-08-29 06:08:38.376413,0 days 00:00:00.004005,0.01345,N95,32,20,1.1x60x0.1,1.1x60x0.1,0.010491092739776654,,,,,,,,,,,,,,,0,FAIL
1561,1561,,,2024-08-29 06:08:38.377399,2024-08-29 06:08:38.381384,0 days 00:00:00.003985,0.01435,N95,15,16,1.1x60x0.1,1.1x60x0.1,0.007923845518596553,,,,,,,,,,,,,,,0,FAIL
1562,1562,,,2024-08-29 06:08:38.382383,2024-08-29 06:08:38.387370,0 days 00:00:00.004987,0.01345,N95,7,24,1.1x60x0.1,1.1x60x0.1,0.006534989370657798,,,,,,,,,,,,,,,0,FAIL
1563,1563,,,2024-08-29 06:08:38.387370,2024-08-29 06:08:38.390360,0 days 00:00:00.002990,0.0149,N95,34,20,1.1x60x0.1,1.4x200x0.071,0.014081240715361733,,,,,,,,,,,,,,,0,FAIL
1564,1564,,,2024-08-29 06:08:38.390360,2024-08-29 06:08:38.393352,0 days 00:00:00.002992,0.01435,N95,14,4,1.1x60x0.1,1.4x200x0.071,0.01015667238275004,,,,,,,,,,,,,,,0,FAIL
1565,1565,,,2024-08-29 06:08:38.393352,2024-08-29 06:08:38.396345,0 days 00:00:00.002993,0.01345,N95,29,0,1.4x200x0.071,1.1x60x0.1,0.008114247688254368,,,,,,,,,,,,,,,0,FAIL
1566,1566,,,2024-08-29 06:08:38.397343,2024-08-29 06:08:38.403328,0 days 00:00:00.005985,0.0149,N95,36,0,1.4x200x0.071,1.4x200x0.071,0.007913009876699762,,,,,,,,,,,,,,,0,FAIL
1567,1567,,,2024-08-29 06:08:38.404323,2024-08-29 06:08:38.409309,0 days 00:00:00.004986,0.012,N95,8,6,1.4x200x0.071,1.4x200x0.071,0.004226777941346462,,,,,,,,,,,,,,,0,FAIL
1568,1568,,,2024-08-29 06:08:38.410310,2024-08-29 06:08:38.415293,0 days 00:00:00.004983,0.01345,N95,38,7,1.4x200x0.071,1.4x200x0.071,0.010528818638138895,,,,,,,,,,,,,,,0,FAIL
1569,1569,,,2024-08-29 06:08:38.416292,2024-08-29 06:08:38.418285,0 days 00:00:00.001993,0.01345,N95,10,11,1.1x60x0.1,1.1x60x0.1,0.007925245229317483,,,,,,,,,,,,,,,0,FAIL
1570,1570,,,2024-08-29 06:08:38.419284,2024-08-29 06:08:38.421277,0 days 00:00:00.001993,0.012,N95,17,24,1.4x200x0.071,1.1x60x0.1,0.012910867090001082,,,,,,,,,,,,,,,0,FAIL
1571,1571,,,2024-08-29 06:08:38.421277,2024-08-29 06:08:38.424269,0 days 00:00:00.002992,0.01345,N95,11,5,1.1x60x0.1,1.4x200x0.071,0.009796915531257232,,,,,,,,,,,,,,,0,FAIL
1572,1572,,,2024-08-29 06:08:38.425270,2024-08-29 06:08:38.431251,0 days 00:00:00.005981,0.01435,N95,37,15,1.1x60x0.1,1.4x200x0.071,0.014597751235766876,,,,,,,,,,,,,,,0,FAIL
1573,1573,,,2024-08-29 06:08:38.432318,2024-08-29 06:08:38.437306,0 days 00:00:00.004988,0.01435,N95,18,8,1.1x60x0.1,1.1x60x0.1,0.007425449442626684,,,,,,,,,,,,,,,0,FAIL
1574,1574,,,2024-08-29 06:08:38.438401,2024-08-29 06:08:38.444481,0 days 00:00:00.006080,0.01435,N95,32,1,1.4x200x0.071,1.4x200x0.071,0.010673948864282887,,,,,,,,,,,,,,,0,FAIL
1575,1575,,,2024-08-29 06:08:38.445488,2024-08-29 06:08:38.449468,0 days 00:00:00.003980,0.012,N95,8,4,1.4x200x0.071,1.4x200x0.071,0.006009981040725764,,,,,,,,,,,,,,,0,FAIL
1576,1576,,,2024-08-29 06:08:38.449468,2024-08-29 06:08:38.454521,0 days 00:00:00.005053,0.012,N95,32,15,1.4x200x0.071,1.1x60x0.1,0.006332938166814971,,,,,,,,,,,,,,,0,FAIL
1577,1577,,,2024-08-29 06:08:38.455518,2024-08-29 06:08:38.460585,0 days 00:00:00.005067,0.012,N95,21,17,1.1x60x0.1,1.1x60x0.1,0.004269778391634605,,,,,,,,,,,,,,,0,FAIL
1578,1578,,,2024-08-29 06:08:38.461583,2024-08-29 06:08:38.467636,0 days 00:00:00.006053,0.0149,N95,15,23,1.1x60x0.1,1.4x200x0.071,0.012043074842867773,,,,,,,,,,,,,,,0,FAIL
1579,1579,,,2024-08-29 06:08:38.467636,2024-08-29 06:08:38.472693,0 days 00:00:00.005057,0.012,N95,4,12,1.4x200x0.071,1.1x60x0.1,0.0074743179816895815,,,,,,,,,,,,,,,0,FAIL
1580,1580,,,2024-08-29 06:08:38.473692,2024-08-29 06:08:38.478738,0 days 00:00:00.005046,0.0149,N95,39,21,1.4x200x0.071,1.1x60x0.1,0.015512333262022001,,,,,,,,,,,,,,,0,FAIL
1581,1581,,,2024-08-29 06:08:38.478738,2024-08-29 06:08:38.483779,0 days 00:00:00.005041,0.012,N95,35,5,1.4x200x0.071,1.1x60x0.1,0.012687843416190118,,,,,,,,,,,,,,,0,FAIL
1582,1582,4.0617760298066354e-05,88.72718405987337,2024-08-29 06:08:38.484777,2024-08-29 06:08:38.681492,0 days 00:00:00.196715,0.0149,N95,30,15,1.1x60x0.1,1.1x60x0.1,0.014430225378892624,0.0003251512127894125,0.0005348240160794308,2.758481266046025e-05,0.15820041580743732,0.18391934078457967,0.3006417310029569,3.206932506646083e-05,5.242177010285185e-05,7.0,82.81057507523171,1.67405749073787,4.2425514939037905,0.006900000000000001,0.01105,0,COMPLETE
1583,1583,,,2024-08-29 06:08:38.683487,2024-08-29 06:08:38.692569,0 days 00:00:00.009082,0.01435,N95,22,12,1.1x60x0.1,1.4x200x0.071,0.015083177685326488,,,,,,,,,,,,,,,1,FAIL
1584,1584,,,2024-08-29 06:08:38.693566,2024-08-29 06:08:38.701622,0 days 00:00:00.008056,0.01435,N95,15,18,1.1x60x0.1,1.1x60x0.1,0.023857525056083524,,,,,,,,,,,,,,,1,FAIL
1585,1585,,,2024-08-29 06:08:38.701622,2024-08-29 06:08:38.706674,0 days 00:00:00.005052,0.012,N95,34,16,1.1x60x0.1,1.4x200x0.071,0.006240720580759711,,,,,,,,,,,,,,,1,FAIL
1586,1586,3.993406782860555e-05,221.29505665413313,2024-08-29 06:08:38.707672,2024-08-29 06:08:38.941472,0 days 00:00:00.233800,0.01435,N95,18,14,1.1x60x0.1,1.1x60x0.1,0.02237801888758588,0.00010422649864155253,0.0004436730499310024,4.7697476639721074e-05,0.2949182990774419,0.3255017616021952,0.3472811583066086,5.264377530582438e-05,5.616618225305554e-05,4.0,218.14115224016084,1.03866947886734,2.1152349351049478,0.0082,0.008825,1,COMPLETE
1587,1587,,,2024-08-29 06:08:38.941472,2024-08-29 06:08:38.948509,0 days 00:00:00.007037,0.0149,N95,34,16,1.4x200x0.071,1.4x200x0.071,0.005292310219004188,,,,,,,,,,,,,,,1,FAIL
1588,1588,,,2024-08-29 06:08:38.950533,2024-08-29 06:08:38.956613,0 days 00:00:00.006080,0.012,N95,27,11,1.1x60x0.1,1.4x200x0.071,0.010313203104321392,,,,,,,,,,,,,,,1,FAIL
1589,1589,3.130108718460291e-05,240.74941502185834,2024-08-29 06:08:38.957610,2024-08-29 06:08:39.176095,0 days 00:00:00.218485,0.01435,N95,26,9,1.1x60x0.1,1.1x60x0.1,0.01474099046109771,0.00021263639199065994,0.0001545272890015145,3.217217402876327e-05,0.19892379032656934,0.377737767398712,0.5402151351436133,6.109196476719602e-05,8.736961683808638e-05,6.0,236.44051787668977,1.1360447425111533,3.172852402657422,0.006900000000000001,0.008825,1,COMPLETE
1590,1590,,,2024-08-29 06:08:39.177092,2024-08-29 06:08:39.185071,0 days 00:00:00.007979,0.01435,N95,26,18,1.1x60x0.1,1.1x60x0.1,0.011147567241119243,,,,,,,,,,,,,,,1,FAIL
1591,1591,4.226892943715937e-05,98.44777917762315,2024-08-29 06:08:39.186068,2024-08-29 06:08:39.453354,0 days 00:00:00.267286,0.0149,N95,23,22,1.1x60x0.1,1.1x60x0.1,0.014451608552436192,0.0002387078514175076,0.0016232017041736494,3.7605450211454966e-05,0.21566932258363924,0.23448161109076338,0.20498299841110693,4.0885678341924596e-05,3.574211597921717e-05,5.0,93.74332776266829,1.67405749073787,3.030393924216993,0.0082,0.01105,1,COMPLETE
1592,1592,,,2024-08-29 06:08:39.454350,2024-08-29 06:08:39.461331,0 days 00:00:00.006981,0.0149,N95,30,21,1.4x200x0.071,1.4x200x0.071,0.009019895774071699,,,,,,,,,,,,,,,1,FAIL
1593,1593,,,2024-08-29 06:08:39.462329,2024-08-29 06:08:39.471305,0 days 00:00:00.008976,0.0149,N95,16,10,1.1x60x0.1,1.1x60x0.1,0.017237862898820188,,,,,,,,,,,,,,,1,FAIL
1594,1594,4.399320102164807e-05,116.2463728916562,2024-08-29 06:08:39.471305,2024-08-29 06:08:39.697700,0 days 00:00:00.226395,0.01435,N95,27,15,1.4x200x0.071,1.4x200x0.071,0.02378011202656726,0.00025168771852628974,0.0005638514928443578,3.179831775981402e-05,0.19661219938496108,0.226343727788965,0.3241290810861681,3.660683213803102e-05,5.242177010285185e-05,6.0,113.68448541015046,0.7699340564359224,1.7919534250698081,0.011,0.008825,1,COMPLETE
1595,1595,4.4492201827774024e-05,105.46590083025222,2024-08-29 06:08:39.698701,2024-08-29 06:08:39.958003,0 days 00:00:00.259302,0.0149,N95,26,17,1.1x60x0.1,1.1x60x0.1,0.017530829504189136,0.0002424720156543212,0.0007404594121260408,3.217217402876327e-05,0.18450918523275067,0.20647503769897366,0.26527211559084424,3.600227726910877e-05,4.625450303192809e-05,6.0,100.22977318559788,1.5996549355939647,3.6364727090603917,0.006900000000000001,0.01105,1,COMPLETE
1596,1596,3.681760960637598e-05,104.20784977315016,2024-08-29 06:08:39.959001,2024-08-29 06:08:40.203347,0 days 00:00:00.244346,0.01435,N95,27,15,1.1x60x0.1,1.1x60x0.1,0.019151801099019736,0.0002542062020162783,0.000549623307057294,3.179831775981402e-05,0.19661219938496108,0.226343727788965,0.3241290810861681,3.660683213803102e-05,5.242177010285185e-05,6.0,99.67174367947935,1.363253691013384,3.172852402657422,0.0082,0.008825,1,COMPLETE
1597,1597,,,2024-08-29 06:08:40.204344,2024-08-29 06:08:40.212324,0 days 00:00:00.007980,0.0149,N95,31,11,1.1x60x0.1,1.1x60x0.1,0.008786584930490175,,,,,,,,,,,,,,,1,FAIL
1598,1598,,,2024-08-29 06:08:40.213321,2024-08-29 06:08:40.220302,0 days 00:00:00.006981,0.0149,N95,26,15,1.1x60x0.1,1.1x60x0.1,0.010670155078197706,,,,,,,,,,,,,,,1,FAIL
1599,1599,,,2024-08-29 06:08:40.221300,2024-08-29 06:08:40.226286,0 days 00:00:00.004986,0.0149,N95,34,15,1.1x60x0.1,1.4x200x0.071,0.01577248063247368,,,,,,,,,,,,,,,1,FAIL
1600,1600,,,2024-08-29 06:08:40.228282,2024-08-29 06:08:40.235261,0 days 00:00:00.006979,0.01435,N95,31,11,1.1x60x0.1,1.4x200x0.071,0.012099328878114959,,,,,,,,,,,,,,,1,FAIL
1601,1601,3.231138470460243e-05,164.97183788503654,2024-08-29 06:08:40.236259,2024-08-29 06:08:40.424754,0 days 00:00:00.188495,0.01435,N95,18,17,1.1x60x0.1,1.1x60x0.1,0.013186869981483142,0.0001169210771088158,0.000731106849708742,4.7697476639721074e-05,0.2949182990774419,0.3193191895075249,0.2859962480172071,5.164386079057929e-05,4.625450303192809e-05,4.0,161.72055820742042,1.1360447425111533,2.1152349351049478,0.009500000000000001,0.008825,1,COMPLETE
1602,1602,,,2024-08-29 06:08:40.425751,2024-08-29 06:08:40.431736,0 days 00:00:00.005985,0.01435,N95,5,18,1.1x60x0.1,1.1x60x0.1,0.010791784637266471,,,,,,,,,,,,,,,1,FAIL
1603,1603,,,2024-08-29 06:08:40.432733,2024-08-29 06:08:40.438717,0 days 00:00:00.005984,0.01435,N95,18,9,1.1x60x0.1,1.1x60x0.1,0.014125678744524514,,,,,,,,,,,,,,,1,FAIL
1604,1604,4.208526090574535e-05,128.02272873410044,2024-08-29 06:08:40.439715,2024-08-29 06:08:40.671096,0 days 00:00:00.231381,0.01435,N95,23,17,1.1x60x0.1,1.1x60x0.1,0.023304975540687924,0.00019587403537200924,0.000775060706009103,3.7605450211454966e-05,0.2325182838533611,0.2593575379908458,0.2859962480172071,4.194619373688151e-05,4.625450303192809e-05,5.0,124.08034821663509,1.2983368485841749,2.644043668881184,0.009500000000000001,0.008825,1,COMPLETE
1605,1605,,,2024-08-29 06:08:40.672094,2024-08-29 06:08:40.679077,0 days 00:00:00.006983,0.0149,N95,30,17,1.4x200x0.071,1.1x60x0.1,0.007520869424073146,,,,,,,,,,,,,,,1,FAIL
1606,1606,,,2024-08-29 06:08:40.680074,2024-08-29 06:08:40.688052,0 days 00:00:00.007978,0.0149,N95,21,23,1.1x60x0.1,1.1x60x0.1,0.008604096383005064,,,,,,,,,,,,,,,1,FAIL
1607,1607,4.12900215317999e-05,124.3663847428784,2024-08-29 06:08:40.689050,2024-08-29 06:08:40.930406,0 days 00:00:00.241356,0.01435,N95,26,15,1.4x200x0.071,1.4x200x0.071,0.02098172836988019,0.00021847872664193809,0.0005199240466911528,3.217217402876327e-05,0.19892379032656934,0.2264526379304322,0.3241290810861681,3.662444630081682e-05,5.242177010285185e-05,6.0,121.82282902462114,0.7516022931874482,1.7919534250698081,0.011,0.008825,1,COMPLETE
1608,1608,4.784157887460368e-05,77.51232993892911,2024-08-29 06:08:40.931399,2024-08-29 06:08:41.172754,0 days 00:00:00.241355,0.0149,N95,34,16,1.4x200x0.071,1.4x200x0.071,0.017711239624962603,0.0004300921800985633,0.0006369039800098701,2.412419716454984e-05,0.13835359585105508,0.16240675828925424,0.281851622815272,2.8318256809481255e-05,4.91454094714236e-05,8.0,73.56058384469469,1.0956677998544981,2.8560782943799237,0.0094,0.01105,1,COMPLETE
1609,1609,,,2024-08-29 06:08:41.174750,2024-08-29 06:08:41.181730,0 days 00:00:00.006980,0.01435,N95,23,18,1.1x60x0.1,1.4x200x0.071,0.012405979724746465,,,,,,,,,,,,,,,1,FAIL
1610,1610,3.945434188187876e-05,251.62615561277838,2024-08-29 06:08:41.182728,2024-08-29 06:08:41.471953,0 days 00:00:00.289225,0.0149,N95,22,9,1.1x60x0.1,1.4x200x0.071,0.014799175080928949,0.000160920034419525,0.00017121313239331973,3.850162050919795e-05,0.2208089084667231,0.33955340563746117,0.5010695516715946,5.920665274440002e-05,8.736961683808638e-05,5.0,248.6878670740604,1.1532396047305327,1.7850489339874525,0.005600000000000001,0.01105,1,COMPLETE
1611,1611,,,2024-08-29 06:08:41.472951,2024-08-29 06:08:41.478935,0 days 00:00:00.005984,0.01435,N95,23,9,1.1x60x0.1,1.1x60x0.1,0.009563983965318814,,,,,,,,,,,,,,,1,FAIL
1612,1612,,,2024-08-29 06:08:41.479933,2024-08-29 06:08:41.485976,0 days 00:00:00.006043,0.0149,N95,13,23,1.1x60x0.1,1.1x60x0.1,0.017908224124088355,,,,,,,,,,,,,,,1,FAIL
1613,1613,,,2024-08-29 06:08:41.486973,2024-08-29 06:08:41.491034,0 days 00:00:00.004061,0.01345,N95,18,16,1.4x200x0.071,1.4x200x0.071,0.005851770649116631,,,,,,,,,,,,,,,1,FAIL
1614,1614,,,2024-08-29 06:08:41.492032,2024-08-29 06:08:41.498097,0 days 00:00:00.006065,0.01435,N95,6,15,1.1x60x0.1,1.1x60x0.1,0.011761516809583827,,,,,,,,,,,,,,,1,FAIL
1615,1615,4.739877914298976e-05,70.75557445778558,2024-08-29 06:08:41.500114,2024-08-29 06:08:41.712828,0 days 00:00:00.212714,0.0149,N95,34,19,1.1x60x0.1,1.1x60x0.1,0.018556879734899716,0.0004329197233084418,0.000985157535362983,2.412419716454984e-05,0.13835359585105508,0.1579171977918133,0.23734873500233433,2.753542899820385e-05,4.1385607975935666e-05,8.0,63.935276467724904,1.9716677113134913,4.848630278747189,0.0082,0.01105,1,COMPLETE
1616,1616,,,2024-08-29 06:08:41.713826,2024-08-29 06:08:41.717852,0 days 00:00:00.004026,0.0149,N95,31,11,1.4x200x0.071,1.4x200x0.071,0.0056002311669224635,,,,,,,,,,,,,,,1,FAIL
1617,1617,3.962353356031855e-05,213.06430387141805,2024-08-29 06:08:41.718887,2024-08-29 06:08:41.982448,0 days 00:00:00.263561,0.01435,N95,18,15,1.1x60x0.1,1.1x60x0.1,0.022056547810848592,0.0001066144683955185,0.0005246583744754121,4.7697476639721074e-05,0.2949182990774419,0.32316612325531974,0.3241290810861681,5.2266029822287344e-05,5.242177010285185e-05,4.0,209.87794103623116,1.0711279000819447,2.1152349351049478,0.0082,0.008825,1,COMPLETE
1618,1618,4.365737099088305e-05,131.21043846674675,2024-08-29 06:08:41.983521,2024-08-29 06:08:42.224292,0 days 00:00:00.240771,0.0149,N95,22,16,1.4x200x0.071,1.4x200x0.071,0.014362738395588982,0.0001752059237126244,0.0006677879448995266,3.850162050919795e-05,0.2208089084667231,0.24447212357990286,0.281851622815272,4.2627686502828214e-05,4.91454094714236e-05,5.0,128.59268200486989,0.8327075278894186,1.7850489339874525,0.0094,0.01105,1,COMPLETE
1619,1619,3.6730127973896903e-05,159.23509142512384,2024-08-29 06:08:42.225352,2024-08-29 06:08:42.454803,0 days 00:00:00.229451,0.0149,N95,34,10,1.1x60x0.1,1.1x60x0.1,0.012619065040162379,0.0004235186772268342,0.0002020273732341894,2.412419716454984e-05,0.13835359585105508,0.32309442450814047,0.4509625965044352,5.633676198768421e-05,7.863265515427775e-05,8.0,152.74960493321075,1.6368562131659172,4.848630278747189,0.005600000000000001,0.01105,1,COMPLETE
1620,1620,,,2024-08-29 06:08:42.456798,2024-08-29 06:08:42.463780,0 days 00:00:00.006982,0.01435,N95,13,10,1.1x60x0.1,1.4x200x0.071,0.015241328899255913,,,,,,,,,,,,,,,1,FAIL
1621,1621,,,2024-08-29 06:08:42.464776,2024-08-29 06:08:42.470760,0 days 00:00:00.005984,0.01435,N95,3,14,1.1x60x0.1,1.4x200x0.071,0.02198510285398246,,,,,,,,,,,,,,,1,FAIL
1622,1622,3.59504619159131e-05,123.06364316381485,2024-08-29 06:08:42.470760,2024-08-29 06:08:42.753006,0 days 00:00:00.282246,0.01435,N95,22,21,1.1x60x0.1,1.1x60x0.1,0.015654113049062845,0.00017018687585555024,0.0013237214281748805,3.850162050919795e-05,0.23805939500878825,0.25633570067416306,0.23152077220440578,4.145746850256275e-05,3.744412150203703e-05,5.0,119.02388738270568,1.395712112227988,2.644043668881184,0.0108,0.008825,1,COMPLETE
1623,1623,,,2024-08-29 06:08:42.754003,2024-08-29 06:08:42.756994,0 days 00:00:00.002991,0.01435,N95,26,8,1.1x60x0.1,1.1x60x0.1,0.01230603831079926,,,,,,,,,,,,,,,1,FAIL
1624,1624,,,2024-08-29 06:08:42.756994,2024-08-29 06:08:42.759986,0 days 00:00:00.002992,0.01435,N95,26,17,1.1x60x0.1,1.1x60x0.1,0.008835326522521584,,,,,,,,,,,,,,,1,FAIL
1625,1625,,,2024-08-29 06:08:42.760985,2024-08-29 06:08:42.767965,0 days 00:00:00.006980,0.01435,N95,34,10,1.1x60x0.1,1.1x60x0.1,0.014479774666741456,,,,,,,,,,,,,,,1,FAIL
1626,1626,,,2024-08-29 06:08:42.768963,2024-08-29 06:08:42.775944,0 days 00:00:00.006981,0.0149,N95,23,15,1.4x200x0.071,1.4x200x0.071,0.0050131986114461645,,,,,,,,,,,,,,,1,FAIL
1627,1627,,,2024-08-29 06:08:42.776942,2024-08-29 06:08:42.780930,0 days 00:00:00.003988,0.01345,N95,30,16,1.4x200x0.071,1.4x200x0.071,0.00934542007962647,,,,,,,,,,,,,,,1,FAIL
