,number,values_0,values_1,datetime_start,datetime_complete,duration,params_core_inner_diameter,params_material,params_n_p_bot,params_n_p_top,params_primary_litz_wire,params_secondary_litz_wire,params_window_h_bot,user_attrs_air_gap_bot,user_attrs_air_gap_top,user_attrs_flux_bot_max,user_attrs_flux_density_bot_max,user_attrs_flux_density_mid_max,user_attrs_flux_density_top_max,user_attrs_flux_mid_max,user_attrs_flux_top_max,user_attrs_n_s_bot,user_attrs_p_hyst,user_attrs_primary_litz_wire_loss,user_attrs_secondary_litz_wire_loss,user_attrs_window_h_top,user_attrs_window_w,system_attrs_nsga2:generation,state
4269,4269,,,2024-08-29 06:12:41.282027,2024-08-29 06:12:41.295075,0 days 00:00:00.013048,0.01435,N95,34,23,1.1x60x0.1,1.1x60x0.1,0.016178105142576258,,,,,,,,,,,,,,,20,FAIL
4270,4270,,,2024-08-29 06:12:41.297069,2024-08-29 06:12:41.311077,0 days 00:00:00.014008,0.01435,N95,18,0,1.1x60x0.1,1.1x60x0.1,0.008404265775227578,,,,,,,,,,,,,,,20,FAIL
4271,4271,,,2024-08-29 06:12:41.313072,2024-08-29 06:12:41.322110,0 days 00:00:00.009038,0.01435,N95,35,15,1.4x200x0.071,1.1x60x0.1,0.022581903081013946,,,,,,,,,,,,,,,20,FAIL
4272,4272,,,2024-08-29 06:12:41.324170,2024-08-29 06:12:41.334144,0 days 00:00:00.009974,0.01435,N95,18,18,1.1x60x0.1,1.1x60x0.1,0.009338784281336415,,,,,,,,,,,,,,,20,FAIL
4273,4273,,,2024-08-29 06:12:41.336192,2024-08-29 06:12:41.344172,0 days 00:00:00.007980,0.01435,N95,31,22,1.1x60x0.1,1.1x60x0.1,0.015117939527787526,,,,,,,,,,,,,,,20,FAIL
4274,4274,,,2024-08-29 06:12:41.345170,2024-08-29 06:12:41.351212,0 days 00:00:00.006042,0.01435,N95,18,9,1.1x60x0.1,1.1x60x0.1,0.010793789003090103,,,,,,,,,,,,,,,20,FAIL
4275,4275,,,2024-08-29 06:12:41.353207,2024-08-29 06:12:41.364238,0 days 00:00:00.011031,0.01435,N95,27,21,1.1x60x0.1,1.4x200x0.071,0.010427750972462367,,,,,,,,,,,,,,,20,FAIL
4276,4276,4.234985410936642e-05,117.5198165229173,2024-08-29 06:12:41.365236,2024-08-29 06:12:41.570957,0 days 00:00:00.205721,0.01435,N95,23,21,1.1x60x0.1,1.1x60x0.1,0.022278887539304522,0.00021204401080281962,0.0014156377304357555,3.7605450211454966e-05,0.2325182838533611,0.2538619183511389,0.23152077220440578,4.105738083444143e-05,3.744412150203703e-05,5.0,113.44760232059352,1.4281705334425925,2.644043668881184,0.0108,0.008825,20,COMPLETE
4277,4277,4.806362378367453e-05,68.46438266861674,2024-08-29 06:12:41.572886,2024-08-29 06:12:41.777401,0 days 00:00:00.204515,0.0149,N95,34,21,1.1x60x0.1,1.1x60x0.1,0.01908893577956637,0.0004347966147699269,0.0012941356890876715,2.412419716454984e-05,0.13835359585105508,0.15563678611057344,0.2147440935735406,2.7137802173428026e-05,3.744412150203703e-05,8.0,61.56968212341215,2.0460702664573964,4.848630278747189,0.0082,0.01105,20,COMPLETE
4278,4278,3.221257478423049e-05,152.08857075341422,2024-08-29 06:12:41.779396,2024-08-29 06:12:42.024739,0 days 00:00:00.245343,0.01435,N95,18,21,1.1x60x0.1,1.1x60x0.1,0.011784580042052253,0.00012647191918080828,0.0013418720270640101,4.7697476639721074e-05,0.2949182990774419,0.31398315818524236,0.23152077220440578,5.078085829076981e-05,3.744412150203703e-05,4.0,148.7074573909397,1.2658784273695707,2.1152349351049478,0.0108,0.008825,20,COMPLETE
4279,4279,,,2024-08-29 06:12:42.027731,2024-08-29 06:12:42.042692,0 days 00:00:00.014961,0.01435,N95,39,12,1.4x200x0.071,1.1x60x0.1,0.006563618853455754,,,,,,,,,,,,,,,20,FAIL
4280,4280,,,2024-08-29 06:12:42.044686,2024-08-29 06:12:42.051667,0 days 00:00:00.006981,0.01435,N95,34,23,1.1x60x0.1,1.1x60x0.1,0.01046262225381267,,,,,,,,,,,,,,,20,FAIL
4281,4281,,,2024-08-29 06:12:42.052665,2024-08-29 06:12:42.057650,0 days 00:00:00.004985,0.01435,N95,23,21,1.1x60x0.1,1.1x60x0.1,0.007827551482499378,,,,,,,,,,,,,,,20,FAIL
4282,4282,,,2024-08-29 06:12:42.058649,2024-08-29 06:12:42.065630,0 days 00:00:00.006981,0.01435,N95,31,15,1.1x60x0.1,1.1x60x0.1,0.01576763606601482,,,,,,,,,,,,,,,20,FAIL
4283,4283,4.1106151635215644e-05,171.43719871498072,2024-08-29 06:12:42.067624,2024-08-29 06:12:42.269085,0 days 00:00:00.201461,0.01435,N95,23,12,1.1x60x0.1,1.1x60x0.1,0.02489138269898024,0.00017563506439008113,0.00032911264543173427,3.7605450211454966e-05,0.2325182838533611,0.2934226347842534,0.40516135135771003,4.745558112863077e-05,6.552721262856479e-05,5.0,167.65711030358838,1.1360447425111533,2.644043668881184,0.006900000000000001,0.008825,20,COMPLETE
4284,4284,3.740841236300222e-05,86.60295410632236,2024-08-29 06:12:42.270083,2024-08-29 06:12:42.472649,0 days 00:00:00.202566,0.01435,N95,34,15,1.1x60x0.1,1.1x60x0.1,0.01976341153209587,0.00039553614822076334,0.0004919656916685144,2.412419716454984e-05,0.14916233930188658,0.18647743278770848,0.3241290810861681,3.0159210269591635e-05,5.242177010285185e-05,8.0,80.78202159659683,1.5904626395156145,4.2304698702098955,0.0082,0.008825,20,COMPLETE
4285,4285,3.262186824097674e-05,113.73330220300352,2024-08-29 06:12:42.474644,2024-08-29 06:12:42.697302,0 days 00:00:00.222658,0.01435,N95,23,15,1.1x60x0.1,1.1x60x0.1,0.01480828853956382,0.00019331710974819285,0.000558029934821185,3.7605450211454966e-05,0.2325182838533611,0.26320447173864064,0.3241290810861681,4.2568362768589565e-05,5.242177010285185e-05,5.0,109.85583852796736,1.2334200061549663,2.644043668881184,0.0082,0.008825,20,COMPLETE
4286,4286,,,2024-08-29 06:12:42.699369,2024-08-29 06:12:42.705411,0 days 00:00:00.006042,0.01435,N95,34,15,1.1x60x0.1,1.1x60x0.1,0.007814288688576134,,,,,,,,,,,,,,,20,FAIL
4287,4287,,,2024-08-29 06:12:42.706409,2024-08-29 06:12:42.711395,0 days 00:00:00.004986,0.01435,N95,26,17,1.1x60x0.1,1.1x60x0.1,0.01327273329387055,,,,,,,,,,,,,,,20,FAIL
4288,4288,,,2024-08-29 06:12:42.712392,2024-08-29 06:12:42.720370,0 days 00:00:00.007978,0.01435,N95,23,15,1.4x200x0.071,1.1x60x0.1,0.014896387846090717,,,,,,,,,,,,,,,20,FAIL
4289,4289,,,2024-08-29 06:12:42.721367,2024-08-29 06:12:42.730343,0 days 00:00:00.008976,0.01435,N95,34,15,1.1x60x0.1,1.1x60x0.1,0.015722317593223643,,,,,,,,,,,,,,,20,FAIL
4290,4290,4.1390160968592204e-05,76.24390907451028,2024-08-29 06:12:42.732338,2024-08-29 06:12:42.922829,0 days 00:00:00.190491,0.01435,N95,31,21,1.1x60x0.1,1.1x60x0.1,0.021285394650407186,0.00035354484428662966,0.0013785224971616305,2.7446998889213458e-05,0.16970755682379857,0.18971446107326884,0.23152077220440578,3.068273858748719e-05,3.744412150203703e-05,7.0,70.8544100349172,1.6878379031594277,3.7016611364336582,0.0108,0.008825,20,COMPLETE
4291,4291,,,2024-08-29 06:12:42.925821,2024-08-29 06:12:42.939784,0 days 00:00:00.013963,0.01435,N95,31,16,1.4x200x0.071,1.1x60x0.1,0.020597182003571496,,,,,,,,,,,,,,,20,FAIL
4292,4292,,,2024-08-29 06:12:42.941779,2024-08-29 06:12:42.947763,0 days 00:00:00.005984,0.01435,N95,18,3,1.1x60x0.1,1.1x60x0.1,0.011175224625876239,,,,,,,,,,,,,,,20,FAIL
4293,4293,,,2024-08-29 06:12:42.948760,2024-08-29 06:12:42.958733,0 days 00:00:00.009973,0.012,N95,26,23,1.1x60x0.1,1.1x60x0.1,0.014249991540274967,,,,,,,,,,,,,,,20,FAIL
4294,4294,3.4087751105748515e-05,218.20182756350655,2024-08-29 06:12:42.959731,2024-08-29 06:12:43.174156,0 days 00:00:00.214425,0.01435,N95,18,12,1.1x60x0.1,1.1x60x0.1,0.017625798814704812,0.00010318280199072808,0.000306709972857329,4.7697476639721074e-05,0.2949182990774419,0.33134085746938374,0.40516135135771003,5.358813901466696e-05,6.552721262856479e-05,4.0,215.11283999196348,0.9737526364381314,2.1152349351049478,0.006900000000000001,0.008825,20,COMPLETE
4295,4295,4.179012669748766e-05,74.52787016280561,2024-08-29 06:12:43.176151,2024-08-29 06:12:43.389799,0 days 00:00:00.213648,0.01435,N95,31,23,1.1x60x0.1,1.1x60x0.1,0.021699446903755276,0.0003602172598825508,0.0018059278049162423,2.7446998889213458e-05,0.16970755682379857,0.18768347120642062,0.2113885311431531,3.0354264253976727e-05,3.418811093664251e-05,7.0,69.07345428078332,1.7527547455886363,3.7016611364336582,0.0108,0.008825,20,COMPLETE
4296,4296,3.3255800188379214e-05,470.87320566802794,2024-08-29 06:12:43.390796,2024-08-29 06:12:43.613359,0 days 00:00:00.222563,0.01435,N95,23,7,1.1x60x0.1,1.1x60x0.1,0.01806454714456032,0.00016120184728141257,0.00010554346442714258,3.7605450211454966e-05,0.2325182838533611,0.5824555583340751,0.6945623166132172,9.420120919665323e-05,0.00011233236450611108,5.0,467.25540936270863,0.9737526364381314,2.644043668881184,0.005600000000000001,0.008825,20,COMPLETE
4297,4297,,,2024-08-29 06:12:43.615354,2024-08-29 06:12:43.628380,0 days 00:00:00.013026,0.01435,N95,34,15,1.1x60x0.1,1.1x60x0.1,0.008780705449616559,,,,,,,,,,,,,,,20,FAIL
4298,4298,3.866913313199925e-05,105.49015256893655,2024-08-29 06:12:43.630375,2024-08-29 06:12:43.847793,0 days 00:00:00.217418,0.01435,N95,23,23,1.1x60x0.1,1.1x60x0.1,0.018468534040185555,0.0002220770859680918,0.0018519608078286175,3.7605450211454966e-05,0.2325182838533611,0.25183092848429073,0.2113885311431531,4.072890650093097e-05,3.418811093664251e-05,5.0,101.35302152418357,1.4930873758718013,2.644043668881184,0.0108,0.008825,20,COMPLETE
4299,4299,4.1526984200401036e-05,92.7706135706347,2024-08-29 06:12:43.848795,2024-08-29 06:12:44.071195,0 days 00:00:00.222400,0.01435,N95,34,15,1.1x60x0.1,1.1x60x0.1,0.024027036704583345,0.0003945785157405597,0.0004919656916685144,2.412419716454984e-05,0.14916233930188658,0.18647743278770848,0.3241290810861681,3.0159210269591635e-05,5.242177010285185e-05,8.0,86.94968106090917,1.5904626395156145,4.2304698702098955,0.0082,0.008825,20,COMPLETE
4300,4300,,,2024-08-29 06:12:44.073190,2024-08-29 06:12:44.082167,0 days 00:00:00.008977,0.01345,N95,31,21,1.1x60x0.1,1.1x60x0.1,0.0060819756756713885,,,,,,,,,,,,,,,20,FAIL
4301,4301,,,2024-08-29 06:12:44.084161,2024-08-29 06:12:44.097210,0 days 00:00:00.013049,0.01435,N95,26,25,1.1x60x0.1,1.1x60x0.1,0.021988934785986666,,,,,,,,,,,,,,,20,FAIL
4302,4302,,,2024-08-29 06:12:44.099204,2024-08-29 06:12:44.110216,0 days 00:00:00.011012,0.01435,N95,33,21,1.4x200x0.071,1.1x60x0.1,0.010154055212407564,,,,,,,,,,,,,,,20,FAIL
4303,4303,,,2024-08-29 06:12:44.112210,2024-08-29 06:12:44.125283,0 days 00:00:00.013073,0.01435,N95,34,7,1.1x60x0.1,1.1x60x0.1,0.014905959076274225,,,,,,,,,,,,,,,20,FAIL
4304,4304,3.800471051681373e-05,147.56988291906978,2024-08-29 06:12:44.126280,2024-08-29 06:12:44.332985,0 days 00:00:00.206705,0.01435,N95,22,16,1.1x60x0.1,1.1x60x0.1,0.020380710906556763,0.0001578313478972654,0.0006064714471951399,3.850162050919795e-05,0.23805939500878825,0.2635712763586992,0.30387101351828255,4.2627686502828214e-05,4.91454094714236e-05,5.0,143.69241924403363,1.2334200061549663,2.644043668881184,0.0082,0.008825,20,COMPLETE
4305,4305,3.3595988375992086e-05,165.0575527143083,2024-08-29 06:12:44.334979,2024-08-29 06:12:44.531510,0 days 00:00:00.196531,0.01435,N95,18,20,1.1x60x0.1,1.1x60x0.1,0.014516716531753817,0.00012256404444641248,0.001133686992593742,4.7697476639721074e-05,0.2949182990774419,0.31509761131135566,0.24309681081462603,5.0961100080157366e-05,3.931632757713888e-05,4.0,161.70889777304836,1.2334200061549663,2.1152349351049478,0.009500000000000001,0.008825,20,COMPLETE
4306,4306,,,2024-08-29 06:12:44.532507,2024-08-29 06:12:44.541488,0 days 00:00:00.008981,0.0149,N95,34,20,1.1x60x0.1,1.4x200x0.071,0.015499606934409209,,,,,,,,,,,,,,,20,FAIL
4307,4307,,,2024-08-29 06:12:44.544475,2024-08-29 06:12:44.555446,0 days 00:00:00.010971,0.012,N95,6,12,1.1x60x0.1,1.1x60x0.1,0.0078123875915351105,,,,,,,,,,,,,,,20,FAIL
4308,4308,,,2024-08-29 06:12:44.557441,2024-08-29 06:12:44.566416,0 days 00:00:00.008975,0.01435,N95,23,22,1.1x60x0.1,1.1x60x0.1,0.010225114386485655,,,,,,,,,,,,,,,20,FAIL
4309,4309,,,2024-08-29 06:12:44.568416,2024-08-29 06:12:44.579381,0 days 00:00:00.010965,0.01435,N95,40,23,1.1x60x0.1,1.1x60x0.1,0.02430764124628243,,,,,,,,,,,,,,,20,FAIL
4310,4310,,,2024-08-29 06:12:44.580379,2024-08-29 06:12:44.587361,0 days 00:00:00.006982,0.0149,N95,3,17,1.1x60x0.1,1.1x60x0.1,0.016846120113210673,,,,,,,,,,,,,,,20,FAIL
4311,4311,4.113730967312622e-05,99.25696016007761,2024-08-29 06:12:44.590352,2024-08-29 06:12:44.812757,0 days 00:00:00.222405,0.01435,N95,27,18,1.1x60x0.1,1.1x60x0.1,0.022323638102067923,0.00026336301847117085,0.0008873596840929406,3.179831775981402e-05,0.19661219938496108,0.220893904979589,0.27010756757180665,3.5725426009777945e-05,4.368480841904319e-05,6.0,94.62347880276299,1.460628954657197,3.172852402657422,0.009500000000000001,0.008825,20,COMPLETE
4312,4312,,,2024-08-29 06:12:44.815750,2024-08-29 06:12:44.827767,0 days 00:00:00.012017,0.012,N95,18,21,1.1x60x0.1,1.1x60x0.1,0.013257898978303064,,,,,,,,,,,,,,,20,FAIL
4313,4313,3.404209451488787e-05,114.74372786875719,2024-08-29 06:12:44.828764,2024-08-29 06:12:45.037402,0 days 00:00:00.208638,0.01435,N95,22,23,1.1x60x0.1,1.1x60x0.1,0.01367853422936584,0.0001750866330165446,0.0017378557254499054,3.850162050919795e-05,0.23805939500878825,0.25439752132440074,0.2113885311431531,4.114400452101916e-05,3.418811093664251e-05,5.0,110.63905524521881,1.460628954657197,2.644043668881184,0.0108,0.008825,20,COMPLETE
4314,4314,3.44105926172657e-05,80.27053651137489,2024-08-29 06:12:45.038402,2024-08-29 06:12:45.254885,0 days 00:00:00.216483,0.01435,N95,31,16,1.1x60x0.1,1.1x60x0.1,0.016660010587516316,0.0003380313379372907,0.0006344312686348025,2.7446998889213458e-05,0.16970755682379857,0.19701333090725454,0.30387101351828255,3.1863193223540415e-05,4.91454094714236e-05,7.0,75.04332957785482,1.5255457970864057,3.7016611364336582,0.0082,0.008825,20,COMPLETE
4315,4315,,,2024-08-29 06:12:45.257877,2024-08-29 06:12:45.273834,0 days 00:00:00.015957,0.01435,N95,9,23,1.1x60x0.1,1.1x60x0.1,0.024546020323813922,,,,,,,,,,,,,,,20,FAIL
4316,4316,,,2024-08-29 06:12:45.275829,2024-08-29 06:12:45.283807,0 days 00:00:00.007978,0.01435,N95,0,21,1.4x200x0.071,1.1x60x0.1,0.017559486640470905,,,,,,,,,,,,,,,20,FAIL
4317,4317,,,2024-08-29 06:12:45.285802,2024-08-29 06:12:45.295776,0 days 00:00:00.009974,0.01435,N95,35,21,1.1x60x0.1,1.1x60x0.1,0.016076057792142842,,,,,,,,,,,,,,,20,FAIL
4318,4318,,,2024-08-29 06:12:45.297771,2024-08-29 06:12:45.305750,0 days 00:00:00.007979,0.01435,N95,23,18,1.1x60x0.1,1.1x60x0.1,0.007527026477367211,,,,,,,,,,,,,,,20,FAIL
4319,4319,3.2331917854590325e-05,96.43991174678732,2024-08-29 06:12:45.308741,2024-08-29 06:12:45.479284,0 days 00:00:00.170543,0.01435,N95,23,19,1.1x60x0.1,1.1x60x0.1,0.013208126295228571,0.00020938015909200672,0.0010396193713557691,3.7605450211454966e-05,0.2325182838533611,0.25632048503206045,0.25589137980486953,4.145500765921726e-05,4.1385607975935666e-05,5.0,92.43261438689275,1.363253691013384,2.644043668881184,0.009500000000000001,0.008825,20,COMPLETE
4320,4320,4.232220084810159e-05,79.05281455929781,2024-08-29 06:12:45.481281,2024-08-29 06:12:45.697702,0 days 00:00:00.216421,0.0149,N95,31,16,1.1x60x0.1,1.1x60x0.1,0.015794240130500105,0.00036655408874606643,0.0006753485910016103,2.7446998889213458e-05,0.1574100462593967,0.18273716334286347,0.281851622815272,3.1863193223540415e-05,4.91454094714236e-05,7.0,73.06180301951225,1.7484600458817754,4.2425514939037905,0.006900000000000001,0.01105,20,COMPLETE
4321,4321,4.671685451156184e-05,65.13693059855862,2024-08-29 06:12:45.700693,2024-08-29 06:12:45.894175,0 days 00:00:00.193482,0.0149,N95,34,23,1.1x60x0.1,1.1x60x0.1,0.018011155064870627,0.00043664097685255075,0.0016677865198760882,2.412419716454984e-05,0.13835359585105508,0.15375296776520136,0.19607069413236314,2.680932783991756e-05,3.418811093664251e-05,8.0,58.16782749821013,2.120472821601302,4.848630278747189,0.0082,0.01105,20,COMPLETE
4322,4322,,,2024-08-29 06:12:45.896170,2024-08-29 06:12:45.902154,0 days 00:00:00.005984,0.01435,N95,0,16,1.1x60x0.1,1.1x60x0.1,0.018587185458894914,,,,,,,,,,,,,,,20,FAIL
4323,4323,,,2024-08-29 06:12:45.903151,2024-08-29 06:12:45.912127,0 days 00:00:00.008976,0.012,N95,14,9,1.1x60x0.1,1.1x60x0.1,0.010295515709308142,,,,,,,,,,,,,,,20,FAIL
4324,4324,4.1228265113929256e-05,131.44139445345516,2024-08-29 06:12:45.914123,2024-08-29 06:12:46.115587,0 days 00:00:00.201464,0.01435,N95,23,16,1.1x60x0.1,1.1x60x0.1,0.02371779693243263,0.0001917493332869073,0.0006533138571469244,3.7605450211454966e-05,0.2325182838533611,0.26116078818512467,0.30387101351828255,4.223783547049466e-05,4.91454094714236e-05,5.0,127.53147235720442,1.2658784273695707,2.644043668881184,0.0082,0.008825,20,COMPLETE
4325,4325,3.941503646303162e-05,102.65865962221736,2024-08-29 06:12:46.117578,2024-08-29 06:12:46.313056,0 days 00:00:00.195478,0.01435,N95,26,21,1.1x60x0.1,1.1x60x0.1,0.01924070758577082,0.00022887205099128357,0.0013056874044952748,3.217217402876327e-05,0.19892379032656934,0.21711008454293046,0.23152077220440578,3.511346436666869e-05,3.744412150203703e-05,6.0,97.96026142247352,1.5255457970864057,3.172852402657422,0.0108,0.008825,20,COMPLETE
4326,4326,,,2024-08-29 06:12:46.315051,2024-08-29 06:12:46.326020,0 days 00:00:00.010969,0.01435,N95,18,9,1.4x200x0.071,1.1x60x0.1,0.024917077456841907,,,,,,,,,,,,,,,20,FAIL
4327,4327,,,2024-08-29 06:12:46.328015,2024-08-29 06:12:46.340979,0 days 00:00:00.012964,0.012,N95,18,21,1.1x60x0.1,1.1x60x0.1,0.01345575093958986,,,,,,,,,,,,,,,20,FAIL
4328,4328,,,2024-08-29 06:12:46.343971,2024-08-29 06:12:46.355939,0 days 00:00:00.011968,0.01435,N95,34,21,1.1x60x0.1,1.1x60x0.1,0.013409945052865416,,,,,,,,,,,,,,,20,FAIL
4329,4329,,,2024-08-29 06:12:46.357934,2024-08-29 06:12:46.365913,0 days 00:00:00.007979,0.01435,N95,31,20,1.1x60x0.1,1.1x60x0.1,0.007234534148457644,,,,,,,,,,,,,,,20,FAIL
4330,4330,3.6677995694577937e-05,119.26616056492098,2024-08-29 06:12:46.367909,2024-08-29 06:12:46.576350,0 days 00:00:00.208441,0.01435,N95,23,16,1.1x60x0.1,1.1x60x0.1,0.019007270078978688,0.000194705502624555,0.0006533138571469244,3.7605450211454966e-05,0.2325182838533611,0.26116078818512467,0.30387101351828255,4.223783547049466e-05,4.91454094714236e-05,5.0,115.35623846867023,1.2658784273695707,2.644043668881184,0.0082,0.008825,20,COMPLETE
4331,4331,,,2024-08-29 06:12:46.579343,2024-08-29 06:12:46.587321,0 days 00:00:00.007978,0.01435,N95,34,16,1.1x60x0.1,1.1x60x0.1,0.01514599469743391,,,,,,,,,,,,,,,21,FAIL
4332,4332,,,2024-08-29 06:12:46.588319,2024-08-29 06:12:46.596297,0 days 00:00:00.007978,0.01345,N95,39,14,1.1x60x0.1,1.1x60x0.1,0.008248241196496253,,,,,,,,,,,,,,,21,FAIL
4333,4333,,,2024-08-29 06:12:46.598292,2024-08-29 06:12:46.605274,0 days 00:00:00.006982,0.01435,N95,37,23,1.1x60x0.1,1.4x200x0.071,0.006748784508069312,,,,,,,,,,,,,,,21,FAIL
4334,4334,3.246367155611928e-05,107.9901253949943,2024-08-29 06:12:46.607268,2024-08-29 06:12:46.817706,0 days 00:00:00.210438,0.01435,N95,23,16,1.1x60x0.1,1.1x60x0.1,0.014644520273671842,0.00019720798044337525,0.0006533138571469244,3.7605450211454966e-05,0.2325182838533611,0.26116078818512467,0.30387101351828255,4.223783547049466e-05,4.91454094714236e-05,5.0,104.08020329874354,1.2658784273695707,2.644043668881184,0.0082,0.008825,21,COMPLETE
4335,4335,,,2024-08-29 06:12:46.819700,2024-08-29 06:12:46.830670,0 days 00:00:00.010970,0.01435,N95,31,23,1.1x60x0.1,1.1x60x0.1,0.007311449018831195,,,,,,,,,,,,,,,21,FAIL
4336,4336,,,2024-08-29 06:12:46.832665,2024-08-29 06:12:46.844633,0 days 00:00:00.011968,0.01435,N95,1,12,1.1x60x0.1,1.1x60x0.1,0.019967775234988244,,,,,,,,,,,,,,,21,FAIL
4337,4337,4.1714300356807535e-05,115.81926854141722,2024-08-29 06:12:46.847625,2024-08-29 06:12:47.057064,0 days 00:00:00.209439,0.01435,N95,23,21,1.1x60x0.1,1.1x60x0.1,0.021620950010262808,0.000212446004922735,0.0014156377304357555,3.7605450211454966e-05,0.2325182838533611,0.2538619183511389,0.23152077220440578,4.105738083444143e-05,3.744412150203703e-05,5.0,111.74705433909344,1.4281705334425925,2.644043668881184,0.0108,0.008825,21,COMPLETE
4338,4338,,,2024-08-29 06:12:47.058064,2024-08-29 06:12:47.070030,0 days 00:00:00.011966,0.01435,N95,34,17,1.4x200x0.071,1.1x60x0.1,0.018572444560646065,,,,,,,,,,,,,,,21,FAIL
4339,4339,,,2024-08-29 06:12:47.073021,2024-08-29 06:12:47.082994,0 days 00:00:00.009973,0.012,N95,14,23,1.4x200x0.071,1.1x60x0.1,0.01304201982225581,,,,,,,,,,,,,,,21,FAIL
4340,4340,,,2024-08-29 06:12:47.084989,2024-08-29 06:12:47.093966,0 days 00:00:00.008977,0.01435,N95,23,23,1.1x60x0.1,1.1x60x0.1,0.010888056150846079,,,,,,,,,,,,,,,21,FAIL
4341,4341,3.788626671907988e-05,76.37095864155934,2024-08-29 06:12:47.095960,2024-08-29 06:12:47.294429,0 days 00:00:00.198469,0.01435,N95,34,17,1.1x60x0.1,1.1x60x0.1,0.018958095597784587,0.00039736717953322355,0.0006881721063256466,2.412419716454984e-05,0.14916233930188658,0.17329138204744968,0.2859962480172071,2.8026615075868105e-05,4.625450303192809e-05,8.0,70.48510928940462,1.655379481944823,4.2304698702098955,0.009500000000000001,0.008825,21,COMPLETE
4342,4342,3.64184359941019e-05,192.79787011880987,2024-08-29 06:12:47.297426,2024-08-29 06:12:47.502872,0 days 00:00:00.205446,0.01435,N95,18,16,1.1x60x0.1,1.1x60x0.1,0.01873856886010864,0.00011106345505698884,0.0006157428614636193,4.7697476639721074e-05,0.2949182990774419,0.32112243970180376,0.30387101351828255,5.193550252419244e-05,4.91454094714236e-05,4.0,189.57904886240837,1.1035863212965487,2.1152349351049478,0.0082,0.008825,21,COMPLETE
4343,4343,,,2024-08-29 06:12:47.505863,2024-08-29 06:12:47.512845,0 days 00:00:00.006982,0.01435,N95,31,18,1.4x200x0.071,1.4x200x0.071,0.018937047985083964,,,,,,,,,,,,,,,21,FAIL
4344,4344,4.108225135169067e-05,69.70073551966809,2024-08-29 06:12:47.513843,2024-08-29 06:12:47.722286,0 days 00:00:00.208443,0.01435,N95,34,22,1.1x60x0.1,1.1x60x0.1,0.020966640663515106,0.00040141147993718104,0.0014595243979369553,2.412419716454984e-05,0.14916233930188658,0.16673410861370846,0.22099710074056916,2.6966099680911192e-05,3.574211597921717e-05,8.0,63.65259406144034,1.817671588017845,4.2304698702098955,0.0108,0.008825,21,COMPLETE
4345,4345,4.4592139128095854e-05,142.55359903454212,2024-08-29 06:12:47.724280,2024-08-29 06:12:47.924743,0 days 00:00:00.200463,0.0149,N95,26,12,1.1x60x0.1,1.1x60x0.1,0.018910806451388606,0.00023332144176808672,0.00031766122408636855,3.217217402876327e-05,0.18450918523275067,0.22525769280951363,0.37580216375369596,3.927733833545221e-05,6.552721262856479e-05,6.0,137.50347777774752,1.4136485477342011,3.6364727090603917,0.005600000000000001,0.01105,21,COMPLETE
