,number,values_0,values_1,datetime_start,datetime_complete,duration,params_core_inner_diameter,params_material,params_n_p_bot,params_n_p_top,params_primary_litz_wire,params_secondary_litz_wire,params_window_h_bot,user_attrs_air_gap_bot,user_attrs_air_gap_top,user_attrs_flux_bot_max,user_attrs_flux_density_bot_max,user_attrs_flux_density_mid_max,user_attrs_flux_density_top_max,user_attrs_flux_mid_max,user_attrs_flux_top_max,user_attrs_n_s_bot,user_attrs_p_hyst,user_attrs_primary_litz_wire_loss,user_attrs_secondary_litz_wire_loss,user_attrs_window_h_top,user_attrs_window_w,system_attrs_nsga2:generation,state
3494,3494,3.234221474380125e-05,177.83778247139722,2024-08-29 06:11:35.861826,2024-08-29 06:11:36.097196,0 days 00:00:00.235370,0.01435,N95,18,15,1.1x60x0.1,1.1x60x0.1,0.014518785833964631,0.00011173274304326543,0.0005246583744754121,4.7697476639721074e-05,0.2949182990774419,0.32316612325531974,0.3241290810861681,5.2266029822287344e-05,5.242177010285185e-05,4.0,174.65141963621033,1.0711279000819447,2.1152349351049478,0.0082,0.008825,14,COMPLETE
3495,3495,3.7539471915331304e-05,68.33475973149397,2024-08-29 06:11:36.100188,2024-08-29 06:11:36.314615,0 days 00:00:00.214427,0.01435,N95,39,16,1.1x60x0.1,1.1x60x0.1,0.01989908691387047,0.0005541263527254433,0.000615742861463619,2.144811601917549e-05,0.13261586021771274,0.1956243320200095,0.30387101351828255,3.163854883157079e-05,4.91454094714236e-05,9.0,61.7902679607046,1.7852131668032407,4.759278603986133,0.0082,0.008825,14,COMPLETE
3496,3496,3.36328676375222e-05,151.44068111935488,2024-08-29 06:11:36.316609,2024-08-29 06:11:36.537020,0 days 00:00:00.220411,0.01435,N95,23,12,1.1x60x0.1,1.1x60x0.1,0.017154894656115936,0.00018058581250755452,0.00032911264543173427,3.7605450211454966e-05,0.2325182838533611,0.2934226347842534,0.40516135135771003,4.745558112863077e-05,6.552721262856479e-05,5.0,147.66059270796254,1.1360447425111533,2.644043668881184,0.006900000000000001,0.008825,14,COMPLETE
3497,3497,,,2024-08-29 06:11:36.539015,2024-08-29 06:11:36.546993,0 days 00:00:00.007978,0.012,N95,26,12,1.4x200x0.071,1.1x60x0.1,0.013933619577690778,,,,,,,,,,,,,,,14,FAIL
3498,3498,4.0930384229852446e-05,130.64434168542138,2024-08-29 06:11:36.547991,2024-08-29 06:11:36.754438,0 days 00:00:00.206447,0.01435,N95,23,16,1.1x60x0.1,1.1x60x0.1,0.023409424883602516,0.00019194887930593687,0.0006533138571469244,3.7605450211454966e-05,0.2325182838533611,0.26116078818512467,0.30387101351828255,4.223783547049466e-05,4.91454094714236e-05,5.0,126.73441958917063,1.2658784273695707,2.644043668881184,0.0082,0.008825,14,COMPLETE
3499,3499,,,2024-08-29 06:11:36.756433,2024-08-29 06:11:36.764412,0 days 00:00:00.007979,0.01435,N95,31,8,1.1x60x0.1,1.1x60x0.1,0.015027352177109305,,,,,,,,,,,,,,,14,FAIL
3500,3500,3.637787125802277e-05,142.01185138272146,2024-08-29 06:11:36.765409,2024-08-29 06:11:36.982829,0 days 00:00:00.217420,0.01435,N95,22,16,1.1x60x0.1,1.1x60x0.1,0.01869657546125815,0.00015892675848476175,0.0006064714471951399,3.850162050919795e-05,0.23805939500878825,0.2635712763586992,0.30387101351828255,4.2627686502828214e-05,4.91454094714236e-05,5.0,138.1343877076853,1.2334200061549663,2.644043668881184,0.0082,0.008825,14,COMPLETE
3501,3501,,,2024-08-29 06:11:36.984822,2024-08-29 06:11:36.996790,0 days 00:00:00.011968,0.012,N95,27,21,1.1x60x0.1,1.1x60x0.1,0.010364475790630129,,,,,,,,,,,,,,,15,FAIL
3502,3502,,,2024-08-29 06:11:36.997789,2024-08-29 06:11:37.003772,0 days 00:00:00.005983,0.01435,N95,22,16,1.1x60x0.1,1.4x200x0.071,0.015033555993609738,,,,,,,,,,,,,,,15,FAIL
3503,3503,,,2024-08-29 06:11:37.004770,2024-08-29 06:11:37.012747,0 days 00:00:00.007977,0.01435,N95,30,16,1.1x60x0.1,1.1x60x0.1,0.0076282197112173405,,,,,,,,,,,,,,,15,FAIL
3504,3504,3.949035137688641e-05,52.23461677673537,2024-08-29 06:11:37.013745,2024-08-29 06:11:37.216204,0 days 00:00:00.202459,0.01435,N95,39,23,1.1x60x0.1,1.1x60x0.1,0.019318675040328526,0.0005734997474189921,0.0017604151359143965,2.144811601917549e-05,0.13261586021771274,0.15049452765135674,0.2113885311431531,2.4339653522725416e-05,3.418811093664251e-05,9.0,45.46291605744377,2.0124221153054713,4.759278603986133,0.0108,0.008825,15,COMPLETE
3505,3505,,,2024-08-29 06:11:37.218198,2024-08-29 06:11:37.226177,0 days 00:00:00.007979,0.012,N95,23,15,1.1x60x0.1,1.1x60x0.1,0.0061528586896365065,,,,,,,,,,,,,,,15,FAIL
3506,3506,4.091305995140705e-05,130.5979863935348,2024-08-29 06:11:37.227174,2024-08-29 06:11:37.461546,0 days 00:00:00.234372,0.01435,N95,23,16,1.1x60x0.1,1.1x60x0.1,0.023391490455701013,0.00019196046182179245,0.0006533138571469244,3.7605450211454966e-05,0.2325182838533611,0.26116078818512467,0.30387101351828255,4.223783547049466e-05,4.91454094714236e-05,5.0,126.68806429728404,1.2658784273695707,2.644043668881184,0.0082,0.008825,15,COMPLETE
3507,3507,,,2024-08-29 06:11:37.464538,2024-08-29 06:11:37.470523,0 days 00:00:00.005985,0.01435,N95,34,20,1.1x60x0.1,1.1x60x0.1,0.016305783208697536,,,,,,,,,,,,,,,15,FAIL
3508,3508,3.6617968210328764e-05,113.39390206445705,2024-08-29 06:11:37.471521,2024-08-29 06:11:37.682954,0 days 00:00:00.211433,0.01435,N95,23,17,1.1x60x0.1,1.1x60x0.1,0.01764512846703403,0.00019934692327268485,0.000775060706009103,3.7605450211454966e-05,0.2325182838533611,0.2593575379908458,0.2859962480172071,4.194619373688151e-05,4.625450303192809e-05,5.0,109.4515215469917,1.2983368485841749,2.644043668881184,0.009500000000000001,0.008825,15,COMPLETE
3509,3509,,,2024-08-29 06:11:37.684949,2024-08-29 06:11:37.691931,0 days 00:00:00.006982,0.01435,N95,18,15,1.1x60x0.1,1.1x60x0.1,0.008786981537439613,,,,,,,,,,,,,,,15,FAIL
3510,3510,3.777363349768973e-05,158.58415067903675,2024-08-29 06:11:37.693925,2024-08-29 06:11:37.896384,0 days 00:00:00.202459,0.01435,N95,22,14,1.1x60x0.1,1.1x60x0.1,0.020141495509953967,0.00015424813977989385,0.00043638113828580903,3.850162050919795e-05,0.23805939500878825,0.2679505982590907,0.3472811583066086,4.333595928446015e-05,5.616618225305554e-05,5.0,154.77160384642983,1.168503163725758,2.644043668881184,0.0082,0.008825,15,COMPLETE
3511,3511,,,2024-08-29 06:11:37.898378,2024-08-29 06:11:37.906358,0 days 00:00:00.007980,0.012,N95,27,18,1.1x60x0.1,1.1x60x0.1,0.007151780811774627,,,,,,,,,,,,,,,15,FAIL
3512,3512,,,2024-08-29 06:11:37.908352,2024-08-29 06:11:37.920320,0 days 00:00:00.011968,0.0149,N95,4,17,1.1x60x0.1,1.4x200x0.071,0.014371843873560199,,,,,,,,,,,,,,,15,FAIL
3513,3513,,,2024-08-29 06:11:37.921317,2024-08-29 06:11:37.927301,0 days 00:00:00.005984,0.01435,N95,39,10,1.1x60x0.1,1.1x60x0.1,0.016705229477573073,,,,,,,,,,,,,,,15,FAIL
3514,3514,,,2024-08-29 06:11:37.928299,2024-08-29 06:11:37.934283,0 days 00:00:00.005984,0.01435,N95,18,8,1.1x60x0.1,1.1x60x0.1,0.013523110705661779,,,,,,,,,,,,,,,15,FAIL
3515,3515,,,2024-08-29 06:11:37.935281,2024-08-29 06:11:37.943258,0 days 00:00:00.007977,0.01435,N95,40,15,1.1x60x0.1,1.1x60x0.1,0.018302461330981734,,,,,,,,,,,,,,,15,FAIL
3516,3516,,,2024-08-29 06:11:37.944255,2024-08-29 06:11:37.956224,0 days 00:00:00.011969,0.01435,N95,26,9,1.1x60x0.1,1.1x60x0.1,0.010988503567166987,,,,,,,,,,,,,,,15,FAIL
3517,3517,,,2024-08-29 06:11:37.957221,2024-08-29 06:11:37.968191,0 days 00:00:00.010970,0.01435,N95,23,2,1.1x60x0.1,1.1x60x0.1,0.01656427894586133,,,,,,,,,,,,,,,15,FAIL
3518,3518,,,2024-08-29 06:11:37.969188,2024-08-29 06:11:37.979162,0 days 00:00:00.009974,0.01435,N95,31,23,1.1x60x0.1,1.1x60x0.1,0.008384907774078708,,,,,,,,,,,,,,,15,FAIL
3519,3519,3.256504315986453e-05,132.93572394721232,2024-08-29 06:11:37.980159,2024-08-29 06:11:38.174639,0 days 00:00:00.194480,0.01435,N95,23,13,1.1x60x0.1,1.1x60x0.1,0.01474946211724465,0.00018577196419545332,0.00039794046450356365,3.7605450211454966e-05,0.2325182838533611,0.26823507740883396,0.37399509356096317,4.3381968425438566e-05,6.0486657810982893e-05,5.0,129.1231771146054,1.168503163725758,2.644043668881184,0.0082,0.008825,15,COMPLETE
3520,3520,,,2024-08-29 06:11:38.176634,2024-08-29 06:11:38.185612,0 days 00:00:00.008978,0.01435,N95,34,6,1.1x60x0.1,1.1x60x0.1,0.02275242792313209,,,,,,,,,,,,,,,15,FAIL
3521,3521,4.298437261114658e-05,71.49513941691185,2024-08-29 06:11:38.186608,2024-08-29 06:11:38.400036,0 days 00:00:00.213428,0.01435,N95,34,23,1.1x60x0.1,1.1x60x0.1,0.022935753356730093,0.00040187344545738514,0.0016709731681355863,2.412419716454984e-05,0.14916233930188658,0.16576477254089456,0.2113885311431531,2.680932783991756e-05,3.418811093664251e-05,8.0,65.41453953746951,1.8501300092324493,4.2304698702098955,0.0108,0.008825,15,COMPLETE
3522,3522,,,2024-08-29 06:11:38.402031,2024-08-29 06:11:38.408015,0 days 00:00:00.005984,0.01435,N95,39,23,1.1x60x0.1,1.1x60x0.1,0.014144093023538952,,,,,,,,,,,,,,,15,FAIL
3523,3523,3.833033934104821e-05,87.9835223348835,2024-08-29 06:11:38.409013,2024-08-29 06:11:38.611471,0 days 00:00:00.202458,0.01435,N95,34,15,1.1x60x0.1,1.1x60x0.1,0.020717808159368183,0.0003953762498939671,0.0004919656916685144,2.412419716454984e-05,0.14916233930188658,0.18647743278770848,0.3241290810861681,3.0159210269591635e-05,5.242177010285185e-05,8.0,82.16258982515798,1.5904626395156145,4.2304698702098955,0.0082,0.008825,15,COMPLETE
3524,3524,,,2024-08-29 06:11:38.612468,2024-08-29 06:11:38.623439,0 days 00:00:00.010971,0.01345,N95,35,17,1.1x60x0.1,1.1x60x0.1,0.009602149865287785,,,,,,,,,,,,,,,15,FAIL
3525,3525,4.262908937370857e-05,106.77624413000144,2024-08-29 06:11:38.625434,2024-08-29 06:11:38.842851,0 days 00:00:00.217417,0.0149,N95,23,18,1.1x60x0.1,1.1x60x0.1,0.016039834191271737,0.0002212822403520207,0.0009278559058397608,3.7605450211454966e-05,0.21566932258363924,0.23907698614538309,0.2505347758357973,4.168695664033649e-05,4.368480841904319e-05,5.0,102.2205978253344,1.5252523804500593,3.030393924216993,0.006900000000000001,0.01105,15,COMPLETE
3526,3526,,,2024-08-29 06:11:38.843849,2024-08-29 06:11:38.848836,0 days 00:00:00.004987,0.0149,N95,34,9,1.1x60x0.1,1.1x60x0.1,0.005355197480876041,,,,,,,,,,,,,,,15,FAIL
3527,3527,,,2024-08-29 06:11:38.850832,2024-08-29 06:11:38.861801,0 days 00:00:00.010969,0.012,N95,31,21,1.1x60x0.1,1.1x60x0.1,0.014738103375395752,,,,,,,,,,,,,,,15,FAIL
3528,3528,3.633896233041746e-05,141.87892103225235,2024-08-29 06:11:38.861801,2024-08-29 06:11:39.071244,0 days 00:00:00.209443,0.01435,N95,22,16,1.1x60x0.1,1.1x60x0.1,0.01865629618734428,0.0001589526838371752,0.0006064714471951399,3.850162050919795e-05,0.23805939500878825,0.2635712763586992,0.30387101351828255,4.2627686502828214e-05,4.91454094714236e-05,5.0,138.0014573572162,1.2334200061549663,2.644043668881184,0.0082,0.008825,15,COMPLETE
3529,3529,,,2024-08-29 06:11:39.072238,2024-08-29 06:11:39.077225,0 days 00:00:00.004987,0.01345,N95,31,17,1.1x60x0.1,1.1x60x0.1,0.006653075549690418,,,,,,,,,,,,,,,15,FAIL
3530,3530,,,2024-08-29 06:11:39.078223,2024-08-29 06:11:39.084208,0 days 00:00:00.005985,0.01435,N95,18,21,1.1x60x0.1,1.1x60x0.1,0.0075114751961815746,,,,,,,,,,,,,,,15,FAIL
3531,3531,,,2024-08-29 06:11:39.086201,2024-08-29 06:11:39.096175,0 days 00:00:00.009974,0.01435,N95,37,21,1.1x60x0.1,1.1x60x0.1,0.0070994355195772565,,,,,,,,,,,,,,,15,FAIL
3532,3532,3.120932717471901e-05,104.63402698114955,2024-08-29 06:11:39.097172,2024-08-29 06:11:39.315587,0 days 00:00:00.218415,0.01435,N95,23,16,1.1x60x0.1,1.1x60x0.1,0.013345998725269252,0.00019788948484771975,0.0006533138571469244,3.7605450211454966e-05,0.2325182838533611,0.26116078818512467,0.30387101351828255,4.223783547049466e-05,4.91454094714236e-05,5.0,100.7241048848988,1.2658784273695707,2.644043668881184,0.0082,0.008825,15,COMPLETE
3533,3533,,,2024-08-29 06:11:39.317582,2024-08-29 06:11:39.326557,0 days 00:00:00.008975,0.01435,N95,27,7,1.1x60x0.1,1.1x60x0.1,0.009206539973838294,,,,,,,,,,,,,,,15,FAIL
3534,3534,,,2024-08-29 06:11:39.328553,2024-08-29 06:11:39.339524,0 days 00:00:00.010971,0.01435,N95,18,14,1.1x60x0.1,1.4x200x0.071,0.014297983194676114,,,,,,,,,,,,,,,15,FAIL
3535,3535,3.981788280936549e-05,127.6675822322869,2024-08-29 06:11:39.340521,2024-08-29 06:11:39.542979,0 days 00:00:00.202458,0.01435,N95,23,16,1.1x60x0.1,1.1x60x0.1,0.02225774190996959,0.000192687374088208,0.0006533138571469244,3.7605450211454966e-05,0.2325182838533611,0.26116078818512467,0.30387101351828255,4.223783547049466e-05,4.91454094714236e-05,5.0,123.75766013603615,1.2658784273695707,2.644043668881184,0.0082,0.008825,15,COMPLETE
3536,3536,,,2024-08-29 06:11:39.543977,2024-08-29 06:11:39.549961,0 days 00:00:00.005984,0.01345,N95,36,20,1.1x60x0.1,1.4x200x0.071,0.009497259873091596,,,,,,,,,,,,,,,15,FAIL
3537,3537,,,2024-08-29 06:11:39.551956,2024-08-29 06:11:39.562926,0 days 00:00:00.010970,0.01345,N95,31,12,1.1x60x0.1,1.1x60x0.1,0.00567139038310112,,,,,,,,,,,,,,,15,FAIL
3538,3538,,,2024-08-29 06:11:39.563923,2024-08-29 06:11:39.574894,0 days 00:00:00.010971,0.0149,N95,39,9,1.1x60x0.1,1.1x60x0.1,0.008489930043856429,,,,,,,,,,,,,,,15,FAIL
3539,3539,,,2024-08-29 06:11:39.576889,2024-08-29 06:11:39.582873,0 days 00:00:00.005984,0.012,N95,34,13,1.1x60x0.1,1.1x60x0.1,0.010542652414011304,,,,,,,,,,,,,,,15,FAIL
3540,3540,4.146108736498816e-05,145.05591104848824,2024-08-29 06:11:39.582873,2024-08-29 06:11:39.793309,0 days 00:00:00.210436,0.01435,N95,23,14,1.1x60x0.1,1.1x60x0.1,0.023958819026867403,0.00018390377618738413,0.0004732077210331388,3.7605450211454966e-05,0.2325182838533611,0.2655401100855161,0.3472811583066086,4.29461082521266e-05,5.616618225305554e-05,5.0,141.2109057946667,1.2009615849403619,2.644043668881184,0.0082,0.008825,15,COMPLETE
3541,3541,,,2024-08-29 06:11:39.795304,2024-08-29 06:11:39.803282,0 days 00:00:00.007978,0.01435,N95,39,23,1.1x60x0.1,1.1x60x0.1,0.008518614214792367,,,,,,,,,,,,,,,15,FAIL
3542,3542,3.9232599703545314e-05,65.87691819517563,2024-08-29 06:11:39.804280,2024-08-29 06:11:40.031671,0 days 00:00:00.227391,0.01435,N95,34,23,1.1x60x0.1,1.1x60x0.1,0.019051845526095276,0.00040254100210173715,0.0016709731681355863,2.412419716454984e-05,0.14916233930188658,0.16576477254089456,0.2113885311431531,2.680932783991756e-05,3.418811093664251e-05,8.0,59.79631831573329,1.8501300092324493,4.2304698702098955,0.0108,0.008825,15,COMPLETE
3543,3543,,,2024-08-29 06:11:40.033668,2024-08-29 06:11:40.039651,0 days 00:00:00.005983,0.01435,N95,21,16,1.4x200x0.071,1.1x60x0.1,0.010462813236908085,,,,,,,,,,,,,,,15,FAIL
3544,3544,4.076453301373619e-05,77.41806251681065,2024-08-29 06:11:40.041644,2024-08-29 06:11:40.260060,0 days 00:00:00.218416,0.01435,N95,34,18,1.1x60x0.1,1.1x60x0.1,0.02193773249899971,0.0003977354503866702,0.0008020568736040902,2.412419716454984e-05,0.14916233930188658,0.17168849298586847,0.27010756757180665,2.776737797932308e-05,4.368480841904319e-05,8.0,71.49975474344131,1.6878379031594277,4.2304698702098955,0.009500000000000001,0.008825,15,COMPLETE
3545,3545,3.121746528855656e-05,104.65580100152849,2024-08-29 06:11:40.262056,2024-08-29 06:11:40.477482,0 days 00:00:00.215426,0.01435,N95,23,16,1.1x60x0.1,1.1x60x0.1,0.013354423458012594,0.00019788518103719925,0.0006533138571469244,3.7605450211454966e-05,0.2325182838533611,0.26116078818512467,0.30387101351828255,4.223783547049466e-05,4.91454094714236e-05,5.0,100.74587890527773,1.2658784273695707,2.644043668881184,0.0082,0.008825,15,COMPLETE
3546,3546,4.2978819551810836e-05,60.6240691126769,2024-08-29 06:11:40.478478,2024-08-29 06:11:40.683927,0 days 00:00:00.205449,0.01435,N95,39,20,1.1x60x0.1,1.1x60x0.1,0.02423000472237262,0.0005671286696955197,0.001133686992593742,2.144811601917549e-05,0.13261586021771274,0.15369333669164267,0.24309681081462603,2.4857000598004396e-05,3.931632757713888e-05,9.0,53.94974365702911,1.9150468516616583,4.759278603986133,0.009500000000000001,0.008825,15,COMPLETE
3547,3547,,,2024-08-29 06:11:40.685922,2024-08-29 06:11:40.696892,0 days 00:00:00.010970,0.01435,N95,23,22,1.1x60x0.1,1.1x60x0.1,0.009628875400622348,,,,,,,,,,,,,,,15,FAIL
3548,3548,,,2024-08-29 06:11:40.697890,2024-08-29 06:11:40.705868,0 days 00:00:00.007978,0.0149,N95,31,18,1.1x60x0.1,1.4x200x0.071,0.00501972415254017,,,,,,,,,,,,,,,15,FAIL
3549,3549,,,2024-08-29 06:11:40.706870,2024-08-29 06:11:40.712849,0 days 00:00:00.005979,0.01435,N95,33,18,1.1x60x0.1,1.1x60x0.1,0.011713937437766369,,,,,,,,,,,,,,,15,FAIL
3550,3550,,,2024-08-29 06:11:40.713848,2024-08-29 06:11:40.719831,0 days 00:00:00.005983,0.012,N95,20,15,1.1x60x0.1,1.1x60x0.1,0.008763781188650654,,,,,,,,,,,,,,,15,FAIL
3551,3551,,,2024-08-29 06:11:40.720829,2024-08-29 06:11:40.731799,0 days 00:00:00.010970,0.01435,N95,18,9,1.4x200x0.071,1.1x60x0.1,0.024062614632367453,,,,,,,,,,,,,,,15,FAIL
3552,3552,,,2024-08-29 06:11:40.733794,2024-08-29 06:11:40.745762,0 days 00:00:00.011968,0.01345,N95,31,15,1.1x60x0.1,1.4x200x0.071,0.007722255247633076,,,,,,,,,,,,,,,15,FAIL
3553,3553,4.060577203655967e-05,159.01821690209007,2024-08-29 06:11:40.747757,2024-08-29 06:11:40.947223,0 days 00:00:00.199466,0.01435,N95,26,12,1.1x60x0.1,1.1x60x0.1,0.024373380066792037,0.00021170469790261401,0.00029565163374893665,3.217217402876327e-05,0.19892379032656934,0.24285573640879518,0.40516135135771003,3.927733833545221e-05,6.552721262856479e-05,6.0,154.6119444932777,1.2334200061549663,3.172852402657422,0.006900000000000001,0.008825,15,COMPLETE
3554,3554,3.7553787680595124e-05,118.99431016711175,2024-08-29 06:11:40.948219,2024-08-29 06:11:41.168631,0 days 00:00:00.220412,0.01435,N95,26,15,1.1x60x0.1,1.1x60x0.1,0.01991390687077592,0.0002191042763178916,0.0005082272858830169,3.217217402876327e-05,0.19892379032656934,0.2264526379304322,0.3241290810861681,3.662444630081682e-05,5.242177010285185e-05,6.0,114.49066249465554,1.3307952697987795,3.172852402657422,0.0082,0.008825,15,COMPLETE
3555,3555,4.250337759846053e-05,73.13083338156318,2024-08-29 06:11:41.169628,2024-08-29 06:11:41.393030,0 days 00:00:00.223402,0.01435,N95,34,21,1.1x60x0.1,1.1x60x0.1,0.022437818022615734,0.00040024063966765457,0.0012699694300996826,2.412419716454984e-05,0.14916233930188658,0.16779576240774277,0.23152077220440578,2.7137802173428026e-05,3.744412150203703e-05,8.0,67.11515034455003,1.7852131668032407,4.2304698702098955,0.0108,0.008825,15,COMPLETE
3556,3556,,,2024-08-29 06:11:41.395025,2024-08-29 06:11:41.404999,0 days 00:00:00.009974,0.01435,N95,23,16,1.1x60x0.1,1.1x60x0.1,0.010773992818552788,,,,,,,,,,,,,,,15,FAIL
3557,3557,,,2024-08-29 06:11:41.405997,2024-08-29 06:11:41.415968,0 days 00:00:00.009971,0.01435,N95,13,22,1.1x60x0.1,1.1x60x0.1,0.0247789689052281,,,,,,,,,,,,,,,15,FAIL
3558,3558,4.055777927670579e-05,70.21729717956471,2024-08-29 06:11:41.416966,2024-08-29 06:11:41.626405,0 days 00:00:00.209439,0.01435,N95,34,21,1.1x60x0.1,1.1x60x0.1,0.0204236970341563,0.00040063267282350643,0.0012699694300996826,2.412419716454984e-05,0.14916233930188658,0.16779576240774277,0.23152077220440578,2.7137802173428026e-05,3.744412150203703e-05,8.0,64.20161414255156,1.7852131668032407,4.2304698702098955,0.0108,0.008825,15,COMPLETE
3559,3559,,,2024-08-29 06:11:41.628400,2024-08-29 06:11:41.640369,0 days 00:00:00.011969,0.01435,N95,13,20,1.1x60x0.1,1.4x200x0.071,0.022648088957272668,,,,,,,,,,,,,,,15,FAIL
3560,3560,,,2024-08-29 06:11:41.642364,2024-08-29 06:11:41.650342,0 days 00:00:00.007978,0.01435,N95,34,23,1.1x60x0.1,1.1x60x0.1,0.015221016133140032,,,,,,,,,,,,,,,15,FAIL
3561,3561,3.583478732045224e-05,140.1564350921448,2024-08-29 06:11:41.652336,2024-08-29 06:11:41.858784,0 days 00:00:00.206448,0.01435,N95,22,16,1.1x60x0.1,1.1x60x0.1,0.018134364472008592,0.00015928737311312797,0.0006064714471951399,3.850162050919795e-05,0.23805939500878825,0.2635712763586992,0.30387101351828255,4.2627686502828214e-05,4.91454094714236e-05,5.0,136.27897141710864,1.2334200061549663,2.644043668881184,0.0082,0.008825,15,COMPLETE
3562,3562,3.921604097378071e-05,223.59154777824665,2024-08-29 06:11:41.860779,2024-08-29 06:11:42.079194,0 days 00:00:00.218415,0.01435,N95,23,10,1.1x60x0.1,1.1x60x0.1,0.022934703608985148,0.0001693328029033486,0.00022091928676453533,3.7605450211454966e-05,0.2325182838533611,0.3743518533782035,0.48619362162925206,6.054435698767706e-05,7.863265515427775e-05,5.0,219.87637620928353,1.0711279000819447,2.644043668881184,0.006900000000000001,0.008825,15,COMPLETE
3563,3563,,,2024-08-29 06:11:42.081189,2024-08-29 06:11:42.088170,0 days 00:00:00.006981,0.01345,N95,23,20,1.1x60x0.1,1.1x60x0.1,0.010127218949749755,,,,,,,,,,,,,,,15,FAIL
3564,3564,4.343084922248458e-05,206.3614231994167,2024-08-29 06:11:42.089168,2024-08-29 06:11:42.320548,0 days 00:00:00.231380,0.01435,N95,18,21,1.1x60x0.1,1.1x60x0.1,0.023397954574575032,0.00011875337502118116,0.0013418720270640101,4.7697476639721074e-05,0.2949182990774419,0.31398315818524236,0.23152077220440578,5.078085829076981e-05,3.744412150203703e-05,4.0,202.98030983694218,1.2658784273695707,2.1152349351049478,0.0108,0.008825,15,COMPLETE
3565,3565,,,2024-08-29 06:11:42.321546,2024-08-29 06:11:42.329525,0 days 00:00:00.007979,0.01435,N95,31,15,1.1x60x0.1,1.4x200x0.071,0.013368883204331647,,,,,,,,,,,,,,,15,FAIL
3566,3566,3.8047795246077144e-05,180.31852675994796,2024-08-29 06:11:42.330523,2024-08-29 06:11:42.533979,0 days 00:00:00.203456,0.01435,N95,18,21,1.1x60x0.1,1.1x60x0.1,0.01782531305105968,0.00012255880412583963,0.0013418720270640101,4.7697476639721074e-05,0.2949182990774419,0.31398315818524236,0.23152077220440578,5.078085829076981e-05,3.744412150203703e-05,4.0,176.93741339747345,1.2658784273695707,2.1152349351049478,0.0108,0.008825,15,COMPLETE
3567,3567,,,2024-08-29 06:11:42.535973,2024-08-29 06:11:42.546944,0 days 00:00:00.010971,0.01435,N95,34,14,1.4x200x0.071,1.1x60x0.1,0.023345254417654004,,,,,,,,,,,,,,,15,FAIL
3568,3568,,,2024-08-29 06:11:42.547940,2024-08-29 06:11:42.561903,0 days 00:00:00.013963,0.01435,N95,6,21,1.1x60x0.1,1.1x60x0.1,0.00833845781445372,,,,,,,,,,,,,,,15,FAIL
3569,3569,,,2024-08-29 06:11:42.563899,2024-08-29 06:11:42.569882,0 days 00:00:00.005983,0.0149,N95,34,3,1.1x60x0.1,1.1x60x0.1,0.0052763600558664745,,,,,,,,,,,,,,,15,FAIL
3570,3570,,,2024-08-29 06:11:42.570879,2024-08-29 06:11:42.576864,0 days 00:00:00.005985,0.01435,N95,0,20,1.1x60x0.1,1.4x200x0.071,0.017952439219852737,,,,,,,,,,,,,,,15,FAIL
