,number,values_0,values_1,datetime_start,datetime_complete,duration,params_core_inner_diameter,params_material,params_n_p_bot,params_n_p_top,params_primary_litz_wire,params_secondary_litz_wire,params_window_h_bot,user_attrs_air_gap_bot,user_attrs_air_gap_top,user_attrs_flux_bot_max,user_attrs_flux_density_bot_max,user_attrs_flux_density_mid_max,user_attrs_flux_density_top_max,user_attrs_flux_mid_max,user_attrs_flux_top_max,user_attrs_n_s_bot,user_attrs_p_hyst,user_attrs_primary_litz_wire_loss,user_attrs_secondary_litz_wire_loss,user_attrs_window_h_top,user_attrs_window_w,system_attrs_nsga2:generation,state
5058,5058,3.947463193954307e-05,30904.47525030852,2024-08-29 15:58:10.084817,2024-08-29 15:58:10.377350,0 days 00:00:00.292533,0.01435,N95,18,21,1.1x60x0.1,1.4x200x0.071,0.019302401974955273,0.00012156351293044692,0.0013418720270640101,0.000548665955068954,3.3924568264452803,3.4301229228528136,0.037688566480323295,0.0005547577362813366,6.095415323169739e-06,4.0,30902.014736264435,1.2658784273695707,1.1946356167132055,0.0108,0.008825,26,COMPLETE
5059,5059,,,2024-08-29 15:58:10.380328,2024-08-29 15:58:10.397284,0 days 00:00:00.016956,0.01435,N95,34,2,1.1x60x0.1,1.1x60x0.1,0.02215598813244901,,,,,,,,,,,,,,,26,FAIL
5060,5060,3.207292992594623e-05,25100.970756733714,2024-08-29 15:58:10.400277,2024-08-29 15:58:10.718448,0 days 00:00:00.318171,0.01435,N95,18,23,1.1x60x0.1,1.1x60x0.1,0.011640016985610516,0.00013090692398157145,0.0017604151359143986,0.000548665955068954,3.3924568264452803,3.426847610121723,0.03441129982986006,0.0005542280161759119,5.565379208111447e-06,4.0,25097.524726528813,1.3307952697987795,2.1152349351049478,0.0108,0.008825,26,COMPLETE
5061,5061,,,2024-08-29 15:58:10.721441,2024-08-29 15:58:10.735409,0 days 00:00:00.013968,0.01435,N95,36,23,1.1x60x0.1,1.1x60x0.1,0.020301117917634844,,,,,,,,,,,,,,,26,FAIL
5062,5062,,,2024-08-29 15:58:10.738396,2024-08-29 15:58:10.754354,0 days 00:00:00.015958,0.01435,N95,23,16,1.1x60x0.1,1.4x200x0.071,0.0076546754194318145,,,,,,,,,,,,,,,26,FAIL
5063,5063,,,2024-08-29 15:58:10.758345,2024-08-29 15:58:10.776297,0 days 00:00:00.017952,0.01435,N95,12,11,1.1x60x0.1,1.1x60x0.1,0.009137933916157333,,,,,,,,,,,,,,,26,FAIL
5064,5064,,,2024-08-29 15:58:10.778290,2024-08-29 15:58:10.792764,0 days 00:00:00.014474,0.01435,N95,18,16,1.4x200x0.071,1.1x60x0.1,0.01304828881179868,,,,,,,,,,,,,,,26,FAIL
5065,5065,4.159546098878577e-05,7558.794883110036,2024-08-29 15:58:10.794760,2024-08-29 15:58:11.316873,0 days 00:00:00.522113,0.01435,N95,34,18,1.1x60x0.1,1.1x60x0.1,0.02279792519948274,0.00039753371067250244,0.0008020568736040902,0.000274332977534477,1.6962284132226402,1.9286420160561661,0.23241360283352583,0.00031192149756386516,3.7588520029388156e-05,8.0,7552.876575336666,1.6878379031594277,4.2304698702098955,0.009500000000000001,0.008825,26,COMPLETE
5066,5066,,,2024-08-29 15:58:11.320863,2024-08-29 15:58:11.338815,0 days 00:00:00.017952,0.01435,N95,23,21,1.1x60x0.1,1.4x200x0.071,0.018663478229814595,,,,,,,,,,,,,,,26,FAIL
5067,5067,,,2024-08-29 15:58:11.342803,2024-08-29 15:58:11.365745,0 days 00:00:00.022942,0.012,N95,31,22,1.1x60x0.1,1.1x60x0.1,0.009165261819368966,,,,,,,,,,,,,,,26,FAIL
5068,5068,,,2024-08-29 15:58:11.369730,2024-08-29 15:58:11.392672,0 days 00:00:00.022942,0.01435,N95,9,8,1.1x60x0.1,1.4x200x0.071,0.017856133956512508,,,,,,,,,,,,,,,26,FAIL
5069,5069,,,2024-08-29 15:58:11.395661,2024-08-29 15:58:11.412615,0 days 00:00:00.016954,0.01435,N95,39,23,1.4x200x0.071,1.1x60x0.1,0.013761058997590558,,,,,,,,,,,,,,,26,FAIL
5070,5070,,,2024-08-29 15:58:11.415607,2024-08-29 15:58:11.434558,0 days 00:00:00.018951,0.01435,N95,37,22,1.1x60x0.1,1.1x60x0.1,0.020527612514269405,,,,,,,,,,,,,,,26,FAIL
5071,5071,,,2024-08-29 15:58:11.436552,2024-08-29 15:58:11.449517,0 days 00:00:00.012965,0.01435,N95,34,21,1.1x60x0.1,1.4x200x0.071,0.006317395594555974,,,,,,,,,,,,,,,26,FAIL
5072,5072,,,2024-08-29 15:58:11.450515,2024-08-29 15:58:11.461485,0 days 00:00:00.010970,0.01435,N95,31,19,1.1x60x0.1,1.1x60x0.1,0.010598593366518461,,,,,,,,,,,,,,,26,FAIL
5073,5073,4.384705798083e-05,7597.439763147102,2024-08-29 15:58:11.463480,2024-08-29 15:58:11.741737,0 days 00:00:00.278257,0.01435,N95,34,22,1.1x60x0.1,1.1x60x0.1,0.023828821925965478,0.00040076878267377645,0.0014595243979369553,0.000274332977534477,1.6962284132226402,1.8863849973591609,0.1901565841365207,0.00030508722119488543,3.075424366040842e-05,8.0,7591.391621688874,1.817671588017845,4.2304698702098955,0.0108,0.008825,26,COMPLETE
5074,5074,,,2024-08-29 15:58:11.744727,2024-08-29 15:58:11.760687,0 days 00:00:00.015960,0.01435,N95,39,22,1.4x200x0.071,1.4x200x0.071,0.015259477774151835,,,,,,,,,,,,,,,26,FAIL
5075,5075,,,2024-08-29 15:58:11.762680,2024-08-29 15:58:11.777639,0 days 00:00:00.014959,0.01435,N95,22,23,1.1x60x0.1,1.1x60x0.1,0.01031373229233479,,,,,,,,,,,,,,,26,FAIL
5076,5076,3.800757395315935e-05,17315.682275550527,2024-08-29 15:58:11.779634,2024-08-29 15:58:12.084824,0 days 00:00:00.305190,0.01435,N95,23,17,1.1x60x0.1,1.1x60x0.1,0.019083675191208096,0.00019849797994892475,0.000775060706009103,0.0004389327640551628,2.7139654611562216,2.680671654919756,0.03318566974202596,0.00043354811837471884,5.367156640484147e-06,5.0,17311.73989503306,1.2983368485841749,2.644043668881184,0.009500000000000001,0.008825,26,COMPLETE
5077,5077,3.3397259535860047e-05,15809.287606749114,2024-08-29 15:58:12.087810,2024-08-29 15:58:12.413937,0 days 00:00:00.326127,0.01435,N95,23,16,1.1x60x0.1,1.1x60x0.1,0.015610988595289962,0.00019667927898011554,0.0006533138571469244,0.0004389327640551628,2.7139654611562216,2.6785907920299765,0.035259774100903196,0.000433211578019691,5.7026039305145055e-06,5.0,15805.377684652864,1.2658784273695707,2.644043668881184,0.0082,0.008825,26,COMPLETE
5078,5078,4.083186249814126e-05,18577.99825818657,2024-08-29 15:58:12.416932,2024-08-29 15:58:12.718125,0 days 00:00:00.301193,0.01435,N95,23,17,1.1x60x0.1,1.1x60x0.1,0.022007433282643533,0.0001966989165339772,0.000775060706009103,0.0004389327640551628,2.7139654611562216,2.680671654919756,0.03318566974202596,0.00043354811837471884,5.367156640484147e-06,5.0,18574.055877669103,1.2983368485841749,2.644043668881184,0.009500000000000001,0.008825,26,COMPLETE
5079,5079,,,2024-08-29 15:58:12.722112,2024-08-29 15:58:12.744053,0 days 00:00:00.021941,0.01435,N95,16,18,1.1x60x0.1,1.1x60x0.1,0.01249000335995974,,,,,,,,,,,,,,,26,FAIL
5080,5080,,,2024-08-29 15:58:12.747045,2024-08-29 15:58:12.764998,0 days 00:00:00.017953,0.01435,N95,36,11,1.1x60x0.1,1.1x60x0.1,0.02002386623562085,,,,,,,,,,,,,,,26,FAIL
5081,5081,,,2024-08-29 15:58:12.766993,2024-08-29 15:58:12.780958,0 days 00:00:00.013965,0.012,N95,34,18,1.1x60x0.1,1.1x60x0.1,0.015315772812023946,,,,,,,,,,,,,,,26,FAIL
5082,5082,,,2024-08-29 15:58:12.783951,2024-08-29 15:58:12.799904,0 days 00:00:00.015953,0.01435,N95,13,23,1.1x60x0.1,1.4x200x0.071,0.009738009743182355,,,,,,,,,,,,,,,26,FAIL
5083,5083,,,2024-08-29 15:58:12.801899,2024-08-29 15:58:12.816861,0 days 00:00:00.014962,0.01345,N95,23,15,1.1x60x0.1,1.1x60x0.1,0.0053439487444086105,,,,,,,,,,,,,,,26,FAIL
5084,5084,,,2024-08-29 15:58:12.818853,2024-08-29 15:58:12.830822,0 days 00:00:00.011969,0.01435,N95,18,16,1.1x60x0.1,1.4x200x0.071,0.008395675600926652,,,,,,,,,,,,,,,26,FAIL
5085,5085,3.28212632047065e-05,12330.529672457438,2024-08-29 15:58:12.832818,2024-08-29 15:58:13.087589,0 days 00:00:00.254771,0.01435,N95,27,8,1.1x60x0.1,1.1x60x0.1,0.017614706060051305,0.00023014240768725125,0.00013527738600034513,0.0003657773033793024,2.2616378842968516,2.360511387366625,0.0989324870108478,0.00038176822906180646,1.6000465223320428e-05,6.0,12326.220775312271,1.1360447425111533,3.172852402657422,0.005600000000000001,0.008825,26,COMPLETE
5086,5086,,,2024-08-29 15:58:13.090580,2024-08-29 15:58:13.114517,0 days 00:00:00.023937,0.012,N95,18,15,1.1x60x0.1,1.1x60x0.1,0.011864421221979466,,,,,,,,,,,,,,,26,FAIL
5087,5087,,,2024-08-29 15:58:13.117507,2024-08-29 15:58:13.142954,0 days 00:00:00.025447,0.01435,N95,22,25,1.1x60x0.1,1.4x200x0.071,0.01690422446038338,,,,,,,,,,,,,,,26,FAIL
5088,5088,,,2024-08-29 15:58:13.146943,2024-08-29 15:58:13.166889,0 days 00:00:00.019946,0.0149,N95,7,18,1.1x60x0.1,1.1x60x0.1,0.008291173974085523,,,,,,,,,,,,,,,26,FAIL
5089,5089,,,2024-08-29 15:58:13.169881,2024-08-29 15:58:13.187836,0 days 00:00:00.017955,0.01435,N95,18,16,1.4x200x0.071,1.1x60x0.1,0.014468267202875409,,,,,,,,,,,,,,,26,FAIL
5090,5090,,,2024-08-29 15:58:13.190825,2024-08-29 15:58:13.210773,0 days 00:00:00.019948,0.01435,N95,27,23,1.1x60x0.1,1.1x60x0.1,0.010488100533279799,,,,,,,,,,,,,,,26,FAIL
5091,5091,,,2024-08-29 15:58:13.213764,2024-08-29 15:58:13.239209,0 days 00:00:00.025445,0.01435,N95,26,16,1.4x200x0.071,1.1x60x0.1,0.012900624174291215,,,,,,,,,,,,,,,26,FAIL
5092,5092,3.180875892008371e-05,15099.333659727143,2024-08-29 15:58:13.241203,2024-08-29 15:58:13.470590,0 days 00:00:00.229387,0.01435,N95,23,16,1.1x60x0.1,1.1x60x0.1,0.013966542054274087,0.00019756823536036603,0.0006533138571469244,0.0004389327640551628,2.7139654611562216,2.6785907920299765,0.035259774100903196,0.000433211578019691,5.7026039305145055e-06,5.0,15095.423737630892,1.2658784273695707,2.644043668881184,0.0082,0.008825,26,COMPLETE
5093,5093,,,2024-08-29 15:58:13.473581,2024-08-29 15:58:13.495526,0 days 00:00:00.021945,0.01435,N95,17,5,1.1x60x0.1,1.4x200x0.071,0.020669737235128487,,,,,,,,,,,,,,,26,FAIL
5094,5094,,,2024-08-29 15:58:13.498518,2024-08-29 15:58:13.516467,0 days 00:00:00.017949,0.01435,N95,6,16,1.1x60x0.1,1.1x60x0.1,0.016645747643058255,,,,,,,,,,,,,,,26,FAIL
5095,5095,,,2024-08-29 15:58:13.518462,2024-08-29 15:58:13.536414,0 days 00:00:00.017952,0.01435,N95,22,3,1.1x60x0.1,1.1x60x0.1,0.014080167490479821,,,,,,,,,,,,,,,26,FAIL
5096,5096,,,2024-08-29 15:58:13.539406,2024-08-29 15:58:13.554366,0 days 00:00:00.014960,0.01435,N95,37,16,1.1x60x0.1,1.1x60x0.1,0.011202739309845298,,,,,,,,,,,,,,,26,FAIL
5097,5097,,,2024-08-29 15:58:13.557358,2024-08-29 15:58:13.570328,0 days 00:00:00.012970,0.01435,N95,31,23,1.1x60x0.1,1.1x60x0.1,0.01092731491559058,,,,,,,,,,,,,,,26,FAIL
5098,5098,,,2024-08-29 15:58:13.572351,2024-08-29 15:58:13.583288,0 days 00:00:00.010937,0.01435,N95,1,16,1.1x60x0.1,1.1x60x0.1,0.016091586314718263,,,,,,,,,,,,,,,26,FAIL
5099,5099,,,2024-08-29 15:58:13.585283,2024-08-29 15:58:13.599245,0 days 00:00:00.013962,0.01435,N95,34,25,1.1x60x0.1,1.1x60x0.1,0.01805166051104535,,,,,,,,,,,,,,,26,FAIL
5100,5100,,,2024-08-29 15:58:13.600242,2024-08-29 15:58:13.612212,0 days 00:00:00.011970,0.0149,N95,17,16,1.1x60x0.1,1.1x60x0.1,0.01794124783601852,,,,,,,,,,,,,,,26,FAIL
5101,5101,4.434898345243885e-05,14525.922841556505,2024-08-29 15:58:13.614206,2024-08-29 15:58:13.906424,0 days 00:00:00.292218,0.01435,N95,26,21,1.1x60x0.1,1.1x60x0.1,0.024348424875714127,0.00022586905012839478,0.0013056874044952748,0.0003657773033793026,2.261637884296853,2.40700102281376,0.14536313851690666,0.00038928705141927096,2.350974803996837e-05,6.0,14521.224443356761,1.5255457970864057,3.172852402657422,0.0108,0.008825,26,COMPLETE
5102,5102,,,2024-08-29 15:58:13.911410,2024-08-29 15:58:13.925375,0 days 00:00:00.013965,0.01435,N95,18,15,1.4x200x0.071,1.1x60x0.1,0.00809420974174202,,,,,,,,,,,,,,,26,FAIL
5103,5103,3.977851416418045e-05,5699.166279159723,2024-08-29 15:58:13.927369,2024-08-29 15:58:14.209132,0 days 00:00:00.281763,0.01435,N95,39,16,1.1x60x0.1,1.1x60x0.1,0.02221698672753148,0.0005550874884130622,0.000615742861463619,0.0002438515355862015,1.507758589531234,1.6985477088346739,0.1907891193034396,0.00027470807988865995,3.085654430245842e-05,9.0,5692.621787388934,1.7852131668032407,4.759278603986133,0.0082,0.008825,26,COMPLETE
5104,5104,4.126923873489035e-05,18233.113723967454,2024-08-29 15:58:14.212124,2024-08-29 15:58:14.534057,0 days 00:00:00.321933,0.01435,N95,23,21,1.1x60x0.1,1.1x60x0.1,0.021160213616816123,0.00021272471709458658,0.0014156377304357555,0.00043893276405516273,2.7139654611562216,2.6870133322981298,0.026864589791164042,0.0004345737651709938,4.344841089915765e-06,5.0,18229.041509765128,1.4281705334425925,2.644043668881184,0.0108,0.008825,26,COMPLETE
5105,5105,3.4360979125819474e-05,15149.478940694584,2024-08-29 15:58:14.537047,2024-08-29 15:58:14.823232,0 days 00:00:00.286185,0.01435,N95,23,22,1.1x60x0.1,1.1x60x0.1,0.014008649742209622,0.0002205072315999202,0.0016223126231755265,0.0004389327640551628,2.7139654611562216,2.688238429064407,0.025643472073384264,0.00043477190148391055,4.147348313101478e-06,5.0,15145.374268071046,1.460628954657197,2.644043668881184,0.0108,0.008825,26,COMPLETE
5106,5106,,,2024-08-29 15:58:14.827217,2024-08-29 15:58:14.845167,0 days 00:00:00.017950,0.01435,N95,18,0,1.1x60x0.1,1.1x60x0.1,0.02327464425551961,,,,,,,,,,,,,,,26,FAIL
5107,5107,3.9428027072296596e-05,16400.560074484132,2024-08-29 15:58:14.847160,2024-08-29 15:58:15.154563,0 days 00:00:00.307403,0.0149,N95,22,16,1.1x60x0.1,1.1x60x0.1,0.013478116095647783,0.00017571101059194605,0.0006462137876986081,0.0004389327640551628,2.5173035118910954,2.641823665213174,0.12452015332207846,0.0004606448757731387,2.171211171797591e-05,5.0,16396.116032012178,1.4136485477342011,3.030393924216993,0.006900000000000001,0.01105,26,COMPLETE
5108,5108,,,2024-08-29 15:58:15.157553,2024-08-29 15:58:15.178007,0 days 00:00:00.020454,0.01435,N95,26,12,1.1x60x0.1,1.1x60x0.1,0.0115101021926841,,,,,,,,,,,,,,,26,FAIL
5109,5109,,,2024-08-29 15:58:15.181011,2024-08-29 15:58:15.197953,0 days 00:00:00.016942,0.0149,N95,39,23,1.1x60x0.1,1.1x60x0.1,0.01091427672784185,,,,,,,,,,,,,,,26,FAIL
5110,5110,,,2024-08-29 15:58:15.200945,2024-08-29 15:58:15.216904,0 days 00:00:00.015959,0.01435,N95,31,5,1.1x60x0.1,1.1x60x0.1,0.017600878751286946,,,,,,,,,,,,,,,26,FAIL
5111,5111,4.1400676375588096e-05,6971.197720458797,2024-08-29 15:58:15.218898,2024-08-29 15:58:15.467256,0 days 00:00:00.248358,0.01435,N95,35,23,1.1x60x0.1,1.1x60x0.1,0.02129628040297791,0.0004570543061926174,0.00178310606209997,0.000274332977534477,1.6962284132226402,1.8043682583435452,0.10813984512090505,0.00029182255940380346,1.7489581869326452e-05,8.0,6965.08466215814,1.882588430447054,4.2304698702098955,0.0108,0.008825,26,COMPLETE
5112,5112,3.8719726368415895e-05,18676.322898407892,2024-08-29 15:58:15.470248,2024-08-29 15:58:15.749501,0 days 00:00:00.279253,0.01435,N95,23,10,1.1x60x0.1,1.1x60x0.1,0.02242090913642277,0.00016967248802133943,0.00022091928676453533,0.0004389327640551628,2.7139654611562216,2.657365990554229,0.05641563856144524,0.0004297788663984079,9.124166288823229e-06,5.0,18672.607726838927,1.0711279000819447,2.644043668881184,0.006900000000000001,0.008825,26,COMPLETE
5113,5113,,,2024-08-29 15:58:15.751495,2024-08-29 15:58:15.766456,0 days 00:00:00.014961,0.01435,N95,39,23,1.1x60x0.1,1.1x60x0.1,0.010651749052492176,,,,,,,,,,,,,,,26,FAIL
5114,5114,3.78362681684424e-05,18575.988284511404,2024-08-29 15:58:15.769449,2024-08-29 15:58:16.087598,0 days 00:00:00.318149,0.01435,N95,22,16,1.1x60x0.1,1.1x60x0.1,0.020206336131760438,0.00015794575029024637,0.0006064714471951399,0.0004389327640551628,2.7139654611562216,2.8482136333522403,0.1342481721960186,0.0004606448757731387,2.171211171797591e-05,5.0,18572.110820836366,1.2334200061549663,2.644043668881184,0.0082,0.008825,26,COMPLETE
5115,5115,,,2024-08-29 15:58:16.090590,2024-08-29 15:58:16.108546,0 days 00:00:00.017956,0.01435,N95,39,16,1.4x200x0.071,1.1x60x0.1,0.007161089127870128,,,,,,,,,,,,,,,26,FAIL
5116,5116,,,2024-08-29 15:58:16.112530,2024-08-29 15:58:16.128488,0 days 00:00:00.015958,0.01435,N95,34,23,1.1x60x0.1,1.1x60x0.1,0.006828247760961768,,,,,,,,,,,,,,,26,FAIL
5117,5117,3.908183911993661e-05,6618.936102167504,2024-08-29 15:58:16.131479,2024-08-29 15:58:16.396770,0 days 00:00:00.265291,0.01435,N95,35,21,1.1x60x0.1,1.1x60x0.1,0.018895775255945768,0.0004507029866236766,0.0013601390922537504,0.000274332977534477,1.6962284132226402,1.814667291212203,0.11843887798956301,0.00029348823386754887,1.9155256333071884e-05,8.0,6612.887960709276,1.817671588017845,4.2304698702098955,0.0108,0.008825,26,COMPLETE
5118,5118,,,2024-08-29 15:58:16.399767,2024-08-29 15:58:16.410731,0 days 00:00:00.010964,0.012,N95,22,19,1.4x200x0.071,1.1x60x0.1,0.009640986593775467,,,,,,,,,,,,,,,26,FAIL
5119,5119,,,2024-08-29 15:58:16.413723,2024-08-29 15:58:16.430679,0 days 00:00:00.016956,0.01435,N95,34,16,1.1x60x0.1,1.4x200x0.071,0.023937746456094554,,,,,,,,,,,,,,,26,FAIL
5120,5120,,,2024-08-29 15:58:16.433670,2024-08-29 15:58:16.449629,0 days 00:00:00.015959,0.01435,N95,26,15,1.1x60x0.1,1.1x60x0.1,0.007946376614661826,,,,,,,,,,,,,,,26,FAIL
5121,5121,,,2024-08-29 15:58:16.451622,2024-08-29 15:58:16.467581,0 days 00:00:00.015959,0.01435,N95,8,25,1.1x60x0.1,1.1x60x0.1,0.014239497080961484,,,,,,,,,,,,,,,26,FAIL
5122,5122,,,2024-08-29 15:58:16.470572,2024-08-29 15:58:16.483537,0 days 00:00:00.012965,0.01435,N95,22,8,1.1x60x0.1,1.1x60x0.1,0.008551273402221905,,,,,,,,,,,,,,,26,FAIL
5123,5123,5.02429990697065e-05,7402.882855424662,2024-08-29 15:58:16.485532,2024-08-29 15:58:16.770768,0 days 00:00:00.285236,0.0149,N95,34,16,1.4x200x0.071,1.1x60x0.1,0.019633027141025067,0.00043009216482164936,0.0006369039800098701,0.000274332977534477,1.5733146949319359,1.8158334503739095,0.24251875544197363,0.00031662006256753865,4.228708503306168e-05,8.0,7396.93855734606,1.0956677998544981,4.848630278747189,0.0094,0.01105,26,COMPLETE
5124,5124,,,2024-08-29 15:58:16.772764,2024-08-29 15:58:16.788722,0 days 00:00:00.015958,0.01345,N95,34,21,1.1x60x0.1,1.1x60x0.1,0.007083513557834775,,,,,,,,,,,,,,,26,FAIL
5125,5125,3.627155266613261e-05,17181.951259253936,2024-08-29 15:58:16.792762,2024-08-29 15:58:17.101883,0 days 00:00:00.309121,0.01435,N95,22,20,1.1x60x0.1,1.1x60x0.1,0.017286512399939148,0.00016731296024286453,0.0011184026897409923,0.0004389327640551628,2.7139654611562216,2.8213639989130366,0.1073985377568148,0.0004563024534295435,1.7369689374380713e-05,5.0,17177.94396189404,1.363253691013384,2.644043668881184,0.009500000000000001,0.008825,26,COMPLETE
5126,5126,,,2024-08-29 15:58:17.103878,2024-08-29 15:58:17.117840,0 days 00:00:00.013962,0.01435,N95,23,15,1.1x60x0.1,1.1x60x0.1,0.011309075475243973,,,,,,,,,,,,,,,26,FAIL
5127,5127,,,2024-08-29 15:58:17.119834,2024-08-29 15:58:17.136791,0 days 00:00:00.016957,0.01435,N95,39,17,1.1x60x0.1,1.1x60x0.1,0.016751233711258758,,,,,,,,,,,,,,,26,FAIL
5128,5128,,,2024-08-29 15:58:17.138785,2024-08-29 15:58:17.153744,0 days 00:00:00.014959,0.01435,N95,18,21,1.1x60x0.1,1.1x60x0.1,0.006438522951800397,,,,,,,,,,,,,,,26,FAIL
5129,5129,,,2024-08-29 15:58:17.156737,2024-08-29 15:58:17.169702,0 days 00:00:00.012965,0.01435,N95,6,12,1.1x60x0.1,1.1x60x0.1,0.010297860942587004,,,,,,,,,,,,,,,26,FAIL
5130,5130,,,2024-08-29 15:58:17.171697,2024-08-29 15:58:17.186658,0 days 00:00:00.014961,0.01435,N95,34,23,1.1x60x0.1,1.1x60x0.1,0.013560402598133736,,,,,,,,,,,,,,,26,FAIL
5131,5131,,,2024-08-29 15:58:17.188651,2024-08-29 15:58:17.205606,0 days 00:00:00.016955,0.01435,N95,27,12,1.1x60x0.1,1.4x200x0.071,0.014610190191695257,,,,,,,,,,,,,,,26,FAIL
5132,5132,,,2024-08-29 15:58:17.210593,2024-08-29 15:58:17.230542,0 days 00:00:00.019949,0.01435,N95,23,12,1.1x60x0.1,1.1x60x0.1,0.01022911529420609,,,,,,,,,,,,,,,26,FAIL
5133,5133,3.7196557017241984e-05,16412.865151436046,2024-08-29 15:58:17.234535,2024-08-29 15:58:17.507802,0 days 00:00:00.273267,0.01435,N95,23,21,1.1x60x0.1,1.1x60x0.1,0.016944094783288143,0.00021514831853011062,0.0014156377304357555,0.00043893276405516273,2.7139654611562216,2.6870133322981298,0.026864589791164042,0.0004345737651709938,4.344841089915765e-06,5.0,16408.79293723372,1.4281705334425925,2.644043668881184,0.0108,0.008825,26,COMPLETE
5134,5134,3.832145248435945e-05,7023.680992083101,2024-08-29 15:58:17.511787,2024-08-29 15:58:17.841944,0 days 00:00:00.330157,0.01435,N95,34,18,1.1x60x0.1,1.1x60x0.1,0.019408608313553087,0.00039817766961531604,0.0008020568736040902,0.000274332977534477,1.6962284132226402,1.9286420160561661,0.23241360283352583,0.00031192149756386516,3.7588520029388156e-05,8.0,7017.762684309731,1.6878379031594277,4.2304698702098955,0.009500000000000001,0.008825,26,COMPLETE
5135,5135,4.052097611422509e-05,31723.247106363015,2024-08-29 15:58:17.844895,2024-08-29 15:58:18.120947,0 days 00:00:00.276052,0.01435,N95,18,21,1.1x60x0.1,1.1x60x0.1,0.02038559768900102,0.00012082688156652894,0.0013418720270640101,0.000548665955068954,3.3924568264452803,3.4301229228528136,0.037688566480323295,0.0005547577362813366,6.095415323169739e-06,4.0,31719.86599300054,1.2658784273695707,2.1152349351049478,0.0108,0.008825,26,COMPLETE
5136,5136,,,2024-08-29 15:58:18.123939,2024-08-29 15:58:18.145879,0 days 00:00:00.021940,0.01435,N95,18,9,1.1x60x0.1,1.1x60x0.1,0.015518020586562544,,,,,,,,,,,,,,,26,FAIL
5137,5137,3.78594078518744e-05,17249.459987954564,2024-08-29 15:58:18.148879,2024-08-29 15:58:18.456856,0 days 00:00:00.307977,0.01435,N95,23,17,1.1x60x0.1,1.1x60x0.1,0.018930290779307968,0.0001985897535009472,0.000775060706009103,0.0004389327640551628,2.7139654611562216,2.680671654919756,0.03318566974202596,0.00043354811837471884,5.367156640484147e-06,5.0,17245.517607437097,1.2983368485841749,2.644043668881184,0.009500000000000001,0.008825,26,COMPLETE
5138,5138,,,2024-08-29 15:58:18.458851,2024-08-29 15:58:18.470819,0 days 00:00:00.011968,0.012,N95,33,5,1.1x60x0.1,1.1x60x0.1,0.012809299330088914,,,,,,,,,,,,,,,26,FAIL
5139,5139,,,2024-08-29 15:58:18.472813,2024-08-29 15:58:18.484784,0 days 00:00:00.011971,0.01435,N95,27,21,1.4x200x0.071,1.1x60x0.1,0.010958530742940693,,,,,,,,,,,,,,,26,FAIL
5140,5140,,,2024-08-29 15:58:18.486776,2024-08-29 15:58:18.501735,0 days 00:00:00.014959,0.01435,N95,23,2,1.1x60x0.1,1.4x200x0.071,0.009992201185103723,,,,,,,,,,,,,,,26,FAIL
5141,5141,,,2024-08-29 15:58:18.503731,2024-08-29 15:58:18.518690,0 days 00:00:00.014959,0.012,N95,22,10,1.1x60x0.1,1.1x60x0.1,0.006351684402765191,,,,,,,,,,,,,,,26,FAIL
5142,5142,,,2024-08-29 15:58:18.520687,2024-08-29 15:58:18.534071,0 days 00:00:00.013384,0.01345,N95,34,23,1.1x60x0.1,1.1x60x0.1,0.011405404399869281,,,,,,,,,,,,,,,26,FAIL
