,number,values_0,values_1,datetime_start,datetime_complete,duration,params_core_inner_diameter,params_material,params_n_p_bot,params_n_p_top,params_primary_litz_wire,params_secondary_litz_wire,params_window_h_bot,user_attrs_air_gap_bot,user_attrs_air_gap_top,user_attrs_flux_bot_max,user_attrs_flux_density_bot_max,user_attrs_flux_density_mid_max,user_attrs_flux_density_top_max,user_attrs_flux_mid_max,user_attrs_flux_top_max,user_attrs_n_s_bot,user_attrs_p_hyst,user_attrs_primary_litz_wire_loss,user_attrs_secondary_litz_wire_loss,user_attrs_window_h_top,user_attrs_window_w,system_attrs_nsga2:generation,state
1628,1628,3.451510411937506e-05,108.64658300630816,2024-08-29 06:08:42.781928,2024-08-29 06:08:43.014306,0 days 00:00:00.232378,0.0149,N95,23,14,1.1x60x0.1,1.1x60x0.1,0.009546445154612376,0.00020785836592598092,0.000506565679416261,3.7605450211454966e-05,0.21566932258363924,0.24629828980264262,0.32211614036031083,4.29461082521266e-05,5.616618225305554e-05,5.0,104.23974181192892,1.3764472701622488,3.030393924216993,0.006900000000000001,0.01105,1,COMPLETE
1629,1629,,,2024-08-29 06:08:43.015303,2024-08-29 06:08:43.020292,0 days 00:00:00.004989,0.0149,N95,34,23,1.1x60x0.1,1.4x200x0.071,0.01566775993317329,,,,,,,,,,,,,,,1,FAIL
1630,1630,,,2024-08-29 06:08:43.021313,2024-08-29 06:08:43.026334,0 days 00:00:00.005021,0.0149,N95,16,17,1.1x60x0.1,1.1x60x0.1,0.008991182996404133,,,,,,,,,,,,,,,1,FAIL
1631,1631,4.582995885394305e-05,146.62643693545886,2024-08-29 06:08:43.027380,2024-08-29 06:08:43.268120,0 days 00:00:00.240740,0.0149,N95,30,11,1.1x60x0.1,1.1x60x0.1,0.01990139797765298,0.0003182509828362751,0.0002558050103787348,2.758481266046025e-05,0.15820041580743732,0.27113483548452666,0.40996599682221385,4.727676349263909e-05,7.148423195843433e-05,7.0,140.858633061105,1.5252523804500593,4.2425514939037905,0.005600000000000001,0.01105,1,COMPLETE
1632,1632,,,2024-08-29 06:08:43.269148,2024-08-29 06:08:43.274170,0 days 00:00:00.005022,0.0149,N95,30,21,1.1x60x0.1,1.4x200x0.071,0.013608623144815413,,,,,,,,,,,,,,,1,FAIL
1633,1633,,,2024-08-29 06:08:43.274170,2024-08-29 06:08:43.280219,0 days 00:00:00.006049,0.01435,N95,34,15,1.1x60x0.1,1.4x200x0.071,0.02257027065981202,,,,,,,,,,,,,,,1,FAIL
1634,1634,,,2024-08-29 06:08:43.281216,2024-08-29 06:08:43.288198,0 days 00:00:00.006982,0.01435,N95,18,16,1.1x60x0.1,1.4x200x0.071,0.01509888393366388,,,,,,,,,,,,,,,1,FAIL
1635,1635,,,2024-08-29 06:08:43.289195,2024-08-29 06:08:43.296176,0 days 00:00:00.006981,0.0149,N95,1,22,1.1x60x0.1,1.1x60x0.1,0.01272377712683122,,,,,,,,,,,,,,,1,FAIL
1636,1636,3.498354611975207e-05,190.616291979529,2024-08-29 06:08:43.297174,2024-08-29 06:08:43.575429,0 days 00:00:00.278255,0.01435,N95,18,15,1.1x60x0.1,1.1x60x0.1,0.01725314312770495,0.00010990631637684797,0.0005246583744754121,4.7697476639721074e-05,0.2949182990774419,0.32316612325531974,0.3241290810861681,5.2266029822287344e-05,5.242177010285185e-05,4.0,187.4299291443421,1.0711279000819447,2.1152349351049478,0.0082,0.008825,1,COMPLETE
1637,1637,,,2024-08-29 06:08:43.576426,2024-08-29 06:08:43.581413,0 days 00:00:00.004987,0.0149,N95,22,15,1.1x60x0.1,1.4x200x0.071,0.007736266705934408,,,,,,,,,,,,,,,1,FAIL
1638,1638,3.798589797990658e-05,115.25239710686893,2024-08-29 06:08:43.582411,2024-08-29 06:08:43.802820,0 days 00:00:00.220409,0.0149,N95,23,14,1.1x60x0.1,1.1x60x0.1,0.012324021659381516,0.0002066738470265675,0.000506565679416261,3.7605450211454966e-05,0.21566932258363924,0.24629828980264262,0.32211614036031083,4.29461082521266e-05,5.616618225305554e-05,5.0,110.84555591248969,1.3764472701622488,3.030393924216993,0.006900000000000001,0.01105,1,COMPLETE
1639,1639,,,2024-08-29 06:08:43.803818,2024-08-29 06:08:43.808804,0 days 00:00:00.004986,0.01435,N95,30,14,1.1x60x0.1,1.1x60x0.1,0.013026202480792757,,,,,,,,,,,,,,,1,FAIL
1640,1640,,,2024-08-29 06:08:43.808804,2024-08-29 06:08:43.813792,0 days 00:00:00.004988,0.0149,N95,38,17,1.1x60x0.1,1.1x60x0.1,0.0063714205834189425,,,,,,,,,,,,,,,1,FAIL
1641,1641,4.1490505320695604e-05,106.23700881186124,2024-08-29 06:08:43.814789,2024-08-29 06:08:44.042180,0 days 00:00:00.227391,0.0149,N95,26,15,1.1x60x0.1,1.4x200x0.071,0.015128658119907674,0.00024027308413946796,0.0005433876790112132,3.217217402876327e-05,0.18450918523275067,0.210043211270796,0.3006417310029569,3.662444630081682e-05,5.242177010285185e-05,6.0,102.56969771062624,1.5252523804500593,2.1420587207849424,0.006900000000000001,0.01105,1,COMPLETE
1642,1642,,,2024-08-29 06:08:44.043178,2024-08-29 06:08:44.050159,0 days 00:00:00.006981,0.0149,N95,19,14,1.4x200x0.071,1.4x200x0.071,0.017350969901816306,,,,,,,,,,,,,,,1,FAIL
1643,1643,3.72665989137446e-05,135.01730359143295,2024-08-29 06:08:44.051157,2024-08-29 06:08:44.305477,0 days 00:00:00.254320,0.0149,N95,30,11,1.1x60x0.1,1.1x60x0.1,0.013048387304142695,0.0003201453025491009,0.0002558050103787348,2.758481266046025e-05,0.15820041580743732,0.27113483548452666,0.40996599682221385,4.727676349263909e-05,7.148423195843433e-05,7.0,129.2494997170791,1.5252523804500593,4.2425514939037905,0.005600000000000001,0.01105,1,COMPLETE
1644,1644,3.6467133287755014e-05,141.73013199350837,2024-08-29 06:08:44.306474,2024-08-29 06:08:44.568772,0 days 00:00:00.262298,0.0149,N95,27,11,1.1x60x0.1,1.1x60x0.1,0.012408597956705288,0.00026315457924673763,0.00028687087981598374,3.179831775981402e-05,0.1823650989948635,0.29952800787594047,0.40996599682221385,5.222757438182565e-05,7.148423195843433e-05,6.0,136.68001073671377,1.4136485477342011,3.6364727090603917,0.005600000000000001,0.01105,1,COMPLETE
1645,1645,,,2024-08-29 06:08:44.569770,2024-08-29 06:08:44.577748,0 days 00:00:00.007978,0.01435,N95,23,6,1.1x60x0.1,1.4x200x0.071,0.011600654737805933,,,,,,,,,,,,,,,1,FAIL
1646,1646,3.8805968455379915e-05,70.9108315382532,2024-08-29 06:08:44.578746,2024-08-29 06:08:44.815114,0 days 00:00:00.236368,0.0149,N95,34,16,1.1x60x0.1,1.1x60x0.1,0.01298030047525471,0.00042911515598575246,0.0006174778751082754,2.412419716454984e-05,0.13835359585105508,0.16240675828925424,0.281851622815272,2.8318256809481255e-05,4.91454094714236e-05,8.0,64.20213738090838,1.8600638785976336,4.848630278747189,0.006900000000000001,0.01105,1,COMPLETE
1647,1647,4.03013515690261e-05,185.67320341104113,2024-08-29 06:08:44.817108,2024-08-29 06:08:45.077412,0 days 00:00:00.260304,0.0149,N95,18,14,1.1x60x0.1,1.1x60x0.1,0.014177012573119284,0.00011914797047967953,0.0004754426023048821,4.7697476639721074e-05,0.27354764849229546,0.301914943036476,0.32211614036031083,5.264377530582438e-05,5.616618225305554e-05,4.0,182.05844738936506,1.1904408823024852,2.4243151393735944,0.006900000000000001,0.01105,1,COMPLETE
1648,1648,4.268956572061387e-05,92.17429389947924,2024-08-29 06:08:45.078409,2024-08-29 06:08:45.327742,0 days 00:00:00.249333,0.0149,N95,26,23,1.1x60x0.1,1.1x60x0.1,0.014788231672369256,0.00025386465047491,0.0017083464691289541,3.217217402876327e-05,0.18450918523275067,0.19953940893840041,0.19607069413236314,3.4792937716703374e-05,3.418811093664251e-05,6.0,86.71495858939318,1.8228626010256805,3.6364727090603917,0.0082,0.01105,1,COMPLETE
1649,1649,,,2024-08-29 06:08:45.329736,2024-08-29 06:08:45.336717,0 days 00:00:00.006981,0.012,N95,39,16,1.1x60x0.1,1.4x200x0.071,0.0059278126640253765,,,,,,,,,,,,,,,1,FAIL
1650,1650,,,2024-08-29 06:08:45.337715,2024-08-29 06:08:45.345693,0 days 00:00:00.007978,0.01435,N95,27,16,1.1x60x0.1,1.1x60x0.1,0.009864868953298262,,,,,,,,,,,,,,,1,FAIL
1651,1651,,,2024-08-29 06:08:45.346690,2024-08-29 06:08:45.352675,0 days 00:00:00.005985,0.0149,N95,34,8,1.1x60x0.1,1.1x60x0.1,0.011363153794831536,,,,,,,,,,,,,,,1,FAIL
1652,1652,,,2024-08-29 06:08:45.353672,2024-08-29 06:08:45.358658,0 days 00:00:00.004986,0.012,N95,31,4,1.1x60x0.1,1.1x60x0.1,0.01236092842849841,,,,,,,,,,,,,,,1,FAIL
1653,1653,,,2024-08-29 06:08:45.359657,2024-08-29 06:08:45.366638,0 days 00:00:00.006981,0.01435,N95,3,8,1.1x60x0.1,1.4x200x0.071,0.007352281530775297,,,,,,,,,,,,,,,1,FAIL
1654,1654,4.075904430437932e-05,160.7486055801993,2024-08-29 06:08:45.368631,2024-08-29 06:08:45.589042,0 days 00:00:00.220411,0.01435,N95,22,15,1.1x60x0.1,1.4x200x0.071,0.023232050480984166,0.00015405697115163813,0.0005164216285503456,3.850162050919795e-05,0.23805939500878825,0.2656149599122152,0.3241290810861681,4.295821380092312e-05,5.242177010285185e-05,5.0,158.05434947436743,1.2009615849403619,1.493294520891507,0.0082,0.008825,1,COMPLETE
1655,1655,,,2024-08-29 06:08:45.591037,2024-08-29 06:08:45.595026,0 days 00:00:00.003989,0.01435,N95,23,14,1.1x60x0.1,1.1x60x0.1,0.009624019464020358,,,,,,,,,,,,,,,1,FAIL
1656,1656,,,2024-08-29 06:08:45.596026,2024-08-29 06:08:45.601010,0 days 00:00:00.004984,0.01435,N95,26,15,1.1x60x0.1,1.1x60x0.1,0.007566835930372369,,,,,,,,,,,,,,,1,FAIL
1657,1657,,,2024-08-29 06:08:45.602008,2024-08-29 06:08:45.606994,0 days 00:00:00.004986,0.0149,N95,18,8,1.4x200x0.071,1.1x60x0.1,0.007036377783369255,,,,,,,,,,,,,,,1,FAIL
1658,1658,,,2024-08-29 06:08:45.607992,2024-08-29 06:08:45.612978,0 days 00:00:00.004986,0.0149,N95,30,21,1.4x200x0.071,1.4x200x0.071,0.011396286257821384,,,,,,,,,,,,,,,1,FAIL
1659,1659,,,2024-08-29 06:08:45.613976,2024-08-29 06:08:45.617965,0 days 00:00:00.003989,0.0149,N95,22,21,1.1x60x0.1,1.4x200x0.071,0.0053713992374938065,,,,,,,,,,,,,,,1,FAIL
1660,1660,,,2024-08-29 06:08:45.618962,2024-08-29 06:08:45.622951,0 days 00:00:00.003989,0.01435,N95,34,17,1.1x60x0.1,1.4x200x0.071,0.012016939844301246,,,,,,,,,,,,,,,1,FAIL
1661,1661,4.1330446960764514e-05,205.91371155517163,2024-08-29 06:08:45.623949,2024-08-29 06:08:45.878269,0 days 00:00:00.254320,0.01435,N95,18,18,1.1x60x0.1,1.1x60x0.1,0.022523577555313118,0.00011280752383030459,0.0008503684018419482,4.7697476639721074e-05,0.2949182990774419,0.31771630044594373,0.27010756757180665,5.1384623694034266e-05,4.368480841904319e-05,4.0,202.62997345634093,1.168503163725758,2.1152349351049478,0.009500000000000001,0.008825,1,COMPLETE
1662,1662,,,2024-08-29 06:08:45.878269,2024-08-29 06:08:45.881260,0 days 00:00:00.002991,0.0149,N95,31,17,1.4x200x0.071,1.1x60x0.1,0.01145105091024138,,,,,,,,,,,,,,,1,FAIL
1663,1663,,,2024-08-29 06:08:45.881260,2024-08-29 06:08:45.884253,0 days 00:00:00.002993,0.0149,N95,36,15,1.1x60x0.1,1.4x200x0.071,0.016854514363794936,,,,,,,,,,,,,,,1,FAIL
1664,1664,,,2024-08-29 06:08:45.884253,2024-08-29 06:08:45.888242,0 days 00:00:00.003989,0.0149,N95,19,0,1.1x60x0.1,1.1x60x0.1,0.01702953722887529,,,,,,,,,,,,,,,1,FAIL
1665,1665,4.0647367465178924e-05,72.86967798114868,2024-08-29 06:08:45.889239,2024-08-29 06:08:46.066764,0 days 00:00:00.177525,0.0149,N95,34,16,1.1x60x0.1,1.1x60x0.1,0.014453919143215487,0.00042960011366902816,0.0006174778751082754,2.412419716454984e-05,0.13835359585105508,0.16240675828925424,0.281851622815272,2.8318256809481255e-05,4.91454094714236e-05,8.0,66.16098382380386,1.8600638785976336,4.848630278747189,0.006900000000000001,0.01105,1,COMPLETE
1666,1666,,,2024-08-29 06:08:46.067761,2024-08-29 06:08:46.074743,0 days 00:00:00.006982,0.01435,N95,22,9,1.1x60x0.1,1.4x200x0.071,0.009002413868435023,,,,,,,,,,,,,,,1,FAIL
1667,1667,,,2024-08-29 06:08:46.075740,2024-08-29 06:08:46.081725,0 days 00:00:00.005985,0.01435,N95,26,9,1.1x60x0.1,1.1x60x0.1,0.011264702187368114,,,,,,,,,,,,,,,1,FAIL
1668,1668,4.123545935368057e-05,135.49545030804344,2024-08-29 06:08:46.082723,2024-08-29 06:08:46.312108,0 days 00:00:00.229385,0.0149,N95,31,11,1.1x60x0.1,1.4x200x0.071,0.01622455216775856,0.00034863282938091744,0.0002816445989456705,2.7446998889213458e-05,0.1574100462593967,0.30044183745518366,0.40996599682221385,5.2386915415275865e-05,7.148423195843433e-05,7.0,131.43392814243902,1.5624536580220119,2.4990685075824333,0.005600000000000001,0.01105,1,COMPLETE
1669,1669,,,2024-08-29 06:08:46.314104,2024-08-29 06:08:46.322082,0 days 00:00:00.007978,0.0149,N95,34,16,1.1x60x0.1,1.4x200x0.071,0.014256721051807843,,,,,,,,,,,,,,,1,FAIL
1670,1670,,,2024-08-29 06:08:46.323079,2024-08-29 06:08:46.331061,0 days 00:00:00.007982,0.0149,N95,26,15,1.1x60x0.1,1.1x60x0.1,0.008104775677500866,,,,,,,,,,,,,,,1,FAIL
1671,1671,,,2024-08-29 06:08:46.331061,2024-08-29 06:08:46.338039,0 days 00:00:00.006978,0.012,N95,31,18,1.1x60x0.1,1.1x60x0.1,0.005761822783265249,,,,,,,,,,,,,,,1,FAIL
1672,1672,,,2024-08-29 06:08:46.339036,2024-08-29 06:08:46.347016,0 days 00:00:00.007980,0.0149,N95,34,16,1.1x60x0.1,1.1x60x0.1,0.011008268553311154,,,,,,,,,,,,,,,1,FAIL
1673,1673,3.84825236554643e-05,152.9708919050593,2024-08-29 06:08:46.348012,2024-08-29 06:08:46.594352,0 days 00:00:00.246340,0.01435,N95,22,15,1.1x60x0.1,1.4x200x0.071,0.02087535230316829,0.00015563320714676095,0.0005164216285503456,3.850162050919795e-05,0.23805939500878825,0.2656149599122152,0.3241290810861681,4.295821380092312e-05,5.242177010285185e-05,5.0,150.27663579922742,1.2009615849403619,1.493294520891507,0.0082,0.008825,1,COMPLETE
1674,1674,,,2024-08-29 06:08:46.595350,2024-08-29 06:08:46.601335,0 days 00:00:00.005985,0.01435,N95,27,11,1.1x60x0.1,1.4x200x0.071,0.009111443821871444,,,,,,,,,,,,,,,1,FAIL
1675,1675,4.6293987087958604e-05,130.71665074432664,2024-08-29 06:08:46.602332,2024-08-29 06:08:46.817755,0 days 00:00:00.215423,0.01435,N95,23,18,1.4x200x0.071,1.1x60x0.1,0.024561930233488627,0.00019893456946349524,0.0009424571950271523,3.7605450211454966e-05,0.2325182838533611,0.25775464892926464,0.27010756757180665,4.168695664033649e-05,4.368480841904319e-05,5.0,127.32100478225802,0.7516022931874482,2.644043668881184,0.0126,0.008825,1,COMPLETE
1676,1676,,,2024-08-29 06:08:46.818753,2024-08-29 06:08:46.823741,0 days 00:00:00.004988,0.01345,N95,30,11,1.4x200x0.071,1.4x200x0.071,0.01142796334205556,,,,,,,,,,,,,,,1,FAIL
1677,1677,4.201100418580371e-05,92.47395892985878,2024-08-29 06:08:46.823741,2024-08-29 06:08:47.101995,0 days 00:00:00.278254,0.0149,N95,26,21,1.1x60x0.1,1.1x60x0.1,0.014245198391838968,0.0002507232698689418,0.0013280169119848795,3.217217402876327e-05,0.18450918523275067,0.2013776468820846,0.2147440935735406,3.511346436666869e-05,3.744412150203703e-05,6.0,87.08902617491663,1.7484600458817754,3.6364727090603917,0.0082,0.01105,1,COMPLETE
1678,1678,,,2024-08-29 06:08:47.103989,2024-08-29 06:08:47.110971,0 days 00:00:00.006982,0.0149,N95,27,14,1.1x60x0.1,1.4x200x0.071,0.007446809570315557,,,,,,,,,,,,,,,1,FAIL
1679,1679,4.720916570801848e-05,130.47050977760398,2024-08-29 06:08:47.111968,2024-08-29 06:08:47.332379,0 days 00:00:00.220411,0.0149,N95,23,14,1.4x200x0.071,1.4x200x0.071,0.018805137556271983,0.0002031749029471085,0.0005113822438611532,3.7605450211454966e-05,0.21566932258363924,0.24629828980264262,0.32211614036031083,4.29461082521266e-05,5.616618225305554e-05,5.0,127.87466667172421,0.8107941718923286,1.7850489339874525,0.0078000000000000005,0.01105,1,COMPLETE
1680,1680,,,2024-08-29 06:08:47.334374,2024-08-29 06:08:47.339360,0 days 00:00:00.004986,0.01435,N95,37,16,1.4x200x0.071,1.4x200x0.071,0.01166197076400715,,,,,,,,,,,,,,,1,FAIL
1681,1681,,,2024-08-29 06:08:47.340357,2024-08-29 06:08:47.346342,0 days 00:00:00.005985,0.0149,N95,27,2,1.1x60x0.1,1.1x60x0.1,0.014122386906198586,,,,,,,,,,,,,,,1,FAIL
1682,1682,,,2024-08-29 06:08:47.347338,2024-08-29 06:08:47.351328,0 days 00:00:00.003990,0.01435,N95,27,14,1.4x200x0.071,1.4x200x0.071,0.013174998146748261,,,,,,,,,,,,,,,1,FAIL
1683,1683,,,2024-08-29 06:08:47.352325,2024-08-29 06:08:47.357312,0 days 00:00:00.004987,0.0149,N95,27,25,1.1x60x0.1,1.1x60x0.1,0.010256070744813505,,,,,,,,,,,,,,,1,FAIL
1684,1684,,,2024-08-29 06:08:47.357312,2024-08-29 06:08:47.363297,0 days 00:00:00.005985,0.012,N95,27,9,1.1x60x0.1,1.4x200x0.071,0.012852566710084137,,,,,,,,,,,,,,,1,FAIL
1685,1685,,,2024-08-29 06:08:47.364294,2024-08-29 06:08:47.371275,0 days 00:00:00.006981,0.01435,N95,27,11,1.1x60x0.1,1.1x60x0.1,0.009699786482922527,,,,,,,,,,,,,,,1,FAIL
1686,1686,,,2024-08-29 06:08:47.372273,2024-08-29 06:08:47.381247,0 days 00:00:00.008974,0.0149,N95,28,22,1.1x60x0.1,1.1x60x0.1,0.011697644745571188,,,,,,,,,,,,,,,1,FAIL
1687,1687,3.840984734996905e-05,163.6964201599594,2024-08-29 06:08:47.382245,2024-08-29 06:08:47.603653,0 days 00:00:00.221408,0.01435,N95,27,11,1.1x60x0.1,1.4x200x0.071,0.022100116386985107,0.00023829523427736676,0.0002666294146641128,3.179831775981402e-05,0.19661219938496108,0.3229283493961929,0.4419942014811383,5.222757438182565e-05,7.148423195843433e-05,6.0,160.6710467287346,1.2334200061549663,1.7919534250698081,0.006900000000000001,0.008825,1,COMPLETE
1688,1688,,,2024-08-29 06:08:47.604650,2024-08-29 06:08:47.610635,0 days 00:00:00.005985,0.0149,N95,17,14,1.4x200x0.071,1.1x60x0.1,0.010961969828716433,,,,,,,,,,,,,,,1,FAIL
1689,1689,3.094490078204093e-05,103.92653918742928,2024-08-29 06:08:47.611632,2024-08-29 06:08:47.901855,0 days 00:00:00.290223,0.01435,N95,23,16,1.1x60x0.1,1.1x60x0.1,0.013072259412565082,0.00019802842608190857,0.0006533138571469244,3.7605450211454966e-05,0.2325182838533611,0.26116078818512467,0.30387101351828255,4.223783547049466e-05,4.91454094714236e-05,5.0,100.01661709117853,1.2658784273695707,2.644043668881184,0.0082,0.008825,1,COMPLETE
1690,1690,,,2024-08-29 06:08:47.902854,2024-08-29 06:08:47.908837,0 days 00:00:00.005983,0.0149,N95,23,18,1.1x60x0.1,1.4x200x0.071,0.008836267347449248,,,,,,,,,,,,,,,1,FAIL
1691,1691,,,2024-08-29 06:08:47.909834,2024-08-29 06:08:47.916816,0 days 00:00:00.006982,0.0149,N95,11,23,1.4x200x0.071,1.1x60x0.1,0.006910762561898385,,,,,,,,,,,,,,,1,FAIL
1692,1692,4.43171682045273e-05,66.9601945363759,2024-08-29 06:08:47.916816,2024-08-29 06:08:48.129248,0 days 00:00:00.212432,0.0149,N95,31,21,1.1x60x0.1,1.4x200x0.071,0.0160907551295617,0.0003845492033406071,0.0013967299657660426,2.7446998889213458e-05,0.1574100462593967,0.17596719116418272,0.2147440935735406,3.068273858748719e-05,3.744412150203703e-05,7.0,62.526659595051925,1.9344664337415385,2.4990685075824333,0.0082,0.01105,1,COMPLETE
1693,1693,,,2024-08-29 06:08:48.130244,2024-08-29 06:08:48.136228,0 days 00:00:00.005984,0.01435,N95,3,17,1.4x200x0.071,1.4x200x0.071,0.021172422674071056,,,,,,,,,,,,,,,1,FAIL
1694,1694,,,2024-08-29 06:08:48.137227,2024-08-29 06:08:48.144208,0 days 00:00:00.006981,0.0149,N95,38,8,1.4x200x0.071,1.4x200x0.071,0.013691889996248412,,,,,,,,,,,,,,,1,FAIL
1695,1695,,,2024-08-29 06:08:48.145206,2024-08-29 06:08:48.149194,0 days 00:00:00.003988,0.0149,N95,31,11,1.1x60x0.1,1.1x60x0.1,0.010635141009604863,,,,,,,,,,,,,,,1,FAIL
1696,1696,4.709800750455688e-05,85.29195099625387,2024-08-29 06:08:48.150191,2024-08-29 06:08:48.379577,0 days 00:00:00.229386,0.0149,N95,27,23,1.1x60x0.1,1.1x60x0.1,0.018316180843008695,0.00030747528309082295,0.0018111343002638685,3.179831775981402e-05,0.1823650989948635,0.19939281034561177,0.19607069413236314,3.4767375870372425e-05,3.418811093664251e-05,6.0,79.79541440859586,1.8600638785976336,3.6364727090603917,0.0082,0.01105,1,COMPLETE
1697,1697,4.301317553352621e-05,108.95106299661387,2024-08-29 06:08:48.380575,2024-08-29 06:08:48.645868,0 days 00:00:00.265293,0.0149,N95,26,15,1.1x60x0.1,1.4x200x0.071,0.016347207298458545,0.00023969468934260588,0.0005433876790112132,3.217217402876327e-05,0.18450918523275067,0.210043211270796,0.3006417310029569,3.662444630081682e-05,5.242177010285185e-05,6.0,105.28375189537887,1.5252523804500593,2.1420587207849424,0.006900000000000001,0.01105,1,COMPLETE
1698,1698,4.159477379625264e-05,190.13814430823498,2024-08-29 06:08:48.647860,2024-08-29 06:08:48.872259,0 days 00:00:00.224399,0.0149,N95,18,14,1.1x60x0.1,1.1x60x0.1,0.01521210118208105,0.0001184703483356707,0.0004754426023048821,4.7697476639721074e-05,0.27354764849229546,0.301914943036476,0.32211614036031083,5.264377530582438e-05,5.616618225305554e-05,4.0,186.5233882865589,1.1904408823024852,2.4243151393735944,0.006900000000000001,0.01105,1,COMPLETE
1699,1699,,,2024-08-29 06:08:48.874255,2024-08-29 06:08:48.879241,0 days 00:00:00.004986,0.01435,N95,26,14,1.4x200x0.071,1.1x60x0.1,0.006657780454062519,,,,,,,,,,,,,,,1,FAIL
1700,1700,4.900594002815154e-05,79.26867579645813,2024-08-29 06:08:48.880240,2024-08-29 06:08:49.125038,0 days 00:00:00.244798,0.0149,N95,31,17,1.4x200x0.071,1.4x200x0.071,0.0186430443685221,0.00036972062110957916,0.0008169354702882695,2.7446998889213458e-05,0.1574100462593967,0.18106458198107175,0.26527211559084424,3.1571551489927266e-05,4.625450303192809e-05,7.0,75.71776620101537,1.051841087860318,2.4990685075824333,0.0094,0.01105,1,COMPLETE
1701,1701,,,2024-08-29 06:08:49.126036,2024-08-29 06:08:49.131105,0 days 00:00:00.005069,0.01435,N95,20,23,1.4x200x0.071,1.1x60x0.1,0.0062634243909256105,,,,,,,,,,,,,,,1,FAIL
1702,1702,,,2024-08-29 06:08:49.132103,2024-08-29 06:08:49.138087,0 days 00:00:00.005984,0.0149,N95,27,18,1.4x200x0.071,1.1x60x0.1,0.014160087018732836,,,,,,,,,,,,,,,1,FAIL
1703,1703,4.4959205791502364e-05,241.1347199001041,2024-08-29 06:08:49.139090,2024-08-29 06:08:49.375452,0 days 00:00:00.236362,0.0149,N95,18,11,1.1x60x0.1,1.1x60x0.1,0.019204559345087052,0.00010880321034229379,0.0002712502840996285,4.7697476639721074e-05,0.27354764849229546,0.31077745207038543,0.40996599682221385,5.418909773847588e-05,7.148423195843433e-05,4.0,237.63156771114387,1.0788370495866273,2.4243151393735944,0.005600000000000001,0.01105,1,COMPLETE
1704,1704,,,2024-08-29 06:08:49.376450,2024-08-29 06:08:49.381437,0 days 00:00:00.004987,0.0149,N95,31,11,1.1x60x0.1,1.1x60x0.1,0.011162608755597483,,,,,,,,,,,,,,,1,FAIL
1705,1705,,,2024-08-29 06:08:49.382435,2024-08-29 06:08:49.387422,0 days 00:00:00.004987,0.01435,N95,26,16,1.4x200x0.071,1.4x200x0.071,0.01961160840878059,,,,,,,,,,,,,,,1,FAIL
1706,1706,,,2024-08-29 06:08:49.389416,2024-08-29 06:08:49.395399,0 days 00:00:00.005983,0.01435,N95,26,12,1.1x60x0.1,1.4x200x0.071,0.008165122390786516,,,,,,,,,,,,,,,1,FAIL
1707,1707,,,2024-08-29 06:08:49.396398,2024-08-29 06:08:49.400385,0 days 00:00:00.003987,0.0149,N95,22,25,1.1x60x0.1,1.4x200x0.071,0.009923743034960516,,,,,,,,,,,,,,,1,FAIL
1708,1708,,,2024-08-29 06:08:49.400385,2024-08-29 06:08:49.406369,0 days 00:00:00.005984,0.01345,N95,34,22,1.1x60x0.1,1.4x200x0.071,0.0029622699351452538,,,,,,,,,,,,,,,1,FAIL
