,number,values_0,values_1,datetime_start,datetime_complete,duration,params_core_inner_diameter,params_material,params_n_p_bot,params_n_p_top,params_primary_litz_wire,params_secondary_litz_wire,params_window_h_bot,user_attrs_air_gap_bot,user_attrs_air_gap_top,user_attrs_flux_bot_max,user_attrs_flux_density_bot_max,user_attrs_flux_density_mid_max,user_attrs_flux_density_top_max,user_attrs_flux_mid_max,user_attrs_flux_top_max,user_attrs_n_s_bot,user_attrs_p_hyst,user_attrs_primary_litz_wire_loss,user_attrs_secondary_litz_wire_loss,user_attrs_window_h_top,user_attrs_window_w,system_attrs_nsga2:generation,state
708,708,,,2024-08-29 06:08:28.320913,2024-08-29 06:08:28.323908,0 days 00:00:00.002995,0.01435,N95,35,21,1.4x200x0.071,1.4x200x0.071,0.017357510089649357,,,,,,,,,,,,,,,0,FAIL
709,709,,,2024-08-29 06:08:28.323908,2024-08-29 06:08:28.326960,0 days 00:00:00.003052,0.01345,N95,4,14,1.1x60x0.1,1.4x200x0.071,0.006880401192722701,,,,,,,,,,,,,,,0,FAIL
710,710,,,2024-08-29 06:08:28.326960,2024-08-29 06:08:28.329952,0 days 00:00:00.002992,0.0149,N95,33,1,1.1x60x0.1,1.4x200x0.071,0.009847347076057705,,,,,,,,,,,,,,,0,FAIL
711,711,,,2024-08-29 06:08:28.330949,2024-08-29 06:08:28.336001,0 days 00:00:00.005052,0.01435,N95,15,22,1.1x60x0.1,1.1x60x0.1,0.013813495248461333,,,,,,,,,,,,,,,0,FAIL
712,712,,,2024-08-29 06:08:28.336999,2024-08-29 06:08:28.340063,0 days 00:00:00.003064,0.012,N95,10,23,1.4x200x0.071,1.1x60x0.1,0.011988242851965931,,,,,,,,,,,,,,,0,FAIL
713,713,,,2024-08-29 06:08:28.340063,2024-08-29 06:08:28.343053,0 days 00:00:00.002990,0.0149,N95,16,20,1.1x60x0.1,1.4x200x0.071,0.005879685158770682,,,,,,,,,,,,,,,0,FAIL
714,714,,,2024-08-29 06:08:28.344050,2024-08-29 06:08:28.348102,0 days 00:00:00.004052,0.012,N95,32,13,1.1x60x0.1,1.1x60x0.1,0.004961025630891573,,,,,,,,,,,,,,,0,FAIL
715,715,,,2024-08-29 06:08:28.348102,2024-08-29 06:08:28.354144,0 days 00:00:00.006042,0.01435,N95,13,12,1.1x60x0.1,1.1x60x0.1,0.02150733691856764,,,,,,,,,,,,,,,0,FAIL
716,716,,,2024-08-29 06:08:28.354144,2024-08-29 06:08:28.358201,0 days 00:00:00.004057,0.0149,N95,21,22,1.4x200x0.071,1.4x200x0.071,0.0076925367312138775,,,,,,,,,,,,,,,0,FAIL
717,717,,,2024-08-29 06:08:28.359198,2024-08-29 06:08:28.362190,0 days 00:00:00.002992,0.01345,N95,5,1,1.4x200x0.071,1.1x60x0.1,0.004090768709833215,,,,,,,,,,,,,,,0,FAIL
718,718,,,2024-08-29 06:08:28.362190,2024-08-29 06:08:28.365274,0 days 00:00:00.003084,0.0149,N95,12,2,1.4x200x0.071,1.4x200x0.071,0.009767140959214883,,,,,,,,,,,,,,,0,FAIL
719,719,,,2024-08-29 06:08:28.366272,2024-08-29 06:08:28.369329,0 days 00:00:00.003057,0.01345,N95,9,9,1.4x200x0.071,1.1x60x0.1,0.006590762329403322,,,,,,,,,,,,,,,0,FAIL
720,720,,,2024-08-29 06:08:28.370327,2024-08-29 06:08:28.373320,0 days 00:00:00.002993,0.01345,N95,7,0,1.4x200x0.071,1.1x60x0.1,0.0029828534121096894,,,,,,,,,,,,,,,0,FAIL
721,721,,,2024-08-29 06:08:28.373320,2024-08-29 06:08:28.376368,0 days 00:00:00.003048,0.01435,N95,35,11,1.1x60x0.1,1.1x60x0.1,0.01610326258767184,,,,,,,,,,,,,,,0,FAIL
722,722,,,2024-08-29 06:08:28.377365,2024-08-29 06:08:28.380357,0 days 00:00:00.002992,0.0149,N95,17,22,1.1x60x0.1,1.1x60x0.1,0.008359743381558229,,,,,,,,,,,,,,,0,FAIL
723,723,,,2024-08-29 06:08:28.380357,2024-08-29 06:08:28.384348,0 days 00:00:00.003991,0.0149,N95,3,10,1.4x200x0.071,1.4x200x0.071,0.0059747706955673675,,,,,,,,,,,,,,,0,FAIL
724,724,,,2024-08-29 06:08:28.385345,2024-08-29 06:08:28.387339,0 days 00:00:00.001994,0.0149,N95,37,15,1.1x60x0.1,1.4x200x0.071,0.01702725785127308,,,,,,,,,,,,,,,0,FAIL
725,725,,,2024-08-29 06:08:28.388336,2024-08-29 06:08:28.390334,0 days 00:00:00.001998,0.01345,N95,19,5,1.1x60x0.1,1.1x60x0.1,0.010543557365927901,,,,,,,,,,,,,,,0,FAIL
726,726,,,2024-08-29 06:08:28.390334,2024-08-29 06:08:28.392328,0 days 00:00:00.001994,0.01345,N95,35,1,1.4x200x0.071,1.4x200x0.071,0.0037632988816508235,,,,,,,,,,,,,,,0,FAIL
727,727,,,2024-08-29 06:08:28.392328,2024-08-29 06:08:28.395318,0 days 00:00:00.002990,0.01435,N95,36,6,1.1x60x0.1,1.1x60x0.1,0.018770655253933816,,,,,,,,,,,,,,,0,FAIL
728,728,,,2024-08-29 06:08:28.395318,2024-08-29 06:08:28.399307,0 days 00:00:00.003989,0.01435,N95,40,19,1.1x60x0.1,1.4x200x0.071,0.009237401229607596,,,,,,,,,,,,,,,0,FAIL
729,729,,,2024-08-29 06:08:28.399307,2024-08-29 06:08:28.404294,0 days 00:00:00.004987,0.0149,N95,8,16,1.1x60x0.1,1.1x60x0.1,0.014047437623396844,,,,,,,,,,,,,,,0,FAIL
730,730,,,2024-08-29 06:08:28.404294,2024-08-29 06:08:28.407286,0 days 00:00:00.002992,0.01345,N95,23,14,1.4x200x0.071,1.4x200x0.071,0.003983603800155995,,,,,,,,,,,,,,,0,FAIL
731,731,,,2024-08-29 06:08:28.408283,2024-08-29 06:08:28.412274,0 days 00:00:00.003991,0.01435,N95,12,16,1.4x200x0.071,1.1x60x0.1,0.02125733554158063,,,,,,,,,,,,,,,0,FAIL
732,732,,,2024-08-29 06:08:28.412274,2024-08-29 06:08:28.414268,0 days 00:00:00.001994,0.0149,N95,33,9,1.1x60x0.1,1.4x200x0.071,0.0057225665306173705,,,,,,,,,,,,,,,0,FAIL
733,733,,,2024-08-29 06:08:28.415267,2024-08-29 06:08:28.417261,0 days 00:00:00.001994,0.01345,N95,29,6,1.1x60x0.1,1.1x60x0.1,0.010808678493471242,,,,,,,,,,,,,,,0,FAIL
734,734,,,2024-08-29 06:08:28.417261,2024-08-29 06:08:28.421248,0 days 00:00:00.003987,0.0149,N95,19,13,1.1x60x0.1,1.1x60x0.1,0.019171323117115436,,,,,,,,,,,,,,,0,FAIL
735,735,,,2024-08-29 06:08:28.421248,2024-08-29 06:08:28.423243,0 days 00:00:00.001995,0.012,N95,14,9,1.1x60x0.1,1.1x60x0.1,0.013822634807495203,,,,,,,,,,,,,,,0,FAIL
736,736,,,2024-08-29 06:08:28.423243,2024-08-29 06:08:28.425238,0 days 00:00:00.001995,0.0149,N95,13,1,1.4x200x0.071,1.1x60x0.1,0.006104373575106203,,,,,,,,,,,,,,,0,FAIL
737,737,,,2024-08-29 06:08:28.425238,2024-08-29 06:08:28.427232,0 days 00:00:00.001994,0.01435,N95,2,14,1.1x60x0.1,1.1x60x0.1,0.006643132382671698,,,,,,,,,,,,,,,0,FAIL
738,738,,,2024-08-29 06:08:28.428230,2024-08-29 06:08:28.430224,0 days 00:00:00.001994,0.0149,N95,39,14,1.4x200x0.071,1.4x200x0.071,0.010411721524929526,,,,,,,,,,,,,,,0,FAIL
739,739,,,2024-08-29 06:08:28.431222,2024-08-29 06:08:28.433217,0 days 00:00:00.001995,0.01345,N95,19,17,1.4x200x0.071,1.4x200x0.071,0.011105047052601777,,,,,,,,,,,,,,,0,FAIL
740,740,,,2024-08-29 06:08:28.434216,2024-08-29 06:08:28.435211,0 days 00:00:00.000995,0.01345,N95,34,14,1.4x200x0.071,1.4x200x0.071,0.0075282441503756,,,,,,,,,,,,,,,0,FAIL
741,741,,,2024-08-29 06:08:28.436208,2024-08-29 06:08:28.439201,0 days 00:00:00.002993,0.012,N95,13,0,1.1x60x0.1,1.4x200x0.071,0.013526733237416207,,,,,,,,,,,,,,,0,FAIL
742,742,,,2024-08-29 06:08:28.439201,2024-08-29 06:08:28.442192,0 days 00:00:00.002991,0.01345,N95,9,10,1.4x200x0.071,1.1x60x0.1,0.004881426213656434,,,,,,,,,,,,,,,0,FAIL
743,743,,,2024-08-29 06:08:28.442192,2024-08-29 06:08:28.445184,0 days 00:00:00.002992,0.0149,N95,13,7,1.4x200x0.071,1.4x200x0.071,0.014304399171347428,,,,,,,,,,,,,,,0,FAIL
744,744,,,2024-08-29 06:08:28.446182,2024-08-29 06:08:28.448176,0 days 00:00:00.001994,0.01345,N95,40,7,1.4x200x0.071,1.1x60x0.1,0.00758044052998256,,,,,,,,,,,,,,,0,FAIL
745,745,,,2024-08-29 06:08:28.449174,2024-08-29 06:08:28.452165,0 days 00:00:00.002991,0.012,N95,37,22,1.1x60x0.1,1.4x200x0.071,0.0064635722891552595,,,,,,,,,,,,,,,0,FAIL
746,746,,,2024-08-29 06:08:28.452165,2024-08-29 06:08:28.455158,0 days 00:00:00.002993,0.012,N95,30,6,1.4x200x0.071,1.4x200x0.071,0.011443698300456238,,,,,,,,,,,,,,,0,FAIL
747,747,,,2024-08-29 06:08:28.455158,2024-08-29 06:08:28.457153,0 days 00:00:00.001995,0.0149,N95,31,7,1.4x200x0.071,1.4x200x0.071,0.011325087478602183,,,,,,,,,,,,,,,0,FAIL
748,748,,,2024-08-29 06:08:28.457153,2024-08-29 06:08:28.458151,0 days 00:00:00.000998,0.01345,N95,26,1,1.4x200x0.071,1.4x200x0.071,0.0055080959360228575,,,,,,,,,,,,,,,0,FAIL
749,749,,,2024-08-29 06:08:28.459148,2024-08-29 06:08:28.462139,0 days 00:00:00.002991,0.0149,N95,6,4,1.4x200x0.071,1.1x60x0.1,0.019283779164133742,,,,,,,,,,,,,,,0,FAIL
750,750,,,2024-08-29 06:08:28.462139,2024-08-29 06:08:28.464134,0 days 00:00:00.001995,0.012,N95,8,0,1.1x60x0.1,1.4x200x0.071,0.005162381380801774,,,,,,,,,,,,,,,0,FAIL
751,751,,,2024-08-29 06:08:28.464134,2024-08-29 06:08:28.466130,0 days 00:00:00.001996,0.01435,N95,11,25,1.1x60x0.1,1.1x60x0.1,0.006685661483815092,,,,,,,,,,,,,,,0,FAIL
752,752,,,2024-08-29 06:08:28.466130,2024-08-29 06:08:28.468132,0 days 00:00:00.002002,0.0149,N95,38,21,1.1x60x0.1,1.1x60x0.1,0.008877202775004499,,,,,,,,,,,,,,,0,FAIL
753,753,,,2024-08-29 06:08:28.468132,2024-08-29 06:08:28.470118,0 days 00:00:00.001986,0.01345,N95,12,8,1.1x60x0.1,1.4x200x0.071,0.004353337881953122,,,,,,,,,,,,,,,0,FAIL
754,754,,,2024-08-29 06:08:28.470118,2024-08-29 06:08:28.473111,0 days 00:00:00.002993,0.0149,N95,28,16,1.1x60x0.1,1.4x200x0.071,0.007327653826018144,,,,,,,,,,,,,,,0,FAIL
755,755,,,2024-08-29 06:08:28.473111,2024-08-29 06:08:28.475105,0 days 00:00:00.001994,0.012,N95,23,11,1.1x60x0.1,1.1x60x0.1,0.015550791329843099,,,,,,,,,,,,,,,0,FAIL
756,756,,,2024-08-29 06:08:28.475105,2024-08-29 06:08:28.478097,0 days 00:00:00.002992,0.01345,N95,12,20,1.1x60x0.1,1.4x200x0.071,0.010798022094631016,,,,,,,,,,,,,,,0,FAIL
757,757,,,2024-08-29 06:08:28.478097,2024-08-29 06:08:28.482086,0 days 00:00:00.003989,0.0149,N95,35,15,1.1x60x0.1,1.1x60x0.1,0.01012746451364081,,,,,,,,,,,,,,,0,FAIL
758,758,4.8046435752793305e-05,179.00030098384462,2024-08-29 06:08:28.482086,2024-08-29 06:08:28.680554,0 days 00:00:00.198468,0.0149,N95,18,21,1.4x200x0.071,1.1x60x0.1,0.016275180692788715,0.000134187960421227,0.001466597460976175,4.7697476639721074e-05,0.27354764849229546,0.2912310116274067,0.2147440935735406,5.078085829076981e-05,3.744412150203703e-05,4.0,175.72136496058454,0.8546208838865085,2.4243151393735944,0.011,0.01105,0,COMPLETE
759,759,,,2024-08-29 06:08:28.681552,2024-08-29 06:08:28.684544,0 days 00:00:00.002992,0.012,N95,39,9,1.4x200x0.071,1.1x60x0.1,0.01026874779901555,,,,,,,,,,,,,,,0,FAIL
760,760,,,2024-08-29 06:08:28.684544,2024-08-29 06:08:28.688533,0 days 00:00:00.003989,0.01345,N95,18,10,1.1x60x0.1,1.4x200x0.071,0.006592704930572597,,,,,,,,,,,,,,,0,FAIL
761,761,,,2024-08-29 06:08:28.689531,2024-08-29 06:08:28.693520,0 days 00:00:00.003989,0.012,N95,6,9,1.1x60x0.1,1.4x200x0.071,0.014793326662820627,,,,,,,,,,,,,,,0,FAIL
762,762,,,2024-08-29 06:08:28.694519,2024-08-29 06:08:28.699505,0 days 00:00:00.004986,0.0149,N95,12,13,1.4x200x0.071,1.1x60x0.1,0.018988093217194243,,,,,,,,,,,,,,,0,FAIL
763,763,,,2024-08-29 06:08:28.700502,2024-08-29 06:08:28.703493,0 days 00:00:00.002991,0.01345,N95,7,10,1.1x60x0.1,1.1x60x0.1,0.005717477006462192,,,,,,,,,,,,,,,0,FAIL
764,764,,,2024-08-29 06:08:28.704490,2024-08-29 06:08:28.707483,0 days 00:00:00.002993,0.01345,N95,16,11,1.4x200x0.071,1.4x200x0.071,0.008355594349737082,,,,,,,,,,,,,,,0,FAIL
765,765,,,2024-08-29 06:08:28.708480,2024-08-29 06:08:28.714464,0 days 00:00:00.005984,0.0149,N95,15,3,1.4x200x0.071,1.4x200x0.071,0.019151704212333597,,,,,,,,,,,,,,,0,FAIL
766,766,,,2024-08-29 06:08:28.714464,2024-08-29 06:08:28.719451,0 days 00:00:00.004987,0.0149,N95,8,5,1.1x60x0.1,1.1x60x0.1,0.01236907030822393,,,,,,,,,,,,,,,0,FAIL
767,767,,,2024-08-29 06:08:28.720448,2024-08-29 06:08:28.724439,0 days 00:00:00.003991,0.01435,N95,2,17,1.4x200x0.071,1.4x200x0.071,0.013136873459831258,,,,,,,,,,,,,,,0,FAIL
768,768,,,2024-08-29 06:08:28.724439,2024-08-29 06:08:28.729424,0 days 00:00:00.004985,0.0149,N95,4,4,1.1x60x0.1,1.1x60x0.1,0.00969051955479529,,,,,,,,,,,,,,,0,FAIL
769,769,,,2024-08-29 06:08:28.730422,2024-08-29 06:08:28.732416,0 days 00:00:00.001994,0.01435,N95,12,2,1.4x200x0.071,1.1x60x0.1,0.009667168959922489,,,,,,,,,,,,,,,0,FAIL
770,770,,,2024-08-29 06:08:28.733414,2024-08-29 06:08:28.736405,0 days 00:00:00.002991,0.01345,N95,28,12,1.1x60x0.1,1.1x60x0.1,0.008587448510395057,,,,,,,,,,,,,,,0,FAIL
771,771,,,2024-08-29 06:08:28.737402,2024-08-29 06:08:28.740394,0 days 00:00:00.002992,0.012,N95,8,25,1.1x60x0.1,1.1x60x0.1,0.008782676651437154,,,,,,,,,,,,,,,0,FAIL
772,772,,,2024-08-29 06:08:28.740394,2024-08-29 06:08:28.745382,0 days 00:00:00.004988,0.01435,N95,22,5,1.1x60x0.1,1.1x60x0.1,0.019803226139458396,,,,,,,,,,,,,,,0,FAIL
773,773,,,2024-08-29 06:08:28.745382,2024-08-29 06:08:28.749371,0 days 00:00:00.003989,0.01345,N95,1,15,1.4x200x0.071,1.4x200x0.071,0.01020424980447382,,,,,,,,,,,,,,,0,FAIL
774,774,,,2024-08-29 06:08:28.750369,2024-08-29 06:08:28.753424,0 days 00:00:00.003055,0.012,N95,10,7,1.4x200x0.071,1.1x60x0.1,0.01426048736605864,,,,,,,,,,,,,,,0,FAIL
775,775,,,2024-08-29 06:08:28.754424,2024-08-29 06:08:28.756416,0 days 00:00:00.001992,0.01345,N95,24,19,1.4x200x0.071,1.4x200x0.071,0.004541135383645172,,,,,,,,,,,,,,,0,FAIL
776,776,,,2024-08-29 06:08:28.757414,2024-08-29 06:08:28.760464,0 days 00:00:00.003050,0.01435,N95,1,14,1.4x200x0.071,1.4x200x0.071,0.006602721783004153,,,,,,,,,,,,,,,0,FAIL
777,777,,,2024-08-29 06:08:28.761462,2024-08-29 06:08:28.765517,0 days 00:00:00.004055,0.01435,N95,7,16,1.1x60x0.1,1.4x200x0.071,0.007906767830024959,,,,,,,,,,,,,,,0,FAIL
778,778,,,2024-08-29 06:08:28.766514,2024-08-29 06:08:28.769507,0 days 00:00:00.002993,0.012,N95,26,25,1.1x60x0.1,1.4x200x0.071,0.008451599626264305,,,,,,,,,,,,,,,0,FAIL
779,779,,,2024-08-29 06:08:28.770575,2024-08-29 06:08:28.774562,0 days 00:00:00.003987,0.012,N95,33,22,1.1x60x0.1,1.1x60x0.1,0.011387857251682206,,,,,,,,,,,,,,,0,FAIL
780,780,,,2024-08-29 06:08:28.774562,2024-08-29 06:08:28.780624,0 days 00:00:00.006062,0.0149,N95,24,22,1.1x60x0.1,1.1x60x0.1,0.01194694528228912,,,,,,,,,,,,,,,0,FAIL
781,781,,,2024-08-29 06:08:28.781621,2024-08-29 06:08:28.783677,0 days 00:00:00.002056,0.012,N95,33,3,1.1x60x0.1,1.4x200x0.071,0.008498510994817545,,,,,,,,,,,,,,,0,FAIL
782,782,,,2024-08-29 06:08:28.784675,2024-08-29 06:08:28.785671,0 days 00:00:00.000996,0.012,N95,22,11,1.4x200x0.071,1.4x200x0.071,0.011750517370493704,,,,,,,,,,,,,,,0,FAIL
783,783,,,2024-08-29 06:08:28.786669,2024-08-29 06:08:28.787666,0 days 00:00:00.000997,0.012,N95,17,13,1.1x60x0.1,1.4x200x0.071,0.007307556052322569,,,,,,,,,,,,,,,0,FAIL
784,784,,,2024-08-29 06:08:28.787666,2024-08-29 06:08:28.789737,0 days 00:00:00.002071,0.012,N95,22,0,1.4x200x0.071,1.4x200x0.071,0.009465797335268531,,,,,,,,,,,,,,,0,FAIL
785,785,,,2024-08-29 06:08:28.789737,2024-08-29 06:08:28.792730,0 days 00:00:00.002993,0.0149,N95,11,23,1.1x60x0.1,1.1x60x0.1,0.012289775093136043,,,,,,,,,,,,,,,0,FAIL
786,786,,,2024-08-29 06:08:28.792730,2024-08-29 06:08:28.794802,0 days 00:00:00.002072,0.01435,N95,39,1,1.1x60x0.1,1.1x60x0.1,0.009251994539355513,,,,,,,,,,,,,,,0,FAIL
787,787,,,2024-08-29 06:08:28.794802,2024-08-29 06:08:28.796797,0 days 00:00:00.001995,0.01435,N95,34,24,1.4x200x0.071,1.1x60x0.1,0.017821087298154754,,,,,,,,,,,,,,,0,FAIL
788,788,,,2024-08-29 06:08:28.796797,2024-08-29 06:08:28.800818,0 days 00:00:00.004021,0.01345,N95,2,6,1.4x200x0.071,1.1x60x0.1,0.004799470638718887,,,,,,,,,,,,,,,0,FAIL
789,789,,,2024-08-29 06:08:28.800855,2024-08-29 06:08:28.802852,0 days 00:00:00.001997,0.0149,N95,27,17,1.1x60x0.1,1.1x60x0.1,0.007245641603149727,,,,,,,,,,,,,,,0,FAIL
790,790,,,2024-08-29 06:08:28.802852,2024-08-29 06:08:28.804844,0 days 00:00:00.001992,0.0149,N95,32,2,1.4x200x0.071,1.1x60x0.1,0.008500214618519322,,,,,,,,,,,,,,,0,FAIL
791,791,,,2024-08-29 06:08:28.804844,2024-08-29 06:08:28.807903,0 days 00:00:00.003059,0.0149,N95,3,1,1.1x60x0.1,1.4x200x0.071,0.005154679777303237,,,,,,,,,,,,,,,0,FAIL
792,792,,,2024-08-29 06:08:28.807903,2024-08-29 06:08:28.810896,0 days 00:00:00.002993,0.0149,N95,28,8,1.4x200x0.071,1.1x60x0.1,0.012138807854138215,,,,,,,,,,,,,,,0,FAIL
793,793,,,2024-08-29 06:08:28.810896,2024-08-29 06:08:28.814966,0 days 00:00:00.004070,0.0149,N95,15,17,1.1x60x0.1,1.4x200x0.071,0.01010940137317098,,,,,,,,,,,,,,,0,FAIL
794,794,,,2024-08-29 06:08:28.815963,2024-08-29 06:08:28.817959,0 days 00:00:00.001996,0.01435,N95,37,6,1.4x200x0.071,1.4x200x0.071,0.020734184231374762,,,,,,,,,,,,,,,0,FAIL
795,795,,,2024-08-29 06:08:28.817959,2024-08-29 06:08:28.821056,0 days 00:00:00.003097,0.012,N95,21,20,1.1x60x0.1,1.1x60x0.1,0.005180540734526685,,,,,,,,,,,,,,,0,FAIL
796,796,,,2024-08-29 06:08:28.822057,2024-08-29 06:08:28.824047,0 days 00:00:00.001990,0.0149,N95,22,24,1.4x200x0.071,1.4x200x0.071,0.006714687160948725,,,,,,,,,,,,,,,0,FAIL
797,797,,,2024-08-29 06:08:28.825113,2024-08-29 06:08:28.828105,0 days 00:00:00.002992,0.01435,N95,28,25,1.1x60x0.1,1.4x200x0.071,0.013654747152113716,,,,,,,,,,,,,,,0,FAIL
798,798,,,2024-08-29 06:08:28.829103,2024-08-29 06:08:28.832156,0 days 00:00:00.003053,0.01435,N95,0,25,1.4x200x0.071,1.4x200x0.071,0.006376740143753502,,,,,,,,,,,,,,,0,FAIL
799,799,,,2024-08-29 06:08:28.833153,2024-08-29 06:08:28.837215,0 days 00:00:00.004062,0.012,N95,6,25,1.1x60x0.1,1.4x200x0.071,0.004718567801117907,,,,,,,,,,,,,,,0,FAIL
800,800,,,2024-08-29 06:08:28.838219,2024-08-29 06:08:28.842203,0 days 00:00:00.003984,0.01345,N95,20,7,1.4x200x0.071,1.1x60x0.1,0.00919412408787274,,,,,,,,,,,,,,,0,FAIL
801,801,,,2024-08-29 06:08:28.843277,2024-08-29 06:08:28.848271,0 days 00:00:00.004994,0.01435,N95,30,13,1.4x200x0.071,1.1x60x0.1,0.009422804899249107,,,,,,,,,,,,,,,0,FAIL
802,802,,,2024-08-29 06:08:28.848271,2024-08-29 06:08:28.853318,0 days 00:00:00.005047,0.012,N95,36,10,1.1x60x0.1,1.4x200x0.071,0.006440096882333161,,,,,,,,,,,,,,,0,FAIL
803,803,,,2024-08-29 06:08:28.854315,2024-08-29 06:08:28.858371,0 days 00:00:00.004056,0.01345,N95,34,24,1.4x200x0.071,1.4x200x0.071,0.009793156080729566,,,,,,,,,,,,,,,0,FAIL
804,804,,,2024-08-29 06:08:28.859367,2024-08-29 06:08:28.863355,0 days 00:00:00.003988,0.01435,N95,20,3,1.4x200x0.071,1.1x60x0.1,0.010072522322641688,,,,,,,,,,,,,,,0,FAIL
805,805,,,2024-08-29 06:08:28.863355,2024-08-29 06:08:28.868342,0 days 00:00:00.004987,0.0149,N95,4,17,1.1x60x0.1,1.4x200x0.071,0.011378454849165361,,,,,,,,,,,,,,,0,FAIL
806,806,,,2024-08-29 06:08:28.869340,2024-08-29 06:08:28.874326,0 days 00:00:00.004986,0.012,N95,25,1,1.1x60x0.1,1.4x200x0.071,0.012899819344681335,,,,,,,,,,,,,,,0,FAIL
807,807,,,2024-08-29 06:08:28.874326,2024-08-29 06:08:28.877319,0 days 00:00:00.002993,0.01345,N95,13,15,1.4x200x0.071,1.4x200x0.071,0.009151785112347113,,,,,,,,,,,,,,,0,FAIL
808,808,,,2024-08-29 06:08:28.878316,2024-08-29 06:08:28.881308,0 days 00:00:00.002992,0.01345,N95,29,21,1.4x200x0.071,1.4x200x0.071,0.007013322479866766,,,,,,,,,,,,,,,0,FAIL
809,809,,,2024-08-29 06:08:28.881308,2024-08-29 06:08:28.886295,0 days 00:00:00.004987,0.0149,N95,32,15,1.1x60x0.1,1.1x60x0.1,0.013318986766700118,,,,,,,,,,,,,,,0,FAIL
810,810,,,2024-08-29 06:08:28.886295,2024-08-29 06:08:28.890285,0 days 00:00:00.003990,0.01435,N95,28,23,1.1x60x0.1,1.1x60x0.1,0.01188648582633005,,,,,,,,,,,,,,,0,FAIL
811,811,,,2024-08-29 06:08:28.890285,2024-08-29 06:08:28.895271,0 days 00:00:00.004986,0.0149,N95,28,22,1.4x200x0.071,1.1x60x0.1,0.005027233947130478,,,,,,,,,,,,,,,0,FAIL
812,812,,,2024-08-29 06:08:28.896267,2024-08-29 06:08:28.901255,0 days 00:00:00.004988,0.012,N95,34,6,1.1x60x0.1,1.4x200x0.071,0.0074858878046070165,,,,,,,,,,,,,,,0,FAIL
813,813,,,2024-08-29 06:08:28.901255,2024-08-29 06:08:28.906242,0 days 00:00:00.004987,0.01345,N95,31,25,1.4x200x0.071,1.1x60x0.1,0.006379415838760919,,,,,,,,,,,,,,,0,FAIL
814,814,,,2024-08-29 06:08:28.907238,2024-08-29 06:08:28.911227,0 days 00:00:00.003989,0.01345,N95,39,5,1.4x200x0.071,1.1x60x0.1,0.008959843762805966,,,,,,,,,,,,,,,0,FAIL
815,815,,,2024-08-29 06:08:28.912226,2024-08-29 06:08:28.917213,0 days 00:00:00.004987,0.01345,N95,30,1,1.1x60x0.1,1.4x200x0.071,0.004155014504000762,,,,,,,,,,,,,,,0,FAIL
816,816,,,2024-08-29 06:08:28.918210,2024-08-29 06:08:28.922198,0 days 00:00:00.003988,0.0149,N95,34,13,1.4x200x0.071,1.1x60x0.1,0.006903717609641355,,,,,,,,,,,,,,,0,FAIL
817,817,,,2024-08-29 06:08:28.923197,2024-08-29 06:08:28.927185,0 days 00:00:00.003988,0.0149,N95,21,2,1.4x200x0.071,1.1x60x0.1,0.014876557125199807,,,,,,,,,,,,,,,0,FAIL
818,818,,,2024-08-29 06:08:28.928183,2024-08-29 06:08:28.931175,0 days 00:00:00.002992,0.01345,N95,23,18,1.4x200x0.071,1.4x200x0.071,0.004261949551393486,,,,,,,,,,,,,,,0,FAIL
819,819,,,2024-08-29 06:08:28.932173,2024-08-29 06:08:28.936161,0 days 00:00:00.003988,0.01435,N95,24,1,1.1x60x0.1,1.1x60x0.1,0.02440161733776114,,,,,,,,,,,,,,,0,FAIL
820,820,,,2024-08-29 06:08:28.936161,2024-08-29 06:08:28.940150,0 days 00:00:00.003989,0.01435,N95,7,23,1.4x200x0.071,1.1x60x0.1,0.02015390896050167,,,,,,,,,,,,,,,0,FAIL
821,821,,,2024-08-29 06:08:28.941147,2024-08-29 06:08:28.946135,0 days 00:00:00.004988,0.0149,N95,13,16,1.4x200x0.071,1.4x200x0.071,0.017093423716838255,,,,,,,,,,,,,,,0,FAIL
822,822,,,2024-08-29 06:08:28.947135,2024-08-29 06:08:28.951122,0 days 00:00:00.003987,0.0149,N95,32,5,1.1x60x0.1,1.4x200x0.071,0.005092026611469869,,,,,,,,,,,,,,,0,FAIL
823,823,,,2024-08-29 06:08:28.952120,2024-08-29 06:08:28.958103,0 days 00:00:00.005983,0.01435,N95,7,25,1.1x60x0.1,1.1x60x0.1,0.016018984924055946,,,,,,,,,,,,,,,0,FAIL
824,824,,,2024-08-29 06:08:28.959099,2024-08-29 06:08:28.963088,0 days 00:00:00.003989,0.01435,N95,0,6,1.1x60x0.1,1.4x200x0.071,0.008977658665823424,,,,,,,,,,,,,,,0,FAIL
825,825,3.5030124540834644e-05,90.85075027035711,2024-08-29 06:08:28.964087,2024-08-29 06:08:29.194470,0 days 00:00:00.230383,0.01435,N95,34,14,1.1x60x0.1,1.1x60x0.1,0.01730136200950739,0.0003949147096290769,0.0004147251241267217,2.412419716454984e-05,0.14916233930188658,0.20960006667169415,0.3472811583066086,3.389886051503342e-05,5.616618225305554e-05,8.0,85.0622761818462,1.5580042183010103,4.2304698702098955,0.0082,0.008825,0,COMPLETE
826,826,,,2024-08-29 06:08:29.195467,2024-08-29 06:08:29.200454,0 days 00:00:00.004987,0.012,N95,15,9,1.4x200x0.071,1.4x200x0.071,0.01392826756860022,,,,,,,,,,,,,,,0,FAIL
827,827,,,2024-08-29 06:08:29.201451,2024-08-29 06:08:29.205440,0 days 00:00:00.003989,0.01345,N95,24,15,1.1x60x0.1,1.1x60x0.1,0.005080736146343391,,,,,,,,,,,,,,,0,FAIL
828,828,,,2024-08-29 06:08:29.206437,2024-08-29 06:08:29.211434,0 days 00:00:00.004997,0.012,N95,22,24,1.4x200x0.071,1.1x60x0.1,0.005584355148738686,,,,,,,,,,,,,,,0,FAIL
829,829,,,2024-08-29 06:08:29.211434,2024-08-29 06:08:29.216411,0 days 00:00:00.004977,0.012,N95,5,18,1.1x60x0.1,1.1x60x0.1,0.008317332562131161,,,,,,,,,,,,,,,0,FAIL
