,number,values_0,values_1,datetime_start,datetime_complete,duration,params_core_inner_diameter,params_material,params_n_p_bot,params_n_p_top,params_primary_litz_wire,params_secondary_litz_wire,params_window_h_bot,user_attrs_air_gap_bot,user_attrs_air_gap_top,user_attrs_flux_bot_max,user_attrs_flux_density_bot_max,user_attrs_flux_density_mid_max,user_attrs_flux_density_top_max,user_attrs_flux_mid_max,user_attrs_flux_top_max,user_attrs_n_s_bot,user_attrs_p_hyst,user_attrs_primary_litz_wire_loss,user_attrs_secondary_litz_wire_loss,user_attrs_window_h_top,user_attrs_window_w,system_attrs_nsga2:generation,state
4981,4981,3.079962577270996e-05,103.53784864999724,2024-08-29 06:13:39.776807,2024-08-29 06:13:39.998913,0 days 00:00:00.222106,0.01435,N95,23,16,1.1x60x0.1,1.1x60x0.1,0.0129218679149366,0.00019810400135411173,0.0006533138571469244,3.7605450211454966e-05,0.2325182838533611,0.26116078818512467,0.30387101351828255,4.223783547049466e-05,4.91454094714236e-05,5.0,99.62792655374649,1.2658784273695707,2.644043668881184,0.0082,0.008825,25,COMPLETE
4982,4982,3.286993217906613e-05,335.6208871419988,2024-08-29 06:13:40.000908,2024-08-29 06:13:40.226973,0 days 00:00:00.226065,0.01435,N95,22,8,1.1x60x0.1,1.1x60x0.1,0.017665089123013712,0.00014471997534736992,0.00012280677585696146,3.850162050919795e-05,0.23805939500878825,0.4335217088896713,0.6077420270365651,7.011396596027193e-05,9.82908189428472e-05,5.0,332.0030908366795,0.9737526364381314,2.644043668881184,0.005600000000000001,0.008825,25,COMPLETE
4983,4983,,,2024-08-29 06:13:40.228967,2024-08-29 06:13:40.243986,0 days 00:00:00.015019,0.01435,N95,18,3,1.1x60x0.1,1.1x60x0.1,0.018082028095733567,,,,,,,,,,,,,,,25,FAIL
4984,4984,,,2024-08-29 06:13:40.244983,2024-08-29 06:13:40.256951,0 days 00:00:00.011968,0.01435,N95,37,17,1.1x60x0.1,1.1x60x0.1,0.024975516543383397,,,,,,,,,,,,,,,25,FAIL
4985,4985,3.918106189689043e-05,352.711791355085,2024-08-29 06:13:40.257949,2024-08-29 06:13:40.454424,0 days 00:00:00.196475,0.01435,N95,23,8,1.1x60x0.1,1.1x60x0.1,0.024198492592490177,0.00016092497575402433,0.00013842007678028216,3.7605450211454966e-05,0.2325182838533611,0.4957456812691287,0.6077420270365651,8.017752077624651e-05,9.82908189428472e-05,5.0,349.06153662855104,1.0062110576527357,2.644043668881184,0.005600000000000001,0.008825,25,COMPLETE
4986,4986,,,2024-08-29 06:13:40.457415,2024-08-29 06:13:40.467388,0 days 00:00:00.009973,0.01435,N95,12,10,1.1x60x0.1,1.1x60x0.1,0.014000291016267999,,,,,,,,,,,,,,,25,FAIL
4987,4987,,,2024-08-29 06:13:40.470380,2024-08-29 06:13:40.479356,0 days 00:00:00.008976,0.01435,N95,26,12,1.1x60x0.1,1.4x200x0.071,0.006918045785643038,,,,,,,,,,,,,,,25,FAIL
4988,4988,,,2024-08-29 06:13:40.480352,2024-08-29 06:13:40.492320,0 days 00:00:00.011968,0.01435,N95,22,8,1.4x200x0.071,1.1x60x0.1,0.009789914818511233,,,,,,,,,,,,,,,25,FAIL
4989,4989,3.136744489032388e-05,124.89421224109557,2024-08-29 06:13:40.493318,2024-08-29 06:13:40.682812,0 days 00:00:00.189494,0.01435,N95,22,16,1.1x60x0.1,1.1x60x0.1,0.01350968524066458,0.00016212890590812972,0.0006064714471951399,3.850162050919795e-05,0.23805939500878825,0.2635712763586992,0.30387101351828255,4.2627686502828214e-05,4.91454094714236e-05,5.0,121.01674856605942,1.2334200061549663,2.644043668881184,0.0082,0.008825,25,COMPLETE
4990,4990,,,2024-08-29 06:13:40.686802,2024-08-29 06:13:40.696893,0 days 00:00:00.010091,0.01435,N95,23,10,1.1x60x0.1,1.1x60x0.1,0.009611738081442254,,,,,,,,,,,,,,,25,FAIL
4991,4991,,,2024-08-29 06:13:40.697890,2024-08-29 06:13:40.710975,0 days 00:00:00.013085,0.01435,N95,39,22,1.1x60x0.1,1.1x60x0.1,0.007621231228344628,,,,,,,,,,,,,,,25,FAIL
4992,4992,3.7673683162972505e-05,72.7895871691055,2024-08-29 06:13:40.714035,2024-08-29 06:13:40.924227,0 days 00:00:00.210192,0.01435,N95,34,18,1.1x60x0.1,1.1x60x0.1,0.01873802499155018,0.00039825230788622523,0.0008020568736040902,2.412419716454984e-05,0.14916233930188658,0.17168849298586847,0.27010756757180665,2.776737797932308e-05,4.368480841904319e-05,8.0,66.87127939573617,1.6878379031594277,4.2304698702098955,0.009500000000000001,0.008825,25,COMPLETE
4993,4993,,,2024-08-29 06:13:40.927220,2024-08-29 06:13:40.941183,0 days 00:00:00.013963,0.01435,N95,33,9,1.1x60x0.1,1.1x60x0.1,0.011980586128669108,,,,,,,,,,,,,,,25,FAIL
4994,4994,,,2024-08-29 06:13:40.943177,2024-08-29 06:13:40.954148,0 days 00:00:00.010971,0.01435,N95,39,21,1.1x60x0.1,1.1x60x0.1,0.013676052077348996,,,,,,,,,,,,,,,25,FAIL
4995,4995,3.197351158840475e-05,207.9732986241183,2024-08-29 06:13:40.956143,2024-08-29 06:13:41.179545,0 days 00:00:00.223402,0.01435,N95,18,12,1.1x60x0.1,1.1x60x0.1,0.015437097200965843,0.0001046617157910978,0.000306709972857329,4.7697476639721074e-05,0.2949182990774419,0.33134085746938374,0.40516135135771003,5.358813901466696e-05,6.552721262856479e-05,4.0,204.88431105257524,0.9737526364381314,2.1152349351049478,0.006900000000000001,0.008825,25,COMPLETE
4996,4996,4.0173195905112157e-05,67.28540707698595,2024-08-29 06:13:41.180542,2024-08-29 06:13:41.408931,0 days 00:00:00.228389,0.01435,N95,34,23,1.1x60x0.1,1.1x60x0.1,0.020025568894407174,0.00040242786005268756,0.0016709731681355863,2.412419716454984e-05,0.14916233930188658,0.16576477254089456,0.2113885311431531,2.680932783991756e-05,3.418811093664251e-05,8.0,61.2048071975436,1.8501300092324493,4.2304698702098955,0.0108,0.008825,25,COMPLETE
4997,4997,,,2024-08-29 06:13:41.412921,2024-08-29 06:13:41.426884,0 days 00:00:00.013963,0.01435,N95,34,23,1.1x60x0.1,1.1x60x0.1,0.014634330110024235,,,,,,,,,,,,,,,25,FAIL
4998,4998,,,2024-08-29 06:13:41.428878,2024-08-29 06:13:41.441891,0 days 00:00:00.013013,0.01435,N95,35,21,1.1x60x0.1,1.1x60x0.1,0.011359769122169763,,,,,,,,,,,,,,,25,FAIL
4999,4999,4.090025352520762e-05,159.75617153630492,2024-08-29 06:13:41.443954,2024-08-29 06:13:41.644602,0 days 00:00:00.200648,0.01435,N95,26,12,1.1x60x0.1,1.1x60x0.1,0.024678232995768497,0.00021151126710715167,0.00029565163374893665,3.217217402876327e-05,0.19892379032656934,0.24285573640879518,0.40516135135771003,3.927733833545221e-05,6.552721262856479e-05,6.0,155.34989912749253,1.2334200061549663,3.172852402657422,0.006900000000000001,0.008825,25,COMPLETE
5000,5000,4.0701355854546285e-05,5845.833656435738,2024-08-29 15:58:02.225372,2024-08-29 15:58:03.173625,0 days 00:00:00.948253,0.01435,N95,39,15,1.1x60x0.1,1.1x60x0.1,0.023172330282677456,0.0005525405821026305,0.0005246583744754118,0.0002438515355862015,1.507758589531234,1.711266983454903,0.2035083939236689,0.00027676518284215716,3.291364725595565e-05,9.0,5839.3216230861635,1.7527547455886363,4.759278603986133,0.0082,0.008825,25,COMPLETE
5001,5001,,,2024-08-29 15:58:03.177615,2024-08-29 15:58:03.194571,0 days 00:00:00.016956,0.01435,N95,34,8,1.1x60x0.1,1.1x60x0.1,0.012823104392055409,,,,,,,,,,,,,,,25,FAIL
5002,5002,,,2024-08-29 15:58:03.198559,2024-08-29 15:58:03.215514,0 days 00:00:00.016955,0.012,N95,23,10,1.4x200x0.071,1.1x60x0.1,0.008827997077888117,,,,,,,,,,,,,,,25,FAIL
5003,5003,3.420047280794012e-05,16168.274361399128,2024-08-29 15:58:03.218505,2024-08-29 15:58:03.515674,0 days 00:00:00.297169,0.01435,N95,23,16,1.1x60x0.1,1.1x60x0.1,0.016442490499571312,0.0001962115589608989,0.0006533138571469244,0.0004389327640551628,2.7139654611562216,2.6785907920299765,0.035259774100903196,0.000433211578019691,5.7026039305145055e-06,5.0,16164.364439302877,1.2658784273695707,2.644043668881184,0.0082,0.008825,25,COMPLETE
5004,5004,3.458723572690546e-05,27085.306133286074,2024-08-29 15:58:03.519662,2024-08-29 15:58:03.803904,0 days 00:00:00.284242,0.01435,N95,18,21,1.1x60x0.1,1.1x60x0.1,0.014242874948887322,0.0001249168615703868,0.0013418720270640101,0.000548665955068954,3.3924568264452803,3.4301229228528136,0.037688566480323295,0.0005547577362813366,6.095415323169739e-06,4.0,27081.9250199236,1.2658784273695707,2.1152349351049478,0.0108,0.008825,25,COMPLETE
5005,5005,,,2024-08-29 15:58:03.806895,2024-08-29 15:58:03.819860,0 days 00:00:00.012965,0.01435,N95,26,21,1.1x60x0.1,1.1x60x0.1,0.009171994896651669,,,,,,,,,,,,,,,25,FAIL
5006,5006,,,2024-08-29 15:58:03.822857,2024-08-29 15:58:03.838808,0 days 00:00:00.015951,0.01435,N95,31,19,1.1x60x0.1,1.1x60x0.1,0.01297730477571463,,,,,,,,,,,,,,,25,FAIL
5007,5007,4.261301766590511e-05,19385.769742335393,2024-08-29 15:58:03.840803,2024-08-29 15:58:04.155964,0 days 00:00:00.315161,0.01435,N95,23,19,1.1x60x0.1,1.1x60x0.1,0.023851319539628282,0.00020327326615940944,0.0010396193713557691,0.0004389327640551628,2.7139654611562216,2.6841762661025412,0.029692441348129074,0.0004341149231831865,4.802192783591173e-06,5.0,19381.7624449755,1.363253691013384,2.644043668881184,0.009500000000000001,0.008825,25,COMPLETE
5008,5008,,,2024-08-29 15:58:04.164935,2024-08-29 15:58:04.180894,0 days 00:00:00.015959,0.01435,N95,32,20,1.1x60x0.1,1.1x60x0.1,0.014942216146617716,,,,,,,,,,,,,,,25,FAIL
5009,5009,,,2024-08-29 15:58:04.182888,2024-08-29 15:58:04.195855,0 days 00:00:00.012967,0.01435,N95,39,6,1.1x60x0.1,1.1x60x0.1,0.009836842071605909,,,,,,,,,,,,,,,25,FAIL
5010,5010,3.284940631157187e-05,15547.145656912047,2024-08-29 15:58:04.198845,2024-08-29 15:58:04.477608,0 days 00:00:00.278763,0.01435,N95,23,14,1.1x60x0.1,1.1x60x0.1,0.015043840348246447,0.00018939212929028755,0.0004732077210331388,0.0004389327640551628,2.7139654611562216,2.673537267869084,0.04029688468674673,0.00043239426572890926,6.517261634873755e-06,5.0,15543.300651658226,1.2009615849403619,2.644043668881184,0.0082,0.008825,25,COMPLETE
5011,5011,,,2024-08-29 15:58:04.479603,2024-08-29 15:58:04.496557,0 days 00:00:00.016954,0.01435,N95,22,8,1.1x60x0.1,1.1x60x0.1,0.008489349907011194,,,,,,,,,,,,,,,25,FAIL
5012,5012,3.364835367522613e-05,15913.479974147285,2024-08-29 15:58:04.499549,2024-08-29 15:58:04.834654,0 days 00:00:00.335105,0.01435,N95,23,15,1.1x60x0.1,1.1x60x0.1,0.015870926101671165,0.00019272428623556403,0.000558029934821185,0.0004389327640551628,2.7139654611562216,2.6762324807548934,0.03761042570763012,0.0004328301656173262,6.082777525882146e-06,5.0,15909.60251047225,1.2334200061549663,2.644043668881184,0.0082,0.008825,25,COMPLETE
5013,5013,,,2024-08-29 15:58:04.837644,2024-08-29 15:58:04.852605,0 days 00:00:00.014961,0.01435,N95,2,23,1.4x200x0.071,1.1x60x0.1,0.009216639163889727,,,,,,,,,,,,,,,25,FAIL
5014,5014,,,2024-08-29 15:58:04.855597,2024-08-29 15:58:04.869560,0 days 00:00:00.013963,0.012,N95,34,23,1.1x60x0.1,1.1x60x0.1,0.00873701852274206,,,,,,,,,,,,,,,25,FAIL
5015,5015,4.3795246784889545e-05,20126.646289713874,2024-08-29 15:58:04.872551,2024-08-29 15:58:05.186735,0 days 00:00:00.314184,0.01435,N95,22,14,1.4x200x0.071,1.1x60x0.1,0.02357518597448771,0.00015195129986806793,0.00044420955740516205,0.0004389327640551628,2.7139654611562216,2.867391943665957,0.1534264825097352,0.0004637466060185638,2.4813841963400985e-05,5.0,20123.342302568046,0.6599434769450764,2.644043668881184,0.011,0.008825,25,COMPLETE
5016,5016,,,2024-08-29 15:58:05.190725,2024-08-29 15:58:05.211186,0 days 00:00:00.020461,0.012,N95,18,15,1.1x60x0.1,1.1x60x0.1,0.00617527112455951,,,,,,,,,,,,,,,25,FAIL
5017,5017,3.515165690173551e-05,16050.945443641078,2024-08-29 15:58:05.216182,2024-08-29 15:58:05.539823,0 days 00:00:00.323641,0.01435,N95,23,19,1.1x60x0.1,1.1x60x0.1,0.016127174658567806,0.00020788030829395183,0.0010396193713557691,0.0004389327640551628,2.7139654611562216,2.6841762661025412,0.029692441348129074,0.0004341149231831865,4.802192783591173e-06,5.0,16046.938146281183,1.363253691013384,2.644043668881184,0.009500000000000001,0.008825,25,COMPLETE
5018,5018,,,2024-08-29 15:58:05.543808,2024-08-29 15:58:05.559278,0 days 00:00:00.015470,0.01435,N95,18,12,1.1x60x0.1,1.1x60x0.1,0.008162127132384279,,,,,,,,,,,,,,,25,FAIL
5019,5019,,,2024-08-29 15:58:05.561273,2024-08-29 15:58:05.579225,0 days 00:00:00.017952,0.01435,N95,29,16,1.1x60x0.1,1.1x60x0.1,0.019382981304368857,,,,,,,,,,,,,,,25,FAIL
5020,5020,,,2024-08-29 15:58:05.582217,2024-08-29 15:58:05.596180,0 days 00:00:00.013963,0.01435,N95,22,16,1.1x60x0.1,1.1x60x0.1,0.011214509836688997,,,,,,,,,,,,,,,25,FAIL
5021,5021,,,2024-08-29 15:58:05.599172,2024-08-29 15:58:05.614133,0 days 00:00:00.014961,0.01435,N95,31,17,1.1x60x0.1,1.1x60x0.1,0.007454575932947615,,,,,,,,,,,,,,,25,FAIL
5022,5022,4.163058186193599e-05,18945.472620386514,2024-08-29 15:58:05.616128,2024-08-29 15:58:05.945279,0 days 00:00:00.329151,0.01435,N95,22,23,1.1x60x0.1,1.4x200x0.071,0.02153428300620673,0.00017025442041751645,0.0017378557254499054,0.0004389327640551628,2.7139654611562216,2.8073554939882346,0.09339003283201278,0.0004540368417720156,1.5104077716852781e-05,5.0,18942.518696910964,1.460628954657197,1.493294520891507,0.0108,0.008825,25,COMPLETE
5023,5023,2.9831044931302364e-05,26467.254105222975,2024-08-29 15:58:05.948272,2024-08-29 15:58:06.256959,0 days 00:00:00.308687,0.01435,N95,18,12,1.1x60x0.1,1.1x60x0.1,0.013219174306556392,0.00010613338004341249,0.000306709972857329,0.000548665955068954,3.3924568264452803,3.4583724951584625,0.06595499134056497,0.0005593265721906234,1.0666976815546916e-05,4.0,26464.165117651435,0.9737526364381314,2.1152349351049478,0.006900000000000001,0.008825,25,COMPLETE
5024,5024,4.038091192360073e-05,18922.59013645548,2024-08-29 15:58:06.259950,2024-08-29 15:58:06.598047,0 days 00:00:00.338097,0.01435,N95,23,15,1.1x60x0.1,1.1x60x0.1,0.022840600531615685,0.00018846933197736576,0.000558029934821185,0.0004389327640551628,2.7139654611562216,2.6762324807548934,0.03761042570763012,0.0004328301656173262,6.082777525882146e-06,5.0,18918.712672780443,1.2334200061549663,2.644043668881184,0.0082,0.008825,25,COMPLETE
5025,5025,,,2024-08-29 15:58:06.601040,2024-08-29 15:58:06.618991,0 days 00:00:00.017951,0.01345,N95,18,25,1.1x60x0.1,1.1x60x0.1,0.006116306453590931,,,,,,,,,,,,,,,25,FAIL
5026,5026,,,2024-08-29 15:58:06.621982,2024-08-29 15:58:06.641929,0 days 00:00:00.019947,0.0149,N95,34,15,1.1x60x0.1,1.1x60x0.1,0.008227015478103622,,,,,,,,,,,,,,,25,FAIL
5027,5027,,,2024-08-29 15:58:06.644931,2024-08-29 15:58:06.662874,0 days 00:00:00.017943,0.01435,N95,37,12,1.1x60x0.1,1.1x60x0.1,0.01214658744042659,,,,,,,,,,,,,,,25,FAIL
5028,5028,,,2024-08-29 15:58:06.665865,2024-08-29 15:58:06.683818,0 days 00:00:00.017953,0.01435,N95,22,25,1.1x60x0.1,1.1x60x0.1,0.022192764903048702,,,,,,,,,,,,,,,25,FAIL
5029,5029,,,2024-08-29 15:58:06.685813,2024-08-29 15:58:06.700773,0 days 00:00:00.014960,0.01435,N95,18,9,1.1x60x0.1,1.1x60x0.1,0.015574834562713878,,,,,,,,,,,,,,,25,FAIL
5030,5030,,,2024-08-29 15:58:06.703770,2024-08-29 15:58:06.714735,0 days 00:00:00.010965,0.012,N95,23,13,1.1x60x0.1,1.1x60x0.1,0.005954980493801712,,,,,,,,,,,,,,,25,FAIL
5031,5031,,,2024-08-29 15:58:06.717726,2024-08-29 15:58:06.729695,0 days 00:00:00.011969,0.01435,N95,26,8,1.1x60x0.1,1.1x60x0.1,0.01095592503142519,,,,,,,,,,,,,,,25,FAIL
5032,5032,,,2024-08-29 15:58:06.731689,2024-08-29 15:58:06.743657,0 days 00:00:00.011968,0.01435,N95,37,22,1.4x200x0.071,1.1x60x0.1,0.013717025698959615,,,,,,,,,,,,,,,25,FAIL
5033,5033,3.210788648703488e-05,16015.670051465897,2024-08-29 15:58:06.745651,2024-08-29 15:58:07.053827,0 days 00:00:00.308176,0.01435,N95,22,16,1.1x60x0.1,1.1x60x0.1,0.01427620469331244,0.00016167626482917124,0.0006064714471951399,0.0004389327640551628,2.7139654611562216,2.8482136333522403,0.1342481721960186,0.0004606448757731387,2.171211171797591e-05,5.0,16011.792587790862,1.2334200061549663,2.644043668881184,0.0082,0.008825,25,COMPLETE
5034,5034,,,2024-08-29 15:58:07.057816,2024-08-29 15:58:07.071779,0 days 00:00:00.013963,0.01345,N95,29,16,1.1x60x0.1,1.1x60x0.1,0.004821805660357004,,,,,,,,,,,,,,,25,FAIL
5035,5035,3.514798107211507e-05,30623.100731165698,2024-08-29 15:58:07.073775,2024-08-29 15:58:07.417386,0 days 00:00:00.343611,0.01435,N95,18,12,1.1x60x0.1,1.1x60x0.1,0.018723369368695914,0.0001024332743508708,0.000306709972857329,0.000548665955068954,3.3924568264452803,3.4583724951584625,0.06595499134056497,0.0005593265721906234,1.0666976815546916e-05,4.0,30620.011743594157,0.9737526364381314,2.1152349351049478,0.006900000000000001,0.008825,25,COMPLETE
5036,5036,,,2024-08-29 15:58:07.420378,2024-08-29 15:58:07.435340,0 days 00:00:00.014962,0.01345,N95,18,16,1.4x200x0.071,1.1x60x0.1,0.00986675034286336,,,,,,,,,,,,,,,25,FAIL
5037,5037,,,2024-08-29 15:58:07.437334,2024-08-29 15:58:07.455286,0 days 00:00:00.017952,0.012,N95,23,23,1.1x60x0.1,1.1x60x0.1,0.010356919604238325,,,,,,,,,,,,,,,25,FAIL
5038,5038,,,2024-08-29 15:58:07.458277,2024-08-29 15:58:07.473238,0 days 00:00:00.014961,0.01435,N95,23,16,1.4x200x0.071,1.4x200x0.071,0.014932069297773383,,,,,,,,,,,,,,,25,FAIL
5039,5039,,,2024-08-29 15:58:07.477227,2024-08-29 15:58:07.492186,0 days 00:00:00.014959,0.01435,N95,22,17,1.1x60x0.1,1.1x60x0.1,0.009967810517834899,,,,,,,,,,,,,,,25,FAIL
5040,5040,3.9953313347126195e-05,17644.9669589706,2024-08-29 15:58:07.495179,2024-08-29 15:58:07.830540,0 days 00:00:00.335361,0.01435,N95,23,21,1.1x60x0.1,1.1x60x0.1,0.019797942220348235,0.00021353428194616962,0.0014156377304357555,0.00043893276405516273,2.7139654611562216,2.6870133322981298,0.026864589791164042,0.0004345737651709938,4.344841089915765e-06,5.0,17640.894744768273,1.4281705334425925,2.644043668881184,0.0108,0.008825,25,COMPLETE
5041,5041,,,2024-08-29 15:58:07.833532,2024-08-29 15:58:07.850487,0 days 00:00:00.016955,0.01435,N95,31,3,1.1x60x0.1,1.1x60x0.1,0.01953883292434376,,,,,,,,,,,,,,,25,FAIL
5042,5042,,,2024-08-29 15:58:07.852482,2024-08-29 15:58:07.870433,0 days 00:00:00.017951,0.01435,N95,18,3,1.1x60x0.1,1.1x60x0.1,0.011870990267692977,,,,,,,,,,,,,,,25,FAIL
5043,5043,3.9221307950531845e-05,7664.086786199486,2024-08-29 15:58:07.872427,2024-08-29 15:58:08.201133,0 days 00:00:00.328706,0.01435,N95,34,13,1.1x60x0.1,1.1x60x0.1,0.021640156085121442,0.0003934520892681854,0.00034636671057898516,0.000274332977534477,1.6962284132226402,2.0180318632998295,0.32180345007718963,0.00032637862065209135,5.204564311761437e-05,8.0,7658.3307705321895,1.5255457970864057,4.2304698702098955,0.0082,0.008825,25,COMPLETE
5044,5044,3.220641649224762e-05,15765.175903281846,2024-08-29 15:58:08.204125,2024-08-29 15:58:08.501869,0 days 00:00:00.297744,0.01435,N95,23,10,1.1x60x0.1,1.1x60x0.1,0.015678204859160147,0.00017392637697608867,0.00022091928676453533,0.0004389327640551628,2.7139654611562216,2.657365990554229,0.05641563856144524,0.0004297788663984079,9.124166288823229e-06,5.0,15761.460731712883,1.0711279000819447,2.644043668881184,0.006900000000000001,0.008825,25,COMPLETE
5045,5045,,,2024-08-29 15:58:08.504862,2024-08-29 15:58:08.521816,0 days 00:00:00.016954,0.01435,N95,18,3,1.1x60x0.1,1.4x200x0.071,0.01722292618105462,,,,,,,,,,,,,,,25,FAIL
5046,5046,,,2024-08-29 15:58:08.525841,2024-08-29 15:58:08.543758,0 days 00:00:00.017917,0.01435,N95,2,12,1.1x60x0.1,1.1x60x0.1,0.01520033593058594,,,,,,,,,,,,,,,25,FAIL
5047,5047,3.637341920910652e-05,30549.193752394618,2024-08-29 15:58:08.545753,2024-08-29 15:58:08.883848,0 days 00:00:00.338095,0.01435,N95,18,14,1.1x60x0.1,1.1x60x0.1,0.01869196661416797,0.00010676780342981796,0.0004436730499310024,0.000548665955068954,3.3924568264452803,3.448955971056579,0.0565328497204842,0.0005578036268875277,9.14312298475449e-06,4.0,30546.039847980646,1.03866947886734,2.1152349351049478,0.0082,0.008825,25,COMPLETE
5048,5048,,,2024-08-29 15:58:08.886840,2024-08-29 15:58:08.902798,0 days 00:00:00.015958,0.01435,N95,23,17,1.1x60x0.1,1.1x60x0.1,0.011303923004833518,,,,,,,,,,,,,,,25,FAIL
5049,5049,4.3023024291544976e-05,16870.50748727184,2024-08-29 15:58:08.904791,2024-08-29 15:58:09.220955,0 days 00:00:00.316164,0.0149,N95,22,21,1.1x60x0.1,1.1x60x0.1,0.01505508897624563,0.00018490405065894745,0.0013450770907189465,0.0004389327640551628,2.5173035118910954,2.612176009660298,0.09487249776920291,0.0004554753253640969,1.6542561308934075e-05,5.0,16865.877438412026,1.5996549355939647,3.030393924216993,0.0082,0.01105,25,COMPLETE
5050,5050,,,2024-08-29 15:58:09.225933,2024-08-29 15:58:09.252860,0 days 00:00:00.026927,0.01345,N95,18,1,1.1x60x0.1,1.1x60x0.1,0.0030787288511815543,,,,,,,,,,,,,,,25,FAIL
5051,5051,3.479856998490682e-05,15887.626577678659,2024-08-29 15:58:09.256850,2024-08-29 15:58:09.580982,0 days 00:00:00.324132,0.01435,N95,23,18,1.1x60x0.1,1.1x60x0.1,0.015761652257575136,0.00020424115789628068,0.0008998346701759908,0.0004389327640551628,2.7139654611562216,2.682521310821782,0.03134202142302448,0.00043384726535696574,5.068981271568355e-06,5.0,15883.651738739978,1.3307952697987795,2.644043668881184,0.009500000000000001,0.008825,25,COMPLETE
5052,5052,,,2024-08-29 15:58:09.583974,2024-08-29 15:58:09.603922,0 days 00:00:00.019948,0.01435,N95,39,16,1.1x60x0.1,1.1x60x0.1,0.01693270878562482,,,,,,,,,,,,,,,26,FAIL
5053,5053,,,2024-08-29 15:58:09.605916,2024-08-29 15:58:09.621873,0 days 00:00:00.015957,0.01435,N95,34,11,1.1x60x0.1,1.1x60x0.1,0.016718795475654594,,,,,,,,,,,,,,,26,FAIL
5054,5054,,,2024-08-29 15:58:09.625873,2024-08-29 15:58:09.642817,0 days 00:00:00.016944,0.01435,N95,26,21,1.1x60x0.1,1.4x200x0.071,0.012995053030747748,,,,,,,,,,,,,,,26,FAIL
5055,5055,4.190917116151592e-05,20396.421182567712,2024-08-29 15:58:09.645810,2024-08-29 15:58:10.034797,0 days 00:00:00.388987,0.01435,N95,22,16,1.1x60x0.1,1.1x60x0.1,0.0244226840338855,0.000155126159096602,0.0006064714471951399,0.0004389327640551628,2.7139654611562216,2.8482136333522403,0.1342481721960186,0.0004606448757731387,2.171211171797591e-05,5.0,20392.543718892673,1.2334200061549663,2.644043668881184,0.0082,0.008825,26,COMPLETE
5056,5056,,,2024-08-29 15:58:10.038785,2024-08-29 15:58:10.059762,0 days 00:00:00.020977,0.012,N95,23,14,1.1x60x0.1,1.1x60x0.1,0.0042843583616539406,,,,,,,,,,,,,,,26,FAIL
5057,5057,,,2024-08-29 15:58:10.063813,2024-08-29 15:58:10.081853,0 days 00:00:00.018040,0.01435,N95,7,3,1.1x60x0.1,1.1x60x0.1,0.010431379567891204,,,,,,,,,,,,,,,26,FAIL
