,number,values_0,values_1,datetime_start,datetime_complete,duration,params_core_inner_diameter,params_material,params_n_p_bot,params_n_p_top,params_primary_litz_wire,params_secondary_litz_wire,params_window_h_bot,user_attrs_air_gap_bot,user_attrs_air_gap_top,user_attrs_flux_bot_max,user_attrs_flux_density_bot_max,user_attrs_flux_density_mid_max,user_attrs_flux_density_top_max,user_attrs_flux_mid_max,user_attrs_flux_top_max,user_attrs_n_s_bot,user_attrs_p_hyst,user_attrs_primary_litz_wire_loss,user_attrs_secondary_litz_wire_loss,user_attrs_window_h_top,user_attrs_window_w,system_attrs_nsga2:generation,state
2510,2510,,,2024-08-29 06:09:59.222530,2024-08-29 06:09:59.227516,0 days 00:00:00.004986,0.0149,N95,22,0,1.1x60x0.1,1.1x60x0.1,0.007714004803755263,,,,,,,,,,,,,,,7,FAIL
2511,2511,,,2024-08-29 06:09:59.229512,2024-08-29 06:09:59.233502,0 days 00:00:00.003990,0.01435,N95,34,16,1.1x60x0.1,1.1x60x0.1,0.013657337568845442,,,,,,,,,,,,,,,7,FAIL
2512,2512,,,2024-08-29 06:09:59.234498,2024-08-29 06:09:59.238487,0 days 00:00:00.003989,0.0149,N95,23,3,1.1x60x0.1,1.4x200x0.071,0.012196161530318196,,,,,,,,,,,,,,,7,FAIL
2513,2513,3.957076147544815e-05,67.82201132676072,2024-08-29 06:09:59.238487,2024-08-29 06:09:59.600521,0 days 00:00:00.362034,0.0149,N95,34,17,1.1x60x0.1,1.1x60x0.1,0.013592342333375217,0.00043025395474957174,0.0007191699400878398,2.412419716454984e-05,0.13835359585105508,0.16073417692746253,0.26527211559084424,2.8026615075868105e-05,4.625450303192809e-05,8.0,61.07611589184394,1.8972651561695857,4.848630278747189,0.006900000000000001,0.01105,7,COMPLETE
2514,2514,3.6728782207473365e-05,116.9269547341894,2024-08-29 06:09:59.602514,2024-08-29 06:09:59.851364,0 days 00:00:00.248850,0.01435,N95,26,15,1.1x60x0.1,1.1x60x0.1,0.01905984525876251,0.00021959368194273188,0.0005082272858830169,3.217217402876327e-05,0.19892379032656934,0.2264526379304322,0.3241290810861681,3.662444630081682e-05,5.242177010285185e-05,6.0,112.42330706173318,1.3307952697987795,3.172852402657422,0.0082,0.008825,7,COMPLETE
2515,2515,,,2024-08-29 06:09:59.853359,2024-08-29 06:09:59.861388,0 days 00:00:00.008029,0.0149,N95,20,17,1.1x60x0.1,1.1x60x0.1,0.006917866576445742,,,,,,,,,,,,,,,7,FAIL
2516,2516,4.037624099200344e-05,211.0249522283409,2024-08-29 06:09:59.862447,2024-08-29 06:10:00.149679,0 days 00:00:00.287232,0.01435,N95,18,16,1.1x60x0.1,1.4x200x0.071,0.022835765092943397,0.00010824195687447376,0.0006157428614636193,4.7697476639721074e-05,0.2949182990774419,0.32112243970180376,0.30387101351828255,5.193550252419244e-05,4.91454094714236e-05,4.0,208.72673029033115,1.1035863212965487,1.1946356167132055,0.0082,0.008825,7,COMPLETE
2517,2517,,,2024-08-29 06:10:00.150677,2024-08-29 06:10:00.157658,0 days 00:00:00.006981,0.01435,N95,34,15,1.1x60x0.1,1.1x60x0.1,0.012275841496668459,,,,,,,,,,,,,,,7,FAIL
2518,2518,,,2024-08-29 06:10:00.158656,2024-08-29 06:10:00.165637,0 days 00:00:00.006981,0.0149,N95,7,14,1.1x60x0.1,1.1x60x0.1,0.017190730509143902,,,,,,,,,,,,,,,7,FAIL
2519,2519,,,2024-08-29 06:10:00.166634,2024-08-29 06:10:00.172618,0 days 00:00:00.005984,0.01435,N95,34,11,1.1x60x0.1,1.1x60x0.1,0.012270005364730975,,,,,,,,,,,,,,,7,FAIL
2520,2520,,,2024-08-29 06:10:00.172618,2024-08-29 06:10:00.179599,0 days 00:00:00.006981,0.01435,N95,35,16,1.1x60x0.1,1.1x60x0.1,0.011133357927342505,,,,,,,,,,,,,,,7,FAIL
2521,2521,4.103193072089188e-05,297.2816008629184,2024-08-29 06:10:00.180597,2024-08-29 06:10:00.427935,0 days 00:00:00.247338,0.0149,N95,34,8,1.1x60x0.1,1.1x60x0.1,0.01606167405652579,0.00042254530596516523,0.0001228056388110794,2.412419716454984e-05,0.13835359585105508,0.4356916972610302,0.563703245630544,7.596992577625366e-05,9.82908189428472e-05,8.0,290.8705169261492,1.5624536580220119,4.848630278747189,0.005600000000000001,0.01105,7,COMPLETE
2522,2522,3.285921786248577e-05,186.5651415810259,2024-08-29 06:10:00.429930,2024-08-29 06:10:00.668731,0 days 00:00:00.238801,0.01435,N95,22,11,1.1x60x0.1,1.1x60x0.1,0.016353997455396507,0.0001511147579924222,0.00024707097013741344,3.850162050919795e-05,0.23805939500878825,0.27750548240539924,0.4419942014811383,4.4881281717111654e-05,7.148423195843433e-05,5.0,182.84997001206278,1.0711279000819447,2.644043668881184,0.006900000000000001,0.008825,7,COMPLETE
2523,2523,,,2024-08-29 06:10:00.670727,2024-08-29 06:10:00.674781,0 days 00:00:00.004054,0.01435,N95,31,13,1.1x60x0.1,1.1x60x0.1,0.013047163143356357,,,,,,,,,,,,,,,7,FAIL
2524,2524,,,2024-08-29 06:10:00.675779,2024-08-29 06:10:00.679862,0 days 00:00:00.004083,0.01435,N95,34,23,1.1x60x0.1,1.1x60x0.1,0.008578510497757302,,,,,,,,,,,,,,,7,FAIL
2525,2525,,,2024-08-29 06:10:00.680859,2024-08-29 06:10:00.692826,0 days 00:00:00.011967,0.0149,N95,5,8,1.1x60x0.1,1.1x60x0.1,0.007251828469313171,,,,,,,,,,,,,,,7,FAIL
2526,2526,,,2024-08-29 06:10:00.693824,2024-08-29 06:10:00.699807,0 days 00:00:00.005983,0.01345,N95,23,17,1.1x60x0.1,1.1x60x0.1,0.00350668763770493,,,,,,,,,,,,,,,7,FAIL
2527,2527,,,2024-08-29 06:10:00.700805,2024-08-29 06:10:00.707786,0 days 00:00:00.006981,0.01435,N95,34,17,1.4x200x0.071,1.1x60x0.1,0.009384320789282625,,,,,,,,,,,,,,,7,FAIL
2528,2528,3.944134142083921e-05,66.18949442352765,2024-08-29 06:10:00.709781,2024-08-29 06:10:00.953130,0 days 00:00:00.243349,0.01435,N95,34,23,1.1x60x0.1,1.1x60x0.1,0.01926793898653243,0.00040251938428824267,0.0016709731681355863,2.412419716454984e-05,0.14916233930188658,0.16576477254089456,0.2113885311431531,2.680932783991756e-05,3.418811093664251e-05,8.0,60.1088945440853,1.8501300092324493,4.2304698702098955,0.0108,0.008825,7,COMPLETE
2529,2529,,,2024-08-29 06:10:00.955125,2024-08-29 06:10:00.965098,0 days 00:00:00.009973,0.0149,N95,35,16,1.1x60x0.1,1.1x60x0.1,0.005565918666911667,,,,,,,,,,,,,,,7,FAIL
2530,2530,,,2024-08-29 06:10:00.966095,2024-08-29 06:10:00.974075,0 days 00:00:00.007980,0.01435,N95,34,17,1.1x60x0.1,1.1x60x0.1,0.015532684988469337,,,,,,,,,,,,,,,7,FAIL
2531,2531,,,2024-08-29 06:10:00.975072,2024-08-29 06:10:00.985044,0 days 00:00:00.009972,0.01435,N95,31,15,1.1x60x0.1,1.4x200x0.071,0.006402746534863439,,,,,,,,,,,,,,,7,FAIL
2532,2532,4.817773467190857e-05,66.69122183438026,2024-08-29 06:10:00.987046,2024-08-29 06:10:01.183513,0 days 00:00:00.196467,0.0149,N95,34,23,1.1x60x0.1,1.1x60x0.1,0.019180255441532307,0.0004366740742864329,0.0016677865198760882,2.412419716454984e-05,0.13835359585105508,0.15375296776520136,0.19607069413236314,2.680932783991756e-05,3.418811093664251e-05,8.0,59.72211873403177,2.120472821601302,4.848630278747189,0.0082,0.01105,7,COMPLETE
2533,2533,4.11886233443831e-05,91.30685081067759,2024-08-29 06:10:01.184511,2024-08-29 06:10:01.424185,0 days 00:00:00.239674,0.01435,N95,31,16,1.1x60x0.1,1.1x60x0.1,0.023676759006376773,0.00033570501893147726,0.0006344312686348025,2.7446998889213458e-05,0.16970755682379857,0.19701333090725454,0.30387101351828255,3.1863193223540415e-05,4.91454094714236e-05,7.0,86.07964387715752,1.5255457970864057,3.7016611364336582,0.0082,0.008825,7,COMPLETE
2534,2534,4.4360988274502526e-05,62.63053447330519,2024-08-29 06:10:01.426180,2024-08-29 06:10:01.691104,0 days 00:00:00.264924,0.0149,N95,34,23,1.1x60x0.1,1.1x60x0.1,0.016125823071275146,0.00043642503559442346,0.0016677865198760882,2.412419716454984e-05,0.13835359585105508,0.15375296776520136,0.19607069413236314,2.680932783991756e-05,3.418811093664251e-05,8.0,55.6614313729567,2.120472821601302,4.848630278747189,0.0082,0.01105,7,COMPLETE
2535,2535,3.640410274908074e-05,142.10146993567207,2024-08-29 06:10:01.693099,2024-08-29 06:10:01.925545,0 days 00:00:00.232446,0.01435,N95,22,16,1.1x60x0.1,1.1x60x0.1,0.018723730807820534,0.00015890927259544274,0.0006064714471951399,3.850162050919795e-05,0.23805939500878825,0.2635712763586992,0.30387101351828255,4.2627686502828214e-05,4.91454094714236e-05,5.0,138.22400626063592,1.2334200061549663,2.644043668881184,0.0082,0.008825,7,COMPLETE
2536,2536,3.1702968991139364e-05,126.04048086415007,2024-08-29 06:10:01.926543,2024-08-29 06:10:02.154931,0 days 00:00:00.228388,0.01435,N95,22,16,1.1x60x0.1,1.1x60x0.1,0.013857026275054944,0.00016192487241194794,0.0006064714471951399,3.850162050919795e-05,0.23805939500878825,0.2635712763586992,0.30387101351828255,4.2627686502828214e-05,4.91454094714236e-05,5.0,122.16301718911392,1.2334200061549663,2.644043668881184,0.0082,0.008825,7,COMPLETE
2537,2537,,,2024-08-29 06:10:02.156925,2024-08-29 06:10:02.166899,0 days 00:00:00.009974,0.0149,N95,34,17,1.1x60x0.1,1.4x200x0.071,0.006504343446804688,,,,,,,,,,,,,,,7,FAIL
2538,2538,,,2024-08-29 06:10:02.168894,2024-08-29 06:10:02.177870,0 days 00:00:00.008976,0.01435,N95,34,18,1.1x60x0.1,1.1x60x0.1,0.016029646807795214,,,,,,,,,,,,,,,7,FAIL
2539,2539,,,2024-08-29 06:10:02.178867,2024-08-29 06:10:02.187843,0 days 00:00:00.008976,0.01435,N95,39,23,1.1x60x0.1,1.4x200x0.071,0.02432705414538751,,,,,,,,,,,,,,,7,FAIL
2540,2540,,,2024-08-29 06:10:02.188840,2024-08-29 06:10:02.200809,0 days 00:00:00.011969,0.01435,N95,28,25,1.1x60x0.1,1.1x60x0.1,0.014851840450294211,,,,,,,,,,,,,,,7,FAIL
2541,2541,,,2024-08-29 06:10:02.201806,2024-08-29 06:10:02.208787,0 days 00:00:00.006981,0.01435,N95,34,16,1.1x60x0.1,1.1x60x0.1,0.016763647151612496,,,,,,,,,,,,,,,7,FAIL
2542,2542,3.2880282502555776e-05,314.10445558754463,2024-08-29 06:10:02.210783,2024-08-29 06:10:02.416233,0 days 00:00:00.205450,0.01435,N95,26,8,1.1x60x0.1,1.1x60x0.1,0.01767580397794792,0.0002095176803438471,0.00011971428030050279,3.217217402876327e-05,0.19892379032656934,0.44517878289367047,0.6077420270365651,7.199927798306795e-05,9.82908189428472e-05,6.0,309.8280168635906,1.1035863212965487,3.172852402657422,0.005600000000000001,0.008825,7,COMPLETE
2543,2543,,,2024-08-29 06:10:02.417230,2024-08-29 06:10:02.426304,0 days 00:00:00.009074,0.0149,N95,18,23,1.1x60x0.1,1.1x60x0.1,0.007715958409085075,,,,,,,,,,,,,,,7,FAIL
2544,2544,4.6775708750476106e-05,145.1514354302913,2024-08-29 06:10:02.427302,2024-08-29 06:10:02.640649,0 days 00:00:00.213347,0.0149,N95,22,16,1.1x60x0.1,1.1x60x0.1,0.019358254419595572,0.00017215951286536198,0.0006462137876986081,3.850162050919795e-05,0.2208089084667231,0.24447212357990286,0.281851622815272,4.2627686502828214e-05,4.91454094714236e-05,5.0,140.7073929583401,1.4136485477342011,3.030393924216993,0.006900000000000001,0.01105,7,COMPLETE
2545,2545,,,2024-08-29 06:10:02.642712,2024-08-29 06:10:02.649693,0 days 00:00:00.006981,0.0149,N95,34,21,1.1x60x0.1,1.4x200x0.071,0.011723795500997919,,,,,,,,,,,,,,,7,FAIL
2546,2546,,,2024-08-29 06:10:02.650690,2024-08-29 06:10:02.654685,0 days 00:00:00.003995,0.01435,N95,23,13,1.1x60x0.1,1.1x60x0.1,0.008158160656309678,,,,,,,,,,,,,,,7,FAIL
2547,2547,,,2024-08-29 06:10:02.655678,2024-08-29 06:10:02.660664,0 days 00:00:00.004986,0.01435,N95,36,12,1.1x60x0.1,1.1x60x0.1,0.019347811709765093,,,,,,,,,,,,,,,7,FAIL
2548,2548,4.3733393459485495e-05,206.24697479258467,2024-08-29 06:10:02.661661,2024-08-29 06:10:02.886064,0 days 00:00:00.224403,0.01435,N95,18,23,1.1x60x0.1,1.1x60x0.1,0.023711154216488485,0.00012292402756421545,0.0017604151359143986,4.7697476639721074e-05,0.2949182990774419,0.31204497883548,0.2113885311431531,5.046739430922621e-05,3.418811093664251e-05,4.0,202.80094458768093,1.3307952697987795,2.1152349351049478,0.0108,0.008825,7,COMPLETE
2549,2549,,,2024-08-29 06:10:02.888056,2024-08-29 06:10:02.897032,0 days 00:00:00.008976,0.01435,N95,34,16,1.1x60x0.1,1.1x60x0.1,0.013560541495817566,,,,,,,,,,,,,,,7,FAIL
2550,2550,,,2024-08-29 06:10:02.899026,2024-08-29 06:10:02.908002,0 days 00:00:00.008976,0.0149,N95,34,23,1.1x60x0.1,1.1x60x0.1,0.008379380071685092,,,,,,,,,,,,,,,7,FAIL
2551,2551,,,2024-08-29 06:10:02.909997,2024-08-29 06:10:02.919981,0 days 00:00:00.009984,0.01435,N95,24,15,1.1x60x0.1,1.1x60x0.1,0.008831304281698711,,,,,,,,,,,,,,,7,FAIL
2552,2552,3.895254189814973e-05,94.72825359291643,2024-08-29 06:10:02.920968,2024-08-29 06:10:03.157335,0 days 00:00:00.236367,0.01435,N95,27,18,1.1x60x0.1,1.1x60x0.1,0.020061924272811907,0.00026454303117141094,0.0008873596840929406,3.179831775981402e-05,0.19661219938496108,0.220893904979589,0.27010756757180665,3.5725426009777945e-05,4.368480841904319e-05,6.0,90.09477223560181,1.460628954657197,3.172852402657422,0.009500000000000001,0.008825,7,COMPLETE
2553,2553,,,2024-08-29 06:10:03.158335,2024-08-29 06:10:03.167351,0 days 00:00:00.009016,0.01435,N95,34,23,1.1x60x0.1,1.1x60x0.1,0.016469483563819574,,,,,,,,,,,,,,,7,FAIL
2554,2554,4.463294433830879e-05,129.93146229893628,2024-08-29 06:10:03.168347,2024-08-29 06:10:03.393765,0 days 00:00:00.225418,0.01435,N95,23,17,1.4x200x0.071,1.1x60x0.1,0.022842386673345795,0.0001961697805549304,0.0008053748316819127,3.7605450211454966e-05,0.2325182838533611,0.2593575379908458,0.2859962480172071,4.194619373688151e-05,4.625450303192809e-05,5.0,126.55414810011611,0.7332705299389738,2.644043668881184,0.0126,0.008825,7,COMPLETE
2555,2555,4.726056630512261e-05,73.31843983164356,2024-08-29 06:10:03.394762,2024-08-29 06:10:03.611255,0 days 00:00:00.216493,0.0149,N95,34,18,1.1x60x0.1,1.1x60x0.1,0.01974627197582685,0.000431964127285644,0.0008321316065120214,2.412419716454984e-05,0.13835359585105508,0.15924743793920318,0.2505347758357973,2.776737797932308e-05,4.368480841904319e-05,8.0,66.53534311915483,1.9344664337415385,4.848630278747189,0.006900000000000001,0.01105,7,COMPLETE
2556,2556,,,2024-08-29 06:10:03.612252,2024-08-29 06:10:03.620230,0 days 00:00:00.007978,0.01435,N95,18,17,1.1x60x0.1,1.1x60x0.1,0.010050039259437944,,,,,,,,,,,,,,,7,FAIL
2557,2557,3.847900872151259e-05,245.57908971247812,2024-08-29 06:10:03.622223,2024-08-29 06:10:03.903472,0 days 00:00:00.281249,0.0149,N95,23,9,1.1x60x0.1,1.4x200x0.071,0.014018644003770581,0.00018548782285646056,0.00019092833677129148,3.7605450211454966e-05,0.21566932258363924,0.3972684452857149,0.5010695516715946,6.927020756037459e-05,8.736961683808638e-05,5.0,242.6035998961882,1.1904408823024852,1.7850489339874525,0.005600000000000001,0.01105,7,COMPLETE
2558,2558,,,2024-08-29 06:10:03.905466,2024-08-29 06:10:03.914447,0 days 00:00:00.008981,0.01435,N95,19,0,1.1x60x0.1,1.1x60x0.1,0.021852877667486496,,,,,,,,,,,,,,,7,FAIL
2559,2559,4.363746404605307e-05,173.77669316942146,2024-08-29 06:10:03.916437,2024-08-29 06:10:04.134991,0 days 00:00:00.218554,0.0149,N95,18,23,1.1x60x0.1,1.1x60x0.1,0.01554680744017551,0.00013938249664696627,0.0017492273494246926,4.7697476639721074e-05,0.27354764849229546,0.2894332784750647,0.19607069413236314,5.046739430922621e-05,3.418811093664251e-05,4.0,169.8271256495978,1.5252523804500593,2.4243151393735944,0.0082,0.01105,7,COMPLETE
2560,2560,4.38890743095752e-05,56.310742473935846,2024-08-29 06:10:04.135988,2024-08-29 06:10:04.350486,0 days 00:00:00.214498,0.0149,N95,35,23,1.1x60x0.1,1.1x60x0.1,0.015748163897631846,0.0004945318729377618,0.0017697858501201714,2.409555951986295e-05,0.1381893573857453,0.1547571445806274,0.19607069413236314,2.6984422381800567e-05,3.418811093664251e-05,8.0,49.3044380960154,2.1576740991732546,4.848630278747189,0.0082,0.01105,7,COMPLETE
2561,2561,,,2024-08-29 06:10:04.351483,2024-08-29 06:10:04.359461,0 days 00:00:00.007978,0.0149,N95,23,14,1.4x200x0.071,1.4x200x0.071,0.010381436835245967,,,,,,,,,,,,,,,7,FAIL
2562,2562,,,2024-08-29 06:10:04.360459,2024-08-29 06:10:04.368437,0 days 00:00:00.007978,0.01435,N95,23,9,1.1x60x0.1,1.4x200x0.071,0.009715732794575861,,,,,,,,,,,,,,,7,FAIL
2563,2563,,,2024-08-29 06:10:04.370432,2024-08-29 06:10:04.378412,0 days 00:00:00.007980,0.01435,N95,18,24,1.1x60x0.1,1.1x60x0.1,0.015999592305239143,,,,,,,,,,,,,,,7,FAIL
2564,2564,3.1920022693013565e-05,182.52364304957354,2024-08-29 06:10:04.378412,2024-08-29 06:10:04.617770,0 days 00:00:00.239358,0.01435,N95,18,14,1.1x60x0.1,1.1x60x0.1,0.014081724462589025,0.00010986517786239982,0.0004436730499310024,4.7697476639721074e-05,0.2949182990774419,0.3255017616021952,0.3472811583066086,5.264377530582438e-05,5.616618225305554e-05,4.0,179.36973863560124,1.03866947886734,2.1152349351049478,0.0082,0.008825,7,COMPLETE
2565,2565,3.387845972155489e-05,226.33613605341822,2024-08-29 06:10:04.619764,2024-08-29 06:10:04.871686,0 days 00:00:00.251922,0.01435,N95,34,9,1.1x60x0.1,1.1x60x0.1,0.01740913632846874,0.00039063177468987557,0.0001472791437770417,2.412419716454984e-05,0.14916233930188658,0.4022886823715754,0.5402151351436133,6.506261256038174e-05,8.736961683808638e-05,8.0,220.70995407098033,1.395712112227988,4.2304698702098955,0.006900000000000001,0.008825,7,COMPLETE
2566,2566,,,2024-08-29 06:10:04.873681,2024-08-29 06:10:04.882717,0 days 00:00:00.009036,0.01435,N95,34,21,1.4x200x0.071,1.4x200x0.071,0.015970751788248375,,,,,,,,,,,,,,,7,FAIL
2567,2567,,,2024-08-29 06:10:04.884712,2024-08-29 06:10:04.894686,0 days 00:00:00.009974,0.0149,N95,37,16,1.1x60x0.1,1.4x200x0.071,0.008595150681223154,,,,,,,,,,,,,,,7,FAIL
2568,2568,4.522503706671602e-05,77.73978270835538,2024-08-29 06:10:04.895681,2024-08-29 06:10:05.122076,0 days 00:00:00.226395,0.0149,N95,34,16,1.1x60x0.1,1.1x60x0.1,0.018117296469196513,0.00043010786189069395,0.0006174778751082754,2.412419716454984e-05,0.13835359585105508,0.16240675828925424,0.281851622815272,2.8318256809481255e-05,4.91454094714236e-05,8.0,71.03108855101055,1.8600638785976336,4.848630278747189,0.006900000000000001,0.01105,7,COMPLETE
2569,2569,3.642453335031745e-05,135.84413974602634,2024-08-29 06:10:05.124071,2024-08-29 06:10:05.391355,0 days 00:00:00.267284,0.01435,N95,22,17,1.1x60x0.1,1.1x60x0.1,0.017444880961116606,0.00016159436211822469,0.000720277834445545,3.850162050919795e-05,0.23805939500878825,0.2617680261644204,0.2859962480172071,4.2336044769215064e-05,4.625450303192809e-05,5.0,131.9342176497756,1.2658784273695707,2.644043668881184,0.009500000000000001,0.008825,7,COMPLETE
2570,2570,,,2024-08-29 06:10:05.392353,2024-08-29 06:10:05.399376,0 days 00:00:00.007023,0.01435,N95,35,17,1.1x60x0.1,1.1x60x0.1,0.01675603136412215,,,,,,,,,,,,,,,7,FAIL
2571,2571,,,2024-08-29 06:10:05.400374,2024-08-29 06:10:05.408478,0 days 00:00:00.008104,0.01435,N95,33,18,1.1x60x0.1,1.1x60x0.1,0.01148872079324649,,,,,,,,,,,,,,,7,FAIL
2572,2572,,,2024-08-29 06:10:05.409476,2024-08-29 06:10:05.416523,0 days 00:00:00.007047,0.01435,N95,9,8,1.1x60x0.1,1.1x60x0.1,0.00826488394266046,,,,,,,,,,,,,,,7,FAIL
2573,2573,,,2024-08-29 06:10:05.417520,2024-08-29 06:10:05.424561,0 days 00:00:00.007041,0.01435,N95,23,16,1.1x60x0.1,1.1x60x0.1,0.01080539322201593,,,,,,,,,,,,,,,7,FAIL
2574,2574,4.3908889566489224e-05,509.8977396426612,2024-08-29 06:10:05.426619,2024-08-29 06:10:05.674571,0 days 00:00:00.247952,0.0149,N95,18,7,1.1x60x0.1,1.1x60x0.1,0.018364021477843166,0.00010011214509017416,0.0001026908805783276,4.7697476639721074e-05,0.27354764849229546,0.4785380566847909,0.6442322807206217,8.344088463470452e-05,0.00011233236450611108,4.0,506.54339256398873,0.9300319392988168,2.4243151393735944,0.005600000000000001,0.01105,7,COMPLETE
2575,2575,4.0859409764826904e-05,130.4544323801601,2024-08-29 06:10:05.676567,2024-08-29 06:10:05.913995,0 days 00:00:00.237428,0.01435,N95,23,16,1.1x60x0.1,1.1x60x0.1,0.023335950745567845,0.00019199631475705654,0.0006533138571469244,3.7605450211454966e-05,0.2325182838533611,0.26116078818512467,0.30387101351828255,4.223783547049466e-05,4.91454094714236e-05,5.0,126.54451028390935,1.2658784273695707,2.644043668881184,0.0082,0.008825,7,COMPLETE
2576,2576,,,2024-08-29 06:10:05.915990,2024-08-29 06:10:05.922971,0 days 00:00:00.006981,0.01435,N95,32,0,1.1x60x0.1,1.1x60x0.1,0.02473873522731248,,,,,,,,,,,,,,,7,FAIL
2577,2577,4.156263150018058e-05,98.26996781001387,2024-08-29 06:10:05.923968,2024-08-29 06:10:06.199231,0 days 00:00:00.275263,0.01435,N95,31,15,1.1x60x0.1,1.1x60x0.1,0.024063939478329126,0.0003321591379240676,0.0005412591874763916,2.7446998889213458e-05,0.16970755682379857,0.20619834399882364,0.3241290810861681,3.3348695983935794e-05,5.242177010285185e-05,7.0,93.07521929770841,1.4930873758718013,3.7016611364336582,0.0082,0.008825,7,COMPLETE
2578,2578,,,2024-08-29 06:10:06.200229,2024-08-29 06:10:06.207255,0 days 00:00:00.007026,0.012,N95,34,16,1.1x60x0.1,1.1x60x0.1,0.009378670916733889,,,,,,,,,,,,,,,7,FAIL
2579,2579,,,2024-08-29 06:10:06.208252,2024-08-29 06:10:06.214291,0 days 00:00:00.006039,0.012,N95,31,9,1.1x60x0.1,1.1x60x0.1,0.004483207703106578,,,,,,,,,,,,,,,7,FAIL
2580,2580,,,2024-08-29 06:10:06.214291,2024-08-29 06:10:06.221334,0 days 00:00:00.007043,0.01435,N95,18,15,1.1x60x0.1,1.1x60x0.1,0.009130958322680634,,,,,,,,,,,,,,,7,FAIL
2581,2581,3.1484152400900594e-05,125.29292590056845,2024-08-29 06:10:06.223328,2024-08-29 06:10:06.445898,0 days 00:00:00.222570,0.01435,N95,22,16,1.1x60x0.1,1.1x60x0.1,0.013630503111411608,0.00016205814407196863,0.0006064714471951399,3.850162050919795e-05,0.23805939500878825,0.2635712763586992,0.30387101351828255,4.2627686502828214e-05,4.91454094714236e-05,5.0,121.4154622255323,1.2334200061549663,2.644043668881184,0.0082,0.008825,7,COMPLETE
2582,2582,,,2024-08-29 06:10:06.447894,2024-08-29 06:10:06.454942,0 days 00:00:00.007048,0.01435,N95,33,21,1.1x60x0.1,1.1x60x0.1,0.021151915452817825,,,,,,,,,,,,,,,7,FAIL
2583,2583,,,2024-08-29 06:10:06.455939,2024-08-29 06:10:06.464914,0 days 00:00:00.008975,0.0149,N95,13,3,1.1x60x0.1,1.1x60x0.1,0.010124585126798223,,,,,,,,,,,,,,,7,FAIL
2584,2584,3.315079760286437e-05,151.28786201166633,2024-08-29 06:10:06.465913,2024-08-29 06:10:06.681336,0 days 00:00:00.215423,0.0149,N95,18,16,1.1x60x0.1,1.1x60x0.1,0.008454629887605074,0.00012732110271383314,0.0006558811847553832,4.7697476639721074e-05,0.27354764849229546,0.2978529597292675,0.281851622815272,5.193550252419244e-05,4.91454094714236e-05,4.0,147.59870343484636,1.2648434374463906,2.4243151393735944,0.006900000000000001,0.01105,7,COMPLETE
2585,2585,3.108061363923032e-05,256.59018578361946,2024-08-29 06:10:06.683333,2024-08-29 06:10:06.903741,0 days 00:00:00.220408,0.01435,N95,23,9,1.1x60x0.1,1.1x60x0.1,0.01451275198547315,0.00017086315947812528,0.00017659980383933046,3.7605450211454966e-05,0.2325182838533611,0.4283046657741702,0.5402151351436133,6.927020756037459e-05,8.736961683808638e-05,5.0,252.9074726358709,1.03866947886734,2.644043668881184,0.006900000000000001,0.008825,7,COMPLETE
