,number,values_0,values_1,datetime_start,datetime_complete,duration,params_core_inner_diameter,params_material,params_n_p_bot,params_n_p_top,params_primary_litz_wire,params_secondary_litz_wire,params_window_h_bot,user_attrs_air_gap_bot,user_attrs_air_gap_top,user_attrs_flux_bot_max,user_attrs_flux_density_bot_max,user_attrs_flux_density_mid_max,user_attrs_flux_density_top_max,user_attrs_flux_mid_max,user_attrs_flux_top_max,user_attrs_n_s_bot,user_attrs_p_hyst,user_attrs_primary_litz_wire_loss,user_attrs_secondary_litz_wire_loss,user_attrs_window_h_top,user_attrs_window_w,system_attrs_nsga2:generation,state
3031,3031,4.006580857991949e-05,280.6321102240356,2024-08-29 06:10:54.340995,2024-08-29 06:10:54.608280,0 days 00:00:00.267285,0.01435,N95,23,9,1.1x60x0.1,1.1x60x0.1,0.023814399459716258,0.00016496049872580037,0.00017659980383933046,3.7605450211454966e-05,0.2325182838533611,0.4283046657741702,0.5402151351436133,6.927020756037459e-05,8.736961683808638e-05,5.0,276.9493970762871,1.03866947886734,2.644043668881184,0.006900000000000001,0.008825,11,COMPLETE
3032,3032,,,2024-08-29 06:10:54.609283,2024-08-29 06:10:54.615261,0 days 00:00:00.005978,0.01435,N95,18,15,1.1x60x0.1,1.1x60x0.1,0.00873426923848702,,,,,,,,,,,,,,,11,FAIL
3033,3033,,,2024-08-29 06:10:54.616260,2024-08-29 06:10:54.625235,0 days 00:00:00.008975,0.01345,N95,34,22,1.1x60x0.1,1.1x60x0.1,0.0030326543966105405,,,,,,,,,,,,,,,11,FAIL
3034,3034,3.779169577482713e-05,146.84212454379218,2024-08-29 06:10:54.626232,2024-08-29 06:10:54.873570,0 days 00:00:00.247338,0.01435,N95,22,16,1.1x60x0.1,1.1x60x0.1,0.020160193928365946,0.00015797598667639925,0.0006064714471951399,3.850162050919795e-05,0.23805939500878825,0.2635712763586992,0.30387101351828255,4.2627686502828214e-05,4.91454094714236e-05,5.0,142.96466086875603,1.2334200061549663,2.644043668881184,0.0082,0.008825,11,COMPLETE
3035,3035,,,2024-08-29 06:10:54.875564,2024-08-29 06:10:54.887540,0 days 00:00:00.011976,0.01435,N95,30,0,1.1x60x0.1,1.1x60x0.1,0.006405316645485063,,,,,,,,,,,,,,,11,FAIL
3036,3036,,,2024-08-29 06:10:54.889529,2024-08-29 06:10:54.899501,0 days 00:00:00.009972,0.01345,N95,26,21,1.1x60x0.1,1.1x60x0.1,0.009455783381717018,,,,,,,,,,,,,,,11,FAIL
3037,3037,4.3234142316668324e-05,205.4097618588652,2024-08-29 06:10:54.900499,2024-08-29 06:10:55.166786,0 days 00:00:00.266287,0.01435,N95,18,21,1.1x60x0.1,1.1x60x0.1,0.023194319783596123,0.0001188945628211557,0.0013418720270640101,4.7697476639721074e-05,0.2949182990774419,0.31398315818524236,0.23152077220440578,5.078085829076981e-05,3.744412150203703e-05,4.0,202.0286484963907,1.2658784273695707,2.1152349351049478,0.0108,0.008825,11,COMPLETE
3038,3038,,,2024-08-29 06:10:55.168780,2024-08-29 06:10:55.178754,0 days 00:00:00.009974,0.01435,N95,34,16,1.4x200x0.071,1.4x200x0.071,0.012944743902132372,,,,,,,,,,,,,,,11,FAIL
3039,3039,,,2024-08-29 06:10:55.179752,2024-08-29 06:10:55.190721,0 days 00:00:00.010969,0.01435,N95,17,15,1.1x60x0.1,1.1x60x0.1,0.014048075738248286,,,,,,,,,,,,,,,11,FAIL
3040,3040,,,2024-08-29 06:10:55.191719,2024-08-29 06:10:55.199697,0 days 00:00:00.007978,0.01435,N95,23,14,1.1x60x0.1,1.1x60x0.1,0.006471590956378913,,,,,,,,,,,,,,,11,FAIL
3041,3041,,,2024-08-29 06:10:55.201692,2024-08-29 06:10:55.208674,0 days 00:00:00.006982,0.01435,N95,38,16,1.1x60x0.1,1.1x60x0.1,0.018292986637100793,,,,,,,,,,,,,,,11,FAIL
3042,3042,4.243892526103436e-05,70.58158886532235,2024-08-29 06:10:55.209670,2024-08-29 06:10:55.499895,0 days 00:00:00.290225,0.01435,N95,35,19,1.1x60x0.1,1.1x60x0.1,0.02367109571713582,0.0004443126459055094,0.0009978806176359815,2.409555951986295e-05,0.1489852698622507,0.17133695626535808,0.25589137980486953,2.7710523540086857e-05,4.1385607975935666e-05,8.0,64.59836424952381,1.7527547455886363,4.2304698702098955,0.009500000000000001,0.008825,11,COMPLETE
3043,3043,,,2024-08-29 06:10:55.501890,2024-08-29 06:10:55.517849,0 days 00:00:00.015959,0.01435,N95,20,16,1.1x60x0.1,1.1x60x0.1,0.013835170719864785,,,,,,,,,,,,,,,11,FAIL
3044,3044,,,2024-08-29 06:10:55.518845,2024-08-29 06:10:55.531810,0 days 00:00:00.012965,0.01435,N95,18,12,1.1x60x0.1,1.1x60x0.1,0.02344307385434291,,,,,,,,,,,,,,,11,FAIL
3045,3045,4.0229263451546125e-05,155.17003183983078,2024-08-29 06:10:55.533805,2024-08-29 06:10:55.960149,0 days 00:00:00.426344,0.01435,N95,22,16,1.1x60x0.1,1.1x60x0.1,0.022683611102185308,0.00015630169970986442,0.0006064714471951399,3.850162050919795e-05,0.23805939500878825,0.2635712763586992,0.30387101351828255,4.2627686502828214e-05,4.91454094714236e-05,5.0,151.29256816479463,1.2334200061549663,2.644043668881184,0.0082,0.008825,11,COMPLETE
3046,3046,,,2024-08-29 06:10:55.962144,2024-08-29 06:10:55.974111,0 days 00:00:00.011967,0.01435,N95,34,16,1.1x60x0.1,1.1x60x0.1,0.012040350150985738,,,,,,,,,,,,,,,11,FAIL
3047,3047,,,2024-08-29 06:10:55.974111,2024-08-29 06:10:56.124653,0 days 00:00:00.150542,0.0149,N95,9,21,1.1x60x0.1,1.4x200x0.071,0.009222288671462592,,,,,,,,,,,,,,,11,FAIL
3048,3048,4.236756707626929e-05,84.93276226525325,2024-08-29 06:10:56.125643,2024-08-29 06:10:56.739562,0 days 00:00:00.613919,0.01435,N95,31,18,1.1x60x0.1,1.1x60x0.1,0.023597224345010014,0.00034251232186710816,0.0008749570027069432,2.7446998889213458e-05,0.16970755682379857,0.19360719165139456,0.27010756757180665,3.1312314393382247e-05,4.368480841904319e-05,7.0,79.64063848930397,1.5904626395156145,3.7016611364336582,0.009500000000000001,0.008825,11,COMPLETE
3049,3049,,,2024-08-29 06:10:56.740559,2024-08-29 06:10:56.748539,0 days 00:00:00.007980,0.01435,N95,23,17,1.4x200x0.071,1.1x60x0.1,0.01825962614195592,,,,,,,,,,,,,,,11,FAIL
3050,3050,3.656501113997492e-05,312.203565222298,2024-08-29 06:10:56.750532,2024-08-29 06:10:57.184001,0 days 00:00:00.433469,0.01435,N95,31,8,1.1x60x0.1,1.1x60x0.1,0.02149030628421532,0.0003098765348414807,0.00013214468750446268,2.7446998889213458e-05,0.16970755682379857,0.489450609077649,0.6077420270365651,7.915941149059781e-05,9.82908189428472e-05,7.0,307.2360256584948,1.2658784273695707,3.7016611364336582,0.005600000000000001,0.008825,11,COMPLETE
3051,3051,,,2024-08-29 06:10:57.185997,2024-08-29 06:10:57.195970,0 days 00:00:00.009973,0.01435,N95,23,17,1.1x60x0.1,1.4x200x0.071,0.01784274739939462,,,,,,,,,,,,,,,11,FAIL
3052,3052,4.5643614490315914e-05,222.80204604946582,2024-08-29 06:10:57.197965,2024-08-29 06:10:57.505142,0 days 00:00:00.307177,0.0149,N95,18,12,1.4x200x0.071,1.1x60x0.1,0.0175522719428018,0.00011225138080669948,0.00033383762764253947,4.7697476639721074e-05,0.27354764849229546,0.30733092077942065,0.37580216375369596,5.358813901466696e-05,6.552721262856479e-05,4.0,219.7203302301795,0.6574006799126988,2.4243151393735944,0.0078000000000000005,0.01105,11,COMPLETE
3053,3053,,,2024-08-29 06:10:57.507137,2024-08-29 06:10:57.515115,0 days 00:00:00.007978,0.01435,N95,1,21,1.1x60x0.1,1.1x60x0.1,0.022392412545888585,,,,,,,,,,,,,,,11,FAIL
3054,3054,3.8299303328731355e-05,81.68467992342556,2024-08-29 06:10:57.516113,2024-08-29 06:10:57.767440,0 days 00:00:00.251327,0.01435,N95,34,16,1.1x60x0.1,1.1x60x0.1,0.02068567907953372,0.00039624915093818664,0.0005789481717213678,2.412419716454984e-05,0.14916233930188658,0.1750946322417285,0.30387101351828255,2.8318256809481255e-05,4.91454094714236e-05,8.0,75.83128899248544,1.622921060730219,4.2304698702098955,0.0082,0.008825,11,COMPLETE
3055,3055,,,2024-08-29 06:10:57.768437,2024-08-29 06:10:57.777414,0 days 00:00:00.008977,0.01435,N95,23,10,1.1x60x0.1,1.1x60x0.1,0.008561505404148038,,,,,,,,,,,,,,,11,FAIL
3056,3056,,,2024-08-29 06:10:57.779408,2024-08-29 06:10:57.790380,0 days 00:00:00.010972,0.01435,N95,34,23,1.1x60x0.1,1.4x200x0.071,0.018424933258200986,,,,,,,,,,,,,,,11,FAIL
3057,3057,,,2024-08-29 06:10:57.791379,2024-08-29 06:10:57.801349,0 days 00:00:00.009970,0.01435,N95,21,8,1.4x200x0.071,1.4x200x0.071,0.007365405687464591,,,,,,,,,,,,,,,11,FAIL
3058,3058,3.507042354986976e-05,109.2532322369893,2024-08-29 06:10:57.802347,2024-08-29 06:10:58.033728,0 days 00:00:00.231381,0.01435,N95,23,17,1.1x60x0.1,1.1x60x0.1,0.016043080322585775,0.00020025792257914415,0.000775060706009103,3.7605450211454966e-05,0.2325182838533611,0.2593575379908458,0.2859962480172071,4.194619373688151e-05,4.625450303192809e-05,5.0,105.31085171952395,1.2983368485841749,2.644043668881184,0.009500000000000001,0.008825,11,COMPLETE
3059,3059,,,2024-08-29 06:10:58.035722,2024-08-29 06:10:58.047690,0 days 00:00:00.011968,0.01435,N95,27,24,1.1x60x0.1,1.1x60x0.1,0.010765200675774442,,,,,,,,,,,,,,,11,FAIL
3060,3060,4.0687038964845184e-05,77.30201365052484,2024-08-29 06:10:58.049685,2024-08-29 06:10:58.296577,0 days 00:00:00.246892,0.01435,N95,34,18,1.1x60x0.1,1.1x60x0.1,0.0218575091617328,0.0003977530286151113,0.0008020568736040902,2.412419716454984e-05,0.14916233930188658,0.17168849298586847,0.27010756757180665,2.776737797932308e-05,4.368480841904319e-05,8.0,71.3837058771555,1.6878379031594277,4.2304698702098955,0.009500000000000001,0.008825,11,COMPLETE
3061,3061,,,2024-08-29 06:10:58.298572,2024-08-29 06:10:58.305628,0 days 00:00:00.007056,0.012,N95,31,15,1.1x60x0.1,1.1x60x0.1,0.006010199410210424,,,,,,,,,,,,,,,11,FAIL
3062,3062,3.271272359993229e-05,211.54954359947945,2024-08-29 06:10:58.306626,2024-08-29 06:10:58.549974,0 days 00:00:00.243348,0.01435,N95,18,12,1.1x60x0.1,1.1x60x0.1,0.01620234376326557,0.00010414726850585379,0.000306709972857329,4.7697476639721074e-05,0.2949182990774419,0.33134085746938374,0.40516135135771003,5.358813901466696e-05,6.552721262856479e-05,4.0,208.46055602793638,0.9737526364381314,2.1152349351049478,0.006900000000000001,0.008825,11,COMPLETE
3063,3063,,,2024-08-29 06:10:58.550972,2024-08-29 06:10:58.557953,0 days 00:00:00.006981,0.012,N95,34,17,1.1x60x0.1,1.1x60x0.1,0.00509107072881971,,,,,,,,,,,,,,,11,FAIL
3064,3064,3.9568794736074555e-05,96.99662752414837,2024-08-29 06:10:58.558951,2024-08-29 06:10:58.795318,0 days 00:00:00.236367,0.0149,N95,23,19,1.1x60x0.1,1.1x60x0.1,0.012290768408418966,0.00022719247865048622,0.001097730889488225,3.7605450211454966e-05,0.21566932258363924,0.23774674599799317,0.23734873500233433,4.145500765921726e-05,4.1385607975935666e-05,5.0,92.40377994190936,1.5624536580220119,3.030393924216993,0.0082,0.01105,11,COMPLETE
3065,3065,4.118082927912888e-05,220.59845738970702,2024-08-29 06:10:58.797313,2024-08-29 06:10:59.084767,0 days 00:00:00.287454,0.01435,N95,18,15,1.1x60x0.1,1.1x60x0.1,0.023668690439376888,0.00010549258368398663,0.0005246583744754121,4.7697476639721074e-05,0.2949182990774419,0.32316612325531974,0.3241290810861681,5.2266029822287344e-05,5.242177010285185e-05,4.0,217.41209455452014,1.0711279000819447,2.1152349351049478,0.0082,0.008825,11,COMPLETE
3066,3066,4.1906642539257025e-05,120.23574707417491,2024-08-29 06:10:59.086760,2024-08-29 06:10:59.357280,0 days 00:00:00.270520,0.01435,N95,23,20,1.1x60x0.1,1.1x60x0.1,0.02312006635524825,0.0002076253618928482,0.0011957098788199375,3.7605450211454966e-05,0.2325182838533611,0.25502973752457664,0.24309681081462603,4.124625357620995e-05,3.931632757713888e-05,5.0,116.19599129306575,1.395712112227988,2.644043668881184,0.009500000000000001,0.008825,11,COMPLETE
3067,3067,,,2024-08-29 06:10:59.359358,2024-08-29 06:10:59.366424,0 days 00:00:00.007066,0.01435,N95,18,15,1.1x60x0.1,1.4x200x0.071,0.008174324400036289,,,,,,,,,,,,,,,11,FAIL
3068,3068,3.627345377104907e-05,190.41431326132806,2024-08-29 06:10:59.368419,2024-08-29 06:10:59.724259,0 days 00:00:00.355840,0.0149,N95,23,10,1.1x60x0.1,1.1x60x0.1,0.012253601809807911,0.00019047159062282186,0.0002382381140460344,3.7605450211454966e-05,0.21566932258363924,0.34722521295109726,0.4509625965044352,6.054435698767706e-05,7.863265515427775e-05,5.0,186.15627717723663,1.227642159874438,3.030393924216993,0.005600000000000001,0.01105,11,COMPLETE
3069,3069,,,2024-08-29 06:10:59.726253,2024-08-29 06:10:59.733289,0 days 00:00:00.007036,0.01435,N95,34,25,1.1x60x0.1,1.1x60x0.1,0.00970995871295764,,,,,,,,,,,,,,,11,FAIL
3070,3070,,,2024-08-29 06:10:59.734286,2024-08-29 06:10:59.745257,0 days 00:00:00.010971,0.0149,N95,39,23,1.1x60x0.1,1.4x200x0.071,0.008567019456711723,,,,,,,,,,,,,,,11,FAIL
3071,3071,4.269484027418654e-05,129.65380392894184,2024-08-29 06:10:59.747251,2024-08-29 06:11:00.041465,0 days 00:00:00.294214,0.01435,N95,23,17,1.1x60x0.1,1.1x60x0.1,0.023936023885241353,0.00019546777087567214,0.000775060706009103,3.7605450211454966e-05,0.2325182838533611,0.2593575379908458,0.2859962480172071,4.194619373688151e-05,4.625450303192809e-05,5.0,125.71142341147649,1.2983368485841749,2.644043668881184,0.009500000000000001,0.008825,11,COMPLETE
3072,3072,,,2024-08-29 06:11:00.042462,2024-08-29 06:11:00.050442,0 days 00:00:00.007980,0.01435,N95,18,12,1.1x60x0.1,1.4x200x0.071,0.007229913519605736,,,,,,,,,,,,,,,11,FAIL
3073,3073,,,2024-08-29 06:11:00.051440,2024-08-29 06:11:00.060414,0 days 00:00:00.008974,0.01435,N95,9,15,1.1x60x0.1,1.1x60x0.1,0.017343595704225986,,,,,,,,,,,,,,,11,FAIL
3074,3074,4.0386257725529146e-05,158.46812658512727,2024-08-29 06:11:00.062409,2024-08-29 06:11:00.303764,0 days 00:00:00.241355,0.01435,N95,26,12,1.1x60x0.1,1.1x60x0.1,0.024146134609099097,0.00021184835964077324,0.00029565163374893665,3.217217402876327e-05,0.19892379032656934,0.24285573640879518,0.40516135135771003,3.927733833545221e-05,6.552721262856479e-05,6.0,154.06185417631488,1.2334200061549663,3.172852402657422,0.006900000000000001,0.008825,11,COMPLETE
3075,3075,,,2024-08-29 06:11:00.305758,2024-08-29 06:11:00.313737,0 days 00:00:00.007979,0.01435,N95,34,21,1.1x60x0.1,1.4x200x0.071,0.00759888978455951,,,,,,,,,,,,,,,11,FAIL
3076,3076,,,2024-08-29 06:11:00.314735,2024-08-29 06:11:00.322714,0 days 00:00:00.007979,0.01435,N95,34,23,1.1x60x0.1,1.4x200x0.071,0.024586122504600523,,,,,,,,,,,,,,,11,FAIL
3077,3077,,,2024-08-29 06:11:00.323711,2024-08-29 06:11:00.330692,0 days 00:00:00.006981,0.01435,N95,22,23,1.1x60x0.1,1.1x60x0.1,0.0077966524186148575,,,,,,,,,,,,,,,11,FAIL
3078,3078,,,2024-08-29 06:11:00.331689,2024-08-29 06:11:00.339669,0 days 00:00:00.007980,0.01435,N95,23,16,1.1x60x0.1,1.1x60x0.1,0.006429405169295278,,,,,,,,,,,,,,,11,FAIL
3079,3079,3.84468476888437e-05,116.14045373474664,2024-08-29 06:11:00.340665,2024-08-29 06:11:00.618980,0 days 00:00:00.278315,0.01435,N95,26,16,1.1x60x0.1,1.1x60x0.1,0.02083841985295455,0.00022012695128972095,0.0005972485394463697,3.217217402876327e-05,0.19892379032656934,0.2244089543769162,0.30387101351828255,3.629391900272192e-05,4.91454094714236e-05,6.0,111.60434764107583,1.363253691013384,3.172852402657422,0.0082,0.008825,11,COMPLETE
3080,3080,3.336646762355608e-05,114.23583711303613,2024-08-29 06:11:00.619977,2024-08-29 06:11:00.885371,0 days 00:00:00.265394,0.01435,N95,22,21,1.1x60x0.1,1.1x60x0.1,0.012979112212506952,0.00017174033991205958,0.0013237214281748805,3.850162050919795e-05,0.23805939500878825,0.25633570067416306,0.23152077220440578,4.145746850256275e-05,3.744412150203703e-05,5.0,110.19608133192696,1.395712112227988,2.644043668881184,0.0108,0.008825,11,COMPLETE
3081,3081,4.191314143032861e-05,101.1580370956293,2024-08-29 06:11:00.887365,2024-08-29 06:11:01.149664,0 days 00:00:00.262299,0.01435,N95,34,14,1.1x60x0.1,1.1x60x0.1,0.024426794132900317,0.00039358389963004475,0.0004147251241267217,2.412419716454984e-05,0.14916233930188658,0.20960006667169415,0.3472811583066086,3.389886051503342e-05,5.616618225305554e-05,8.0,95.36956300711839,1.5580042183010103,4.2304698702098955,0.0082,0.008825,11,COMPLETE
3082,3082,4.073338506610395e-05,75.17452419541803,2024-08-29 06:11:01.150661,2024-08-29 06:11:01.367082,0 days 00:00:00.216421,0.01435,N95,31,21,1.1x60x0.1,1.1x60x0.1,0.020605487541563203,0.000353758679656629,0.0013785224971616305,2.7446998889213458e-05,0.16970755682379857,0.18971446107326884,0.23152077220440578,3.068273858748719e-05,3.744412150203703e-05,7.0,69.78502515582494,1.6878379031594277,3.7016611364336582,0.0108,0.008825,11,COMPLETE
3083,3083,,,2024-08-29 06:11:01.369079,2024-08-29 06:11:01.379050,0 days 00:00:00.009971,0.01435,N95,23,16,1.1x60x0.1,1.1x60x0.1,0.008336249946689146,,,,,,,,,,,,,,,11,FAIL
3084,3084,,,2024-08-29 06:11:01.380047,2024-08-29 06:11:01.392015,0 days 00:00:00.011968,0.01435,N95,31,16,1.1x60x0.1,1.4x200x0.071,0.01923413147872363,,,,,,,,,,,,,,,11,FAIL
3085,3085,,,2024-08-29 06:11:01.394010,2024-08-29 06:11:01.404980,0 days 00:00:00.010970,0.01435,N95,22,23,1.1x60x0.1,1.1x60x0.1,0.01166762831513569,,,,,,,,,,,,,,,11,FAIL
3086,3086,,,2024-08-29 06:11:01.406974,2024-08-29 06:11:01.416949,0 days 00:00:00.009975,0.012,N95,18,16,1.1x60x0.1,1.1x60x0.1,0.005175945704321656,,,,,,,,,,,,,,,11,FAIL
3087,3087,4.0940063757175853e-05,117.64946224214255,2024-08-29 06:11:01.417945,2024-08-29 06:11:01.629380,0 days 00:00:00.211435,0.01435,N95,23,20,1.1x60x0.1,1.1x60x0.1,0.022119445317379846,0.00020824822140052364,0.0011957098788199375,3.7605450211454966e-05,0.2325182838533611,0.25502973752457664,0.24309681081462603,4.124625357620995e-05,3.931632757713888e-05,5.0,113.60970646103338,1.395712112227988,2.644043668881184,0.009500000000000001,0.008825,11,COMPLETE
3088,3088,,,2024-08-29 06:11:01.631375,2024-08-29 06:11:01.636362,0 days 00:00:00.004987,0.01345,N95,34,0,1.1x60x0.1,1.1x60x0.1,0.006350653115452649,,,,,,,,,,,,,,,11,FAIL
3089,3089,,,2024-08-29 06:11:01.637360,2024-08-29 06:11:01.643343,0 days 00:00:00.005983,0.01435,N95,0,6,1.1x60x0.1,1.1x60x0.1,0.01272511087093622,,,,,,,,,,,,,,,11,FAIL
3090,3090,,,2024-08-29 06:11:01.643343,2024-08-29 06:11:01.651322,0 days 00:00:00.007979,0.01435,N95,20,11,1.1x60x0.1,1.1x60x0.1,0.013847510634610684,,,,,,,,,,,,,,,11,FAIL
3091,3091,3.956978705388574e-05,52.31889661235612,2024-08-29 06:11:01.652319,2024-08-29 06:11:01.856772,0 days 00:00:00.204453,0.01435,N95,39,23,1.1x60x0.1,1.1x60x0.1,0.01940090838854222,0.0005735520030673641,0.0017604151359143965,2.144811601917549e-05,0.13261586021771274,0.15049452765135674,0.2113885311431531,2.4339653522725416e-05,3.418811093664251e-05,9.0,45.54719589306452,2.0124221153054713,4.759278603986133,0.0108,0.008825,11,COMPLETE
3092,3092,,,2024-08-29 06:11:01.858767,2024-08-29 06:11:01.863753,0 days 00:00:00.004986,0.01435,N95,34,18,1.1x60x0.1,1.1x60x0.1,0.013293809799479294,,,,,,,,,,,,,,,11,FAIL
3093,3093,3.910824523925884e-05,94.56333660527446,2024-08-29 06:11:01.863753,2024-08-29 06:11:02.105108,0 days 00:00:00.241355,0.0149,N95,23,20,1.1x60x0.1,1.1x60x0.1,0.011922203891757443,0.00023146681602528431,0.0012566029363456335,3.7605450211454966e-05,0.21566932258363924,0.23654952986534225,0.2254812982522176,4.124625357620995e-05,3.931632757713888e-05,5.0,89.9332877454635,1.5996549355939647,3.030393924216993,0.0082,0.01105,11,COMPLETE
3094,3094,,,2024-08-29 06:11:02.107103,2024-08-29 06:11:02.121065,0 days 00:00:00.013962,0.01435,N95,39,23,1.4x200x0.071,1.1x60x0.1,0.010355718992143765,,,,,,,,,,,,,,,12,FAIL
3095,3095,,,2024-08-29 06:11:02.123060,2024-08-29 06:11:02.133033,0 days 00:00:00.009973,0.012,N95,23,12,1.1x60x0.1,1.1x60x0.1,0.010685504030532578,,,,,,,,,,,,,,,12,FAIL
3096,3096,3.1902900216267714e-05,106.48973131288139,2024-08-29 06:11:02.135027,2024-08-29 06:11:02.356435,0 days 00:00:00.221408,0.01435,N95,23,16,1.1x60x0.1,1.1x60x0.1,0.014063998943707454,0.00019751702657163248,0.0006533138571469244,3.7605450211454966e-05,0.2325182838533611,0.26116078818512467,0.30387101351828255,4.223783547049466e-05,4.91454094714236e-05,5.0,102.57980921663064,1.2658784273695707,2.644043668881184,0.0082,0.008825,12,COMPLETE
3097,3097,4.092905208077045e-05,106.4525699571256,2024-08-29 06:11:02.357433,2024-08-29 06:11:02.559891,0 days 00:00:00.202458,0.01435,N95,26,21,1.1x60x0.1,1.1x60x0.1,0.020808045817124185,0.00022798555690786118,0.0013056874044952748,3.217217402876327e-05,0.19892379032656934,0.21711008454293046,0.23152077220440578,3.511346436666869e-05,3.744412150203703e-05,6.0,101.75417175738177,1.5255457970864057,3.172852402657422,0.0108,0.008825,12,COMPLETE
3098,3098,,,2024-08-29 06:11:02.560889,2024-08-29 06:11:02.568868,0 days 00:00:00.007979,0.01435,N95,34,8,1.1x60x0.1,1.4x200x0.071,0.012189196085033743,,,,,,,,,,,,,,,12,FAIL
3099,3099,4.245560625466609e-05,70.70329647434497,2024-08-29 06:11:02.570862,2024-08-29 06:11:02.782297,0 days 00:00:00.211435,0.01435,N95,34,23,1.1x60x0.1,1.1x60x0.1,0.022388364204164395,0.00040200015879615126,0.0016709731681355863,2.412419716454984e-05,0.14916233930188658,0.16576477254089456,0.2113885311431531,2.680932783991756e-05,3.418811093664251e-05,8.0,64.62269659490262,1.8501300092324493,4.2304698702098955,0.0108,0.008825,12,COMPLETE
3100,3100,,,2024-08-29 06:11:02.784290,2024-08-29 06:11:02.793267,0 days 00:00:00.008977,0.0149,N95,34,20,1.1x60x0.1,1.1x60x0.1,0.008627253030200635,,,,,,,,,,,,,,,12,FAIL
3101,3101,,,2024-08-29 06:11:02.795261,2024-08-29 06:11:02.806233,0 days 00:00:00.010972,0.01435,N95,9,17,1.1x60x0.1,1.4x200x0.071,0.007677983106424229,,,,,,,,,,,,,,,12,FAIL
3102,3102,,,2024-08-29 06:11:02.808227,2024-08-29 06:11:02.819198,0 days 00:00:00.010971,0.01435,N95,34,8,1.1x60x0.1,1.4x200x0.071,0.016404035277068053,,,,,,,,,,,,,,,12,FAIL
3103,3103,3.771211844504018e-05,151.48957112112862,2024-08-29 06:11:02.821193,2024-08-29 06:11:03.062546,0 days 00:00:00.241353,0.01435,N95,22,15,1.1x60x0.1,1.1x60x0.1,0.020077813938448555,0.00015615874677979468,0.0005164216285503456,3.850162050919795e-05,0.23805939500878825,0.2656149599122152,0.3241290810861681,4.295821380092312e-05,5.242177010285185e-05,5.0,147.64456586730708,1.2009615849403619,2.644043668881184,0.0082,0.008825,12,COMPLETE
3104,3104,,,2024-08-29 06:11:03.064541,2024-08-29 06:11:03.073517,0 days 00:00:00.008976,0.01435,N95,33,17,1.1x60x0.1,1.1x60x0.1,0.006299041822384665,,,,,,,,,,,,,,,12,FAIL
3105,3105,,,2024-08-29 06:11:03.075512,2024-08-29 06:11:03.085486,0 days 00:00:00.009974,0.01435,N95,18,16,1.1x60x0.1,1.4x200x0.071,0.011571287722533742,,,,,,,,,,,,,,,12,FAIL
3106,3106,,,2024-08-29 06:11:03.086483,2024-08-29 06:11:03.094461,0 days 00:00:00.007978,0.01435,N95,34,23,1.4x200x0.071,1.1x60x0.1,0.022143487859338305,,,,,,,,,,,,,,,12,FAIL
