,number,values_0,values_1,datetime_start,datetime_complete,duration,params_core_inner_diameter,params_material,params_n_p_bot,params_n_p_top,params_primary_litz_wire,params_secondary_litz_wire,params_window_h_bot,user_attrs_air_gap_bot,user_attrs_air_gap_top,user_attrs_flux_bot_max,user_attrs_flux_density_bot_max,user_attrs_flux_density_mid_max,user_attrs_flux_density_top_max,user_attrs_flux_mid_max,user_attrs_flux_top_max,user_attrs_n_s_bot,user_attrs_p_hyst,user_attrs_primary_litz_wire_loss,user_attrs_secondary_litz_wire_loss,user_attrs_window_h_top,user_attrs_window_w,system_attrs_nsga2:generation,state
3182,3182,,,2024-08-29 06:11:10.411523,2024-08-29 06:11:10.417507,0 days 00:00:00.005984,0.01435,N95,39,21,1.1x60x0.1,1.1x60x0.1,0.015590601720890565,,,,,,,,,,,,,,,12,FAIL
3183,3183,3.480769059221192e-05,136.64742865077926,2024-08-29 06:11:10.418507,2024-08-29 06:11:10.602012,0 days 00:00:00.183505,0.01435,N95,22,16,1.1x60x0.1,1.1x60x0.1,0.017071094086546362,0.00015996160211382806,0.0006064714471951399,3.850162050919795e-05,0.23805939500878825,0.2635712763586992,0.30387101351828255,4.2627686502828214e-05,4.91454094714236e-05,5.0,132.7699649757431,1.2334200061549663,2.644043668881184,0.0082,0.008825,12,COMPLETE
3184,3184,,,2024-08-29 06:11:10.604006,2024-08-29 06:11:10.614977,0 days 00:00:00.010971,0.01435,N95,40,10,1.1x60x0.1,1.1x60x0.1,0.023940089864054673,,,,,,,,,,,,,,,12,FAIL
3185,3185,,,2024-08-29 06:11:10.616971,2024-08-29 06:11:10.623953,0 days 00:00:00.006982,0.01435,N95,23,12,1.1x60x0.1,1.4x200x0.071,0.01140545538341985,,,,,,,,,,,,,,,12,FAIL
3186,3186,3.963986714104099e-05,152.00561449071492,2024-08-29 06:11:10.624950,2024-08-29 06:11:10.838379,0 days 00:00:00.213429,0.01435,N95,22,16,1.1x60x0.1,1.4x200x0.071,0.022073456649318444,0.00015671018902345095,0.0006064714471951399,3.850162050919795e-05,0.23805939500878825,0.2635712763586992,0.30387101351828255,4.2627686502828214e-05,4.91454094714236e-05,5.0,149.27889996366844,1.2334200061549663,1.493294520891507,0.0082,0.008825,12,COMPLETE
3187,3187,3.6470296208982514e-05,197.8090868692489,2024-08-29 06:11:10.839378,2024-08-29 06:11:11.040839,0 days 00:00:00.201461,0.01435,N95,18,15,1.1x60x0.1,1.1x60x0.1,0.018792255556940723,0.0001088612939972514,0.0005246583744754121,4.7697476639721074e-05,0.2949182990774419,0.32316612325531974,0.3241290810861681,5.2266029822287344e-05,5.242177010285185e-05,4.0,194.622724034062,1.0711279000819447,2.1152349351049478,0.0082,0.008825,12,COMPLETE
3188,3188,,,2024-08-29 06:11:11.043833,2024-08-29 06:11:11.051809,0 days 00:00:00.007976,0.01435,N95,34,18,1.1x60x0.1,1.1x60x0.1,0.008571204873400292,,,,,,,,,,,,,,,12,FAIL
3189,3189,,,2024-08-29 06:11:11.053804,2024-08-29 06:11:11.063777,0 days 00:00:00.009973,0.01435,N95,31,15,1.1x60x0.1,1.1x60x0.1,0.015347240031941689,,,,,,,,,,,,,,,12,FAIL
3190,3190,,,2024-08-29 06:11:11.063777,2024-08-29 06:11:11.074748,0 days 00:00:00.010971,0.01435,N95,27,18,1.1x60x0.1,1.4x200x0.071,0.01992609776249142,,,,,,,,,,,,,,,12,FAIL
3191,3191,,,2024-08-29 06:11:11.076743,2024-08-29 06:11:11.081730,0 days 00:00:00.004987,0.01435,N95,34,15,1.1x60x0.1,1.1x60x0.1,0.015608869621315215,,,,,,,,,,,,,,,12,FAIL
3192,3192,4.77176794079502e-05,108.08852659080833,2024-08-29 06:11:11.082727,2024-08-29 06:11:11.288176,0 days 00:00:00.205449,0.0149,N95,23,23,1.1x60x0.1,1.1x60x0.1,0.018812086445212126,0.00024076120355478905,0.0018319223496539921,3.7605450211454966e-05,0.21566932258363924,0.23358251597138127,0.19607069413236314,4.072890650093097e-05,3.418811093664251e-05,5.0,103.34687389828152,1.7112587683098224,3.030393924216993,0.0082,0.01105,12,COMPLETE
3193,3193,,,2024-08-29 06:11:11.290172,2024-08-29 06:11:11.297153,0 days 00:00:00.006981,0.01345,N95,18,16,1.1x60x0.1,1.1x60x0.1,0.011429915265523824,,,,,,,,,,,,,,,12,FAIL
3194,3194,,,2024-08-29 06:11:11.298151,2024-08-29 06:11:11.306129,0 days 00:00:00.007978,0.01345,N95,23,23,1.1x60x0.1,1.1x60x0.1,0.006304211102351742,,,,,,,,,,,,,,,12,FAIL
3195,3195,3.0371974163014983e-05,200.22522322055957,2024-08-29 06:11:11.307127,2024-08-29 06:11:11.512576,0 days 00:00:00.205449,0.01435,N95,18,12,1.1x60x0.1,1.1x60x0.1,0.013779154702654287,0.00010576484277497773,0.000306709972857329,4.7697476639721074e-05,0.2949182990774419,0.33134085746938374,0.40516135135771003,5.358813901466696e-05,6.552721262856479e-05,4.0,197.1362356490165,0.9737526364381314,2.1152349351049478,0.006900000000000001,0.008825,12,COMPLETE
3196,3196,,,2024-08-29 06:11:11.514571,2024-08-29 06:11:11.521553,0 days 00:00:00.006982,0.01435,N95,22,16,1.1x60x0.1,1.1x60x0.1,0.007774262706358863,,,,,,,,,,,,,,,12,FAIL
3197,3197,,,2024-08-29 06:11:11.522551,2024-08-29 06:11:11.529532,0 days 00:00:00.006981,0.01435,N95,30,16,1.1x60x0.1,1.1x60x0.1,0.009241385238679156,,,,,,,,,,,,,,,12,FAIL
3198,3198,,,2024-08-29 06:11:11.531526,2024-08-29 06:11:11.540503,0 days 00:00:00.008977,0.01435,N95,34,8,1.1x60x0.1,1.1x60x0.1,0.010281244338125125,,,,,,,,,,,,,,,12,FAIL
3199,3199,,,2024-08-29 06:11:11.541500,2024-08-29 06:11:11.546486,0 days 00:00:00.004986,0.01435,N95,34,18,1.1x60x0.1,1.1x60x0.1,0.008292819248088074,,,,,,,,,,,,,,,12,FAIL
3200,3200,,,2024-08-29 06:11:11.548481,2024-08-29 06:11:11.556459,0 days 00:00:00.007978,0.01435,N95,18,15,1.1x60x0.1,1.4x200x0.071,0.013060564664904939,,,,,,,,,,,,,,,12,FAIL
3201,3201,,,2024-08-29 06:11:11.556459,2024-08-29 06:11:11.562443,0 days 00:00:00.005984,0.01435,N95,4,20,1.1x60x0.1,1.1x60x0.1,0.010820071064851045,,,,,,,,,,,,,,,12,FAIL
3202,3202,,,2024-08-29 06:11:11.563440,2024-08-29 06:11:11.567429,0 days 00:00:00.003989,0.01435,N95,22,17,1.1x60x0.1,1.1x60x0.1,0.007690720563325334,,,,,,,,,,,,,,,12,FAIL
3203,3203,,,2024-08-29 06:11:11.568428,2024-08-29 06:11:11.572416,0 days 00:00:00.003988,0.01435,N95,34,18,1.1x60x0.1,1.1x60x0.1,0.009262229835556874,,,,,,,,,,,,,,,12,FAIL
3204,3204,,,2024-08-29 06:11:11.573414,2024-08-29 06:11:11.578400,0 days 00:00:00.004986,0.01435,N95,34,23,1.1x60x0.1,1.1x60x0.1,0.01611243750369752,,,,,,,,,,,,,,,12,FAIL
3205,3205,3.1492612600328804e-05,137.12551536583493,2024-08-29 06:11:11.579398,2024-08-29 06:11:11.745958,0 days 00:00:00.166560,0.01435,N95,22,14,1.1x60x0.1,1.1x60x0.1,0.013639261273383885,0.00015834254018139003,0.00043638113828580903,3.850162050919795e-05,0.23805939500878825,0.2679505982590907,0.3472811583066086,4.333595928446015e-05,5.616618225305554e-05,5.0,133.312968533228,1.168503163725758,2.644043668881184,0.0082,0.008825,12,COMPLETE
3206,3206,,,2024-08-29 06:11:11.746949,2024-08-29 06:11:11.757920,0 days 00:00:00.010971,0.01435,N95,23,17,1.1x60x0.1,1.1x60x0.1,0.006333561920911121,,,,,,,,,,,,,,,12,FAIL
3207,3207,3.204873814656699e-05,106.8799329486258,2024-08-29 06:11:11.758918,2024-08-29 06:11:11.972346,0 days 00:00:00.213428,0.01435,N95,23,16,1.1x60x0.1,1.1x60x0.1,0.014214973188002817,0.00019743730751984814,0.0006533138571469244,3.7605450211454966e-05,0.2325182838533611,0.26116078818512467,0.30387101351828255,4.223783547049466e-05,4.91454094714236e-05,5.0,102.97001085237504,1.2658784273695707,2.644043668881184,0.0082,0.008825,12,COMPLETE
3208,3208,,,2024-08-29 06:11:11.974346,2024-08-29 06:11:11.981322,0 days 00:00:00.006976,0.01345,N95,23,17,1.1x60x0.1,1.1x60x0.1,0.011390588218811004,,,,,,,,,,,,,,,12,FAIL
3209,3209,,,2024-08-29 06:11:11.982326,2024-08-29 06:11:11.988305,0 days 00:00:00.005979,0.01435,N95,23,1,1.4x200x0.071,1.4x200x0.071,0.013908977459515103,,,,,,,,,,,,,,,12,FAIL
3210,3210,4.820633032156011e-05,126.09221414305041,2024-08-29 06:11:11.990297,2024-08-29 06:11:12.199739,0 days 00:00:00.209442,0.01435,N95,23,21,1.4x200x0.071,1.1x60x0.1,0.024941624911916045,0.00021037399987490355,0.0015278057427299651,3.7605450211454966e-05,0.2325182838533611,0.2538619183511389,0.23152077220440578,4.105738083444143e-05,3.744412150203703e-05,5.0,122.64157289123636,0.8065975829328711,2.644043668881184,0.0142,0.008825,12,COMPLETE
3211,3211,,,2024-08-29 06:11:12.201733,2024-08-29 06:11:12.208714,0 days 00:00:00.006981,0.01435,N95,26,12,1.1x60x0.1,1.1x60x0.1,0.010576844096750658,,,,,,,,,,,,,,,12,FAIL
3212,3212,,,2024-08-29 06:11:12.209712,2024-08-29 06:11:12.215695,0 days 00:00:00.005983,0.0149,N95,3,15,1.1x60x0.1,1.1x60x0.1,0.005296039685378887,,,,,,,,,,,,,,,12,FAIL
3213,3213,3.685133529190269e-05,84.24453625369327,2024-08-29 06:11:12.216693,2024-08-29 06:11:12.437103,0 days 00:00:00.220410,0.01435,N95,31,16,1.1x60x0.1,1.1x60x0.1,0.01918671458054879,0.0003373645581555871,0.0006344312686348025,2.7446998889213458e-05,0.16970755682379857,0.19701333090725454,0.30387101351828255,3.1863193223540415e-05,4.91454094714236e-05,7.0,79.0173293201732,1.5255457970864057,3.7016611364336582,0.0082,0.008825,12,COMPLETE
3214,3214,,,2024-08-29 06:11:12.439099,2024-08-29 06:11:12.447077,0 days 00:00:00.007978,0.0149,N95,23,17,1.1x60x0.1,1.1x60x0.1,0.006008630697632409,,,,,,,,,,,,,,,12,FAIL
3215,3215,4.338515497426214e-05,135.65939384184213,2024-08-29 06:11:12.448074,2024-08-29 06:11:12.653525,0 days 00:00:00.205451,0.0149,N95,22,16,1.1x60x0.1,1.4x200x0.071,0.01664489174655973,0.0001738500526485601,0.0006462137876986081,3.850162050919795e-05,0.2208089084667231,0.24447212357990286,0.281851622815272,4.2627686502828214e-05,4.91454094714236e-05,5.0,132.4606963601205,1.4136485477342011,1.7850489339874525,0.006900000000000001,0.01105,12,COMPLETE
3216,3216,,,2024-08-29 06:11:12.654522,2024-08-29 06:11:12.659509,0 days 00:00:00.004987,0.01435,N95,34,18,1.1x60x0.1,1.1x60x0.1,0.007982604273492113,,,,,,,,,,,,,,,12,FAIL
3217,3217,,,2024-08-29 06:11:12.659509,2024-08-29 06:11:12.666490,0 days 00:00:00.006981,0.0149,N95,24,17,1.1x60x0.1,1.1x60x0.1,0.01118074239811883,,,,,,,,,,,,,,,12,FAIL
3218,3218,,,2024-08-29 06:11:12.667487,2024-08-29 06:11:12.672474,0 days 00:00:00.004987,0.01435,N95,34,17,1.1x60x0.1,1.1x60x0.1,0.011229779113789005,,,,,,,,,,,,,,,12,FAIL
3219,3219,,,2024-08-29 06:11:12.673472,2024-08-29 06:11:12.677460,0 days 00:00:00.003988,0.01435,N95,31,15,1.1x60x0.1,1.1x60x0.1,0.009639169573479574,,,,,,,,,,,,,,,12,FAIL
3220,3220,4.390344634348956e-05,192.39691657844995,2024-08-29 06:11:12.678459,2024-08-29 06:11:12.894879,0 days 00:00:00.216420,0.0149,N95,18,15,1.1x60x0.1,1.1x60x0.1,0.01705966542302643,0.00011957914027768183,0.0005606339820260741,4.7697476639721074e-05,0.27354764849229546,0.2997485519392981,0.3006417310029569,5.2266029822287344e-05,5.242177010285185e-05,4.0,188.7449592792019,1.227642159874438,2.4243151393735944,0.006900000000000001,0.01105,12,COMPLETE
3221,3221,,,2024-08-29 06:11:12.896874,2024-08-29 06:11:12.904854,0 days 00:00:00.007980,0.01435,N95,34,18,1.1x60x0.1,1.1x60x0.1,0.016880267759576267,,,,,,,,,,,,,,,12,FAIL
3222,3222,3.414339189338959e-05,105.35664818688025,2024-08-29 06:11:12.904854,2024-08-29 06:11:13.128254,0 days 00:00:00.223400,0.01435,N95,26,16,1.1x60x0.1,1.1x60x0.1,0.016383399233531874,0.00022260557302132463,0.0005972485394463697,3.217217402876327e-05,0.19892379032656934,0.2244089543769162,0.30387101351828255,3.629391900272192e-05,4.91454094714236e-05,6.0,100.82054209320944,1.363253691013384,3.172852402657422,0.0082,0.008825,12,COMPLETE
3223,3223,4.449411719844765e-05,151.25404635084448,2024-08-29 06:11:13.130249,2024-08-29 06:11:13.355647,0 days 00:00:00.225398,0.01435,N95,23,14,1.4x200x0.071,1.1x60x0.1,0.024298670134821065,0.0001836801023785162,0.000482936020724101,3.7605450211454966e-05,0.2325182838533611,0.2655401100855161,0.3472811583066086,4.29461082521266e-05,5.616618225305554e-05,5.0,147.93172744176974,0.6782752401935507,2.644043668881184,0.011,0.008825,12,COMPLETE
3224,3224,,,2024-08-29 06:11:13.356653,2024-08-29 06:11:13.361631,0 days 00:00:00.004978,0.01435,N95,18,16,1.1x60x0.1,1.1x60x0.1,0.00975192470012922,,,,,,,,,,,,,,,12,FAIL
3225,3225,3.320948400639415e-05,131.18730181163065,2024-08-29 06:11:13.362629,2024-08-29 06:11:13.603982,0 days 00:00:00.241353,0.01435,N95,22,16,1.1x60x0.1,1.1x60x0.1,0.015416599737740346,0.00016098783545493187,0.0006064714471951399,3.850162050919795e-05,0.23805939500878825,0.2635712763586992,0.30387101351828255,4.2627686502828214e-05,4.91454094714236e-05,5.0,127.3098381365945,1.2334200061549663,2.644043668881184,0.0082,0.008825,12,COMPLETE
3226,3226,,,2024-08-29 06:11:13.604979,2024-08-29 06:11:13.613955,0 days 00:00:00.008976,0.01435,N95,4,10,1.1x60x0.1,1.1x60x0.1,0.022376560894611083,,,,,,,,,,,,,,,12,FAIL
3227,3227,4.089609369189099e-05,111.68997205974604,2024-08-29 06:11:13.614953,2024-08-29 06:11:13.836360,0 days 00:00:00.221407,0.01435,N95,26,19,1.1x60x0.1,1.1x60x0.1,0.022073926655915184,0.00022409867471127374,0.0009568675715486862,3.217217402876327e-05,0.19892379032656934,0.21956865122385197,0.25589137980486953,3.551109119144451e-05,4.1385607975935666e-05,6.0,107.05649070243142,1.460628954657197,3.172852402657422,0.009500000000000001,0.008825,12,COMPLETE
3228,3228,,,2024-08-29 06:11:13.837359,2024-08-29 06:11:13.846332,0 days 00:00:00.008973,0.01435,N95,30,12,1.1x60x0.1,1.4x200x0.071,0.02209255643094704,,,,,,,,,,,,,,,12,FAIL
3229,3229,,,2024-08-29 06:11:13.848329,2024-08-29 06:11:13.855309,0 days 00:00:00.006980,0.01435,N95,22,8,1.1x60x0.1,1.1x60x0.1,0.01109152897069189,,,,,,,,,,,,,,,12,FAIL
3230,3230,,,2024-08-29 06:11:13.856306,2024-08-29 06:11:13.863288,0 days 00:00:00.006982,0.01435,N95,34,16,1.1x60x0.1,1.1x60x0.1,0.017087183507945844,,,,,,,,,,,,,,,12,FAIL
3231,3231,,,2024-08-29 06:11:13.864285,2024-08-29 06:11:13.874259,0 days 00:00:00.009974,0.01435,N95,23,21,1.1x60x0.1,1.1x60x0.1,0.007405949756957048,,,,,,,,,,,,,,,12,FAIL
3232,3232,,,2024-08-29 06:11:13.875256,2024-08-29 06:11:13.879246,0 days 00:00:00.003990,0.01435,N95,23,16,1.1x60x0.1,1.1x60x0.1,0.0063066524769976985,,,,,,,,,,,,,,,12,FAIL
3233,3233,,,2024-08-29 06:11:13.880244,2024-08-29 06:11:13.888222,0 days 00:00:00.007978,0.01435,N95,26,0,1.1x60x0.1,1.4x200x0.071,0.01763337445565049,,,,,,,,,,,,,,,12,FAIL
3234,3234,,,2024-08-29 06:11:13.889219,2024-08-29 06:11:13.899193,0 days 00:00:00.009974,0.01435,N95,34,12,1.1x60x0.1,1.1x60x0.1,0.00907380713928928,,,,,,,,,,,,,,,12,FAIL
3235,3235,3.7517370034133495e-05,273.81308924686226,2024-08-29 06:11:13.900190,2024-08-29 06:11:14.118605,0 days 00:00:00.218415,0.01435,N95,23,9,1.1x60x0.1,1.1x60x0.1,0.021176206619255095,0.00016670923588027247,0.00017659980383933046,3.7605450211454966e-05,0.2325182838533611,0.4283046657741702,0.5402151351436133,6.927020756037459e-05,8.736961683808638e-05,5.0,270.13037609911373,1.03866947886734,2.644043668881184,0.006900000000000001,0.008825,12,COMPLETE
3236,3236,,,2024-08-29 06:11:14.119603,2024-08-29 06:11:14.127581,0 days 00:00:00.007978,0.01435,N95,23,16,1.1x60x0.1,1.4x200x0.071,0.010920191829379148,,,,,,,,,,,,,,,13,FAIL
3237,3237,,,2024-08-29 06:11:14.128579,2024-08-29 06:11:14.133565,0 days 00:00:00.004986,0.01435,N95,39,21,1.1x60x0.1,1.1x60x0.1,0.01544366529269122,,,,,,,,,,,,,,,13,FAIL
3238,3238,3.0869390243824884e-05,103.72450688584227,2024-08-29 06:11:14.134563,2024-08-29 06:11:14.332035,0 days 00:00:00.197472,0.01435,N95,23,16,1.1x60x0.1,1.1x60x0.1,0.012994089443887455,0.0001980677766243341,0.0006533138571469244,3.7605450211454966e-05,0.2325182838533611,0.26116078818512467,0.30387101351828255,4.223783547049466e-05,4.91454094714236e-05,5.0,99.81458478959152,1.2658784273695707,2.644043668881184,0.0082,0.008825,13,COMPLETE
3239,3239,3.968608264105462e-05,153.31425842717127,2024-08-29 06:11:14.334030,2024-08-29 06:11:14.547458,0 days 00:00:00.213428,0.01435,N95,22,16,1.1x60x0.1,1.1x60x0.1,0.022121299828215542,0.00015667823793198945,0.0006064714471951399,3.850162050919795e-05,0.23805939500878825,0.2635712763586992,0.30387101351828255,4.2627686502828214e-05,4.91454094714236e-05,5.0,149.4367947521351,1.2334200061549663,2.644043668881184,0.0082,0.008825,13,COMPLETE
3240,3240,,,2024-08-29 06:11:14.549454,2024-08-29 06:11:14.560423,0 days 00:00:00.010969,0.01435,N95,4,16,1.1x60x0.1,1.1x60x0.1,0.013701800568597548,,,,,,,,,,,,,,,13,FAIL
3241,3241,,,2024-08-29 06:11:14.561420,2024-08-29 06:11:14.568402,0 days 00:00:00.006982,0.01435,N95,31,15,1.1x60x0.1,1.4x200x0.071,0.021222760902072195,,,,,,,,,,,,,,,13,FAIL
3242,3242,3.089737897424611e-05,330.5467995066106,2024-08-29 06:11:14.570397,2024-08-29 06:11:14.773852,0 days 00:00:00.203455,0.01435,N95,23,8,1.1x60x0.1,1.1x60x0.1,0.015623063918603733,0.00016646100812276132,0.00013842007678028216,3.7605450211454966e-05,0.2325182838533611,0.4957456812691287,0.6077420270365651,8.017752077624651e-05,9.82908189428472e-05,5.0,326.8965447800767,1.0062110576527357,2.644043668881184,0.005600000000000001,0.008825,13,COMPLETE
3243,3243,3.2335742797517106e-05,177.8064719436222,2024-08-29 06:11:14.775847,2024-08-29 06:11:15.001244,0 days 00:00:00.225397,0.01435,N95,18,15,1.1x60x0.1,1.1x60x0.1,0.014512085950077339,0.00011173716190398225,0.0005246583744754121,4.7697476639721074e-05,0.2949182990774419,0.32316612325531974,0.3241290810861681,5.2266029822287344e-05,5.242177010285185e-05,4.0,174.62010910843532,1.0711279000819447,2.1152349351049478,0.0082,0.008825,13,COMPLETE
3244,3244,4.001653816618613e-05,95.55285369782206,2024-08-29 06:11:15.002242,2024-08-29 06:11:15.209686,0 days 00:00:00.207444,0.01435,N95,27,18,1.1x60x0.1,1.4x200x0.071,0.02116339377508916,0.00026397913274228625,0.0008873596840929406,3.179831775981402e-05,0.19661219938496108,0.220893904979589,0.27010756757180665,3.5725426009777945e-05,4.368480841904319e-05,6.0,92.30027131809506,1.460628954657197,1.7919534250698081,0.009500000000000001,0.008825,13,COMPLETE
3245,3245,,,2024-08-29 06:11:15.210684,2024-08-29 06:11:15.219660,0 days 00:00:00.008976,0.01435,N95,39,15,1.1x60x0.1,1.1x60x0.1,0.009028725967922157,,,,,,,,,,,,,,,13,FAIL
3246,3246,,,2024-08-29 06:11:15.220657,2024-08-29 06:11:15.224647,0 days 00:00:00.003990,0.01435,N95,34,17,1.1x60x0.1,1.1x60x0.1,0.0066662147496182825,,,,,,,,,,,,,,,13,FAIL
3247,3247,,,2024-08-29 06:11:15.225644,2024-08-29 06:11:15.234620,0 days 00:00:00.008976,0.01345,N95,34,16,1.1x60x0.1,1.1x60x0.1,0.00736256853646362,,,,,,,,,,,,,,,13,FAIL
3248,3248,3.828410215672749e-05,99.82472681089801,2024-08-29 06:11:15.236615,2024-08-29 06:11:15.436081,0 days 00:00:00.199466,0.01435,N95,26,21,1.1x60x0.1,1.1x60x0.1,0.018069942532457264,0.00022950977670436803,0.0013056874044952748,3.217217402876327e-05,0.19892379032656934,0.21711008454293046,0.23152077220440578,3.511346436666869e-05,3.744412150203703e-05,6.0,95.12632861115418,1.5255457970864057,3.172852402657422,0.0108,0.008825,13,COMPLETE
3249,3249,,,2024-08-29 06:11:15.439073,2024-08-29 06:11:15.444059,0 days 00:00:00.004986,0.01435,N95,34,17,1.1x60x0.1,1.1x60x0.1,0.008166247697153885,,,,,,,,,,,,,,,13,FAIL
3250,3250,2.9517416378382137e-05,170.90017586289008,2024-08-29 06:11:15.445057,2024-08-29 06:11:15.680427,0 days 00:00:00.235370,0.01435,N95,18,14,1.1x60x0.1,1.1x60x0.1,0.011594499966558466,0.00011147805990955715,0.0004436730499310024,4.7697476639721074e-05,0.2949182990774419,0.3255017616021952,0.3472811583066086,5.264377530582438e-05,5.616618225305554e-05,4.0,167.74627144891778,1.03866947886734,2.1152349351049478,0.0082,0.008825,13,COMPLETE
3251,3251,,,2024-08-29 06:11:15.682422,2024-08-29 06:11:15.691399,0 days 00:00:00.008977,0.01435,N95,39,23,1.1x60x0.1,1.1x60x0.1,0.009484695737350458,,,,,,,,,,,,,,,13,FAIL
3252,3252,3.4997235164009716e-05,127.76046373098885,2024-08-29 06:11:15.692396,2024-08-29 06:11:15.904827,0 days 00:00:00.212431,0.01435,N95,23,14,1.1x60x0.1,1.1x60x0.1,0.01726731429091114,0.00018810869591735346,0.0004732077210331388,3.7605450211454966e-05,0.2325182838533611,0.2655401100855161,0.3472811583066086,4.29461082521266e-05,5.616618225305554e-05,5.0,123.9154584771673,1.2009615849403619,2.644043668881184,0.0082,0.008825,13,COMPLETE
3253,3253,,,2024-08-29 06:11:15.906822,2024-08-29 06:11:15.917792,0 days 00:00:00.010970,0.01435,N95,28,21,1.1x60x0.1,1.1x60x0.1,0.010397138474288754,,,,,,,,,,,,,,,13,FAIL
3254,3254,3.778919447783035e-05,63.71556180197352,2024-08-29 06:11:15.919787,2024-08-29 06:11:16.147387,0 days 00:00:00.227600,0.01435,N95,34,23,1.1x60x0.1,1.1x60x0.1,0.017557604537368203,0.00040263142253777525,0.0016709731681355863,2.412419716454984e-05,0.14916233930188658,0.16576477254089456,0.2113885311431531,2.680932783991756e-05,3.418811093664251e-05,8.0,57.634961922531176,1.8501300092324493,4.2304698702098955,0.0108,0.008825,13,COMPLETE
3255,3255,3.345521906126644e-05,183.22237887918507,2024-08-29 06:11:16.149381,2024-08-29 06:11:16.362875,0 days 00:00:00.213494,0.01435,N95,18,15,1.1x60x0.1,1.1x60x0.1,0.015670989416269737,0.00011096844186655116,0.0005246583744754121,4.7697476639721074e-05,0.2949182990774419,0.32316612325531974,0.3241290810861681,5.2266029822287344e-05,5.242177010285185e-05,4.0,180.0360160439982,1.0711279000819447,2.1152349351049478,0.0082,0.008825,13,COMPLETE
3256,3256,,,2024-08-29 06:11:16.365867,2024-08-29 06:11:16.377836,0 days 00:00:00.011969,0.01435,N95,15,18,1.1x60x0.1,1.1x60x0.1,0.008876411389455817,,,,,,,,,,,,,,,13,FAIL
3257,3257,,,2024-08-29 06:11:16.378833,2024-08-29 06:11:16.388806,0 days 00:00:00.009973,0.01435,N95,23,15,1.1x60x0.1,1.4x200x0.071,0.01440057612718543,,,,,,,,,,,,,,,13,FAIL
3258,3258,,,2024-08-29 06:11:16.390801,2024-08-29 06:11:16.402768,0 days 00:00:00.011967,0.01435,N95,10,17,1.4x200x0.071,1.1x60x0.1,0.02405663122526503,,,,,,,,,,,,,,,13,FAIL
3259,3259,,,2024-08-29 06:11:16.404763,2024-08-29 06:11:16.412742,0 days 00:00:00.007979,0.01435,N95,23,22,1.1x60x0.1,1.1x60x0.1,0.009872283898443444,,,,,,,,,,,,,,,13,FAIL
3260,3260,,,2024-08-29 06:11:16.413738,2024-08-29 06:11:16.420720,0 days 00:00:00.006982,0.01435,N95,39,22,1.1x60x0.1,1.1x60x0.1,0.008672731570446238,,,,,,,,,,,,,,,13,FAIL
3261,3261,,,2024-08-29 06:11:16.421718,2024-08-29 06:11:16.429696,0 days 00:00:00.007978,0.01435,N95,39,23,1.1x60x0.1,1.1x60x0.1,0.014145173244971738,,,,,,,,,,,,,,,13,FAIL
3262,3262,,,2024-08-29 06:11:16.430694,2024-08-29 06:11:16.439671,0 days 00:00:00.008977,0.01435,N95,39,23,1.1x60x0.1,1.1x60x0.1,0.008450388270286675,,,,,,,,,,,,,,,13,FAIL
3263,3263,,,2024-08-29 06:11:16.440668,2024-08-29 06:11:16.448645,0 days 00:00:00.007977,0.01435,N95,23,5,1.1x60x0.1,1.1x60x0.1,0.020497432539809263,,,,,,,,,,,,,,,13,FAIL
