,number,values_0,values_1,datetime_start,datetime_complete,duration,params_core_inner_diameter,params_material,params_n_p_bot,params_n_p_top,params_primary_litz_wire,params_secondary_litz_wire,params_window_h_bot,user_attrs_air_gap_bot,user_attrs_air_gap_top,user_attrs_flux_bot_max,user_attrs_flux_density_bot_max,user_attrs_flux_density_mid_max,user_attrs_flux_density_top_max,user_attrs_flux_mid_max,user_attrs_flux_top_max,user_attrs_n_s_bot,user_attrs_p_hyst,user_attrs_primary_litz_wire_loss,user_attrs_secondary_litz_wire_loss,user_attrs_window_h_top,user_attrs_window_w,system_attrs_nsga2:generation,state
4903,4903,,,2024-08-29 06:13:33.121723,2024-08-29 06:13:33.133691,0 days 00:00:00.011968,0.01435,N95,22,5,1.1x60x0.1,1.1x60x0.1,0.012395763656635125,,,,,,,,,,,,,,,24,FAIL
4904,4904,,,2024-08-29 06:13:33.135686,2024-08-29 06:13:33.147653,0 days 00:00:00.011967,0.0149,N95,3,17,1.4x200x0.071,1.1x60x0.1,0.01985612828161341,,,,,,,,,,,,,,,24,FAIL
4905,4905,4.5059787440412826e-05,343.4888572598004,2024-08-29 06:13:33.149647,2024-08-29 06:13:33.365071,0 days 00:00:00.215424,0.0149,N95,22,8,1.1x60x0.1,1.1x60x0.1,0.019285051945930203,0.00015609047644683704,0.00013281108956133083,3.850162050919795e-05,0.2208089084667231,0.40210744605573323,0.563703245630544,7.011396596027193e-05,9.82908189428472e-05,5.0,339.3424250084248,1.1160383271585799,3.030393924216993,0.005600000000000001,0.01105,24,COMPLETE
4906,4906,,,2024-08-29 06:13:33.367066,2024-08-29 06:13:33.381140,0 days 00:00:00.014074,0.0149,N95,23,12,1.1x60x0.1,1.1x60x0.1,0.005730916290950714,,,,,,,,,,,,,,,24,FAIL
4907,4907,3.288535826619535e-05,334.5228406061818,2024-08-29 06:13:33.383135,2024-08-29 06:13:33.592718,0 days 00:00:00.209583,0.01435,N95,22,8,1.1x60x0.1,1.4x200x0.071,0.01768105850657524,0.0001447095884799216,0.00012280677585696146,3.850162050919795e-05,0.23805939500878825,0.4335217088896713,0.6077420270365651,7.011396596027193e-05,9.82908189428472e-05,5.0,332.05579344885217,0.9737526364381314,1.493294520891507,0.005600000000000001,0.008825,24,COMPLETE
4908,4908,,,2024-08-29 06:13:33.593715,2024-08-29 06:13:33.600697,0 days 00:00:00.006982,0.01435,N95,34,15,1.1x60x0.1,1.1x60x0.1,0.014163236386495314,,,,,,,,,,,,,,,24,FAIL
4909,4909,3.272912860011014e-05,149.02256824168037,2024-08-29 06:13:33.601695,2024-08-29 06:13:33.813128,0 days 00:00:00.211433,0.01435,N95,23,12,1.1x60x0.1,1.1x60x0.1,0.016219326536536106,0.00018114418305400977,0.00032911264543173427,3.7605450211454966e-05,0.2325182838533611,0.2934226347842534,0.40516135135771003,4.745558112863077e-05,6.552721262856479e-05,5.0,145.24247983028803,1.1360447425111533,2.644043668881184,0.006900000000000001,0.008825,24,COMPLETE
4910,4910,,,2024-08-29 06:13:33.817117,2024-08-29 06:13:33.830083,0 days 00:00:00.012966,0.01435,N95,34,23,1.1x60x0.1,1.1x60x0.1,0.006565696838520785,,,,,,,,,,,,,,,24,FAIL
4911,4911,3.647582850504082e-05,148.66891831543322,2024-08-29 06:13:33.833076,2024-08-29 06:13:34.033539,0 days 00:00:00.200463,0.01435,N95,26,12,1.1x60x0.1,1.1x60x0.1,0.020097982696752066,0.00021432171837411262,0.00029565163374893665,3.217217402876327e-05,0.19892379032656934,0.24285573640879518,0.40516135135771003,3.927733833545221e-05,6.552721262856479e-05,6.0,144.26264590662083,1.2334200061549663,3.172852402657422,0.006900000000000001,0.008825,24,COMPLETE
4912,4912,4.244311845094477e-05,127.82951242278563,2024-08-29 06:13:34.036531,2024-08-29 06:13:34.230118,0 days 00:00:00.193587,0.01435,N95,23,17,1.1x60x0.1,1.4x200x0.071,0.023675436588379756,0.0001956359204248296,0.000775060706009103,3.7605450211454966e-05,0.2325182838533611,0.2593575379908458,0.2859962480172071,4.194619373688151e-05,4.625450303192809e-05,5.0,125.03788105330995,1.2983368485841749,1.493294520891507,0.009500000000000001,0.008825,24,COMPLETE
4913,4913,3.926433095316225e-05,87.74826328255135,2024-08-29 06:13:34.233186,2024-08-29 06:13:34.474541,0 days 00:00:00.241355,0.0149,N95,27,16,1.1x60x0.1,1.1x60x0.1,0.01334711479948903,0.00028191406617935504,0.000685148416101172,3.179831775981402e-05,0.1823650989948635,0.20804660086966464,0.281851622815272,3.627630483993612e-05,4.91454094714236e-05,6.0,82.512135637897,1.5996549355939647,3.6364727090603917,0.006900000000000001,0.01105,25,COMPLETE
4914,4914,,,2024-08-29 06:13:34.476536,2024-08-29 06:13:34.486509,0 days 00:00:00.009973,0.01435,N95,35,21,1.1x60x0.1,1.1x60x0.1,0.01216542883268002,,,,,,,,,,,,,,,25,FAIL
4915,4915,,,2024-08-29 06:13:34.487507,2024-08-29 06:13:34.503463,0 days 00:00:00.015956,0.01435,N95,22,14,1.1x60x0.1,1.1x60x0.1,0.006696734637483895,,,,,,,,,,,,,,,25,FAIL
4916,4916,4.226465554900655e-05,139.53448687616734,2024-08-29 06:13:34.506455,2024-08-29 06:13:34.696946,0 days 00:00:00.190491,0.01435,N95,23,15,1.1x60x0.1,1.1x60x0.1,0.02479068834284727,0.00018719694550780577,0.000558029934821185,3.7605450211454966e-05,0.2325182838533611,0.26320447173864064,0.3241290810861681,4.2568362768589565e-05,5.242177010285185e-05,5.0,135.65702320113118,1.2334200061549663,2.644043668881184,0.0082,0.008825,25,COMPLETE
4917,4917,3.6761258502712856e-05,119.48894568371288,2024-08-29 06:13:34.699938,2024-08-29 06:13:34.925527,0 days 00:00:00.225589,0.01435,N95,23,16,1.1x60x0.1,1.1x60x0.1,0.019093465347317207,0.00019465342513937613,0.0006533138571469244,3.7605450211454966e-05,0.2325182838533611,0.26116078818512467,0.30387101351828255,4.223783547049466e-05,4.91454094714236e-05,5.0,115.57902358746213,1.2658784273695707,2.644043668881184,0.0082,0.008825,25,COMPLETE
4918,4918,,,2024-08-29 06:13:34.927588,2024-08-29 06:13:34.941551,0 days 00:00:00.013963,0.01435,N95,34,21,1.1x60x0.1,1.1x60x0.1,0.013409972218881544,,,,,,,,,,,,,,,25,FAIL
4919,4919,,,2024-08-29 06:13:34.943546,2024-08-29 06:13:34.953519,0 days 00:00:00.009973,0.01435,N95,31,21,1.1x60x0.1,1.1x60x0.1,0.0067885863804478565,,,,,,,,,,,,,,,25,FAIL
4920,4920,,,2024-08-29 06:13:34.955514,2024-08-29 06:13:34.965487,0 days 00:00:00.009973,0.01435,N95,27,23,1.1x60x0.1,1.1x60x0.1,0.012196307428238101,,,,,,,,,,,,,,,25,FAIL
4921,4921,2.9025425777604916e-05,253.8545660469251,2024-08-29 06:13:34.967482,2024-08-29 06:13:35.176921,0 days 00:00:00.209439,0.01435,N95,22,9,1.1x60x0.1,1.1x60x0.1,0.01238518178712231,0.00014985578221892256,0.00015817190284198027,3.850162050919795e-05,0.23805939500878825,0.36608069339471283,0.5402151351436133,5.920665274440002e-05,8.736961683808638e-05,5.0,250.20431132039118,1.0062110576527357,2.644043668881184,0.006900000000000001,0.008825,25,COMPLETE
4922,4922,,,2024-08-29 06:13:35.178917,2024-08-29 06:13:35.188890,0 days 00:00:00.009973,0.01435,N95,31,21,1.4x200x0.071,1.1x60x0.1,0.009427354676774876,,,,,,,,,,,,,,,25,FAIL
4923,4923,3.760123707154749e-05,103.59991083400172,2024-08-29 06:13:35.191881,2024-08-29 06:13:35.398330,0 days 00:00:00.206449,0.01435,N95,23,22,1.1x60x0.1,1.1x60x0.1,0.01736302739742223,0.00021879497604538538,0.0016223126231755265,3.7605450211454966e-05,0.2325182838533611,0.25280026455710464,0.22099710074056916,4.0885678341924596e-05,3.574211597921717e-05,5.0,99.49523821046334,1.460628954657197,2.644043668881184,0.0108,0.008825,25,COMPLETE
4924,4924,3.684735798468388e-05,66.48021581112047,2024-08-29 06:13:35.400324,2024-08-29 06:13:35.631041,0 days 00:00:00.230717,0.01435,N95,31,23,1.1x60x0.1,1.1x60x0.1,0.016582597195239916,0.00036140697733866984,0.0018059278049162423,2.7446998889213458e-05,0.16970755682379857,0.18768347120642062,0.2113885311431531,3.0354264253976727e-05,3.418811093664251e-05,7.0,61.02579992909818,1.7527547455886363,3.7016611364336582,0.0108,0.008825,25,COMPLETE
4925,4925,,,2024-08-29 06:13:35.633036,2024-08-29 06:13:35.651985,0 days 00:00:00.018949,0.01435,N95,29,21,1.1x60x0.1,1.1x60x0.1,0.016762077231785764,,,,,,,,,,,,,,,25,FAIL
4926,4926,3.5657818931940945e-05,97.4331327469217,2024-08-29 06:13:35.654977,2024-08-29 06:13:35.872395,0 days 00:00:00.217418,0.01435,N95,23,23,1.1x60x0.1,1.1x60x0.1,0.015351163375662578,0.0002237198026757914,0.0018519608078286175,3.7605450211454966e-05,0.2325182838533611,0.25183092848429073,0.2113885311431531,4.072890650093097e-05,3.418811093664251e-05,5.0,93.29600170216872,1.4930873758718013,2.644043668881184,0.0108,0.008825,25,COMPLETE
4927,4927,,,2024-08-29 06:13:35.874390,2024-08-29 06:13:35.885362,0 days 00:00:00.010972,0.01435,N95,25,6,1.1x60x0.1,1.4x200x0.071,0.01088013882415368,,,,,,,,,,,,,,,25,FAIL
4928,4928,4.66461867370094e-05,223.01257209563812,2024-08-29 06:13:35.887356,2024-08-29 06:13:36.104774,0 days 00:00:00.217418,0.01435,N95,18,17,1.4x200x0.071,1.1x60x0.1,0.024926534117727932,0.00010895616467235909,0.0007575682563487949,4.7697476639721074e-05,0.2949182990774419,0.3193191895075249,0.2859962480172071,5.164386079057929e-05,4.625450303192809e-05,4.0,220.25572544683658,0.6416117136966021,2.1152349351049478,0.0126,0.008825,25,COMPLETE
4929,4929,4.0403024889522124e-05,67.6295671138639,2024-08-29 06:13:36.107766,2024-08-29 06:13:36.317899,0 days 00:00:00.210133,0.01435,N95,34,23,1.1x60x0.1,1.1x60x0.1,0.02026349230135118,0.0004023942546330448,0.0016709731681355863,2.412419716454984e-05,0.14916233930188658,0.16576477254089456,0.2113885311431531,2.680932783991756e-05,3.418811093664251e-05,8.0,61.54896723442155,1.8501300092324493,4.2304698702098955,0.0108,0.008825,25,COMPLETE
4930,4930,3.770652648381862e-05,110.82020012408461,2024-08-29 06:13:36.319953,2024-08-29 06:13:36.562415,0 days 00:00:00.242462,0.01435,N95,23,19,1.1x60x0.1,1.1x60x0.1,0.018772025032106964,0.00020638696947337137,0.0010396193713557691,3.7605450211454966e-05,0.2325182838533611,0.25632048503206045,0.25589137980486953,4.145500765921726e-05,4.1385607975935666e-05,5.0,106.81290276419004,1.363253691013384,2.644043668881184,0.009500000000000001,0.008825,25,COMPLETE
4931,4931,,,2024-08-29 06:13:36.564409,2024-08-29 06:13:36.576378,0 days 00:00:00.011969,0.01435,N95,31,23,1.1x60x0.1,1.1x60x0.1,0.013683320171639686,,,,,,,,,,,,,,,25,FAIL
4932,4932,4.0278362543662696e-05,127.74895330236859,2024-08-29 06:13:36.578373,2024-08-29 06:13:36.772853,0 days 00:00:00.194480,0.01435,N95,23,16,1.1x60x0.1,1.4x200x0.071,0.022734439431363294,0.00019238302923914603,0.0006533138571469244,3.7605450211454966e-05,0.2325182838533611,0.26116078818512467,0.30387101351828255,4.223783547049466e-05,4.91454094714236e-05,5.0,124.98978035410751,1.2658784273695707,1.493294520891507,0.0082,0.008825,25,COMPLETE
4933,4933,,,2024-08-29 06:13:36.775844,2024-08-29 06:13:36.790897,0 days 00:00:00.015053,0.01435,N95,17,16,1.1x60x0.1,1.1x60x0.1,0.019096709575087134,,,,,,,,,,,,,,,25,FAIL
4934,4934,,,2024-08-29 06:13:36.792959,2024-08-29 06:13:36.802990,0 days 00:00:00.010031,0.01435,N95,31,23,1.1x60x0.1,1.4x200x0.071,0.014070978717861614,,,,,,,,,,,,,,,25,FAIL
4935,4935,,,2024-08-29 06:13:36.806059,2024-08-29 06:13:36.816134,0 days 00:00:00.010075,0.01435,N95,13,9,1.1x60x0.1,1.1x60x0.1,0.020088638258246014,,,,,,,,,,,,,,,25,FAIL
4936,4936,3.943885190919361e-05,187.0483457567463,2024-08-29 06:13:36.818129,2024-08-29 06:13:37.019644,0 days 00:00:00.201515,0.01435,N95,18,21,1.1x60x0.1,1.1x60x0.1,0.019265361795958016,0.00012158860630659045,0.0013418720270640101,4.7697476639721074e-05,0.2949182990774419,0.31398315818524236,0.23152077220440578,5.078085829076981e-05,3.744412150203703e-05,4.0,183.6672323942718,1.2658784273695707,2.1152349351049478,0.0108,0.008825,25,COMPLETE
4937,4937,,,2024-08-29 06:13:37.022738,2024-08-29 06:13:37.035704,0 days 00:00:00.012966,0.01435,N95,35,25,1.1x60x0.1,1.1x60x0.1,0.01795613013775866,,,,,,,,,,,,,,,25,FAIL
4938,4938,4.25490907179602e-05,70.84329165737792,2024-08-29 06:13:37.036701,2024-08-29 06:13:37.251127,0 days 00:00:00.214426,0.01435,N95,34,23,1.1x60x0.1,1.1x60x0.1,0.022485141127494432,0.00040197846133687646,0.0016709731681355863,2.412419716454984e-05,0.14916233930188658,0.16576477254089456,0.2113885311431531,2.680932783991756e-05,3.418811093664251e-05,8.0,64.76269177793557,1.8501300092324493,4.2304698702098955,0.0108,0.008825,25,COMPLETE
4939,4939,4.0005452901005464e-05,221.64041554418128,2024-08-29 06:13:37.253123,2024-08-29 06:13:37.452590,0 days 00:00:00.199467,0.01435,N95,18,14,1.1x60x0.1,1.1x60x0.1,0.022451918094310977,0.0001041751201104533,0.0004436730499310024,4.7697476639721074e-05,0.2949182990774419,0.3255017616021952,0.3472811583066086,5.264377530582438e-05,5.616618225305554e-05,4.0,218.48651113020898,1.03866947886734,2.1152349351049478,0.0082,0.008825,25,COMPLETE
4940,4940,3.15750907013561e-05,147.42652538381932,2024-08-29 06:13:37.454583,2024-08-29 06:13:37.685065,0 days 00:00:00.230482,0.01435,N95,18,23,1.1x60x0.1,1.1x60x0.1,0.011124644197757272,0.00013121960100649754,0.0017604151359143986,4.7697476639721074e-05,0.2949182990774419,0.31204497883548,0.2113885311431531,5.046739430922621e-05,3.418811093664251e-05,4.0,143.9804951789156,1.3307952697987795,2.1152349351049478,0.0108,0.008825,25,COMPLETE
4941,4941,,,2024-08-29 06:13:37.688123,2024-08-29 06:13:37.700092,0 days 00:00:00.011969,0.01435,N95,18,0,1.4x200x0.071,1.4x200x0.071,0.014533318104546533,,,,,,,,,,,,,,,25,FAIL
4942,4942,,,2024-08-29 06:13:37.701090,2024-08-29 06:13:37.707073,0 days 00:00:00.005983,0.01435,N95,27,23,1.1x60x0.1,1.1x60x0.1,0.01068961458500155,,,,,,,,,,,,,,,25,FAIL
4943,4943,,,2024-08-29 06:13:37.709068,2024-08-29 06:13:37.716049,0 days 00:00:00.006981,0.012,N95,26,23,1.1x60x0.1,1.4x200x0.071,0.011719011297051964,,,,,,,,,,,,,,,25,FAIL
4944,4944,,,2024-08-29 06:13:37.717047,2024-08-29 06:13:37.724030,0 days 00:00:00.006983,0.01435,N95,35,21,1.4x200x0.071,1.1x60x0.1,0.01797630923126161,,,,,,,,,,,,,,,25,FAIL
4945,4945,,,2024-08-29 06:13:37.725025,2024-08-29 06:13:37.733004,0 days 00:00:00.007979,0.01435,N95,18,18,1.1x60x0.1,1.4x200x0.071,0.014594622014020044,,,,,,,,,,,,,,,25,FAIL
4946,4946,,,2024-08-29 06:13:37.735996,2024-08-29 06:13:37.750956,0 days 00:00:00.014960,0.01435,N95,26,21,1.1x60x0.1,1.1x60x0.1,0.012444218581555474,,,,,,,,,,,,,,,25,FAIL
4947,4947,3.693039237909526e-05,103.01921552582886,2024-08-29 06:13:37.753948,2024-08-29 06:13:37.978348,0 days 00:00:00.224400,0.01435,N95,23,21,1.1x60x0.1,1.1x60x0.1,0.016668556005276898,0.0002152973175079965,0.0014156377304357555,3.7605450211454966e-05,0.2325182838533611,0.2538619183511389,0.23152077220440578,4.105738083444143e-05,3.744412150203703e-05,5.0,98.94700132350508,1.4281705334425925,2.644043668881184,0.0108,0.008825,25,COMPLETE
4948,4948,,,2024-08-29 06:13:37.979345,2024-08-29 06:13:37.988320,0 days 00:00:00.008975,0.01435,N95,40,0,1.1x60x0.1,1.4x200x0.071,0.011561718326992196,,,,,,,,,,,,,,,25,FAIL
4949,4949,,,2024-08-29 06:13:37.989318,2024-08-29 06:13:37.996301,0 days 00:00:00.006983,0.01435,N95,27,18,1.1x60x0.1,1.4x200x0.071,0.01741385877142093,,,,,,,,,,,,,,,25,FAIL
4950,4950,,,2024-08-29 06:13:37.997297,2024-08-29 06:13:38.007270,0 days 00:00:00.009973,0.01435,N95,18,16,1.1x60x0.1,1.1x60x0.1,0.006774863434048135,,,,,,,,,,,,,,,25,FAIL
4951,4951,3.769765491772499e-05,151.44015691486948,2024-08-29 06:13:38.010262,2024-08-29 06:13:38.241644,0 days 00:00:00.231382,0.01435,N95,22,15,1.1x60x0.1,1.1x60x0.1,0.02006284101541149,0.00015616857121249726,0.0005164216285503456,3.850162050919795e-05,0.23805939500878825,0.2656149599122152,0.3241290810861681,4.295821380092312e-05,5.242177010285185e-05,5.0,147.59515166104794,1.2009615849403619,2.644043668881184,0.0082,0.008825,25,COMPLETE
4952,4952,,,2024-08-29 06:13:38.243638,2024-08-29 06:13:38.250742,0 days 00:00:00.007104,0.01435,N95,39,23,1.1x60x0.1,1.1x60x0.1,0.011305551006581163,,,,,,,,,,,,,,,25,FAIL
4953,4953,,,2024-08-29 06:13:38.252670,2024-08-29 06:13:38.264728,0 days 00:00:00.012058,0.01435,N95,35,21,1.1x60x0.1,1.1x60x0.1,0.013408102562090001,,,,,,,,,,,,,,,25,FAIL
4954,4954,3.427874539335446e-05,193.93490849475108,2024-08-29 06:13:38.265726,2024-08-29 06:13:38.479498,0 days 00:00:00.213772,0.01435,N95,18,14,1.1x60x0.1,1.1x60x0.1,0.016523519792895236,0.00010823854443616892,0.0004436730499310024,4.7697476639721074e-05,0.2949182990774419,0.3255017616021952,0.3472811583066086,5.264377530582438e-05,5.616618225305554e-05,4.0,190.78100408077879,1.03866947886734,2.1152349351049478,0.0082,0.008825,25,COMPLETE
4955,4955,4.067583161382763e-05,99.49714049652708,2024-08-29 06:13:38.482418,2024-08-29 06:13:38.689959,0 days 00:00:00.207541,0.01435,N95,30,16,1.1x60x0.1,1.1x60x0.1,0.023145907095336524,0.00029794893223033717,0.0005880741207878699,2.758481266046025e-05,0.1705596732431335,0.19624418128682214,0.30387101351828255,3.173879776836593e-05,4.91454094714236e-05,7.0,94.30239198422163,1.4930873758718013,3.7016611364336582,0.0082,0.008825,25,COMPLETE
4956,4956,,,2024-08-29 06:13:38.692951,2024-08-29 06:13:38.704918,0 days 00:00:00.011967,0.01435,N95,6,12,1.1x60x0.1,1.1x60x0.1,0.012297768205294345,,,,,,,,,,,,,,,25,FAIL
4957,4957,,,2024-08-29 06:13:38.706913,2024-08-29 06:13:38.714892,0 days 00:00:00.007979,0.01345,N95,23,16,1.1x60x0.1,1.1x60x0.1,0.0029829142632455596,,,,,,,,,,,,,,,25,FAIL
4958,4958,,,2024-08-29 06:13:38.715890,2024-08-29 06:13:38.728855,0 days 00:00:00.012965,0.01435,N95,26,12,1.1x60x0.1,1.1x60x0.1,0.006900490040228677,,,,,,,,,,,,,,,25,FAIL
4959,4959,,,2024-08-29 06:13:38.730849,2024-08-29 06:13:38.741821,0 days 00:00:00.010972,0.01435,N95,18,16,1.1x60x0.1,1.1x60x0.1,0.009740979624818569,,,,,,,,,,,,,,,25,FAIL
4960,4960,,,2024-08-29 06:13:38.743817,2024-08-29 06:13:38.753788,0 days 00:00:00.009971,0.01435,N95,26,19,1.1x60x0.1,1.1x60x0.1,0.00921660006509021,,,,,,,,,,,,,,,25,FAIL
4961,4961,4.470191701259027e-05,312.12871769920156,2024-08-29 06:13:38.755783,2024-08-29 06:13:38.958240,0 days 00:00:00.202457,0.0149,N95,18,9,1.1x60x0.1,1.4x200x0.071,0.018998658535081137,0.00010430253031938291,0.00017512898557025253,4.7697476639721074e-05,0.27354764849229546,0.3355573928715977,0.5010695516715946,5.8509882998425874e-05,8.736961683808638e-05,4.0,309.6962440575689,1.004434494442722,1.4280391471899618,0.005600000000000001,0.01105,25,COMPLETE
4962,4962,,,2024-08-29 06:13:38.961234,2024-08-29 06:13:38.973253,0 days 00:00:00.012019,0.012,N95,39,23,1.1x60x0.1,1.1x60x0.1,0.014642819794650711,,,,,,,,,,,,,,,25,FAIL
4963,4963,,,2024-08-29 06:13:38.975247,2024-08-29 06:13:38.990352,0 days 00:00:00.015105,0.01435,N95,34,16,1.1x60x0.1,1.1x60x0.1,0.014720142081562611,,,,,,,,,,,,,,,25,FAIL
4964,4964,,,2024-08-29 06:13:38.992347,2024-08-29 06:13:38.999404,0 days 00:00:00.007057,0.0149,N95,31,23,1.1x60x0.1,1.1x60x0.1,0.007278113296065845,,,,,,,,,,,,,,,25,FAIL
4965,4965,,,2024-08-29 06:13:39.000461,2024-08-29 06:13:39.009438,0 days 00:00:00.008977,0.01435,N95,17,23,1.1x60x0.1,1.1x60x0.1,0.021687147458601567,,,,,,,,,,,,,,,25,FAIL
4966,4966,,,2024-08-29 06:13:39.011433,2024-08-29 06:13:39.020479,0 days 00:00:00.009046,0.01435,N95,35,21,1.4x200x0.071,1.4x200x0.071,0.01002084642386517,,,,,,,,,,,,,,,25,FAIL
4967,4967,,,2024-08-29 06:13:39.021477,2024-08-29 06:13:39.033511,0 days 00:00:00.012034,0.01435,N95,34,23,1.4x200x0.071,1.1x60x0.1,0.01916477956686998,,,,,,,,,,,,,,,25,FAIL
4968,4968,,,2024-08-29 06:13:39.036556,2024-08-29 06:13:39.049571,0 days 00:00:00.013015,0.01435,N95,6,13,1.1x60x0.1,1.1x60x0.1,0.02197664225179658,,,,,,,,,,,,,,,25,FAIL
4969,4969,,,2024-08-29 06:13:39.051566,2024-08-29 06:13:39.059613,0 days 00:00:00.008047,0.01435,N95,34,23,1.1x60x0.1,1.1x60x0.1,0.008235497704477443,,,,,,,,,,,,,,,25,FAIL
4970,4970,,,2024-08-29 06:13:39.061609,2024-08-29 06:13:39.071581,0 days 00:00:00.009972,0.01435,N95,12,12,1.1x60x0.1,1.1x60x0.1,0.007815057945270952,,,,,,,,,,,,,,,25,FAIL
4971,4971,,,2024-08-29 06:13:39.073577,2024-08-29 06:13:39.080557,0 days 00:00:00.006980,0.01435,N95,27,18,1.1x60x0.1,1.4x200x0.071,0.009553848812661244,,,,,,,,,,,,,,,25,FAIL
4972,4972,3.687382825260629e-05,66.52331166904573,2024-08-29 06:13:39.082552,2024-08-29 06:13:39.278029,0 days 00:00:00.195477,0.01435,N95,31,23,1.1x60x0.1,1.1x60x0.1,0.016609999728227604,0.00036140336133726067,0.0018059278049162423,2.7446998889213458e-05,0.16970755682379857,0.18768347120642062,0.2113885311431531,3.0354264253976727e-05,3.418811093664251e-05,7.0,61.06889578702343,1.7527547455886363,3.7016611364336582,0.0108,0.008825,25,COMPLETE
4973,4973,,,2024-08-29 06:13:39.280024,2024-08-29 06:13:39.289998,0 days 00:00:00.009974,0.012,N95,5,23,1.1x60x0.1,1.4x200x0.071,0.01067263254506847,,,,,,,,,,,,,,,25,FAIL
4974,4974,,,2024-08-29 06:13:39.292990,2024-08-29 06:13:39.308947,0 days 00:00:00.015957,0.01435,N95,35,12,1.4x200x0.071,1.1x60x0.1,0.023110292593917788,,,,,,,,,,,,,,,25,FAIL
4975,4975,,,2024-08-29 06:13:39.310941,2024-08-29 06:13:39.323906,0 days 00:00:00.012965,0.01435,N95,3,23,1.1x60x0.1,1.1x60x0.1,0.012551087175183473,,,,,,,,,,,,,,,25,FAIL
4976,4976,,,2024-08-29 06:13:39.325901,2024-08-29 06:13:39.334877,0 days 00:00:00.008976,0.01345,N95,23,18,1.1x60x0.1,1.1x60x0.1,0.003410360494294983,,,,,,,,,,,,,,,25,FAIL
4977,4977,,,2024-08-29 06:13:39.335878,2024-08-29 06:13:39.348841,0 days 00:00:00.012963,0.01345,N95,22,16,1.4x200x0.071,1.1x60x0.1,0.007610495749005463,,,,,,,,,,,,,,,25,FAIL
4978,4978,,,2024-08-29 06:13:39.349838,2024-08-29 06:13:39.363799,0 days 00:00:00.013961,0.01435,N95,34,24,1.1x60x0.1,1.1x60x0.1,0.012407778271080177,,,,,,,,,,,,,,,25,FAIL
4979,4979,3.5181519131357375e-05,116.73575278107398,2024-08-29 06:13:39.365795,2024-08-29 06:13:39.553293,0 days 00:00:00.187498,0.01435,N95,34,12,1.1x60x0.1,1.1x60x0.1,0.018758088615868793,0.00039308305921335326,0.0002846887138734379,2.412419716454984e-05,0.14916233930188658,0.26740665138165853,0.40516135135771003,4.324798612863792e-05,6.552721262856479e-05,8.0,111.01219553499229,1.4930873758718013,4.2304698702098955,0.006900000000000001,0.008825,25,COMPLETE
4980,4980,4.273937051399144e-05,118.56204647554753,2024-08-29 06:13:39.555287,2024-08-29 06:13:39.774812,0 days 00:00:00.219525,0.01435,N95,23,21,1.1x60x0.1,1.1x60x0.1,0.02268212245019658,0.00021179541905764804,0.0014156377304357555,3.7605450211454966e-05,0.2325182838533611,0.2538619183511389,0.23152077220440578,4.105738083444143e-05,3.744412150203703e-05,5.0,114.48983227322375,1.4281705334425925,2.644043668881184,0.0108,0.008825,25,COMPLETE
