,number,values_0,values_1,datetime_start,datetime_complete,duration,params_core_inner_diameter,params_material,params_n_p_bot,params_n_p_top,params_primary_litz_wire,params_secondary_litz_wire,params_window_h_bot,user_attrs_air_gap_bot,user_attrs_air_gap_top,user_attrs_flux_bot_max,user_attrs_flux_density_bot_max,user_attrs_flux_density_mid_max,user_attrs_flux_density_top_max,user_attrs_flux_mid_max,user_attrs_flux_top_max,user_attrs_n_s_bot,user_attrs_p_hyst,user_attrs_primary_litz_wire_loss,user_attrs_secondary_litz_wire_loss,user_attrs_window_h_top,user_attrs_window_w,system_attrs_nsga2:generation,state
4194,4194,,,2024-08-29 06:12:34.465473,2024-08-29 06:12:34.475447,0 days 00:00:00.009974,0.01435,N95,31,20,1.1x60x0.1,1.1x60x0.1,0.01588534839340191,,,,,,,,,,,,,,,19,FAIL
4195,4195,,,2024-08-29 06:12:34.478443,2024-08-29 06:12:34.489410,0 days 00:00:00.010967,0.01435,N95,31,15,1.1x60x0.1,1.1x60x0.1,0.012234103747504258,,,,,,,,,,,,,,,19,FAIL
4196,4196,3.627541731082837e-05,112.477355438985,2024-08-29 06:12:34.491404,2024-08-29 06:12:34.698850,0 days 00:00:00.207446,0.01435,N95,23,17,1.1x60x0.1,1.1x60x0.1,0.017290513154826548,0.00019955190638410627,0.000775060706009103,3.7605450211454966e-05,0.2325182838533611,0.2593575379908458,0.2859962480172071,4.194619373688151e-05,4.625450303192809e-05,5.0,108.53497492151965,1.2983368485841749,2.644043668881184,0.009500000000000001,0.008825,19,COMPLETE
4197,4197,4.2279463203003656e-05,87.64513915958283,2024-08-29 06:12:34.699847,2024-08-29 06:12:34.913275,0 days 00:00:00.213428,0.01435,N95,34,16,1.1x60x0.1,1.1x60x0.1,0.024806017512476956,0.0003952200177791533,0.0005789481717213678,2.412419716454984e-05,0.14916233930188658,0.1750946322417285,0.30387101351828255,2.8318256809481255e-05,4.91454094714236e-05,8.0,81.7917482286427,1.622921060730219,4.2304698702098955,0.0082,0.008825,19,COMPLETE
4198,4198,,,2024-08-29 06:12:34.915270,2024-08-29 06:12:34.924246,0 days 00:00:00.008976,0.01435,N95,26,0,1.1x60x0.1,1.1x60x0.1,0.021357474810132976,,,,,,,,,,,,,,,19,FAIL
4199,4199,2.9262461873198374e-05,169.66675009297782,2024-08-29 06:12:34.925244,2024-08-29 06:12:35.171584,0 days 00:00:00.246340,0.01435,N95,18,14,1.1x60x0.1,1.1x60x0.1,0.01133056613486716,0.00011164586560235837,0.0004436730499310024,4.7697476639721074e-05,0.2949182990774419,0.3255017616021952,0.3472811583066086,5.264377530582438e-05,5.616618225305554e-05,4.0,166.51284567900552,1.03866947886734,2.1152349351049478,0.0082,0.008825,19,COMPLETE
4200,4200,3.6885552312618475e-05,68.90959872360492,2024-08-29 06:12:35.172582,2024-08-29 06:12:35.381024,0 days 00:00:00.208442,0.01435,N95,31,21,1.1x60x0.1,1.1x60x0.1,0.016622136701762408,0.00035469761155859127,0.0013785224971616305,2.7446998889213458e-05,0.16970755682379857,0.18971446107326884,0.23152077220440578,3.068273858748719e-05,3.744412150203703e-05,7.0,63.52009968401183,1.6878379031594277,3.7016611364336582,0.0108,0.008825,20,COMPLETE
4201,4201,,,2024-08-29 06:12:35.383019,2024-08-29 06:12:35.393991,0 days 00:00:00.010972,0.01345,N95,23,22,1.1x60x0.1,1.1x60x0.1,0.009373653747730321,,,,,,,,,,,,,,,20,FAIL
4202,4202,3.318565227788594e-05,177.1579322928997,2024-08-29 06:12:35.394988,2024-08-29 06:12:35.604427,0 days 00:00:00.209439,0.01435,N95,18,16,1.1x60x0.1,1.1x60x0.1,0.015391928671753636,0.0001133152357480437,0.0006157428614636193,4.7697476639721074e-05,0.2949182990774419,0.32112243970180376,0.30387101351828255,5.193550252419244e-05,4.91454094714236e-05,4.0,173.9391110364982,1.1035863212965487,2.1152349351049478,0.0082,0.008825,20,COMPLETE
4203,4203,,,2024-08-29 06:12:35.607419,2024-08-29 06:12:35.622379,0 days 00:00:00.014960,0.01435,N95,3,13,1.1x60x0.1,1.1x60x0.1,0.007615490891317079,,,,,,,,,,,,,,,20,FAIL
4204,4204,4.192599481588737e-05,54.81891093548579,2024-08-29 06:12:35.623377,2024-08-29 06:12:35.839796,0 days 00:00:00.216419,0.01435,N95,39,23,1.1x60x0.1,1.1x60x0.1,0.021840100206069267,0.0005748680234366636,0.0017604151359143965,2.144811601917549e-05,0.13261586021771274,0.15049452765135674,0.2113885311431531,2.4339653522725416e-05,3.418811093664251e-05,9.0,48.04721021619419,2.0124221153054713,4.759278603986133,0.0108,0.008825,20,COMPLETE
4205,4205,,,2024-08-29 06:12:35.841792,2024-08-29 06:12:35.853759,0 days 00:00:00.011967,0.0149,N95,5,20,1.1x60x0.1,1.1x60x0.1,0.009518733196359937,,,,,,,,,,,,,,,20,FAIL
4206,4206,4.58648431248881e-05,169.7029799844578,2024-08-29 06:12:35.855754,2024-08-29 06:12:36.073171,0 days 00:00:00.217417,0.0149,N95,35,10,1.4x200x0.071,1.1x60x0.1,0.019329314856400756,0.00045224143120922163,0.00022492957423447989,2.409555951986295e-05,0.1381893573857453,0.34532544107635077,0.4509625965044352,6.021310089713504e-05,7.863265515427775e-05,8.0,163.8682486858416,0.9861010198690482,4.848630278747189,0.006200000000000001,0.01105,20,COMPLETE
4207,4207,3.350182335489925e-05,110.76781548766336,2024-08-29 06:12:36.075166,2024-08-29 06:12:36.297572,0 days 00:00:00.222406,0.01435,N95,23,16,1.1x60x0.1,1.1x60x0.1,0.015719235081836265,0.00019661903399831166,0.0006533138571469244,3.7605450211454966e-05,0.2325182838533611,0.26116078818512467,0.30387101351828255,4.223783547049466e-05,4.91454094714236e-05,5.0,106.8578933914126,1.2658784273695707,2.644043668881184,0.0082,0.008825,20,COMPLETE
4208,4208,,,2024-08-29 06:12:36.298569,2024-08-29 06:12:36.308543,0 days 00:00:00.009974,0.01345,N95,23,16,1.1x60x0.1,1.1x60x0.1,0.009306892840594355,,,,,,,,,,,,,,,20,FAIL
4209,4209,,,2024-08-29 06:12:36.309543,2024-08-29 06:12:36.314527,0 days 00:00:00.004984,0.01435,N95,39,23,1.1x60x0.1,1.1x60x0.1,0.013551599588771673,,,,,,,,,,,,,,,20,FAIL
4210,4210,3.736479230624258e-05,91.24520227917476,2024-08-29 06:12:36.315525,2024-08-29 06:12:36.533939,0 days 00:00:00.218414,0.0149,N95,23,20,1.1x60x0.1,1.1x60x0.1,0.010526968652066423,0.000231973194278385,0.0012566029363456335,3.7605450211454966e-05,0.21566932258363924,0.23654952986534225,0.2254812982522176,4.124625357620995e-05,3.931632757713888e-05,5.0,86.6151534193638,1.5996549355939647,3.030393924216993,0.0082,0.01105,20,COMPLETE
4211,4211,3.040711863205905e-05,168.4760466777494,2024-08-29 06:12:36.535935,2024-08-29 06:12:36.731414,0 days 00:00:00.195479,0.01435,N95,18,15,1.1x60x0.1,1.1x60x0.1,0.012515536936303669,0.00011303879919308406,0.0005246583744754121,4.7697476639721074e-05,0.2949182990774419,0.32316612325531974,0.3241290810861681,5.2266029822287344e-05,5.242177010285185e-05,4.0,165.2896838425625,1.0711279000819447,2.1152349351049478,0.0082,0.008825,20,COMPLETE
4212,4212,4.0272131596159835e-05,118.90469232511936,2024-08-29 06:12:36.732409,2024-08-29 06:12:36.932875,0 days 00:00:00.200466,0.01435,N95,23,18,1.1x60x0.1,1.4x200x0.071,0.02142798903407256,0.00020092246940456334,0.0008998346701759908,3.7605450211454966e-05,0.2325182838533611,0.25775464892926464,0.27010756757180665,4.168695664033649e-05,4.368480841904319e-05,5.0,116.08060253442906,1.3307952697987795,1.493294520891507,0.009500000000000001,0.008825,20,COMPLETE
4213,4213,,,2024-08-29 06:12:36.933871,2024-08-29 06:12:36.939854,0 days 00:00:00.005983,0.01435,N95,39,21,1.1x60x0.1,1.1x60x0.1,0.007489777338087136,,,,,,,,,,,,,,,20,FAIL
4214,4214,3.423854559089637e-05,193.7404251885506,2024-08-29 06:12:36.940853,2024-08-29 06:12:37.151289,0 days 00:00:00.210436,0.01435,N95,18,14,1.1x60x0.1,1.1x60x0.1,0.016481904180382916,0.00010826655261549747,0.0004436730499310024,4.7697476639721074e-05,0.2949182990774419,0.3255017616021952,0.3472811583066086,5.264377530582438e-05,5.616618225305554e-05,4.0,190.5865207745783,1.03866947886734,2.1152349351049478,0.0082,0.008825,20,COMPLETE
4215,4215,4.7038114106083495e-05,67.37329390506801,2024-08-29 06:12:37.154280,2024-08-29 06:12:37.354744,0 days 00:00:00.200464,0.0149,N95,34,21,1.1x60x0.1,1.1x60x0.1,0.01826824987877535,0.00043478287906250935,0.0012941356890876715,2.412419716454984e-05,0.13835359585105508,0.15563678611057344,0.2147440935735406,2.7137802173428026e-05,3.744412150203703e-05,8.0,60.478593359863424,2.0460702664573964,4.848630278747189,0.0082,0.01105,20,COMPLETE
4216,4216,,,2024-08-29 06:12:37.356739,2024-08-29 06:12:37.367710,0 days 00:00:00.010971,0.012,N95,34,21,1.1x60x0.1,1.1x60x0.1,0.015669901226707892,,,,,,,,,,,,,,,20,FAIL
4217,4217,,,2024-08-29 06:12:37.369769,2024-08-29 06:12:37.381783,0 days 00:00:00.012014,0.01435,N95,37,16,1.1x60x0.1,1.1x60x0.1,0.021130062631221226,,,,,,,,,,,,,,,20,FAIL
4218,4218,,,2024-08-29 06:12:37.383778,2024-08-29 06:12:37.398843,0 days 00:00:00.015065,0.01435,N95,38,23,1.1x60x0.1,1.1x60x0.1,0.00647672483921082,,,,,,,,,,,,,,,20,FAIL
4219,4219,4.155389888160602e-05,69.3529801843629,2024-08-29 06:12:37.399841,2024-08-29 06:12:37.587483,0 days 00:00:00.187642,0.01435,N95,34,23,1.1x60x0.1,1.1x60x0.1,0.021454899302791063,0.00040219324487723347,0.0016709731681355863,2.412419716454984e-05,0.14916233930188658,0.16576477254089456,0.2113885311431531,2.680932783991756e-05,3.418811093664251e-05,8.0,63.27238030492056,1.8501300092324493,4.2304698702098955,0.0108,0.008825,20,COMPLETE
4220,4220,,,2024-08-29 06:12:37.588482,2024-08-29 06:12:37.594551,0 days 00:00:00.006069,0.01435,N95,31,23,1.1x60x0.1,1.4x200x0.071,0.021995062909246507,,,,,,,,,,,,,,,20,FAIL
4221,4221,,,2024-08-29 06:12:37.595550,2024-08-29 06:12:37.603527,0 days 00:00:00.007977,0.0149,N95,15,23,1.1x60x0.1,1.1x60x0.1,0.014055760520625092,,,,,,,,,,,,,,,20,FAIL
4222,4222,,,2024-08-29 06:12:37.604524,2024-08-29 06:12:37.610508,0 days 00:00:00.005984,0.01345,N95,18,9,1.1x60x0.1,1.1x60x0.1,0.004058622714170863,,,,,,,,,,,,,,,20,FAIL
4223,4223,,,2024-08-29 06:12:37.612505,2024-08-29 06:12:37.624472,0 days 00:00:00.011967,0.01435,N95,39,23,1.1x60x0.1,1.4x200x0.071,0.016995329435766617,,,,,,,,,,,,,,,20,FAIL
4224,4224,,,2024-08-29 06:12:37.626467,2024-08-29 06:12:37.639431,0 days 00:00:00.012964,0.012,N95,15,15,1.1x60x0.1,1.1x60x0.1,0.007423059304730823,,,,,,,,,,,,,,,20,FAIL
4225,4225,,,2024-08-29 06:12:37.640429,2024-08-29 06:12:37.646412,0 days 00:00:00.005983,0.01435,N95,26,12,1.1x60x0.1,1.4x200x0.071,0.010308880875191506,,,,,,,,,,,,,,,20,FAIL
4226,4226,,,2024-08-29 06:12:37.647413,2024-08-29 06:12:37.653396,0 days 00:00:00.005983,0.01435,N95,18,12,1.1x60x0.1,1.1x60x0.1,0.010164933530895325,,,,,,,,,,,,,,,20,FAIL
4227,4227,3.0873464774653674e-05,165.97186166057273,2024-08-29 06:12:37.654391,2024-08-29 06:12:37.845878,0 days 00:00:00.191487,0.01435,N95,18,16,1.1x60x0.1,1.1x60x0.1,0.012998307476956576,0.00011488316416082188,0.0006157428614636193,4.7697476639721074e-05,0.2949182990774419,0.32112243970180376,0.30387101351828255,5.193550252419244e-05,4.91454094714236e-05,4.0,162.75304040417123,1.1035863212965487,2.1152349351049478,0.0082,0.008825,20,COMPLETE
4228,4228,3.707032087795508e-05,142.68505800732677,2024-08-29 06:12:37.848871,2024-08-29 06:12:38.063298,0 days 00:00:00.214427,0.01435,N95,34,11,1.1x60x0.1,1.1x60x0.1,0.020713412691924837,0.00039191296857858714,0.00023261336448060943,2.412419716454984e-05,0.14916233930188658,0.30419265983345417,0.4419942014811383,4.919742970093171e-05,7.148423195843433e-05,8.0,136.99395918245966,1.460628954657197,4.2304698702098955,0.006900000000000001,0.008825,20,COMPLETE
4229,4229,,,2024-08-29 06:12:38.064295,2024-08-29 06:12:38.073270,0 days 00:00:00.008975,0.01435,N95,10,23,1.1x60x0.1,1.1x60x0.1,0.012306520105222835,,,,,,,,,,,,,,,20,FAIL
4230,4230,,,2024-08-29 06:12:38.075265,2024-08-29 06:12:38.084241,0 days 00:00:00.008976,0.01435,N95,34,17,1.1x60x0.1,1.1x60x0.1,0.014154953796858138,,,,,,,,,,,,,,,20,FAIL
4231,4231,,,2024-08-29 06:12:38.086237,2024-08-29 06:12:38.099202,0 days 00:00:00.012965,0.01345,N95,18,9,1.1x60x0.1,1.4x200x0.071,0.008611069954223819,,,,,,,,,,,,,,,20,FAIL
4232,4232,,,2024-08-29 06:12:38.101197,2024-08-29 06:12:38.111169,0 days 00:00:00.009972,0.01435,N95,23,14,1.4x200x0.071,1.1x60x0.1,0.011109099370884784,,,,,,,,,,,,,,,20,FAIL
4233,4233,,,2024-08-29 06:12:38.112167,2024-08-29 06:12:38.126128,0 days 00:00:00.013961,0.0149,N95,33,21,1.4x200x0.071,1.1x60x0.1,0.018631402971510412,,,,,,,,,,,,,,,20,FAIL
4234,4234,,,2024-08-29 06:12:38.129120,2024-08-29 06:12:38.138097,0 days 00:00:00.008977,0.01435,N95,27,21,1.1x60x0.1,1.1x60x0.1,0.008620327521305772,,,,,,,,,,,,,,,20,FAIL
4235,4235,,,2024-08-29 06:12:38.140092,2024-08-29 06:12:38.149068,0 days 00:00:00.008976,0.01435,N95,34,15,1.1x60x0.1,1.1x60x0.1,0.01726866284201467,,,,,,,,,,,,,,,20,FAIL
4236,4236,4.035150453335964e-05,130.5825184006199,2024-08-29 06:12:38.150066,2024-08-29 06:12:38.323600,0 days 00:00:00.173534,0.01435,N95,31,12,1.1x60x0.1,1.1x60x0.1,0.02411015743283311,0.0003220383855374537,0.0003178636648128234,2.7446998889213458e-05,0.16970755682379857,0.2871275625927737,0.40516135135771003,4.643747184298208e-05,6.552721262856479e-05,7.0,125.48514515195826,1.395712112227988,3.7016611364336582,0.006900000000000001,0.008825,20,COMPLETE
4237,4237,3.975036321153181e-05,83.8576589697826,2024-08-29 06:12:38.325595,2024-08-29 06:12:38.528055,0 days 00:00:00.202460,0.01435,N95,34,16,1.1x60x0.1,1.1x60x0.1,0.022187844317229845,0.0003959362368544383,0.0005789481717213678,2.412419716454984e-05,0.14916233930188658,0.1750946322417285,0.30387101351828255,2.8318256809481255e-05,4.91454094714236e-05,8.0,78.00426803884248,1.622921060730219,4.2304698702098955,0.0082,0.008825,20,COMPLETE
4238,4238,,,2024-08-29 06:12:38.530049,2024-08-29 06:12:38.544012,0 days 00:00:00.013963,0.01435,N95,22,16,1.1x60x0.1,1.1x60x0.1,0.007034771936635077,,,,,,,,,,,,,,,20,FAIL
4239,4239,,,2024-08-29 06:12:38.546006,2024-08-29 06:12:38.552988,0 days 00:00:00.006982,0.012,N95,23,17,1.1x60x0.1,1.1x60x0.1,0.005433960957333707,,,,,,,,,,,,,,,20,FAIL
4240,4240,4.242965165950522e-05,77.44938263623511,2024-08-29 06:12:38.554981,2024-08-29 06:12:38.777387,0 days 00:00:00.222406,0.01435,N95,34,19,1.1x60x0.1,1.1x60x0.1,0.023661495505586702,0.0003981836932931371,0.0009299288750544886,2.412419716454984e-05,0.14916233930188658,0.17025432908866428,0.25589137980486953,2.753542899820385e-05,4.1385607975935666e-05,8.0,71.49861644165118,1.7202963243740321,4.2304698702098955,0.009500000000000001,0.008825,20,COMPLETE
4241,4241,,,2024-08-29 06:12:38.780379,2024-08-29 06:12:38.791350,0 days 00:00:00.010971,0.01435,N95,26,23,1.1x60x0.1,1.1x60x0.1,0.0067195845273790725,,,,,,,,,,,,,,,20,FAIL
4242,4242,,,2024-08-29 06:12:38.793344,2024-08-29 06:12:38.802320,0 days 00:00:00.008976,0.01435,N95,34,11,1.1x60x0.1,1.4x200x0.071,0.02217948050582167,,,,,,,,,,,,,,,20,FAIL
4243,4243,,,2024-08-29 06:12:38.804315,2024-08-29 06:12:38.814288,0 days 00:00:00.009973,0.01435,N95,12,5,1.1x60x0.1,1.1x60x0.1,0.016458133181010668,,,,,,,,,,,,,,,20,FAIL
4244,4244,,,2024-08-29 06:12:38.816283,2024-08-29 06:12:38.826256,0 days 00:00:00.009973,0.01435,N95,22,8,1.4x200x0.071,1.1x60x0.1,0.008124365538792927,,,,,,,,,,,,,,,20,FAIL
4245,4245,3.116827210199293e-05,172.1583962279433,2024-08-29 06:12:38.827254,2024-08-29 06:12:39.013754,0 days 00:00:00.186500,0.01435,N95,18,15,1.1x60x0.1,1.1x60x0.1,0.013303497720444299,0.00011252891982058289,0.0005246583744754121,4.7697476639721074e-05,0.2949182990774419,0.32316612325531974,0.3241290810861681,5.2266029822287344e-05,5.242177010285185e-05,4.0,168.97203339275643,1.0711279000819447,2.1152349351049478,0.0082,0.008825,20,COMPLETE
4246,4246,,,2024-08-29 06:12:39.015748,2024-08-29 06:12:39.025722,0 days 00:00:00.009974,0.0149,N95,29,14,1.4x200x0.071,1.1x60x0.1,0.014353442467058025,,,,,,,,,,,,,,,20,FAIL
4247,4247,,,2024-08-29 06:12:39.026720,2024-08-29 06:12:39.039814,0 days 00:00:00.013094,0.01435,N95,26,21,1.1x60x0.1,1.4x200x0.071,0.006542179122825997,,,,,,,,,,,,,,,20,FAIL
4248,4248,,,2024-08-29 06:12:39.040813,2024-08-29 06:12:39.046859,0 days 00:00:00.006046,0.01435,N95,11,15,1.1x60x0.1,1.1x60x0.1,0.017752491065332256,,,,,,,,,,,,,,,20,FAIL
4249,4249,,,2024-08-29 06:12:39.047857,2024-08-29 06:12:39.056831,0 days 00:00:00.008974,0.012,N95,23,22,1.1x60x0.1,1.1x60x0.1,0.015426783112131161,,,,,,,,,,,,,,,20,FAIL
4250,4250,,,2024-08-29 06:12:39.057876,2024-08-29 06:12:39.063950,0 days 00:00:00.006074,0.01435,N95,34,15,1.1x60x0.1,1.1x60x0.1,0.015290059310700205,,,,,,,,,,,,,,,20,FAIL
4251,4251,3.4449212501978005e-05,111.21472272623826,2024-08-29 06:12:39.064859,2024-08-29 06:12:39.270619,0 days 00:00:00.205760,0.01435,N95,26,15,1.1x60x0.1,1.1x60x0.1,0.01669999063864052,0.0002208877084129336,0.0005082272858830169,3.217217402876327e-05,0.19892379032656934,0.2264526379304322,0.3241290810861681,3.662444630081682e-05,5.242177010285185e-05,6.0,106.71107505378205,1.3307952697987795,3.172852402657422,0.0082,0.008825,20,COMPLETE
4252,4252,3.735157907409695e-05,121.06846123642596,2024-08-29 06:12:39.271615,2024-08-29 06:12:39.488036,0 days 00:00:00.216421,0.01435,N95,23,16,1.1x60x0.1,1.1x60x0.1,0.019704576612910675,0.00019428177006844576,0.0006533138571469244,3.7605450211454966e-05,0.2325182838533611,0.26116078818512467,0.30387101351828255,4.223783547049466e-05,4.91454094714236e-05,5.0,117.15853914017521,1.2658784273695707,2.644043668881184,0.0082,0.008825,20,COMPLETE
4253,4253,3.9482192060350993e-05,102.82694118752732,2024-08-29 06:12:39.489034,2024-08-29 06:12:39.678526,0 days 00:00:00.189492,0.01435,N95,26,21,1.1x60x0.1,1.1x60x0.1,0.019310228358142528,0.0002288334921166502,0.0013056874044952748,3.217217402876327e-05,0.19892379032656934,0.21711008454293046,0.23152077220440578,3.511346436666869e-05,3.744412150203703e-05,6.0,98.12854298778349,1.5255457970864057,3.172852402657422,0.0108,0.008825,20,COMPLETE
4254,4254,,,2024-08-29 06:12:39.680521,2024-08-29 06:12:39.690494,0 days 00:00:00.009973,0.012,N95,34,16,1.1x60x0.1,1.1x60x0.1,0.011174569032090324,,,,,,,,,,,,,,,20,FAIL
4255,4255,2.971509578834158e-05,197.0473245437278,2024-08-29 06:12:39.691492,2024-08-29 06:12:39.907913,0 days 00:00:00.216421,0.01435,N95,18,12,1.1x60x0.1,1.1x60x0.1,0.013099141512623584,0.00010621207971473762,0.000306709972857329,4.7697476639721074e-05,0.2949182990774419,0.33134085746938374,0.40516135135771003,5.358813901466696e-05,6.552721262856479e-05,4.0,193.95833697218472,0.9737526364381314,2.1152349351049478,0.006900000000000001,0.008825,20,COMPLETE
4256,4256,4.246111154885994e-05,87.91717392820946,2024-08-29 06:12:39.909908,2024-08-29 06:12:40.130588,0 days 00:00:00.220680,0.01435,N95,34,16,1.1x60x0.1,1.1x60x0.1,0.02499406339112374,0.0003951611303474562,0.0005789481717213678,2.412419716454984e-05,0.14916233930188658,0.1750946322417285,0.30387101351828255,2.8318256809481255e-05,4.91454094714236e-05,8.0,82.06378299726934,1.622921060730219,4.2304698702098955,0.0082,0.008825,20,COMPLETE
4257,4257,,,2024-08-29 06:12:40.132583,2024-08-29 06:12:40.140622,0 days 00:00:00.008039,0.01435,N95,39,21,1.1x60x0.1,1.1x60x0.1,0.009658584421501823,,,,,,,,,,,,,,,20,FAIL
4258,4258,,,2024-08-29 06:12:40.142617,2024-08-29 06:12:40.151593,0 days 00:00:00.008976,0.01435,N95,18,16,1.1x60x0.1,1.1x60x0.1,0.009369907156616007,,,,,,,,,,,,,,,20,FAIL
4259,4259,4.2992079669819086e-05,103.10169136654379,2024-08-29 06:12:40.152590,2024-08-29 06:12:40.372999,0 days 00:00:00.220409,0.01435,N95,27,18,1.1x60x0.1,1.1x60x0.1,0.02424373185283487,0.0002622991488810698,0.0008873596840929406,3.179831775981402e-05,0.19661219938496108,0.220893904979589,0.27010756757180665,3.5725426009777945e-05,4.368480841904319e-05,6.0,98.46821000922917,1.460628954657197,3.172852402657422,0.009500000000000001,0.008825,20,COMPLETE
4260,4260,,,2024-08-29 06:12:40.374994,2024-08-29 06:12:40.385965,0 days 00:00:00.010971,0.012,N95,31,21,1.1x60x0.1,1.1x60x0.1,0.010903093584639081,,,,,,,,,,,,,,,20,FAIL
4261,4261,3.8629982129188745e-05,115.66155034850529,2024-08-29 06:12:40.386961,2024-08-29 06:12:40.572466,0 days 00:00:00.185505,0.01435,N95,23,18,1.1x60x0.1,1.1x60x0.1,0.01972800416534029,0.00020196118340051525,0.0008998346701759908,3.7605450211454966e-05,0.2325182838533611,0.25775464892926464,0.27010756757180665,4.168695664033649e-05,4.368480841904319e-05,5.0,111.68671140982532,1.3307952697987795,2.644043668881184,0.009500000000000001,0.008825,20,COMPLETE
4262,4262,3.740048438473375e-05,94.40019653464451,2024-08-29 06:12:40.575458,2024-08-29 06:12:40.782121,0 days 00:00:00.206663,0.01435,N95,34,14,1.1x60x0.1,1.1x60x0.1,0.01975520433575527,0.00039467341034417716,0.0004147251241267217,2.412419716454984e-05,0.14916233930188658,0.20960006667169415,0.3472811583066086,3.389886051503342e-05,5.616618225305554e-05,8.0,88.6117224461336,1.5580042183010103,4.2304698702098955,0.0082,0.008825,20,COMPLETE
4263,4263,,,2024-08-29 06:12:40.783119,2024-08-29 06:12:40.794163,0 days 00:00:00.011044,0.0149,N95,13,5,1.1x60x0.1,1.1x60x0.1,0.009010929878329209,,,,,,,,,,,,,,,20,FAIL
4264,4264,,,2024-08-29 06:12:40.796160,2024-08-29 06:12:40.809191,0 days 00:00:00.013031,0.01435,N95,15,15,1.1x60x0.1,1.1x60x0.1,0.02432097418180447,,,,,,,,,,,,,,,20,FAIL
4265,4265,,,2024-08-29 06:12:40.811186,2024-08-29 06:12:40.821160,0 days 00:00:00.009974,0.01435,N95,10,8,1.1x60x0.1,1.1x60x0.1,0.007297017741789465,,,,,,,,,,,,,,,20,FAIL
4266,4266,4.403027487242929e-05,207.6832772448116,2024-08-29 06:12:40.822158,2024-08-29 06:12:41.028605,0 days 00:00:00.206447,0.01435,N95,18,23,1.1x60x0.1,1.1x60x0.1,0.02401849159348328,0.00012271083483144176,0.0017604151359143986,4.7697476639721074e-05,0.2949182990774419,0.31204497883548,0.2113885311431531,5.046739430922621e-05,3.418811093664251e-05,4.0,204.23724703990786,1.3307952697987795,2.1152349351049478,0.0108,0.008825,20,COMPLETE
4267,4267,3.8177033204348956e-05,87.75394755609791,2024-08-29 06:12:41.030599,2024-08-29 06:12:41.268064,0 days 00:00:00.237465,0.01435,N95,34,15,1.1x60x0.1,1.1x60x0.1,0.020559102683457252,0.00039540523962375317,0.0004919656916685144,2.412419716454984e-05,0.14916233930188658,0.18647743278770848,0.3241290810861681,3.0159210269591635e-05,5.242177010285185e-05,8.0,81.93301504637239,1.5904626395156145,4.2304698702098955,0.0082,0.008825,20,COMPLETE
4268,4268,,,2024-08-29 06:12:41.271056,2024-08-29 06:12:41.280032,0 days 00:00:00.008976,0.01435,N95,23,15,1.1x60x0.1,1.1x60x0.1,0.007993769194404757,,,,,,,,,,,,,,,20,FAIL
